Error in <TNetXNGFile::ReadBuffer>: [ERROR] Invalid session
Error in <TBranch::GetBasket>: File: root://xrootd-cms.infn.it//store/mc/RunIIAutumn18NanoAODv7/GluGluToRadionToHHTo2B2Tau_M-2000_narrow_TuneCP5_PSWeights_13TeV-madgraph-pythia8/NANOAODSIM/Nano02Apr2020_102X_upgrade2018_realistic_v21-v1/120000/3051FFA7-EF1B-B14A-9DE1-41436E22E625.root at byte:26647693, branch:GenPart_mass, entry:12678, badread=1, nerrors=1, basketnumber=21
 *** Break *** segmentation violation



===========================================================
There was a crash.
This is the entire stack trace of all threads:
===========================================================

Thread 6 (Thread 0x2b28ddcc8700 (LWP 521) "python3"):
#0  0x00002b289f97fb3b in do_futex_wait.constprop () from /cvmfs/sft.cern.ch/lcg/views/LCG_100/x86_64-centos7-gcc10-opt/lib/julia/libpthread.so.0
#1  0x00002b289f97fbcf in __new_sem_wait_slow.constprop.0 () from /cvmfs/sft.cern.ch/lcg/views/LCG_100/x86_64-centos7-gcc10-opt/lib/julia/libpthread.so.0
#2  0x00002b289f97fc6b in sem_wait

GLIBC_2.2.5 () from /cvmfs/sft.cern.ch/lcg/views/LCG_100/x86_64-centos7-gcc10-opt/lib/julia/libpthread.so.0
#3  0x00002b28dd465c66 in XrdSysSemaphore::Wait (this=0xad75720) at /build/jenkins/workspace/lcg_release_pipeline/build/externals/xrootd-5.1.1/src/xrootd/5.1.1/src/./XrdSys/XrdSysPthread.hh:421
#4  XrdCl::SyncQueue<XrdCl::JobManager::JobHelper>::Get (this=0xabdf6b8) at /build/jenkins/workspace/lcg_release_pipeline/build/externals/xrootd-5.1.1/src/xrootd/5.1.1/src/./XrdCl/XrdClSyncQueue.hh:67
#5  XrdCl::JobManager::RunJobs (this=0xabdf6a0) at /build/jenkins/workspace/lcg_release_pipeline/build/externals/xrootd-5.1.1/src/xrootd/5.1.1/src/XrdCl/XrdClJobManager.cc:147
#6  0x00002b28dd465d09 in RunRunnerThread (arg=<optimized out>) at /build/jenkins/workspace/lcg_release_pipeline/build/externals/xrootd-5.1.1/src/xrootd/5.1.1/src/XrdCl/XrdClJobManager.cc:34
#7  0x00002b289f979ea5 in start_thread () from /cvmfs/sft.cern.ch/lcg/views/LCG_100/x86_64-centos7-gcc10-opt/lib/julia/libpthread.so.0
#8  0x00002b28a0395b0d in clone () from /lib64/libc.so.6

Thread 5 (Thread 0x2b28ddac7700 (LWP 520) "python3"):
#0  0x00002b289f97fb3b in do_futex_wait.constprop () from /cvmfs/sft.cern.ch/lcg/views/LCG_100/x86_64-centos7-gcc10-opt/lib/julia/libpthread.so.0
#1  0x00002b289f97fbcf in __new_sem_wait_slow.constprop.0 () from /cvmfs/sft.cern.ch/lcg/views/LCG_100/x86_64-centos7-gcc10-opt/lib/julia/libpthread.so.0
#2  0x00002b289f97fc6b in sem_wait

GLIBC_2.2.5 () from /cvmfs/sft.cern.ch/lcg/views/LCG_100/x86_64-centos7-gcc10-opt/lib/julia/libpthread.so.0
#3  0x00002b28dd465c66 in XrdSysSemaphore::Wait (this=0xad75720) at /build/jenkins/workspace/lcg_release_pipeline/build/externals/xrootd-5.1.1/src/xrootd/5.1.1/src/./XrdSys/XrdSysPthread.hh:421
#4  XrdCl::SyncQueue<XrdCl::JobManager::JobHelper>::Get (this=0xabdf6b8) at /build/jenkins/workspace/lcg_release_pipeline/build/externals/xrootd-5.1.1/src/xrootd/5.1.1/src/./XrdCl/XrdClSyncQueue.hh:67
#5  XrdCl::JobManager::RunJobs (this=0xabdf6a0) at /build/jenkins/workspace/lcg_release_pipeline/build/externals/xrootd-5.1.1/src/xrootd/5.1.1/src/XrdCl/XrdClJobManager.cc:147
#6  0x00002b28dd465d09 in RunRunnerThread (arg=<optimized out>) at /build/jenkins/workspace/lcg_release_pipeline/build/externals/xrootd-5.1.1/src/xrootd/5.1.1/src/XrdCl/XrdClJobManager.cc:34
#7  0x00002b289f979ea5 in start_thread () from /cvmfs/sft.cern.ch/lcg/views/LCG_100/x86_64-centos7-gcc10-opt/lib/julia/libpthread.so.0
#8  0x00002b28a0395b0d in clone () from /lib64/libc.so.6

Thread 4 (Thread 0x2b28c34e5700 (LWP 519) "python3"):
#0  0x00002b289f97fb3b in do_futex_wait.constprop () from /cvmfs/sft.cern.ch/lcg/views/LCG_100/x86_64-centos7-gcc10-opt/lib/julia/libpthread.so.0
#1  0x00002b289f97fbcf in __new_sem_wait_slow.constprop.0 () from /cvmfs/sft.cern.ch/lcg/views/LCG_100/x86_64-centos7-gcc10-opt/lib/julia/libpthread.so.0
#2  0x00002b289f97fc6b in sem_wait

GLIBC_2.2.5 () from /cvmfs/sft.cern.ch/lcg/views/LCG_100/x86_64-centos7-gcc10-opt/lib/julia/libpthread.so.0
#3  0x00002b28dd465c66 in XrdSysSemaphore::Wait (this=0xad75720) at /build/jenkins/workspace/lcg_release_pipeline/build/externals/xrootd-5.1.1/src/xrootd/5.1.1/src/./XrdSys/XrdSysPthread.hh:421
#4  XrdCl::SyncQueue<XrdCl::JobManager::JobHelper>::Get (this=0xabdf6b8) at /build/jenkins/workspace/lcg_release_pipeline/build/externals/xrootd-5.1.1/src/xrootd/5.1.1/src/./XrdCl/XrdClSyncQueue.hh:67
#5  XrdCl::JobManager::RunJobs (this=0xabdf6a0) at /build/jenkins/workspace/lcg_release_pipeline/build/externals/xrootd-5.1.1/src/xrootd/5.1.1/src/XrdCl/XrdClJobManager.cc:147
#6  0x00002b28dd465d09 in RunRunnerThread (arg=<optimized out>) at /build/jenkins/workspace/lcg_release_pipeline/build/externals/xrootd-5.1.1/src/xrootd/5.1.1/src/XrdCl/XrdClJobManager.cc:34
#7  0x00002b289f979ea5 in start_thread () from /cvmfs/sft.cern.ch/lcg/views/LCG_100/x86_64-centos7-gcc10-opt/lib/julia/libpthread.so.0
#8  0x00002b28a0395b0d in clone () from /lib64/libc.so.6

Thread 3 (Thread 0x2b28c36e6700 (LWP 518) "python3"):
#0  0x00002b289f980e9d in nanosleep () from /cvmfs/sft.cern.ch/lcg/views/LCG_100/x86_64-centos7-gcc10-opt/lib/julia/libpthread.so.0
#1  0x00002b28dd2de960 in XrdSysTimer::Wait (mills=<optimized out>) at /build/jenkins/workspace/lcg_release_pipeline/build/externals/xrootd-5.1.1/src/xrootd/5.1.1/src/XrdSys/XrdSysTimer.cc:239
#2  0x00002b28dd3fedb6 in XrdCl::TaskManager::RunTasks (this=0xad6e0a0) at /build/jenkins/workspace/lcg_release_pipeline/build/externals/xrootd-5.1.1/src/xrootd/5.1.1/src/XrdCl/XrdClTaskManager.cc:246
#3  0x00002b28dd3feea9 in RunRunnerThread (arg=<optimized out>) at /build/jenkins/workspace/lcg_release_pipeline/build/externals/xrootd-5.1.1/src/xrootd/5.1.1/src/XrdCl/XrdClTaskManager.cc:38
#4  0x00002b289f979ea5 in start_thread () from /cvmfs/sft.cern.ch/lcg/views/LCG_100/x86_64-centos7-gcc10-opt/lib/julia/libpthread.so.0
#5  0x00002b28a0395b0d in clone () from /lib64/libc.so.6

Thread 2 (Thread 0x2b28c38e7700 (LWP 517) "python3"):
#0  0x00002b28a03960e3 in epoll_wait () from /lib64/libc.so.6
#1  0x00002b28dd2d9102 in XrdSys::IOEvents::PollE::Begin (this=0xabdf920, syncsem=<optimized out>, retcode=<optimized out>, eTxt=<optimized out>) at /build/jenkins/workspace/lcg_release_pipeline/build/externals/xrootd-5.1.1/src/xrootd/5.1.1/src/./XrdSys/XrdSysIOEventsPollE.icc:212
#2  0x00002b28dd2d5bad in XrdSys::IOEvents::BootStrap::Start (parg=0x7ffc2b3557f0) at /build/jenkins/workspace/lcg_release_pipeline/build/externals/xrootd-5.1.1/src/xrootd/5.1.1/src/XrdSys/XrdSysIOEvents.cc:131
#3  0x00002b28dd2de148 in XrdSysThread_Xeq (myargs=0xad5eac0) at /build/jenkins/workspace/lcg_release_pipeline/build/externals/xrootd-5.1.1/src/xrootd/5.1.1/src/XrdSys/XrdSysPthread.cc:86
#4  0x00002b289f979ea5 in start_thread () from /cvmfs/sft.cern.ch/lcg/views/LCG_100/x86_64-centos7-gcc10-opt/lib/julia/libpthread.so.0
#5  0x00002b28a0395b0d in clone () from /lib64/libc.so.6

Thread 1 (Thread 0x2b289f1e0540 (LWP 491) "python3"):
#0  0x00002b28a035c659 in waitpid () from /lib64/libc.so.6
#1  0x00002b28a02d9f62 in do_system () from /lib64/libc.so.6
#2  0x00002b28a02da311 in system () from /lib64/libc.so.6
#3  0x00002b28a7fcb00c in TUnixSystem::StackTrace() () from /cvmfs/sft.cern.ch/lcg/views/LCG_100/x86_64-centos7-gcc10-opt/lib/libCore.so
#4  0x00002b28a7b68cd2 in (anonymous namespace)::TExceptionHandlerImp::HandleException(int) () from /cvmfs/sft.cern.ch/lcg/views/LCG_100/x86_64-centos7-gcc10-opt/lib/libcppyy_backend3_8.so
#5  0x00002b28a7fc8491 in TUnixSystem::DispatchSignals(ESignals) () from /cvmfs/sft.cern.ch/lcg/views/LCG_100/x86_64-centos7-gcc10-opt/lib/libCore.so
#6  <signal handler called>
#7  0x00002b28dc0c15df in ?? ()
#8  0x00007ffc2b355730 in ?? ()
#9  0x00007ffc2b355748 in ?? ()
#10 0x0000000000000020 in ?? ()
#11 0x000000000ecbb240 in ?? ()
#12 0x000000000e636d60 in ?? ()
#13 0x000000000ec71020 in ?? ()
#14 0x00007ffc2b355690 in ?? ()
#15 0x00002b28dc0c9d00 in ?? ()
#16 0x00007ffc2b355690 in ?? ()
#17 0x00002b28dc0d0302 in ?? ()
#18 0x00007ffc2b354980 in ?? ()
#19 0x00002b28a82e9180 in ?? () from /cvmfs/sft.cern.ch/lcg/releases/gcc/10.1.0-6f386/x86_64-centos7/lib64/libstdc++.so.6
#20 0x00007ffc2b3548d0 in ?? ()
#21 0x00007ffc2b355730 in ?? ()
#22 0x00007ffc2b3548c7 in ?? ()
#23 0x00002b28dc0ce5b6 in ?? ()
#24 0x00007ffc2b354900 in ?? ()
#25 0x00007ffc2b3548c7 in ?? ()
#26 0x00007ffc2b3548c8 in ?? ()
#27 0x00007ffc2b354900 in ?? ()
#28 0x00007ffc2b354880 in ?? ()
#29 0x00002b28dc0ce55c in ?? ()
#30 0x000000000ff32430 in ?? ()
#31 0x00007ffc2b3548c7 in ?? ()
#32 0x00007ffc2b3548c8 in ?? ()
#33 0x00007ffc2b354900 in ?? ()
#34 0x00007ffc2b354910 in ?? ()
#35 0x00007ffc2b354930 in ?? ()
#36 0x00007ffc2b354950 in ?? ()
#37 0x00002b289f1d3040 in ?? ()
#38 0x00002b289f1d3040 in ?? ()
#39 0x00007ffc2b354950 in ?? ()
#40 0x0000000000000000 in ?? ()
===========================================================


The lines below might hint at the cause of the crash.
You may get help by asking at the ROOT forum https://root.cern.ch/forum
Only if you are really convinced it is a bug in ROOT then please submit a
report at https://root.cern.ch/bugs Please post the ENTIRE stack trace
from above as an attachment in addition to anything else
that might help us fixing this issue.
===========================================================
#7  0x00002b28dc0c15df in ?? ()
#8  0x00007ffc2b355730 in ?? ()
#9  0x00007ffc2b355748 in ?? ()
#10 0x0000000000000020 in ?? ()
#11 0x000000000ecbb240 in ?? ()
#12 0x000000000e636d60 in ?? ()
#13 0x000000000ec71020 in ?? ()
#14 0x00007ffc2b355690 in ?? ()
#15 0x00002b28dc0c9d00 in ?? ()
#16 0x00007ffc2b355690 in ?? ()
#17 0x00002b28dc0d0302 in ?? ()
#18 0x00007ffc2b354980 in ?? ()
#19 0x00002b28a82e9180 in ?? () from /cvmfs/sft.cern.ch/lcg/releases/gcc/10.1.0-6f386/x86_64-centos7/lib64/libstdc++.so.6
#20 0x00007ffc2b3548d0 in ?? ()
#21 0x00007ffc2b355730 in ?? ()
#22 0x00007ffc2b3548c7 in ?? ()
#23 0x00002b28dc0ce5b6 in ?? ()
#24 0x00007ffc2b354900 in ?? ()
#25 0x00007ffc2b3548c7 in ?? ()
#26 0x00007ffc2b3548c8 in ?? ()
#27 0x00007ffc2b354900 in ?? ()
#28 0x00007ffc2b354880 in ?? ()
#29 0x00002b28dc0ce55c in ?? ()
#30 0x000000000ff32430 in ?? ()
#31 0x00007ffc2b3548c7 in ?? ()
#32 0x00007ffc2b3548c8 in ?? ()
#33 0x00007ffc2b354900 in ?? ()
#34 0x00007ffc2b354910 in ?? ()
#35 0x00007ffc2b354930 in ?? ()
#36 0x00007ffc2b354950 in ?? ()
#37 0x00002b289f1d3040 in ?? ()
#38 0x00002b289f1d3040 in ?? ()
#39 0x00007ffc2b354950 in ?? ()
#40 0x0000000000000000 in ?? ()
===========================================================


 *** Break *** segmentation violation



===========================================================
There was a crash.
This is the entire stack trace of all threads:
===========================================================

Thread 6 (Thread 0x2b28ddcc8700 (LWP 521) "python3"):
#0  0x00002b289f97fb3b in do_futex_wait.constprop () from /cvmfs/sft.cern.ch/lcg/views/LCG_100/x86_64-centos7-gcc10-opt/lib/julia/libpthread.so.0
#1  0x00002b289f97fbcf in __new_sem_wait_slow.constprop.0 () from /cvmfs/sft.cern.ch/lcg/views/LCG_100/x86_64-centos7-gcc10-opt/lib/julia/libpthread.so.0
#2  0x00002b289f97fc6b in sem_wait

GLIBC_2.2.5 () from /cvmfs/sft.cern.ch/lcg/views/LCG_100/x86_64-centos7-gcc10-opt/lib/julia/libpthread.so.0
#3  0x00002b28dd465c66 in XrdSysSemaphore::Wait (this=0xad75720) at /build/jenkins/workspace/lcg_release_pipeline/build/externals/xrootd-5.1.1/src/xrootd/5.1.1/src/./XrdSys/XrdSysPthread.hh:421
#4  XrdCl::SyncQueue<XrdCl::JobManager::JobHelper>::Get (this=0xabdf6b8) at /build/jenkins/workspace/lcg_release_pipeline/build/externals/xrootd-5.1.1/src/xrootd/5.1.1/src/./XrdCl/XrdClSyncQueue.hh:67
#5  XrdCl::JobManager::RunJobs (this=0xabdf6a0) at /build/jenkins/workspace/lcg_release_pipeline/build/externals/xrootd-5.1.1/src/xrootd/5.1.1/src/XrdCl/XrdClJobManager.cc:147
#6  0x00002b28dd465d09 in RunRunnerThread (arg=<optimized out>) at /build/jenkins/workspace/lcg_release_pipeline/build/externals/xrootd-5.1.1/src/xrootd/5.1.1/src/XrdCl/XrdClJobManager.cc:34
#7  0x00002b289f979ea5 in start_thread () from /cvmfs/sft.cern.ch/lcg/views/LCG_100/x86_64-centos7-gcc10-opt/lib/julia/libpthread.so.0
#8  0x00002b28a0395b0d in clone () from /lib64/libc.so.6

Thread 5 (Thread 0x2b28ddac7700 (LWP 520) "python3"):
#0  0x00002b289f97fb3b in do_futex_wait.constprop () from /cvmfs/sft.cern.ch/lcg/views/LCG_100/x86_64-centos7-gcc10-opt/lib/julia/libpthread.so.0
#1  0x00002b289f97fbcf in __new_sem_wait_slow.constprop.0 () from /cvmfs/sft.cern.ch/lcg/views/LCG_100/x86_64-centos7-gcc10-opt/lib/julia/libpthread.so.0
#2  0x00002b289f97fc6b in sem_wait

GLIBC_2.2.5 () from /cvmfs/sft.cern.ch/lcg/views/LCG_100/x86_64-centos7-gcc10-opt/lib/julia/libpthread.so.0
#3  0x00002b28dd465c66 in XrdSysSemaphore::Wait (this=0xad75720) at /build/jenkins/workspace/lcg_release_pipeline/build/externals/xrootd-5.1.1/src/xrootd/5.1.1/src/./XrdSys/XrdSysPthread.hh:421
#4  XrdCl::SyncQueue<XrdCl::JobManager::JobHelper>::Get (this=0xabdf6b8) at /build/jenkins/workspace/lcg_release_pipeline/build/externals/xrootd-5.1.1/src/xrootd/5.1.1/src/./XrdCl/XrdClSyncQueue.hh:67
#5  XrdCl::JobManager::RunJobs (this=0xabdf6a0) at /build/jenkins/workspace/lcg_release_pipeline/build/externals/xrootd-5.1.1/src/xrootd/5.1.1/src/XrdCl/XrdClJobManager.cc:147
#6  0x00002b28dd465d09 in RunRunnerThread (arg=<optimized out>) at /build/jenkins/workspace/lcg_release_pipeline/build/externals/xrootd-5.1.1/src/xrootd/5.1.1/src/XrdCl/XrdClJobManager.cc:34
#7  0x00002b289f979ea5 in start_thread () from /cvmfs/sft.cern.ch/lcg/views/LCG_100/x86_64-centos7-gcc10-opt/lib/julia/libpthread.so.0
#8  0x00002b28a0395b0d in clone () from /lib64/libc.so.6

Thread 4 (Thread 0x2b28c34e5700 (LWP 519) "python3"):
#0  0x00002b289f97fb3b in do_futex_wait.constprop () from /cvmfs/sft.cern.ch/lcg/views/LCG_100/x86_64-centos7-gcc10-opt/lib/julia/libpthread.so.0
#1  0x00002b289f97fbcf in __new_sem_wait_slow.constprop.0 () from /cvmfs/sft.cern.ch/lcg/views/LCG_100/x86_64-centos7-gcc10-opt/lib/julia/libpthread.so.0
#2  0x00002b289f97fc6b in sem_wait

GLIBC_2.2.5 () from /cvmfs/sft.cern.ch/lcg/views/LCG_100/x86_64-centos7-gcc10-opt/lib/julia/libpthread.so.0
#3  0x00002b28dd465c66 in XrdSysSemaphore::Wait (this=0xad75720) at /build/jenkins/workspace/lcg_release_pipeline/build/externals/xrootd-5.1.1/src/xrootd/5.1.1/src/./XrdSys/XrdSysPthread.hh:421
#4  XrdCl::SyncQueue<XrdCl::JobManager::JobHelper>::Get (this=0xabdf6b8) at /build/jenkins/workspace/lcg_release_pipeline/build/externals/xrootd-5.1.1/src/xrootd/5.1.1/src/./XrdCl/XrdClSyncQueue.hh:67
#5  XrdCl::JobManager::RunJobs (this=0xabdf6a0) at /build/jenkins/workspace/lcg_release_pipeline/build/externals/xrootd-5.1.1/src/xrootd/5.1.1/src/XrdCl/XrdClJobManager.cc:147
#6  0x00002b28dd465d09 in RunRunnerThread (arg=<optimized out>) at /build/jenkins/workspace/lcg_release_pipeline/build/externals/xrootd-5.1.1/src/xrootd/5.1.1/src/XrdCl/XrdClJobManager.cc:34
#7  0x00002b289f979ea5 in start_thread () from /cvmfs/sft.cern.ch/lcg/views/LCG_100/x86_64-centos7-gcc10-opt/lib/julia/libpthread.so.0
#8  0x00002b28a0395b0d in clone () from /lib64/libc.so.6

Thread 3 (Thread 0x2b28c36e6700 (LWP 518) "python3"):
#0  0x00002b289f980e9d in nanosleep () from /cvmfs/sft.cern.ch/lcg/views/LCG_100/x86_64-centos7-gcc10-opt/lib/julia/libpthread.so.0
#1  0x00002b28dd2de960 in XrdSysTimer::Wait (mills=<optimized out>) at /build/jenkins/workspace/lcg_release_pipeline/build/externals/xrootd-5.1.1/src/xrootd/5.1.1/src/XrdSys/XrdSysTimer.cc:239
#2  0x00002b28dd3fedb6 in XrdCl::TaskManager::RunTasks (this=0xad6e0a0) at /build/jenkins/workspace/lcg_release_pipeline/build/externals/xrootd-5.1.1/src/xrootd/5.1.1/src/XrdCl/XrdClTaskManager.cc:246
#3  0x00002b28dd3feea9 in RunRunnerThread (arg=<optimized out>) at /build/jenkins/workspace/lcg_release_pipeline/build/externals/xrootd-5.1.1/src/xrootd/5.1.1/src/XrdCl/XrdClTaskManager.cc:38
#4  0x00002b289f979ea5 in start_thread () from /cvmfs/sft.cern.ch/lcg/views/LCG_100/x86_64-centos7-gcc10-opt/lib/julia/libpthread.so.0
#5  0x00002b28a0395b0d in clone () from /lib64/libc.so.6

Thread 2 (Thread 0x2b28c38e7700 (LWP 517) "python3"):
#0  0x00002b28a03960e3 in epoll_wait () from /lib64/libc.so.6
#1  0x00002b28dd2d9102 in XrdSys::IOEvents::PollE::Begin (this=0xabdf920, syncsem=<optimized out>, retcode=<optimized out>, eTxt=<optimized out>) at /build/jenkins/workspace/lcg_release_pipeline/build/externals/xrootd-5.1.1/src/xrootd/5.1.1/src/./XrdSys/XrdSysIOEventsPollE.icc:212
#2  0x00002b28dd2d5bad in XrdSys::IOEvents::BootStrap::Start (parg=0x7ffc2b3557f0) at /build/jenkins/workspace/lcg_release_pipeline/build/externals/xrootd-5.1.1/src/xrootd/5.1.1/src/XrdSys/XrdSysIOEvents.cc:131
#3  0x00002b28dd2de148 in XrdSysThread_Xeq (myargs=0xad5eac0) at /build/jenkins/workspace/lcg_release_pipeline/build/externals/xrootd-5.1.1/src/xrootd/5.1.1/src/XrdSys/XrdSysPthread.cc:86
#4  0x00002b289f979ea5 in start_thread () from /cvmfs/sft.cern.ch/lcg/views/LCG_100/x86_64-centos7-gcc10-opt/lib/julia/libpthread.so.0
#5  0x00002b28a0395b0d in clone () from /lib64/libc.so.6

Thread 1 (Thread 0x2b289f1e0540 (LWP 491) "python3"):
#0  0x00002b28a035c659 in waitpid () from /lib64/libc.so.6
#1  0x00002b28a02d9f62 in do_system () from /lib64/libc.so.6
#2  0x00002b28a02da311 in system () from /lib64/libc.so.6
#3  0x00002b28a7fcb00c in TUnixSystem::StackTrace() () from /cvmfs/sft.cern.ch/lcg/views/LCG_100/x86_64-centos7-gcc10-opt/lib/libCore.so
#4  0x00002b28a7b68b5a in (anonymous namespace)::TExceptionHandlerImp::HandleException(int) () from /cvmfs/sft.cern.ch/lcg/views/LCG_100/x86_64-centos7-gcc10-opt/lib/libcppyy_backend3_8.so
#5  0x00002b28a7fc8491 in TUnixSystem::DispatchSignals(ESignals) () from /cvmfs/sft.cern.ch/lcg/views/LCG_100/x86_64-centos7-gcc10-opt/lib/libCore.so
#6  <signal handler called>
#7  0x00002b28dc0c15df in ?? ()
#8  0x00007ffc2b355730 in ?? ()
#9  0x00007ffc2b355748 in ?? ()
#10 0x0000000000000020 in ?? ()
#11 0x000000000ecbb240 in ?? ()
#12 0x000000000e636d60 in ?? ()
#13 0x000000000ec71020 in ?? ()
#14 0x00007ffc2b355690 in ?? ()
#15 0x00002b28dc0c9d00 in ?? ()
#16 0x00007ffc2b355690 in ?? ()
#17 0x00002b28dc0d0302 in ?? ()
#18 0x00007ffc2b354980 in ?? ()
#19 0x00002b28a82e9180 in ?? () from /cvmfs/sft.cern.ch/lcg/releases/gcc/10.1.0-6f386/x86_64-centos7/lib64/libstdc++.so.6
#20 0x00007ffc2b3548d0 in ?? ()
#21 0x00007ffc2b355730 in ?? ()
#22 0x00007ffc2b3548c7 in ?? ()
#23 0x00002b28dc0ce5b6 in ?? ()
#24 0x00007ffc2b354900 in ?? ()
#25 0x00007ffc2b3548c7 in ?? ()
#26 0x00007ffc2b3548c8 in ?? ()
#27 0x00007ffc2b354900 in ?? ()
#28 0x00007ffc2b354880 in ?? ()
#29 0x00002b28dc0ce55c in ?? ()
#30 0x000000000ff32430 in ?? ()
#31 0x00007ffc2b3548c7 in ?? ()
#32 0x00007ffc2b3548c8 in ?? ()
#33 0x00007ffc2b354900 in ?? ()
#34 0x00007ffc2b354910 in ?? ()
#35 0x00007ffc2b354930 in ?? ()
#36 0x00007ffc2b354950 in ?? ()
#37 0x00002b289f1d3040 in ?? ()
#38 0x00002b289f1d3040 in ?? ()
#39 0x00007ffc2b354950 in ?? ()
#40 0x0000000000000000 in ?? ()
===========================================================


The lines below might hint at the cause of the crash.
You may get help by asking at the ROOT forum https://root.cern.ch/forum
Only if you are really convinced it is a bug in ROOT then please submit a
report at https://root.cern.ch/bugs Please post the ENTIRE stack trace
from above as an attachment in addition to anything else
that might help us fixing this issue.
===========================================================
#7  0x00002b28dc0c15df in ?? ()
#8  0x00007ffc2b355730 in ?? ()
#9  0x00007ffc2b355748 in ?? ()
#10 0x0000000000000020 in ?? ()
#11 0x000000000ecbb240 in ?? ()
#12 0x000000000e636d60 in ?? ()
#13 0x000000000ec71020 in ?? ()
#14 0x00007ffc2b355690 in ?? ()
#15 0x00002b28dc0c9d00 in ?? ()
#16 0x00007ffc2b355690 in ?? ()
#17 0x00002b28dc0d0302 in ?? ()
#18 0x00007ffc2b354980 in ?? ()
#19 0x00002b28a82e9180 in ?? () from /cvmfs/sft.cern.ch/lcg/releases/gcc/10.1.0-6f386/x86_64-centos7/lib64/libstdc++.so.6
#20 0x00007ffc2b3548d0 in ?? ()
#21 0x00007ffc2b355730 in ?? ()
#22 0x00007ffc2b3548c7 in ?? ()
#23 0x00002b28dc0ce5b6 in ?? ()
#24 0x00007ffc2b354900 in ?? ()
#25 0x00007ffc2b3548c7 in ?? ()
#26 0x00007ffc2b3548c8 in ?? ()
#27 0x00007ffc2b354900 in ?? ()
#28 0x00007ffc2b354880 in ?? ()
#29 0x00002b28dc0ce55c in ?? ()
#30 0x000000000ff32430 in ?? ()
#31 0x00007ffc2b3548c7 in ?? ()
#32 0x00007ffc2b3548c8 in ?? ()
#33 0x00007ffc2b354900 in ?? ()
#34 0x00007ffc2b354910 in ?? ()
#35 0x00007ffc2b354930 in ?? ()
#36 0x00007ffc2b354950 in ?? ()
#37 0x00002b289f1d3040 in ?? ()
#38 0x00002b289f1d3040 in ?? ()
#39 0x00007ffc2b354950 in ?? ()
#40 0x0000000000000000 in ?? ()
===========================================================


Error in <TNetXNGFile::Close>: [ERROR] Invalid session
