000 (3314622.017.000) 01/11 10:41:32 Job submitted from host: <188.185.70.244:9618?addrs=188.185.70.244-9618+[2001-1458-d00-7--100-2ee]-9618&alias=bigbird10.cern.ch&noUDP&sock=schedd_7001_aea1>
...
040 (3314622.017.000) 01/11 11:25:38 Started transferring input files
	Transferring to host: <188.184.165.86:9618?addrs=188.184.165.86-9618&alias=b7s14p8471.cern.ch&noUDP&sock=slot1_35_3609_9dec_25472>
...
040 (3314622.017.000) 01/11 11:25:38 Finished transferring input files
...
001 (3314622.017.000) 01/11 11:25:39 Job executing on host: <188.184.165.86:9618?addrs=188.184.165.86-9618&alias=b7s14p8471.cern.ch&noUDP&sock=startd_2875_96df>
...
006 (3314622.017.000) 01/11 11:25:48 Image size of job updated: 455672
	63  -  MemoryUsage of job (MB)
	64068  -  ResidentSetSize of job (KB)
...
006 (3314622.017.000) 01/11 11:30:49 Image size of job updated: 2010668
	533  -  MemoryUsage of job (MB)
	545740  -  ResidentSetSize of job (KB)
...
006 (3314622.017.000) 01/11 11:40:50 Image size of job updated: 2158796
	681  -  MemoryUsage of job (MB)
	696692  -  ResidentSetSize of job (KB)
...
006 (3314622.017.000) 01/11 11:50:51 Image size of job updated: 2375304
	846  -  MemoryUsage of job (MB)
	866124  -  ResidentSetSize of job (KB)
...
006 (3314622.017.000) 01/11 12:05:53 Image size of job updated: 2611736
	1013  -  MemoryUsage of job (MB)
	1037240  -  ResidentSetSize of job (KB)
...
006 (3314622.017.000) 01/11 12:15:54 Image size of job updated: 2916764
	1266  -  MemoryUsage of job (MB)
	1295848  -  ResidentSetSize of job (KB)
...
006 (3314622.017.000) 01/11 12:30:55 Image size of job updated: 3323420
	1631  -  MemoryUsage of job (MB)
	1669404  -  ResidentSetSize of job (KB)
...
006 (3314622.017.000) 01/11 12:40:56 Image size of job updated: 3323420
	1634  -  MemoryUsage of job (MB)
	1672764  -  ResidentSetSize of job (KB)
...
006 (3314622.017.000) 01/11 12:45:57 Image size of job updated: 3658352
	1867  -  MemoryUsage of job (MB)
	1911028  -  ResidentSetSize of job (KB)
...
006 (3314622.017.000) 01/11 12:55:58 Image size of job updated: 4055940
	2504  -  MemoryUsage of job (MB)
	2563336  -  ResidentSetSize of job (KB)
...
006 (3314622.017.000) 01/11 13:10:59 Image size of job updated: 4470284
	2916  -  MemoryUsage of job (MB)
	2985384  -  ResidentSetSize of job (KB)
...
040 (3314622.017.000) 01/11 13:25:58 Started transferring output files
...
040 (3314622.017.000) 01/11 13:25:58 Finished transferring output files
...
005 (3314622.017.000) 01/11 13:25:58 Job terminated.
	(1) Normal termination (return value 0)
		Usr 0 00:15:03, Sys 0 00:00:28  -  Run Remote Usage
		Usr 0 00:00:00, Sys 0 00:00:00  -  Run Local Usage
		Usr 0 00:15:03, Sys 0 00:00:28  -  Total Remote Usage
		Usr 0 00:00:00, Sys 0 00:00:00  -  Total Local Usage
	151948  -  Run Bytes Sent By Job
	10522  -  Run Bytes Received By Job
	151948  -  Total Bytes Sent By Job
	10522  -  Total Bytes Received By Job
	Partitionable Resources :    Usage  Request Allocated 
	   Cpus                 :     0.06        4         4 
	   Disk (KB)            :   179           1   3105781 
	   Memory (MB)          :  2916        8000      8000 

	Job terminated of its own accord at 2022-01-11T12:25:58Z.
...
