000 (3319729.004.000) 01/17 11:19:46 Job submitted from host: <188.185.70.244:9618?addrs=188.185.70.244-9618+[2001-1458-d00-7--100-2ee]-9618&alias=bigbird10.cern.ch&noUDP&sock=schedd_7001_aea1>
...
040 (3319729.004.000) 01/17 11:27:13 Entered queue to transfer input files
	Transferring to host: <188.184.165.104:9618?addrs=188.184.165.104-9618&alias=b7s14p1326.cern.ch&noUDP&sock=slot1_1_3436_b905_31567>
...
040 (3319729.004.000) 01/17 11:28:11 Started transferring input files
	Seconds spent in queue: 58
...
040 (3319729.004.000) 01/17 11:28:11 Finished transferring input files
...
001 (3319729.004.000) 01/17 11:28:12 Job executing on host: <188.184.165.104:9618?addrs=188.184.165.104-9618&alias=b7s14p1326.cern.ch&noUDP&sock=startd_2868_c9b5>
...
006 (3319729.004.000) 01/17 11:28:20 Image size of job updated: 313020
	149  -  MemoryUsage of job (MB)
	151972  -  ResidentSetSize of job (KB)
...
006 (3319729.004.000) 01/17 11:33:20 Image size of job updated: 1728344
	267  -  MemoryUsage of job (MB)
	273360  -  ResidentSetSize of job (KB)
...
006 (3319729.004.000) 01/17 11:38:21 Image size of job updated: 2504180
	731  -  MemoryUsage of job (MB)
	748308  -  ResidentSetSize of job (KB)
...
006 (3319729.004.000) 01/17 11:48:21 Image size of job updated: 2504180
	733  -  MemoryUsage of job (MB)
	749844  -  ResidentSetSize of job (KB)
...
006 (3319729.004.000) 01/17 11:53:22 Image size of job updated: 2938764
	1143  -  MemoryUsage of job (MB)
	1169484  -  ResidentSetSize of job (KB)
...
006 (3319729.004.000) 01/17 12:08:24 Image size of job updated: 2938764
	1605  -  MemoryUsage of job (MB)
	1643436  -  ResidentSetSize of job (KB)
...
006 (3319729.004.000) 01/17 12:13:25 Image size of job updated: 3505404
	1605  -  MemoryUsage of job (MB)
	1643436  -  ResidentSetSize of job (KB)
...
006 (3319729.004.000) 01/17 12:48:28 Image size of job updated: 4022196
	2094  -  MemoryUsage of job (MB)
	2143972  -  ResidentSetSize of job (KB)
...
006 (3319729.004.000) 01/17 13:03:29 Image size of job updated: 4022196
	2098  -  MemoryUsage of job (MB)
	2147920  -  ResidentSetSize of job (KB)
...
006 (3319729.004.000) 01/17 13:08:29 Image size of job updated: 4452896
	2749  -  MemoryUsage of job (MB)
	2814676  -  ResidentSetSize of job (KB)
...
006 (3319729.004.000) 01/17 13:13:29 Image size of job updated: 4452896
	2749  -  MemoryUsage of job (MB)
	2814704  -  ResidentSetSize of job (KB)
...
006 (3319729.004.000) 01/17 13:18:30 Image size of job updated: 4987516
	2984  -  MemoryUsage of job (MB)
	3054708  -  ResidentSetSize of job (KB)
...
006 (3319729.004.000) 01/17 13:28:31 Image size of job updated: 5457516
	3898  -  MemoryUsage of job (MB)
	3990708  -  ResidentSetSize of job (KB)
...
006 (3319729.004.000) 01/17 13:43:32 Image size of job updated: 6037404
	4463  -  MemoryUsage of job (MB)
	4569236  -  ResidentSetSize of job (KB)
...
040 (3319729.004.000) 01/17 13:52:03 Started transferring output files
	Seconds spent in queue: 8690
...
040 (3319729.004.000) 01/17 13:52:03 Finished transferring output files
...
005 (3319729.004.000) 01/17 13:52:03 Job terminated.
	(1) Normal termination (return value 0)
		Usr 0 00:46:46, Sys 0 00:00:53  -  Run Remote Usage
		Usr 0 00:00:00, Sys 0 00:00:00  -  Run Local Usage
		Usr 0 00:46:46, Sys 0 00:00:53  -  Total Remote Usage
		Usr 0 00:00:00, Sys 0 00:00:00  -  Total Local Usage
	1258  -  Run Bytes Sent By Job
	10521  -  Run Bytes Received By Job
	1258  -  Total Bytes Sent By Job
	10521  -  Total Bytes Received By Job
	Partitionable Resources :    Usage  Request Allocated 
	   Cpus                 :        0        4         4 
	   Disk (KB)            :       34        1   3027912 
	   Memory (MB)          :     4463     8000      8000 

	Job terminated of its own accord at 2022-01-17T12:52:03Z.
...
