000 (3295618.012.000) 01/10 15:27:45 Job submitted from host: <188.185.70.244:9618?addrs=188.185.70.244-9618+[2001-1458-d00-7--100-2ee]-9618&alias=bigbird10.cern.ch&noUDP&sock=schedd_7001_aea1>
...
040 (3295618.012.000) 01/10 15:32:39 Started transferring input files
	Transferring to host: <128.142.61.114:9618?addrs=128.142.61.114-9618+[2001-1458-301-23--100-71]-9618&alias=b7s06p6053.cern.ch&noUDP&sock=slot1_1_3125_9858_21081>
...
040 (3295618.012.000) 01/10 15:32:39 Finished transferring input files
...
001 (3295618.012.000) 01/10 15:32:40 Job executing on host: <128.142.61.114:9618?addrs=128.142.61.114-9618+[2001-1458-301-23--100-71]-9618&alias=b7s06p6053.cern.ch&noUDP&sock=startd_2792_a882>
...
006 (3295618.012.000) 01/10 15:32:49 Image size of job updated: 320104
	155  -  MemoryUsage of job (MB)
	157808  -  ResidentSetSize of job (KB)
...
006 (3295618.012.000) 01/10 15:33:03 Image size of job updated: 1256188
	155  -  MemoryUsage of job (MB)
	157808  -  ResidentSetSize of job (KB)
...
040 (3295618.012.000) 01/10 15:33:03 Started transferring output files
...
040 (3295618.012.000) 01/10 15:33:03 Finished transferring output files
...
005 (3295618.012.000) 01/10 15:33:03 Job terminated.
	(1) Normal termination (return value 0)
		Usr 0 00:00:03, Sys 0 00:00:02  -  Run Remote Usage
		Usr 0 00:00:00, Sys 0 00:00:00  -  Run Local Usage
		Usr 0 00:00:03, Sys 0 00:00:02  -  Total Remote Usage
		Usr 0 00:00:00, Sys 0 00:00:00  -  Total Local Usage
	3751  -  Run Bytes Sent By Job
	10522  -  Run Bytes Received By Job
	3751  -  Total Bytes Sent By Job
	10522  -  Total Bytes Received By Job
	Partitionable Resources :    Usage  Request Allocated 
	   Cpus                 :                 4         4 
	   Disk (KB)            :       30        1   1292616 
	   Memory (MB)          :      155     8000      8000 

	Job terminated of its own accord at 2022-01-10T14:33:03Z.
...
