000 (3314884.014.000) 01/12 10:53:24 Job submitted from host: <188.185.70.244:9618?addrs=188.185.70.244-9618+[2001-1458-d00-7--100-2ee]-9618&alias=bigbird10.cern.ch&noUDP&sock=schedd_7001_aea1>
...
040 (3314884.014.000) 01/12 10:54:31 Started transferring input files
	Transferring to host: <188.184.165.75:9618?addrs=188.184.165.75-9618+[2001-1458-301-51--100-46]-9618&alias=b7s14p7127.cern.ch&noUDP&sock=slot1_2_4634_d276_25893>
...
040 (3314884.014.000) 01/12 10:54:31 Finished transferring input files
...
001 (3314884.014.000) 01/12 10:54:32 Job executing on host: <188.184.165.75:9618?addrs=188.184.165.75-9618+[2001-1458-301-51--100-46]-9618&alias=b7s14p7127.cern.ch&noUDP&sock=startd_4403_ab95>
...
006 (3314884.014.000) 01/12 10:54:41 Image size of job updated: 561652
	1  -  MemoryUsage of job (MB)
	700  -  ResidentSetSize of job (KB)
...
006 (3314884.014.000) 01/12 10:56:34 Image size of job updated: 1308416
	1  -  MemoryUsage of job (MB)
	704  -  ResidentSetSize of job (KB)
...
040 (3314884.014.000) 01/12 10:56:34 Started transferring output files
...
040 (3314884.014.000) 01/12 10:56:34 Finished transferring output files
...
005 (3314884.014.000) 01/12 10:56:34 Job terminated.
	(1) Normal termination (return value 1)
		Usr 0 00:00:07, Sys 0 00:00:01  -  Run Remote Usage
		Usr 0 00:00:00, Sys 0 00:00:00  -  Run Local Usage
		Usr 0 00:00:07, Sys 0 00:00:01  -  Total Remote Usage
		Usr 0 00:00:00, Sys 0 00:00:00  -  Total Local Usage
	4205  -  Run Bytes Sent By Job
	10530  -  Run Bytes Received By Job
	4205  -  Total Bytes Sent By Job
	10530  -  Total Bytes Received By Job
	Partitionable Resources :    Usage  Request Allocated 
	   Cpus                 :                 4         4 
	   Disk (KB)            :       31        1   2948664 
	   Memory (MB)          :        1     8000      8000 

	Job terminated of its own accord at 2022-01-12T09:56:34Z.
...
