000 (3277181.006.000) 12/25 12:36:01 Job submitted from host: <188.185.70.244:9618?addrs=188.185.70.244-9618+[2001-1458-d00-7--100-2ee]-9618&alias=bigbird10.cern.ch&noUDP&sock=schedd_2095_9300>
...
040 (3277181.006.000) 12/25 12:40:15 Started transferring input files
	Transferring to host: <128.142.61.60:9618?addrs=128.142.61.60-9618+[2001-1458-301-23--100-3b]-9618&alias=b7s06p4675.cern.ch&noUDP&sock=slot1_30_3197_535b_9305>
...
040 (3277181.006.000) 12/25 12:40:15 Finished transferring input files
...
001 (3277181.006.000) 12/25 12:40:16 Job executing on host: <128.142.61.60:9618?addrs=128.142.61.60-9618+[2001-1458-301-23--100-3b]-9618&alias=b7s06p4675.cern.ch&noUDP&sock=startd_2831_68b4>
...
006 (3277181.006.000) 12/25 12:40:24 Image size of job updated: 1279128
	203  -  MemoryUsage of job (MB)
	207400  -  ResidentSetSize of job (KB)
...
006 (3277181.006.000) 12/25 12:40:24 Image size of job updated: 1279128
	203  -  MemoryUsage of job (MB)
	207528  -  ResidentSetSize of job (KB)
...
040 (3277181.006.000) 12/25 12:40:24 Started transferring output files
...
040 (3277181.006.000) 12/25 12:40:24 Finished transferring output files
...
005 (3277181.006.000) 12/25 12:40:24 Job terminated.
	(1) Normal termination (return value 1)
		Usr 0 00:00:03, Sys 0 00:00:02  -  Run Remote Usage
		Usr 0 00:00:00, Sys 0 00:00:00  -  Run Local Usage
		Usr 0 00:00:03, Sys 0 00:00:02  -  Total Remote Usage
		Usr 0 00:00:00, Sys 0 00:00:00  -  Total Local Usage
	3349  -  Run Bytes Sent By Job
	11214  -  Run Bytes Received By Job
	3349  -  Total Bytes Sent By Job
	11214  -  Total Bytes Received By Job
	Partitionable Resources :    Usage  Request Allocated 
	   Cpus                 :                 4         4 
	   Disk (KB)            :       31        1   1290138 
	   Memory (MB)          :      203     8000      8000 

	Job terminated of its own accord at 2021-12-25T11:40:24Z.
...
