000 (3314622.016.000) 01/11 10:41:32 Job submitted from host: <188.185.70.244:9618?addrs=188.185.70.244-9618+[2001-1458-d00-7--100-2ee]-9618&alias=bigbird10.cern.ch&noUDP&sock=schedd_7001_aea1>
...
040 (3314622.016.000) 01/11 11:24:47 Started transferring input files
	Transferring to host: <188.184.162.42:9618?addrs=188.184.162.42-9618+[2001-1458-301-4a--100-24]-9618&alias=b7s11p6807.cern.ch&noUDP&sock=slot1_22_3632_d28d_26256>
...
040 (3314622.016.000) 01/11 11:24:47 Finished transferring input files
...
001 (3314622.016.000) 01/11 11:24:48 Job executing on host: <188.184.162.42:9618?addrs=188.184.162.42-9618+[2001-1458-301-4a--100-24]-9618&alias=b7s11p6807.cern.ch&noUDP&sock=startd_3037_b536>
...
006 (3314622.016.000) 01/11 11:24:57 Image size of job updated: 453428
	13  -  MemoryUsage of job (MB)
	13084  -  ResidentSetSize of job (KB)
...
006 (3314622.016.000) 01/11 11:29:57 Image size of job updated: 1893848
	427  -  MemoryUsage of job (MB)
	436660  -  ResidentSetSize of job (KB)
...
006 (3314622.016.000) 01/11 11:34:59 Image size of job updated: 1893848
	427  -  MemoryUsage of job (MB)
	436664  -  ResidentSetSize of job (KB)
...
006 (3314622.016.000) 01/11 11:39:59 Image size of job updated: 1893848
	427  -  MemoryUsage of job (MB)
	436668  -  ResidentSetSize of job (KB)
...
006 (3314622.016.000) 01/11 11:44:59 Image size of job updated: 2032152
	564  -  MemoryUsage of job (MB)
	576644  -  ResidentSetSize of job (KB)
...
006 (3314622.016.000) 01/11 12:05:02 Image size of job updated: 2196892
	726  -  MemoryUsage of job (MB)
	743336  -  ResidentSetSize of job (KB)
...
006 (3314622.016.000) 01/11 12:30:05 Image size of job updated: 2377576
	902  -  MemoryUsage of job (MB)
	923464  -  ResidentSetSize of job (KB)
...
006 (3314622.016.000) 01/11 12:40:06 Image size of job updated: 2377576
	902  -  MemoryUsage of job (MB)
	923468  -  ResidentSetSize of job (KB)
...
006 (3314622.016.000) 01/11 12:50:06 Image size of job updated: 2377576
	944  -  MemoryUsage of job (MB)
	965964  -  ResidentSetSize of job (KB)
...
006 (3314622.016.000) 01/11 12:55:07 Image size of job updated: 2573728
	1095  -  MemoryUsage of job (MB)
	1120544  -  ResidentSetSize of job (KB)
...
006 (3314622.016.000) 01/11 13:15:09 Image size of job updated: 2677836
	1336  -  MemoryUsage of job (MB)
	1367476  -  ResidentSetSize of job (KB)
...
006 (3314622.016.000) 01/11 13:20:09 Image size of job updated: 2945120
	1447  -  MemoryUsage of job (MB)
	1480972  -  ResidentSetSize of job (KB)
...
006 (3314622.016.000) 01/11 13:25:10 Image size of job updated: 2945120
	1447  -  MemoryUsage of job (MB)
	1480976  -  ResidentSetSize of job (KB)
...
006 (3314622.016.000) 01/11 13:45:13 Image size of job updated: 3234116
	1647  -  MemoryUsage of job (MB)
	1685696  -  ResidentSetSize of job (KB)
...
006 (3314622.016.000) 01/11 14:05:14 Image size of job updated: 3860816
	1884  -  MemoryUsage of job (MB)
	1929124  -  ResidentSetSize of job (KB)
...
006 (3314622.016.000) 01/11 14:25:16 Image size of job updated: 3860816
	1885  -  MemoryUsage of job (MB)
	1929972  -  ResidentSetSize of job (KB)
...
006 (3314622.016.000) 01/11 14:30:17 Image size of job updated: 4075516
	2204  -  MemoryUsage of job (MB)
	2256872  -  ResidentSetSize of job (KB)
...
006 (3314622.016.000) 01/11 14:35:18 Image size of job updated: 4075516
	2204  -  MemoryUsage of job (MB)
	2256876  -  ResidentSetSize of job (KB)
...
006 (3314622.016.000) 01/11 14:55:20 Image size of job updated: 4075516
	2208  -  MemoryUsage of job (MB)
	2260940  -  ResidentSetSize of job (KB)
...
006 (3314622.016.000) 01/11 15:00:21 Image size of job updated: 4549328
	2588  -  MemoryUsage of job (MB)
	2649292  -  ResidentSetSize of job (KB)
...
040 (3314622.016.000) 01/11 15:19:13 Started transferring output files
...
040 (3314622.016.000) 01/11 15:19:14 Finished transferring output files
...
005 (3314622.016.000) 01/11 15:19:14 Job terminated.
	(1) Normal termination (return value 0)
		Usr 0 00:22:21, Sys 0 00:00:34  -  Run Remote Usage
		Usr 0 00:00:00, Sys 0 00:00:00  -  Run Local Usage
		Usr 0 00:22:21, Sys 0 00:00:34  -  Total Remote Usage
		Usr 0 00:00:00, Sys 0 00:00:00  -  Total Local Usage
	148093  -  Run Bytes Sent By Job
	10522  -  Run Bytes Received By Job
	148093  -  Total Bytes Sent By Job
	10522  -  Total Bytes Received By Job
	Partitionable Resources :    Usage  Request Allocated 
	   Cpus                 :     0.07        4         4 
	   Disk (KB)            :   179           1   2892557 
	   Memory (MB)          :  2588        8000      8000 

	Job terminated of its own accord at 2022-01-11T14:19:13Z.
...
