000 (3296441.015.000) 01/10 15:54:43 Job submitted from host: <188.185.70.244:9618?addrs=188.185.70.244-9618+[2001-1458-d00-7--100-2ee]-9618&alias=bigbird10.cern.ch&noUDP&sock=schedd_7001_aea1>
...
040 (3296441.015.000) 01/10 16:34:37 Started transferring input files
	Transferring to host: <128.142.63.30:9618?addrs=128.142.63.30-9618+[2001-1458-301-38--100-1b]-9618&alias=b7s08p8754.cern.ch&noUDP&sock=slot1_19_3611_06ac_1198>
...
040 (3296441.015.000) 01/10 16:34:37 Finished transferring input files
...
001 (3296441.015.000) 01/10 16:34:38 Job executing on host: <128.142.63.30:9618?addrs=128.142.63.30-9618+[2001-1458-301-38--100-1b]-9618&alias=b7s08p8754.cern.ch&noUDP&sock=startd_2957_d5a3>
...
006 (3296441.015.000) 01/10 16:34:46 Image size of job updated: 1297916
	217  -  MemoryUsage of job (MB)
	221792  -  ResidentSetSize of job (KB)
...
006 (3296441.015.000) 01/10 16:34:47 Image size of job updated: 1297916
	217  -  MemoryUsage of job (MB)
	221800  -  ResidentSetSize of job (KB)
...
040 (3296441.015.000) 01/10 16:34:48 Started transferring output files
...
040 (3296441.015.000) 01/10 16:34:48 Finished transferring output files
...
005 (3296441.015.000) 01/10 16:34:48 Job terminated.
	(1) Normal termination (return value 0)
		Usr 0 00:00:03, Sys 0 00:00:02  -  Run Remote Usage
		Usr 0 00:00:00, Sys 0 00:00:00  -  Run Local Usage
		Usr 0 00:00:03, Sys 0 00:00:02  -  Total Remote Usage
		Usr 0 00:00:00, Sys 0 00:00:00  -  Total Local Usage
	2761  -  Run Bytes Sent By Job
	10522  -  Run Bytes Received By Job
	2761  -  Total Bytes Sent By Job
	10522  -  Total Bytes Received By Job
	Partitionable Resources :    Usage  Request Allocated 
	   Cpus                 :                 4         4 
	   Disk (KB)            :       30        1   1080881 
	   Memory (MB)          :      217     8000      8000 

	Job terminated of its own accord at 2022-01-10T15:34:47Z.
...
