000 (3343652.010.000) 01/21 12:20:19 Job submitted from host: <188.185.70.244:9618?addrs=188.185.70.244-9618+[2001-1458-d00-7--100-2ee]-9618&alias=bigbird10.cern.ch&noUDP&sock=schedd_7001_aea1>
...
040 (3343652.010.000) 01/21 17:29:39 Started transferring input files
	Transferring to host: <128.142.63.16:9618?addrs=128.142.63.16-9618&alias=b7s08p1405.cern.ch&noUDP&sock=slot1_9_4534_5cf1_41099>
...
040 (3343652.010.000) 01/21 17:29:39 Finished transferring input files
...
001 (3343652.010.000) 01/21 17:29:40 Job executing on host: <128.142.63.16:9618?addrs=128.142.63.16-9618&alias=b7s08p1405.cern.ch&noUDP&sock=startd_4095_686a>
...
006 (3343652.010.000) 01/21 17:29:42 Image size of job updated: 441524
	0  -  MemoryUsage of job (MB)
	0  -  ResidentSetSize of job (KB)
...
040 (3343652.010.000) 01/21 17:29:44 Started transferring output files
...
040 (3343652.010.000) 01/21 17:29:44 Finished transferring output files
...
005 (3343652.010.000) 01/21 17:29:44 Job terminated.
	(1) Normal termination (return value 1)
		Usr 0 00:00:00, Sys 0 00:00:00  -  Run Remote Usage
		Usr 0 00:00:00, Sys 0 00:00:00  -  Run Local Usage
		Usr 0 00:00:00, Sys 0 00:00:00  -  Total Remote Usage
		Usr 0 00:00:00, Sys 0 00:00:00  -  Total Local Usage
	512  -  Run Bytes Sent By Job
	11205  -  Run Bytes Received By Job
	512  -  Total Bytes Sent By Job
	11205  -  Total Bytes Received By Job
	Partitionable Resources :    Usage  Request Allocated 
	   Cpus                 :                 4         4 
	   Disk (KB)            :       28        1   1292982 
	   Memory (MB)          :        0     8000      8000 

	Job terminated of its own accord at 2022-01-21T16:29:42Z.
...
