000 (3344065.016.000) 01/23 18:27:48 Job submitted from host: <188.185.70.244:9618?addrs=188.185.70.244-9618+[2001-1458-d00-7--100-2ee]-9618&alias=bigbird10.cern.ch&noUDP&sock=schedd_7001_aea1>
...
022 (3344065.016.000) 01/23 18:29:20 Job disconnected, attempting to reconnect
    Socket between submit and execute hosts closed unexpectedly
    Trying to reconnect to slot1_7@b7s05p5243.cern.ch <128.142.60.22:9618?addrs=128.142.60.22-9618+[2001-1458-301-22--100-15]-9618&alias=b7s05p5243.cern.ch&noUDP&sock=startd_2914_5710>
...
024 (3344065.016.000) 01/23 18:29:20 Job reconnection failed
    Job not found at execution machine
    Can not reconnect to slot1_7@b7s05p5243.cern.ch, rescheduling job
...
022 (3344065.016.000) 01/23 18:30:44 Job disconnected, attempting to reconnect
    Socket between submit and execute hosts closed unexpectedly
    Trying to reconnect to slot1_2@b7s03p9637.cern.ch <128.142.58.38:9618?addrs=128.142.58.38-9618&alias=b7s03p9637.cern.ch&noUDP&sock=startd_4661_a304>
...
024 (3344065.016.000) 01/23 18:30:44 Job reconnection failed
    Job not found at execution machine
    Can not reconnect to slot1_2@b7s03p9637.cern.ch, rescheduling job
...
040 (3344065.016.000) 01/23 18:31:02 Started transferring input files
	Transferring to host: <188.184.160.187:9618?addrs=188.184.160.187-9618+[2001-1458-301-48--100-b5]-9618&alias=b7s09p0552.cern.ch&noUDP&sock=slot1_16_3672_018e_39023>
...
040 (3344065.016.000) 01/23 18:31:02 Finished transferring input files
...
001 (3344065.016.000) 01/23 18:31:03 Job executing on host: <188.184.160.187:9618?addrs=188.184.160.187-9618+[2001-1458-301-48--100-b5]-9618&alias=b7s09p0552.cern.ch&noUDP&sock=startd_3605_4f02>
...
006 (3344065.016.000) 01/23 18:31:11 Image size of job updated: 1584552
	194  -  MemoryUsage of job (MB)
	198464  -  ResidentSetSize of job (KB)
...
006 (3344065.016.000) 01/23 18:31:42 Image size of job updated: 1735144
	194  -  MemoryUsage of job (MB)
	198492  -  ResidentSetSize of job (KB)
...
040 (3344065.016.000) 01/23 18:31:42 Started transferring output files
...
040 (3344065.016.000) 01/23 18:31:42 Finished transferring output files
...
005 (3344065.016.000) 01/23 18:31:42 Job terminated.
	(1) Normal termination (return value 0)
		Usr 0 00:00:21, Sys 0 00:00:02  -  Run Remote Usage
		Usr 0 00:00:00, Sys 0 00:00:00  -  Run Local Usage
		Usr 0 00:00:21, Sys 0 00:00:02  -  Total Remote Usage
		Usr 0 00:00:00, Sys 0 00:00:00  -  Total Local Usage
	6222  -  Run Bytes Sent By Job
	11205  -  Run Bytes Received By Job
	6222  -  Total Bytes Sent By Job
	11205  -  Total Bytes Received By Job
	Partitionable Resources :    Usage  Request Allocated 
	   Cpus                 :                 4         4 
	   Disk (KB)            :       32        1   1408963 
	   Memory (MB)          :      194     8000      8000 

	Job terminated of its own accord at 2022-01-23T17:31:42Z.
...
