000 (3300985.005.000) 01/10 17:53:17 Job submitted from host: <188.185.70.244:9618?addrs=188.185.70.244-9618+[2001-1458-d00-7--100-2ee]-9618&alias=bigbird10.cern.ch&noUDP&sock=schedd_7001_aea1>
...
040 (3300985.005.000) 01/10 17:56:11 Started transferring input files
	Transferring to host: <128.142.131.40:9618?addrs=128.142.131.40-9618+[2001-1458-301-59--100-1c]-9618&alias=b7g11p9791.cern.ch&noUDP&sock=slot1_6_1588_a3ba_71672>
...
040 (3300985.005.000) 01/10 17:56:11 Finished transferring input files
...
001 (3300985.005.000) 01/10 17:56:12 Job executing on host: <128.142.131.40:9618?addrs=128.142.131.40-9618+[2001-1458-301-59--100-1c]-9618&alias=b7g11p9791.cern.ch&noUDP&sock=startd_1541_9388>
...
006 (3300985.005.000) 01/10 17:56:21 Image size of job updated: 396040
	155  -  MemoryUsage of job (MB)
	157772  -  ResidentSetSize of job (KB)
...
006 (3300985.005.000) 01/10 17:56:44 Image size of job updated: 1580408
	155  -  MemoryUsage of job (MB)
	157772  -  ResidentSetSize of job (KB)
...
040 (3300985.005.000) 01/10 17:56:45 Started transferring output files
...
040 (3300985.005.000) 01/10 17:56:45 Finished transferring output files
...
005 (3300985.005.000) 01/10 17:56:45 Job terminated.
	(1) Normal termination (return value 0)
		Usr 0 00:00:05, Sys 0 00:00:02  -  Run Remote Usage
		Usr 0 00:00:00, Sys 0 00:00:00  -  Run Local Usage
		Usr 0 00:00:05, Sys 0 00:00:02  -  Total Remote Usage
		Usr 0 00:00:00, Sys 0 00:00:00  -  Total Local Usage
	2844  -  Run Bytes Sent By Job
	10522  -  Run Bytes Received By Job
	2844  -  Total Bytes Sent By Job
	10522  -  Total Bytes Received By Job
	Partitionable Resources :    Usage  Request Allocated 
	   Cpus                 :                 4         4 
	   Disk (KB)            :       29        1   1597977 
	   Memory (MB)          :      155     8000      8000 

	Job terminated of its own accord at 2022-01-10T16:56:44Z.
...
