000 (3344065.012.000) 01/23 18:27:48 Job submitted from host: <188.185.70.244:9618?addrs=188.185.70.244-9618+[2001-1458-d00-7--100-2ee]-9618&alias=bigbird10.cern.ch&noUDP&sock=schedd_7001_aea1>
...
022 (3344065.012.000) 01/23 18:29:18 Job disconnected, attempting to reconnect
    Socket between submit and execute hosts closed unexpectedly
    Trying to reconnect to slot1_15@b7s06p4172.cern.ch <128.142.61.89:9618?addrs=128.142.61.89-9618&alias=b7s06p4172.cern.ch&noUDP&sock=startd_3963_dde9>
...
024 (3344065.012.000) 01/23 18:29:18 Job reconnection failed
    Job not found at execution machine
    Can not reconnect to slot1_15@b7s06p4172.cern.ch, rescheduling job
...
022 (3344065.012.000) 01/23 18:30:43 Job disconnected, attempting to reconnect
    Socket between submit and execute hosts closed unexpectedly
    Trying to reconnect to slot1_12@b7s09p9145.cern.ch <188.184.160.68:9618?addrs=188.184.160.68-9618+[2001-1458-301-48--100-3e]-9618&alias=b7s09p9145.cern.ch&noUDP&sock=startd_3755_3236>
...
024 (3344065.012.000) 01/23 18:30:43 Job reconnection failed
    Job not found at execution machine
    Can not reconnect to slot1_12@b7s09p9145.cern.ch, rescheduling job
...
040 (3344065.012.000) 01/23 18:30:51 Started transferring input files
	Transferring to host: <128.142.63.74:9618?addrs=128.142.63.74-9618&alias=b7s08p7865.cern.ch&noUDP&sock=slot1_40_4694_18f8_44605>
...
040 (3344065.012.000) 01/23 18:30:51 Finished transferring input files
...
001 (3344065.012.000) 01/23 18:30:52 Job executing on host: <128.142.63.74:9618?addrs=128.142.63.74-9618&alias=b7s08p7865.cern.ch&noUDP&sock=startd_4343_83e6>
...
006 (3344065.012.000) 01/23 18:31:00 Image size of job updated: 332716
	226  -  MemoryUsage of job (MB)
	231296  -  ResidentSetSize of job (KB)
...
006 (3344065.012.000) 01/23 18:31:27 Image size of job updated: 1739780
	228  -  MemoryUsage of job (MB)
	233352  -  ResidentSetSize of job (KB)
...
040 (3344065.012.000) 01/23 18:31:27 Started transferring output files
...
040 (3344065.012.000) 01/23 18:31:27 Finished transferring output files
...
005 (3344065.012.000) 01/23 18:31:27 Job terminated.
	(1) Normal termination (return value 0)
		Usr 0 00:00:16, Sys 0 00:00:02  -  Run Remote Usage
		Usr 0 00:00:00, Sys 0 00:00:00  -  Run Local Usage
		Usr 0 00:00:16, Sys 0 00:00:02  -  Total Remote Usage
		Usr 0 00:00:00, Sys 0 00:00:00  -  Total Local Usage
	6222  -  Run Bytes Sent By Job
	11205  -  Run Bytes Received By Job
	6222  -  Total Bytes Sent By Job
	11205  -  Total Bytes Received By Job
	Partitionable Resources :    Usage  Request Allocated 
	   Cpus                 :                 4         4 
	   Disk (KB)            :       31        1   1266408 
	   Memory (MB)          :      228     8000      8000 

	Job terminated of its own accord at 2022-01-23T17:31:27Z.
...
