000 (3300985.007.000) 01/10 17:53:17 Job submitted from host: <188.185.70.244:9618?addrs=188.185.70.244-9618+[2001-1458-d00-7--100-2ee]-9618&alias=bigbird10.cern.ch&noUDP&sock=schedd_7001_aea1>
...
040 (3300985.007.000) 01/10 17:56:32 Entered queue to transfer input files
	Transferring to host: <128.142.137.188:9618?addrs=128.142.137.188-9618+[2001-1458-301-5e--100-b0]-9618&alias=b7g19p0738.cern.ch&noUDP&sock=slot1_5_30751_9c7c_72550>
...
040 (3300985.007.000) 01/10 17:56:33 Started transferring input files
	Seconds spent in queue: 1
...
040 (3300985.007.000) 01/10 17:56:33 Finished transferring input files
...
001 (3300985.007.000) 01/10 17:56:34 Job executing on host: <128.142.137.188:9618?addrs=128.142.137.188-9618+[2001-1458-301-5e--100-b0]-9618&alias=b7g19p0738.cern.ch&noUDP&sock=startd_8800_a582>
...
006 (3300985.007.000) 01/10 17:56:42 Image size of job updated: 234500
	107  -  MemoryUsage of job (MB)
	108972  -  ResidentSetSize of job (KB)
...
006 (3300985.007.000) 01/10 17:57:16 Image size of job updated: 1256180
	107  -  MemoryUsage of job (MB)
	109012  -  ResidentSetSize of job (KB)
...
040 (3300985.007.000) 01/10 17:57:21 Entered queue to transfer output files
...
040 (3300985.007.000) 01/10 17:57:24 Started transferring output files
	Seconds spent in queue: 52
...
040 (3300985.007.000) 01/10 17:57:24 Finished transferring output files
...
005 (3300985.007.000) 01/10 17:57:25 Job terminated.
	(1) Normal termination (return value 0)
		Usr 0 00:00:05, Sys 0 00:00:02  -  Run Remote Usage
		Usr 0 00:00:00, Sys 0 00:00:00  -  Run Local Usage
		Usr 0 00:00:05, Sys 0 00:00:02  -  Total Remote Usage
		Usr 0 00:00:00, Sys 0 00:00:00  -  Total Local Usage
	4828  -  Run Bytes Sent By Job
	10522  -  Run Bytes Received By Job
	4828  -  Total Bytes Sent By Job
	10522  -  Total Bytes Received By Job
	Partitionable Resources :    Usage  Request Allocated 
	   Cpus                 :                 4         4 
	   Disk (KB)            :       31        1   1591223 
	   Memory (MB)          :      107     8000      8000 

	Job terminated of its own accord at 2022-01-10T16:57:16Z.
...
