000 (3315593.024.000) 01/12 17:36:27 Job submitted from host: <188.185.70.244:9618?addrs=188.185.70.244-9618+[2001-1458-d00-7--100-2ee]-9618&alias=bigbird10.cern.ch&noUDP&sock=schedd_7001_aea1>
...
040 (3315593.024.000) 01/13 01:14:20 Started transferring input files
	Transferring to host: <128.142.56.94:9618?addrs=128.142.56.94-9618+[2001-1458-301-6--100-5d]-9618&alias=b7s01p5837.cern.ch&noUDP&sock=slot1_13_3585_b4eb_26815>
...
040 (3315593.024.000) 01/13 01:14:20 Finished transferring input files
...
001 (3315593.024.000) 01/13 01:14:21 Job executing on host: <128.142.56.94:9618?addrs=128.142.56.94-9618+[2001-1458-301-6--100-5d]-9618&alias=b7s01p5837.cern.ch&noUDP&sock=startd_2829_0983>
...
006 (3315593.024.000) 01/13 01:14:29 Image size of job updated: 1256212
	221  -  MemoryUsage of job (MB)
	225556  -  ResidentSetSize of job (KB)
...
040 (3315593.024.000) 01/13 01:14:30 Started transferring output files
...
040 (3315593.024.000) 01/13 01:14:30 Finished transferring output files
...
005 (3315593.024.000) 01/13 01:14:30 Job terminated.
	(1) Normal termination (return value 1)
		Usr 0 00:00:04, Sys 0 00:00:02  -  Run Remote Usage
		Usr 0 00:00:00, Sys 0 00:00:00  -  Run Local Usage
		Usr 0 00:00:04, Sys 0 00:00:02  -  Total Remote Usage
		Usr 0 00:00:00, Sys 0 00:00:00  -  Total Local Usage
	4137  -  Run Bytes Sent By Job
	10529  -  Run Bytes Received By Job
	4137  -  Total Bytes Sent By Job
	10529  -  Total Bytes Received By Job
	Partitionable Resources :    Usage  Request Allocated 
	   Cpus                 :                 4         4 
	   Disk (KB)            :       32        1   1268641 
	   Memory (MB)          :      221     8000      8000 

	Job terminated of its own accord at 2022-01-13T00:14:30Z.
...
