000 (3338420.008.000) 01/19 19:03:57 Job submitted from host: <188.185.70.244:9618?addrs=188.185.70.244-9618+[2001-1458-d00-7--100-2ee]-9618&alias=bigbird10.cern.ch&noUDP&sock=schedd_7001_aea1>
...
040 (3338420.008.000) 01/19 19:06:47 Started transferring input files
	Transferring to host: <188.184.165.130:9618?addrs=188.184.165.130-9618+[2001-1458-301-51--100-7d]-9618&alias=b7s14p7623.cern.ch&noUDP&sock=slot1_4_3513_f9e8_10753>
...
040 (3338420.008.000) 01/19 19:06:47 Finished transferring input files
...
001 (3338420.008.000) 01/19 19:06:48 Job executing on host: <188.184.165.130:9618?addrs=188.184.165.130-9618+[2001-1458-301-51--100-7d]-9618&alias=b7s14p7623.cern.ch&noUDP&sock=startd_3160_135d>
...
006 (3338420.008.000) 01/19 19:06:57 Image size of job updated: 714696
	125  -  MemoryUsage of job (MB)
	127648  -  ResidentSetSize of job (KB)
...
006 (3338420.008.000) 01/19 19:11:58 Image size of job updated: 1732488
	272  -  MemoryUsage of job (MB)
	278344  -  ResidentSetSize of job (KB)
...
006 (3338420.008.000) 01/19 19:26:59 Image size of job updated: 2507660
	1011  -  MemoryUsage of job (MB)
	1034536  -  ResidentSetSize of job (KB)
...
006 (3338420.008.000) 01/19 20:32:05 Image size of job updated: 2928788
	1090  -  MemoryUsage of job (MB)
	1115388  -  ResidentSetSize of job (KB)
...
006 (3338420.008.000) 01/19 21:17:10 Image size of job updated: 3348896
	1471  -  MemoryUsage of job (MB)
	1505888  -  ResidentSetSize of job (KB)
...
006 (3338420.008.000) 01/19 21:22:10 Image size of job updated: 3348896
	1471  -  MemoryUsage of job (MB)
	1505892  -  ResidentSetSize of job (KB)
...
006 (3338420.008.000) 01/19 21:52:13 Image size of job updated: 3348896
	1472  -  MemoryUsage of job (MB)
	1506720  -  ResidentSetSize of job (KB)
...
006 (3338420.008.000) 01/19 21:57:13 Image size of job updated: 3813416
	1904  -  MemoryUsage of job (MB)
	1949204  -  ResidentSetSize of job (KB)
...
006 (3338420.008.000) 01/19 22:07:15 Image size of job updated: 3813416
	1904  -  MemoryUsage of job (MB)
	1949208  -  ResidentSetSize of job (KB)
...
006 (3338420.008.000) 01/19 22:42:18 Image size of job updated: 4283404
	2348  -  MemoryUsage of job (MB)
	2403356  -  ResidentSetSize of job (KB)
...
006 (3338420.008.000) 01/19 22:52:19 Image size of job updated: 4283404
	2348  -  MemoryUsage of job (MB)
	2403360  -  ResidentSetSize of job (KB)
...
006 (3338420.008.000) 01/19 23:42:23 Image size of job updated: 4283404
	2351  -  MemoryUsage of job (MB)
	2407340  -  ResidentSetSize of job (KB)
...
006 (3338420.008.000) 01/19 23:47:23 Image size of job updated: 4861568
	3084  -  MemoryUsage of job (MB)
	3157048  -  ResidentSetSize of job (KB)
...
006 (3338420.008.000) 01/20 00:07:25 Image size of job updated: 4861568
	3084  -  MemoryUsage of job (MB)
	3157052  -  ResidentSetSize of job (KB)
...
006 (3338420.008.000) 01/20 00:22:27 Image size of job updated: 5030660
	3488  -  MemoryUsage of job (MB)
	3571548  -  ResidentSetSize of job (KB)
...
006 (3338420.008.000) 01/20 00:27:28 Image size of job updated: 5465380
	3488  -  MemoryUsage of job (MB)
	3571548  -  ResidentSetSize of job (KB)
...
006 (3338420.008.000) 01/20 02:52:45 Image size of job updated: 6063764
	3772  -  MemoryUsage of job (MB)
	3862368  -  ResidentSetSize of job (KB)
...
040 (3338420.008.000) 01/20 03:07:13 Started transferring output files
...
040 (3338420.008.000) 01/20 03:07:13 Finished transferring output files
...
009 (3338420.008.000) 01/20 03:07:13 Job was aborted.
	Job removed by SYSTEM_PERIODIC_REMOVE due to wall time exceeded allowed max.
...
