000 (3319729.020.000) 01/17 11:19:47 Job submitted from host: <188.185.70.244:9618?addrs=188.185.70.244-9618+[2001-1458-d00-7--100-2ee]-9618&alias=bigbird10.cern.ch&noUDP&sock=schedd_7001_aea1>
...
040 (3319729.020.000) 01/17 11:27:19 Entered queue to transfer input files
	Transferring to host: <188.184.163.68:9618?addrs=188.184.163.68-9618+[2001-1458-301-4d--100-3e]-9618&alias=b7s12p1710.cern.ch&noUDP&sock=slot1_7_3589_866b_31428>
...
040 (3319729.020.000) 01/17 11:28:21 Started transferring input files
	Seconds spent in queue: 62
...
040 (3319729.020.000) 01/17 11:28:21 Finished transferring input files
...
001 (3319729.020.000) 01/17 11:28:22 Job executing on host: <188.184.163.68:9618?addrs=188.184.163.68-9618+[2001-1458-301-4d--100-3e]-9618&alias=b7s12p1710.cern.ch&noUDP&sock=startd_2983_ab19>
...
006 (3319729.020.000) 01/17 11:28:31 Image size of job updated: 710032
	160  -  MemoryUsage of job (MB)
	163072  -  ResidentSetSize of job (KB)
...
006 (3319729.020.000) 01/17 11:33:31 Image size of job updated: 2504652
	723  -  MemoryUsage of job (MB)
	739476  -  ResidentSetSize of job (KB)
...
006 (3319729.020.000) 01/17 11:38:31 Image size of job updated: 2504652
	723  -  MemoryUsage of job (MB)
	739484  -  ResidentSetSize of job (KB)
...
006 (3319729.020.000) 01/17 11:43:32 Image size of job updated: 2504652
	733  -  MemoryUsage of job (MB)
	750212  -  ResidentSetSize of job (KB)
...
006 (3319729.020.000) 01/17 11:48:33 Image size of job updated: 2900840
	1106  -  MemoryUsage of job (MB)
	1131732  -  ResidentSetSize of job (KB)
...
006 (3319729.020.000) 01/17 11:58:33 Image size of job updated: 2924348
	1161  -  MemoryUsage of job (MB)
	1188472  -  ResidentSetSize of job (KB)
...
006 (3319729.020.000) 01/17 12:03:34 Image size of job updated: 3543636
	1661  -  MemoryUsage of job (MB)
	1699932  -  ResidentSetSize of job (KB)
...
006 (3319729.020.000) 01/17 12:08:34 Image size of job updated: 3950728
	2069  -  MemoryUsage of job (MB)
	2117828  -  ResidentSetSize of job (KB)
...
006 (3319729.020.000) 01/17 12:13:34 Image size of job updated: 4726476
	2669  -  MemoryUsage of job (MB)
	2732852  -  ResidentSetSize of job (KB)
...
006 (3319729.020.000) 01/17 12:18:35 Image size of job updated: 4852120
	2879  -  MemoryUsage of job (MB)
	2947380  -  ResidentSetSize of job (KB)
...
006 (3319729.020.000) 01/17 12:23:36 Image size of job updated: 5371820
	3311  -  MemoryUsage of job (MB)
	3390100  -  ResidentSetSize of job (KB)
...
006 (3319729.020.000) 01/17 12:28:36 Image size of job updated: 5945640
	3817  -  MemoryUsage of job (MB)
	3908080  -  ResidentSetSize of job (KB)
...
040 (3319729.020.000) 01/17 12:32:16 Started transferring output files
	Seconds spent in queue: 3897
...
040 (3319729.020.000) 01/17 12:32:16 Finished transferring output files
...
005 (3319729.020.000) 01/17 12:32:16 Job terminated.
	(1) Normal termination (return value 0)
		Usr 0 00:30:24, Sys 0 00:00:33  -  Run Remote Usage
		Usr 0 00:00:00, Sys 0 00:00:00  -  Run Local Usage
		Usr 0 00:30:24, Sys 0 00:00:33  -  Total Remote Usage
		Usr 0 00:00:00, Sys 0 00:00:00  -  Total Local Usage
	1261  -  Run Bytes Sent By Job
	10521  -  Run Bytes Received By Job
	1261  -  Total Bytes Sent By Job
	10521  -  Total Bytes Received By Job
	Partitionable Resources :    Usage  Request Allocated 
	   Cpus                 :     0.07        4         4 
	   Disk (KB)            :    35           1   3058040 
	   Memory (MB)          :  3817        8000      8000 

	Job terminated of its own accord at 2022-01-17T11:32:16Z.
...
