000 (3344065.011.000) 01/23 18:27:48 Job submitted from host: <188.185.70.244:9618?addrs=188.185.70.244-9618+[2001-1458-d00-7--100-2ee]-9618&alias=bigbird10.cern.ch&noUDP&sock=schedd_7001_aea1>
...
022 (3344065.011.000) 01/23 18:29:18 Job disconnected, attempting to reconnect
    Socket between submit and execute hosts closed unexpectedly
    Trying to reconnect to slot1_13@b7s05p5415.cern.ch <128.142.60.16:9618?addrs=128.142.60.16-9618+[2001-1458-301-22--100-f]-9618&alias=b7s05p5415.cern.ch&noUDP&sock=startd_2926_9233>
...
024 (3344065.011.000) 01/23 18:29:26 Job reconnection failed
    Job not found at execution machine
    Can not reconnect to slot1_13@b7s05p5415.cern.ch, rescheduling job
...
022 (3344065.011.000) 01/23 18:30:43 Job disconnected, attempting to reconnect
    Socket between submit and execute hosts closed unexpectedly
    Trying to reconnect to slot1_15@b7s12p4495.cern.ch <188.184.163.155:9618?addrs=188.184.163.155-9618+[2001-1458-301-4d--100-95]-9618&alias=b7s12p4495.cern.ch&noUDP&sock=startd_3346_a7fa>
...
024 (3344065.011.000) 01/23 18:30:43 Job reconnection failed
    Job not found at execution machine
    Can not reconnect to slot1_15@b7s12p4495.cern.ch, rescheduling job
...
040 (3344065.011.000) 01/23 18:30:45 Started transferring input files
	Transferring to host: <128.142.60.153:9618?addrs=128.142.60.153-9618+[2001-1458-301-22--100-98]-9618&alias=b7s05p6535.cern.ch&noUDP&sock=slot1_7_3585_b4eb_40374>
...
040 (3344065.011.000) 01/23 18:30:45 Finished transferring input files
...
001 (3344065.011.000) 01/23 18:30:46 Job executing on host: <128.142.60.153:9618?addrs=128.142.60.153-9618+[2001-1458-301-22--100-98]-9618&alias=b7s05p6535.cern.ch&noUDP&sock=startd_2932_afc5>
...
006 (3344065.011.000) 01/23 18:30:54 Image size of job updated: 396044
	228  -  MemoryUsage of job (MB)
	232684  -  ResidentSetSize of job (KB)
...
006 (3344065.011.000) 01/23 18:31:20 Image size of job updated: 1737076
	228  -  MemoryUsage of job (MB)
	232812  -  ResidentSetSize of job (KB)
...
040 (3344065.011.000) 01/23 18:31:20 Started transferring output files
...
040 (3344065.011.000) 01/23 18:31:20 Finished transferring output files
...
005 (3344065.011.000) 01/23 18:31:20 Job terminated.
	(1) Normal termination (return value 0)
		Usr 0 00:00:16, Sys 0 00:00:02  -  Run Remote Usage
		Usr 0 00:00:00, Sys 0 00:00:00  -  Run Local Usage
		Usr 0 00:00:16, Sys 0 00:00:02  -  Total Remote Usage
		Usr 0 00:00:00, Sys 0 00:00:00  -  Total Local Usage
	6222  -  Run Bytes Sent By Job
	11205  -  Run Bytes Received By Job
	6222  -  Total Bytes Sent By Job
	11205  -  Total Bytes Received By Job
	Partitionable Resources :    Usage  Request Allocated 
	   Cpus                 :                 4         4 
	   Disk (KB)            :       32        1   1267801 
	   Memory (MB)          :      228     8000      8000 

	Job terminated of its own accord at 2022-01-23T17:31:20Z.
...
