000 (3315593.002.000) 01/12 17:36:27 Job submitted from host: <188.185.70.244:9618?addrs=188.185.70.244-9618+[2001-1458-d00-7--100-2ee]-9618&alias=bigbird10.cern.ch&noUDP&sock=schedd_7001_aea1>
...
040 (3315593.002.000) 01/13 01:13:48 Started transferring input files
	Transferring to host: <128.142.56.94:9618?addrs=128.142.56.94-9618+[2001-1458-301-6--100-5d]-9618&alias=b7s01p5837.cern.ch&noUDP&sock=slot1_13_3585_b4eb_26813>
...
040 (3315593.002.000) 01/13 01:13:48 Finished transferring input files
...
001 (3315593.002.000) 01/13 01:13:49 Job executing on host: <128.142.56.94:9618?addrs=128.142.56.94-9618+[2001-1458-301-6--100-5d]-9618&alias=b7s01p5837.cern.ch&noUDP&sock=startd_2829_0983>
...
006 (3315593.002.000) 01/13 01:13:58 Image size of job updated: 1256212
	210  -  MemoryUsage of job (MB)
	214840  -  ResidentSetSize of job (KB)
...
006 (3315593.002.000) 01/13 01:13:59 Image size of job updated: 1256212
	210  -  MemoryUsage of job (MB)
	214992  -  ResidentSetSize of job (KB)
...
040 (3315593.002.000) 01/13 01:13:59 Started transferring output files
...
040 (3315593.002.000) 01/13 01:13:59 Finished transferring output files
...
005 (3315593.002.000) 01/13 01:13:59 Job terminated.
	(1) Normal termination (return value 1)
		Usr 0 00:00:04, Sys 0 00:00:02  -  Run Remote Usage
		Usr 0 00:00:00, Sys 0 00:00:00  -  Run Local Usage
		Usr 0 00:00:04, Sys 0 00:00:02  -  Total Remote Usage
		Usr 0 00:00:00, Sys 0 00:00:00  -  Total Local Usage
	5365  -  Run Bytes Sent By Job
	10529  -  Run Bytes Received By Job
	5365  -  Total Bytes Sent By Job
	10529  -  Total Bytes Received By Job
	Partitionable Resources :    Usage  Request Allocated 
	   Cpus                 :                 4         4 
	   Disk (KB)            :       33        1   1268744 
	   Memory (MB)          :      210     8000      8000 

	Job terminated of its own accord at 2022-01-13T00:13:59Z.
...
