000 (3338411.005.000) 01/19 18:49:40 Job submitted from host: <188.185.70.244:9618?addrs=188.185.70.244-9618+[2001-1458-d00-7--100-2ee]-9618&alias=bigbird10.cern.ch&noUDP&sock=schedd_7001_aea1>
...
040 (3338411.005.000) 01/19 18:58:08 Started transferring input files
	Transferring to host: <128.142.57.127:9618?addrs=128.142.57.127-9618+[2001-1458-301-7--100-7e]-9618&alias=b7s02p6294.cern.ch&noUDP&sock=slot1_3_3471_6226_40728>
...
040 (3338411.005.000) 01/19 18:58:08 Finished transferring input files
...
001 (3338411.005.000) 01/19 18:58:09 Job executing on host: <128.142.57.127:9618?addrs=128.142.57.127-9618+[2001-1458-301-7--100-7e]-9618&alias=b7s02p6294.cern.ch&noUDP&sock=startd_2836_d6ad>
...
006 (3338411.005.000) 01/19 18:58:18 Image size of job updated: 337060
	230  -  MemoryUsage of job (MB)
	235392  -  ResidentSetSize of job (KB)
...
006 (3338411.005.000) 01/19 19:03:04 Image size of job updated: 1814412
	230  -  MemoryUsage of job (MB)
	235396  -  ResidentSetSize of job (KB)
...
040 (3338411.005.000) 01/19 19:03:04 Started transferring output files
...
040 (3338411.005.000) 01/19 19:03:04 Finished transferring output files
...
004 (3338411.005.000) 01/19 19:03:04 Job was evicted.
	(0) CPU times
		Usr 0 00:00:29, Sys 0 00:00:02  -  Run Remote Usage
		Usr 0 00:00:00, Sys 0 00:00:00  -  Run Local Usage
	0  -  Run Bytes Sent By Job
	11204  -  Run Bytes Received By Job
	Partitionable Resources :    Usage  Request Allocated 
	   Cpus                 :                 4         4 
	   Disk (KB)            :       27        1   1285151 
	   Memory (MB)          :      230     8000      8000 
...
009 (3338411.005.000) 01/19 19:03:04 Job was aborted.
	via condor_rm (by user vdamante)
...
