000 (3319729.017.000) 01/17 11:19:46 Job submitted from host: <188.185.70.244:9618?addrs=188.185.70.244-9618+[2001-1458-d00-7--100-2ee]-9618&alias=bigbird10.cern.ch&noUDP&sock=schedd_7001_aea1>
...
040 (3319729.017.000) 01/17 11:27:18 Entered queue to transfer input files
	Transferring to host: <188.184.162.178:9618?addrs=188.184.162.178-9618+[2001-1458-301-4a--100-ac]-9618&alias=b7s11p4493.cern.ch&noUDP&sock=slot1_28_3939_21b9_31409>
...
040 (3319729.017.000) 01/17 11:28:21 Started transferring input files
	Seconds spent in queue: 63
...
040 (3319729.017.000) 01/17 11:28:21 Finished transferring input files
...
001 (3319729.017.000) 01/17 11:28:22 Job executing on host: <188.184.162.178:9618?addrs=188.184.162.178-9618+[2001-1458-301-4a--100-ac]-9618&alias=b7s11p4493.cern.ch&noUDP&sock=startd_3138_fc47>
...
006 (3319729.017.000) 01/17 11:28:31 Image size of job updated: 305904
	144  -  MemoryUsage of job (MB)
	146884  -  ResidentSetSize of job (KB)
...
006 (3319729.017.000) 01/17 11:33:31 Image size of job updated: 2530752
	757  -  MemoryUsage of job (MB)
	774624  -  ResidentSetSize of job (KB)
...
006 (3319729.017.000) 01/17 11:43:32 Image size of job updated: 2530752
	765  -  MemoryUsage of job (MB)
	782896  -  ResidentSetSize of job (KB)
...
006 (3319729.017.000) 01/17 11:48:33 Image size of job updated: 2970008
	1172  -  MemoryUsage of job (MB)
	1199156  -  ResidentSetSize of job (KB)
...
006 (3319729.017.000) 01/17 11:58:34 Image size of job updated: 3388932
	1526  -  MemoryUsage of job (MB)
	1562584  -  ResidentSetSize of job (KB)
...
006 (3319729.017.000) 01/17 12:13:35 Image size of job updated: 3881648
	1960  -  MemoryUsage of job (MB)
	2006308  -  ResidentSetSize of job (KB)
...
006 (3319729.017.000) 01/17 12:23:37 Image size of job updated: 3881648
	1962  -  MemoryUsage of job (MB)
	2008680  -  ResidentSetSize of job (KB)
...
006 (3319729.017.000) 01/17 12:28:37 Image size of job updated: 4345732
	2395  -  MemoryUsage of job (MB)
	2451596  -  ResidentSetSize of job (KB)
...
006 (3319729.017.000) 01/17 12:38:39 Image size of job updated: 4345732
	2397  -  MemoryUsage of job (MB)
	2453516  -  ResidentSetSize of job (KB)
...
006 (3319729.017.000) 01/17 12:43:39 Image size of job updated: 4636768
	2403  -  MemoryUsage of job (MB)
	2460184  -  ResidentSetSize of job (KB)
...
006 (3319729.017.000) 01/17 12:53:40 Image size of job updated: 5666596
	3067  -  MemoryUsage of job (MB)
	3139628  -  ResidentSetSize of job (KB)
...
006 (3319729.017.000) 01/17 12:58:40 Image size of job updated: 5666596
	3067  -  MemoryUsage of job (MB)
	3139632  -  ResidentSetSize of job (KB)
...
006 (3319729.017.000) 01/17 13:03:40 Image size of job updated: 5666596
	3067  -  MemoryUsage of job (MB)
	3139816  -  ResidentSetSize of job (KB)
...
006 (3319729.017.000) 01/17 13:08:41 Image size of job updated: 5666596
	3070  -  MemoryUsage of job (MB)
	3142964  -  ResidentSetSize of job (KB)
...
006 (3319729.017.000) 01/17 13:13:42 Image size of job updated: 5760176
	3538  -  MemoryUsage of job (MB)
	3621944  -  ResidentSetSize of job (KB)
...
006 (3319729.017.000) 01/17 13:18:42 Image size of job updated: 5760176
	3539  -  MemoryUsage of job (MB)
	3623608  -  ResidentSetSize of job (KB)
...
006 (3319729.017.000) 01/17 13:43:45 Image size of job updated: 6336076
	4723  -  MemoryUsage of job (MB)
	4835336  -  ResidentSetSize of job (KB)
...
040 (3319729.017.000) 01/17 13:57:13 Started transferring output files
	Seconds spent in queue: 8995
...
040 (3319729.017.000) 01/17 13:57:13 Finished transferring output files
...
005 (3319729.017.000) 01/17 13:57:13 Job terminated.
	(1) Normal termination (return value 0)
		Usr 0 00:39:16, Sys 0 00:00:42  -  Run Remote Usage
		Usr 0 00:00:00, Sys 0 00:00:00  -  Run Local Usage
		Usr 0 00:39:16, Sys 0 00:00:42  -  Total Remote Usage
		Usr 0 00:00:00, Sys 0 00:00:00  -  Total Local Usage
	1258  -  Run Bytes Sent By Job
	10521  -  Run Bytes Received By Job
	1258  -  Total Bytes Sent By Job
	10521  -  Total Bytes Received By Job
	Partitionable Resources :    Usage  Request Allocated 
	   Cpus                 :     0.10        4         4 
	   Disk (KB)            :    35           1   3086686 
	   Memory (MB)          :  4723        8000      8000 

	Job terminated of its own accord at 2022-01-17T12:57:13Z.
...
