000 (3277178.019.000) 12/25 12:35:48 Job submitted from host: <188.185.70.244:9618?addrs=188.185.70.244-9618+[2001-1458-d00-7--100-2ee]-9618&alias=bigbird10.cern.ch&noUDP&sock=schedd_2095_9300>
...
040 (3277178.019.000) 12/25 12:39:47 Started transferring input files
	Transferring to host: <128.142.63.102:9618?addrs=128.142.63.102-9618+[2001-1458-301-38--100-63]-9618&alias=b7s08p1155.cern.ch&noUDP&sock=slot1_15_3297_c8df_10102>
...
040 (3277178.019.000) 12/25 12:39:47 Finished transferring input files
...
001 (3277178.019.000) 12/25 12:39:48 Job executing on host: <128.142.63.102:9618?addrs=128.142.63.102-9618+[2001-1458-301-38--100-63]-9618&alias=b7s08p1155.cern.ch&noUDP&sock=startd_2770_916d>
...
006 (3277178.019.000) 12/25 12:39:57 Image size of job updated: 1256176
	155  -  MemoryUsage of job (MB)
	157788  -  ResidentSetSize of job (KB)
...
040 (3277178.019.000) 12/25 12:40:02 Started transferring output files
...
040 (3277178.019.000) 12/25 12:40:02 Finished transferring output files
...
005 (3277178.019.000) 12/25 12:40:02 Job terminated.
	(1) Normal termination (return value 0)
		Usr 0 00:00:03, Sys 0 00:00:02  -  Run Remote Usage
		Usr 0 00:00:00, Sys 0 00:00:00  -  Run Local Usage
		Usr 0 00:00:03, Sys 0 00:00:02  -  Total Remote Usage
		Usr 0 00:00:00, Sys 0 00:00:00  -  Total Local Usage
	2458  -  Run Bytes Sent By Job
	11209  -  Run Bytes Received By Job
	2458  -  Total Bytes Sent By Job
	11209  -  Total Bytes Received By Job
	Partitionable Resources :    Usage  Request Allocated 
	   Cpus                 :                 4         4 
	   Disk (KB)            :       30        1   1263859 
	   Memory (MB)          :      155     8000      8000 

	Job terminated of its own accord at 2021-12-25T11:40:02Z.
...
