000 (3344067.022.000) 01/23 18:28:19 Job submitted from host: <188.185.70.244:9618?addrs=188.185.70.244-9618+[2001-1458-d00-7--100-2ee]-9618&alias=bigbird10.cern.ch&noUDP&sock=schedd_7001_aea1>
...
040 (3344067.022.000) 01/23 18:29:22 Started transferring input files
	Transferring to host: <128.142.56.73:9618?addrs=128.142.56.73-9618&alias=b7s01p3383.cern.ch&noUDP&sock=slot1_23_5174_4d0b_47034>
...
040 (3344067.022.000) 01/23 18:29:22 Finished transferring input files
...
001 (3344067.022.000) 01/23 18:29:23 Job executing on host: <128.142.56.73:9618?addrs=128.142.56.73-9618&alias=b7s01p3383.cern.ch&noUDP&sock=startd_4820_b293>
...
006 (3344067.022.000) 01/23 18:29:32 Image size of job updated: 355136
	247  -  MemoryUsage of job (MB)
	252340  -  ResidentSetSize of job (KB)
...
006 (3344067.022.000) 01/23 18:30:36 Image size of job updated: 1733108
	247  -  MemoryUsage of job (MB)
	252404  -  ResidentSetSize of job (KB)
...
040 (3344067.022.000) 01/23 18:30:36 Started transferring output files
...
040 (3344067.022.000) 01/23 18:30:36 Finished transferring output files
...
005 (3344067.022.000) 01/23 18:30:36 Job terminated.
	(1) Normal termination (return value 0)
		Usr 0 00:00:11, Sys 0 00:00:02  -  Run Remote Usage
		Usr 0 00:00:00, Sys 0 00:00:00  -  Run Local Usage
		Usr 0 00:00:11, Sys 0 00:00:02  -  Total Remote Usage
		Usr 0 00:00:00, Sys 0 00:00:00  -  Total Local Usage
	1563  -  Run Bytes Sent By Job
	11208  -  Run Bytes Received By Job
	1563  -  Total Bytes Sent By Job
	11208  -  Total Bytes Received By Job
	Partitionable Resources :    Usage  Request Allocated 
	   Cpus                 :                 4         4 
	   Disk (KB)            :       28        1   1255616 
	   Memory (MB)          :      247     8000      8000 

	Job terminated of its own accord at 2022-01-23T17:30:36Z.
...
