000 (3314616.001.000) 01/11 10:16:03 Job submitted from host: <188.185.70.244:9618?addrs=188.185.70.244-9618+[2001-1458-d00-7--100-2ee]-9618&alias=bigbird10.cern.ch&noUDP&sock=schedd_7001_aea1>
...
040 (3314616.001.000) 01/11 10:17:51 Started transferring input files
	Transferring to host: <188.184.160.167:9618?addrs=188.184.160.167-9618+[2001-1458-301-48--100-a1]-9618&alias=b7s09p7008.cern.ch&noUDP&sock=slot1_33_3242_083d_26316>
...
040 (3314616.001.000) 01/11 10:17:51 Finished transferring input files
...
001 (3314616.001.000) 01/11 10:17:52 Job executing on host: <188.184.160.167:9618?addrs=188.184.160.167-9618+[2001-1458-301-48--100-a1]-9618&alias=b7s09p7008.cern.ch&noUDP&sock=startd_3001_03ce>
...
006 (3314616.001.000) 01/11 10:18:01 Image size of job updated: 320112
	155  -  MemoryUsage of job (MB)
	157804  -  ResidentSetSize of job (KB)
...
006 (3314616.001.000) 01/11 10:23:03 Image size of job updated: 1882380
	417  -  MemoryUsage of job (MB)
	426712  -  ResidentSetSize of job (KB)
...
006 (3314616.001.000) 01/11 10:26:47 Image size of job updated: 2028580
	417  -  MemoryUsage of job (MB)
	426712  -  ResidentSetSize of job (KB)
...
040 (3314616.001.000) 01/11 10:26:47 Started transferring output files
...
040 (3314616.001.000) 01/11 10:26:47 Finished transferring output files
...
004 (3314616.001.000) 01/11 10:26:47 Job was evicted.
	(0) CPU times
		Usr 0 00:01:13, Sys 0 00:00:06  -  Run Remote Usage
		Usr 0 00:00:00, Sys 0 00:00:00  -  Run Local Usage
	8224  -  Run Bytes Sent By Job
	10522  -  Run Bytes Received By Job
	Partitionable Resources :    Usage  Request Allocated 
	   Cpus                 :                 4         4 
	   Disk (KB)            :       35        1   1442297 
	   Memory (MB)          :      417     8000      8000 
...
009 (3314616.001.000) 01/11 10:26:47 Job was aborted.
	via condor_rm (by user vdamante)
...
