000 (3316949.006.000) 01/13 10:23:48 Job submitted from host: <188.185.70.244:9618?addrs=188.185.70.244-9618+[2001-1458-d00-7--100-2ee]-9618&alias=bigbird10.cern.ch&noUDP&sock=schedd_7001_aea1>
...
040 (3316949.006.000) 01/13 10:29:12 Started transferring input files
	Transferring to host: <128.142.56.106:9618?addrs=128.142.56.106-9618&alias=b7s01p1580.cern.ch&noUDP&sock=slot1_6_3606_80cc_31999>
...
040 (3316949.006.000) 01/13 10:29:12 Finished transferring input files
...
001 (3316949.006.000) 01/13 10:29:13 Job executing on host: <128.142.56.106:9618?addrs=128.142.56.106-9618&alias=b7s01p1580.cern.ch&noUDP&sock=startd_2590_1a61>
...
006 (3316949.006.000) 01/13 10:29:22 Image size of job updated: 1220908
	155  -  MemoryUsage of job (MB)
	157800  -  ResidentSetSize of job (KB)
...
006 (3316949.006.000) 01/13 10:34:23 Image size of job updated: 2058080
	585  -  MemoryUsage of job (MB)
	598972  -  ResidentSetSize of job (KB)
...
006 (3316949.006.000) 01/13 10:39:24 Image size of job updated: 2344012
	866  -  MemoryUsage of job (MB)
	886472  -  ResidentSetSize of job (KB)
...
006 (3316949.006.000) 01/13 10:44:24 Image size of job updated: 2592060
	1060  -  MemoryUsage of job (MB)
	1085280  -  ResidentSetSize of job (KB)
...
006 (3316949.006.000) 01/13 10:49:25 Image size of job updated: 2592060
	1060  -  MemoryUsage of job (MB)
	1085352  -  ResidentSetSize of job (KB)
...
006 (3316949.006.000) 01/13 10:54:26 Image size of job updated: 3100548
	1338  -  MemoryUsage of job (MB)
	1369784  -  ResidentSetSize of job (KB)
...
006 (3316949.006.000) 01/13 11:24:28 Image size of job updated: 3469012
	1628  -  MemoryUsage of job (MB)
	1666712  -  ResidentSetSize of job (KB)
...
006 (3316949.006.000) 01/13 11:49:31 Image size of job updated: 3827336
	1931  -  MemoryUsage of job (MB)
	1977344  -  ResidentSetSize of job (KB)
...
006 (3316949.006.000) 01/13 11:54:31 Image size of job updated: 3827336
	1941  -  MemoryUsage of job (MB)
	1987304  -  ResidentSetSize of job (KB)
...
006 (3316949.006.000) 01/13 11:59:32 Image size of job updated: 4309532
	2388  -  MemoryUsage of job (MB)
	2444476  -  ResidentSetSize of job (KB)
...
006 (3316949.006.000) 01/13 12:04:33 Image size of job updated: 4771896
	2837  -  MemoryUsage of job (MB)
	2904392  -  ResidentSetSize of job (KB)
...
006 (3316949.006.000) 01/13 12:09:33 Image size of job updated: 4771896
	2841  -  MemoryUsage of job (MB)
	2908196  -  ResidentSetSize of job (KB)
...
006 (3316949.006.000) 01/13 12:14:34 Image size of job updated: 5325868
	3300  -  MemoryUsage of job (MB)
	3379200  -  ResidentSetSize of job (KB)
...
040 (3316949.006.000) 01/13 12:15:11 Started transferring output files
...
040 (3316949.006.000) 01/13 12:15:12 Finished transferring output files
...
005 (3316949.006.000) 01/13 12:15:12 Job terminated.
	(1) Normal termination (return value 0)
		Usr 0 00:19:43, Sys 0 00:00:43  -  Run Remote Usage
		Usr 0 00:00:00, Sys 0 00:00:00  -  Run Local Usage
		Usr 0 00:19:43, Sys 0 00:00:43  -  Total Remote Usage
		Usr 0 00:00:00, Sys 0 00:00:00  -  Total Local Usage
	4143115  -  Run Bytes Sent By Job
	10529  -  Run Bytes Received By Job
	4143115  -  Total Bytes Sent By Job
	10529  -  Total Bytes Received By Job
	Partitionable Resources :    Usage  Request Allocated 
	   Cpus                 :     0.19        4         4 
	   Disk (KB)            :  4079           1   1314014 
	   Memory (MB)          :  3300        8000      8000 

	Job terminated of its own accord at 2022-01-13T11:15:11Z.
...
