000 (3314669.000.000) 01/11 18:14:22 Job submitted from host: <188.185.70.244:9618?addrs=188.185.70.244-9618+[2001-1458-d00-7--100-2ee]-9618&alias=bigbird10.cern.ch&noUDP&sock=schedd_7001_aea1>
...
040 (3314669.000.000) 01/11 20:19:39 Started transferring input files
	Transferring to host: <128.142.56.63:9618?addrs=128.142.56.63-9618+[2001-1458-301-6--100-3e]-9618&alias=b7s01p2370.cern.ch&noUDP&sock=slot1_28_3587_1dab_29181>
...
040 (3314669.000.000) 01/11 20:19:39 Finished transferring input files
...
001 (3314669.000.000) 01/11 20:19:40 Job executing on host: <128.142.56.63:9618?addrs=128.142.56.63-9618+[2001-1458-301-6--100-3e]-9618&alias=b7s01p2370.cern.ch&noUDP&sock=startd_2846_b2a0>
...
006 (3314669.000.000) 01/11 20:19:48 Image size of job updated: 452248
	155  -  MemoryUsage of job (MB)
	158200  -  ResidentSetSize of job (KB)
...
006 (3314669.000.000) 01/11 20:24:48 Image size of job updated: 1897164
	431  -  MemoryUsage of job (MB)
	440928  -  ResidentSetSize of job (KB)
...
006 (3314669.000.000) 01/11 20:29:49 Image size of job updated: 2044328
	575  -  MemoryUsage of job (MB)
	588704  -  ResidentSetSize of job (KB)
...
006 (3314669.000.000) 01/11 21:09:54 Image size of job updated: 2236288
	764  -  MemoryUsage of job (MB)
	782020  -  ResidentSetSize of job (KB)
...
006 (3314669.000.000) 01/11 21:14:54 Image size of job updated: 2236288
	764  -  MemoryUsage of job (MB)
	782024  -  ResidentSetSize of job (KB)
...
006 (3314669.000.000) 01/11 21:29:56 Image size of job updated: 2451572
	931  -  MemoryUsage of job (MB)
	952724  -  ResidentSetSize of job (KB)
...
006 (3314669.000.000) 01/11 21:49:57 Image size of job updated: 2615544
	1137  -  MemoryUsage of job (MB)
	1163616  -  ResidentSetSize of job (KB)
...
006 (3314669.000.000) 01/11 22:10:00 Image size of job updated: 3040464
	1538  -  MemoryUsage of job (MB)
	1574040  -  ResidentSetSize of job (KB)
...
006 (3314669.000.000) 01/11 22:35:02 Image size of job updated: 3364224
	1642  -  MemoryUsage of job (MB)
	1680832  -  ResidentSetSize of job (KB)
...
006 (3314669.000.000) 01/11 22:55:04 Image size of job updated: 3746012
	1961  -  MemoryUsage of job (MB)
	2007064  -  ResidentSetSize of job (KB)
...
006 (3314669.000.000) 01/11 23:20:08 Image size of job updated: 4108268
	2250  -  MemoryUsage of job (MB)
	2303080  -  ResidentSetSize of job (KB)
...
006 (3314669.000.000) 01/11 23:40:09 Image size of job updated: 4108268
	2682  -  MemoryUsage of job (MB)
	2746052  -  ResidentSetSize of job (KB)
...
006 (3314669.000.000) 01/11 23:45:09 Image size of job updated: 4510088
	2687  -  MemoryUsage of job (MB)
	2751096  -  ResidentSetSize of job (KB)
...
040 (3314669.000.000) 01/12 00:01:34 Started transferring output files
...
040 (3314669.000.000) 01/12 00:01:34 Finished transferring output files
...
005 (3314669.000.000) 01/12 00:01:34 Job terminated.
	(1) Normal termination (return value 0)
		Usr 0 00:17:07, Sys 0 00:00:47  -  Run Remote Usage
		Usr 0 00:00:00, Sys 0 00:00:00  -  Run Local Usage
		Usr 0 00:17:07, Sys 0 00:00:47  -  Total Remote Usage
		Usr 0 00:00:00, Sys 0 00:00:00  -  Total Local Usage
	150197  -  Run Bytes Sent By Job
	10522  -  Run Bytes Received By Job
	150197  -  Total Bytes Sent By Job
	10522  -  Total Bytes Received By Job
	Partitionable Resources :    Usage  Request Allocated 
	   Cpus                 :     0.03        4         4 
	   Disk (KB)            :   180           1   1346068 
	   Memory (MB)          :  2687        8000      8000 

	Job terminated of its own accord at 2022-01-11T23:01:32Z.
...
