000 (3316949.018.000) 01/13 10:23:48 Job submitted from host: <188.185.70.244:9618?addrs=188.185.70.244-9618+[2001-1458-d00-7--100-2ee]-9618&alias=bigbird10.cern.ch&noUDP&sock=schedd_7001_aea1>
...
040 (3316949.018.000) 01/13 10:29:14 Started transferring input files
	Transferring to host: <128.142.63.71:9618?addrs=128.142.63.71-9618+[2001-1458-301-38--100-44]-9618&alias=b7s08p8425.cern.ch&noUDP&sock=slot1_5_3580_2f0b_30042>
...
040 (3316949.018.000) 01/13 10:29:14 Finished transferring input files
...
001 (3316949.018.000) 01/13 10:29:15 Job executing on host: <128.142.63.71:9618?addrs=128.142.63.71-9618+[2001-1458-301-38--100-44]-9618&alias=b7s08p8425.cern.ch&noUDP&sock=startd_2909_e917>
...
006 (3316949.018.000) 01/13 10:29:24 Image size of job updated: 340420
	234  -  MemoryUsage of job (MB)
	238804  -  ResidentSetSize of job (KB)
...
006 (3316949.018.000) 01/13 10:34:25 Image size of job updated: 2412584
	780  -  MemoryUsage of job (MB)
	798124  -  ResidentSetSize of job (KB)
...
006 (3316949.018.000) 01/13 10:39:26 Image size of job updated: 2601004
	1056  -  MemoryUsage of job (MB)
	1080420  -  ResidentSetSize of job (KB)
...
006 (3316949.018.000) 01/13 10:44:26 Image size of job updated: 2903484
	1347  -  MemoryUsage of job (MB)
	1378440  -  ResidentSetSize of job (KB)
...
006 (3316949.018.000) 01/13 10:49:26 Image size of job updated: 3456808
	1636  -  MemoryUsage of job (MB)
	1674660  -  ResidentSetSize of job (KB)
...
006 (3316949.018.000) 01/13 10:54:27 Image size of job updated: 3456808
	1650  -  MemoryUsage of job (MB)
	1689128  -  ResidentSetSize of job (KB)
...
006 (3316949.018.000) 01/13 10:59:27 Image size of job updated: 3812552
	1993  -  MemoryUsage of job (MB)
	2040092  -  ResidentSetSize of job (KB)
...
006 (3316949.018.000) 01/13 11:04:27 Image size of job updated: 4255756
	2372  -  MemoryUsage of job (MB)
	2428020  -  ResidentSetSize of job (KB)
...
006 (3316949.018.000) 01/13 11:09:28 Image size of job updated: 4690548
	2778  -  MemoryUsage of job (MB)
	2844072  -  ResidentSetSize of job (KB)
...
006 (3316949.018.000) 01/13 11:14:29 Image size of job updated: 4690548
	2782  -  MemoryUsage of job (MB)
	2847932  -  ResidentSetSize of job (KB)
...
006 (3316949.018.000) 01/13 11:19:29 Image size of job updated: 5172260
	3175  -  MemoryUsage of job (MB)
	3250624  -  ResidentSetSize of job (KB)
...
040 (3316949.018.000) 01/13 11:22:30 Started transferring output files
...
040 (3316949.018.000) 01/13 11:22:31 Finished transferring output files
...
005 (3316949.018.000) 01/13 11:22:31 Job terminated.
	(1) Normal termination (return value 0)
		Usr 0 00:14:42, Sys 0 00:00:26  -  Run Remote Usage
		Usr 0 00:00:00, Sys 0 00:00:00  -  Run Local Usage
		Usr 0 00:14:42, Sys 0 00:00:26  -  Total Remote Usage
		Usr 0 00:00:00, Sys 0 00:00:00  -  Total Local Usage
	4142595  -  Run Bytes Sent By Job
	10529  -  Run Bytes Received By Job
	4142595  -  Total Bytes Sent By Job
	10529  -  Total Bytes Received By Job
	Partitionable Resources :    Usage  Request Allocated 
	   Cpus                 :     0.10        4         4 
	   Disk (KB)            :  4079           1   1278418 
	   Memory (MB)          :  3175        8000      8000 

	Job terminated of its own accord at 2022-01-13T10:22:30Z.
...
