000 (3296441.013.000) 01/10 15:54:43 Job submitted from host: <188.185.70.244:9618?addrs=188.185.70.244-9618+[2001-1458-d00-7--100-2ee]-9618&alias=bigbird10.cern.ch&noUDP&sock=schedd_7001_aea1>
...
040 (3296441.013.000) 01/10 16:34:37 Started transferring input files
	Transferring to host: <128.142.137.117:9618?addrs=128.142.137.117-9618+[2001-1458-301-5e--100-69]-9618&alias=b7g19p0613.cern.ch&noUDP&sock=slot1_12_39515_a460_71674>
...
040 (3296441.013.000) 01/10 16:34:37 Finished transferring input files
...
001 (3296441.013.000) 01/10 16:34:38 Job executing on host: <128.142.137.117:9618?addrs=128.142.137.117-9618+[2001-1458-301-5e--100-69]-9618&alias=b7g19p0613.cern.ch&noUDP&sock=startd_39470_b72b>
...
006 (3296441.013.000) 01/10 16:34:46 Image size of job updated: 256760
	188  -  MemoryUsage of job (MB)
	192260  -  ResidentSetSize of job (KB)
...
006 (3296441.013.000) 01/10 16:34:48 Image size of job updated: 257064
	188  -  MemoryUsage of job (MB)
	192260  -  ResidentSetSize of job (KB)
...
040 (3296441.013.000) 01/10 16:34:48 Started transferring output files
...
040 (3296441.013.000) 01/10 16:34:48 Finished transferring output files
...
005 (3296441.013.000) 01/10 16:34:48 Job terminated.
	(1) Normal termination (return value 0)
		Usr 0 00:00:05, Sys 0 00:00:02  -  Run Remote Usage
		Usr 0 00:00:00, Sys 0 00:00:00  -  Run Local Usage
		Usr 0 00:00:05, Sys 0 00:00:02  -  Total Remote Usage
		Usr 0 00:00:00, Sys 0 00:00:00  -  Total Local Usage
	7360  -  Run Bytes Sent By Job
	10522  -  Run Bytes Received By Job
	7360  -  Total Bytes Sent By Job
	10522  -  Total Bytes Received By Job
	Partitionable Resources :    Usage  Request Allocated 
	   Cpus                 :                 4         4 
	   Disk (KB)            :       32        1   1530418 
	   Memory (MB)          :      188     8000      8000 

	Job terminated of its own accord at 2022-01-10T15:34:48Z.
...
