000 (3293912.010.000) 01/10 14:24:00 Job submitted from host: <188.185.70.244:9618?addrs=188.185.70.244-9618+[2001-1458-d00-7--100-2ee]-9618&alias=bigbird10.cern.ch&noUDP&sock=schedd_7001_aea1>
...
040 (3293912.010.000) 01/10 14:26:32 Started transferring input files
	Transferring to host: <128.142.56.36:9618?addrs=128.142.56.36-9618&alias=b7s01p5421.cern.ch&noUDP&sock=slot1_21_4532_f431_24744>
...
040 (3293912.010.000) 01/10 14:26:32 Finished transferring input files
...
001 (3293912.010.000) 01/10 14:26:33 Job executing on host: <128.142.56.36:9618?addrs=128.142.56.36-9618&alias=b7s01p5421.cern.ch&noUDP&sock=startd_4158_9ee1>
...
006 (3293912.010.000) 01/10 14:26:41 Image size of job updated: 146920
	67  -  MemoryUsage of job (MB)
	67736  -  ResidentSetSize of job (KB)
...
006 (3293912.010.000) 01/10 14:31:41 Image size of job updated: 2488720
	990  -  MemoryUsage of job (MB)
	1013080  -  ResidentSetSize of job (KB)
...
006 (3293912.010.000) 01/10 14:36:42 Image size of job updated: 2505104
	1006  -  MemoryUsage of job (MB)
	1029464  -  ResidentSetSize of job (KB)
...
006 (3293912.010.000) 01/10 14:41:43 Image size of job updated: 2743028
	1006  -  MemoryUsage of job (MB)
	1029464  -  ResidentSetSize of job (KB)
...
040 (3293912.010.000) 01/10 14:52:38 Started transferring output files
...
040 (3293912.010.000) 01/10 14:52:40 Finished transferring output files
...
005 (3293912.010.000) 01/10 14:52:40 Job terminated.
	(1) Normal termination (return value 0)
		Usr 0 00:11:39, Sys 0 00:00:06  -  Run Remote Usage
		Usr 0 00:00:00, Sys 0 00:00:00  -  Run Local Usage
		Usr 0 00:11:39, Sys 0 00:00:06  -  Total Remote Usage
		Usr 0 00:00:00, Sys 0 00:00:00  -  Total Local Usage
	26476084  -  Run Bytes Sent By Job
	10521  -  Run Bytes Received By Job
	26476084  -  Total Bytes Sent By Job
	10521  -  Total Bytes Received By Job
	Partitionable Resources :    Usage  Request Allocated 
	   Cpus                 :     0.12        4         4 
	   Disk (KB)            : 25890           1   1222712 
	   Memory (MB)          :  1006        8000      8000 

	Job terminated of its own accord at 2022-01-10T13:52:38Z.
...
