000 (3293912.016.000) 01/10 14:24:00 Job submitted from host: <188.185.70.244:9618?addrs=188.185.70.244-9618+[2001-1458-d00-7--100-2ee]-9618&alias=bigbird10.cern.ch&noUDP&sock=schedd_7001_aea1>
...
040 (3293912.016.000) 01/10 14:26:56 Started transferring input files
	Transferring to host: <188.184.163.128:9618?addrs=188.184.163.128-9618+[2001-1458-301-4d--100-7a]-9618&alias=b7s12p2207.cern.ch&noUDP&sock=slot1_7_3575_a92a_24464>
...
040 (3293912.016.000) 01/10 14:26:56 Finished transferring input files
...
001 (3293912.016.000) 01/10 14:26:57 Job executing on host: <188.184.163.128:9618?addrs=188.184.163.128-9618+[2001-1458-301-4d--100-7a]-9618&alias=b7s12p2207.cern.ch&noUDP&sock=startd_2881_b470>
...
006 (3293912.016.000) 01/10 14:27:06 Image size of job updated: 1259112
	155  -  MemoryUsage of job (MB)
	157820  -  ResidentSetSize of job (KB)
...
006 (3293912.016.000) 01/10 14:32:07 Image size of job updated: 2505584
	997  -  MemoryUsage of job (MB)
	1020168  -  ResidentSetSize of job (KB)
...
006 (3293912.016.000) 01/10 14:37:08 Image size of job updated: 2521968
	1013  -  MemoryUsage of job (MB)
	1036552  -  ResidentSetSize of job (KB)
...
006 (3293912.016.000) 01/10 14:40:52 Image size of job updated: 2759864
	1013  -  MemoryUsage of job (MB)
	1036552  -  ResidentSetSize of job (KB)
...
040 (3293912.016.000) 01/10 14:40:52 Started transferring output files
...
040 (3293912.016.000) 01/10 14:40:55 Finished transferring output files
...
005 (3293912.016.000) 01/10 14:40:55 Job terminated.
	(1) Normal termination (return value 0)
		Usr 0 00:13:25, Sys 0 00:00:07  -  Run Remote Usage
		Usr 0 00:00:00, Sys 0 00:00:00  -  Run Local Usage
		Usr 0 00:13:25, Sys 0 00:00:07  -  Total Remote Usage
		Usr 0 00:00:00, Sys 0 00:00:00  -  Total Local Usage
	26481424  -  Run Bytes Sent By Job
	10521  -  Run Bytes Received By Job
	26481424  -  Total Bytes Sent By Job
	10521  -  Total Bytes Received By Job
	Partitionable Resources :    Usage  Request Allocated 
	   Cpus                 :     1.00        4         4 
	   Disk (KB)            : 25893           1   3087858 
	   Memory (MB)          :  1013        8000      8000 

	Job terminated of its own accord at 2022-01-10T13:40:52Z.
...
