000 (3315601.016.000) 01/12 18:55:42 Job submitted from host: <188.185.70.244:9618?addrs=188.185.70.244-9618+[2001-1458-d00-7--100-2ee]-9618&alias=bigbird10.cern.ch&noUDP&sock=schedd_7001_aea1>
...
040 (3315601.016.000) 01/13 01:57:34 Started transferring input files
	Transferring to host: <128.142.59.116:9618?addrs=128.142.59.116-9618+[2001-1458-301-21--100-73]-9618&alias=b7s04p1998.cern.ch&noUDP&sock=slot1_4_3638_0ccd_25826>
...
040 (3315601.016.000) 01/13 01:57:34 Finished transferring input files
...
001 (3315601.016.000) 01/13 01:57:35 Job executing on host: <128.142.59.116:9618?addrs=128.142.59.116-9618+[2001-1458-301-21--100-73]-9618&alias=b7s04p1998.cern.ch&noUDP&sock=startd_2938_cd56>
...
006 (3315601.016.000) 01/13 01:57:44 Image size of job updated: 1222120
	155  -  MemoryUsage of job (MB)
	157828  -  ResidentSetSize of job (KB)
...
006 (3315601.016.000) 01/13 02:02:45 Image size of job updated: 2485168
	985  -  MemoryUsage of job (MB)
	1008028  -  ResidentSetSize of job (KB)
...
006 (3315601.016.000) 01/13 02:07:46 Image size of job updated: 2739492
	985  -  MemoryUsage of job (MB)
	1008028  -  ResidentSetSize of job (KB)
...
040 (3315601.016.000) 01/13 02:15:10 Started transferring output files
...
040 (3315601.016.000) 01/13 02:15:15 Finished transferring output files
...
005 (3315601.016.000) 01/13 02:15:15 Job terminated.
	(1) Normal termination (return value 0)
		Usr 0 00:10:44, Sys 0 00:00:07  -  Run Remote Usage
		Usr 0 00:00:00, Sys 0 00:00:00  -  Run Local Usage
		Usr 0 00:10:44, Sys 0 00:00:07  -  Total Remote Usage
		Usr 0 00:00:00, Sys 0 00:00:00  -  Total Local Usage
	16965498  -  Run Bytes Sent By Job
	10521  -  Run Bytes Received By Job
	16965498  -  Total Bytes Sent By Job
	10521  -  Total Bytes Received By Job
	Partitionable Resources :    Usage  Request Allocated 
	   Cpus                 :     0.04        4         4 
	   Disk (KB)            : 16600           1   1301082 
	   Memory (MB)          :   985        8000      8000 

	Job terminated of its own accord at 2022-01-13T01:15:10Z.
...
