000 (3277181.000.000) 12/25 12:36:01 Job submitted from host: <188.185.70.244:9618?addrs=188.185.70.244-9618+[2001-1458-d00-7--100-2ee]-9618&alias=bigbird10.cern.ch&noUDP&sock=schedd_2095_9300>
...
040 (3277181.000.000) 12/25 12:40:10 Started transferring input files
	Transferring to host: <128.142.63.97:9618?addrs=128.142.63.97-9618+[2001-1458-301-38--100-5e]-9618&alias=b7s08p9190.cern.ch&noUDP&sock=slot1_18_6028_056e_9891>
...
040 (3277181.000.000) 12/25 12:40:10 Finished transferring input files
...
001 (3277181.000.000) 12/25 12:40:11 Job executing on host: <128.142.63.97:9618?addrs=128.142.63.97-9618+[2001-1458-301-38--100-5e]-9618&alias=b7s08p9190.cern.ch&noUDP&sock=startd_5620_6e57>
...
006 (3277181.000.000) 12/25 12:40:18 Image size of job updated: 1278232
	0  -  MemoryUsage of job (MB)
	0  -  ResidentSetSize of job (KB)
...
040 (3277181.000.000) 12/25 12:40:18 Started transferring output files
...
040 (3277181.000.000) 12/25 12:40:18 Finished transferring output files
...
005 (3277181.000.000) 12/25 12:40:18 Job terminated.
	(1) Normal termination (return value 1)
		Usr 0 00:00:03, Sys 0 00:00:02  -  Run Remote Usage
		Usr 0 00:00:00, Sys 0 00:00:00  -  Run Local Usage
		Usr 0 00:00:03, Sys 0 00:00:02  -  Total Remote Usage
		Usr 0 00:00:00, Sys 0 00:00:00  -  Total Local Usage
	1617  -  Run Bytes Sent By Job
	11214  -  Run Bytes Received By Job
	1617  -  Total Bytes Sent By Job
	11214  -  Total Bytes Received By Job
	Partitionable Resources :    Usage  Request Allocated 
	   Cpus                 :                 4         4 
	   Disk (KB)            :       30        1   1331669 
	   Memory (MB)          :        0     8000      8000 

	Job terminated of its own accord at 2021-12-25T11:40:18Z.
...
