000 (3344065.020.000) 01/23 18:27:48 Job submitted from host: <188.185.70.244:9618?addrs=188.185.70.244-9618+[2001-1458-d00-7--100-2ee]-9618&alias=bigbird10.cern.ch&noUDP&sock=schedd_7001_aea1>
...
040 (3344065.020.000) 01/23 18:29:02 Started transferring input files
	Transferring to host: <128.142.58.84:9618?addrs=128.142.58.84-9618&alias=b7s03p6923.cern.ch&noUDP&sock=slot1_7_3184_2a7b_36494>
...
040 (3344065.020.000) 01/23 18:29:02 Finished transferring input files
...
001 (3344065.020.000) 01/23 18:29:03 Job executing on host: <128.142.58.84:9618?addrs=128.142.58.84-9618&alias=b7s03p6923.cern.ch&noUDP&sock=startd_2751_8920>
...
006 (3344065.020.000) 01/23 18:29:11 Image size of job updated: 1256244
	206  -  MemoryUsage of job (MB)
	210532  -  ResidentSetSize of job (KB)
...
006 (3344065.020.000) 01/23 18:31:43 Image size of job updated: 1732532
	206  -  MemoryUsage of job (MB)
	210780  -  ResidentSetSize of job (KB)
...
040 (3344065.020.000) 01/23 18:31:43 Started transferring output files
...
040 (3344065.020.000) 01/23 18:31:43 Finished transferring output files
...
005 (3344065.020.000) 01/23 18:31:43 Job terminated.
	(1) Normal termination (return value 0)
		Usr 0 00:00:12, Sys 0 00:00:02  -  Run Remote Usage
		Usr 0 00:00:00, Sys 0 00:00:00  -  Run Local Usage
		Usr 0 00:00:12, Sys 0 00:00:02  -  Total Remote Usage
		Usr 0 00:00:00, Sys 0 00:00:00  -  Total Local Usage
	1377  -  Run Bytes Sent By Job
	11205  -  Run Bytes Received By Job
	1377  -  Total Bytes Sent By Job
	11205  -  Total Bytes Received By Job
	Partitionable Resources :    Usage  Request Allocated 
	   Cpus                 :                 4         4 
	   Disk (KB)            :       28        1   1284769 
	   Memory (MB)          :      206     8000      8000 

	Job terminated of its own accord at 2022-01-23T17:31:43Z.
...
