000 (3296441.019.000) 01/10 15:54:43 Job submitted from host: <188.185.70.244:9618?addrs=188.185.70.244-9618+[2001-1458-d00-7--100-2ee]-9618&alias=bigbird10.cern.ch&noUDP&sock=schedd_7001_aea1>
...
040 (3296441.019.000) 01/10 16:34:51 Started transferring input files
	Transferring to host: <128.142.132.137:9618?addrs=128.142.132.137-9618+[2001-1458-301-5a--100-7d]-9618&alias=b7g12p0734.cern.ch&noUDP&sock=slot1_6_20432_f138_92621>
...
040 (3296441.019.000) 01/10 16:34:51 Finished transferring input files
...
001 (3296441.019.000) 01/10 16:34:52 Job executing on host: <128.142.132.137:9618?addrs=128.142.132.137-9618+[2001-1458-301-5a--100-7d]-9618&alias=b7g12p0734.cern.ch&noUDP&sock=startd_2194_7ae0>
...
006 (3296441.019.000) 01/10 16:35:00 Image size of job updated: 251652
	183  -  MemoryUsage of job (MB)
	187188  -  ResidentSetSize of job (KB)
...
006 (3296441.019.000) 01/10 16:35:02 Image size of job updated: 253400
	183  -  MemoryUsage of job (MB)
	187188  -  ResidentSetSize of job (KB)
...
040 (3296441.019.000) 01/10 16:35:02 Started transferring output files
...
040 (3296441.019.000) 01/10 16:35:02 Finished transferring output files
...
005 (3296441.019.000) 01/10 16:35:02 Job terminated.
	(1) Normal termination (return value 0)
		Usr 0 00:00:05, Sys 0 00:00:02  -  Run Remote Usage
		Usr 0 00:00:00, Sys 0 00:00:00  -  Run Local Usage
		Usr 0 00:00:05, Sys 0 00:00:02  -  Total Remote Usage
		Usr 0 00:00:00, Sys 0 00:00:00  -  Total Local Usage
	2523  -  Run Bytes Sent By Job
	10522  -  Run Bytes Received By Job
	2523  -  Total Bytes Sent By Job
	10522  -  Total Bytes Received By Job
	Partitionable Resources :    Usage  Request Allocated 
	   Cpus                 :                 4         4 
	   Disk (KB)            :       30        1   1512661 
	   Memory (MB)          :      183     8000      8000 

	Job terminated of its own accord at 2022-01-10T15:35:02Z.
...
