000 (3314622.010.000) 01/11 10:41:32 Job submitted from host: <188.185.70.244:9618?addrs=188.185.70.244-9618+[2001-1458-d00-7--100-2ee]-9618&alias=bigbird10.cern.ch&noUDP&sock=schedd_7001_aea1>
...
040 (3314622.010.000) 01/11 11:09:28 Started transferring input files
	Transferring to host: <188.184.164.113:9618?addrs=188.184.164.113-9618+[2001-1458-301-4e--100-6b]-9618&alias=b7s13p8289.cern.ch&noUDP&sock=slot1_41_5059_45e7_25117>
...
040 (3314622.010.000) 01/11 11:09:28 Finished transferring input files
...
001 (3314622.010.000) 01/11 11:09:29 Job executing on host: <188.184.164.113:9618?addrs=188.184.164.113-9618+[2001-1458-301-4e--100-6b]-9618&alias=b7s13p8289.cern.ch&noUDP&sock=startd_4896_d3c6>
...
006 (3314622.010.000) 01/11 11:09:37 Image size of job updated: 267900
	127  -  MemoryUsage of job (MB)
	129700  -  ResidentSetSize of job (KB)
...
006 (3314622.010.000) 01/11 11:14:37 Image size of job updated: 1880556
	415  -  MemoryUsage of job (MB)
	424840  -  ResidentSetSize of job (KB)
...
006 (3314622.010.000) 01/11 11:19:38 Image size of job updated: 1880556
	415  -  MemoryUsage of job (MB)
	424880  -  ResidentSetSize of job (KB)
...
006 (3314622.010.000) 01/11 12:09:44 Image size of job updated: 1880584
	415  -  MemoryUsage of job (MB)
	424936  -  ResidentSetSize of job (KB)
...
006 (3314622.010.000) 01/11 12:14:44 Image size of job updated: 1880584
	416  -  MemoryUsage of job (MB)
	425036  -  ResidentSetSize of job (KB)
...
006 (3314622.010.000) 01/11 12:19:45 Image size of job updated: 2027244
	560  -  MemoryUsage of job (MB)
	572648  -  ResidentSetSize of job (KB)
...
006 (3314622.010.000) 01/11 12:24:46 Image size of job updated: 2027244
	560  -  MemoryUsage of job (MB)
	572660  -  ResidentSetSize of job (KB)
...
006 (3314622.010.000) 01/11 12:29:46 Image size of job updated: 2027244
	561  -  MemoryUsage of job (MB)
	573540  -  ResidentSetSize of job (KB)
...
006 (3314622.010.000) 01/11 12:34:47 Image size of job updated: 2218552
	748  -  MemoryUsage of job (MB)
	765372  -  ResidentSetSize of job (KB)
...
006 (3314622.010.000) 01/11 12:44:48 Image size of job updated: 2488148
	917  -  MemoryUsage of job (MB)
	938600  -  ResidentSetSize of job (KB)
...
006 (3314622.010.000) 01/11 13:24:51 Image size of job updated: 2488148
	917  -  MemoryUsage of job (MB)
	938604  -  ResidentSetSize of job (KB)
...
006 (3314622.010.000) 01/11 13:29:52 Image size of job updated: 2688172
	1117  -  MemoryUsage of job (MB)
	1143480  -  ResidentSetSize of job (KB)
...
006 (3314622.010.000) 01/11 13:39:53 Image size of job updated: 2688172
	1117  -  MemoryUsage of job (MB)
	1143484  -  ResidentSetSize of job (KB)
...
006 (3314622.010.000) 01/11 13:44:54 Image size of job updated: 2973020
	1475  -  MemoryUsage of job (MB)
	1509716  -  ResidentSetSize of job (KB)
...
006 (3314622.010.000) 01/11 13:59:55 Image size of job updated: 3253688
	1668  -  MemoryUsage of job (MB)
	1707624  -  ResidentSetSize of job (KB)
...
006 (3314622.010.000) 01/11 14:14:57 Image size of job updated: 3577884
	1853  -  MemoryUsage of job (MB)
	1896472  -  ResidentSetSize of job (KB)
...
006 (3314622.010.000) 01/11 14:29:59 Image size of job updated: 3957216
	2425  -  MemoryUsage of job (MB)
	2482220  -  ResidentSetSize of job (KB)
...
006 (3314622.010.000) 01/11 14:50:01 Image size of job updated: 4333396
	2519  -  MemoryUsage of job (MB)
	2579064  -  ResidentSetSize of job (KB)
...
006 (3314622.010.000) 01/11 14:55:01 Image size of job updated: 4333396
	2519  -  MemoryUsage of job (MB)
	2579068  -  ResidentSetSize of job (KB)
...
040 (3314622.010.000) 01/11 14:59:49 Started transferring output files
...
040 (3314622.010.000) 01/11 14:59:49 Finished transferring output files
...
005 (3314622.010.000) 01/11 14:59:49 Job terminated.
	(1) Normal termination (return value 0)
		Usr 0 00:20:36, Sys 0 00:00:40  -  Run Remote Usage
		Usr 0 00:00:00, Sys 0 00:00:00  -  Run Local Usage
		Usr 0 00:20:36, Sys 0 00:00:40  -  Total Remote Usage
		Usr 0 00:00:00, Sys 0 00:00:00  -  Total Local Usage
	147816  -  Run Bytes Sent By Job
	10522  -  Run Bytes Received By Job
	147816  -  Total Bytes Sent By Job
	10522  -  Total Bytes Received By Job
	Partitionable Resources :    Usage  Request Allocated 
	   Cpus                 :     0.06        4         4 
	   Disk (KB)            :   179           1   2939593 
	   Memory (MB)          :  2519        8000      8000 

	Job terminated of its own accord at 2022-01-11T13:59:49Z.
...
