000 (3344067.021.000) 01/23 18:28:19 Job submitted from host: <188.185.70.244:9618?addrs=188.185.70.244-9618+[2001-1458-d00-7--100-2ee]-9618&alias=bigbird10.cern.ch&noUDP&sock=schedd_7001_aea1>
...
022 (3344067.021.000) 01/23 18:29:31 Job disconnected, attempting to reconnect
    Socket between submit and execute hosts closed unexpectedly
    Trying to reconnect to slot1_13@b7s05p9563.cern.ch <128.142.60.163:9618?addrs=128.142.60.163-9618+[2001-1458-301-22--100-a2]-9618&alias=b7s05p9563.cern.ch&noUDP&sock=startd_2834_777d>
...
024 (3344067.021.000) 01/23 18:29:31 Job reconnection failed
    Job not found at execution machine
    Can not reconnect to slot1_13@b7s05p9563.cern.ch, rescheduling job
...
040 (3344067.021.000) 01/23 18:30:46 Started transferring input files
	Transferring to host: <128.142.137.149:9618?addrs=128.142.137.149-9618+[2001-1458-301-5e--100-89]-9618&alias=b7g19p6190.cern.ch&noUDP&sock=slot1_4_4040_4b9d_3668>
...
040 (3344067.021.000) 01/23 18:30:46 Finished transferring input files
...
001 (3344067.021.000) 01/23 18:30:47 Job executing on host: <128.142.137.149:9618?addrs=128.142.137.149-9618+[2001-1458-301-5e--100-89]-9618&alias=b7g19p6190.cern.ch&noUDP&sock=startd_3516_4314>
...
006 (3344067.021.000) 01/23 18:30:56 Image size of job updated: 320188
	155  -  MemoryUsage of job (MB)
	157872  -  ResidentSetSize of job (KB)
...
006 (3344067.021.000) 01/23 18:35:57 Image size of job updated: 1733188
	274  -  MemoryUsage of job (MB)
	280164  -  ResidentSetSize of job (KB)
...
006 (3344067.021.000) 01/23 18:40:57 Image size of job updated: 1733188
	274  -  MemoryUsage of job (MB)
	280168  -  ResidentSetSize of job (KB)
...
040 (3344067.021.000) 01/23 18:44:28 Started transferring output files
...
040 (3344067.021.000) 01/23 18:44:28 Finished transferring output files
...
005 (3344067.021.000) 01/23 18:44:28 Job terminated.
	(1) Normal termination (return value 0)
		Usr 0 00:00:21, Sys 0 00:00:03  -  Run Remote Usage
		Usr 0 00:00:00, Sys 0 00:00:00  -  Run Local Usage
		Usr 0 00:00:21, Sys 0 00:00:03  -  Total Remote Usage
		Usr 0 00:00:00, Sys 0 00:00:00  -  Total Local Usage
	1563  -  Run Bytes Sent By Job
	11208  -  Run Bytes Received By Job
	1563  -  Total Bytes Sent By Job
	11208  -  Total Bytes Received By Job
	Partitionable Resources :    Usage  Request Allocated 
	   Cpus                 :     0.01        4         4 
	   Disk (KB)            :    36           1   1613899 
	   Memory (MB)          :   274        8000      8000 

	Job terminated of its own accord at 2022-01-23T17:44:28Z.
...
