000 (3293340.020.000) 01/10 13:03:55 Job submitted from host: <188.185.70.244:9618?addrs=188.185.70.244-9618+[2001-1458-d00-7--100-2ee]-9618&alias=bigbird10.cern.ch&noUDP&sock=schedd_7001_aea1>
...
040 (3293340.020.000) 01/10 13:08:05 Started transferring input files
	Transferring to host: <128.142.60.126:9618?addrs=128.142.60.126-9618+[2001-1458-301-22--100-7d]-9618&alias=b7s05p5186.cern.ch&noUDP&sock=slot1_8_3634_3b4d_27669>
...
040 (3293340.020.000) 01/10 13:08:05 Finished transferring input files
...
001 (3293340.020.000) 01/10 13:08:06 Job executing on host: <128.142.60.126:9618?addrs=128.142.60.126-9618+[2001-1458-301-22--100-7d]-9618&alias=b7s05p5186.cern.ch&noUDP&sock=startd_2975_2e57>
...
006 (3293340.020.000) 01/10 13:08:14 Image size of job updated: 459972
	155  -  MemoryUsage of job (MB)
	157800  -  ResidentSetSize of job (KB)
...
006 (3293340.020.000) 01/10 13:09:47 Image size of job updated: 1738120
	155  -  MemoryUsage of job (MB)
	157800  -  ResidentSetSize of job (KB)
...
040 (3293340.020.000) 01/10 13:09:47 Started transferring output files
...
040 (3293340.020.000) 01/10 13:09:47 Finished transferring output files
...
005 (3293340.020.000) 01/10 13:09:47 Job terminated.
	(1) Normal termination (return value 0)
		Usr 0 00:00:13, Sys 0 00:00:04  -  Run Remote Usage
		Usr 0 00:00:00, Sys 0 00:00:00  -  Run Local Usage
		Usr 0 00:00:13, Sys 0 00:00:04  -  Total Remote Usage
		Usr 0 00:00:00, Sys 0 00:00:00  -  Total Local Usage
	4998  -  Run Bytes Sent By Job
	10524  -  Run Bytes Received By Job
	4998  -  Total Bytes Sent By Job
	10524  -  Total Bytes Received By Job
	Partitionable Resources :    Usage  Request Allocated 
	   Cpus                 :     0.14        4         4 
	   Disk (KB)            :    40           1   1036821 
	   Memory (MB)          :   155        8000      8000 

	Job terminated of its own accord at 2022-01-10T12:09:47Z.
...
