000 (3315593.010.000) 01/12 17:36:27 Job submitted from host: <188.185.70.244:9618?addrs=188.185.70.244-9618+[2001-1458-d00-7--100-2ee]-9618&alias=bigbird10.cern.ch&noUDP&sock=schedd_7001_aea1>
...
040 (3315593.010.000) 01/13 01:14:03 Started transferring input files
	Transferring to host: <188.184.162.61:9618?addrs=188.184.162.61-9618+[2001-1458-301-4a--100-37]-9618&alias=b7s11p1063.cern.ch&noUDP&sock=slot1_9_3537_e2e9_26594>
...
040 (3315593.010.000) 01/13 01:14:03 Finished transferring input files
...
001 (3315593.010.000) 01/13 01:14:04 Job executing on host: <188.184.162.61:9618?addrs=188.184.162.61-9618+[2001-1458-301-4a--100-37]-9618&alias=b7s11p1063.cern.ch&noUDP&sock=startd_2972_1f8f>
...
006 (3315593.010.000) 01/13 01:14:13 Image size of job updated: 1510504
	186  -  MemoryUsage of job (MB)
	189992  -  ResidentSetSize of job (KB)
...
040 (3315593.010.000) 01/13 01:14:19 Started transferring output files
...
040 (3315593.010.000) 01/13 01:14:20 Finished transferring output files
...
005 (3315593.010.000) 01/13 01:14:20 Job terminated.
	(1) Normal termination (return value 1)
		Usr 0 00:00:05, Sys 0 00:00:02  -  Run Remote Usage
		Usr 0 00:00:00, Sys 0 00:00:00  -  Run Local Usage
		Usr 0 00:00:05, Sys 0 00:00:02  -  Total Remote Usage
		Usr 0 00:00:00, Sys 0 00:00:00  -  Total Local Usage
	4623  -  Run Bytes Sent By Job
	10529  -  Run Bytes Received By Job
	4623  -  Total Bytes Sent By Job
	10529  -  Total Bytes Received By Job
	Partitionable Resources :    Usage  Request Allocated 
	   Cpus                 :                 4         4 
	   Disk (KB)            :       32        1   3053111 
	   Memory (MB)          :      186     8000      8000 

	Job terminated of its own accord at 2022-01-13T00:14:15Z.
...
