000 (3314616.024.000) 01/11 10:16:04 Job submitted from host: <188.185.70.244:9618?addrs=188.185.70.244-9618+[2001-1458-d00-7--100-2ee]-9618&alias=bigbird10.cern.ch&noUDP&sock=schedd_7001_aea1>
...
040 (3314616.024.000) 01/11 10:17:58 Started transferring input files
	Transferring to host: <128.142.57.70:9618?addrs=128.142.57.70-9618+[2001-1458-301-7--100-45]-9618&alias=b7s02p6883.cern.ch&noUDP&sock=slot1_5_3588_d20b_27681>
...
040 (3314616.024.000) 01/11 10:17:58 Finished transferring input files
...
001 (3314616.024.000) 01/11 10:17:59 Job executing on host: <128.142.57.70:9618?addrs=128.142.57.70-9618+[2001-1458-301-7--100-45]-9618&alias=b7s02p6883.cern.ch&noUDP&sock=startd_2940_2c87>
...
006 (3314616.024.000) 01/11 10:18:08 Image size of job updated: 718180
	129  -  MemoryUsage of job (MB)
	131484  -  ResidentSetSize of job (KB)
...
006 (3314616.024.000) 01/11 10:23:09 Image size of job updated: 2024980
	555  -  MemoryUsage of job (MB)
	567344  -  ResidentSetSize of job (KB)
...
006 (3314616.024.000) 01/11 10:26:49 Image size of job updated: 2184432
	555  -  MemoryUsage of job (MB)
	567344  -  ResidentSetSize of job (KB)
...
040 (3314616.024.000) 01/11 10:26:49 Started transferring output files
...
040 (3314616.024.000) 01/11 10:26:49 Finished transferring output files
...
004 (3314616.024.000) 01/11 10:26:49 Job was evicted.
	(0) CPU times
		Usr 0 00:01:11, Sys 0 00:00:05  -  Run Remote Usage
		Usr 0 00:00:00, Sys 0 00:00:00  -  Run Local Usage
	16439  -  Run Bytes Sent By Job
	10522  -  Run Bytes Received By Job
	Partitionable Resources :    Usage  Request Allocated 
	   Cpus                 :     0.07        4         4 
	   Disk (KB)            :    50           1   1305540 
	   Memory (MB)          :   555        8000      8000 
...
009 (3314616.024.000) 01/11 10:26:49 Job was aborted.
	via condor_rm (by user vdamante)
...
