000 (3314884.006.000) 01/12 10:53:24 Job submitted from host: <188.185.70.244:9618?addrs=188.185.70.244-9618+[2001-1458-d00-7--100-2ee]-9618&alias=bigbird10.cern.ch&noUDP&sock=schedd_7001_aea1>
...
040 (3314884.006.000) 01/12 10:54:28 Started transferring input files
	Transferring to host: <128.142.60.142:9618?addrs=128.142.60.142-9618&alias=b7s05p6805.cern.ch&noUDP&sock=slot1_2_3567_062a_20990>
...
040 (3314884.006.000) 01/12 10:54:28 Finished transferring input files
...
001 (3314884.006.000) 01/12 10:54:29 Job executing on host: <128.142.60.142:9618?addrs=128.142.60.142-9618&alias=b7s05p6805.cern.ch&noUDP&sock=startd_3490_6d9d>
...
006 (3314884.006.000) 01/12 10:54:38 Image size of job updated: 1260392
	155  -  MemoryUsage of job (MB)
	157796  -  ResidentSetSize of job (KB)
...
006 (3314884.006.000) 01/12 10:55:01 Image size of job updated: 1265256
	155  -  MemoryUsage of job (MB)
	157796  -  ResidentSetSize of job (KB)
...
040 (3314884.006.000) 01/12 10:55:01 Started transferring output files
...
040 (3314884.006.000) 01/12 10:55:01 Finished transferring output files
...
005 (3314884.006.000) 01/12 10:55:01 Job terminated.
	(1) Normal termination (return value 1)
		Usr 0 00:00:03, Sys 0 00:00:02  -  Run Remote Usage
		Usr 0 00:00:00, Sys 0 00:00:00  -  Run Local Usage
		Usr 0 00:00:03, Sys 0 00:00:02  -  Total Remote Usage
		Usr 0 00:00:00, Sys 0 00:00:00  -  Total Local Usage
	4453  -  Run Bytes Sent By Job
	10530  -  Run Bytes Received By Job
	4453  -  Total Bytes Sent By Job
	10530  -  Total Bytes Received By Job
	Partitionable Resources :    Usage  Request Allocated 
	   Cpus                 :                 4         4 
	   Disk (KB)            :       31        1   1313707 
	   Memory (MB)          :      155     8000      8000 

	Job terminated of its own accord at 2022-01-12T09:55:01Z.
...
