000 (3344065.005.000) 01/23 18:27:48 Job submitted from host: <188.185.70.244:9618?addrs=188.185.70.244-9618+[2001-1458-d00-7--100-2ee]-9618&alias=bigbird10.cern.ch&noUDP&sock=schedd_7001_aea1>
...
022 (3344065.005.000) 01/23 18:29:16 Job disconnected, attempting to reconnect
    Socket between submit and execute hosts closed unexpectedly
    Trying to reconnect to slot1_4@b7s01p3537.cern.ch <128.142.56.159:9618?addrs=128.142.56.159-9618&alias=b7s01p3537.cern.ch&noUDP&sock=startd_2694_703a>
...
024 (3344065.005.000) 01/23 18:29:16 Job reconnection failed
    Job not found at execution machine
    Can not reconnect to slot1_4@b7s01p3537.cern.ch, rescheduling job
...
040 (3344065.005.000) 01/23 18:29:58 Started transferring input files
	Transferring to host: <128.142.63.21:9618?addrs=128.142.63.21-9618+[2001-1458-301-38--100-12]-9618&alias=b7s08p9652.cern.ch&noUDP&sock=slot1_24_9862_6bca_2814>
...
040 (3344065.005.000) 01/23 18:29:58 Finished transferring input files
...
001 (3344065.005.000) 01/23 18:29:59 Job executing on host: <128.142.63.21:9618?addrs=128.142.63.21-9618+[2001-1458-301-38--100-12]-9618&alias=b7s08p9652.cern.ch&noUDP&sock=startd_9678_e1a9>
...
006 (3344065.005.000) 01/23 18:30:08 Image size of job updated: 671756
	264  -  MemoryUsage of job (MB)
	270140  -  ResidentSetSize of job (KB)
...
006 (3344065.005.000) 01/23 18:35:09 Image size of job updated: 1733916
	279  -  MemoryUsage of job (MB)
	284920  -  ResidentSetSize of job (KB)
...
040 (3344065.005.000) 01/23 18:37:57 Started transferring output files
...
040 (3344065.005.000) 01/23 18:37:57 Finished transferring output files
...
005 (3344065.005.000) 01/23 18:37:57 Job terminated.
	(1) Normal termination (return value 0)
		Usr 0 00:00:22, Sys 0 00:00:03  -  Run Remote Usage
		Usr 0 00:00:00, Sys 0 00:00:00  -  Run Local Usage
		Usr 0 00:00:22, Sys 0 00:00:03  -  Total Remote Usage
		Usr 0 00:00:00, Sys 0 00:00:00  -  Total Local Usage
	1374  -  Run Bytes Sent By Job
	11205  -  Run Bytes Received By Job
	1374  -  Total Bytes Sent By Job
	11205  -  Total Bytes Received By Job
	Partitionable Resources :    Usage  Request Allocated 
	   Cpus                 :     0.02        4         4 
	   Disk (KB)            :    37           1   1371652 
	   Memory (MB)          :   279        8000      8000 

	Job terminated of its own accord at 2022-01-23T17:37:57Z.
...
