000 (3344067.017.000) 01/23 18:28:19 Job submitted from host: <188.185.70.244:9618?addrs=188.185.70.244-9618+[2001-1458-d00-7--100-2ee]-9618&alias=bigbird10.cern.ch&noUDP&sock=schedd_7001_aea1>
...
040 (3344067.017.000) 01/23 18:29:25 Started transferring input files
	Transferring to host: <128.142.56.159:9618?addrs=128.142.56.159-9618&alias=b7s01p3537.cern.ch&noUDP&sock=slot1_13_3563_34aa_42975>
...
040 (3344067.017.000) 01/23 18:29:25 Finished transferring input files
...
001 (3344067.017.000) 01/23 18:29:26 Job executing on host: <128.142.56.159:9618?addrs=128.142.56.159-9618&alias=b7s01p3537.cern.ch&noUDP&sock=startd_2694_703a>
...
006 (3344067.017.000) 01/23 18:29:34 Image size of job updated: 1311248
	245  -  MemoryUsage of job (MB)
	250104  -  ResidentSetSize of job (KB)
...
006 (3344067.017.000) 01/23 18:29:48 Image size of job updated: 1751508
	245  -  MemoryUsage of job (MB)
	250108  -  ResidentSetSize of job (KB)
...
040 (3344067.017.000) 01/23 18:29:48 Started transferring output files
...
040 (3344067.017.000) 01/23 18:29:48 Finished transferring output files
...
005 (3344067.017.000) 01/23 18:29:48 Job terminated.
	(1) Normal termination (return value 0)
		Usr 0 00:00:11, Sys 0 00:00:02  -  Run Remote Usage
		Usr 0 00:00:00, Sys 0 00:00:00  -  Run Local Usage
		Usr 0 00:00:11, Sys 0 00:00:02  -  Total Remote Usage
		Usr 0 00:00:00, Sys 0 00:00:00  -  Total Local Usage
	6408  -  Run Bytes Sent By Job
	11208  -  Run Bytes Received By Job
	6408  -  Total Bytes Sent By Job
	11208  -  Total Bytes Received By Job
	Partitionable Resources :    Usage  Request Allocated 
	   Cpus                 :                 4         4 
	   Disk (KB)            :       31        1   1332960 
	   Memory (MB)          :      245     8000      8000 

	Job terminated of its own accord at 2022-01-23T17:29:48Z.
...
