000 (3316949.004.000) 01/13 10:23:48 Job submitted from host: <188.185.70.244:9618?addrs=188.185.70.244-9618+[2001-1458-d00-7--100-2ee]-9618&alias=bigbird10.cern.ch&noUDP&sock=schedd_7001_aea1>
...
040 (3316949.004.000) 01/13 10:29:11 Started transferring input files
	Transferring to host: <128.142.56.45:9618?addrs=128.142.56.45-9618&alias=b7s01p0385.cern.ch&noUDP&sock=slot1_2_5619_d7fe_29056>
...
040 (3316949.004.000) 01/13 10:29:11 Finished transferring input files
...
001 (3316949.004.000) 01/13 10:29:12 Job executing on host: <128.142.56.45:9618?addrs=128.142.56.45-9618&alias=b7s01p0385.cern.ch&noUDP&sock=startd_5236_09f9>
...
006 (3316949.004.000) 01/13 10:29:21 Image size of job updated: 1250568
	155  -  MemoryUsage of job (MB)
	157860  -  ResidentSetSize of job (KB)
...
006 (3316949.004.000) 01/13 10:34:22 Image size of job updated: 1742904
	282  -  MemoryUsage of job (MB)
	287828  -  ResidentSetSize of job (KB)
...
006 (3316949.004.000) 01/13 10:39:22 Image size of job updated: 2045264
	573  -  MemoryUsage of job (MB)
	586228  -  ResidentSetSize of job (KB)
...
006 (3316949.004.000) 01/13 11:04:24 Image size of job updated: 2358520
	881  -  MemoryUsage of job (MB)
	901996  -  ResidentSetSize of job (KB)
...
006 (3316949.004.000) 01/13 11:29:27 Image size of job updated: 2763068
	1274  -  MemoryUsage of job (MB)
	1304132  -  ResidentSetSize of job (KB)
...
006 (3316949.004.000) 01/13 11:59:31 Image size of job updated: 2890780
	1369  -  MemoryUsage of job (MB)
	1401700  -  ResidentSetSize of job (KB)
...
006 (3316949.004.000) 01/13 12:19:32 Image size of job updated: 3559412
	1744  -  MemoryUsage of job (MB)
	1785416  -  ResidentSetSize of job (KB)
...
006 (3316949.004.000) 01/13 12:44:35 Image size of job updated: 3977012
	2071  -  MemoryUsage of job (MB)
	2120476  -  ResidentSetSize of job (KB)
...
006 (3316949.004.000) 01/13 13:04:37 Image size of job updated: 4435660
	2505  -  MemoryUsage of job (MB)
	2564728  -  ResidentSetSize of job (KB)
...
006 (3316949.004.000) 01/13 13:19:38 Image size of job updated: 4435660
	2505  -  MemoryUsage of job (MB)
	2564732  -  ResidentSetSize of job (KB)
...
006 (3316949.004.000) 01/13 13:24:39 Image size of job updated: 4435660
	2506  -  MemoryUsage of job (MB)
	2565192  -  ResidentSetSize of job (KB)
...
006 (3316949.004.000) 01/13 13:29:39 Image size of job updated: 4882156
	3175  -  MemoryUsage of job (MB)
	3250240  -  ResidentSetSize of job (KB)
...
006 (3316949.004.000) 01/13 13:49:41 Image size of job updated: 5471892
	3440  -  MemoryUsage of job (MB)
	3521732  -  ResidentSetSize of job (KB)
...
040 (3316949.004.000) 01/13 14:10:54 Started transferring output files
...
040 (3316949.004.000) 01/13 14:10:55 Finished transferring output files
...
005 (3316949.004.000) 01/13 14:10:55 Job terminated.
	(1) Normal termination (return value 0)
		Usr 0 00:20:04, Sys 0 00:00:43  -  Run Remote Usage
		Usr 0 00:00:00, Sys 0 00:00:00  -  Run Local Usage
		Usr 0 00:20:04, Sys 0 00:00:43  -  Total Remote Usage
		Usr 0 00:00:00, Sys 0 00:00:00  -  Total Local Usage
	4145282  -  Run Bytes Sent By Job
	10529  -  Run Bytes Received By Job
	4145282  -  Total Bytes Sent By Job
	10529  -  Total Bytes Received By Job
	Partitionable Resources :    Usage  Request Allocated 
	   Cpus                 :     0.05        4         4 
	   Disk (KB)            :  4081           1   1281071 
	   Memory (MB)          :  3440        8000      8000 

	Job terminated of its own accord at 2022-01-13T13:10:54Z.
...
