000 (3315593.019.000) 01/12 17:36:27 Job submitted from host: <188.185.70.244:9618?addrs=188.185.70.244-9618+[2001-1458-d00-7--100-2ee]-9618&alias=bigbird10.cern.ch&noUDP&sock=schedd_7001_aea1>
...
040 (3315593.019.000) 01/13 01:14:10 Started transferring input files
	Transferring to host: <128.142.57.90:9618?addrs=128.142.57.90-9618+[2001-1458-301-7--100-59]-9618&alias=b7s02p0120.cern.ch&noUDP&sock=slot1_36_3209_c7dc_27286>
...
040 (3315593.019.000) 01/13 01:14:10 Finished transferring input files
...
001 (3315593.019.000) 01/13 01:14:11 Job executing on host: <128.142.57.90:9618?addrs=128.142.57.90-9618+[2001-1458-301-7--100-59]-9618&alias=b7s02p0120.cern.ch&noUDP&sock=startd_2858_edc3>
...
006 (3315593.019.000) 01/13 01:14:19 Image size of job updated: 301532
	175  -  MemoryUsage of job (MB)
	179160  -  ResidentSetSize of job (KB)
...
006 (3315593.019.000) 01/13 01:14:21 Image size of job updated: 306396
	176  -  MemoryUsage of job (MB)
	179300  -  ResidentSetSize of job (KB)
...
040 (3315593.019.000) 01/13 01:14:21 Started transferring output files
...
040 (3315593.019.000) 01/13 01:14:21 Finished transferring output files
...
005 (3315593.019.000) 01/13 01:14:21 Job terminated.
	(1) Normal termination (return value 1)
		Usr 0 00:00:03, Sys 0 00:00:02  -  Run Remote Usage
		Usr 0 00:00:00, Sys 0 00:00:00  -  Run Local Usage
		Usr 0 00:00:03, Sys 0 00:00:02  -  Total Remote Usage
		Usr 0 00:00:00, Sys 0 00:00:00  -  Total Local Usage
	3887  -  Run Bytes Sent By Job
	10529  -  Run Bytes Received By Job
	3887  -  Total Bytes Sent By Job
	10529  -  Total Bytes Received By Job
	Partitionable Resources :    Usage  Request Allocated 
	   Cpus                 :                 4         4 
	   Disk (KB)            :       31        1   1259460 
	   Memory (MB)          :      176     8000      8000 

	Job terminated of its own accord at 2022-01-13T00:14:21Z.
...
