000 (3315593.016.000) 01/12 17:36:27 Job submitted from host: <188.185.70.244:9618?addrs=188.185.70.244-9618+[2001-1458-d00-7--100-2ee]-9618&alias=bigbird10.cern.ch&noUDP&sock=schedd_7001_aea1>
...
040 (3315593.016.000) 01/13 01:14:07 Started transferring input files
	Transferring to host: <128.142.60.145:9618?addrs=128.142.60.145-9618+[2001-1458-301-22--100-90]-9618&alias=b7s05p3591.cern.ch&noUDP&sock=slot1_16_3605_cc6c_25759>
...
040 (3315593.016.000) 01/13 01:14:07 Finished transferring input files
...
001 (3315593.016.000) 01/13 01:14:08 Job executing on host: <128.142.60.145:9618?addrs=128.142.60.145-9618+[2001-1458-301-22--100-90]-9618&alias=b7s05p3591.cern.ch&noUDP&sock=startd_2842_f43f>
...
006 (3315593.016.000) 01/13 01:14:16 Image size of job updated: 1577164
	186  -  MemoryUsage of job (MB)
	190344  -  ResidentSetSize of job (KB)
...
006 (3315593.016.000) 01/13 01:14:17 Image size of job updated: 1577164
	187  -  MemoryUsage of job (MB)
	190520  -  ResidentSetSize of job (KB)
...
040 (3315593.016.000) 01/13 01:14:20 Started transferring output files
...
040 (3315593.016.000) 01/13 01:14:20 Finished transferring output files
...
005 (3315593.016.000) 01/13 01:14:20 Job terminated.
	(1) Normal termination (return value 1)
		Usr 0 00:00:03, Sys 0 00:00:02  -  Run Remote Usage
		Usr 0 00:00:00, Sys 0 00:00:00  -  Run Local Usage
		Usr 0 00:00:03, Sys 0 00:00:02  -  Total Remote Usage
		Usr 0 00:00:00, Sys 0 00:00:00  -  Total Local Usage
	5115  -  Run Bytes Sent By Job
	10529  -  Run Bytes Received By Job
	5115  -  Total Bytes Sent By Job
	10529  -  Total Bytes Received By Job
	Partitionable Resources :    Usage  Request Allocated 
	   Cpus                 :                 4         4 
	   Disk (KB)            :       32        1   1231307 
	   Memory (MB)          :      187     8000      8000 

	Job terminated of its own accord at 2022-01-13T00:14:17Z.
...
