000 (3317882.000.000) 01/14 11:46:14 Job submitted from host: <188.185.70.244:9618?addrs=188.185.70.244-9618+[2001-1458-d00-7--100-2ee]-9618&alias=bigbird10.cern.ch&noUDP&sock=schedd_7001_aea1>
...
040 (3317882.000.000) 01/14 16:22:51 Started transferring input files
	Transferring to host: <128.142.131.71:9618?addrs=128.142.131.71-9618+[2001-1458-301-59--100-3b]-9618&alias=b7g11p5149.cern.ch&noUDP&sock=slot1_23_3527_d729_75491>
...
040 (3317882.000.000) 01/14 16:22:51 Finished transferring input files
...
001 (3317882.000.000) 01/14 16:22:52 Job executing on host: <128.142.131.71:9618?addrs=128.142.131.71-9618+[2001-1458-301-59--100-3b]-9618&alias=b7g11p5149.cern.ch&noUDP&sock=startd_36796_92ec>
...
006 (3317882.000.000) 01/14 16:23:00 Image size of job updated: 275852
	192  -  MemoryUsage of job (MB)
	195980  -  ResidentSetSize of job (KB)
...
040 (3317882.000.000) 01/14 16:23:02 Started transferring output files
...
040 (3317882.000.000) 01/14 16:23:02 Finished transferring output files
...
005 (3317882.000.000) 01/14 16:23:02 Job terminated.
	(1) Normal termination (return value 1)
		Usr 0 00:00:05, Sys 0 00:00:02  -  Run Remote Usage
		Usr 0 00:00:00, Sys 0 00:00:00  -  Run Local Usage
		Usr 0 00:00:05, Sys 0 00:00:02  -  Total Remote Usage
		Usr 0 00:00:00, Sys 0 00:00:00  -  Total Local Usage
	1127  -  Run Bytes Sent By Job
	10521  -  Run Bytes Received By Job
	1127  -  Total Bytes Sent By Job
	10521  -  Total Bytes Received By Job
	Partitionable Resources :    Usage  Request Allocated 
	   Cpus                 :                 4         4 
	   Disk (KB)            :       29        1   1594779 
	   Memory (MB)          :      192     8000      8000 

	Job terminated of its own accord at 2022-01-14T15:23:02Z.
...
