000 (3338411.018.000) 01/19 18:49:40 Job submitted from host: <188.185.70.244:9618?addrs=188.185.70.244-9618+[2001-1458-d00-7--100-2ee]-9618&alias=bigbird10.cern.ch&noUDP&sock=schedd_7001_aea1>
...
040 (3338411.018.000) 01/19 18:58:11 Started transferring input files
	Transferring to host: <128.142.58.84:9618?addrs=128.142.58.84-9618&alias=b7s03p6923.cern.ch&noUDP&sock=slot1_20_3184_2a7b_31474>
...
040 (3338411.018.000) 01/19 18:58:11 Finished transferring input files
...
001 (3338411.018.000) 01/19 18:58:12 Job executing on host: <128.142.58.84:9618?addrs=128.142.58.84-9618&alias=b7s03p6923.cern.ch&noUDP&sock=startd_2751_8920>
...
006 (3338411.018.000) 01/19 18:58:20 Image size of job updated: 350284
	244  -  MemoryUsage of job (MB)
	249772  -  ResidentSetSize of job (KB)
...
006 (3338411.018.000) 01/19 19:03:06 Image size of job updated: 2025512
	245  -  MemoryUsage of job (MB)
	249912  -  ResidentSetSize of job (KB)
...
040 (3338411.018.000) 01/19 19:03:06 Started transferring output files
...
040 (3338411.018.000) 01/19 19:03:06 Finished transferring output files
...
004 (3338411.018.000) 01/19 19:03:06 Job was evicted.
	(0) CPU times
		Usr 0 00:01:35, Sys 0 00:00:04  -  Run Remote Usage
		Usr 0 00:00:00, Sys 0 00:00:00  -  Run Local Usage
	0  -  Run Bytes Sent By Job
	11204  -  Run Bytes Received By Job
	Partitionable Resources :    Usage  Request Allocated 
	   Cpus                 :                 4         4 
	   Disk (KB)            :       27        1   1261369 
	   Memory (MB)          :      245     8000      8000 
...
009 (3338411.018.000) 01/19 19:03:06 Job was aborted.
	via condor_rm (by user vdamante)
...
