000 (3344065.023.000) 01/23 18:27:48 Job submitted from host: <188.185.70.244:9618?addrs=188.185.70.244-9618+[2001-1458-d00-7--100-2ee]-9618&alias=bigbird10.cern.ch&noUDP&sock=schedd_7001_aea1>
...
022 (3344065.023.000) 01/23 18:29:22 Job disconnected, attempting to reconnect
    Socket between submit and execute hosts closed unexpectedly
    Trying to reconnect to slot1_12@b7s03p6926.cern.ch <128.142.58.123:9618?addrs=128.142.58.123-9618+[2001-1458-301-16--100-7a]-9618&alias=b7s03p6926.cern.ch&noUDP&sock=startd_2929_a0fc>
...
024 (3344065.023.000) 01/23 18:29:22 Job reconnection failed
    Job not found at execution machine
    Can not reconnect to slot1_12@b7s03p6926.cern.ch, rescheduling job
...
040 (3344065.023.000) 01/23 18:30:42 Started transferring input files
	Transferring to host: <128.142.61.123:9618?addrs=128.142.61.123-9618+[2001-1458-301-23--100-7a]-9618&alias=b7s06p7679.cern.ch&noUDP&sock=slot1_12_6132_4c72_39505>
...
040 (3344065.023.000) 01/23 18:30:42 Finished transferring input files
...
001 (3344065.023.000) 01/23 18:30:43 Job executing on host: <128.142.61.123:9618?addrs=128.142.61.123-9618+[2001-1458-301-23--100-7a]-9618&alias=b7s06p7679.cern.ch&noUDP&sock=startd_6019_1ca1>
...
006 (3344065.023.000) 01/23 18:30:52 Image size of job updated: 739924
	231  -  MemoryUsage of job (MB)
	235936  -  ResidentSetSize of job (KB)
...
006 (3344065.023.000) 01/23 18:32:40 Image size of job updated: 1733292
	231  -  MemoryUsage of job (MB)
	236040  -  ResidentSetSize of job (KB)
...
040 (3344065.023.000) 01/23 18:32:40 Started transferring output files
...
040 (3344065.023.000) 01/23 18:32:40 Finished transferring output files
...
005 (3344065.023.000) 01/23 18:32:40 Job terminated.
	(1) Normal termination (return value 0)
		Usr 0 00:00:13, Sys 0 00:00:02  -  Run Remote Usage
		Usr 0 00:00:00, Sys 0 00:00:00  -  Run Local Usage
		Usr 0 00:00:13, Sys 0 00:00:02  -  Total Remote Usage
		Usr 0 00:00:00, Sys 0 00:00:00  -  Total Local Usage
	1377  -  Run Bytes Sent By Job
	11205  -  Run Bytes Received By Job
	1377  -  Total Bytes Sent By Job
	11205  -  Total Bytes Received By Job
	Partitionable Resources :    Usage  Request Allocated 
	   Cpus                 :                 4         4 
	   Disk (KB)            :       29        1   1333453 
	   Memory (MB)          :      231     8000      8000 

	Job terminated of its own accord at 2022-01-23T17:32:40Z.
...
