000 (3316949.014.000) 01/13 10:23:48 Job submitted from host: <188.185.70.244:9618?addrs=188.185.70.244-9618+[2001-1458-d00-7--100-2ee]-9618&alias=bigbird10.cern.ch&noUDP&sock=schedd_7001_aea1>
...
040 (3316949.014.000) 01/13 10:29:14 Started transferring input files
	Transferring to host: <128.142.63.89:9618?addrs=128.142.63.89-9618+[2001-1458-301-38--100-56]-9618&alias=b7s08p7741.cern.ch&noUDP&sock=slot1_8_3573_406a_22988>
...
040 (3316949.014.000) 01/13 10:29:14 Finished transferring input files
...
001 (3316949.014.000) 01/13 10:29:15 Job executing on host: <128.142.63.89:9618?addrs=128.142.63.89-9618+[2001-1458-301-38--100-56]-9618&alias=b7s08p7741.cern.ch&noUDP&sock=startd_2917_65d9>
...
006 (3316949.014.000) 01/13 10:29:24 Image size of job updated: 1256208
	194  -  MemoryUsage of job (MB)
	197832  -  ResidentSetSize of job (KB)
...
006 (3316949.014.000) 01/13 10:34:25 Image size of job updated: 2165976
	572  -  MemoryUsage of job (MB)
	585696  -  ResidentSetSize of job (KB)
...
006 (3316949.014.000) 01/13 10:44:26 Image size of job updated: 2165976
	573  -  MemoryUsage of job (MB)
	586680  -  ResidentSetSize of job (KB)
...
006 (3316949.014.000) 01/13 10:49:27 Image size of job updated: 2434236
	793  -  MemoryUsage of job (MB)
	811124  -  ResidentSetSize of job (KB)
...
006 (3316949.014.000) 01/13 10:54:27 Image size of job updated: 2434236
	793  -  MemoryUsage of job (MB)
	811128  -  ResidentSetSize of job (KB)
...
006 (3316949.014.000) 01/13 10:59:27 Image size of job updated: 2765880
	1070  -  MemoryUsage of job (MB)
	1095408  -  ResidentSetSize of job (KB)
...
006 (3316949.014.000) 01/13 11:09:29 Image size of job updated: 2933312
	1359  -  MemoryUsage of job (MB)
	1391504  -  ResidentSetSize of job (KB)
...
006 (3316949.014.000) 01/13 11:19:30 Image size of job updated: 3626768
	1765  -  MemoryUsage of job (MB)
	1806672  -  ResidentSetSize of job (KB)
...
006 (3316949.014.000) 01/13 11:29:31 Image size of job updated: 4096980
	2179  -  MemoryUsage of job (MB)
	2230892  -  ResidentSetSize of job (KB)
...
006 (3316949.014.000) 01/13 11:39:32 Image size of job updated: 4556348
	2650  -  MemoryUsage of job (MB)
	2712884  -  ResidentSetSize of job (KB)
...
006 (3316949.014.000) 01/13 11:44:32 Image size of job updated: 4556348
	2650  -  MemoryUsage of job (MB)
	2712888  -  ResidentSetSize of job (KB)
...
006 (3316949.014.000) 01/13 11:54:33 Image size of job updated: 5108152
	3367  -  MemoryUsage of job (MB)
	3446812  -  ResidentSetSize of job (KB)
...
006 (3316949.014.000) 01/13 12:04:34 Image size of job updated: 5108152
	3370  -  MemoryUsage of job (MB)
	3450820  -  ResidentSetSize of job (KB)
...
006 (3316949.014.000) 01/13 12:09:35 Image size of job updated: 5783880
	3652  -  MemoryUsage of job (MB)
	3738828  -  ResidentSetSize of job (KB)
...
006 (3316949.014.000) 01/13 12:19:36 Image size of job updated: 5783880
	3652  -  MemoryUsage of job (MB)
	3738832  -  ResidentSetSize of job (KB)
...
040 (3316949.014.000) 01/13 12:22:35 Started transferring output files
...
040 (3316949.014.000) 01/13 12:22:35 Finished transferring output files
...
005 (3316949.014.000) 01/13 12:22:35 Job terminated.
	(1) Normal termination (return value 0)
		Usr 0 00:19:37, Sys 0 00:00:39  -  Run Remote Usage
		Usr 0 00:00:00, Sys 0 00:00:00  -  Run Local Usage
		Usr 0 00:19:37, Sys 0 00:00:39  -  Total Remote Usage
		Usr 0 00:00:00, Sys 0 00:00:00  -  Total Local Usage
	4147486  -  Run Bytes Sent By Job
	10529  -  Run Bytes Received By Job
	4147486  -  Total Bytes Sent By Job
	10529  -  Total Bytes Received By Job
	Partitionable Resources :    Usage  Request Allocated 
	   Cpus                 :     0.08        4         4 
	   Disk (KB)            :  4081           1   1285165 
	   Memory (MB)          :  3652        8000      8000 

	Job terminated of its own accord at 2022-01-13T11:22:34Z.
...
