000 (3344065.022.000) 01/23 18:27:48 Job submitted from host: <188.185.70.244:9618?addrs=188.185.70.244-9618+[2001-1458-d00-7--100-2ee]-9618&alias=bigbird10.cern.ch&noUDP&sock=schedd_7001_aea1>
...
040 (3344065.022.000) 01/23 18:29:02 Started transferring input files
	Transferring to host: <128.142.63.58:9618?addrs=128.142.63.58-9618+[2001-1458-301-38--100-37]-9618&alias=b7s08p1987.cern.ch&noUDP&sock=slot1_6_3593_57eb_10641>
...
040 (3344065.022.000) 01/23 18:29:02 Finished transferring input files
...
001 (3344065.022.000) 01/23 18:29:03 Job executing on host: <128.142.63.58:9618?addrs=128.142.63.58-9618+[2001-1458-301-38--100-37]-9618&alias=b7s08p1987.cern.ch&noUDP&sock=startd_2848_11d0>
...
006 (3344065.022.000) 01/23 18:29:12 Image size of job updated: 403312
	155  -  MemoryUsage of job (MB)
	157872  -  ResidentSetSize of job (KB)
...
006 (3344065.022.000) 01/23 18:30:37 Image size of job updated: 1747292
	155  -  MemoryUsage of job (MB)
	157872  -  ResidentSetSize of job (KB)
...
040 (3344065.022.000) 01/23 18:30:37 Started transferring output files
...
040 (3344065.022.000) 01/23 18:30:37 Finished transferring output files
...
005 (3344065.022.000) 01/23 18:30:37 Job terminated.
	(1) Normal termination (return value 0)
		Usr 0 00:00:13, Sys 0 00:00:02  -  Run Remote Usage
		Usr 0 00:00:00, Sys 0 00:00:00  -  Run Local Usage
		Usr 0 00:00:13, Sys 0 00:00:02  -  Total Remote Usage
		Usr 0 00:00:00, Sys 0 00:00:00  -  Total Local Usage
	1377  -  Run Bytes Sent By Job
	11205  -  Run Bytes Received By Job
	1377  -  Total Bytes Sent By Job
	11205  -  Total Bytes Received By Job
	Partitionable Resources :    Usage  Request Allocated 
	   Cpus                 :                 4         4 
	   Disk (KB)            :       29        1   1264762 
	   Memory (MB)          :      155     8000      8000 

	Job terminated of its own accord at 2022-01-23T17:30:37Z.
...
