000 (3344065.019.000) 01/23 18:27:48 Job submitted from host: <188.185.70.244:9618?addrs=188.185.70.244-9618+[2001-1458-d00-7--100-2ee]-9618&alias=bigbird10.cern.ch&noUDP&sock=schedd_7001_aea1>
...
022 (3344065.019.000) 01/23 18:29:22 Job disconnected, attempting to reconnect
    Socket between submit and execute hosts closed unexpectedly
    Trying to reconnect to slot1_1@b7s05p6203.cern.ch <128.142.60.14:9618?addrs=128.142.60.14-9618+[2001-1458-301-22--100-d]-9618&alias=b7s05p6203.cern.ch&noUDP&sock=startd_2838_35de>
...
024 (3344065.019.000) 01/23 18:29:30 Job reconnection failed
    Job not found at execution machine
    Can not reconnect to slot1_1@b7s05p6203.cern.ch, rescheduling job
...
022 (3344065.019.000) 01/23 18:30:45 Job disconnected, attempting to reconnect
    Socket between submit and execute hosts closed unexpectedly
    Trying to reconnect to slot1_30@b7g11p1200.cern.ch <128.142.131.45:9618?addrs=128.142.131.45-9618+[2001-1458-301-59--100-21]-9618&alias=b7g11p1200.cern.ch&noUDP&sock=startd_43132_8afc>
...
024 (3344065.019.000) 01/23 18:30:45 Job reconnection failed
    Job not found at execution machine
    Can not reconnect to slot1_30@b7g11p1200.cern.ch, rescheduling job
...
040 (3344065.019.000) 01/23 18:31:03 Started transferring input files
	Transferring to host: <188.184.164.120:9618?addrs=188.184.164.120-9618+[2001-1458-301-4e--100-72]-9618&alias=b7s13p5832.cern.ch&noUDP&sock=slot1_7_3493_e267_38960>
...
040 (3344065.019.000) 01/23 18:31:03 Finished transferring input files
...
001 (3344065.019.000) 01/23 18:31:04 Job executing on host: <188.184.164.120:9618?addrs=188.184.164.120-9618+[2001-1458-301-4e--100-72]-9618&alias=b7s13p5832.cern.ch&noUDP&sock=startd_3112_26d1>
...
006 (3344065.019.000) 01/23 18:31:12 Image size of job updated: 295232
	206  -  MemoryUsage of job (MB)
	210892  -  ResidentSetSize of job (KB)
...
006 (3344065.019.000) 01/23 18:35:20 Image size of job updated: 1746948
	206  -  MemoryUsage of job (MB)
	210900  -  ResidentSetSize of job (KB)
...
040 (3344065.019.000) 01/23 18:35:20 Started transferring output files
...
040 (3344065.019.000) 01/23 18:35:20 Finished transferring output files
...
005 (3344065.019.000) 01/23 18:35:20 Job terminated.
	(1) Normal termination (return value 0)
		Usr 0 00:00:17, Sys 0 00:00:02  -  Run Remote Usage
		Usr 0 00:00:00, Sys 0 00:00:00  -  Run Local Usage
		Usr 0 00:00:17, Sys 0 00:00:02  -  Total Remote Usage
		Usr 0 00:00:00, Sys 0 00:00:00  -  Total Local Usage
	1377  -  Run Bytes Sent By Job
	11205  -  Run Bytes Received By Job
	1377  -  Total Bytes Sent By Job
	11205  -  Total Bytes Received By Job
	Partitionable Resources :    Usage  Request Allocated 
	   Cpus                 :                 4         4 
	   Disk (KB)            :       30        1   3055125 
	   Memory (MB)          :      206     8000      8000 

	Job terminated of its own accord at 2022-01-23T17:35:20Z.
...
