000 (3295618.003.000) 01/10 15:27:45 Job submitted from host: <188.185.70.244:9618?addrs=188.185.70.244-9618+[2001-1458-d00-7--100-2ee]-9618&alias=bigbird10.cern.ch&noUDP&sock=schedd_7001_aea1>
...
040 (3295618.003.000) 01/10 15:32:34 Started transferring input files
	Transferring to host: <128.142.59.86:9618?addrs=128.142.59.86-9618+[2001-1458-301-21--100-55]-9618&alias=b7s04p2139.cern.ch&noUDP&sock=slot1_23_3600_468b_24976>
...
040 (3295618.003.000) 01/10 15:32:34 Finished transferring input files
...
001 (3295618.003.000) 01/10 15:32:35 Job executing on host: <128.142.59.86:9618?addrs=128.142.59.86-9618+[2001-1458-301-21--100-55]-9618&alias=b7s04p2139.cern.ch&noUDP&sock=startd_2942_8bb7>
...
006 (3295618.003.000) 01/10 15:32:43 Image size of job updated: 455028
	200  -  MemoryUsage of job (MB)
	204428  -  ResidentSetSize of job (KB)
...
040 (3295618.003.000) 01/10 15:32:44 Started transferring output files
...
040 (3295618.003.000) 01/10 15:32:44 Finished transferring output files
...
005 (3295618.003.000) 01/10 15:32:44 Job terminated.
	(1) Normal termination (return value 0)
		Usr 0 00:00:03, Sys 0 00:00:02  -  Run Remote Usage
		Usr 0 00:00:00, Sys 0 00:00:00  -  Run Local Usage
		Usr 0 00:00:03, Sys 0 00:00:02  -  Total Remote Usage
		Usr 0 00:00:00, Sys 0 00:00:00  -  Total Local Usage
	6479  -  Run Bytes Sent By Job
	10522  -  Run Bytes Received By Job
	6479  -  Total Bytes Sent By Job
	10522  -  Total Bytes Received By Job
	Partitionable Resources :    Usage  Request Allocated 
	   Cpus                 :                 4         4 
	   Disk (KB)            :       33        1    916830 
	   Memory (MB)          :      200     8000      8000 

	Job terminated of its own accord at 2022-01-10T14:32:44Z.
...
