000 (3293912.000.000) 01/10 14:24:00 Job submitted from host: <188.185.70.244:9618?addrs=188.185.70.244-9618+[2001-1458-d00-7--100-2ee]-9618&alias=bigbird10.cern.ch&noUDP&sock=schedd_7001_aea1>
...
040 (3293912.000.000) 01/10 14:26:29 Started transferring input files
	Transferring to host: <128.142.57.107:9618?addrs=128.142.57.107-9618+[2001-1458-301-7--100-6a]-9618&alias=b7s02p3228.cern.ch&noUDP&sock=slot1_16_6130_e3b2_24817>
...
040 (3293912.000.000) 01/10 14:26:29 Finished transferring input files
...
001 (3293912.000.000) 01/10 14:26:30 Job executing on host: <128.142.57.107:9618?addrs=128.142.57.107-9618+[2001-1458-301-7--100-6a]-9618&alias=b7s02p3228.cern.ch&noUDP&sock=startd_6082_5318>
...
006 (3293912.000.000) 01/10 14:26:39 Image size of job updated: 143152
	66  -  MemoryUsage of job (MB)
	66612  -  ResidentSetSize of job (KB)
...
006 (3293912.000.000) 01/10 14:31:40 Image size of job updated: 2513556
	1013  -  MemoryUsage of job (MB)
	1036364  -  ResidentSetSize of job (KB)
...
006 (3293912.000.000) 01/10 14:36:40 Image size of job updated: 2529940
	1013  -  MemoryUsage of job (MB)
	1036364  -  ResidentSetSize of job (KB)
...
040 (3293912.000.000) 01/10 14:55:49 Started transferring output files
...
040 (3293912.000.000) 01/10 14:55:51 Finished transferring output files
...
005 (3293912.000.000) 01/10 14:55:52 Job terminated.
	(1) Normal termination (return value 0)
		Usr 0 00:10:17, Sys 0 00:00:05  -  Run Remote Usage
		Usr 0 00:00:00, Sys 0 00:00:00  -  Run Local Usage
		Usr 0 00:10:17, Sys 0 00:00:05  -  Total Remote Usage
		Usr 0 00:00:00, Sys 0 00:00:00  -  Total Local Usage
	26474348  -  Run Bytes Sent By Job
	10521  -  Run Bytes Received By Job
	26474348  -  Total Bytes Sent By Job
	10521  -  Total Bytes Received By Job
	Partitionable Resources :    Usage  Request Allocated 
	   Cpus                 :     0.05        4         4 
	   Disk (KB)            : 25888           1   1328507 
	   Memory (MB)          :  1013        8000      8000 

	Job terminated of its own accord at 2022-01-10T13:55:49Z.
...
