000 (3295618.007.000) 01/10 15:27:45 Job submitted from host: <188.185.70.244:9618?addrs=188.185.70.244-9618+[2001-1458-d00-7--100-2ee]-9618&alias=bigbird10.cern.ch&noUDP&sock=schedd_7001_aea1>
...
040 (3295618.007.000) 01/10 15:32:35 Started transferring input files
	Transferring to host: <188.184.163.128:9618?addrs=188.184.163.128-9618+[2001-1458-301-4d--100-7a]-9618&alias=b7s12p2207.cern.ch&noUDP&sock=slot1_30_3575_a92a_24545>
...
040 (3295618.007.000) 01/10 15:32:35 Finished transferring input files
...
001 (3295618.007.000) 01/10 15:32:36 Job executing on host: <188.184.163.128:9618?addrs=188.184.163.128-9618+[2001-1458-301-4d--100-7a]-9618&alias=b7s12p2207.cern.ch&noUDP&sock=startd_2881_b470>
...
006 (3295618.007.000) 01/10 15:32:46 Image size of job updated: 268168
	184  -  MemoryUsage of job (MB)
	187948  -  ResidentSetSize of job (KB)
...
006 (3295618.007.000) 01/10 15:32:48 Image size of job updated: 301668
	184  -  MemoryUsage of job (MB)
	187960  -  ResidentSetSize of job (KB)
...
040 (3295618.007.000) 01/10 15:32:48 Started transferring output files
...
040 (3295618.007.000) 01/10 15:32:48 Finished transferring output files
...
005 (3295618.007.000) 01/10 15:32:48 Job terminated.
	(1) Normal termination (return value 0)
		Usr 0 00:00:05, Sys 0 00:00:02  -  Run Remote Usage
		Usr 0 00:00:00, Sys 0 00:00:00  -  Run Local Usage
		Usr 0 00:00:05, Sys 0 00:00:02  -  Total Remote Usage
		Usr 0 00:00:00, Sys 0 00:00:00  -  Total Local Usage
	9592  -  Run Bytes Sent By Job
	10522  -  Run Bytes Received By Job
	9592  -  Total Bytes Sent By Job
	10522  -  Total Bytes Received By Job
	Partitionable Resources :    Usage  Request Allocated 
	   Cpus                 :                 4         4 
	   Disk (KB)            :       33        1   3075798 
	   Memory (MB)          :      184     8000      8000 

	Job terminated of its own accord at 2022-01-10T14:32:48Z.
...
