000 (3338420.018.000) 01/19 19:03:57 Job submitted from host: <188.185.70.244:9618?addrs=188.185.70.244-9618+[2001-1458-d00-7--100-2ee]-9618&alias=bigbird10.cern.ch&noUDP&sock=schedd_7001_aea1>
...
040 (3338420.018.000) 01/19 19:08:36 Started transferring input files
	Transferring to host: <128.142.193.157:9618?addrs=128.142.193.157-9618+[2001-1458-301-8--100-19]-9618&alias=b7g21p2019.cern.ch&noUDP&sock=slot1_1_3413_8464_49653>
...
040 (3338420.018.000) 01/19 19:08:36 Finished transferring input files
...
001 (3338420.018.000) 01/19 19:08:37 Job executing on host: <128.142.193.157:9618?addrs=128.142.193.157-9618+[2001-1458-301-8--100-19]-9618&alias=b7g21p2019.cern.ch&noUDP&sock=startd_3322_31b4>
...
006 (3338420.018.000) 01/19 19:08:45 Image size of job updated: 320204
	183  -  MemoryUsage of job (MB)
	186860  -  ResidentSetSize of job (KB)
...
006 (3338420.018.000) 01/19 19:13:45 Image size of job updated: 2508328
	736  -  MemoryUsage of job (MB)
	753268  -  ResidentSetSize of job (KB)
...
006 (3338420.018.000) 01/19 19:18:46 Image size of job updated: 2947596
	1151  -  MemoryUsage of job (MB)
	1177784  -  ResidentSetSize of job (KB)
...
006 (3338420.018.000) 01/19 19:23:47 Image size of job updated: 3336020
	1499  -  MemoryUsage of job (MB)
	1534700  -  ResidentSetSize of job (KB)
...
006 (3338420.018.000) 01/19 19:28:47 Image size of job updated: 3336020
	1499  -  MemoryUsage of job (MB)
	1534780  -  ResidentSetSize of job (KB)
...
006 (3338420.018.000) 01/19 19:33:47 Image size of job updated: 3808748
	2288  -  MemoryUsage of job (MB)
	2342780  -  ResidentSetSize of job (KB)
...
006 (3338420.018.000) 01/19 19:58:50 Image size of job updated: 4247060
	2330  -  MemoryUsage of job (MB)
	2384992  -  ResidentSetSize of job (KB)
...
006 (3338420.018.000) 01/19 20:03:50 Image size of job updated: 4785624
	2774  -  MemoryUsage of job (MB)
	2839688  -  ResidentSetSize of job (KB)
...
006 (3338420.018.000) 01/19 20:08:51 Image size of job updated: 4785624
	2775  -  MemoryUsage of job (MB)
	2840756  -  ResidentSetSize of job (KB)
...
006 (3338420.018.000) 01/19 20:13:52 Image size of job updated: 5339212
	3198  -  MemoryUsage of job (MB)
	3273880  -  ResidentSetSize of job (KB)
...
006 (3338420.018.000) 01/19 20:18:52 Image size of job updated: 5339212
	3203  -  MemoryUsage of job (MB)
	3279696  -  ResidentSetSize of job (KB)
...
006 (3338420.018.000) 01/19 20:23:52 Image size of job updated: 6001964
	3792  -  MemoryUsage of job (MB)
	3882476  -  ResidentSetSize of job (KB)
...
006 (3338420.018.000) 01/19 20:33:54 Image size of job updated: 6001964
	3792  -  MemoryUsage of job (MB)
	3882480  -  ResidentSetSize of job (KB)
...
006 (3338420.018.000) 01/19 20:48:55 Image size of job updated: 6001964
	3798  -  MemoryUsage of job (MB)
	3888624  -  ResidentSetSize of job (KB)
...
006 (3338420.018.000) 01/19 20:53:55 Image size of job updated: 6662828
	5060  -  MemoryUsage of job (MB)
	5180940  -  ResidentSetSize of job (KB)
...
040 (3338420.018.000) 01/19 21:19:42 Started transferring output files
...
040 (3338420.018.000) 01/19 21:19:42 Finished transferring output files
...
005 (3338420.018.000) 01/19 21:19:42 Job terminated.
	(1) Normal termination (return value 0)
		Usr 0 00:47:09, Sys 0 00:00:54  -  Run Remote Usage
		Usr 0 00:00:00, Sys 0 00:00:00  -  Run Local Usage
		Usr 0 00:47:09, Sys 0 00:00:54  -  Total Remote Usage
		Usr 0 00:00:00, Sys 0 00:00:00  -  Total Local Usage
	6022  -  Run Bytes Sent By Job
	11204  -  Run Bytes Received By Job
	6022  -  Total Bytes Sent By Job
	11204  -  Total Bytes Received By Job
	Partitionable Resources :    Usage  Request Allocated 
	   Cpus                 :     0.04        4         4 
	   Disk (KB)            :    40           1   1374457 
	   Memory (MB)          :  5060        8000      8000 

	Job terminated of its own accord at 2022-01-19T20:19:42Z.
...
