000 (3301381.020.000) 01/10 18:08:25 Job submitted from host: <188.185.70.244:9618?addrs=188.185.70.244-9618+[2001-1458-d00-7--100-2ee]-9618&alias=bigbird10.cern.ch&noUDP&sock=schedd_7001_aea1>
...
040 (3301381.020.000) 01/10 18:12:30 Started transferring input files
	Transferring to host: <128.142.59.83:9618?addrs=128.142.59.83-9618&alias=b7s04p9097.cern.ch&noUDP&sock=slot1_30_3567_062a_22162>
...
040 (3301381.020.000) 01/10 18:12:30 Finished transferring input files
...
001 (3301381.020.000) 01/10 18:12:31 Job executing on host: <128.142.59.83:9618?addrs=128.142.59.83-9618&alias=b7s04p9097.cern.ch&noUDP&sock=startd_2692_110a>
...
006 (3301381.020.000) 01/10 18:12:33 Image size of job updated: 453424
	0  -  MemoryUsage of job (MB)
	0  -  ResidentSetSize of job (KB)
...
040 (3301381.020.000) 01/10 18:12:33 Started transferring output files
...
040 (3301381.020.000) 01/10 18:12:33 Finished transferring output files
...
005 (3301381.020.000) 01/10 18:12:33 Job terminated.
	(1) Normal termination (return value 1)
		Usr 0 00:00:00, Sys 0 00:00:00  -  Run Remote Usage
		Usr 0 00:00:00, Sys 0 00:00:00  -  Run Local Usage
		Usr 0 00:00:00, Sys 0 00:00:00  -  Total Remote Usage
		Usr 0 00:00:00, Sys 0 00:00:00  -  Total Local Usage
	202  -  Run Bytes Sent By Job
	10522  -  Run Bytes Received By Job
	202  -  Total Bytes Sent By Job
	10522  -  Total Bytes Received By Job
	Partitionable Resources :    Usage  Request Allocated 
	   Cpus                 :                 4         4 
	   Disk (KB)            :       27        1   1300819 
	   Memory (MB)          :        0     8000      8000 

	Job terminated of its own accord at 2022-01-10T17:12:33Z.
...
