000 (3315593.003.000) 01/12 17:36:27 Job submitted from host: <188.185.70.244:9618?addrs=188.185.70.244-9618+[2001-1458-d00-7--100-2ee]-9618&alias=bigbird10.cern.ch&noUDP&sock=schedd_7001_aea1>
...
040 (3315593.003.000) 01/13 01:13:55 Started transferring input files
	Transferring to host: <128.142.57.18:9618?addrs=128.142.57.18-9618+[2001-1458-301-7--100-11]-9618&alias=b7s02p8306.cern.ch&noUDP&sock=slot1_16_3599_922b_26376>
...
040 (3315593.003.000) 01/13 01:13:55 Finished transferring input files
...
001 (3315593.003.000) 01/13 01:13:56 Job executing on host: <128.142.57.18:9618?addrs=128.142.57.18-9618+[2001-1458-301-7--100-11]-9618&alias=b7s02p8306.cern.ch&noUDP&sock=startd_2940_2c87>
...
006 (3315593.003.000) 01/13 01:14:05 Image size of job updated: 319932
	199  -  MemoryUsage of job (MB)
	203752  -  ResidentSetSize of job (KB)
...
040 (3315593.003.000) 01/13 01:14:06 Started transferring output files
...
040 (3315593.003.000) 01/13 01:14:06 Finished transferring output files
...
005 (3315593.003.000) 01/13 01:14:06 Job terminated.
	(1) Normal termination (return value 1)
		Usr 0 00:00:03, Sys 0 00:00:02  -  Run Remote Usage
		Usr 0 00:00:00, Sys 0 00:00:00  -  Run Local Usage
		Usr 0 00:00:03, Sys 0 00:00:02  -  Total Remote Usage
		Usr 0 00:00:00, Sys 0 00:00:00  -  Total Local Usage
	7844  -  Run Bytes Sent By Job
	10529  -  Run Bytes Received By Job
	7844  -  Total Bytes Sent By Job
	10529  -  Total Bytes Received By Job
	Partitionable Resources :    Usage  Request Allocated 
	   Cpus                 :                 4         4 
	   Disk (KB)            :       35        1   1220248 
	   Memory (MB)          :      199     8000      8000 

	Job terminated of its own accord at 2022-01-13T00:14:06Z.
...
