000 (3338420.010.000) 01/19 19:03:57 Job submitted from host: <188.185.70.244:9618?addrs=188.185.70.244-9618+[2001-1458-d00-7--100-2ee]-9618&alias=bigbird10.cern.ch&noUDP&sock=schedd_7001_aea1>
...
040 (3338420.010.000) 01/19 19:06:47 Started transferring input files
	Transferring to host: <188.184.165.130:9618?addrs=188.184.165.130-9618+[2001-1458-301-51--100-7d]-9618&alias=b7s14p7623.cern.ch&noUDP&sock=slot1_6_3513_f9e8_10755>
...
040 (3338420.010.000) 01/19 19:06:47 Finished transferring input files
...
001 (3338420.010.000) 01/19 19:06:48 Job executing on host: <188.184.165.130:9618?addrs=188.184.165.130-9618+[2001-1458-301-51--100-7d]-9618&alias=b7s14p7623.cern.ch&noUDP&sock=startd_3160_135d>
...
006 (3338420.010.000) 01/19 19:06:57 Image size of job updated: 714688
	132  -  MemoryUsage of job (MB)
	134604  -  ResidentSetSize of job (KB)
...
006 (3338420.010.000) 01/19 19:11:58 Image size of job updated: 2504228
	733  -  MemoryUsage of job (MB)
	749852  -  ResidentSetSize of job (KB)
...
006 (3338420.010.000) 01/19 19:27:00 Image size of job updated: 2737972
	1213  -  MemoryUsage of job (MB)
	1242036  -  ResidentSetSize of job (KB)
...
006 (3338420.010.000) 01/19 19:32:01 Image size of job updated: 2943156
	1213  -  MemoryUsage of job (MB)
	1242036  -  ResidentSetSize of job (KB)
...
006 (3338420.010.000) 01/19 19:47:02 Image size of job updated: 3349364
	1501  -  MemoryUsage of job (MB)
	1536136  -  ResidentSetSize of job (KB)
...
006 (3338420.010.000) 01/19 20:02:04 Image size of job updated: 4200564
	1921  -  MemoryUsage of job (MB)
	1967084  -  ResidentSetSize of job (KB)
...
006 (3338420.010.000) 01/19 20:07:04 Image size of job updated: 4200564
	1921  -  MemoryUsage of job (MB)
	1967092  -  ResidentSetSize of job (KB)
...
006 (3338420.010.000) 01/19 20:17:05 Image size of job updated: 4200564
	1925  -  MemoryUsage of job (MB)
	1970204  -  ResidentSetSize of job (KB)
...
006 (3338420.010.000) 01/19 20:22:05 Image size of job updated: 4304356
	2368  -  MemoryUsage of job (MB)
	2424348  -  ResidentSetSize of job (KB)
...
006 (3338420.010.000) 01/19 20:37:07 Image size of job updated: 4879328
	3336  -  MemoryUsage of job (MB)
	3415156  -  ResidentSetSize of job (KB)
...
006 (3338420.010.000) 01/19 20:57:09 Image size of job updated: 5456036
	3353  -  MemoryUsage of job (MB)
	3433068  -  ResidentSetSize of job (KB)
...
006 (3338420.010.000) 01/19 21:12:10 Image size of job updated: 5456036
	3356  -  MemoryUsage of job (MB)
	3436424  -  ResidentSetSize of job (KB)
...
006 (3338420.010.000) 01/19 21:17:10 Image size of job updated: 6185228
	3875  -  MemoryUsage of job (MB)
	3967912  -  ResidentSetSize of job (KB)
...
006 (3338420.010.000) 01/19 21:32:11 Image size of job updated: 6185228
	3883  -  MemoryUsage of job (MB)
	3975444  -  ResidentSetSize of job (KB)
...
006 (3338420.010.000) 01/19 21:37:11 Image size of job updated: 6905892
	4488  -  MemoryUsage of job (MB)
	4594912  -  ResidentSetSize of job (KB)
...
040 (3338420.010.000) 01/19 21:50:57 Started transferring output files
...
040 (3338420.010.000) 01/19 21:50:57 Finished transferring output files
...
005 (3338420.010.000) 01/19 21:50:57 Job terminated.
	(1) Normal termination (return value 0)
		Usr 0 00:48:21, Sys 0 00:01:07  -  Run Remote Usage
		Usr 0 00:00:00, Sys 0 00:00:00  -  Run Local Usage
		Usr 0 00:48:21, Sys 0 00:01:07  -  Total Remote Usage
		Usr 0 00:00:00, Sys 0 00:00:00  -  Total Local Usage
	6019  -  Run Bytes Sent By Job
	11204  -  Run Bytes Received By Job
	6019  -  Total Bytes Sent By Job
	11204  -  Total Bytes Received By Job
	Partitionable Resources :    Usage  Request Allocated 
	   Cpus                 :     0.21        4         4 
	   Disk (KB)            :    40           1   2479511 
	   Memory (MB)          :  4488        8000      8000 

	Job terminated of its own accord at 2022-01-19T20:50:57Z.
...
