000 (3314884.012.000) 01/12 10:53:24 Job submitted from host: <188.185.70.244:9618?addrs=188.185.70.244-9618+[2001-1458-d00-7--100-2ee]-9618&alias=bigbird10.cern.ch&noUDP&sock=schedd_7001_aea1>
...
040 (3314884.012.000) 01/12 10:54:30 Started transferring input files
	Transferring to host: <188.184.162.24:9618?addrs=188.184.162.24-9618+[2001-1458-301-4a--100-12]-9618&alias=b7s11p1921.cern.ch&noUDP&sock=slot1_6_3465_27e6_25598>
...
040 (3314884.012.000) 01/12 10:54:30 Finished transferring input files
...
001 (3314884.012.000) 01/12 10:54:31 Job executing on host: <188.184.162.24:9618?addrs=188.184.162.24-9618+[2001-1458-301-4a--100-12]-9618&alias=b7s11p1921.cern.ch&noUDP&sock=startd_2964_a2cd>
...
006 (3314884.012.000) 01/12 10:54:41 Image size of job updated: 1256192
	156  -  MemoryUsage of job (MB)
	158772  -  ResidentSetSize of job (KB)
...
040 (3314884.012.000) 01/12 10:54:52 Started transferring output files
...
040 (3314884.012.000) 01/12 10:54:52 Finished transferring output files
...
005 (3314884.012.000) 01/12 10:54:52 Job terminated.
	(1) Normal termination (return value 1)
		Usr 0 00:00:05, Sys 0 00:00:02  -  Run Remote Usage
		Usr 0 00:00:00, Sys 0 00:00:00  -  Run Local Usage
		Usr 0 00:00:05, Sys 0 00:00:02  -  Total Remote Usage
		Usr 0 00:00:00, Sys 0 00:00:00  -  Total Local Usage
	4949  -  Run Bytes Sent By Job
	10530  -  Run Bytes Received By Job
	4949  -  Total Bytes Sent By Job
	10530  -  Total Bytes Received By Job
	Partitionable Resources :    Usage  Request Allocated 
	   Cpus                 :     0.48        4         4 
	   Disk (KB)            :    39           1   2966055 
	   Memory (MB)          :   156        8000      8000 

	Job terminated of its own accord at 2022-01-12T09:54:52Z.
...
