000 (3296441.016.000) 01/10 15:54:43 Job submitted from host: <188.185.70.244:9618?addrs=188.185.70.244-9618+[2001-1458-d00-7--100-2ee]-9618&alias=bigbird10.cern.ch&noUDP&sock=schedd_7001_aea1>
...
040 (3296441.016.000) 01/10 16:34:39 Started transferring input files
	Transferring to host: <128.142.132.137:9618?addrs=128.142.132.137-9618+[2001-1458-301-5a--100-7d]-9618&alias=b7g12p0734.cern.ch&noUDP&sock=slot1_6_20432_f138_92620>
...
040 (3296441.016.000) 01/10 16:34:39 Finished transferring input files
...
001 (3296441.016.000) 01/10 16:34:40 Job executing on host: <128.142.132.137:9618?addrs=128.142.132.137-9618+[2001-1458-301-5a--100-7d]-9618&alias=b7g12p0734.cern.ch&noUDP&sock=startd_2194_7ae0>
...
006 (3296441.016.000) 01/10 16:34:49 Image size of job updated: 316476
	188  -  MemoryUsage of job (MB)
	192368  -  ResidentSetSize of job (KB)
...
006 (3296441.016.000) 01/10 16:34:50 Image size of job updated: 1668980
	188  -  MemoryUsage of job (MB)
	192408  -  ResidentSetSize of job (KB)
...
040 (3296441.016.000) 01/10 16:34:51 Started transferring output files
...
040 (3296441.016.000) 01/10 16:34:51 Finished transferring output files
...
005 (3296441.016.000) 01/10 16:34:51 Job terminated.
	(1) Normal termination (return value 0)
		Usr 0 00:00:05, Sys 0 00:00:02  -  Run Remote Usage
		Usr 0 00:00:00, Sys 0 00:00:00  -  Run Local Usage
		Usr 0 00:00:05, Sys 0 00:00:02  -  Total Remote Usage
		Usr 0 00:00:00, Sys 0 00:00:00  -  Total Local Usage
	3750  -  Run Bytes Sent By Job
	10522  -  Run Bytes Received By Job
	3750  -  Total Bytes Sent By Job
	10522  -  Total Bytes Received By Job
	Partitionable Resources :    Usage  Request Allocated 
	   Cpus                 :                 4         4 
	   Disk (KB)            :       31        1   1512678 
	   Memory (MB)          :      188     8000      8000 

	Job terminated of its own accord at 2022-01-10T15:34:50Z.
...
