000 (3344067.016.000) 01/23 18:28:19 Job submitted from host: <188.185.70.244:9618?addrs=188.185.70.244-9618+[2001-1458-d00-7--100-2ee]-9618&alias=bigbird10.cern.ch&noUDP&sock=schedd_7001_aea1>
...
040 (3344067.016.000) 01/23 18:29:18 Started transferring input files
	Transferring to host: <128.142.60.153:9618?addrs=128.142.60.153-9618+[2001-1458-301-22--100-98]-9618&alias=b7s05p6535.cern.ch&noUDP&sock=slot1_7_3585_b4eb_40370>
...
040 (3344067.016.000) 01/23 18:29:18 Finished transferring input files
...
001 (3344067.016.000) 01/23 18:29:19 Job executing on host: <128.142.60.153:9618?addrs=128.142.60.153-9618+[2001-1458-301-22--100-98]-9618&alias=b7s05p6535.cern.ch&noUDP&sock=startd_2932_afc5>
...
006 (3344067.016.000) 01/23 18:29:27 Image size of job updated: 1234092
	168  -  MemoryUsage of job (MB)
	172032  -  ResidentSetSize of job (KB)
...
006 (3344067.016.000) 01/23 18:30:00 Image size of job updated: 1741496
	169  -  MemoryUsage of job (MB)
	172200  -  ResidentSetSize of job (KB)
...
040 (3344067.016.000) 01/23 18:30:00 Started transferring output files
...
040 (3344067.016.000) 01/23 18:30:00 Finished transferring output files
...
005 (3344067.016.000) 01/23 18:30:00 Job terminated.
	(1) Normal termination (return value 0)
		Usr 0 00:00:17, Sys 0 00:00:02  -  Run Remote Usage
		Usr 0 00:00:00, Sys 0 00:00:00  -  Run Local Usage
		Usr 0 00:00:17, Sys 0 00:00:02  -  Total Remote Usage
		Usr 0 00:00:00, Sys 0 00:00:00  -  Total Local Usage
	6408  -  Run Bytes Sent By Job
	11208  -  Run Bytes Received By Job
	6408  -  Total Bytes Sent By Job
	11208  -  Total Bytes Received By Job
	Partitionable Resources :    Usage  Request Allocated 
	   Cpus                 :                 4         4 
	   Disk (KB)            :       31        1   1268254 
	   Memory (MB)          :      169     8000      8000 

	Job terminated of its own accord at 2022-01-23T17:30:00Z.
...
