000 (3314622.009.000) 01/11 10:41:32 Job submitted from host: <188.185.70.244:9618?addrs=188.185.70.244-9618+[2001-1458-d00-7--100-2ee]-9618&alias=bigbird10.cern.ch&noUDP&sock=schedd_7001_aea1>
...
040 (3314622.009.000) 01/11 11:09:10 Started transferring input files
	Transferring to host: <188.184.164.116:9618?addrs=188.184.164.116-9618+[2001-1458-301-4e--100-6e]-9618&alias=b7s13p2037.cern.ch&noUDP&sock=slot1_12_4465_bf0f_24262>
...
040 (3314622.009.000) 01/11 11:09:10 Finished transferring input files
...
001 (3314622.009.000) 01/11 11:09:11 Job executing on host: <188.184.164.116:9618?addrs=188.184.164.116-9618+[2001-1458-301-4e--100-6e]-9618&alias=b7s13p2037.cern.ch&noUDP&sock=startd_4274_2fdd>
...
006 (3314622.009.000) 01/11 11:09:19 Image size of job updated: 267560
	182  -  MemoryUsage of job (MB)
	186172  -  ResidentSetSize of job (KB)
...
006 (3314622.009.000) 01/11 11:14:19 Image size of job updated: 1887012
	414  -  MemoryUsage of job (MB)
	423380  -  ResidentSetSize of job (KB)
...
006 (3314622.009.000) 01/11 11:19:20 Image size of job updated: 1887012
	414  -  MemoryUsage of job (MB)
	423416  -  ResidentSetSize of job (KB)
...
006 (3314622.009.000) 01/11 11:24:21 Image size of job updated: 2033476
	558  -  MemoryUsage of job (MB)
	570932  -  ResidentSetSize of job (KB)
...
006 (3314622.009.000) 01/11 11:34:21 Image size of job updated: 2033476
	558  -  MemoryUsage of job (MB)
	570944  -  ResidentSetSize of job (KB)
...
006 (3314622.009.000) 01/11 11:39:22 Image size of job updated: 2225324
	747  -  MemoryUsage of job (MB)
	764224  -  ResidentSetSize of job (KB)
...
006 (3314622.009.000) 01/11 11:44:22 Image size of job updated: 2225324
	747  -  MemoryUsage of job (MB)
	764228  -  ResidentSetSize of job (KB)
...
006 (3314622.009.000) 01/11 11:49:22 Image size of job updated: 2363432
	947  -  MemoryUsage of job (MB)
	968984  -  ResidentSetSize of job (KB)
...
006 (3314622.009.000) 01/11 11:54:23 Image size of job updated: 2369704
	947  -  MemoryUsage of job (MB)
	968984  -  ResidentSetSize of job (KB)
...
006 (3314622.009.000) 01/11 12:04:23 Image size of job updated: 2681640
	1100  -  MemoryUsage of job (MB)
	1125392  -  ResidentSetSize of job (KB)
...
006 (3314622.009.000) 01/11 12:14:24 Image size of job updated: 2681640
	1100  -  MemoryUsage of job (MB)
	1125404  -  ResidentSetSize of job (KB)
...
006 (3314622.009.000) 01/11 12:19:24 Image size of job updated: 2967908
	1463  -  MemoryUsage of job (MB)
	1497152  -  ResidentSetSize of job (KB)
...
006 (3314622.009.000) 01/11 12:34:26 Image size of job updated: 3251928
	1659  -  MemoryUsage of job (MB)
	1697992  -  ResidentSetSize of job (KB)
...
006 (3314622.009.000) 01/11 12:49:28 Image size of job updated: 3251928
	1659  -  MemoryUsage of job (MB)
	1698276  -  ResidentSetSize of job (KB)
...
006 (3314622.009.000) 01/11 12:54:28 Image size of job updated: 3578164
	1845  -  MemoryUsage of job (MB)
	1888620  -  ResidentSetSize of job (KB)
...
006 (3314622.009.000) 01/11 13:09:29 Image size of job updated: 3578164
	1845  -  MemoryUsage of job (MB)
	1889100  -  ResidentSetSize of job (KB)
...
006 (3314622.009.000) 01/11 13:14:30 Image size of job updated: 3972872
	2181  -  MemoryUsage of job (MB)
	2232748  -  ResidentSetSize of job (KB)
...
006 (3314622.009.000) 01/11 13:19:31 Image size of job updated: 3972872
	2181  -  MemoryUsage of job (MB)
	2232760  -  ResidentSetSize of job (KB)
...
006 (3314622.009.000) 01/11 13:29:32 Image size of job updated: 4486668
	2933  -  MemoryUsage of job (MB)
	3003296  -  ResidentSetSize of job (KB)
...
040 (3314622.009.000) 01/11 13:43:19 Started transferring output files
...
040 (3314622.009.000) 01/11 13:43:19 Finished transferring output files
...
005 (3314622.009.000) 01/11 13:43:19 Job terminated.
	(1) Normal termination (return value 0)
		Usr 0 00:17:56, Sys 0 00:00:40  -  Run Remote Usage
		Usr 0 00:00:00, Sys 0 00:00:00  -  Run Local Usage
		Usr 0 00:17:56, Sys 0 00:00:40  -  Total Remote Usage
		Usr 0 00:00:00, Sys 0 00:00:00  -  Total Local Usage
	147774  -  Run Bytes Sent By Job
	10522  -  Run Bytes Received By Job
	147774  -  Total Bytes Sent By Job
	10522  -  Total Bytes Received By Job
	Partitionable Resources :    Usage  Request Allocated 
	   Cpus                 :     0.02        4         4 
	   Disk (KB)            :   179           1   3031630 
	   Memory (MB)          :  2933        8000      8000 

	Job terminated of its own accord at 2022-01-11T12:43:19Z.
...
