000 (3316949.011.000) 01/13 10:23:48 Job submitted from host: <188.185.70.244:9618?addrs=188.185.70.244-9618+[2001-1458-d00-7--100-2ee]-9618&alias=bigbird10.cern.ch&noUDP&sock=schedd_7001_aea1>
...
040 (3316949.011.000) 01/13 10:29:13 Started transferring input files
	Transferring to host: <128.142.63.35:9618?addrs=128.142.63.35-9618+[2001-1458-301-38--100-20]-9618&alias=b7s08p8061.cern.ch&noUDP&sock=slot1_5_3626_984d_24107>
...
040 (3316949.011.000) 01/13 10:29:13 Finished transferring input files
...
001 (3316949.011.000) 01/13 10:29:14 Job executing on host: <128.142.63.35:9618?addrs=128.142.63.35-9618+[2001-1458-301-38--100-20]-9618&alias=b7s08p8061.cern.ch&noUDP&sock=startd_2940_2c87>
...
006 (3316949.011.000) 01/13 10:29:23 Image size of job updated: 1257208
	155  -  MemoryUsage of job (MB)
	157856  -  ResidentSetSize of job (KB)
...
006 (3316949.011.000) 01/13 10:34:24 Image size of job updated: 2064820
	568  -  MemoryUsage of job (MB)
	581296  -  ResidentSetSize of job (KB)
...
006 (3316949.011.000) 01/13 11:09:27 Image size of job updated: 2466208
	880  -  MemoryUsage of job (MB)
	900416  -  ResidentSetSize of job (KB)
...
006 (3316949.011.000) 01/13 11:49:31 Image size of job updated: 2751124
	1091  -  MemoryUsage of job (MB)
	1116180  -  ResidentSetSize of job (KB)
...
006 (3316949.011.000) 01/13 12:04:33 Image size of job updated: 2751124
	1091  -  MemoryUsage of job (MB)
	1116184  -  ResidentSetSize of job (KB)
...
006 (3316949.011.000) 01/13 12:24:34 Image size of job updated: 3131932
	1367  -  MemoryUsage of job (MB)
	1399548  -  ResidentSetSize of job (KB)
...
006 (3316949.011.000) 01/13 12:29:35 Image size of job updated: 3131932
	1367  -  MemoryUsage of job (MB)
	1399552  -  ResidentSetSize of job (KB)
...
006 (3316949.011.000) 01/13 13:04:39 Image size of job updated: 3131932
	1747  -  MemoryUsage of job (MB)
	1788456  -  ResidentSetSize of job (KB)
...
006 (3316949.011.000) 01/13 13:09:39 Image size of job updated: 3504868
	1747  -  MemoryUsage of job (MB)
	1788456  -  ResidentSetSize of job (KB)
...
006 (3316949.011.000) 01/13 13:54:42 Image size of job updated: 3871216
	1986  -  MemoryUsage of job (MB)
	2033412  -  ResidentSetSize of job (KB)
...
006 (3316949.011.000) 01/13 14:14:44 Image size of job updated: 3871216
	1986  -  MemoryUsage of job (MB)
	2033416  -  ResidentSetSize of job (KB)
...
006 (3316949.011.000) 01/13 14:29:45 Image size of job updated: 3871216
	1986  -  MemoryUsage of job (MB)
	2033492  -  ResidentSetSize of job (KB)
...
006 (3316949.011.000) 01/13 14:34:45 Image size of job updated: 4343324
	2419  -  MemoryUsage of job (MB)
	2476888  -  ResidentSetSize of job (KB)
...
006 (3316949.011.000) 01/13 15:04:49 Image size of job updated: 4343324
	2419  -  MemoryUsage of job (MB)
	2476892  -  ResidentSetSize of job (KB)
...
006 (3316949.011.000) 01/13 15:09:49 Image size of job updated: 4775448
	3067  -  MemoryUsage of job (MB)
	3139748  -  ResidentSetSize of job (KB)
...
006 (3316949.011.000) 01/13 15:14:49 Image size of job updated: 4775448
	3067  -  MemoryUsage of job (MB)
	3139752  -  ResidentSetSize of job (KB)
...
006 (3316949.011.000) 01/13 15:49:53 Image size of job updated: 5316480
	3314  -  MemoryUsage of job (MB)
	3392804  -  ResidentSetSize of job (KB)
...
006 (3316949.011.000) 01/13 15:54:54 Image size of job updated: 5316480
	3314  -  MemoryUsage of job (MB)
	3392808  -  ResidentSetSize of job (KB)
...
040 (3316949.011.000) 01/13 16:26:00 Started transferring output files
...
040 (3316949.011.000) 01/13 16:26:00 Finished transferring output files
...
005 (3316949.011.000) 01/13 16:26:00 Job terminated.
	(1) Normal termination (return value 0)
		Usr 0 00:20:03, Sys 0 00:02:32  -  Run Remote Usage
		Usr 0 00:00:00, Sys 0 00:00:00  -  Run Local Usage
		Usr 0 00:20:03, Sys 0 00:02:32  -  Total Remote Usage
		Usr 0 00:00:00, Sys 0 00:00:00  -  Total Local Usage
	4147792  -  Run Bytes Sent By Job
	10529  -  Run Bytes Received By Job
	4147792  -  Total Bytes Sent By Job
	10529  -  Total Bytes Received By Job
	Partitionable Resources :    Usage  Request Allocated 
	   Cpus                 :     0.01        4         4 
	   Disk (KB)            :  4082           1   1249305 
	   Memory (MB)          :  3314        8000      8000 

	Job terminated of its own accord at 2022-01-13T15:26:00Z.
...
