000 (3300985.002.000) 01/10 17:53:17 Job submitted from host: <188.185.70.244:9618?addrs=188.185.70.244-9618+[2001-1458-d00-7--100-2ee]-9618&alias=bigbird10.cern.ch&noUDP&sock=schedd_7001_aea1>
...
040 (3300985.002.000) 01/10 17:56:10 Started transferring input files
	Transferring to host: <128.142.137.83:9618?addrs=128.142.137.83-9618+[2001-1458-301-5e--100-47]-9618&alias=b7g19p0146.cern.ch&noUDP&sock=slot1_6_5492_5c58_39244>
...
040 (3300985.002.000) 01/10 17:56:10 Finished transferring input files
...
001 (3300985.002.000) 01/10 17:56:11 Job executing on host: <128.142.137.83:9618?addrs=128.142.137.83-9618+[2001-1458-301-5e--100-47]-9618&alias=b7g19p0146.cern.ch&noUDP&sock=startd_4652_76aa>
...
006 (3300985.002.000) 01/10 17:56:20 Image size of job updated: 269264
	111  -  MemoryUsage of job (MB)
	113004  -  ResidentSetSize of job (KB)
...
006 (3300985.002.000) 01/10 17:57:00 Image size of job updated: 1459200
	111  -  MemoryUsage of job (MB)
	113004  -  ResidentSetSize of job (KB)
...
040 (3300985.002.000) 01/10 17:57:00 Started transferring output files
...
040 (3300985.002.000) 01/10 17:57:00 Finished transferring output files
...
005 (3300985.002.000) 01/10 17:57:00 Job terminated.
	(1) Normal termination (return value 0)
		Usr 0 00:00:07, Sys 0 00:00:03  -  Run Remote Usage
		Usr 0 00:00:00, Sys 0 00:00:00  -  Run Local Usage
		Usr 0 00:00:07, Sys 0 00:00:03  -  Total Remote Usage
		Usr 0 00:00:00, Sys 0 00:00:00  -  Total Local Usage
	4084  -  Run Bytes Sent By Job
	10522  -  Run Bytes Received By Job
	4084  -  Total Bytes Sent By Job
	10522  -  Total Bytes Received By Job
	Partitionable Resources :    Usage  Request Allocated 
	   Cpus                 :     0.04        4         4 
	   Disk (KB)            :    38           1   1439236 
	   Memory (MB)          :   111        8000      8000 

	Job terminated of its own accord at 2022-01-10T16:57:00Z.
...
