000 (3300985.010.000) 01/10 17:53:17 Job submitted from host: <188.185.70.244:9618?addrs=188.185.70.244-9618+[2001-1458-d00-7--100-2ee]-9618&alias=bigbird10.cern.ch&noUDP&sock=schedd_7001_aea1>
...
040 (3300985.010.000) 01/10 17:56:17 Entered queue to transfer input files
	Transferring to host: <188.185.105.28:9618?addrs=188.185.105.28-9618+[2001-1458-d00-3e--100-186]-9618&alias=b7g50s4147.cern.ch&noUDP&sock=slot1_1_10071_ae33_32808>
...
040 (3300985.010.000) 01/10 17:56:21 Started transferring input files
	Seconds spent in queue: 4
...
040 (3300985.010.000) 01/10 17:56:21 Finished transferring input files
...
001 (3300985.010.000) 01/10 17:56:21 Job executing on host: <188.185.105.28:9618?addrs=188.185.105.28-9618+[2001-1458-d00-3e--100-186]-9618&alias=b7g50s4147.cern.ch&noUDP&sock=startd_2332_22f2>
...
006 (3300985.010.000) 01/10 17:56:30 Image size of job updated: 269268
	1  -  MemoryUsage of job (MB)
	512  -  ResidentSetSize of job (KB)
...
006 (3300985.010.000) 01/10 17:57:03 Image size of job updated: 1257164
	1  -  MemoryUsage of job (MB)
	512  -  ResidentSetSize of job (KB)
...
040 (3300985.010.000) 01/10 17:57:08 Entered queue to transfer output files
...
040 (3300985.010.000) 01/10 17:57:10 Started transferring output files
	Seconds spent in queue: 53
...
040 (3300985.010.000) 01/10 17:57:10 Finished transferring output files
...
005 (3300985.010.000) 01/10 17:57:11 Job terminated.
	(1) Normal termination (return value 0)
		Usr 0 00:00:05, Sys 0 00:00:02  -  Run Remote Usage
		Usr 0 00:00:00, Sys 0 00:00:00  -  Run Local Usage
		Usr 0 00:00:05, Sys 0 00:00:02  -  Total Remote Usage
		Usr 0 00:00:00, Sys 0 00:00:00  -  Total Local Usage
	3342  -  Run Bytes Sent By Job
	10522  -  Run Bytes Received By Job
	3342  -  Total Bytes Sent By Job
	10522  -  Total Bytes Received By Job
	Partitionable Resources :    Usage  Request Allocated 
	   Cpus                 :                 4         4 
	   Disk (KB)            :       30        1    539034 
	   Memory (MB)          :        1     8000      8000 

	Job terminated of its own accord at 2022-01-10T16:57:03Z.
...
