000 (3314622.004.000) 01/11 10:41:32 Job submitted from host: <188.185.70.244:9618?addrs=188.185.70.244-9618+[2001-1458-d00-7--100-2ee]-9618&alias=bigbird10.cern.ch&noUDP&sock=schedd_7001_aea1>
...
040 (3314622.004.000) 01/11 11:07:35 Started transferring input files
	Transferring to host: <128.142.57.48:9618?addrs=128.142.57.48-9618+[2001-1458-301-7--100-2f]-9618&alias=b7s02p3198.cern.ch&noUDP&sock=slot1_39_4897_2120_26057>
...
040 (3314622.004.000) 01/11 11:07:35 Finished transferring input files
...
001 (3314622.004.000) 01/11 11:07:36 Job executing on host: <128.142.57.48:9618?addrs=128.142.57.48-9618+[2001-1458-301-7--100-2f]-9618&alias=b7s02p3198.cern.ch&noUDP&sock=startd_4508_b107>
...
006 (3314622.004.000) 01/11 11:07:44 Image size of job updated: 320084
	155  -  MemoryUsage of job (MB)
	157768  -  ResidentSetSize of job (KB)
...
006 (3314622.004.000) 01/11 11:12:44 Image size of job updated: 1897160
	430  -  MemoryUsage of job (MB)
	439988  -  ResidentSetSize of job (KB)
...
006 (3314622.004.000) 01/11 11:17:45 Image size of job updated: 1897160
	430  -  MemoryUsage of job (MB)
	440012  -  ResidentSetSize of job (KB)
...
006 (3314622.004.000) 01/11 11:22:46 Image size of job updated: 1897160
	430  -  MemoryUsage of job (MB)
	440040  -  ResidentSetSize of job (KB)
...
006 (3314622.004.000) 01/11 11:27:46 Image size of job updated: 2044340
	575  -  MemoryUsage of job (MB)
	588216  -  ResidentSetSize of job (KB)
...
006 (3314622.004.000) 01/11 11:47:48 Image size of job updated: 2236292
	764  -  MemoryUsage of job (MB)
	781612  -  ResidentSetSize of job (KB)
...
006 (3314622.004.000) 01/11 12:07:50 Image size of job updated: 2451568
	930  -  MemoryUsage of job (MB)
	952240  -  ResidentSetSize of job (KB)
...
006 (3314622.004.000) 01/11 12:17:50 Image size of job updated: 2451568
	930  -  MemoryUsage of job (MB)
	952248  -  ResidentSetSize of job (KB)
...
006 (3314622.004.000) 01/11 12:27:52 Image size of job updated: 2615528
	1136  -  MemoryUsage of job (MB)
	1163136  -  ResidentSetSize of job (KB)
...
006 (3314622.004.000) 01/11 12:32:52 Image size of job updated: 2615528
	1136  -  MemoryUsage of job (MB)
	1163160  -  ResidentSetSize of job (KB)
...
006 (3314622.004.000) 01/11 12:37:53 Image size of job updated: 2615528
	1136  -  MemoryUsage of job (MB)
	1163164  -  ResidentSetSize of job (KB)
...
006 (3314622.004.000) 01/11 12:42:54 Image size of job updated: 3040440
	1365  -  MemoryUsage of job (MB)
	1397756  -  ResidentSetSize of job (KB)
...
006 (3314622.004.000) 01/11 13:07:56 Image size of job updated: 3364192
	1761  -  MemoryUsage of job (MB)
	1802628  -  ResidentSetSize of job (KB)
...
040 (3314622.004.000) 01/11 13:30:23 Started transferring output files
...
040 (3314622.004.000) 01/11 13:30:23 Finished transferring output files
...
005 (3314622.004.000) 01/11 13:30:23 Job terminated.
	(1) Normal termination (return value 135)
		Usr 0 00:08:39, Sys 0 00:00:37  -  Run Remote Usage
		Usr 0 00:00:00, Sys 0 00:00:00  -  Run Local Usage
		Usr 0 00:08:39, Sys 0 00:00:37  -  Total Remote Usage
		Usr 0 00:00:00, Sys 0 00:00:00  -  Total Local Usage
	74078  -  Run Bytes Sent By Job
	10522  -  Run Bytes Received By Job
	74078  -  Total Bytes Sent By Job
	10522  -  Total Bytes Received By Job
	Partitionable Resources :    Usage  Request Allocated 
	   Cpus                 :     0.01        4         4 
	   Disk (KB)            :   107           1    148092 
	   Memory (MB)          :  1761        8000      8000 

	Job terminated of its own accord at 2022-01-11T12:30:23Z.
...
