000 (3317880.000.000) 01/14 11:46:12 Job submitted from host: <188.185.70.244:9618?addrs=188.185.70.244-9618+[2001-1458-d00-7--100-2ee]-9618&alias=bigbird10.cern.ch&noUDP&sock=schedd_7001_aea1>
...
040 (3317880.000.000) 01/14 16:22:09 Started transferring input files
	Transferring to host: <128.142.131.71:9618?addrs=128.142.131.71-9618+[2001-1458-301-59--100-3b]-9618&alias=b7g11p5149.cern.ch&noUDP&sock=slot1_23_3527_d729_75490>
...
040 (3317880.000.000) 01/14 16:22:09 Finished transferring input files
...
001 (3317880.000.000) 01/14 16:22:10 Job executing on host: <128.142.131.71:9618?addrs=128.142.131.71-9618+[2001-1458-301-59--100-3b]-9618&alias=b7g11p5149.cern.ch&noUDP&sock=startd_36796_92ec>
...
006 (3317880.000.000) 01/14 16:22:18 Image size of job updated: 233600
	155  -  MemoryUsage of job (MB)
	157804  -  ResidentSetSize of job (KB)
...
006 (3317880.000.000) 01/14 16:22:40 Image size of job updated: 1309600
	155  -  MemoryUsage of job (MB)
	157804  -  ResidentSetSize of job (KB)
...
040 (3317880.000.000) 01/14 16:22:40 Started transferring output files
...
040 (3317880.000.000) 01/14 16:22:40 Finished transferring output files
...
005 (3317880.000.000) 01/14 16:22:40 Job terminated.
	(1) Normal termination (return value 1)
		Usr 0 00:00:05, Sys 0 00:00:02  -  Run Remote Usage
		Usr 0 00:00:00, Sys 0 00:00:00  -  Run Local Usage
		Usr 0 00:00:05, Sys 0 00:00:02  -  Total Remote Usage
		Usr 0 00:00:00, Sys 0 00:00:00  -  Total Local Usage
	1127  -  Run Bytes Sent By Job
	10521  -  Run Bytes Received By Job
	1127  -  Total Bytes Sent By Job
	10521  -  Total Bytes Received By Job
	Partitionable Resources :    Usage  Request Allocated 
	   Cpus                 :                 4         4 
	   Disk (KB)            :       28        1   1596396 
	   Memory (MB)          :      155     8000      8000 

	Job terminated of its own accord at 2022-01-14T15:22:40Z.
...
000 (3339217.000.000) 01/20 08:12:50 Job submitted from host: <188.185.70.244:9618?addrs=188.185.70.244-9618+[2001-1458-d00-7--100-2ee]-9618&alias=bigbird10.cern.ch&noUDP&sock=schedd_7001_aea1>
...
040 (3339217.000.000) 01/20 08:15:41 Started transferring input files
	Transferring to host: <128.142.57.70:9618?addrs=128.142.57.70-9618+[2001-1458-301-7--100-45]-9618&alias=b7s02p6883.cern.ch&noUDP&sock=slot1_12_3588_d20b_39642>
...
040 (3339217.000.000) 01/20 08:15:41 Finished transferring input files
...
001 (3339217.000.000) 01/20 08:15:42 Job executing on host: <128.142.57.70:9618?addrs=128.142.57.70-9618+[2001-1458-301-7--100-45]-9618&alias=b7s02p6883.cern.ch&noUDP&sock=startd_2940_2c87>
...
006 (3339217.000.000) 01/20 08:15:51 Image size of job updated: 1256368
	155  -  MemoryUsage of job (MB)
	157884  -  ResidentSetSize of job (KB)
...
006 (3339217.000.000) 01/20 08:20:51 Image size of job updated: 2513076
	732  -  MemoryUsage of job (MB)
	748812  -  ResidentSetSize of job (KB)
...
006 (3339217.000.000) 01/20 08:25:51 Image size of job updated: 2513076
	732  -  MemoryUsage of job (MB)
	748816  -  ResidentSetSize of job (KB)
...
006 (3339217.000.000) 01/20 09:25:57 Image size of job updated: 2513076
	732  -  MemoryUsage of job (MB)
	748820  -  ResidentSetSize of job (KB)
...
006 (3339217.000.000) 01/20 09:30:58 Image size of job updated: 3059744
	1084  -  MemoryUsage of job (MB)
	1109704  -  ResidentSetSize of job (KB)
...
006 (3339217.000.000) 01/20 09:51:00 Image size of job updated: 3364180
	1469  -  MemoryUsage of job (MB)
	1503596  -  ResidentSetSize of job (KB)
...
006 (3339217.000.000) 01/20 12:21:15 Image size of job updated: 3818832
	1901  -  MemoryUsage of job (MB)
	1946116  -  ResidentSetSize of job (KB)
...
006 (3339217.000.000) 01/20 12:31:15 Image size of job updated: 3818832
	1901  -  MemoryUsage of job (MB)
	1946120  -  ResidentSetSize of job (KB)
...
006 (3339217.000.000) 01/20 12:56:18 Image size of job updated: 4288804
	2348  -  MemoryUsage of job (MB)
	2404228  -  ResidentSetSize of job (KB)
...
006 (3339217.000.000) 01/20 14:11:25 Image size of job updated: 4855196
	3081  -  MemoryUsage of job (MB)
	3154044  -  ResidentSetSize of job (KB)
...
006 (3339217.000.000) 01/20 15:21:33 Image size of job updated: 5470816
	3907  -  MemoryUsage of job (MB)
	3999896  -  ResidentSetSize of job (KB)
...
006 (3339217.000.000) 01/20 15:51:36 Image size of job updated: 6069220
	3907  -  MemoryUsage of job (MB)
	3999896  -  ResidentSetSize of job (KB)
...
006 (3339217.000.000) 01/20 16:26:39 Image size of job updated: 6718060
	4337  -  MemoryUsage of job (MB)
	4440772  -  ResidentSetSize of job (KB)
...
040 (3339217.000.000) 01/20 16:49:24 Entered queue to transfer output files
...
040 (3339217.000.000) 01/20 16:49:48 Started transferring output files
...
040 (3339217.000.000) 01/20 16:49:49 Finished transferring output files
...
005 (3339217.000.000) 01/20 16:49:49 Job terminated.
	(1) Normal termination (return value 0)
		Usr 0 00:38:46, Sys 0 00:00:57  -  Run Remote Usage
		Usr 0 00:00:00, Sys 0 00:00:00  -  Run Local Usage
		Usr 0 00:38:46, Sys 0 00:00:57  -  Total Remote Usage
		Usr 0 00:00:00, Sys 0 00:00:00  -  Total Local Usage
	10867  -  Run Bytes Sent By Job
	11204  -  Run Bytes Received By Job
	10867  -  Total Bytes Sent By Job
	11204  -  Total Bytes Received By Job
	Partitionable Resources :    Usage  Request Allocated 
	   Cpus                 :        0        4         4 
	   Disk (KB)            :       42        1   1199392 
	   Memory (MB)          :     4337     8000      8000 

	Job terminated of its own accord at 2022-01-20T15:49:19Z.
...
