000 (3316949.012.000) 01/13 10:23:48 Job submitted from host: <188.185.70.244:9618?addrs=188.185.70.244-9618+[2001-1458-d00-7--100-2ee]-9618&alias=bigbird10.cern.ch&noUDP&sock=schedd_7001_aea1>
...
040 (3316949.012.000) 01/13 10:29:13 Started transferring input files
	Transferring to host: <128.142.60.32:9618?addrs=128.142.60.32-9618+[2001-1458-301-22--100-1f]-9618&alias=b7s05p5921.cern.ch&noUDP&sock=slot1_49_3585_b4eb_31615>
...
040 (3316949.012.000) 01/13 10:29:13 Finished transferring input files
...
001 (3316949.012.000) 01/13 10:29:14 Job executing on host: <128.142.60.32:9618?addrs=128.142.60.32-9618+[2001-1458-301-22--100-1f]-9618&alias=b7s05p5921.cern.ch&noUDP&sock=startd_2923_836b>
...
006 (3316949.012.000) 01/13 10:29:23 Image size of job updated: 320036
	155  -  MemoryUsage of job (MB)
	157852  -  ResidentSetSize of job (KB)
...
006 (3316949.012.000) 01/13 10:34:24 Image size of job updated: 1755680
	294  -  MemoryUsage of job (MB)
	300460  -  ResidentSetSize of job (KB)
...
006 (3316949.012.000) 01/13 10:39:24 Image size of job updated: 2169236
	579  -  MemoryUsage of job (MB)
	592876  -  ResidentSetSize of job (KB)
...
006 (3316949.012.000) 01/13 10:44:24 Image size of job updated: 2169236
	579  -  MemoryUsage of job (MB)
	592880  -  ResidentSetSize of job (KB)
...
006 (3316949.012.000) 01/13 10:54:25 Image size of job updated: 2342940
	804  -  MemoryUsage of job (MB)
	822696  -  ResidentSetSize of job (KB)
...
006 (3316949.012.000) 01/13 10:59:25 Image size of job updated: 2342940
	804  -  MemoryUsage of job (MB)
	822712  -  ResidentSetSize of job (KB)
...
006 (3316949.012.000) 01/13 11:04:26 Image size of job updated: 2633704
	1083  -  MemoryUsage of job (MB)
	1108824  -  ResidentSetSize of job (KB)
...
006 (3316949.012.000) 01/13 11:09:27 Image size of job updated: 2633704
	1083  -  MemoryUsage of job (MB)
	1108836  -  ResidentSetSize of job (KB)
...
006 (3316949.012.000) 01/13 11:14:27 Image size of job updated: 2633704
	1111  -  MemoryUsage of job (MB)
	1136856  -  ResidentSetSize of job (KB)
...
006 (3316949.012.000) 01/13 11:19:27 Image size of job updated: 3274356
	1461  -  MemoryUsage of job (MB)
	1495624  -  ResidentSetSize of job (KB)
...
006 (3316949.012.000) 01/13 11:24:28 Image size of job updated: 3274356
	1972  -  MemoryUsage of job (MB)
	2018428  -  ResidentSetSize of job (KB)
...
006 (3316949.012.000) 01/13 11:29:28 Image size of job updated: 3700368
	1972  -  MemoryUsage of job (MB)
	2018428  -  ResidentSetSize of job (KB)
...
006 (3316949.012.000) 01/13 11:39:29 Image size of job updated: 4164436
	2275  -  MemoryUsage of job (MB)
	2329028  -  ResidentSetSize of job (KB)
...
006 (3316949.012.000) 01/13 11:49:30 Image size of job updated: 4164436
	2278  -  MemoryUsage of job (MB)
	2332208  -  ResidentSetSize of job (KB)
...
006 (3316949.012.000) 01/13 11:54:31 Image size of job updated: 4638856
	2733  -  MemoryUsage of job (MB)
	2798504  -  ResidentSetSize of job (KB)
...
006 (3316949.012.000) 01/13 11:59:32 Image size of job updated: 4638856
	2736  -  MemoryUsage of job (MB)
	2801172  -  ResidentSetSize of job (KB)
...
006 (3316949.012.000) 01/13 12:04:32 Image size of job updated: 5210676
	3178  -  MemoryUsage of job (MB)
	3253832  -  ResidentSetSize of job (KB)
...
006 (3316949.012.000) 01/13 12:09:32 Image size of job updated: 5210676
	3178  -  MemoryUsage of job (MB)
	3253840  -  ResidentSetSize of job (KB)
...
006 (3316949.012.000) 01/13 12:19:33 Image size of job updated: 6022832
	3678  -  MemoryUsage of job (MB)
	3765888  -  ResidentSetSize of job (KB)
...
040 (3316949.012.000) 01/13 12:36:05 Started transferring output files
...
040 (3316949.012.000) 01/13 12:36:05 Finished transferring output files
...
005 (3316949.012.000) 01/13 12:36:05 Job terminated.
	(1) Normal termination (return value 0)
		Usr 0 00:21:46, Sys 0 00:00:37  -  Run Remote Usage
		Usr 0 00:00:00, Sys 0 00:00:00  -  Run Local Usage
		Usr 0 00:21:46, Sys 0 00:00:37  -  Total Remote Usage
		Usr 0 00:00:00, Sys 0 00:00:00  -  Total Local Usage
	4143440  -  Run Bytes Sent By Job
	10529  -  Run Bytes Received By Job
	4143440  -  Total Bytes Sent By Job
	10529  -  Total Bytes Received By Job
	Partitionable Resources :    Usage  Request Allocated 
	   Cpus                 :     0.02        4         4 
	   Disk (KB)            :  4080           1    887402 
	   Memory (MB)          :  3678        8000      8000 

	Job terminated of its own accord at 2022-01-13T11:36:05Z.
...
