000 (3277181.008.000) 12/25 12:36:01 Job submitted from host: <188.185.70.244:9618?addrs=188.185.70.244-9618+[2001-1458-d00-7--100-2ee]-9618&alias=bigbird10.cern.ch&noUDP&sock=schedd_2095_9300>
...
040 (3277181.008.000) 12/25 12:40:15 Started transferring input files
	Transferring to host: <128.142.61.12:9618?addrs=128.142.61.12-9618+[2001-1458-301-23--100-b]-9618&alias=b7s06p6959.cern.ch&noUDP&sock=slot1_3_3183_761b_9858>
...
040 (3277181.008.000) 12/25 12:40:15 Finished transferring input files
...
001 (3277181.008.000) 12/25 12:40:16 Job executing on host: <128.142.61.12:9618?addrs=128.142.61.12-9618+[2001-1458-301-23--100-b]-9618&alias=b7s06p6959.cern.ch&noUDP&sock=startd_2807_f26e>
...
006 (3277181.008.000) 12/25 12:40:25 Image size of job updated: 371420
	206  -  MemoryUsage of job (MB)
	210152  -  ResidentSetSize of job (KB)
...
006 (3277181.008.000) 12/25 12:40:25 Image size of job updated: 371420
	207  -  MemoryUsage of job (MB)
	211824  -  ResidentSetSize of job (KB)
...
040 (3277181.008.000) 12/25 12:40:25 Started transferring output files
...
040 (3277181.008.000) 12/25 12:40:25 Finished transferring output files
...
005 (3277181.008.000) 12/25 12:40:25 Job terminated.
	(1) Normal termination (return value 1)
		Usr 0 00:00:03, Sys 0 00:00:02  -  Run Remote Usage
		Usr 0 00:00:00, Sys 0 00:00:00  -  Run Local Usage
		Usr 0 00:00:03, Sys 0 00:00:02  -  Total Remote Usage
		Usr 0 00:00:00, Sys 0 00:00:00  -  Total Local Usage
	1865  -  Run Bytes Sent By Job
	11214  -  Run Bytes Received By Job
	1865  -  Total Bytes Sent By Job
	11214  -  Total Bytes Received By Job
	Partitionable Resources :    Usage  Request Allocated 
	   Cpus                 :                 4         4 
	   Disk (KB)            :       30        1   1274628 
	   Memory (MB)          :      207     8000      8000 

	Job terminated of its own accord at 2021-12-25T11:40:25Z.
...
