000 (3293152.010.000) 01/10 12:40:57 Job submitted from host: <188.185.70.244:9618?addrs=188.185.70.244-9618+[2001-1458-d00-7--100-2ee]-9618&alias=bigbird10.cern.ch&noUDP&sock=schedd_7001_aea1>
...
040 (3293152.010.000) 01/10 12:50:36 Started transferring input files
	Transferring to host: <128.142.131.87:9618?addrs=128.142.131.87-9618+[2001-1458-301-59--100-4b]-9618&alias=b7g11p5851.cern.ch&noUDP&sock=slot1_27_29140_841a_72545>
...
040 (3293152.010.000) 01/10 12:50:36 Finished transferring input files
...
001 (3293152.010.000) 01/10 12:50:37 Job executing on host: <128.142.131.87:9618?addrs=128.142.131.87-9618+[2001-1458-301-59--100-4b]-9618&alias=b7g11p5851.cern.ch&noUDP&sock=startd_29098_62de>
...
006 (3293152.010.000) 01/10 12:50:46 Image size of job updated: 395520
	113  -  MemoryUsage of job (MB)
	114876  -  ResidentSetSize of job (KB)
...
006 (3293152.010.000) 01/10 12:51:59 Image size of job updated: 1390876
	113  -  MemoryUsage of job (MB)
	114876  -  ResidentSetSize of job (KB)
...
040 (3293152.010.000) 01/10 12:51:59 Started transferring output files
...
040 (3293152.010.000) 01/10 12:51:59 Finished transferring output files
...
005 (3293152.010.000) 01/10 12:51:59 Job terminated.
	(1) Normal termination (return value 1)
		Usr 0 00:00:05, Sys 0 00:00:02  -  Run Remote Usage
		Usr 0 00:00:00, Sys 0 00:00:00  -  Run Local Usage
		Usr 0 00:00:05, Sys 0 00:00:02  -  Total Remote Usage
		Usr 0 00:00:00, Sys 0 00:00:00  -  Total Local Usage
	4130  -  Run Bytes Sent By Job
	10524  -  Run Bytes Received By Job
	4130  -  Total Bytes Sent By Job
	10524  -  Total Bytes Received By Job
	Partitionable Resources :    Usage  Request Allocated 
	   Cpus                 :                 4         4 
	   Disk (KB)            :       31        1   1459962 
	   Memory (MB)          :      113     8000      8000 

	Job terminated of its own accord at 2022-01-10T11:51:59Z.
...
