000 (3317884.000.000) 01/14 11:46:15 Job submitted from host: <188.185.70.244:9618?addrs=188.185.70.244-9618+[2001-1458-d00-7--100-2ee]-9618&alias=bigbird10.cern.ch&noUDP&sock=schedd_7001_aea1>
...
040 (3317884.000.000) 01/14 16:23:25 Started transferring input files
	Transferring to host: <128.142.60.42:9618?addrs=128.142.60.42-9618+[2001-1458-301-22--100-29]-9618&alias=b7s05p9026.cern.ch&noUDP&sock=slot1_7_5542_971a_28392>
...
040 (3317884.000.000) 01/14 16:23:25 Finished transferring input files
...
001 (3317884.000.000) 01/14 16:23:26 Job executing on host: <128.142.60.42:9618?addrs=128.142.60.42-9618+[2001-1458-301-22--100-29]-9618&alias=b7s05p9026.cern.ch&noUDP&sock=startd_5172_23e9>
...
006 (3317884.000.000) 01/14 16:23:35 Image size of job updated: 322168
	225  -  MemoryUsage of job (MB)
	230016  -  ResidentSetSize of job (KB)
...
006 (3317884.000.000) 01/14 16:23:35 Image size of job updated: 322368
	225  -  MemoryUsage of job (MB)
	230200  -  ResidentSetSize of job (KB)
...
040 (3317884.000.000) 01/14 16:23:35 Started transferring output files
...
040 (3317884.000.000) 01/14 16:23:35 Finished transferring output files
...
005 (3317884.000.000) 01/14 16:23:35 Job terminated.
	(1) Normal termination (return value 1)
		Usr 0 00:00:03, Sys 0 00:00:02  -  Run Remote Usage
		Usr 0 00:00:00, Sys 0 00:00:00  -  Run Local Usage
		Usr 0 00:00:03, Sys 0 00:00:02  -  Total Remote Usage
		Usr 0 00:00:00, Sys 0 00:00:00  -  Total Local Usage
	5975  -  Run Bytes Sent By Job
	10521  -  Run Bytes Received By Job
	5975  -  Total Bytes Sent By Job
	10521  -  Total Bytes Received By Job
	Partitionable Resources :    Usage  Request Allocated 
	   Cpus                 :                 4         4 
	   Disk (KB)            :       31        1   1237903 
	   Memory (MB)          :      225     8000      8000 

	Job terminated of its own accord at 2022-01-14T15:23:35Z.
...
000 (3339227.000.000) 01/20 08:13:17 Job submitted from host: <188.185.70.244:9618?addrs=188.185.70.244-9618+[2001-1458-d00-7--100-2ee]-9618&alias=bigbird10.cern.ch&noUDP&sock=schedd_7001_aea1>
...
040 (3339227.000.000) 01/20 08:21:21 Started transferring input files
	Transferring to host: <128.142.56.125:9618?addrs=128.142.56.125-9618+[2001-1458-301-6--100-7c]-9618&alias=b7s01p8598.cern.ch&noUDP&sock=slot1_27_3591_ef2b_33373>
...
040 (3339227.000.000) 01/20 08:21:21 Finished transferring input files
...
001 (3339227.000.000) 01/20 08:21:22 Job executing on host: <128.142.56.125:9618?addrs=128.142.56.125-9618+[2001-1458-301-6--100-7c]-9618&alias=b7s01p8598.cern.ch&noUDP&sock=startd_2828_59eb>
...
006 (3339227.000.000) 01/20 08:21:30 Image size of job updated: 1243912
	155  -  MemoryUsage of job (MB)
	157888  -  ResidentSetSize of job (KB)
...
006 (3339227.000.000) 01/20 08:26:30 Image size of job updated: 1756336
	286  -  MemoryUsage of job (MB)
	292680  -  ResidentSetSize of job (KB)
...
006 (3339227.000.000) 01/20 08:56:34 Image size of job updated: 1803668
	469  -  MemoryUsage of job (MB)
	480160  -  ResidentSetSize of job (KB)
...
006 (3339227.000.000) 01/20 09:01:34 Image size of job updated: 2307852
	749  -  MemoryUsage of job (MB)
	766588  -  ResidentSetSize of job (KB)
...
006 (3339227.000.000) 01/20 09:06:34 Image size of job updated: 2307852
	749  -  MemoryUsage of job (MB)
	766592  -  ResidentSetSize of job (KB)
...
006 (3339227.000.000) 01/20 11:46:51 Image size of job updated: 2307852
	749  -  MemoryUsage of job (MB)
	766596  -  ResidentSetSize of job (KB)
...
006 (3339227.000.000) 01/20 11:56:51 Image size of job updated: 2674900
	1451  -  MemoryUsage of job (MB)
	1485140  -  ResidentSetSize of job (KB)
...
006 (3339227.000.000) 01/20 12:01:52 Image size of job updated: 2970144
	1451  -  MemoryUsage of job (MB)
	1485140  -  ResidentSetSize of job (KB)
...
006 (3339227.000.000) 01/20 12:31:55 Image size of job updated: 3378872
	1516  -  MemoryUsage of job (MB)
	1551768  -  ResidentSetSize of job (KB)
...
006 (3339227.000.000) 01/20 12:51:57 Image size of job updated: 3925716
	2004  -  MemoryUsage of job (MB)
	2051932  -  ResidentSetSize of job (KB)
...
006 (3339227.000.000) 01/20 14:02:05 Image size of job updated: 3925716
	2004  -  MemoryUsage of job (MB)
	2051936  -  ResidentSetSize of job (KB)
...
006 (3339227.000.000) 01/20 14:07:05 Image size of job updated: 3925716
	2007  -  MemoryUsage of job (MB)
	2054352  -  ResidentSetSize of job (KB)
...
006 (3339227.000.000) 01/20 14:12:06 Image size of job updated: 4498908
	2474  -  MemoryUsage of job (MB)
	2533304  -  ResidentSetSize of job (KB)
...
006 (3339227.000.000) 01/20 14:47:10 Image size of job updated: 4498908
	2474  -  MemoryUsage of job (MB)
	2533308  -  ResidentSetSize of job (KB)
...
006 (3339227.000.000) 01/20 14:52:10 Image size of job updated: 4498908
	2478  -  MemoryUsage of job (MB)
	2536540  -  ResidentSetSize of job (KB)
...
006 (3339227.000.000) 01/20 14:57:10 Image size of job updated: 5052260
	2938  -  MemoryUsage of job (MB)
	3007680  -  ResidentSetSize of job (KB)
...
006 (3339227.000.000) 01/20 15:07:12 Image size of job updated: 5657928
	3432  -  MemoryUsage of job (MB)
	3513764  -  ResidentSetSize of job (KB)
...
006 (3339227.000.000) 01/20 15:12:12 Image size of job updated: 5657928
	3432  -  MemoryUsage of job (MB)
	3513768  -  ResidentSetSize of job (KB)
...
006 (3339227.000.000) 01/20 15:17:12 Image size of job updated: 5657928
	3432  -  MemoryUsage of job (MB)
	3513772  -  ResidentSetSize of job (KB)
...
006 (3339227.000.000) 01/20 15:22:13 Image size of job updated: 6328892
	3945  -  MemoryUsage of job (MB)
	4038748  -  ResidentSetSize of job (KB)
...
006 (3339227.000.000) 01/20 15:42:16 Image size of job updated: 6328892
	3949  -  MemoryUsage of job (MB)
	4043220  -  ResidentSetSize of job (KB)
...
006 (3339227.000.000) 01/20 15:47:16 Image size of job updated: 7005136
	4644  -  MemoryUsage of job (MB)
	4754668  -  ResidentSetSize of job (KB)
...
040 (3339227.000.000) 01/20 16:29:46 Entered queue to transfer output files
...
040 (3339227.000.000) 01/20 16:36:53 Started transferring output files
...
040 (3339227.000.000) 01/20 16:36:53 Finished transferring output files
...
005 (3339227.000.000) 01/20 16:36:53 Job terminated.
	(1) Normal termination (return value 0)
		Usr 0 00:38:11, Sys 0 00:01:11  -  Run Remote Usage
		Usr 0 00:00:00, Sys 0 00:00:00  -  Run Local Usage
		Usr 0 00:38:11, Sys 0 00:01:11  -  Total Remote Usage
		Usr 0 00:00:00, Sys 0 00:00:00  -  Total Local Usage
	10867  -  Run Bytes Sent By Job
	11204  -  Run Bytes Received By Job
	10867  -  Total Bytes Sent By Job
	11204  -  Total Bytes Received By Job
	Partitionable Resources :    Usage  Request Allocated 
	   Cpus                 :     0.18        4         4 
	   Disk (KB)            :    43           1   1218723 
	   Memory (MB)          :  4644        8000      8000 

	Job terminated of its own accord at 2022-01-20T15:29:40Z.
...
