000 (3293912.008.000) 01/10 14:24:00 Job submitted from host: <188.185.70.244:9618?addrs=188.185.70.244-9618+[2001-1458-d00-7--100-2ee]-9618&alias=bigbird10.cern.ch&noUDP&sock=schedd_7001_aea1>
...
040 (3293912.008.000) 01/10 14:26:32 Started transferring input files
	Transferring to host: <128.142.58.132:9618?addrs=128.142.58.132-9618&alias=b7s03p1352.cern.ch&noUDP&sock=slot1_6_4806_02fd_24113>
...
040 (3293912.008.000) 01/10 14:26:32 Finished transferring input files
...
001 (3293912.008.000) 01/10 14:26:33 Job executing on host: <128.142.58.132:9618?addrs=128.142.58.132-9618&alias=b7s03p1352.cern.ch&noUDP&sock=startd_4413_8787>
...
006 (3293912.008.000) 01/10 14:26:42 Image size of job updated: 320104
	155  -  MemoryUsage of job (MB)
	157796  -  ResidentSetSize of job (KB)
...
006 (3293912.008.000) 01/10 14:31:43 Image size of job updated: 2485136
	985  -  MemoryUsage of job (MB)
	1008052  -  ResidentSetSize of job (KB)
...
006 (3293912.008.000) 01/10 14:36:44 Image size of job updated: 2501520
	985  -  MemoryUsage of job (MB)
	1008052  -  ResidentSetSize of job (KB)
...
040 (3293912.008.000) 01/10 14:58:38 Started transferring output files
...
040 (3293912.008.000) 01/10 14:58:40 Finished transferring output files
...
005 (3293912.008.000) 01/10 14:58:40 Job terminated.
	(1) Normal termination (return value 0)
		Usr 0 00:09:09, Sys 0 00:00:06  -  Run Remote Usage
		Usr 0 00:00:00, Sys 0 00:00:00  -  Run Local Usage
		Usr 0 00:09:09, Sys 0 00:00:06  -  Total Remote Usage
		Usr 0 00:00:00, Sys 0 00:00:00  -  Total Local Usage
	26475580  -  Run Bytes Sent By Job
	10521  -  Run Bytes Received By Job
	26475580  -  Total Bytes Sent By Job
	10521  -  Total Bytes Received By Job
	Partitionable Resources :    Usage  Request Allocated 
	   Cpus                 :     0.04        4         4 
	   Disk (KB)            : 25888           1   1267728 
	   Memory (MB)          :   985        8000      8000 

	Job terminated of its own accord at 2022-01-10T13:58:38Z.
...
