000 (3317887.000.000) 01/14 11:46:20 Job submitted from host: <188.185.70.244:9618?addrs=188.185.70.244-9618+[2001-1458-d00-7--100-2ee]-9618&alias=bigbird10.cern.ch&noUDP&sock=schedd_7001_aea1>
...
040 (3317887.000.000) 01/14 16:23:21 Started transferring input files
	Transferring to host: <188.184.164.143:9618?addrs=188.184.164.143-9618&alias=b7s13p3666.cern.ch&noUDP&sock=slot1_8_3536_2e89_28391>
...
040 (3317887.000.000) 01/14 16:23:21 Finished transferring input files
...
001 (3317887.000.000) 01/14 16:23:22 Job executing on host: <188.184.164.143:9618?addrs=188.184.164.143-9618&alias=b7s13p3666.cern.ch&noUDP&sock=startd_2888_819a>
...
006 (3317887.000.000) 01/14 16:23:31 Image size of job updated: 455024
	13  -  MemoryUsage of job (MB)
	12536  -  ResidentSetSize of job (KB)
...
006 (3317887.000.000) 01/14 16:23:48 Image size of job updated: 1260396
	13  -  MemoryUsage of job (MB)
	12536  -  ResidentSetSize of job (KB)
...
040 (3317887.000.000) 01/14 16:23:48 Started transferring output files
...
040 (3317887.000.000) 01/14 16:23:48 Finished transferring output files
...
005 (3317887.000.000) 01/14 16:23:48 Job terminated.
	(1) Normal termination (return value 1)
		Usr 0 00:00:05, Sys 0 00:00:02  -  Run Remote Usage
		Usr 0 00:00:00, Sys 0 00:00:00  -  Run Local Usage
		Usr 0 00:00:05, Sys 0 00:00:02  -  Total Remote Usage
		Usr 0 00:00:00, Sys 0 00:00:00  -  Total Local Usage
	5975  -  Run Bytes Sent By Job
	10521  -  Run Bytes Received By Job
	5975  -  Total Bytes Sent By Job
	10521  -  Total Bytes Received By Job
	Partitionable Resources :    Usage  Request Allocated 
	   Cpus                 :                 4         4 
	   Disk (KB)            :       30        1   3098593 
	   Memory (MB)          :       13     8000      8000 

	Job terminated of its own accord at 2022-01-14T15:23:48Z.
...
000 (3339224.000.000) 01/20 08:12:59 Job submitted from host: <188.185.70.244:9618?addrs=188.185.70.244-9618+[2001-1458-d00-7--100-2ee]-9618&alias=bigbird10.cern.ch&noUDP&sock=schedd_7001_aea1>
...
040 (3339224.000.000) 01/20 08:16:51 Started transferring input files
	Transferring to host: <128.142.61.41:9618?addrs=128.142.61.41-9618&alias=b7s06p3043.cern.ch&noUDP&sock=slot1_13_3593_57eb_34606>
...
040 (3339224.000.000) 01/20 08:16:51 Finished transferring input files
...
001 (3339224.000.000) 01/20 08:16:52 Job executing on host: <128.142.61.41:9618?addrs=128.142.61.41-9618&alias=b7s06p3043.cern.ch&noUDP&sock=startd_2578_df3e>
...
006 (3339224.000.000) 01/20 08:17:01 Image size of job updated: 320176
	155  -  MemoryUsage of job (MB)
	157880  -  ResidentSetSize of job (KB)
...
006 (3339224.000.000) 01/20 08:22:02 Image size of job updated: 2518648
	738  -  MemoryUsage of job (MB)
	754732  -  ResidentSetSize of job (KB)
...
006 (3339224.000.000) 01/20 08:52:05 Image size of job updated: 2518648
	738  -  MemoryUsage of job (MB)
	754748  -  ResidentSetSize of job (KB)
...
006 (3339224.000.000) 01/20 08:57:06 Image size of job updated: 2952936
	1148  -  MemoryUsage of job (MB)
	1174996  -  ResidentSetSize of job (KB)
...
006 (3339224.000.000) 01/20 12:12:24 Image size of job updated: 2952936
	1148  -  MemoryUsage of job (MB)
	1175000  -  ResidentSetSize of job (KB)
...
006 (3339224.000.000) 01/20 12:17:26 Image size of job updated: 3448284
	1539  -  MemoryUsage of job (MB)
	1575488  -  ResidentSetSize of job (KB)
...
006 (3339224.000.000) 01/20 12:37:28 Image size of job updated: 3448284
	1540  -  MemoryUsage of job (MB)
	1576752  -  ResidentSetSize of job (KB)
...
006 (3339224.000.000) 01/20 12:42:28 Image size of job updated: 3936868
	2018  -  MemoryUsage of job (MB)
	2065524  -  ResidentSetSize of job (KB)
...
006 (3339224.000.000) 01/20 13:42:34 Image size of job updated: 4483720
	2508  -  MemoryUsage of job (MB)
	2567944  -  ResidentSetSize of job (KB)
...
006 (3339224.000.000) 01/20 14:12:38 Image size of job updated: 4483720
	2508  -  MemoryUsage of job (MB)
	2567948  -  ResidentSetSize of job (KB)
...
006 (3339224.000.000) 01/20 15:12:44 Image size of job updated: 4483720
	2511  -  MemoryUsage of job (MB)
	2570988  -  ResidentSetSize of job (KB)
...
006 (3339224.000.000) 01/20 15:17:45 Image size of job updated: 5039232
	2965  -  MemoryUsage of job (MB)
	3035956  -  ResidentSetSize of job (KB)
...
006 (3339224.000.000) 01/20 15:37:47 Image size of job updated: 5662828
	3500  -  MemoryUsage of job (MB)
	3583904  -  ResidentSetSize of job (KB)
...
006 (3339224.000.000) 01/20 16:17:52 Image size of job updated: 6303468
	3982  -  MemoryUsage of job (MB)
	4076604  -  ResidentSetSize of job (KB)
...
006 (3339224.000.000) 01/20 16:32:54 Image size of job updated: 6303468
	3982  -  MemoryUsage of job (MB)
	4076644  -  ResidentSetSize of job (KB)
...
006 (3339224.000.000) 01/20 16:37:54 Image size of job updated: 6303468
	3982  -  MemoryUsage of job (MB)
	4076648  -  ResidentSetSize of job (KB)
...
006 (3339224.000.000) 01/20 16:42:54 Image size of job updated: 7027140
	4628  -  MemoryUsage of job (MB)
	4738304  -  ResidentSetSize of job (KB)
...
040 (3339224.000.000) 01/20 17:19:03 Entered queue to transfer output files
...
040 (3339224.000.000) 01/20 17:19:48 Started transferring output files
...
040 (3339224.000.000) 01/20 17:19:48 Finished transferring output files
...
005 (3339224.000.000) 01/20 17:19:48 Job terminated.
	(1) Normal termination (return value 0)
		Usr 0 00:39:15, Sys 0 00:01:27  -  Run Remote Usage
		Usr 0 00:00:00, Sys 0 00:00:00  -  Run Local Usage
		Usr 0 00:39:15, Sys 0 00:01:27  -  Total Remote Usage
		Usr 0 00:00:00, Sys 0 00:00:00  -  Total Local Usage
	10867  -  Run Bytes Sent By Job
	11204  -  Run Bytes Received By Job
	10867  -  Total Bytes Sent By Job
	11204  -  Total Bytes Received By Job
	Partitionable Resources :    Usage  Request Allocated 
	   Cpus                 :     0.01        4         4 
	   Disk (KB)            :    42           1   1330422 
	   Memory (MB)          :  4628        8000      8000 

	Job terminated of its own accord at 2022-01-20T16:18:58Z.
...
