000 (3317879.000.000) 01/14 11:46:11 Job submitted from host: <188.185.70.244:9618?addrs=188.185.70.244-9618+[2001-1458-d00-7--100-2ee]-9618&alias=bigbird10.cern.ch&noUDP&sock=schedd_7001_aea1>
...
040 (3317879.000.000) 01/14 16:22:08 Started transferring input files
	Transferring to host: <128.142.132.86:9618?addrs=128.142.132.86-9618+[2001-1458-301-5a--100-4a]-9618&alias=b7g12p4487.cern.ch&noUDP&sock=slot1_7_29612_152d_100182>
...
040 (3317879.000.000) 01/14 16:22:08 Finished transferring input files
...
001 (3317879.000.000) 01/14 16:22:09 Job executing on host: <128.142.132.86:9618?addrs=128.142.132.86-9618+[2001-1458-301-5a--100-4a]-9618&alias=b7g12p4487.cern.ch&noUDP&sock=startd_16370_0970>
...
006 (3317879.000.000) 01/14 16:22:18 Image size of job updated: 143156
	7  -  MemoryUsage of job (MB)
	6804  -  ResidentSetSize of job (KB)
...
006 (3317879.000.000) 01/14 16:23:07 Image size of job updated: 1264468
	7  -  MemoryUsage of job (MB)
	7136  -  ResidentSetSize of job (KB)
...
040 (3317879.000.000) 01/14 16:23:07 Started transferring output files
...
040 (3317879.000.000) 01/14 16:23:07 Finished transferring output files
...
005 (3317879.000.000) 01/14 16:23:07 Job terminated.
	(1) Normal termination (return value 1)
		Usr 0 00:00:07, Sys 0 00:00:03  -  Run Remote Usage
		Usr 0 00:00:00, Sys 0 00:00:00  -  Run Local Usage
		Usr 0 00:00:07, Sys 0 00:00:03  -  Total Remote Usage
		Usr 0 00:00:00, Sys 0 00:00:00  -  Total Local Usage
	1127  -  Run Bytes Sent By Job
	10521  -  Run Bytes Received By Job
	1127  -  Total Bytes Sent By Job
	10521  -  Total Bytes Received By Job
	Partitionable Resources :    Usage  Request Allocated 
	   Cpus                 :                 4         4 
	   Disk (KB)            :       28        1   1666003 
	   Memory (MB)          :        7     8000      8000 

	Job terminated of its own accord at 2022-01-14T15:23:07Z.
...
000 (3339218.000.000) 01/20 08:12:51 Job submitted from host: <188.185.70.244:9618?addrs=188.185.70.244-9618+[2001-1458-d00-7--100-2ee]-9618&alias=bigbird10.cern.ch&noUDP&sock=schedd_7001_aea1>
...
040 (3339218.000.000) 01/20 08:15:42 Started transferring input files
	Transferring to host: <128.142.57.70:9618?addrs=128.142.57.70-9618+[2001-1458-301-7--100-45]-9618&alias=b7s02p6883.cern.ch&noUDP&sock=slot1_14_3588_d20b_39643>
...
040 (3339218.000.000) 01/20 08:15:42 Finished transferring input files
...
001 (3339218.000.000) 01/20 08:15:43 Job executing on host: <128.142.57.70:9618?addrs=128.142.57.70-9618+[2001-1458-301-7--100-45]-9618&alias=b7s02p6883.cern.ch&noUDP&sock=startd_2940_2c87>
...
006 (3339218.000.000) 01/20 08:15:52 Image size of job updated: 1256228
	169  -  MemoryUsage of job (MB)
	172276  -  ResidentSetSize of job (KB)
...
006 (3339218.000.000) 01/20 08:20:53 Image size of job updated: 1739236
	278  -  MemoryUsage of job (MB)
	284372  -  ResidentSetSize of job (KB)
...
006 (3339218.000.000) 01/20 08:25:54 Image size of job updated: 1739236
	278  -  MemoryUsage of job (MB)
	284388  -  ResidentSetSize of job (KB)
...
006 (3339218.000.000) 01/20 08:40:55 Image size of job updated: 1739236
	278  -  MemoryUsage of job (MB)
	284536  -  ResidentSetSize of job (KB)
...
006 (3339218.000.000) 01/20 08:45:56 Image size of job updated: 2524136
	742  -  MemoryUsage of job (MB)
	759760  -  ResidentSetSize of job (KB)
...
006 (3339218.000.000) 01/20 09:56:03 Image size of job updated: 2524136
	742  -  MemoryUsage of job (MB)
	759784  -  ResidentSetSize of job (KB)
...
006 (3339218.000.000) 01/20 12:01:15 Image size of job updated: 2524136
	742  -  MemoryUsage of job (MB)
	759788  -  ResidentSetSize of job (KB)
...
006 (3339218.000.000) 01/20 12:11:16 Image size of job updated: 2524136
	792  -  MemoryUsage of job (MB)
	810616  -  ResidentSetSize of job (KB)
...
006 (3339218.000.000) 01/20 12:16:17 Image size of job updated: 2945392
	1095  -  MemoryUsage of job (MB)
	1120740  -  ResidentSetSize of job (KB)
...
006 (3339218.000.000) 01/20 12:46:19 Image size of job updated: 2945392
	1097  -  MemoryUsage of job (MB)
	1122704  -  ResidentSetSize of job (KB)
...
006 (3339218.000.000) 01/20 12:51:20 Image size of job updated: 3343848
	1496  -  MemoryUsage of job (MB)
	1531864  -  ResidentSetSize of job (KB)
...
006 (3339218.000.000) 01/20 13:56:28 Image size of job updated: 3343848
	1496  -  MemoryUsage of job (MB)
	1531868  -  ResidentSetSize of job (KB)
...
006 (3339218.000.000) 01/20 14:11:30 Image size of job updated: 3969212
	1929  -  MemoryUsage of job (MB)
	1974820  -  ResidentSetSize of job (KB)
...
006 (3339218.000.000) 01/20 15:26:38 Image size of job updated: 3969212
	1929  -  MemoryUsage of job (MB)
	1974824  -  ResidentSetSize of job (KB)
...
006 (3339218.000.000) 01/20 15:31:38 Image size of job updated: 4266724
	2340  -  MemoryUsage of job (MB)
	2395920  -  ResidentSetSize of job (KB)
...
006 (3339218.000.000) 01/20 16:16:42 Image size of job updated: 4266724
	2343  -  MemoryUsage of job (MB)
	2399228  -  ResidentSetSize of job (KB)
...
006 (3339218.000.000) 01/20 16:21:43 Image size of job updated: 4826600
	2801  -  MemoryUsage of job (MB)
	2867288  -  ResidentSetSize of job (KB)
...
006 (3339218.000.000) 01/20 16:31:44 Image size of job updated: 4826600
	2801  -  MemoryUsage of job (MB)
	2867316  -  ResidentSetSize of job (KB)
...
006 (3339218.000.000) 01/20 16:36:44 Image size of job updated: 4826600
	2801  -  MemoryUsage of job (MB)
	2867320  -  ResidentSetSize of job (KB)
...
006 (3339218.000.000) 01/20 16:41:45 Image size of job updated: 4826600
	2820  -  MemoryUsage of job (MB)
	2887604  -  ResidentSetSize of job (KB)
...
006 (3339218.000.000) 01/20 16:46:46 Image size of job updated: 5387000
	3206  -  MemoryUsage of job (MB)
	3282148  -  ResidentSetSize of job (KB)
...
006 (3339218.000.000) 01/20 17:21:50 Image size of job updated: 5387000
	3209  -  MemoryUsage of job (MB)
	3285572  -  ResidentSetSize of job (KB)
...
006 (3339218.000.000) 01/20 17:26:51 Image size of job updated: 6298792
	3687  -  MemoryUsage of job (MB)
	3775244  -  ResidentSetSize of job (KB)
...
006 (3339218.000.000) 01/20 17:31:51 Image size of job updated: 6298792
	3687  -  MemoryUsage of job (MB)
	3775248  -  ResidentSetSize of job (KB)
...
040 (3339218.000.000) 01/20 18:16:09 Started transferring output files
...
040 (3339218.000.000) 01/20 18:16:09 Finished transferring output files
...
009 (3339218.000.000) 01/20 18:16:09 Job was aborted.
	Job removed by SYSTEM_PERIODIC_REMOVE due to wall time exceeded allowed max.
...
000 (3342593.000.000) 01/20 18:47:13 Job submitted from host: <188.185.70.244:9618?addrs=188.185.70.244-9618+[2001-1458-d00-7--100-2ee]-9618&alias=bigbird10.cern.ch&noUDP&sock=schedd_7001_aea1>
...
040 (3342593.000.000) 01/20 19:03:06 Entered queue to transfer input files
	Transferring to host: <188.184.160.52:9618?addrs=188.184.160.52-9618+[2001-1458-301-48--100-2e]-9618&alias=b7s09p5429.cern.ch&noUDP&sock=slot1_16_3646_afcd_36583>
...
040 (3342593.000.000) 01/20 19:05:26 Started transferring input files
	Seconds spent in queue: 140
...
040 (3342593.000.000) 01/20 19:05:26 Finished transferring input files
...
001 (3342593.000.000) 01/20 19:05:27 Job executing on host: <188.184.160.52:9618?addrs=188.184.160.52-9618+[2001-1458-301-48--100-2e]-9618&alias=b7s09p5429.cern.ch&noUDP&sock=startd_3172_4e7f>
...
006 (3342593.000.000) 01/20 19:05:36 Image size of job updated: 1256244
	230  -  MemoryUsage of job (MB)
	235296  -  ResidentSetSize of job (KB)
...
006 (3342593.000.000) 01/20 19:10:37 Image size of job updated: 1750396
	272  -  MemoryUsage of job (MB)
	277600  -  ResidentSetSize of job (KB)
...
006 (3342593.000.000) 01/20 19:20:38 Image size of job updated: 1945732
	836  -  MemoryUsage of job (MB)
	855948  -  ResidentSetSize of job (KB)
...
006 (3342593.000.000) 01/20 19:25:38 Image size of job updated: 2508612
	836  -  MemoryUsage of job (MB)
	855948  -  ResidentSetSize of job (KB)
...
006 (3342593.000.000) 01/20 20:05:42 Image size of job updated: 2929900
	1093  -  MemoryUsage of job (MB)
	1118520  -  ResidentSetSize of job (KB)
...
006 (3342593.000.000) 01/20 20:30:44 Image size of job updated: 2929900
	1093  -  MemoryUsage of job (MB)
	1118528  -  ResidentSetSize of job (KB)
...
006 (3342593.000.000) 01/20 20:55:46 Image size of job updated: 2937308
	1605  -  MemoryUsage of job (MB)
	1642560  -  ResidentSetSize of job (KB)
...
006 (3342593.000.000) 01/20 21:00:47 Image size of job updated: 3328312
	1605  -  MemoryUsage of job (MB)
	1642560  -  ResidentSetSize of job (KB)
...
006 (3342593.000.000) 01/20 21:25:49 Image size of job updated: 3807032
	1922  -  MemoryUsage of job (MB)
	1967688  -  ResidentSetSize of job (KB)
...
006 (3342593.000.000) 01/20 21:40:51 Image size of job updated: 3807032
	1922  -  MemoryUsage of job (MB)
	1967692  -  ResidentSetSize of job (KB)
...
006 (3342593.000.000) 01/20 21:55:53 Image size of job updated: 4251228
	2333  -  MemoryUsage of job (MB)
	2388712  -  ResidentSetSize of job (KB)
...
006 (3342593.000.000) 01/20 22:25:56 Image size of job updated: 4251228
	2336  -  MemoryUsage of job (MB)
	2391668  -  ResidentSetSize of job (KB)
...
006 (3342593.000.000) 01/20 22:30:56 Image size of job updated: 4811088
	2794  -  MemoryUsage of job (MB)
	2860148  -  ResidentSetSize of job (KB)
...
006 (3342593.000.000) 01/20 22:45:58 Image size of job updated: 4973148
	3327  -  MemoryUsage of job (MB)
	3406188  -  ResidentSetSize of job (KB)
...
006 (3342593.000.000) 01/20 22:50:58 Image size of job updated: 5380108
	3327  -  MemoryUsage of job (MB)
	3406188  -  ResidentSetSize of job (KB)
...
006 (3342593.000.000) 01/20 23:06:00 Image size of job updated: 6024108
	4399  -  MemoryUsage of job (MB)
	4504192  -  ResidentSetSize of job (KB)
...
006 (3342593.000.000) 01/20 23:41:04 Image size of job updated: 6707624
	4399  -  MemoryUsage of job (MB)
	4504192  -  ResidentSetSize of job (KB)
...
040 (3342593.000.000) 01/21 00:14:08 Started transferring output files
	Seconds spent in queue: 18662
...
040 (3342593.000.000) 01/21 00:14:08 Finished transferring output files
...
005 (3342593.000.000) 01/21 00:14:08 Job terminated.
	(1) Normal termination (return value 0)
		Usr 0 00:59:58, Sys 0 00:00:59  -  Run Remote Usage
		Usr 0 00:00:00, Sys 0 00:00:00  -  Run Local Usage
		Usr 0 00:59:58, Sys 0 00:00:59  -  Total Remote Usage
		Usr 0 00:00:00, Sys 0 00:00:00  -  Total Local Usage
	10867  -  Run Bytes Sent By Job
	11204  -  Run Bytes Received By Job
	10867  -  Total Bytes Sent By Job
	11204  -  Total Bytes Received By Job
	Partitionable Resources :    Usage  Request Allocated 
	   Cpus                 :     0.20        4         4 
	   Disk (KB)            :    42           1   1350073 
	   Memory (MB)          :  4399        8000      8000 

	Job terminated of its own accord at 2022-01-20T23:14:08Z.
...
