000 (3319729.014.000) 01/17 11:19:46 Job submitted from host: <188.185.70.244:9618?addrs=188.185.70.244-9618+[2001-1458-d00-7--100-2ee]-9618&alias=bigbird10.cern.ch&noUDP&sock=schedd_7001_aea1>
...
040 (3319729.014.000) 01/17 11:27:18 Entered queue to transfer input files
	Transferring to host: <188.184.162.89:9618?addrs=188.184.162.89-9618+[2001-1458-301-4a--100-53]-9618&alias=b7s11p7697.cern.ch&noUDP&sock=slot1_10_3906_e158_32083>
...
040 (3319729.014.000) 01/17 11:28:21 Started transferring input files
	Seconds spent in queue: 63
...
040 (3319729.014.000) 01/17 11:28:21 Finished transferring input files
...
001 (3319729.014.000) 01/17 11:28:22 Job executing on host: <188.184.162.89:9618?addrs=188.184.162.89-9618+[2001-1458-301-4a--100-53]-9618&alias=b7s11p7697.cern.ch&noUDP&sock=startd_3096_2d4d>
...
006 (3319729.014.000) 01/17 11:28:31 Image size of job updated: 269268
	63  -  MemoryUsage of job (MB)
	63892  -  ResidentSetSize of job (KB)
...
006 (3319729.014.000) 01/17 11:33:31 Image size of job updated: 2522836
	742  -  MemoryUsage of job (MB)
	759244  -  ResidentSetSize of job (KB)
...
006 (3319729.014.000) 01/17 11:48:33 Image size of job updated: 2919180
	1212  -  MemoryUsage of job (MB)
	1240720  -  ResidentSetSize of job (KB)
...
006 (3319729.014.000) 01/17 11:58:34 Image size of job updated: 2919180
	1215  -  MemoryUsage of job (MB)
	1243352  -  ResidentSetSize of job (KB)
...
006 (3319729.014.000) 01/17 12:03:35 Image size of job updated: 2919180
	1219  -  MemoryUsage of job (MB)
	1248048  -  ResidentSetSize of job (KB)
...
006 (3319729.014.000) 01/17 12:13:35 Image size of job updated: 3562008
	1680  -  MemoryUsage of job (MB)
	1719516  -  ResidentSetSize of job (KB)
...
006 (3319729.014.000) 01/17 12:23:36 Image size of job updated: 3562008
	1680  -  MemoryUsage of job (MB)
	1719592  -  ResidentSetSize of job (KB)
...
006 (3319729.014.000) 01/17 12:28:36 Image size of job updated: 3970352
	2076  -  MemoryUsage of job (MB)
	2125220  -  ResidentSetSize of job (KB)
...
006 (3319729.014.000) 01/17 12:33:37 Image size of job updated: 3970352
	2076  -  MemoryUsage of job (MB)
	2125224  -  ResidentSetSize of job (KB)
...
006 (3319729.014.000) 01/17 12:43:38 Image size of job updated: 4380516
	2675  -  MemoryUsage of job (MB)
	2739032  -  ResidentSetSize of job (KB)
...
006 (3319729.014.000) 01/17 12:53:40 Image size of job updated: 4380516
	2677  -  MemoryUsage of job (MB)
	2740360  -  ResidentSetSize of job (KB)
...
006 (3319729.014.000) 01/17 12:58:40 Image size of job updated: 5322156
	2945  -  MemoryUsage of job (MB)
	3015472  -  ResidentSetSize of job (KB)
...
006 (3319729.014.000) 01/17 13:08:41 Image size of job updated: 5322156
	2946  -  MemoryUsage of job (MB)
	3015808  -  ResidentSetSize of job (KB)
...
006 (3319729.014.000) 01/17 13:13:41 Image size of job updated: 5431288
	3359  -  MemoryUsage of job (MB)
	3438712  -  ResidentSetSize of job (KB)
...
006 (3319729.014.000) 01/17 13:23:42 Image size of job updated: 5431288
	3365  -  MemoryUsage of job (MB)
	3444832  -  ResidentSetSize of job (KB)
...
006 (3319729.014.000) 01/17 13:28:43 Image size of job updated: 6026544
	3844  -  MemoryUsage of job (MB)
	3935908  -  ResidentSetSize of job (KB)
...
040 (3319729.014.000) 01/17 13:35:17 Started transferring output files
	Seconds spent in queue: 7679
...
040 (3319729.014.000) 01/17 13:35:17 Finished transferring output files
...
005 (3319729.014.000) 01/17 13:35:17 Job terminated.
	(1) Normal termination (return value 0)
		Usr 0 00:47:23, Sys 0 00:00:49  -  Run Remote Usage
		Usr 0 00:00:00, Sys 0 00:00:00  -  Run Local Usage
		Usr 0 00:47:23, Sys 0 00:00:49  -  Total Remote Usage
		Usr 0 00:00:00, Sys 0 00:00:00  -  Total Local Usage
	6106  -  Run Bytes Sent By Job
	10521  -  Run Bytes Received By Job
	6106  -  Total Bytes Sent By Job
	10521  -  Total Bytes Received By Job
	Partitionable Resources :    Usage  Request Allocated 
	   Cpus                 :     0.13        4         4 
	   Disk (KB)            :    37           1   3047725 
	   Memory (MB)          :  3844        8000      8000 

	Job terminated of its own accord at 2022-01-17T12:35:17Z.
...
