000 (3300985.013.000) 01/10 17:53:17 Job submitted from host: <188.185.70.244:9618?addrs=188.185.70.244-9618+[2001-1458-d00-7--100-2ee]-9618&alias=bigbird10.cern.ch&noUDP&sock=schedd_7001_aea1>
...
040 (3300985.013.000) 01/10 17:56:12 Started transferring input files
	Transferring to host: <188.184.164.42:9618?addrs=188.184.164.42-9618+[2001-1458-301-4e--100-24]-9618&alias=b7s13p5135.cern.ch&noUDP&sock=slot1_17_4941_21a2_24268>
...
040 (3300985.013.000) 01/10 17:56:12 Finished transferring input files
...
001 (3300985.013.000) 01/10 17:56:13 Job executing on host: <188.184.164.42:9618?addrs=188.184.164.42-9618+[2001-1458-301-4e--100-24]-9618&alias=b7s13p5135.cern.ch&noUDP&sock=startd_4771_166f>
...
006 (3300985.013.000) 01/10 17:56:22 Image size of job updated: 371684
	136  -  MemoryUsage of job (MB)
	138868  -  ResidentSetSize of job (KB)
...
006 (3300985.013.000) 01/10 17:57:00 Image size of job updated: 1666644
	136  -  MemoryUsage of job (MB)
	138912  -  ResidentSetSize of job (KB)
...
040 (3300985.013.000) 01/10 17:57:00 Started transferring output files
...
040 (3300985.013.000) 01/10 17:57:00 Finished transferring output files
...
005 (3300985.013.000) 01/10 17:57:00 Job terminated.
	(1) Normal termination (return value 0)
		Usr 0 00:00:07, Sys 0 00:00:03  -  Run Remote Usage
		Usr 0 00:00:00, Sys 0 00:00:00  -  Run Local Usage
		Usr 0 00:00:07, Sys 0 00:00:03  -  Total Remote Usage
		Usr 0 00:00:00, Sys 0 00:00:00  -  Total Local Usage
	2596  -  Run Bytes Sent By Job
	10522  -  Run Bytes Received By Job
	2596  -  Total Bytes Sent By Job
	10522  -  Total Bytes Received By Job
	Partitionable Resources :    Usage  Request Allocated 
	   Cpus                 :                 4         4 
	   Disk (KB)            :       29        1   3067890 
	   Memory (MB)          :      136     8000      8000 

	Job terminated of its own accord at 2022-01-10T16:57:00Z.
...
