000 (3344065.006.000) 01/23 18:27:48 Job submitted from host: <188.185.70.244:9618?addrs=188.185.70.244-9618+[2001-1458-d00-7--100-2ee]-9618&alias=bigbird10.cern.ch&noUDP&sock=schedd_7001_aea1>
...
040 (3344065.006.000) 01/23 18:28:57 Started transferring input files
	Transferring to host: <128.142.63.21:9618?addrs=128.142.63.21-9618+[2001-1458-301-38--100-12]-9618&alias=b7s08p9652.cern.ch&noUDP&sock=slot1_24_9862_6bca_2811>
...
040 (3344065.006.000) 01/23 18:28:57 Finished transferring input files
...
001 (3344065.006.000) 01/23 18:28:58 Job executing on host: <128.142.63.21:9618?addrs=128.142.63.21-9618+[2001-1458-301-38--100-12]-9618&alias=b7s08p9652.cern.ch&noUDP&sock=startd_9678_e1a9>
...
006 (3344065.006.000) 01/23 18:29:06 Image size of job updated: 788900
	183  -  MemoryUsage of job (MB)
	186792  -  ResidentSetSize of job (KB)
...
006 (3344065.006.000) 01/23 18:29:58 Image size of job updated: 1747612
	183  -  MemoryUsage of job (MB)
	186792  -  ResidentSetSize of job (KB)
...
040 (3344065.006.000) 01/23 18:29:58 Started transferring output files
...
040 (3344065.006.000) 01/23 18:29:58 Finished transferring output files
...
005 (3344065.006.000) 01/23 18:29:58 Job terminated.
	(1) Normal termination (return value 0)
		Usr 0 00:00:21, Sys 0 00:00:02  -  Run Remote Usage
		Usr 0 00:00:00, Sys 0 00:00:00  -  Run Local Usage
		Usr 0 00:00:21, Sys 0 00:00:02  -  Total Remote Usage
		Usr 0 00:00:00, Sys 0 00:00:00  -  Total Local Usage
	1374  -  Run Bytes Sent By Job
	11205  -  Run Bytes Received By Job
	1374  -  Total Bytes Sent By Job
	11205  -  Total Bytes Received By Job
	Partitionable Resources :    Usage  Request Allocated 
	   Cpus                 :                 4         4 
	   Disk (KB)            :       29        1   1277996 
	   Memory (MB)          :      183     8000      8000 

	Job terminated of its own accord at 2022-01-23T17:29:58Z.
...
