000 (3344067.024.000) 01/23 18:28:19 Job submitted from host: <188.185.70.244:9618?addrs=188.185.70.244-9618+[2001-1458-d00-7--100-2ee]-9618&alias=bigbird10.cern.ch&noUDP&sock=schedd_7001_aea1>
...
040 (3344067.024.000) 01/23 18:29:20 Started transferring input files
	Transferring to host: <128.142.60.16:9618?addrs=128.142.60.16-9618+[2001-1458-301-22--100-f]-9618&alias=b7s05p5415.cern.ch&noUDP&sock=slot1_14_3590_3acb_43820>
...
040 (3344067.024.000) 01/23 18:29:20 Finished transferring input files
...
001 (3344067.024.000) 01/23 18:29:21 Job executing on host: <128.142.60.16:9618?addrs=128.142.60.16-9618+[2001-1458-301-22--100-f]-9618&alias=b7s05p5415.cern.ch&noUDP&sock=startd_2926_9233>
...
006 (3344067.024.000) 01/23 18:29:29 Image size of job updated: 1256244
	191  -  MemoryUsage of job (MB)
	195012  -  ResidentSetSize of job (KB)
...
006 (3344067.024.000) 01/23 18:29:57 Image size of job updated: 1734568
	191  -  MemoryUsage of job (MB)
	195012  -  ResidentSetSize of job (KB)
...
040 (3344067.024.000) 01/23 18:29:57 Started transferring output files
...
040 (3344067.024.000) 01/23 18:29:57 Finished transferring output files
...
005 (3344067.024.000) 01/23 18:29:57 Job terminated.
	(1) Normal termination (return value 0)
		Usr 0 00:00:12, Sys 0 00:00:02  -  Run Remote Usage
		Usr 0 00:00:00, Sys 0 00:00:00  -  Run Local Usage
		Usr 0 00:00:12, Sys 0 00:00:02  -  Total Remote Usage
		Usr 0 00:00:00, Sys 0 00:00:00  -  Total Local Usage
	1563  -  Run Bytes Sent By Job
	11208  -  Run Bytes Received By Job
	1563  -  Total Bytes Sent By Job
	11208  -  Total Bytes Received By Job
	Partitionable Resources :    Usage  Request Allocated 
	   Cpus                 :                 4         4 
	   Disk (KB)            :       29        1   1273017 
	   Memory (MB)          :      191     8000      8000 

	Job terminated of its own accord at 2022-01-23T17:29:57Z.
...
