000 (3293340.007.000) 01/10 13:03:55 Job submitted from host: <188.185.70.244:9618?addrs=188.185.70.244-9618+[2001-1458-d00-7--100-2ee]-9618&alias=bigbird10.cern.ch&noUDP&sock=schedd_7001_aea1>
...
040 (3293340.007.000) 01/10 13:07:59 Started transferring input files
	Transferring to host: <128.142.57.29:9618?addrs=128.142.57.29-9618+[2001-1458-301-7--100-1c]-9618&alias=b7s02p6381.cern.ch&noUDP&sock=slot1_31_6082_11b0_28524>
...
040 (3293340.007.000) 01/10 13:07:59 Finished transferring input files
...
001 (3293340.007.000) 01/10 13:08:00 Job executing on host: <128.142.57.29:9618?addrs=128.142.57.29-9618+[2001-1458-301-7--100-1c]-9618&alias=b7s02p6381.cern.ch&noUDP&sock=startd_5842_b45e>
...
006 (3293340.007.000) 01/10 13:08:08 Image size of job updated: 792736
	155  -  MemoryUsage of job (MB)
	157756  -  ResidentSetSize of job (KB)
...
006 (3293340.007.000) 01/10 13:09:04 Image size of job updated: 1745944
	155  -  MemoryUsage of job (MB)
	157756  -  ResidentSetSize of job (KB)
...
040 (3293340.007.000) 01/10 13:09:04 Started transferring output files
...
040 (3293340.007.000) 01/10 13:09:04 Finished transferring output files
...
005 (3293340.007.000) 01/10 13:09:04 Job terminated.
	(1) Normal termination (return value 0)
		Usr 0 00:00:24, Sys 0 00:00:03  -  Run Remote Usage
		Usr 0 00:00:00, Sys 0 00:00:00  -  Run Local Usage
		Usr 0 00:00:24, Sys 0 00:00:03  -  Total Remote Usage
		Usr 0 00:00:00, Sys 0 00:00:00  -  Total Local Usage
	12572  -  Run Bytes Sent By Job
	10524  -  Run Bytes Received By Job
	12572  -  Total Bytes Sent By Job
	10524  -  Total Bytes Received By Job
	Partitionable Resources :    Usage  Request Allocated 
	   Cpus                 :                 4         4 
	   Disk (KB)            :       37        1   1305854 
	   Memory (MB)          :      155     8000      8000 

	Job terminated of its own accord at 2022-01-10T12:09:04Z.
...
