000 (3295618.010.000) 01/10 15:27:45 Job submitted from host: <188.185.70.244:9618?addrs=188.185.70.244-9618+[2001-1458-d00-7--100-2ee]-9618&alias=bigbird10.cern.ch&noUDP&sock=schedd_7001_aea1>
...
040 (3295618.010.000) 01/10 15:32:37 Started transferring input files
	Transferring to host: <128.142.63.36:9618?addrs=128.142.63.36-9618+[2001-1458-301-38--100-21]-9618&alias=b7s08p3940.cern.ch&noUDP&sock=slot1_12_3605_cc6c_27540>
...
040 (3295618.010.000) 01/10 15:32:37 Finished transferring input files
...
001 (3295618.010.000) 01/10 15:32:38 Job executing on host: <128.142.63.36:9618?addrs=128.142.63.36-9618+[2001-1458-301-38--100-21]-9618&alias=b7s08p3940.cern.ch&noUDP&sock=startd_2943_3b4f>
...
006 (3295618.010.000) 01/10 15:32:46 Image size of job updated: 1256184
	0  -  MemoryUsage of job (MB)
	0  -  ResidentSetSize of job (KB)
...
040 (3295618.010.000) 01/10 15:32:46 Started transferring output files
...
040 (3295618.010.000) 01/10 15:32:46 Finished transferring output files
...
005 (3295618.010.000) 01/10 15:32:46 Job terminated.
	(1) Normal termination (return value 0)
		Usr 0 00:00:03, Sys 0 00:00:02  -  Run Remote Usage
		Usr 0 00:00:00, Sys 0 00:00:00  -  Run Local Usage
		Usr 0 00:00:03, Sys 0 00:00:02  -  Total Remote Usage
		Usr 0 00:00:00, Sys 0 00:00:00  -  Total Local Usage
	3258  -  Run Bytes Sent By Job
	10522  -  Run Bytes Received By Job
	3258  -  Total Bytes Sent By Job
	10522  -  Total Bytes Received By Job
	Partitionable Resources :    Usage  Request Allocated 
	   Cpus                 :                 4         4 
	   Disk (KB)            :       31        1   1315279 
	   Memory (MB)          :        0     8000      8000 

	Job terminated of its own accord at 2022-01-10T14:32:46Z.
...
