000 (3316949.000.000) 01/13 10:23:48 Job submitted from host: <188.185.70.244:9618?addrs=188.185.70.244-9618+[2001-1458-d00-7--100-2ee]-9618&alias=bigbird10.cern.ch&noUDP&sock=schedd_7001_aea1>
...
040 (3316949.000.000) 01/13 10:29:10 Started transferring input files
	Transferring to host: <128.142.63.51:9618?addrs=128.142.63.51-9618+[2001-1458-301-38--100-30]-9618&alias=b7s08p1630.cern.ch&noUDP&sock=slot1_17_5856_d4e7_32220>
...
040 (3316949.000.000) 01/13 10:29:10 Finished transferring input files
...
001 (3316949.000.000) 01/13 10:29:11 Job executing on host: <128.142.63.51:9618?addrs=128.142.63.51-9618+[2001-1458-301-38--100-30]-9618&alias=b7s08p1630.cern.ch&noUDP&sock=startd_5485_d50e>
...
006 (3316949.000.000) 01/13 10:29:20 Image size of job updated: 1256212
	155  -  MemoryUsage of job (MB)
	157836  -  ResidentSetSize of job (KB)
...
006 (3316949.000.000) 01/13 10:34:21 Image size of job updated: 2025652
	558  -  MemoryUsage of job (MB)
	570436  -  ResidentSetSize of job (KB)
...
006 (3316949.000.000) 01/13 10:39:21 Image size of job updated: 2025652
	558  -  MemoryUsage of job (MB)
	570456  -  ResidentSetSize of job (KB)
...
006 (3316949.000.000) 01/13 11:04:23 Image size of job updated: 2268160
	794  -  MemoryUsage of job (MB)
	812544  -  ResidentSetSize of job (KB)
...
006 (3316949.000.000) 01/13 11:09:25 Image size of job updated: 2723584
	1054  -  MemoryUsage of job (MB)
	1078396  -  ResidentSetSize of job (KB)
...
006 (3316949.000.000) 01/13 11:19:25 Image size of job updated: 3072760
	1325  -  MemoryUsage of job (MB)
	1356692  -  ResidentSetSize of job (KB)
...
006 (3316949.000.000) 01/13 11:24:26 Image size of job updated: 3072760
	1326  -  MemoryUsage of job (MB)
	1357300  -  ResidentSetSize of job (KB)
...
006 (3316949.000.000) 01/13 11:29:27 Image size of job updated: 3471772
	1673  -  MemoryUsage of job (MB)
	1712412  -  ResidentSetSize of job (KB)
...
006 (3316949.000.000) 01/13 11:34:27 Image size of job updated: 3842692
	2007  -  MemoryUsage of job (MB)
	2054708  -  ResidentSetSize of job (KB)
...
006 (3316949.000.000) 01/13 11:39:27 Image size of job updated: 3842692
	2007  -  MemoryUsage of job (MB)
	2054712  -  ResidentSetSize of job (KB)
...
006 (3316949.000.000) 01/13 11:54:29 Image size of job updated: 3842692
	2010  -  MemoryUsage of job (MB)
	2057444  -  ResidentSetSize of job (KB)
...
006 (3316949.000.000) 01/13 11:59:30 Image size of job updated: 4321396
	2429  -  MemoryUsage of job (MB)
	2487028  -  ResidentSetSize of job (KB)
...
006 (3316949.000.000) 01/13 12:04:31 Image size of job updated: 4321396
	2433  -  MemoryUsage of job (MB)
	2490644  -  ResidentSetSize of job (KB)
...
006 (3316949.000.000) 01/13 12:09:31 Image size of job updated: 4778980
	2843  -  MemoryUsage of job (MB)
	2910716  -  ResidentSetSize of job (KB)
...
006 (3316949.000.000) 01/13 12:14:31 Image size of job updated: 4778980
	2945  -  MemoryUsage of job (MB)
	3015352  -  ResidentSetSize of job (KB)
...
006 (3316949.000.000) 01/13 12:19:32 Image size of job updated: 5318932
	3301  -  MemoryUsage of job (MB)
	3380084  -  ResidentSetSize of job (KB)
...
040 (3316949.000.000) 01/13 12:22:41 Started transferring output files
...
040 (3316949.000.000) 01/13 12:22:41 Finished transferring output files
...
005 (3316949.000.000) 01/13 12:22:41 Job terminated.
	(1) Normal termination (return value 0)
		Usr 0 00:19:27, Sys 0 00:00:38  -  Run Remote Usage
		Usr 0 00:00:00, Sys 0 00:00:00  -  Run Local Usage
		Usr 0 00:19:27, Sys 0 00:00:38  -  Total Remote Usage
		Usr 0 00:00:00, Sys 0 00:00:00  -  Total Local Usage
	4141339  -  Run Bytes Sent By Job
	10529  -  Run Bytes Received By Job
	4141339  -  Total Bytes Sent By Job
	10529  -  Total Bytes Received By Job
	Partitionable Resources :    Usage  Request Allocated 
	   Cpus                 :     1.00        4         4 
	   Disk (KB)            :  4078           1   1269278 
	   Memory (MB)          :  3301        8000      8000 

	Job terminated of its own accord at 2022-01-13T11:22:41Z.
...
