000 (3314616.006.000) 01/11 10:16:04 Job submitted from host: <188.185.70.244:9618?addrs=188.185.70.244-9618+[2001-1458-d00-7--100-2ee]-9618&alias=bigbird10.cern.ch&noUDP&sock=schedd_7001_aea1>
...
040 (3314616.006.000) 01/11 10:17:52 Started transferring input files
	Transferring to host: <128.142.63.72:9618?addrs=128.142.63.72-9618+[2001-1458-301-38--100-45]-9618&alias=b7s08p9006.cern.ch&noUDP&sock=slot1_7_3567_062a_26915>
...
040 (3314616.006.000) 01/11 10:17:52 Finished transferring input files
...
001 (3314616.006.000) 01/11 10:17:53 Job executing on host: <128.142.63.72:9618?addrs=128.142.63.72-9618+[2001-1458-301-38--100-45]-9618&alias=b7s08p9006.cern.ch&noUDP&sock=startd_2828_59eb>
...
006 (3314616.006.000) 01/11 10:18:02 Image size of job updated: 167660
	71  -  MemoryUsage of job (MB)
	72068  -  ResidentSetSize of job (KB)
...
006 (3314616.006.000) 01/11 10:23:03 Image size of job updated: 2038552
	569  -  MemoryUsage of job (MB)
	582508  -  ResidentSetSize of job (KB)
...
040 (3314616.006.000) 01/11 10:26:47 Started transferring output files
...
040 (3314616.006.000) 01/11 10:26:47 Finished transferring output files
...
004 (3314616.006.000) 01/11 10:26:47 Job was evicted.
	(0) CPU times
		Usr 0 00:01:07, Sys 0 00:00:04  -  Run Remote Usage
		Usr 0 00:00:00, Sys 0 00:00:00  -  Run Local Usage
	8210  -  Run Bytes Sent By Job
	10522  -  Run Bytes Received By Job
	Partitionable Resources :    Usage  Request Allocated 
	   Cpus                 :                 4         4 
	   Disk (KB)            :       35        1   1273666 
	   Memory (MB)          :      569     8000      8000 
...
009 (3314616.006.000) 01/11 10:26:47 Job was aborted.
	via condor_rm (by user vdamante)
...
