000 (3293912.014.000) 01/10 14:24:00 Job submitted from host: <188.185.70.244:9618?addrs=188.185.70.244-9618+[2001-1458-d00-7--100-2ee]-9618&alias=bigbird10.cern.ch&noUDP&sock=schedd_7001_aea1>
...
040 (3293912.014.000) 01/10 14:26:54 Started transferring input files
	Transferring to host: <188.184.160.8:9618?addrs=188.184.160.8-9618+[2001-1458-301-48--100-2]-9618&alias=b7s09p5602.cern.ch&noUDP&sock=slot1_54_3380_4403_25128>
...
040 (3293912.014.000) 01/10 14:26:54 Finished transferring input files
...
001 (3293912.014.000) 01/10 14:26:55 Job executing on host: <188.184.160.8:9618?addrs=188.184.160.8-9618+[2001-1458-301-48--100-2]-9618&alias=b7s09p5602.cern.ch&noUDP&sock=startd_3138_fc47>
...
006 (3293912.014.000) 01/10 14:27:03 Image size of job updated: 395912
	155  -  MemoryUsage of job (MB)
	157772  -  ResidentSetSize of job (KB)
...
006 (3293912.014.000) 01/10 14:32:03 Image size of job updated: 2479208
	979  -  MemoryUsage of job (MB)
	1001992  -  ResidentSetSize of job (KB)
...
006 (3293912.014.000) 01/10 14:37:04 Image size of job updated: 2733520
	979  -  MemoryUsage of job (MB)
	1001992  -  ResidentSetSize of job (KB)
...
040 (3293912.014.000) 01/10 14:54:45 Started transferring output files
...
040 (3293912.014.000) 01/10 14:54:47 Finished transferring output files
...
005 (3293912.014.000) 01/10 14:54:47 Job terminated.
	(1) Normal termination (return value 0)
		Usr 0 00:11:06, Sys 0 00:00:07  -  Run Remote Usage
		Usr 0 00:00:00, Sys 0 00:00:00  -  Run Local Usage
		Usr 0 00:11:06, Sys 0 00:00:07  -  Total Remote Usage
		Usr 0 00:00:00, Sys 0 00:00:00  -  Total Local Usage
	26475832  -  Run Bytes Sent By Job
	10521  -  Run Bytes Received By Job
	26475832  -  Total Bytes Sent By Job
	10521  -  Total Bytes Received By Job
	Partitionable Resources :    Usage  Request Allocated 
	   Cpus                 :     0.03        4         4 
	   Disk (KB)            : 25890           1   1387662 
	   Memory (MB)          :   979        8000      8000 

	Job terminated of its own accord at 2022-01-10T13:54:45Z.
...
