000 (3293912.024.000) 01/10 14:24:00 Job submitted from host: <188.185.70.244:9618?addrs=188.185.70.244-9618+[2001-1458-d00-7--100-2ee]-9618&alias=bigbird10.cern.ch&noUDP&sock=schedd_7001_aea1>
...
040 (3293912.024.000) 01/10 14:33:57 Started transferring input files
	Transferring to host: <128.142.61.57:9618?addrs=128.142.61.57-9618&alias=b7s06p9082.cern.ch&noUDP&sock=slot1_18_3173_6a5a_819>
...
040 (3293912.024.000) 01/10 14:33:57 Finished transferring input files
...
001 (3293912.024.000) 01/10 14:33:58 Job executing on host: <128.142.61.57:9618?addrs=128.142.61.57-9618&alias=b7s06p9082.cern.ch&noUDP&sock=startd_2541_7e3d>
...
006 (3293912.024.000) 01/10 14:34:07 Image size of job updated: 1256180
	236  -  MemoryUsage of job (MB)
	240684  -  ResidentSetSize of job (KB)
...
006 (3293912.024.000) 01/10 14:39:08 Image size of job updated: 2497348
	1006  -  MemoryUsage of job (MB)
	1029316  -  ResidentSetSize of job (KB)
...
006 (3293912.024.000) 01/10 14:44:08 Image size of job updated: 2796352
	1006  -  MemoryUsage of job (MB)
	1029316  -  ResidentSetSize of job (KB)
...
040 (3293912.024.000) 01/10 14:48:54 Started transferring output files
...
040 (3293912.024.000) 01/10 14:48:56 Finished transferring output files
...
005 (3293912.024.000) 01/10 14:48:56 Job terminated.
	(1) Normal termination (return value 0)
		Usr 0 00:08:05, Sys 0 00:00:05  -  Run Remote Usage
		Usr 0 00:00:00, Sys 0 00:00:00  -  Run Local Usage
		Usr 0 00:08:05, Sys 0 00:00:05  -  Total Remote Usage
		Usr 0 00:00:00, Sys 0 00:00:00  -  Total Local Usage
	26475600  -  Run Bytes Sent By Job
	10521  -  Run Bytes Received By Job
	26475600  -  Total Bytes Sent By Job
	10521  -  Total Bytes Received By Job
	Partitionable Resources :    Usage  Request Allocated 
	   Cpus                 :     0.01        4         4 
	   Disk (KB)            : 25888           1   1369512 
	   Memory (MB)          :  1006        8000      8000 

	Job terminated of its own accord at 2022-01-10T13:48:54Z.
...
