000 (3314616.009.000) 01/11 10:16:04 Job submitted from host: <188.185.70.244:9618?addrs=188.185.70.244-9618+[2001-1458-d00-7--100-2ee]-9618&alias=bigbird10.cern.ch&noUDP&sock=schedd_7001_aea1>
...
040 (3314616.009.000) 01/11 10:17:53 Started transferring input files
	Transferring to host: <128.142.60.99:9618?addrs=128.142.60.99-9618+[2001-1458-301-22--100-62]-9618&alias=b7s05p6198.cern.ch&noUDP&sock=slot1_11_5382_db14_27713>
...
040 (3314616.009.000) 01/11 10:17:53 Finished transferring input files
...
001 (3314616.009.000) 01/11 10:17:54 Job executing on host: <128.142.60.99:9618?addrs=128.142.60.99-9618+[2001-1458-301-22--100-62]-9618&alias=b7s05p6198.cern.ch&noUDP&sock=startd_5044_57ca>
...
006 (3314616.009.000) 01/11 10:18:03 Image size of job updated: 158876
	3  -  MemoryUsage of job (MB)
	2964  -  ResidentSetSize of job (KB)
...
006 (3314616.009.000) 01/11 10:23:04 Image size of job updated: 1900212
	427  -  MemoryUsage of job (MB)
	437132  -  ResidentSetSize of job (KB)
...
040 (3314616.009.000) 01/11 10:26:47 Started transferring output files
...
040 (3314616.009.000) 01/11 10:26:47 Finished transferring output files
...
004 (3314616.009.000) 01/11 10:26:47 Job was evicted.
	(0) CPU times
		Usr 0 00:00:30, Sys 0 00:00:03  -  Run Remote Usage
		Usr 0 00:00:00, Sys 0 00:00:00  -  Run Local Usage
	0  -  Run Bytes Sent By Job
	10522  -  Run Bytes Received By Job
	Partitionable Resources :    Usage  Request Allocated 
	   Cpus                 :     0.00        4         4 
	   Disk (KB)            :    34           1   1354705 
	   Memory (MB)          :   427        8000      8000 
...
009 (3314616.009.000) 01/11 10:26:47 Job was aborted.
	via condor_rm (by user vdamante)
...
