000 (3314616.016.000) 01/11 10:16:04 Job submitted from host: <188.185.70.244:9618?addrs=188.185.70.244-9618+[2001-1458-d00-7--100-2ee]-9618&alias=bigbird10.cern.ch&noUDP&sock=schedd_7001_aea1>
...
040 (3314616.016.000) 01/11 10:17:56 Started transferring input files
	Transferring to host: <188.184.160.127:9618?addrs=188.184.160.127-9618+[2001-1458-301-48--100-79]-9618&alias=b7s09p6375.cern.ch&noUDP&sock=slot1_2_3290_da3f_26101>
...
040 (3314616.016.000) 01/11 10:17:56 Finished transferring input files
...
001 (3314616.016.000) 01/11 10:17:57 Job executing on host: <188.184.160.127:9618?addrs=188.184.160.127-9618+[2001-1458-301-48--100-79]-9618&alias=b7s09p6375.cern.ch&noUDP&sock=startd_3135_ed7e>
...
006 (3314616.016.000) 01/11 10:18:06 Image size of job updated: 320104
	155  -  MemoryUsage of job (MB)
	157788  -  ResidentSetSize of job (KB)
...
006 (3314616.016.000) 01/11 10:23:07 Image size of job updated: 2029624
	553  -  MemoryUsage of job (MB)
	565728  -  ResidentSetSize of job (KB)
...
040 (3314616.016.000) 01/11 10:26:48 Started transferring output files
...
040 (3314616.016.000) 01/11 10:26:48 Finished transferring output files
...
004 (3314616.016.000) 01/11 10:26:48 Job was evicted.
	(0) CPU times
		Usr 0 00:01:09, Sys 0 00:00:06  -  Run Remote Usage
		Usr 0 00:00:00, Sys 0 00:00:00  -  Run Local Usage
	13041  -  Run Bytes Sent By Job
	10522  -  Run Bytes Received By Job
	Partitionable Resources :    Usage  Request Allocated 
	   Cpus                 :     0.43        4         4 
	   Disk (KB)            :    44           1   1358558 
	   Memory (MB)          :   553        8000      8000 
...
009 (3314616.016.000) 01/11 10:26:48 Job was aborted.
	via condor_rm (by user vdamante)
...
