000 (3338411.011.000) 01/19 18:49:40 Job submitted from host: <188.185.70.244:9618?addrs=188.185.70.244-9618+[2001-1458-d00-7--100-2ee]-9618&alias=bigbird10.cern.ch&noUDP&sock=schedd_7001_aea1>
...
040 (3338411.011.000) 01/19 18:58:09 Started transferring input files
	Transferring to host: <128.142.56.56:9618?addrs=128.142.56.56-9618+[2001-1458-301-6--100-37]-9618&alias=b7s01p0304.cern.ch&noUDP&sock=slot1_7_3618_f54c_38229>
...
040 (3338411.011.000) 01/19 18:58:09 Finished transferring input files
...
001 (3338411.011.000) 01/19 18:58:10 Job executing on host: <128.142.56.56:9618?addrs=128.142.56.56-9618+[2001-1458-301-6--100-37]-9618&alias=b7s01p0304.cern.ch&noUDP&sock=startd_2871_d87e>
...
006 (3338411.011.000) 01/19 18:58:18 Image size of job updated: 316032
	269  -  MemoryUsage of job (MB)
	274896  -  ResidentSetSize of job (KB)
...
006 (3338411.011.000) 01/19 19:03:05 Image size of job updated: 1832200
	269  -  MemoryUsage of job (MB)
	275196  -  ResidentSetSize of job (KB)
...
040 (3338411.011.000) 01/19 19:03:05 Started transferring output files
...
040 (3338411.011.000) 01/19 19:03:05 Finished transferring output files
...
004 (3338411.011.000) 01/19 19:03:05 Job was evicted.
	(0) CPU times
		Usr 0 00:00:31, Sys 0 00:00:02  -  Run Remote Usage
		Usr 0 00:00:00, Sys 0 00:00:00  -  Run Local Usage
	4848  -  Run Bytes Sent By Job
	11204  -  Run Bytes Received By Job
	Partitionable Resources :    Usage  Request Allocated 
	   Cpus                 :     0.03        4         4 
	   Disk (KB)            :    36           1   1115616 
	   Memory (MB)          :   269        8000      8000 
...
009 (3338411.011.000) 01/19 19:03:05 Job was aborted.
	via condor_rm (by user vdamante)
...
