000 (3277178.017.000) 12/25 12:35:48 Job submitted from host: <188.185.70.244:9618?addrs=188.185.70.244-9618+[2001-1458-d00-7--100-2ee]-9618&alias=bigbird10.cern.ch&noUDP&sock=schedd_2095_9300>
...
040 (3277178.017.000) 12/25 12:39:46 Started transferring input files
	Transferring to host: <128.142.61.69:9618?addrs=128.142.61.69-9618&alias=b7s06p3592.cern.ch&noUDP&sock=slot1_20_5011_73e5_9340>
...
040 (3277178.017.000) 12/25 12:39:46 Finished transferring input files
...
001 (3277178.017.000) 12/25 12:39:47 Job executing on host: <128.142.61.69:9618?addrs=128.142.61.69-9618&alias=b7s06p3592.cern.ch&noUDP&sock=startd_4654_d5db>
...
006 (3277178.017.000) 12/25 12:39:56 Image size of job updated: 663436
	119  -  MemoryUsage of job (MB)
	121492  -  ResidentSetSize of job (KB)
...
006 (3277178.017.000) 12/25 12:40:32 Image size of job updated: 1256308
	119  -  MemoryUsage of job (MB)
	121492  -  ResidentSetSize of job (KB)
...
040 (3277178.017.000) 12/25 12:40:32 Started transferring output files
...
040 (3277178.017.000) 12/25 12:40:32 Finished transferring output files
...
005 (3277178.017.000) 12/25 12:40:32 Job terminated.
	(1) Normal termination (return value 0)
		Usr 0 00:00:04, Sys 0 00:00:02  -  Run Remote Usage
		Usr 0 00:00:00, Sys 0 00:00:00  -  Run Local Usage
		Usr 0 00:00:04, Sys 0 00:00:02  -  Total Remote Usage
		Usr 0 00:00:00, Sys 0 00:00:00  -  Total Local Usage
	7544  -  Run Bytes Sent By Job
	11209  -  Run Bytes Received By Job
	7544  -  Total Bytes Sent By Job
	11209  -  Total Bytes Received By Job
	Partitionable Resources :    Usage  Request Allocated 
	   Cpus                 :                 4         4 
	   Disk (KB)            :       32        1   1278024 
	   Memory (MB)          :      119     8000      8000 

	Job terminated of its own accord at 2021-12-25T11:40:32Z.
...
