000 (3300985.003.000) 01/10 17:53:17 Job submitted from host: <188.185.70.244:9618?addrs=188.185.70.244-9618+[2001-1458-d00-7--100-2ee]-9618&alias=bigbird10.cern.ch&noUDP&sock=schedd_7001_aea1>
...
040 (3300985.003.000) 01/10 17:56:10 Started transferring input files
	Transferring to host: <128.142.132.161:9618?addrs=128.142.132.161-9618+[2001-1458-301-5a--100-95]-9618&alias=b7g12p6054.cern.ch&noUDP&sock=slot1_1_25869_ccf5_96019>
...
040 (3300985.003.000) 01/10 17:56:10 Finished transferring input files
...
001 (3300985.003.000) 01/10 17:56:11 Job executing on host: <128.142.132.161:9618?addrs=128.142.132.161-9618+[2001-1458-301-5a--100-95]-9618&alias=b7g12p6054.cern.ch&noUDP&sock=startd_48034_e83c>
...
006 (3300985.003.000) 01/10 17:56:20 Image size of job updated: 443972
	126  -  MemoryUsage of job (MB)
	128076  -  ResidentSetSize of job (KB)
...
006 (3300985.003.000) 01/10 17:56:55 Image size of job updated: 1265692
	126  -  MemoryUsage of job (MB)
	128076  -  ResidentSetSize of job (KB)
...
040 (3300985.003.000) 01/10 17:56:57 Started transferring output files
...
040 (3300985.003.000) 01/10 17:56:57 Finished transferring output files
...
005 (3300985.003.000) 01/10 17:56:57 Job terminated.
	(1) Normal termination (return value 0)
		Usr 0 00:00:05, Sys 0 00:00:02  -  Run Remote Usage
		Usr 0 00:00:00, Sys 0 00:00:00  -  Run Local Usage
		Usr 0 00:00:05, Sys 0 00:00:02  -  Total Remote Usage
		Usr 0 00:00:00, Sys 0 00:00:00  -  Total Local Usage
	6563  -  Run Bytes Sent By Job
	10522  -  Run Bytes Received By Job
	6563  -  Total Bytes Sent By Job
	10522  -  Total Bytes Received By Job
	Partitionable Resources :    Usage  Request Allocated 
	   Cpus                 :                 4         4 
	   Disk (KB)            :       33        1   1296089 
	   Memory (MB)          :      126     8000      8000 

	Job terminated of its own accord at 2022-01-10T16:56:55Z.
...
