000 (3315593.017.000) 01/12 17:36:27 Job submitted from host: <188.185.70.244:9618?addrs=188.185.70.244-9618+[2001-1458-d00-7--100-2ee]-9618&alias=bigbird10.cern.ch&noUDP&sock=schedd_7001_aea1>
...
040 (3315593.017.000) 01/13 01:14:08 Started transferring input files
	Transferring to host: <128.142.33.225:9618?addrs=128.142.33.225-9618+[2001-1458-301-39--100-1e]-9618&alias=b7g24p2184.cern.ch&noUDP&sock=slot1_11_8740_dedc_98751>
...
040 (3315593.017.000) 01/13 01:14:08 Finished transferring input files
...
001 (3315593.017.000) 01/13 01:14:09 Job executing on host: <128.142.33.225:9618?addrs=128.142.33.225-9618+[2001-1458-301-39--100-1e]-9618&alias=b7g24p2184.cern.ch&noUDP&sock=startd_7262_b4d9>
...
006 (3315593.017.000) 01/13 01:14:18 Image size of job updated: 278212
	192  -  MemoryUsage of job (MB)
	196280  -  ResidentSetSize of job (KB)
...
040 (3315593.017.000) 01/13 01:14:20 Started transferring output files
...
040 (3315593.017.000) 01/13 01:14:20 Finished transferring output files
...
005 (3315593.017.000) 01/13 01:14:20 Job terminated.
	(1) Normal termination (return value 1)
		Usr 0 00:00:03, Sys 0 00:00:02  -  Run Remote Usage
		Usr 0 00:00:00, Sys 0 00:00:00  -  Run Local Usage
		Usr 0 00:00:03, Sys 0 00:00:02  -  Total Remote Usage
		Usr 0 00:00:00, Sys 0 00:00:00  -  Total Local Usage
	4126  -  Run Bytes Sent By Job
	10529  -  Run Bytes Received By Job
	4126  -  Total Bytes Sent By Job
	10529  -  Total Bytes Received By Job
	Partitionable Resources :    Usage  Request Allocated 
	   Cpus                 :                 4         4 
	   Disk (KB)            :       32        1   2932598 
	   Memory (MB)          :      192     8000      8000 

	Job terminated of its own accord at 2022-01-13T00:14:19Z.
...
