000 (3300985.021.000) 01/10 17:53:17 Job submitted from host: <188.185.70.244:9618?addrs=188.185.70.244-9618+[2001-1458-d00-7--100-2ee]-9618&alias=bigbird10.cern.ch&noUDP&sock=schedd_7001_aea1>
...
040 (3300985.021.000) 01/10 17:56:34 Started transferring input files
	Transferring to host: <128.142.57.48:9618?addrs=128.142.57.48-9618+[2001-1458-301-7--100-2f]-9618&alias=b7s02p3198.cern.ch&noUDP&sock=slot1_11_4897_2120_25148>
...
040 (3300985.021.000) 01/10 17:56:34 Finished transferring input files
...
001 (3300985.021.000) 01/10 17:56:35 Job executing on host: <128.142.57.48:9618?addrs=128.142.57.48-9618+[2001-1458-301-7--100-2f]-9618&alias=b7s02p3198.cern.ch&noUDP&sock=startd_4508_b107>
...
006 (3300985.021.000) 01/10 17:56:44 Image size of job updated: 1281392
	214  -  MemoryUsage of job (MB)
	218344  -  ResidentSetSize of job (KB)
...
040 (3300985.021.000) 01/10 17:56:45 Started transferring output files
...
040 (3300985.021.000) 01/10 17:56:45 Finished transferring output files
...
005 (3300985.021.000) 01/10 17:56:45 Job terminated.
	(1) Normal termination (return value 0)
		Usr 0 00:00:03, Sys 0 00:00:02  -  Run Remote Usage
		Usr 0 00:00:00, Sys 0 00:00:00  -  Run Local Usage
		Usr 0 00:00:03, Sys 0 00:00:02  -  Total Remote Usage
		Usr 0 00:00:00, Sys 0 00:00:00  -  Total Local Usage
	3850  -  Run Bytes Sent By Job
	10522  -  Run Bytes Received By Job
	3850  -  Total Bytes Sent By Job
	10522  -  Total Bytes Received By Job
	Partitionable Resources :    Usage  Request Allocated 
	   Cpus                 :                 4         4 
	   Disk (KB)            :       30        1   1301788 
	   Memory (MB)          :      214     8000      8000 

	Job terminated of its own accord at 2022-01-10T16:56:44Z.
...
