000 (3344067.001.000) 01/23 18:28:19 Job submitted from host: <188.185.70.244:9618?addrs=188.185.70.244-9618+[2001-1458-d00-7--100-2ee]-9618&alias=bigbird10.cern.ch&noUDP&sock=schedd_7001_aea1>
...
022 (3344067.001.000) 01/23 18:29:23 Job disconnected, attempting to reconnect
    Socket between submit and execute hosts closed unexpectedly
    Trying to reconnect to slot1_6@b7s04p9097.cern.ch <128.142.59.83:9618?addrs=128.142.59.83-9618&alias=b7s04p9097.cern.ch&noUDP&sock=startd_2692_110a>
...
024 (3344067.001.000) 01/23 18:29:23 Job reconnection failed
    Job not found at execution machine
    Can not reconnect to slot1_6@b7s04p9097.cern.ch, rescheduling job
...
022 (3344067.001.000) 01/23 18:30:46 Job disconnected, attempting to reconnect
    Socket between submit and execute hosts closed unexpectedly
    Trying to reconnect to slot1_2@b7g12p0586.cern.ch <128.142.132.48:9618?addrs=128.142.132.48-9618+[2001-1458-301-5a--100-24]-9618&alias=b7g12p0586.cern.ch&noUDP&sock=startd_37258_77ad>
...
024 (3344067.001.000) 01/23 18:30:46 Job reconnection failed
    Job not found at execution machine
    Can not reconnect to slot1_2@b7g12p0586.cern.ch, rescheduling job
...
040 (3344067.001.000) 01/23 18:31:20 Started transferring input files
	Transferring to host: <128.142.60.153:9618?addrs=128.142.60.153-9618+[2001-1458-301-22--100-98]-9618&alias=b7s05p6535.cern.ch&noUDP&sock=slot1_7_3585_b4eb_40375>
...
040 (3344067.001.000) 01/23 18:31:20 Finished transferring input files
...
001 (3344067.001.000) 01/23 18:31:21 Job executing on host: <128.142.60.153:9618?addrs=128.142.60.153-9618+[2001-1458-301-22--100-98]-9618&alias=b7s05p6535.cern.ch&noUDP&sock=startd_2932_afc5>
...
006 (3344067.001.000) 01/23 18:31:30 Image size of job updated: 1256248
	261  -  MemoryUsage of job (MB)
	266776  -  ResidentSetSize of job (KB)
...
006 (3344067.001.000) 01/23 18:34:44 Image size of job updated: 1735876
	261  -  MemoryUsage of job (MB)
	266900  -  ResidentSetSize of job (KB)
...
040 (3344067.001.000) 01/23 18:34:44 Started transferring output files
...
040 (3344067.001.000) 01/23 18:34:44 Finished transferring output files
...
005 (3344067.001.000) 01/23 18:34:44 Job terminated.
	(1) Normal termination (return value 0)
		Usr 0 00:00:25, Sys 0 00:00:03  -  Run Remote Usage
		Usr 0 00:00:00, Sys 0 00:00:00  -  Run Local Usage
		Usr 0 00:00:25, Sys 0 00:00:03  -  Total Remote Usage
		Usr 0 00:00:00, Sys 0 00:00:00  -  Total Local Usage
	1560  -  Run Bytes Sent By Job
	11208  -  Run Bytes Received By Job
	1560  -  Total Bytes Sent By Job
	11208  -  Total Bytes Received By Job
	Partitionable Resources :    Usage  Request Allocated 
	   Cpus                 :     0.05        4         4 
	   Disk (KB)            :    37           1   1266622 
	   Memory (MB)          :   261        8000      8000 

	Job terminated of its own accord at 2022-01-23T17:34:44Z.
...
