000 (3314884.023.000) 01/12 10:53:24 Job submitted from host: <188.185.70.244:9618?addrs=188.185.70.244-9618+[2001-1458-d00-7--100-2ee]-9618&alias=bigbird10.cern.ch&noUDP&sock=schedd_7001_aea1>
...
040 (3314884.023.000) 01/12 10:54:32 Started transferring input files
	Transferring to host: <188.184.163.108:9618?addrs=188.184.163.108-9618+[2001-1458-301-4d--100-66]-9618&alias=b7s12p4227.cern.ch&noUDP&sock=slot1_7_3908_4a18_26796>
...
040 (3314884.023.000) 01/12 10:54:32 Finished transferring input files
...
001 (3314884.023.000) 01/12 10:54:33 Job executing on host: <188.184.163.108:9618?addrs=188.184.163.108-9618+[2001-1458-301-4d--100-66]-9618&alias=b7s12p4227.cern.ch&noUDP&sock=startd_3194_6595>
...
006 (3314884.023.000) 01/12 10:54:42 Image size of job updated: 458468
	203  -  MemoryUsage of job (MB)
	207056  -  ResidentSetSize of job (KB)
...
040 (3314884.023.000) 01/12 10:54:47 Started transferring output files
...
040 (3314884.023.000) 01/12 10:54:47 Finished transferring output files
...
005 (3314884.023.000) 01/12 10:54:47 Job terminated.
	(1) Normal termination (return value 1)
		Usr 0 00:00:04, Sys 0 00:00:02  -  Run Remote Usage
		Usr 0 00:00:00, Sys 0 00:00:00  -  Run Local Usage
		Usr 0 00:00:04, Sys 0 00:00:02  -  Total Remote Usage
		Usr 0 00:00:00, Sys 0 00:00:00  -  Total Local Usage
	4712  -  Run Bytes Sent By Job
	10530  -  Run Bytes Received By Job
	4712  -  Total Bytes Sent By Job
	10530  -  Total Bytes Received By Job
	Partitionable Resources :    Usage  Request Allocated 
	   Cpus                 :                 4         4 
	   Disk (KB)            :       31        1   3058907 
	   Memory (MB)          :      203     8000      8000 

	Job terminated of its own accord at 2022-01-12T09:54:47Z.
...
