000 (3295618.004.000) 01/10 15:27:45 Job submitted from host: <188.185.70.244:9618?addrs=188.185.70.244-9618+[2001-1458-d00-7--100-2ee]-9618&alias=bigbird10.cern.ch&noUDP&sock=schedd_7001_aea1>
...
040 (3295618.004.000) 01/10 15:32:36 Started transferring input files
	Transferring to host: <188.184.165.53:9618?addrs=188.184.165.53-9618+[2001-1458-301-51--100-30]-9618&alias=b7s14p3944.cern.ch&noUDP&sock=slot1_27_3834_2655_24180>
...
040 (3295618.004.000) 01/10 15:32:36 Finished transferring input files
...
001 (3295618.004.000) 01/10 15:32:37 Job executing on host: <188.184.165.53:9618?addrs=188.184.165.53-9618+[2001-1458-301-51--100-30]-9618&alias=b7s14p3944.cern.ch&noUDP&sock=startd_3180_cb41>
...
006 (3295618.004.000) 01/10 15:32:46 Image size of job updated: 71852
	40  -  MemoryUsage of job (MB)
	40104  -  ResidentSetSize of job (KB)
...
006 (3295618.004.000) 01/10 15:33:31 Image size of job updated: 1265696
	41  -  MemoryUsage of job (MB)
	41464  -  ResidentSetSize of job (KB)
...
040 (3295618.004.000) 01/10 15:33:32 Started transferring output files
...
040 (3295618.004.000) 01/10 15:33:32 Finished transferring output files
...
005 (3295618.004.000) 01/10 15:33:32 Job terminated.
	(1) Normal termination (return value 0)
		Usr 0 00:00:06, Sys 0 00:00:02  -  Run Remote Usage
		Usr 0 00:00:00, Sys 0 00:00:00  -  Run Local Usage
		Usr 0 00:00:06, Sys 0 00:00:02  -  Total Remote Usage
		Usr 0 00:00:00, Sys 0 00:00:00  -  Total Local Usage
	5486  -  Run Bytes Sent By Job
	10522  -  Run Bytes Received By Job
	5486  -  Total Bytes Sent By Job
	10522  -  Total Bytes Received By Job
	Partitionable Resources :    Usage  Request Allocated 
	   Cpus                 :                 4         4 
	   Disk (KB)            :       32        1   2790200 
	   Memory (MB)          :       41     8000      8000 

	Job terminated of its own accord at 2022-01-10T14:33:31Z.
...
