000 (3314884.001.000) 01/12 10:53:24 Job submitted from host: <188.185.70.244:9618?addrs=188.185.70.244-9618+[2001-1458-d00-7--100-2ee]-9618&alias=bigbird10.cern.ch&noUDP&sock=schedd_7001_aea1>
...
040 (3314884.001.000) 01/12 10:54:27 Started transferring input files
	Transferring to host: <188.184.165.98:9618?addrs=188.184.165.98-9618+[2001-1458-301-51--100-5d]-9618&alias=b7s14p9792.cern.ch&noUDP&sock=slot1_2_3507_bfa8_25639>
...
040 (3314884.001.000) 01/12 10:54:27 Finished transferring input files
...
001 (3314884.001.000) 01/12 10:54:28 Job executing on host: <188.184.165.98:9618?addrs=188.184.165.98-9618+[2001-1458-301-51--100-5d]-9618&alias=b7s14p9792.cern.ch&noUDP&sock=startd_3124_61f4>
...
006 (3314884.001.000) 01/12 10:54:37 Image size of job updated: 1256204
	155  -  MemoryUsage of job (MB)
	157788  -  ResidentSetSize of job (KB)
...
006 (3314884.001.000) 01/12 10:54:53 Image size of job updated: 1596352
	155  -  MemoryUsage of job (MB)
	157788  -  ResidentSetSize of job (KB)
...
040 (3314884.001.000) 01/12 10:54:53 Started transferring output files
...
040 (3314884.001.000) 01/12 10:54:53 Finished transferring output files
...
005 (3314884.001.000) 01/12 10:54:53 Job terminated.
	(1) Normal termination (return value 1)
		Usr 0 00:00:05, Sys 0 00:00:02  -  Run Remote Usage
		Usr 0 00:00:00, Sys 0 00:00:00  -  Run Local Usage
		Usr 0 00:00:05, Sys 0 00:00:02  -  Total Remote Usage
		Usr 0 00:00:00, Sys 0 00:00:00  -  Total Local Usage
	5695  -  Run Bytes Sent By Job
	10530  -  Run Bytes Received By Job
	5695  -  Total Bytes Sent By Job
	10530  -  Total Bytes Received By Job
	Partitionable Resources :    Usage  Request Allocated 
	   Cpus                 :                 4         4 
	   Disk (KB)            :       32        1   3032976 
	   Memory (MB)          :      155     8000      8000 

	Job terminated of its own accord at 2022-01-12T09:54:53Z.
...
