000 (3319729.013.000) 01/17 11:19:46 Job submitted from host: <188.185.70.244:9618?addrs=188.185.70.244-9618+[2001-1458-d00-7--100-2ee]-9618&alias=bigbird10.cern.ch&noUDP&sock=schedd_7001_aea1>
...
040 (3319729.013.000) 01/17 11:27:16 Entered queue to transfer input files
	Transferring to host: <188.184.163.60:9618?addrs=188.184.163.60-9618+[2001-1458-301-4d--100-36]-9618&alias=b7s12p8350.cern.ch&noUDP&sock=slot1_1_3551_c029_31080>
...
040 (3319729.013.000) 01/17 11:28:21 Started transferring input files
	Seconds spent in queue: 65
...
040 (3319729.013.000) 01/17 11:28:21 Finished transferring input files
...
001 (3319729.013.000) 01/17 11:28:22 Job executing on host: <188.184.163.60:9618?addrs=188.184.163.60-9618+[2001-1458-301-4d--100-36]-9618&alias=b7s12p8350.cern.ch&noUDP&sock=startd_2950_0879>
...
006 (3319729.013.000) 01/17 11:28:32 Image size of job updated: 1256228
	155  -  MemoryUsage of job (MB)
	157836  -  ResidentSetSize of job (KB)
...
006 (3319729.013.000) 01/17 11:33:33 Image size of job updated: 2530060
	736  -  MemoryUsage of job (MB)
	752712  -  ResidentSetSize of job (KB)
...
006 (3319729.013.000) 01/17 11:43:34 Image size of job updated: 2530060
	742  -  MemoryUsage of job (MB)
	759784  -  ResidentSetSize of job (KB)
...
006 (3319729.013.000) 01/17 11:48:34 Image size of job updated: 2947784
	1151  -  MemoryUsage of job (MB)
	1177936  -  ResidentSetSize of job (KB)
...
006 (3319729.013.000) 01/17 11:58:35 Image size of job updated: 3356572
	1502  -  MemoryUsage of job (MB)
	1537852  -  ResidentSetSize of job (KB)
...
006 (3319729.013.000) 01/17 12:08:36 Image size of job updated: 3356572
	1504  -  MemoryUsage of job (MB)
	1539760  -  ResidentSetSize of job (KB)
...
006 (3319729.013.000) 01/17 12:13:37 Image size of job updated: 3838156
	1919  -  MemoryUsage of job (MB)
	1964072  -  ResidentSetSize of job (KB)
...
006 (3319729.013.000) 01/17 12:23:38 Image size of job updated: 4272184
	2352  -  MemoryUsage of job (MB)
	2408072  -  ResidentSetSize of job (KB)
...
006 (3319729.013.000) 01/17 12:28:39 Image size of job updated: 4272184
	2352  -  MemoryUsage of job (MB)
	2408076  -  ResidentSetSize of job (KB)
...
006 (3319729.013.000) 01/17 12:38:39 Image size of job updated: 4304700
	2360  -  MemoryUsage of job (MB)
	2416208  -  ResidentSetSize of job (KB)
...
006 (3319729.013.000) 01/17 12:48:41 Image size of job updated: 4304700
	2475  -  MemoryUsage of job (MB)
	2534296  -  ResidentSetSize of job (KB)
...
006 (3319729.013.000) 01/17 12:53:41 Image size of job updated: 5115732
	3029  -  MemoryUsage of job (MB)
	3100936  -  ResidentSetSize of job (KB)
...
006 (3319729.013.000) 01/17 13:03:42 Image size of job updated: 5670768
	4078  -  MemoryUsage of job (MB)
	4175052  -  ResidentSetSize of job (KB)
...
006 (3319729.013.000) 01/17 13:18:43 Image size of job updated: 6267344
	4078  -  MemoryUsage of job (MB)
	4175052  -  ResidentSetSize of job (KB)
...
040 (3319729.013.000) 01/17 13:27:21 Started transferring output files
	Seconds spent in queue: 7205
...
040 (3319729.013.000) 01/17 13:27:21 Finished transferring output files
...
005 (3319729.013.000) 01/17 13:27:21 Job terminated.
	(1) Normal termination (return value 0)
		Usr 0 00:48:42, Sys 0 00:00:55  -  Run Remote Usage
		Usr 0 00:00:00, Sys 0 00:00:00  -  Run Local Usage
		Usr 0 00:48:42, Sys 0 00:00:55  -  Total Remote Usage
		Usr 0 00:00:00, Sys 0 00:00:00  -  Total Local Usage
	1258  -  Run Bytes Sent By Job
	10521  -  Run Bytes Received By Job
	1258  -  Total Bytes Sent By Job
	10521  -  Total Bytes Received By Job
	Partitionable Resources :    Usage  Request Allocated 
	   Cpus                 :     0.19        4         4 
	   Disk (KB)            :    35           1   2948001 
	   Memory (MB)          :  4078        8000      8000 

	Job terminated of its own accord at 2022-01-17T12:27:21Z.
...
