000 (3293912.020.000) 01/10 14:24:00 Job submitted from host: <188.185.70.244:9618?addrs=188.185.70.244-9618+[2001-1458-d00-7--100-2ee]-9618&alias=bigbird10.cern.ch&noUDP&sock=schedd_7001_aea1>
...
040 (3293912.020.000) 01/10 14:28:01 Started transferring input files
	Transferring to host: <128.142.248.18:9618?addrs=128.142.248.18-9618+[2001-1458-301-73--100-102]-9618&alias=b7g23p9786.cern.ch&noUDP&sock=slot1_7_263954_38a7_112068>
...
040 (3293912.020.000) 01/10 14:28:01 Finished transferring input files
...
001 (3293912.020.000) 01/10 14:28:02 Job executing on host: <128.142.248.18:9618?addrs=128.142.248.18-9618+[2001-1458-301-73--100-102]-9618&alias=b7g23p9786.cern.ch&noUDP&sock=startd_133889_4bcb>
...
006 (3293912.020.000) 01/10 14:28:10 Image size of job updated: 320060
	155  -  MemoryUsage of job (MB)
	157748  -  ResidentSetSize of job (KB)
...
006 (3293912.020.000) 01/10 14:33:10 Image size of job updated: 2483184
	983  -  MemoryUsage of job (MB)
	1005980  -  ResidentSetSize of job (KB)
...
006 (3293912.020.000) 01/10 14:43:11 Image size of job updated: 2749416
	983  -  MemoryUsage of job (MB)
	1005980  -  ResidentSetSize of job (KB)
...
040 (3293912.020.000) 01/10 14:46:34 Started transferring output files
...
040 (3293912.020.000) 01/10 14:46:36 Finished transferring output files
...
005 (3293912.020.000) 01/10 14:46:36 Job terminated.
	(1) Normal termination (return value 0)
		Usr 0 00:14:49, Sys 0 00:00:07  -  Run Remote Usage
		Usr 0 00:00:00, Sys 0 00:00:00  -  Run Local Usage
		Usr 0 00:14:49, Sys 0 00:00:07  -  Total Remote Usage
		Usr 0 00:00:00, Sys 0 00:00:00  -  Total Local Usage
	26474852  -  Run Bytes Sent By Job
	10521  -  Run Bytes Received By Job
	26474852  -  Total Bytes Sent By Job
	10521  -  Total Bytes Received By Job
	Partitionable Resources :    Usage  Request Allocated 
	   Cpus                 :     1.00        4         4 
	   Disk (KB)            : 25889           1   2984291 
	   Memory (MB)          :   983        8000      8000 

	Job terminated of its own accord at 2022-01-10T13:46:34Z.
...
