000 (3300985.004.000) 01/10 17:53:17 Job submitted from host: <188.185.70.244:9618?addrs=188.185.70.244-9618+[2001-1458-d00-7--100-2ee]-9618&alias=bigbird10.cern.ch&noUDP&sock=schedd_7001_aea1>
...
040 (3300985.004.000) 01/10 17:56:10 Started transferring input files
	Transferring to host: <128.142.132.18:9618?addrs=128.142.132.18-9618+[2001-1458-301-5a--100-6]-9618&alias=b7g12p7773.cern.ch&noUDP&sock=slot1_2_22791_1238_95225>
...
040 (3300985.004.000) 01/10 17:56:11 Finished transferring input files
...
001 (3300985.004.000) 01/10 17:56:11 Job executing on host: <128.142.132.18:9618?addrs=128.142.132.18-9618+[2001-1458-301-5a--100-6]-9618&alias=b7g12p7773.cern.ch&noUDP&sock=startd_2868_c9b5>
...
006 (3300985.004.000) 01/10 17:56:20 Image size of job updated: 320072
	155  -  MemoryUsage of job (MB)
	157772  -  ResidentSetSize of job (KB)
...
006 (3300985.004.000) 01/10 18:01:20 Image size of job updated: 1441680
	182  -  MemoryUsage of job (MB)
	185352  -  ResidentSetSize of job (KB)
...
006 (3300985.004.000) 01/10 18:05:09 Image size of job updated: 1507216
	182  -  MemoryUsage of job (MB)
	185352  -  ResidentSetSize of job (KB)
...
040 (3300985.004.000) 01/10 18:05:09 Started transferring output files
...
040 (3300985.004.000) 01/10 18:05:09 Finished transferring output files
...
005 (3300985.004.000) 01/10 18:05:09 Job terminated.
	(1) Normal termination (return value 0)
		Usr 0 00:00:05, Sys 0 00:00:03  -  Run Remote Usage
		Usr 0 00:00:00, Sys 0 00:00:00  -  Run Local Usage
		Usr 0 00:00:05, Sys 0 00:00:03  -  Total Remote Usage
		Usr 0 00:00:00, Sys 0 00:00:00  -  Total Local Usage
	5570  -  Run Bytes Sent By Job
	10522  -  Run Bytes Received By Job
	5570  -  Total Bytes Sent By Job
	10522  -  Total Bytes Received By Job
	Partitionable Resources :    Usage  Request Allocated 
	   Cpus                 :        0        4         4 
	   Disk (KB)            :       39        1   1161177 
	   Memory (MB)          :      182     8000      8000 

	Job terminated of its own accord at 2022-01-10T17:05:09Z.
...
