000 (3295618.016.000) 01/10 15:27:45 Job submitted from host: <188.185.70.244:9618?addrs=188.185.70.244-9618+[2001-1458-d00-7--100-2ee]-9618&alias=bigbird10.cern.ch&noUDP&sock=schedd_7001_aea1>
...
040 (3295618.016.000) 01/10 15:32:40 Started transferring input files
	Transferring to host: <128.142.59.20:9618?addrs=128.142.59.20-9618+[2001-1458-301-21--100-13]-9618&alias=b7s04p9723.cern.ch&noUDP&sock=slot1_36_3509_2868_28772>
...
040 (3295618.016.000) 01/10 15:32:40 Finished transferring input files
...
001 (3295618.016.000) 01/10 15:32:41 Job executing on host: <128.142.59.20:9618?addrs=128.142.59.20-9618+[2001-1458-301-21--100-13]-9618&alias=b7s04p9723.cern.ch&noUDP&sock=startd_2870_28e6>
...
006 (3295618.016.000) 01/10 15:32:50 Image size of job updated: 1262756
	158  -  MemoryUsage of job (MB)
	161336  -  ResidentSetSize of job (KB)
...
006 (3295618.016.000) 01/10 15:33:02 Image size of job updated: 1620588
	158  -  MemoryUsage of job (MB)
	161336  -  ResidentSetSize of job (KB)
...
040 (3295618.016.000) 01/10 15:33:02 Started transferring output files
...
040 (3295618.016.000) 01/10 15:33:02 Finished transferring output files
...
005 (3295618.016.000) 01/10 15:33:02 Job terminated.
	(1) Normal termination (return value 0)
		Usr 0 00:00:03, Sys 0 00:00:02  -  Run Remote Usage
		Usr 0 00:00:00, Sys 0 00:00:00  -  Run Local Usage
		Usr 0 00:00:03, Sys 0 00:00:02  -  Total Remote Usage
		Usr 0 00:00:00, Sys 0 00:00:00  -  Total Local Usage
	3750  -  Run Bytes Sent By Job
	10522  -  Run Bytes Received By Job
	3750  -  Total Bytes Sent By Job
	10522  -  Total Bytes Received By Job
	Partitionable Resources :    Usage  Request Allocated 
	   Cpus                 :                 4         4 
	   Disk (KB)            :       30        1    914561 
	   Memory (MB)          :      158     8000      8000 

	Job terminated of its own accord at 2022-01-10T14:33:02Z.
...
