000 (3319729.002.000) 01/17 11:19:46 Job submitted from host: <188.185.70.244:9618?addrs=188.185.70.244-9618+[2001-1458-d00-7--100-2ee]-9618&alias=bigbird10.cern.ch&noUDP&sock=schedd_7001_aea1>
...
040 (3319729.002.000) 01/17 11:27:14 Entered queue to transfer input files
	Transferring to host: <188.184.162.45:9618?addrs=188.184.162.45-9618+[2001-1458-301-4a--100-27]-9618&alias=b7s11p9734.cern.ch&noUDP&sock=slot1_11_4305_0308_31605>
...
040 (3319729.002.000) 01/17 11:28:11 Started transferring input files
	Seconds spent in queue: 57
...
040 (3319729.002.000) 01/17 11:28:11 Finished transferring input files
...
001 (3319729.002.000) 01/17 11:28:12 Job executing on host: <188.184.162.45:9618?addrs=188.184.162.45-9618+[2001-1458-301-4a--100-27]-9618&alias=b7s11p9734.cern.ch&noUDP&sock=startd_4078_bf4d>
...
006 (3319729.002.000) 01/17 11:28:21 Image size of job updated: 371468
	155  -  MemoryUsage of job (MB)
	157828  -  ResidentSetSize of job (KB)
...
006 (3319729.002.000) 01/17 11:33:22 Image size of job updated: 1737192
	278  -  MemoryUsage of job (MB)
	284004  -  ResidentSetSize of job (KB)
...
006 (3319729.002.000) 01/17 11:43:22 Image size of job updated: 2512636
	741  -  MemoryUsage of job (MB)
	758248  -  ResidentSetSize of job (KB)
...
006 (3319729.002.000) 01/17 11:58:23 Image size of job updated: 2512636
	741  -  MemoryUsage of job (MB)
	758252  -  ResidentSetSize of job (KB)
...
006 (3319729.002.000) 01/17 12:08:25 Image size of job updated: 3203332
	1099  -  MemoryUsage of job (MB)
	1125092  -  ResidentSetSize of job (KB)
...
006 (3319729.002.000) 01/17 12:18:26 Image size of job updated: 3203332
	1099  -  MemoryUsage of job (MB)
	1125096  -  ResidentSetSize of job (KB)
...
006 (3319729.002.000) 01/17 12:33:27 Image size of job updated: 3203332
	1101  -  MemoryUsage of job (MB)
	1127060  -  ResidentSetSize of job (KB)
...
006 (3319729.002.000) 01/17 12:38:28 Image size of job updated: 3311680
	1464  -  MemoryUsage of job (MB)
	1498668  -  ResidentSetSize of job (KB)
...
006 (3319729.002.000) 01/17 13:03:30 Image size of job updated: 3595768
	1537  -  MemoryUsage of job (MB)
	1573340  -  ResidentSetSize of job (KB)
...
006 (3319729.002.000) 01/17 13:13:32 Image size of job updated: 3595768
	1537  -  MemoryUsage of job (MB)
	1573344  -  ResidentSetSize of job (KB)
...
006 (3319729.002.000) 01/17 13:28:33 Image size of job updated: 4009336
	2469  -  MemoryUsage of job (MB)
	2528228  -  ResidentSetSize of job (KB)
...
006 (3319729.002.000) 01/17 13:58:36 Image size of job updated: 4435824
	2736  -  MemoryUsage of job (MB)
	2801600  -  ResidentSetSize of job (KB)
...
006 (3319729.002.000) 01/17 14:03:37 Image size of job updated: 4435824
	2736  -  MemoryUsage of job (MB)
	2801604  -  ResidentSetSize of job (KB)
...
006 (3319729.002.000) 01/17 14:28:40 Image size of job updated: 4592232
	3334  -  MemoryUsage of job (MB)
	3413516  -  ResidentSetSize of job (KB)
...
006 (3319729.002.000) 01/17 14:33:40 Image size of job updated: 4964788
	3336  -  MemoryUsage of job (MB)
	3415432  -  ResidentSetSize of job (KB)
...
006 (3319729.002.000) 01/17 15:08:44 Image size of job updated: 5434184
	3386  -  MemoryUsage of job (MB)
	3466952  -  ResidentSetSize of job (KB)
...
006 (3319729.002.000) 01/17 15:13:44 Image size of job updated: 5434184
	3386  -  MemoryUsage of job (MB)
	3466956  -  ResidentSetSize of job (KB)
...
006 (3319729.002.000) 01/17 15:33:47 Image size of job updated: 5985580
	3912  -  MemoryUsage of job (MB)
	4005472  -  ResidentSetSize of job (KB)
...
006 (3319729.002.000) 01/17 15:48:48 Image size of job updated: 5985580
	3912  -  MemoryUsage of job (MB)
	4005488  -  ResidentSetSize of job (KB)
...
040 (3319729.002.000) 01/17 15:53:29 Started transferring output files
	Seconds spent in queue: 15975
...
040 (3319729.002.000) 01/17 15:53:29 Finished transferring output files
...
005 (3319729.002.000) 01/17 15:53:29 Job terminated.
	(1) Normal termination (return value 0)
		Usr 0 00:49:32, Sys 0 00:01:02  -  Run Remote Usage
		Usr 0 00:00:00, Sys 0 00:00:00  -  Run Local Usage
		Usr 0 00:49:32, Sys 0 00:01:02  -  Total Remote Usage
		Usr 0 00:00:00, Sys 0 00:00:00  -  Total Local Usage
	1258  -  Run Bytes Sent By Job
	10521  -  Run Bytes Received By Job
	1258  -  Total Bytes Sent By Job
	10521  -  Total Bytes Received By Job
	Partitionable Resources :    Usage  Request Allocated 
	   Cpus                 :     0.13        4         4 
	   Disk (KB)            :    35           1   2946958 
	   Memory (MB)          :  3912        8000      8000 

	Job terminated of its own accord at 2022-01-17T14:53:29Z.
...
