000 (3338411.003.000) 01/19 18:49:40 Job submitted from host: <188.185.70.244:9618?addrs=188.185.70.244-9618+[2001-1458-d00-7--100-2ee]-9618&alias=bigbird10.cern.ch&noUDP&sock=schedd_7001_aea1>
...
040 (3338411.003.000) 01/19 18:58:08 Started transferring input files
	Transferring to host: <128.142.63.12:9618?addrs=128.142.63.12-9618+[2001-1458-301-38--100-9]-9618&alias=b7s08p2970.cern.ch&noUDP&sock=slot1_2_3588_d20b_38866>
...
040 (3338411.003.000) 01/19 18:58:08 Finished transferring input files
...
001 (3338411.003.000) 01/19 18:58:09 Job executing on host: <128.142.63.12:9618?addrs=128.142.63.12-9618+[2001-1458-301-38--100-9]-9618&alias=b7s08p2970.cern.ch&noUDP&sock=startd_2941_dc1f>
...
006 (3338411.003.000) 01/19 18:58:18 Image size of job updated: 744500
	155  -  MemoryUsage of job (MB)
	157876  -  ResidentSetSize of job (KB)
...
006 (3338411.003.000) 01/19 19:03:04 Image size of job updated: 1728428
	155  -  MemoryUsage of job (MB)
	157876  -  ResidentSetSize of job (KB)
...
040 (3338411.003.000) 01/19 19:03:04 Started transferring output files
...
040 (3338411.003.000) 01/19 19:03:04 Finished transferring output files
...
004 (3338411.003.000) 01/19 19:03:04 Job was evicted.
	(0) CPU times
		Usr 0 00:00:06, Sys 0 00:00:02  -  Run Remote Usage
		Usr 0 00:00:00, Sys 0 00:00:00  -  Run Local Usage
	0  -  Run Bytes Sent By Job
	11204  -  Run Bytes Received By Job
	Partitionable Resources :    Usage  Request Allocated 
	   Cpus                 :     0.00        4         4 
	   Disk (KB)            :    34           1   1307775 
	   Memory (MB)          :   155        8000      8000 
...
009 (3338411.003.000) 01/19 19:03:04 Job was aborted.
	via condor_rm (by user vdamante)
...
