000 (3338420.024.000) 01/19 19:03:57 Job submitted from host: <188.185.70.244:9618?addrs=188.185.70.244-9618+[2001-1458-d00-7--100-2ee]-9618&alias=bigbird10.cern.ch&noUDP&sock=schedd_7001_aea1>
...
040 (3338420.024.000) 01/19 19:37:27 Started transferring input files
	Transferring to host: <188.184.163.49:9618?addrs=188.184.163.49-9618+[2001-1458-301-4d--100-2b]-9618&alias=b7s12p9919.cern.ch&noUDP&sock=slot1_3_3958_84da_33240>
...
040 (3338420.024.000) 01/19 19:37:27 Finished transferring input files
...
001 (3338420.024.000) 01/19 19:37:28 Job executing on host: <188.184.163.49:9618?addrs=188.184.163.49-9618+[2001-1458-301-4d--100-2b]-9618&alias=b7s12p9919.cern.ch&noUDP&sock=startd_3247_c01a>
...
006 (3338420.024.000) 01/19 19:37:37 Image size of job updated: 260664
	122  -  MemoryUsage of job (MB)
	124372  -  ResidentSetSize of job (KB)
...
006 (3338420.024.000) 01/19 19:42:38 Image size of job updated: 1747380
	287  -  MemoryUsage of job (MB)
	293504  -  ResidentSetSize of job (KB)
...
006 (3338420.024.000) 01/19 19:47:39 Image size of job updated: 2522376
	750  -  MemoryUsage of job (MB)
	767360  -  ResidentSetSize of job (KB)
...
006 (3338420.024.000) 01/19 19:57:40 Image size of job updated: 2960264
	1163  -  MemoryUsage of job (MB)
	1190280  -  ResidentSetSize of job (KB)
...
006 (3338420.024.000) 01/19 20:02:41 Image size of job updated: 3376968
	1516  -  MemoryUsage of job (MB)
	1552196  -  ResidentSetSize of job (KB)
...
006 (3338420.024.000) 01/19 20:07:41 Image size of job updated: 3551648
	2049  -  MemoryUsage of job (MB)
	2097568  -  ResidentSetSize of job (KB)
...
006 (3338420.024.000) 01/19 20:12:42 Image size of job updated: 3835652
	2049  -  MemoryUsage of job (MB)
	2097676  -  ResidentSetSize of job (KB)
...
006 (3338420.024.000) 01/19 20:27:43 Image size of job updated: 4279696
	2358  -  MemoryUsage of job (MB)
	2413848  -  ResidentSetSize of job (KB)
...
006 (3338420.024.000) 01/19 20:42:45 Image size of job updated: 4279696
	2359  -  MemoryUsage of job (MB)
	2415456  -  ResidentSetSize of job (KB)
...
006 (3338420.024.000) 01/19 20:47:46 Image size of job updated: 4813920
	2775  -  MemoryUsage of job (MB)
	2841076  -  ResidentSetSize of job (KB)
...
006 (3338420.024.000) 01/19 21:02:48 Image size of job updated: 4813920
	2778  -  MemoryUsage of job (MB)
	2843976  -  ResidentSetSize of job (KB)
...
006 (3338420.024.000) 01/19 21:07:49 Image size of job updated: 5353656
	3229  -  MemoryUsage of job (MB)
	3305504  -  ResidentSetSize of job (KB)
...
006 (3338420.024.000) 01/19 21:12:49 Image size of job updated: 5353656
	3235  -  MemoryUsage of job (MB)
	3312180  -  ResidentSetSize of job (KB)
...
006 (3338420.024.000) 01/19 21:17:49 Image size of job updated: 5965608
	3772  -  MemoryUsage of job (MB)
	3861764  -  ResidentSetSize of job (KB)
...
006 (3338420.024.000) 01/19 21:37:52 Image size of job updated: 5965608
	3775  -  MemoryUsage of job (MB)
	3865464  -  ResidentSetSize of job (KB)
...
006 (3338420.024.000) 01/19 21:42:53 Image size of job updated: 6581300
	4264  -  MemoryUsage of job (MB)
	4365612  -  ResidentSetSize of job (KB)
...
040 (3338420.024.000) 01/19 22:06:01 Started transferring output files
...
040 (3338420.024.000) 01/19 22:06:01 Finished transferring output files
...
005 (3338420.024.000) 01/19 22:06:01 Job terminated.
	(1) Normal termination (return value 0)
		Usr 0 00:51:39, Sys 0 00:00:42  -  Run Remote Usage
		Usr 0 00:00:00, Sys 0 00:00:00  -  Run Local Usage
		Usr 0 00:51:39, Sys 0 00:00:42  -  Total Remote Usage
		Usr 0 00:00:00, Sys 0 00:00:00  -  Total Local Usage
	6022  -  Run Bytes Sent By Job
	11204  -  Run Bytes Received By Job
	6022  -  Total Bytes Sent By Job
	11204  -  Total Bytes Received By Job
	Partitionable Resources :    Usage  Request Allocated 
	   Cpus                 :     0.22        4         4 
	   Disk (KB)            :    40           1   2032225 
	   Memory (MB)          :  4264        8000      8000 

	Job terminated of its own accord at 2022-01-19T21:06:01Z.
...
