000 (3277178.004.000) 12/25 12:35:48 Job submitted from host: <188.185.70.244:9618?addrs=188.185.70.244-9618+[2001-1458-d00-7--100-2ee]-9618&alias=bigbird10.cern.ch&noUDP&sock=schedd_2095_9300>
...
040 (3277178.004.000) 12/25 12:39:42 Started transferring input files
	Transferring to host: <128.142.60.21:9618?addrs=128.142.60.21-9618+[2001-1458-301-22--100-14]-9618&alias=b7s05p4722.cern.ch&noUDP&sock=slot1_24_3636_a40d_4809>
...
040 (3277178.004.000) 12/25 12:39:42 Finished transferring input files
...
001 (3277178.004.000) 12/25 12:39:43 Job executing on host: <128.142.60.21:9618?addrs=128.142.60.21-9618+[2001-1458-301-22--100-14]-9618&alias=b7s05p4722.cern.ch&noUDP&sock=startd_3588_a5e5>
...
006 (3277178.004.000) 12/25 12:39:52 Image size of job updated: 1256176
	155  -  MemoryUsage of job (MB)
	157796  -  ResidentSetSize of job (KB)
...
040 (3277178.004.000) 12/25 12:39:55 Started transferring output files
...
040 (3277178.004.000) 12/25 12:39:55 Finished transferring output files
...
005 (3277178.004.000) 12/25 12:39:55 Job terminated.
	(1) Normal termination (return value 0)
		Usr 0 00:00:03, Sys 0 00:00:02  -  Run Remote Usage
		Usr 0 00:00:00, Sys 0 00:00:00  -  Run Local Usage
		Usr 0 00:00:03, Sys 0 00:00:02  -  Total Remote Usage
		Usr 0 00:00:00, Sys 0 00:00:00  -  Total Local Usage
	5421  -  Run Bytes Sent By Job
	11209  -  Run Bytes Received By Job
	5421  -  Total Bytes Sent By Job
	11209  -  Total Bytes Received By Job
	Partitionable Resources :    Usage  Request Allocated 
	   Cpus                 :                 4         4 
	   Disk (KB)            :       32        1   1222823 
	   Memory (MB)          :      155     8000      8000 

	Job terminated of its own accord at 2021-12-25T11:39:55Z.
...
