000 (3314616.008.000) 01/11 10:16:04 Job submitted from host: <188.185.70.244:9618?addrs=188.185.70.244-9618+[2001-1458-d00-7--100-2ee]-9618&alias=bigbird10.cern.ch&noUDP&sock=schedd_7001_aea1>
...
040 (3314616.008.000) 01/11 10:17:53 Started transferring input files
	Transferring to host: <188.184.162.11:9618?addrs=188.184.162.11-9618+[2001-1458-301-4a--100-5]-9618&alias=b7s11p8670.cern.ch&noUDP&sock=slot1_2_3958_84da_26172>
...
040 (3314616.008.000) 01/11 10:17:53 Finished transferring input files
...
001 (3314616.008.000) 01/11 10:17:54 Job executing on host: <188.184.162.11:9618?addrs=188.184.162.11-9618+[2001-1458-301-4a--100-5]-9618&alias=b7s11p8670.cern.ch&noUDP&sock=startd_3303_2968>
...
006 (3314616.008.000) 01/11 10:18:03 Image size of job updated: 143152
	17  -  MemoryUsage of job (MB)
	16588  -  ResidentSetSize of job (KB)
...
006 (3314616.008.000) 01/11 10:23:04 Image size of job updated: 1887744
	421  -  MemoryUsage of job (MB)
	430536  -  ResidentSetSize of job (KB)
...
040 (3314616.008.000) 01/11 10:26:47 Started transferring output files
...
040 (3314616.008.000) 01/11 10:26:47 Finished transferring output files
...
004 (3314616.008.000) 01/11 10:26:47 Job was evicted.
	(0) CPU times
		Usr 0 00:00:31, Sys 0 00:00:03  -  Run Remote Usage
		Usr 0 00:00:00, Sys 0 00:00:00  -  Run Local Usage
	0  -  Run Bytes Sent By Job
	10522  -  Run Bytes Received By Job
	Partitionable Resources :    Usage  Request Allocated 
	   Cpus                 :     0.02        4         4 
	   Disk (KB)            :    34           1   2953351 
	   Memory (MB)          :   421        8000      8000 
...
009 (3314616.008.000) 01/11 10:26:47 Job was aborted.
	via condor_rm (by user vdamante)
...
