000 (3319729.024.000) 01/17 11:19:47 Job submitted from host: <188.185.70.244:9618?addrs=188.185.70.244-9618+[2001-1458-d00-7--100-2ee]-9618&alias=bigbird10.cern.ch&noUDP&sock=schedd_7001_aea1>
...
040 (3319729.024.000) 01/17 11:27:20 Entered queue to transfer input files
	Transferring to host: <188.184.164.168:9618?addrs=188.184.164.168-9618&alias=b7s13p7004.cern.ch&noUDP&sock=slot1_10_4256_7ca6_31783>
...
040 (3319729.024.000) 01/17 11:28:22 Started transferring input files
	Seconds spent in queue: 62
...
040 (3319729.024.000) 01/17 11:28:22 Finished transferring input files
...
001 (3319729.024.000) 01/17 11:28:23 Job executing on host: <188.184.164.168:9618?addrs=188.184.164.168-9618&alias=b7s13p7004.cern.ch&noUDP&sock=startd_4023_0598>
...
006 (3319729.024.000) 01/17 11:28:31 Image size of job updated: 1234316
	155  -  MemoryUsage of job (MB)
	157828  -  ResidentSetSize of job (KB)
...
006 (3319729.024.000) 01/17 11:33:31 Image size of job updated: 2523852
	729  -  MemoryUsage of job (MB)
	746488  -  ResidentSetSize of job (KB)
...
006 (3319729.024.000) 01/17 11:38:31 Image size of job updated: 2897684
	1099  -  MemoryUsage of job (MB)
	1124972  -  ResidentSetSize of job (KB)
...
006 (3319729.024.000) 01/17 11:43:32 Image size of job updated: 2921336
	1163  -  MemoryUsage of job (MB)
	1190036  -  ResidentSetSize of job (KB)
...
006 (3319729.024.000) 01/17 11:48:32 Image size of job updated: 3540444
	1658  -  MemoryUsage of job (MB)
	1697292  -  ResidentSetSize of job (KB)
...
006 (3319729.024.000) 01/17 11:53:32 Image size of job updated: 3948836
	2061  -  MemoryUsage of job (MB)
	2109776  -  ResidentSetSize of job (KB)
...
006 (3319729.024.000) 01/17 11:58:33 Image size of job updated: 3948836
	2064  -  MemoryUsage of job (MB)
	2113312  -  ResidentSetSize of job (KB)
...
006 (3319729.024.000) 01/17 12:03:34 Image size of job updated: 4359072
	2663  -  MemoryUsage of job (MB)
	2726432  -  ResidentSetSize of job (KB)
...
006 (3319729.024.000) 01/17 12:08:34 Image size of job updated: 4848948
	2873  -  MemoryUsage of job (MB)
	2941628  -  ResidentSetSize of job (KB)
...
006 (3319729.024.000) 01/17 12:13:34 Image size of job updated: 5332188
	3762  -  MemoryUsage of job (MB)
	3852280  -  ResidentSetSize of job (KB)
...
006 (3319729.024.000) 01/17 12:23:35 Image size of job updated: 5940480
	3829  -  MemoryUsage of job (MB)
	3920724  -  ResidentSetSize of job (KB)
...
040 (3319729.024.000) 01/17 12:24:25 Started transferring output files
	Seconds spent in queue: 3425
...
040 (3319729.024.000) 01/17 12:24:26 Finished transferring output files
...
005 (3319729.024.000) 01/17 12:24:26 Job terminated.
	(1) Normal termination (return value 0)
		Usr 0 00:28:34, Sys 0 00:00:30  -  Run Remote Usage
		Usr 0 00:00:00, Sys 0 00:00:00  -  Run Local Usage
		Usr 0 00:28:34, Sys 0 00:00:30  -  Total Remote Usage
		Usr 0 00:00:00, Sys 0 00:00:00  -  Total Local Usage
	1261  -  Run Bytes Sent By Job
	10521  -  Run Bytes Received By Job
	1261  -  Total Bytes Sent By Job
	10521  -  Total Bytes Received By Job
	Partitionable Resources :    Usage  Request Allocated 
	   Cpus                 :     0.06        4         4 
	   Disk (KB)            :    34           1   2987580 
	   Memory (MB)          :  3829        8000      8000 

	Job terminated of its own accord at 2022-01-17T11:24:25Z.
...
