000 (3317875.000.000) 01/14 11:46:08 Job submitted from host: <188.185.70.244:9618?addrs=188.185.70.244-9618+[2001-1458-d00-7--100-2ee]-9618&alias=bigbird10.cern.ch&noUDP&sock=schedd_7001_aea1>
...
040 (3317875.000.000) 01/14 16:22:09 Started transferring input files
	Transferring to host: <188.184.162.213:9618?addrs=188.184.162.213-9618+[2001-1458-301-4a--100-cf]-9618&alias=b7s11p8776.cern.ch&noUDP&sock=slot1_2_4443_3ece_28396>
...
040 (3317875.000.000) 01/14 16:22:09 Finished transferring input files
...
001 (3317875.000.000) 01/14 16:22:10 Job executing on host: <188.184.162.213:9618?addrs=188.184.162.213-9618+[2001-1458-301-4a--100-cf]-9618&alias=b7s11p8776.cern.ch&noUDP&sock=startd_4209_9a36>
...
006 (3317875.000.000) 01/14 16:22:19 Image size of job updated: 320128
	155  -  MemoryUsage of job (MB)
	157820  -  ResidentSetSize of job (KB)
...
006 (3317875.000.000) 01/14 16:22:29 Image size of job updated: 1256228
	155  -  MemoryUsage of job (MB)
	157820  -  ResidentSetSize of job (KB)
...
040 (3317875.000.000) 01/14 16:22:29 Started transferring output files
...
040 (3317875.000.000) 01/14 16:22:30 Finished transferring output files
...
005 (3317875.000.000) 01/14 16:22:30 Job terminated.
	(1) Normal termination (return value 1)
		Usr 0 00:00:05, Sys 0 00:00:02  -  Run Remote Usage
		Usr 0 00:00:00, Sys 0 00:00:00  -  Run Local Usage
		Usr 0 00:00:05, Sys 0 00:00:02  -  Total Remote Usage
		Usr 0 00:00:00, Sys 0 00:00:00  -  Total Local Usage
	1127  -  Run Bytes Sent By Job
	10521  -  Run Bytes Received By Job
	1127  -  Total Bytes Sent By Job
	10521  -  Total Bytes Received By Job
	Partitionable Resources :    Usage  Request Allocated 
	   Cpus                 :                 4         4 
	   Disk (KB)            :       28        1   2867593 
	   Memory (MB)          :      155     8000      8000 

	Job terminated of its own accord at 2022-01-14T15:22:29Z.
...
000 (3342176.000.000) 01/20 17:05:35 Job submitted from host: <188.185.70.244:9618?addrs=188.185.70.244-9618+[2001-1458-d00-7--100-2ee]-9618&alias=bigbird10.cern.ch&noUDP&sock=schedd_7001_aea1>
...
040 (3342176.000.000) 01/20 17:08:45 Entered queue to transfer input files
	Transferring to host: <128.142.61.77:9618?addrs=128.142.61.77-9618&alias=b7s06p7522.cern.ch&noUDP&sock=slot1_6_3075_5d96_35966>
...
040 (3342176.000.000) 01/20 17:09:24 Started transferring input files
	Seconds spent in queue: 39
...
040 (3342176.000.000) 01/20 17:09:24 Finished transferring input files
...
001 (3342176.000.000) 01/20 17:09:25 Job executing on host: <128.142.61.77:9618?addrs=128.142.61.77-9618&alias=b7s06p7522.cern.ch&noUDP&sock=startd_2578_df3e>
...
006 (3342176.000.000) 01/20 17:09:33 Image size of job updated: 320204
	199  -  MemoryUsage of job (MB)
	202928  -  ResidentSetSize of job (KB)
...
006 (3342176.000.000) 01/20 17:14:33 Image size of job updated: 1744304
	284  -  MemoryUsage of job (MB)
	290436  -  ResidentSetSize of job (KB)
...
006 (3342176.000.000) 01/20 17:19:34 Image size of job updated: 1744304
	284  -  MemoryUsage of job (MB)
	290704  -  ResidentSetSize of job (KB)
...
006 (3342176.000.000) 01/20 17:24:35 Image size of job updated: 1744304
	284  -  MemoryUsage of job (MB)
	290784  -  ResidentSetSize of job (KB)
...
006 (3342176.000.000) 01/20 17:29:35 Image size of job updated: 1744304
	284  -  MemoryUsage of job (MB)
	290796  -  ResidentSetSize of job (KB)
...
006 (3342176.000.000) 01/20 17:34:35 Image size of job updated: 1744304
	285  -  MemoryUsage of job (MB)
	290868  -  ResidentSetSize of job (KB)
...
000 (3342591.000.000) 01/20 18:47:10 Job submitted from host: <188.185.70.244:9618?addrs=188.185.70.244-9618+[2001-1458-d00-7--100-2ee]-9618&alias=bigbird10.cern.ch&noUDP&sock=schedd_7001_aea1>
...
006 (3342176.000.000) 01/20 18:49:44 Image size of job updated: 2517560
	746  -  MemoryUsage of job (MB)
	763400  -  ResidentSetSize of job (KB)
...
040 (3342591.000.000) 01/20 19:03:06 Entered queue to transfer input files
	Transferring to host: <188.184.160.52:9618?addrs=188.184.160.52-9618+[2001-1458-301-48--100-2e]-9618&alias=b7s09p5429.cern.ch&noUDP&sock=slot1_14_3646_afcd_36581>
...
040 (3342591.000.000) 01/20 19:05:38 Started transferring input files
	Seconds spent in queue: 152
...
040 (3342591.000.000) 01/20 19:05:38 Finished transferring input files
...
001 (3342591.000.000) 01/20 19:05:39 Job executing on host: <188.184.160.52:9618?addrs=188.184.160.52-9618+[2001-1458-301-48--100-2e]-9618&alias=b7s09p5429.cern.ch&noUDP&sock=startd_3172_4e7f>
...
006 (3342591.000.000) 01/20 19:05:47 Image size of job updated: 1237820
	204  -  MemoryUsage of job (MB)
	208196  -  ResidentSetSize of job (KB)
...
006 (3342591.000.000) 01/20 19:10:47 Image size of job updated: 1733344
	272  -  MemoryUsage of job (MB)
	278048  -  ResidentSetSize of job (KB)
...
006 (3342591.000.000) 01/20 19:20:49 Image size of job updated: 2507196
	734  -  MemoryUsage of job (MB)
	751176  -  ResidentSetSize of job (KB)
...
006 (3342176.000.000) 01/20 19:29:49 Image size of job updated: 2517560
	746  -  MemoryUsage of job (MB)
	763404  -  ResidentSetSize of job (KB)
...
006 (3342176.000.000) 01/20 19:44:50 Image size of job updated: 2939380
	1099  -  MemoryUsage of job (MB)
	1124988  -  ResidentSetSize of job (KB)
...
006 (3342591.000.000) 01/20 20:05:53 Image size of job updated: 2507196
	734  -  MemoryUsage of job (MB)
	751184  -  ResidentSetSize of job (KB)
...
006 (3342591.000.000) 01/20 20:30:56 Image size of job updated: 2928984
	1092  -  MemoryUsage of job (MB)
	1117688  -  ResidentSetSize of job (KB)
...
006 (3342591.000.000) 01/20 20:35:56 Image size of job updated: 2928984
	1092  -  MemoryUsage of job (MB)
	1117692  -  ResidentSetSize of job (KB)
...
006 (3342176.000.000) 01/20 20:39:56 Image size of job updated: 2939380
	1099  -  MemoryUsage of job (MB)
	1124992  -  ResidentSetSize of job (KB)
...
006 (3342591.000.000) 01/20 20:45:58 Image size of job updated: 2928984
	1092  -  MemoryUsage of job (MB)
	1117696  -  ResidentSetSize of job (KB)
...
006 (3342176.000.000) 01/20 20:54:57 Image size of job updated: 3337476
	1500  -  MemoryUsage of job (MB)
	1535084  -  ResidentSetSize of job (KB)
...
006 (3342591.000.000) 01/20 21:11:00 Image size of job updated: 3327120
	1488  -  MemoryUsage of job (MB)
	1522832  -  ResidentSetSize of job (KB)
...
006 (3342176.000.000) 01/20 21:25:01 Image size of job updated: 3337476
	1500  -  MemoryUsage of job (MB)
	1535088  -  ResidentSetSize of job (KB)
...
006 (3342176.000.000) 01/20 21:30:01 Image size of job updated: 3783484
	1917  -  MemoryUsage of job (MB)
	1962124  -  ResidentSetSize of job (KB)
...
006 (3342591.000.000) 01/20 21:36:03 Image size of job updated: 3327120
	1488  -  MemoryUsage of job (MB)
	1522836  -  ResidentSetSize of job (KB)
...
006 (3342591.000.000) 01/20 21:46:04 Image size of job updated: 3327120
	1489  -  MemoryUsage of job (MB)
	1524280  -  ResidentSetSize of job (KB)
...
006 (3342591.000.000) 01/20 21:51:05 Image size of job updated: 3773128
	1905  -  MemoryUsage of job (MB)
	1949948  -  ResidentSetSize of job (KB)
...
006 (3342591.000.000) 01/20 21:56:06 Image size of job updated: 3773128
	1906  -  MemoryUsage of job (MB)
	1951604  -  ResidentSetSize of job (KB)
...
006 (3342176.000.000) 01/20 22:05:05 Image size of job updated: 4232264
	2331  -  MemoryUsage of job (MB)
	2385964  -  ResidentSetSize of job (KB)
...
006 (3342176.000.000) 01/20 22:35:08 Image size of job updated: 4232264
	2331  -  MemoryUsage of job (MB)
	2385968  -  ResidentSetSize of job (KB)
...
006 (3342591.000.000) 01/20 22:51:12 Image size of job updated: 3773128
	1906  -  MemoryUsage of job (MB)
	1951608  -  ResidentSetSize of job (KB)
...
006 (3342591.000.000) 01/20 22:56:12 Image size of job updated: 3773128
	1906  -  MemoryUsage of job (MB)
	1951612  -  ResidentSetSize of job (KB)
...
006 (3342591.000.000) 01/20 23:16:14 Image size of job updated: 4221852
	2320  -  MemoryUsage of job (MB)
	2375376  -  ResidentSetSize of job (KB)
...
006 (3342176.000.000) 01/20 23:20:13 Image size of job updated: 4232264
	2331  -  MemoryUsage of job (MB)
	2385972  -  ResidentSetSize of job (KB)
...
006 (3342176.000.000) 01/20 23:25:13 Image size of job updated: 4232264
	2331  -  MemoryUsage of job (MB)
	2385976  -  ResidentSetSize of job (KB)
...
006 (3342176.000.000) 01/20 23:30:14 Image size of job updated: 4232264
	2331  -  MemoryUsage of job (MB)
	2385984  -  ResidentSetSize of job (KB)
...
006 (3342591.000.000) 01/20 23:31:16 Image size of job updated: 4221852
	2320  -  MemoryUsage of job (MB)
	2375380  -  ResidentSetSize of job (KB)
...
006 (3342176.000.000) 01/20 23:50:17 Image size of job updated: 4232264
	2331  -  MemoryUsage of job (MB)
	2385988  -  ResidentSetSize of job (KB)
...
006 (3342176.000.000) 01/20 23:55:17 Image size of job updated: 4734116
	2991  -  MemoryUsage of job (MB)
	3061960  -  ResidentSetSize of job (KB)
...
006 (3342591.000.000) 01/20 23:56:19 Image size of job updated: 4723700
	2735  -  MemoryUsage of job (MB)
	2800060  -  ResidentSetSize of job (KB)
...
006 (3342176.000.000) 01/21 00:10:18 Image size of job updated: 4734116
	2991  -  MemoryUsage of job (MB)
	3061964  -  ResidentSetSize of job (KB)
...
006 (3342176.000.000) 01/21 00:20:19 Image size of job updated: 4734116
	2991  -  MemoryUsage of job (MB)
	3061968  -  ResidentSetSize of job (KB)
...
006 (3342591.000.000) 01/21 00:26:22 Image size of job updated: 4723700
	2735  -  MemoryUsage of job (MB)
	2800064  -  ResidentSetSize of job (KB)
...
006 (3342591.000.000) 01/21 00:31:23 Image size of job updated: 4723700
	2736  -  MemoryUsage of job (MB)
	2801296  -  ResidentSetSize of job (KB)
...
006 (3342591.000.000) 01/21 00:36:24 Image size of job updated: 5258420
	3205  -  MemoryUsage of job (MB)
	3281752  -  ResidentSetSize of job (KB)
...
006 (3342176.000.000) 01/21 00:40:22 Image size of job updated: 4734116
	2992  -  MemoryUsage of job (MB)
	3063192  -  ResidentSetSize of job (KB)
...
006 (3342176.000.000) 01/21 00:45:22 Image size of job updated: 5301576
	3251  -  MemoryUsage of job (MB)
	3328788  -  ResidentSetSize of job (KB)
...
006 (3342176.000.000) 01/21 01:15:26 Image size of job updated: 5301576
	3251  -  MemoryUsage of job (MB)
	3328792  -  ResidentSetSize of job (KB)
...
006 (3342591.000.000) 01/21 01:21:28 Image size of job updated: 5258420
	3205  -  MemoryUsage of job (MB)
	3281756  -  ResidentSetSize of job (KB)
...
006 (3342591.000.000) 01/21 01:26:29 Image size of job updated: 5849736
	4265  -  MemoryUsage of job (MB)
	4366960  -  ResidentSetSize of job (KB)
...
006 (3342176.000.000) 01/21 01:35:28 Image size of job updated: 5868248
	4277  -  MemoryUsage of job (MB)
	4379208  -  ResidentSetSize of job (KB)
...
006 (3342176.000.000) 01/21 02:15:31 Image size of job updated: 6492904
	4277  -  MemoryUsage of job (MB)
	4379208  -  ResidentSetSize of job (KB)
...
040 (3342176.000.000) 01/21 02:46:03 Entered queue to transfer output files
...
040 (3342176.000.000) 01/21 02:49:24 Started transferring output files
	Seconds spent in queue: 34839
...
040 (3342176.000.000) 01/21 02:49:24 Finished transferring output files
...
005 (3342176.000.000) 01/21 02:49:24 Job terminated.
	(1) Normal termination (return value 0)
		Usr 0 00:49:00, Sys 0 00:01:12  -  Run Remote Usage
		Usr 0 00:00:00, Sys 0 00:00:00  -  Run Local Usage
		Usr 0 00:49:00, Sys 0 00:01:12  -  Total Remote Usage
		Usr 0 00:00:00, Sys 0 00:00:00  -  Total Local Usage
	6019  -  Run Bytes Sent By Job
	11204  -  Run Bytes Received By Job
	6019  -  Total Bytes Sent By Job
	11204  -  Total Bytes Received By Job
	Partitionable Resources :    Usage  Request Allocated 
	   Cpus                 :     0.16        4         4 
	   Disk (KB)            :    41           1   1323606 
	   Memory (MB)          :  4277        8000      8000 

	Job terminated of its own accord at 2022-01-21T01:45:58Z.
...
006 (3342591.000.000) 01/21 03:41:41 Image size of job updated: 6062568
	4474  -  MemoryUsage of job (MB)
	4581336  -  ResidentSetSize of job (KB)
...
006 (3342591.000.000) 01/21 03:46:42 Image size of job updated: 6482472
	4474  -  MemoryUsage of job (MB)
	4581336  -  ResidentSetSize of job (KB)
...
040 (3342591.000.000) 01/21 04:14:25 Started transferring output files
	Seconds spent in queue: 33079
...
040 (3342591.000.000) 01/21 04:14:25 Finished transferring output files
...
005 (3342591.000.000) 01/21 04:14:25 Job terminated.
	(1) Normal termination (return value 0)
		Usr 0 01:12:07, Sys 0 00:01:11  -  Run Remote Usage
		Usr 0 00:00:00, Sys 0 00:00:00  -  Run Local Usage
		Usr 0 01:12:07, Sys 0 00:01:11  -  Total Remote Usage
		Usr 0 00:00:00, Sys 0 00:00:00  -  Total Local Usage
	6019  -  Run Bytes Sent By Job
	11204  -  Run Bytes Received By Job
	6019  -  Total Bytes Sent By Job
	11204  -  Total Bytes Received By Job
	Partitionable Resources :    Usage  Request Allocated 
	   Cpus                 :     0.22        4         4 
	   Disk (KB)            :    40           1   1350076 
	   Memory (MB)          :  4474        8000      8000 

	Job terminated of its own accord at 2022-01-21T03:14:25Z.
...
