000 (3338420.019.000) 01/19 19:03:57 Job submitted from host: <188.185.70.244:9618?addrs=188.185.70.244-9618+[2001-1458-d00-7--100-2ee]-9618&alias=bigbird10.cern.ch&noUDP&sock=schedd_7001_aea1>
...
040 (3338420.019.000) 01/19 19:27:48 Started transferring input files
	Transferring to host: <128.142.57.73:9618?addrs=128.142.57.73-9618+[2001-1458-301-7--100-48]-9618&alias=b7s02p3789.cern.ch&noUDP&sock=slot1_4_3560_178a_38307>
...
040 (3338420.019.000) 01/19 19:27:48 Finished transferring input files
...
001 (3338420.019.000) 01/19 19:27:49 Job executing on host: <128.142.57.73:9618?addrs=128.142.57.73-9618+[2001-1458-301-7--100-48]-9618&alias=b7s02p3789.cern.ch&noUDP&sock=startd_2591_c9f9>
...
006 (3338420.019.000) 01/19 19:27:58 Image size of job updated: 1256224
	155  -  MemoryUsage of job (MB)
	157888  -  ResidentSetSize of job (KB)
...
006 (3338420.019.000) 01/19 19:32:59 Image size of job updated: 2289512
	726  -  MemoryUsage of job (MB)
	743008  -  ResidentSetSize of job (KB)
...
006 (3338420.019.000) 01/19 19:53:00 Image size of job updated: 2289512
	726  -  MemoryUsage of job (MB)
	743012  -  ResidentSetSize of job (KB)
...
006 (3338420.019.000) 01/19 20:03:01 Image size of job updated: 2949260
	1149  -  MemoryUsage of job (MB)
	1176052  -  ResidentSetSize of job (KB)
...
006 (3338420.019.000) 01/19 20:18:02 Image size of job updated: 3367872
	1505  -  MemoryUsage of job (MB)
	1540316  -  ResidentSetSize of job (KB)
...
006 (3338420.019.000) 01/19 20:43:06 Image size of job updated: 3367872
	1505  -  MemoryUsage of job (MB)
	1540324  -  ResidentSetSize of job (KB)
...
006 (3338420.019.000) 01/19 20:48:06 Image size of job updated: 3860384
	1939  -  MemoryUsage of job (MB)
	1984916  -  ResidentSetSize of job (KB)
...
006 (3338420.019.000) 01/19 21:08:08 Image size of job updated: 3860384
	1942  -  MemoryUsage of job (MB)
	1987940  -  ResidentSetSize of job (KB)
...
006 (3338420.019.000) 01/19 21:13:08 Image size of job updated: 4728264
	2394  -  MemoryUsage of job (MB)
	2451296  -  ResidentSetSize of job (KB)
...
006 (3338420.019.000) 01/19 21:28:09 Image size of job updated: 5309356
	2833  -  MemoryUsage of job (MB)
	2900616  -  ResidentSetSize of job (KB)
...
006 (3338420.019.000) 01/19 22:08:13 Image size of job updated: 5441868
	3263  -  MemoryUsage of job (MB)
	3340760  -  ResidentSetSize of job (KB)
...
006 (3338420.019.000) 01/19 22:18:15 Image size of job updated: 5441868
	3263  -  MemoryUsage of job (MB)
	3340764  -  ResidentSetSize of job (KB)
...
006 (3338420.019.000) 01/19 22:28:15 Image size of job updated: 6079864
	3865  -  MemoryUsage of job (MB)
	3957248  -  ResidentSetSize of job (KB)
...
006 (3338420.019.000) 01/19 22:38:17 Image size of job updated: 6079864
	3871  -  MemoryUsage of job (MB)
	3963812  -  ResidentSetSize of job (KB)
...
006 (3338420.019.000) 01/19 22:43:17 Image size of job updated: 6695596
	4364  -  MemoryUsage of job (MB)
	4467904  -  ResidentSetSize of job (KB)
...
040 (3338420.019.000) 01/19 22:52:53 Started transferring output files
...
040 (3338420.019.000) 01/19 22:52:53 Finished transferring output files
...
005 (3338420.019.000) 01/19 22:52:53 Job terminated.
	(1) Normal termination (return value 0)
		Usr 0 00:28:08, Sys 0 00:00:43  -  Run Remote Usage
		Usr 0 00:00:00, Sys 0 00:00:00  -  Run Local Usage
		Usr 0 00:28:08, Sys 0 00:00:43  -  Total Remote Usage
		Usr 0 00:00:00, Sys 0 00:00:00  -  Total Local Usage
	6022  -  Run Bytes Sent By Job
	11204  -  Run Bytes Received By Job
	6022  -  Total Bytes Sent By Job
	11204  -  Total Bytes Received By Job
	Partitionable Resources :    Usage  Request Allocated 
	   Cpus                 :     0.03        4         4 
	   Disk (KB)            :    40           1   1183739 
	   Memory (MB)          :  4364        8000      8000 

	Job terminated of its own accord at 2022-01-19T21:52:53Z.
...
