000 (3314622.023.000) 01/11 10:41:32 Job submitted from host: <188.185.70.244:9618?addrs=188.185.70.244-9618+[2001-1458-d00-7--100-2ee]-9618&alias=bigbird10.cern.ch&noUDP&sock=schedd_7001_aea1>
...
040 (3314622.023.000) 01/11 11:32:58 Started transferring input files
	Transferring to host: <128.142.57.137:9618?addrs=128.142.57.137-9618+[2001-1458-301-7--100-88]-9618&alias=b7s02p6080.cern.ch&noUDP&sock=slot1_8_3613_6f6c_28550>
...
040 (3314622.023.000) 01/11 11:32:58 Finished transferring input files
...
001 (3314622.023.000) 01/11 11:32:59 Job executing on host: <128.142.57.137:9618?addrs=128.142.57.137-9618+[2001-1458-301-7--100-88]-9618&alias=b7s02p6080.cern.ch&noUDP&sock=startd_2954_c6da>
...
006 (3314622.023.000) 01/11 11:33:07 Image size of job updated: 452248
	177  -  MemoryUsage of job (MB)
	180992  -  ResidentSetSize of job (KB)
...
006 (3314622.023.000) 01/11 11:38:07 Image size of job updated: 1892624
	426  -  MemoryUsage of job (MB)
	435368  -  ResidentSetSize of job (KB)
...
006 (3314622.023.000) 01/11 11:43:08 Image size of job updated: 2004708
	537  -  MemoryUsage of job (MB)
	549128  -  ResidentSetSize of job (KB)
...
006 (3314622.023.000) 01/11 11:53:09 Image size of job updated: 2172820
	701  -  MemoryUsage of job (MB)
	717792  -  ResidentSetSize of job (KB)
...
006 (3314622.023.000) 01/11 11:58:09 Image size of job updated: 2349856
	875  -  MemoryUsage of job (MB)
	895324  -  ResidentSetSize of job (KB)
...
006 (3314622.023.000) 01/11 12:08:10 Image size of job updated: 2650828
	1083  -  MemoryUsage of job (MB)
	1108520  -  ResidentSetSize of job (KB)
...
006 (3314622.023.000) 01/11 12:18:11 Image size of job updated: 2936788
	1301  -  MemoryUsage of job (MB)
	1331608  -  ResidentSetSize of job (KB)
...
006 (3314622.023.000) 01/11 12:33:12 Image size of job updated: 3277844
	1580  -  MemoryUsage of job (MB)
	1617684  -  ResidentSetSize of job (KB)
...
006 (3314622.023.000) 01/11 12:43:14 Image size of job updated: 3652624
	1879  -  MemoryUsage of job (MB)
	1923572  -  ResidentSetSize of job (KB)
...
006 (3314622.023.000) 01/11 12:53:14 Image size of job updated: 4019820
	2228  -  MemoryUsage of job (MB)
	2280824  -  ResidentSetSize of job (KB)
...
006 (3314622.023.000) 01/11 13:03:15 Image size of job updated: 4019820
	2230  -  MemoryUsage of job (MB)
	2282636  -  ResidentSetSize of job (KB)
...
006 (3314622.023.000) 01/11 13:08:15 Image size of job updated: 4422696
	2596  -  MemoryUsage of job (MB)
	2657384  -  ResidentSetSize of job (KB)
...
040 (3314622.023.000) 01/11 13:15:32 Started transferring output files
...
040 (3314622.023.000) 01/11 13:15:32 Finished transferring output files
...
005 (3314622.023.000) 01/11 13:15:32 Job terminated.
	(1) Normal termination (return value 0)
		Usr 0 00:09:47, Sys 0 00:00:23  -  Run Remote Usage
		Usr 0 00:00:00, Sys 0 00:00:00  -  Run Local Usage
		Usr 0 00:09:47, Sys 0 00:00:23  -  Total Remote Usage
		Usr 0 00:00:00, Sys 0 00:00:00  -  Total Local Usage
	147567  -  Run Bytes Sent By Job
	10522  -  Run Bytes Received By Job
	147567  -  Total Bytes Sent By Job
	10522  -  Total Bytes Received By Job
	Partitionable Resources :    Usage  Request Allocated 
	   Cpus                 :        0        4         4 
	   Disk (KB)            :      178        1   1358459 
	   Memory (MB)          :     2596     8000      8000 

	Job terminated of its own accord at 2022-01-11T12:15:32Z.
...
