000 (3277178.011.000) 12/25 12:35:48 Job submitted from host: <188.185.70.244:9618?addrs=188.185.70.244-9618+[2001-1458-d00-7--100-2ee]-9618&alias=bigbird10.cern.ch&noUDP&sock=schedd_2095_9300>
...
040 (3277178.011.000) 12/25 12:39:44 Started transferring input files
	Transferring to host: <128.142.61.104:9618?addrs=128.142.61.104-9618&alias=b7s06p4298.cern.ch&noUDP&sock=slot1_2_4776_dfbb_9436>
...
040 (3277178.011.000) 12/25 12:39:44 Finished transferring input files
...
001 (3277178.011.000) 12/25 12:39:45 Job executing on host: <128.142.61.104:9618?addrs=128.142.61.104-9618&alias=b7s06p4298.cern.ch&noUDP&sock=startd_4430_30a4>
...
006 (3277178.011.000) 12/25 12:39:54 Image size of job updated: 1256180
	155  -  MemoryUsage of job (MB)
	157800  -  ResidentSetSize of job (KB)
...
040 (3277178.011.000) 12/25 12:39:59 Started transferring output files
...
040 (3277178.011.000) 12/25 12:39:59 Finished transferring output files
...
005 (3277178.011.000) 12/25 12:39:59 Job terminated.
	(1) Normal termination (return value 0)
		Usr 0 00:00:03, Sys 0 00:00:02  -  Run Remote Usage
		Usr 0 00:00:00, Sys 0 00:00:00  -  Run Local Usage
		Usr 0 00:00:03, Sys 0 00:00:02  -  Total Remote Usage
		Usr 0 00:00:00, Sys 0 00:00:00  -  Total Local Usage
	7792  -  Run Bytes Sent By Job
	11209  -  Run Bytes Received By Job
	7792  -  Total Bytes Sent By Job
	11209  -  Total Bytes Received By Job
	Partitionable Resources :    Usage  Request Allocated 
	   Cpus                 :                 4         4 
	   Disk (KB)            :       32        1   1332317 
	   Memory (MB)          :      155     8000      8000 

	Job terminated of its own accord at 2021-12-25T11:39:59Z.
...
