000 (3338420.017.000) 01/19 19:03:57 Job submitted from host: <188.185.70.244:9618?addrs=188.185.70.244-9618+[2001-1458-d00-7--100-2ee]-9618&alias=bigbird10.cern.ch&noUDP&sock=schedd_7001_aea1>
...
040 (3338420.017.000) 01/19 19:06:50 Started transferring input files
	Transferring to host: <188.184.165.130:9618?addrs=188.184.165.130-9618+[2001-1458-301-51--100-7d]-9618&alias=b7s14p7623.cern.ch&noUDP&sock=slot1_18_3513_f9e8_10762>
...
040 (3338420.017.000) 01/19 19:06:50 Finished transferring input files
...
001 (3338420.017.000) 01/19 19:06:51 Job executing on host: <188.184.165.130:9618?addrs=188.184.165.130-9618+[2001-1458-301-51--100-7d]-9618&alias=b7s14p7623.cern.ch&noUDP&sock=startd_3160_135d>
...
006 (3338420.017.000) 01/19 19:06:59 Image size of job updated: 714696
	155  -  MemoryUsage of job (MB)
	157848  -  ResidentSetSize of job (KB)
...
006 (3338420.017.000) 01/19 19:11:59 Image size of job updated: 1737360
	277  -  MemoryUsage of job (MB)
	283168  -  ResidentSetSize of job (KB)
...
006 (3338420.017.000) 01/19 19:17:00 Image size of job updated: 1737716
	277  -  MemoryUsage of job (MB)
	283204  -  ResidentSetSize of job (KB)
...
006 (3338420.017.000) 01/19 19:22:00 Image size of job updated: 1737716
	277  -  MemoryUsage of job (MB)
	283236  -  ResidentSetSize of job (KB)
...
006 (3338420.017.000) 01/19 19:32:01 Image size of job updated: 2513448
	740  -  MemoryUsage of job (MB)
	757428  -  ResidentSetSize of job (KB)
...
006 (3338420.017.000) 01/19 20:02:04 Image size of job updated: 2513448
	740  -  MemoryUsage of job (MB)
	757432  -  ResidentSetSize of job (KB)
...
006 (3338420.017.000) 01/19 20:12:06 Image size of job updated: 2747560
	1246  -  MemoryUsage of job (MB)
	1275692  -  ResidentSetSize of job (KB)
...
006 (3338420.017.000) 01/19 20:17:06 Image size of job updated: 2952716
	1246  -  MemoryUsage of job (MB)
	1275692  -  ResidentSetSize of job (KB)
...
006 (3338420.017.000) 01/19 20:42:08 Image size of job updated: 3371664
	1510  -  MemoryUsage of job (MB)
	1545272  -  ResidentSetSize of job (KB)
...
006 (3338420.017.000) 01/19 20:47:09 Image size of job updated: 3371664
	1510  -  MemoryUsage of job (MB)
	1545284  -  ResidentSetSize of job (KB)
...
006 (3338420.017.000) 01/19 21:07:11 Image size of job updated: 3866456
	1940  -  MemoryUsage of job (MB)
	1985860  -  ResidentSetSize of job (KB)
...
006 (3338420.017.000) 01/19 21:12:11 Image size of job updated: 3866456
	1940  -  MemoryUsage of job (MB)
	1985864  -  ResidentSetSize of job (KB)
...
006 (3338420.017.000) 01/19 21:27:13 Image size of job updated: 4361068
	2399  -  MemoryUsage of job (MB)
	2456448  -  ResidentSetSize of job (KB)
...
006 (3338420.017.000) 01/19 21:57:17 Image size of job updated: 4361068
	2399  -  MemoryUsage of job (MB)
	2456512  -  ResidentSetSize of job (KB)
...
006 (3338420.017.000) 01/19 22:02:17 Image size of job updated: 4924768
	2850  -  MemoryUsage of job (MB)
	2918216  -  ResidentSetSize of job (KB)
...
006 (3338420.017.000) 01/19 22:32:20 Image size of job updated: 4924768
	3372  -  MemoryUsage of job (MB)
	3451920  -  ResidentSetSize of job (KB)
...
006 (3338420.017.000) 01/19 22:37:20 Image size of job updated: 5971128
	3372  -  MemoryUsage of job (MB)
	3452536  -  ResidentSetSize of job (KB)
...
006 (3338420.017.000) 01/19 22:57:21 Image size of job updated: 6125572
	3877  -  MemoryUsage of job (MB)
	3969592  -  ResidentSetSize of job (KB)
...
006 (3338420.017.000) 01/19 23:22:24 Image size of job updated: 6760780
	5156  -  MemoryUsage of job (MB)
	5279352  -  ResidentSetSize of job (KB)
...
040 (3338420.017.000) 01/20 01:47:34 Started transferring output files
...
040 (3338420.017.000) 01/20 01:47:34 Finished transferring output files
...
005 (3338420.017.000) 01/20 01:47:34 Job terminated.
	(1) Normal termination (return value 0)
		Usr 0 00:36:47, Sys 0 00:00:53  -  Run Remote Usage
		Usr 0 00:00:00, Sys 0 00:00:00  -  Run Local Usage
		Usr 0 00:36:47, Sys 0 00:00:53  -  Total Remote Usage
		Usr 0 00:00:00, Sys 0 00:00:00  -  Total Local Usage
	6019  -  Run Bytes Sent By Job
	11204  -  Run Bytes Received By Job
	6019  -  Total Bytes Sent By Job
	11204  -  Total Bytes Received By Job
	Partitionable Resources :    Usage  Request Allocated 
	   Cpus                 :     0.00        4         4 
	   Disk (KB)            :    40           1   2479509 
	   Memory (MB)          :  5156        8000      8000 

	Job terminated of its own accord at 2022-01-20T00:47:34Z.
...
