000 (3277178.008.000) 12/25 12:35:48 Job submitted from host: <188.185.70.244:9618?addrs=188.185.70.244-9618+[2001-1458-d00-7--100-2ee]-9618&alias=bigbird10.cern.ch&noUDP&sock=schedd_2095_9300>
...
040 (3277178.008.000) 12/25 12:39:43 Started transferring input files
	Transferring to host: <128.142.63.63:9618?addrs=128.142.63.63-9618&alias=b7s08p3733.cern.ch&noUDP&sock=slot1_8_4785_371c_9710>
...
040 (3277178.008.000) 12/25 12:39:43 Finished transferring input files
...
001 (3277178.008.000) 12/25 12:39:44 Job executing on host: <128.142.63.63:9618?addrs=128.142.63.63-9618&alias=b7s08p3733.cern.ch&noUDP&sock=startd_4431_e03c>
...
006 (3277178.008.000) 12/25 12:39:53 Image size of job updated: 320076
	155  -  MemoryUsage of job (MB)
	157764  -  ResidentSetSize of job (KB)
...
006 (3277178.008.000) 12/25 12:40:35 Image size of job updated: 1256176
	155  -  MemoryUsage of job (MB)
	157764  -  ResidentSetSize of job (KB)
...
040 (3277178.008.000) 12/25 12:40:35 Started transferring output files
...
040 (3277178.008.000) 12/25 12:40:35 Finished transferring output files
...
005 (3277178.008.000) 12/25 12:40:35 Job terminated.
	(1) Normal termination (return value 0)
		Usr 0 00:00:03, Sys 0 00:00:02  -  Run Remote Usage
		Usr 0 00:00:00, Sys 0 00:00:00  -  Run Local Usage
		Usr 0 00:00:03, Sys 0 00:00:02  -  Total Remote Usage
		Usr 0 00:00:00, Sys 0 00:00:00  -  Total Local Usage
	1706  -  Run Bytes Sent By Job
	11209  -  Run Bytes Received By Job
	1706  -  Total Bytes Sent By Job
	11209  -  Total Bytes Received By Job
	Partitionable Resources :    Usage  Request Allocated 
	   Cpus                 :                 4         4 
	   Disk (KB)            :       29        1   1251116 
	   Memory (MB)          :      155     8000      8000 

	Job terminated of its own accord at 2021-12-25T11:40:35Z.
...
