000 (3314884.002.000) 01/12 10:53:24 Job submitted from host: <188.185.70.244:9618?addrs=188.185.70.244-9618+[2001-1458-d00-7--100-2ee]-9618&alias=bigbird10.cern.ch&noUDP&sock=schedd_7001_aea1>
...
040 (3314884.002.000) 01/12 10:54:26 Started transferring input files
	Transferring to host: <188.184.163.170:9618?addrs=188.184.163.170-9618+[2001-1458-301-4d--100-a4]-9618&alias=b7s12p9103.cern.ch&noUDP&sock=slot1_1_3582_97cb_25301>
...
040 (3314884.002.000) 01/12 10:54:26 Finished transferring input files
...
001 (3314884.002.000) 01/12 10:54:27 Job executing on host: <188.184.163.170:9618?addrs=188.184.163.170-9618+[2001-1458-301-4d--100-a4]-9618&alias=b7s12p9103.cern.ch&noUDP&sock=startd_2966_01fd>
...
006 (3314884.002.000) 01/12 10:54:35 Image size of job updated: 1252544
	181  -  MemoryUsage of job (MB)
	184960  -  ResidentSetSize of job (KB)
...
006 (3314884.002.000) 01/12 10:54:37 Image size of job updated: 1651888
	181  -  MemoryUsage of job (MB)
	185052  -  ResidentSetSize of job (KB)
...
040 (3314884.002.000) 01/12 10:54:37 Started transferring output files
...
040 (3314884.002.000) 01/12 10:54:37 Finished transferring output files
...
005 (3314884.002.000) 01/12 10:54:37 Job terminated.
	(1) Normal termination (return value 1)
		Usr 0 00:00:05, Sys 0 00:00:02  -  Run Remote Usage
		Usr 0 00:00:00, Sys 0 00:00:00  -  Run Local Usage
		Usr 0 00:00:05, Sys 0 00:00:02  -  Total Remote Usage
		Usr 0 00:00:00, Sys 0 00:00:00  -  Total Local Usage
	5198  -  Run Bytes Sent By Job
	10530  -  Run Bytes Received By Job
	5198  -  Total Bytes Sent By Job
	10530  -  Total Bytes Received By Job
	Partitionable Resources :    Usage  Request Allocated 
	   Cpus                 :                 4         4 
	   Disk (KB)            :       32        1   3041293 
	   Memory (MB)          :      181     8000      8000 

	Job terminated of its own accord at 2022-01-12T09:54:37Z.
...
