Running with following options: 
 channel = tauTau 
 machine = lxplus 
 prodMode = GluGlu 
 sample = Radion 
 year = 2016 
 nTriggers = -1 
 iter = baseline 
 nEvts = -1 
 mass_points = [500] 
 best_path_baseline =  
 verbose = 0 
 reco = True 
 
evaluating for mass 500
['root://xrootd-cms.infn.it///store/mc/RunIISummer16NanoAODv7/GluGluToRadionToHHTo2B2Tau_M-500_narrow_13TeV-madgraph/NANOAODSIM/PUMoriond17_Nano02Apr2020_102X_mcRun2_asymptotic_v8-v1/110000/6150C5B5-6B71-C54F-886E-57698DBF2E61.root']
filtering for channel tauTau
filtered for channel tauTau
before any filling, baseline path are [] 

['HLT_Ele32_WPTight_Gsf', 'HLT_Ele35_WPTight_Gsf', 'HLT_Ele24_eta2p1_WPTight_Gsf_LooseChargedIsoPFTauHPS30_eta2p1_CrossL1']
current baseline path are ['HLT_DoubleMediumIsoPFTau35_Trk1_eta2p1_Reg', 'HLT_DoubleMediumCombinedIsoPFTau35_Trk1_eta2p1_Reg'] 

nTriggers=2, best_paths_baseline=['HLT_DoubleMediumIsoPFTau35_Trk1_eta2p1_Reg', 'HLT_DoubleMediumCombinedIsoPFTau35_Trk1_eta2p1_Reg'], best_paths=['HLT_DoubleMediumIsoPFTau35_Trk1_eta2p1_Reg', 'HLT_DoubleMediumCombinedIsoPFTau35_Trk1_eta2p1_Reg'] 

current paths = [('HLT_DoubleMediumIsoPFTau35_Trk1_eta2p1_Reg', 0.7598025774609268), ('HLT_DoubleMediumCombinedIsoPFTau35_Trk1_eta2p1_Reg', 0.24019742253907322)] 
column not found HLT_DoubleMediumIsoPFTau35_Trk1_eta2p1_Reg
 HLT_DoubleMediumIsoPFTau35_Trk1_eta2p1_Reg == 1  ||  HLT_DoubleMediumCombinedIsoPFTau35_Trk1_eta2p1_Reg == 1 
[(' HLT_DoubleMediumIsoPFTau35_Trk1_eta2p1_Reg == 1  ||  HLT_DoubleMediumCombinedIsoPFTau35_Trk1_eta2p1_Reg == 1 ', 0.10709630006191342, 0.003484402547238488)]
nPaths = 2 
best_paths_dict 
 {'M-500': {'best_paths': [' HLT_DoubleMediumIsoPFTau35_Trk1_eta2p1_Reg == 1  ||  HLT_DoubleMediumCombinedIsoPFTau35_Trk1_eta2p1_Reg == 1 '], 'best_eff': [0.10709630006191342], 'best_eff_err': [0.003484402547238488]}}
dict name = /afs/cern.ch/work/v/vdamante/public//analysis/output/GluGlu_Radion_tauTau_2016//With_baseline//GluGlu_Radion_tauTau_allEvts_500Masses.json
