000 (3316954.004.000) 01/13 10:24:13 Job submitted from host: <188.185.70.244:9618?addrs=188.185.70.244-9618+[2001-1458-d00-7--100-2ee]-9618&alias=bigbird10.cern.ch&noUDP&sock=schedd_7001_aea1>
...
040 (3316954.004.000) 01/13 11:15:38 Started transferring input files
	Transferring to host: <128.142.193.147:9618?addrs=128.142.193.147-9618+[2001-1458-301-8--100-f]-9618&alias=b7g21p3410.cern.ch&noUDP&sock=slot1_1_3775_9433_24505>
...
040 (3316954.004.000) 01/13 11:15:38 Finished transferring input files
...
001 (3316954.004.000) 01/13 11:15:39 Job executing on host: <128.142.193.147:9618?addrs=128.142.193.147-9618+[2001-1458-301-8--100-f]-9618&alias=b7g21p3410.cern.ch&noUDP&sock=startd_3118_4462>
...
006 (3316954.004.000) 01/13 11:15:48 Image size of job updated: 559916
	140  -  MemoryUsage of job (MB)
	142620  -  ResidentSetSize of job (KB)
...
006 (3316954.004.000) 01/13 11:20:49 Image size of job updated: 1736580
	275  -  MemoryUsage of job (MB)
	281068  -  ResidentSetSize of job (KB)
...
006 (3316954.004.000) 01/13 11:25:49 Image size of job updated: 1933696
	446  -  MemoryUsage of job (MB)
	455844  -  ResidentSetSize of job (KB)
...
006 (3316954.004.000) 01/13 11:55:52 Image size of job updated: 1933696
	446  -  MemoryUsage of job (MB)
	456308  -  ResidentSetSize of job (KB)
...
006 (3316954.004.000) 01/13 12:05:53 Image size of job updated: 2141528
	664  -  MemoryUsage of job (MB)
	679776  -  ResidentSetSize of job (KB)
...
006 (3316954.004.000) 01/13 12:30:56 Image size of job updated: 2141528
	664  -  MemoryUsage of job (MB)
	679780  -  ResidentSetSize of job (KB)
...
006 (3316954.004.000) 01/13 12:40:57 Image size of job updated: 2364680
	784  -  MemoryUsage of job (MB)
	801916  -  ResidentSetSize of job (KB)
...
006 (3316954.004.000) 01/13 13:01:00 Image size of job updated: 2364680
	784  -  MemoryUsage of job (MB)
	801924  -  ResidentSetSize of job (KB)
...
006 (3316954.004.000) 01/13 13:11:00 Image size of job updated: 2609232
	979  -  MemoryUsage of job (MB)
	1001924  -  ResidentSetSize of job (KB)
...
006 (3316954.004.000) 01/13 13:31:02 Image size of job updated: 2609232
	979  -  MemoryUsage of job (MB)
	1001928  -  ResidentSetSize of job (KB)
...
006 (3316954.004.000) 01/13 13:46:04 Image size of job updated: 2858264
	1184  -  MemoryUsage of job (MB)
	1212368  -  ResidentSetSize of job (KB)
...
006 (3316954.004.000) 01/13 14:16:06 Image size of job updated: 2858264
	1185  -  MemoryUsage of job (MB)
	1213000  -  ResidentSetSize of job (KB)
...
006 (3316954.004.000) 01/13 14:21:07 Image size of job updated: 3152224
	1447  -  MemoryUsage of job (MB)
	1481432  -  ResidentSetSize of job (KB)
...
006 (3316954.004.000) 01/13 14:56:11 Image size of job updated: 3702248
	1723  -  MemoryUsage of job (MB)
	1764076  -  ResidentSetSize of job (KB)
...
006 (3316954.004.000) 01/13 15:36:15 Image size of job updated: 3823344
	2005  -  MemoryUsage of job (MB)
	2052460  -  ResidentSetSize of job (KB)
...
006 (3316954.004.000) 01/13 17:06:26 Image size of job updated: 4586884
	2716  -  MemoryUsage of job (MB)
	2780652  -  ResidentSetSize of job (KB)
...
040 (3316954.004.000) 01/13 18:05:39 Started transferring output files
...
040 (3316954.004.000) 01/13 18:05:39 Finished transferring output files
...
005 (3316954.004.000) 01/13 18:05:40 Job terminated.
	(1) Normal termination (return value 0)
		Usr 0 00:40:10, Sys 0 00:01:21  -  Run Remote Usage
		Usr 0 00:00:00, Sys 0 00:00:00  -  Run Local Usage
		Usr 0 00:40:10, Sys 0 00:01:21  -  Total Remote Usage
		Usr 0 00:00:00, Sys 0 00:00:00  -  Total Local Usage
	182273  -  Run Bytes Sent By Job
	10531  -  Run Bytes Received By Job
	182273  -  Total Bytes Sent By Job
	10531  -  Total Bytes Received By Job
	Partitionable Resources :    Usage  Request Allocated 
	   Cpus                 :     0.19        4         4 
	   Disk (KB)            :   212           1   1362006 
	   Memory (MB)          :  2716        8000      8000 

	Job terminated of its own accord at 2022-01-13T17:05:39Z.
...
