000 (3321557.005.000) 01/17 16:54:47 Job submitted from host: <188.185.70.244:9618?addrs=188.185.70.244-9618+[2001-1458-d00-7--100-2ee]-9618&alias=bigbird10.cern.ch&noUDP&sock=schedd_7001_aea1>
...
040 (3321557.005.000) 01/17 16:57:23 Started transferring input files
	Transferring to host: <128.142.56.156:9618?addrs=128.142.56.156-9618&alias=b7s01p3504.cern.ch&noUDP&sock=slot1_30_5567_347b_36059>
...
040 (3321557.005.000) 01/17 16:57:23 Finished transferring input files
...
001 (3321557.005.000) 01/17 16:57:24 Job executing on host: <128.142.56.156:9618?addrs=128.142.56.156-9618&alias=b7s01p3504.cern.ch&noUDP&sock=startd_5217_01ac>
...
006 (3321557.005.000) 01/17 16:57:33 Image size of job updated: 1256220
	155  -  MemoryUsage of job (MB)
	157864  -  ResidentSetSize of job (KB)
...
006 (3321557.005.000) 01/17 17:02:34 Image size of job updated: 3521540
	1694  -  MemoryUsage of job (MB)
	1734272  -  ResidentSetSize of job (KB)
...
006 (3321557.005.000) 01/17 17:03:53 Image size of job updated: 3734388
	1694  -  MemoryUsage of job (MB)
	1734272  -  ResidentSetSize of job (KB)
...
040 (3321557.005.000) 01/17 17:03:54 Started transferring output files
...
040 (3321557.005.000) 01/17 17:03:54 Finished transferring output files
...
005 (3321557.005.000) 01/17 17:03:54 Job terminated.
	(1) Normal termination (return value 0)
		Usr 0 00:05:42, Sys 0 00:00:10  -  Run Remote Usage
		Usr 0 00:00:00, Sys 0 00:00:00  -  Run Local Usage
		Usr 0 00:05:42, Sys 0 00:00:10  -  Total Remote Usage
		Usr 0 00:00:00, Sys 0 00:00:00  -  Total Local Usage
	30120  -  Run Bytes Sent By Job
	10523  -  Run Bytes Received By Job
	30120  -  Total Bytes Sent By Job
	10523  -  Total Bytes Received By Job
	Partitionable Resources :    Usage  Request Allocated 
	   Cpus                 :                 4         4 
	   Disk (KB)            :       53        1   1266438 
	   Memory (MB)          :     1694     8000      8000 

	Job terminated of its own accord at 2022-01-17T16:03:53Z.
...
