000 (3315588.008.000) 01/12 17:29:04 Job submitted from host: <188.185.70.244:9618?addrs=188.185.70.244-9618+[2001-1458-d00-7--100-2ee]-9618&alias=bigbird10.cern.ch&noUDP&sock=schedd_7001_aea1>
...
040 (3315588.008.000) 01/12 22:21:22 Started transferring input files
	Transferring to host: <128.142.248.30:9618?addrs=128.142.248.30-9618+[2001-1458-301-73--100-10e]-9618&alias=b7g23p6070.cern.ch&noUDP&sock=slot1_6_3935_5039_20517>
...
040 (3315588.008.000) 01/12 22:21:22 Finished transferring input files
...
001 (3315588.008.000) 01/12 22:21:23 Job executing on host: <128.142.248.30:9618?addrs=128.142.248.30-9618+[2001-1458-301-73--100-10e]-9618&alias=b7g23p6070.cern.ch&noUDP&sock=startd_3275_f4c1>
...
006 (3315588.008.000) 01/12 22:21:31 Image size of job updated: 1676
	1  -  MemoryUsage of job (MB)
	500  -  ResidentSetSize of job (KB)
...
006 (3315588.008.000) 01/12 22:25:38 Image size of job updated: 1747408
	1  -  MemoryUsage of job (MB)
	500  -  ResidentSetSize of job (KB)
...
040 (3315588.008.000) 01/12 22:25:38 Started transferring output files
...
040 (3315588.008.000) 01/12 22:25:38 Finished transferring output files
...
005 (3315588.008.000) 01/12 22:25:38 Job terminated.
	(1) Normal termination (return value 0)
		Usr 0 00:00:39, Sys 0 00:00:03  -  Run Remote Usage
		Usr 0 00:00:00, Sys 0 00:00:00  -  Run Local Usage
		Usr 0 00:00:39, Sys 0 00:00:03  -  Total Remote Usage
		Usr 0 00:00:00, Sys 0 00:00:00  -  Total Local Usage
	2707  -  Run Bytes Sent By Job
	10526  -  Run Bytes Received By Job
	2707  -  Total Bytes Sent By Job
	10526  -  Total Bytes Received By Job
	Partitionable Resources :    Usage  Request Allocated 
	   Cpus                 :     0.15        4         4 
	   Disk (KB)            :    37           1   2696762 
	   Memory (MB)          :     1        8000      8000 

	Job terminated of its own accord at 2022-01-12T21:25:38Z.
...
