000 (3338425.004.000) 01/19 19:04:05 Job submitted from host: <188.185.70.244:9618?addrs=188.185.70.244-9618+[2001-1458-d00-7--100-2ee]-9618&alias=bigbird10.cern.ch&noUDP&sock=schedd_7001_aea1>
...
040 (3338425.004.000) 01/19 21:32:32 Started transferring input files
	Transferring to host: <128.142.56.25:9618?addrs=128.142.56.25-9618&alias=b7s01p7603.cern.ch&noUDP&sock=slot1_15_3190_64bb_34590>
...
040 (3338425.004.000) 01/19 21:32:32 Finished transferring input files
...
001 (3338425.004.000) 01/19 21:32:33 Job executing on host: <128.142.56.25:9618?addrs=128.142.56.25-9618&alias=b7s01p7603.cern.ch&noUDP&sock=startd_2576_800e>
...
006 (3338425.004.000) 01/19 21:32:42 Image size of job updated: 320172
	155  -  MemoryUsage of job (MB)
	157884  -  ResidentSetSize of job (KB)
...
006 (3338425.004.000) 01/19 21:37:43 Image size of job updated: 1728300
	267  -  MemoryUsage of job (MB)
	273268  -  ResidentSetSize of job (KB)
...
006 (3338425.004.000) 01/19 21:47:43 Image size of job updated: 1728300
	267  -  MemoryUsage of job (MB)
	273284  -  ResidentSetSize of job (KB)
...
006 (3338425.004.000) 01/19 21:57:45 Image size of job updated: 2017352
	549  -  MemoryUsage of job (MB)
	562160  -  ResidentSetSize of job (KB)
...
006 (3338425.004.000) 01/19 22:47:50 Image size of job updated: 2017352
	549  -  MemoryUsage of job (MB)
	562168  -  ResidentSetSize of job (KB)
...
006 (3338425.004.000) 01/19 23:02:52 Image size of job updated: 2427328
	813  -  MemoryUsage of job (MB)
	832328  -  ResidentSetSize of job (KB)
...
006 (3338425.004.000) 01/20 00:23:00 Image size of job updated: 2542420
	1061  -  MemoryUsage of job (MB)
	1086392  -  ResidentSetSize of job (KB)
...
006 (3338425.004.000) 01/20 03:18:18 Image size of job updated: 3065440
	1334  -  MemoryUsage of job (MB)
	1365104  -  ResidentSetSize of job (KB)
...
006 (3338425.004.000) 01/20 05:18:30 Image size of job updated: 3420552
	1606  -  MemoryUsage of job (MB)
	1644208  -  ResidentSetSize of job (KB)
...
040 (3338425.004.000) 01/20 05:32:59 Started transferring output files
...
040 (3338425.004.000) 01/20 05:32:59 Finished transferring output files
...
009 (3338425.004.000) 01/20 05:32:59 Job was aborted.
	Job removed by SYSTEM_PERIODIC_REMOVE due to wall time exceeded allowed max.
...
