000 (3314889.001.000) 01/12 10:56:57 Job submitted from host: <188.185.70.244:9618?addrs=188.185.70.244-9618+[2001-1458-d00-7--100-2ee]-9618&alias=bigbird10.cern.ch&noUDP&sock=schedd_7001_aea1>
...
040 (3314889.001.000) 01/12 10:58:11 Started transferring input files
	Transferring to host: <188.184.162.53:9618?addrs=188.184.162.53-9618+[2001-1458-301-4a--100-2f]-9618&alias=b7s11p1335.cern.ch&noUDP&sock=slot1_2_3957_d07a_25008>
...
040 (3314889.001.000) 01/12 10:58:11 Finished transferring input files
...
001 (3314889.001.000) 01/12 10:58:12 Job executing on host: <188.184.162.53:9618?addrs=188.184.162.53-9618+[2001-1458-301-4a--100-2f]-9618&alias=b7s11p1335.cern.ch&noUDP&sock=startd_3130_7f85>
...
006 (3314889.001.000) 01/12 10:58:21 Image size of job updated: 1256200
	219  -  MemoryUsage of job (MB)
	223396  -  ResidentSetSize of job (KB)
...
006 (3314889.001.000) 01/12 11:03:23 Image size of job updated: 1928076
	461  -  MemoryUsage of job (MB)
	471288  -  ResidentSetSize of job (KB)
...
006 (3314889.001.000) 01/12 11:08:23 Image size of job updated: 2336980
	812  -  MemoryUsage of job (MB)
	831420  -  ResidentSetSize of job (KB)
...
006 (3314889.001.000) 01/12 11:13:23 Image size of job updated: 2570352
	963  -  MemoryUsage of job (MB)
	985684  -  ResidentSetSize of job (KB)
...
006 (3314889.001.000) 01/12 11:18:23 Image size of job updated: 2812292
	963  -  MemoryUsage of job (MB)
	985684  -  ResidentSetSize of job (KB)
...
040 (3314889.001.000) 01/12 11:18:23 Started transferring output files
...
040 (3314889.001.000) 01/12 11:18:23 Finished transferring output files
...
004 (3314889.001.000) 01/12 11:18:23 Job was evicted.
	(0) CPU times
		Usr 0 00:03:33, Sys 0 00:00:09  -  Run Remote Usage
		Usr 0 00:00:00, Sys 0 00:00:00  -  Run Local Usage
	65747  -  Run Bytes Sent By Job
	10532  -  Run Bytes Received By Job
	Partitionable Resources :    Usage  Request Allocated 
	   Cpus                 :     0.07        4         4 
	   Disk (KB)            :    99           1   2943793 
	   Memory (MB)          :   963        8000      8000 
...
009 (3314889.001.000) 01/12 11:18:23 Job was aborted.
	via condor_rm (by user vdamante)
...
