000 (3314664.003.000) 01/11 17:12:56 Job submitted from host: <188.185.70.244:9618?addrs=188.185.70.244-9618+[2001-1458-d00-7--100-2ee]-9618&alias=bigbird10.cern.ch&noUDP&sock=schedd_7001_aea1>
...
040 (3314664.003.000) 01/11 20:19:19 Started transferring input files
	Transferring to host: <128.142.58.119:9618?addrs=128.142.58.119-9618+[2001-1458-301-16--100-76]-9618&alias=b7s03p7768.cern.ch&noUDP&sock=slot1_4_3219_d39c_29312>
...
040 (3314664.003.000) 01/11 20:19:19 Finished transferring input files
...
001 (3314664.003.000) 01/11 20:19:20 Job executing on host: <128.142.58.119:9618?addrs=128.142.58.119-9618+[2001-1458-301-16--100-76]-9618&alias=b7s03p7768.cern.ch&noUDP&sock=startd_2825_4b22>
...
006 (3314664.003.000) 01/11 20:19:29 Image size of job updated: 320124
	155  -  MemoryUsage of job (MB)
	157832  -  ResidentSetSize of job (KB)
...
006 (3314664.003.000) 01/11 20:24:30 Image size of job updated: 1910316
	443  -  MemoryUsage of job (MB)
	453452  -  ResidentSetSize of job (KB)
...
006 (3314664.003.000) 01/11 20:59:33 Image size of job updated: 2026724
	558  -  MemoryUsage of job (MB)
	571148  -  ResidentSetSize of job (KB)
...
006 (3314664.003.000) 01/11 21:34:37 Image size of job updated: 2198700
	727  -  MemoryUsage of job (MB)
	743712  -  ResidentSetSize of job (KB)
...
006 (3314664.003.000) 01/11 22:09:40 Image size of job updated: 2357172
	883  -  MemoryUsage of job (MB)
	903512  -  ResidentSetSize of job (KB)
...
006 (3314664.003.000) 01/11 22:44:43 Image size of job updated: 2572916
	1094  -  MemoryUsage of job (MB)
	1119804  -  ResidentSetSize of job (KB)
...
006 (3314664.003.000) 01/11 23:19:46 Image size of job updated: 2572916
	1095  -  MemoryUsage of job (MB)
	1120688  -  ResidentSetSize of job (KB)
...
006 (3314664.003.000) 01/11 23:24:47 Image size of job updated: 2728980
	1238  -  MemoryUsage of job (MB)
	1267356  -  ResidentSetSize of job (KB)
...
006 (3314664.003.000) 01/11 23:59:50 Image size of job updated: 3220292
	1514  -  MemoryUsage of job (MB)
	1550060  -  ResidentSetSize of job (KB)
...
006 (3314664.003.000) 01/12 00:34:54 Image size of job updated: 3382720
	1816  -  MemoryUsage of job (MB)
	1858620  -  ResidentSetSize of job (KB)
...
006 (3314664.003.000) 01/12 01:09:57 Image size of job updated: 3382720
	1818  -  MemoryUsage of job (MB)
	1861496  -  ResidentSetSize of job (KB)
...
006 (3314664.003.000) 01/12 01:14:57 Image size of job updated: 3654892
	2123  -  MemoryUsage of job (MB)
	2173056  -  ResidentSetSize of job (KB)
...
006 (3314664.003.000) 01/12 01:50:01 Image size of job updated: 4293820
	2399  -  MemoryUsage of job (MB)
	2455708  -  ResidentSetSize of job (KB)
...
040 (3314664.003.000) 01/12 02:23:57 Started transferring output files
...
040 (3314664.003.000) 01/12 02:23:57 Finished transferring output files
...
005 (3314664.003.000) 01/12 02:23:57 Job terminated.
	(1) Normal termination (return value 0)
		Usr 0 00:07:53, Sys 0 00:00:13  -  Run Remote Usage
		Usr 0 00:00:00, Sys 0 00:00:00  -  Run Local Usage
		Usr 0 00:07:53, Sys 0 00:00:13  -  Total Remote Usage
		Usr 0 00:00:00, Sys 0 00:00:00  -  Total Local Usage
	184031  -  Run Bytes Sent By Job
	10524  -  Run Bytes Received By Job
	184031  -  Total Bytes Sent By Job
	10524  -  Total Bytes Received By Job
	Partitionable Resources :    Usage  Request Allocated 
	   Cpus                 :     0.00        4         4 
	   Disk (KB)            :   214           1   1340166 
	   Memory (MB)          :  2399        8000      8000 

	Job terminated of its own accord at 2022-01-12T01:23:57Z.
...
