000 (3315588.010.000) 01/12 17:29:04 Job submitted from host: <188.185.70.244:9618?addrs=188.185.70.244-9618+[2001-1458-d00-7--100-2ee]-9618&alias=bigbird10.cern.ch&noUDP&sock=schedd_7001_aea1>
...
040 (3315588.010.000) 01/12 22:21:52 Started transferring input files
	Transferring to host: <128.142.61.18:9618?addrs=128.142.61.18-9618+[2001-1458-301-23--100-11]-9618&alias=b7s06p9853.cern.ch&noUDP&sock=slot1_41_3632_d28d_23125>
...
040 (3315588.010.000) 01/12 22:21:52 Finished transferring input files
...
001 (3315588.010.000) 01/12 22:21:53 Job executing on host: <128.142.61.18:9618?addrs=128.142.61.18-9618+[2001-1458-301-23--100-11]-9618&alias=b7s06p9853.cern.ch&noUDP&sock=startd_3584_e784>
...
006 (3315588.010.000) 01/12 22:22:01 Image size of job updated: 273804
	188  -  MemoryUsage of job (MB)
	192484  -  ResidentSetSize of job (KB)
...
006 (3315588.010.000) 01/12 22:23:14 Image size of job updated: 1732040
	188  -  MemoryUsage of job (MB)
	192484  -  ResidentSetSize of job (KB)
...
040 (3315588.010.000) 01/12 22:23:14 Started transferring output files
...
040 (3315588.010.000) 01/12 22:23:14 Finished transferring output files
...
005 (3315588.010.000) 01/12 22:23:14 Job terminated.
	(1) Normal termination (return value 0)
		Usr 0 00:00:12, Sys 0 00:00:02  -  Run Remote Usage
		Usr 0 00:00:00, Sys 0 00:00:00  -  Run Local Usage
		Usr 0 00:00:12, Sys 0 00:00:02  -  Total Remote Usage
		Usr 0 00:00:00, Sys 0 00:00:00  -  Total Local Usage
	2466  -  Run Bytes Sent By Job
	10526  -  Run Bytes Received By Job
	2466  -  Total Bytes Sent By Job
	10526  -  Total Bytes Received By Job
	Partitionable Resources :    Usage  Request Allocated 
	   Cpus                 :                 4         4 
	   Disk (KB)            :       30        1    540465 
	   Memory (MB)          :      188     8000      8000 

	Job terminated of its own accord at 2022-01-12T21:23:14Z.
...
