000 (3314664.010.000) 01/11 17:12:56 Job submitted from host: <188.185.70.244:9618?addrs=188.185.70.244-9618+[2001-1458-d00-7--100-2ee]-9618&alias=bigbird10.cern.ch&noUDP&sock=schedd_7001_aea1>
...
040 (3314664.010.000) 01/11 20:19:22 Started transferring input files
	Transferring to host: <128.142.58.122:9618?addrs=128.142.58.122-9618+[2001-1458-301-16--100-79]-9618&alias=b7s03p5500.cern.ch&noUDP&sock=slot1_1_3234_653d_27637>
...
040 (3314664.010.000) 01/11 20:19:22 Finished transferring input files
...
001 (3314664.010.000) 01/11 20:19:23 Job executing on host: <128.142.58.122:9618?addrs=128.142.58.122-9618+[2001-1458-301-16--100-79]-9618&alias=b7s03p5500.cern.ch&noUDP&sock=startd_2782_cc90>
...
006 (3314664.010.000) 01/11 20:19:32 Image size of job updated: 1256188
	155  -  MemoryUsage of job (MB)
	157820  -  ResidentSetSize of job (KB)
...
006 (3314664.010.000) 01/11 20:24:33 Image size of job updated: 1898664
	432  -  MemoryUsage of job (MB)
	441492  -  ResidentSetSize of job (KB)
...
006 (3314664.010.000) 01/11 20:29:33 Image size of job updated: 2017140
	549  -  MemoryUsage of job (MB)
	561372  -  ResidentSetSize of job (KB)
...
006 (3314664.010.000) 01/11 20:44:35 Image size of job updated: 2158676
	688  -  MemoryUsage of job (MB)
	704448  -  ResidentSetSize of job (KB)
...
006 (3314664.010.000) 01/11 20:54:36 Image size of job updated: 2326944
	808  -  MemoryUsage of job (MB)
	826416  -  ResidentSetSize of job (KB)
...
006 (3314664.010.000) 01/11 20:59:36 Image size of job updated: 2466168
	989  -  MemoryUsage of job (MB)
	1012244  -  ResidentSetSize of job (KB)
...
006 (3314664.010.000) 01/11 21:09:37 Image size of job updated: 2627188
	1139  -  MemoryUsage of job (MB)
	1166196  -  ResidentSetSize of job (KB)
...
006 (3314664.010.000) 01/11 21:14:38 Image size of job updated: 2974460
	1314  -  MemoryUsage of job (MB)
	1345016  -  ResidentSetSize of job (KB)
...
006 (3314664.010.000) 01/11 21:24:38 Image size of job updated: 3272192
	1577  -  MemoryUsage of job (MB)
	1614780  -  ResidentSetSize of job (KB)
...
006 (3314664.010.000) 01/11 21:34:39 Image size of job updated: 3606100
	1847  -  MemoryUsage of job (MB)
	1890796  -  ResidentSetSize of job (KB)
...
006 (3314664.010.000) 01/11 21:39:39 Image size of job updated: 3744516
	2132  -  MemoryUsage of job (MB)
	2182748  -  ResidentSetSize of job (KB)
...
040 (3314664.010.000) 01/11 21:46:58 Started transferring output files
...
040 (3314664.010.000) 01/11 21:46:58 Finished transferring output files
...
005 (3314664.010.000) 01/11 21:46:58 Job terminated.
	(1) Normal termination (return value 0)
		Usr 0 00:09:26, Sys 0 00:00:19  -  Run Remote Usage
		Usr 0 00:00:00, Sys 0 00:00:00  -  Run Local Usage
		Usr 0 00:09:26, Sys 0 00:00:19  -  Total Remote Usage
		Usr 0 00:00:00, Sys 0 00:00:00  -  Total Local Usage
	183075  -  Run Bytes Sent By Job
	10524  -  Run Bytes Received By Job
	183075  -  Total Bytes Sent By Job
	10524  -  Total Bytes Received By Job
	Partitionable Resources :    Usage  Request Allocated 
	   Cpus                 :     0.05        4         4 
	   Disk (KB)            :   213           1   1263078 
	   Memory (MB)          :  2132        8000      8000 

	Job terminated of its own accord at 2022-01-11T20:46:58Z.
...
