000 (3314664.000.000) 01/11 17:12:56 Job submitted from host: <188.185.70.244:9618?addrs=188.185.70.244-9618+[2001-1458-d00-7--100-2ee]-9618&alias=bigbird10.cern.ch&noUDP&sock=schedd_7001_aea1>
...
040 (3314664.000.000) 01/11 20:19:18 Started transferring input files
	Transferring to host: <128.142.58.154:9618?addrs=128.142.58.154-9618+[2001-1458-301-16--100-99]-9618&alias=b7s03p7514.cern.ch&noUDP&sock=slot1_8_3128_b578_6904>
...
040 (3314664.000.000) 01/11 20:19:18 Finished transferring input files
...
001 (3314664.000.000) 01/11 20:19:19 Job executing on host: <128.142.58.154:9618?addrs=128.142.58.154-9618+[2001-1458-301-16--100-99]-9618&alias=b7s03p7514.cern.ch&noUDP&sock=startd_2779_bdc7>
...
006 (3314664.000.000) 01/11 20:19:28 Image size of job updated: 320092
	155  -  MemoryUsage of job (MB)
	157776  -  ResidentSetSize of job (KB)
...
006 (3314664.000.000) 01/11 20:24:29 Image size of job updated: 1898068
	433  -  MemoryUsage of job (MB)
	442452  -  ResidentSetSize of job (KB)
...
006 (3314664.000.000) 01/11 22:54:45 Image size of job updated: 2035744
	568  -  MemoryUsage of job (MB)
	581316  -  ResidentSetSize of job (KB)
...
006 (3314664.000.000) 01/12 00:04:53 Image size of job updated: 2209728
	739  -  MemoryUsage of job (MB)
	756052  -  ResidentSetSize of job (KB)
...
006 (3314664.000.000) 01/12 00:09:53 Image size of job updated: 2213020
	742  -  MemoryUsage of job (MB)
	759344  -  ResidentSetSize of job (KB)
...
006 (3314664.000.000) 01/12 01:20:01 Image size of job updated: 2364716
	892  -  MemoryUsage of job (MB)
	912576  -  ResidentSetSize of job (KB)
...
006 (3314664.000.000) 01/12 02:40:09 Image size of job updated: 2756832
	1037  -  MemoryUsage of job (MB)
	1061824  -  ResidentSetSize of job (KB)
...
006 (3314664.000.000) 01/12 04:10:19 Image size of job updated: 2888400
	1317  -  MemoryUsage of job (MB)
	1347596  -  ResidentSetSize of job (KB)
...
006 (3314664.000.000) 01/12 05:30:28 Image size of job updated: 3162328
	1491  -  MemoryUsage of job (MB)
	1526072  -  ResidentSetSize of job (KB)
...
040 (3314664.000.000) 01/12 06:19:59 Started transferring output files
...
040 (3314664.000.000) 01/12 06:19:59 Finished transferring output files
...
009 (3314664.000.000) 01/12 06:19:59 Job was aborted.
	Job removed by SYSTEM_PERIODIC_REMOVE due to wall time exceeded allowed max.
...
