000 (3315598.011.000) 01/12 17:36:34 Job submitted from host: <188.185.70.244:9618?addrs=188.185.70.244-9618+[2001-1458-d00-7--100-2ee]-9618&alias=bigbird10.cern.ch&noUDP&sock=schedd_7001_aea1>
...
040 (3315598.011.000) 01/13 01:23:49 Started transferring input files
	Transferring to host: <188.184.160.182:9618?addrs=188.184.160.182-9618+[2001-1458-301-48--100-b0]-9618&alias=b7s09p4497.cern.ch&noUDP&sock=slot1_8_174789_699d_540>
...
040 (3315598.011.000) 01/13 01:23:49 Finished transferring input files
...
001 (3315598.011.000) 01/13 01:23:50 Job executing on host: <188.184.160.182:9618?addrs=188.184.160.182-9618+[2001-1458-301-48--100-b0]-9618&alias=b7s09p4497.cern.ch&noUDP&sock=startd_174751_3ab4>
...
006 (3315598.011.000) 01/13 01:23:58 Image size of job updated: 439992
	155  -  MemoryUsage of job (MB)
	157864  -  ResidentSetSize of job (KB)
...
006 (3315598.011.000) 01/13 01:28:58 Image size of job updated: 1942240
	474  -  MemoryUsage of job (MB)
	485376  -  ResidentSetSize of job (KB)
...
006 (3315598.011.000) 01/13 01:39:00 Image size of job updated: 2137644
	664  -  MemoryUsage of job (MB)
	679156  -  ResidentSetSize of job (KB)
...
006 (3315598.011.000) 01/13 01:44:00 Image size of job updated: 2137644
	664  -  MemoryUsage of job (MB)
	679532  -  ResidentSetSize of job (KB)
...
006 (3315598.011.000) 01/13 01:49:01 Image size of job updated: 2327972
	795  -  MemoryUsage of job (MB)
	813072  -  ResidentSetSize of job (KB)
...
006 (3315598.011.000) 01/13 01:54:02 Image size of job updated: 2552432
	963  -  MemoryUsage of job (MB)
	985404  -  ResidentSetSize of job (KB)
...
006 (3315598.011.000) 01/13 02:04:02 Image size of job updated: 2784700
	1201  -  MemoryUsage of job (MB)
	1229124  -  ResidentSetSize of job (KB)
...
006 (3315598.011.000) 01/13 02:14:03 Image size of job updated: 3180832
	1389  -  MemoryUsage of job (MB)
	1422204  -  ResidentSetSize of job (KB)
...
006 (3315598.011.000) 01/13 02:24:04 Image size of job updated: 3320620
	1811  -  MemoryUsage of job (MB)
	1853884  -  ResidentSetSize of job (KB)
...
040 (3315598.011.000) 01/13 02:33:05 Started transferring output files
...
040 (3315598.011.000) 01/13 02:33:05 Finished transferring output files
...
005 (3315598.011.000) 01/13 02:33:05 Job terminated.
	(1) Normal termination (return value 0)
		Usr 0 00:10:57, Sys 0 00:00:17  -  Run Remote Usage
		Usr 0 00:00:00, Sys 0 00:00:00  -  Run Local Usage
		Usr 0 00:10:57, Sys 0 00:00:17  -  Total Remote Usage
		Usr 0 00:00:00, Sys 0 00:00:00  -  Total Local Usage
	118601  -  Run Bytes Sent By Job
	10531  -  Run Bytes Received By Job
	118601  -  Total Bytes Sent By Job
	10531  -  Total Bytes Received By Job
	Partitionable Resources :    Usage  Request Allocated 
	   Cpus                 :     0.54        4         4 
	   Disk (KB)            :   150           1   1421699 
	   Memory (MB)          :  1811        8000      8000 

	Job terminated of its own accord at 2022-01-13T01:33:05Z.
...
