000 (3314667.012.000) 01/11 17:14:28 Job submitted from host: <188.185.70.244:9618?addrs=188.185.70.244-9618+[2001-1458-d00-7--100-2ee]-9618&alias=bigbird10.cern.ch&noUDP&sock=schedd_7001_aea1>
...
040 (3314667.012.000) 01/11 20:19:37 Started transferring input files
	Transferring to host: <128.142.61.104:9618?addrs=128.142.61.104-9618&alias=b7s06p4298.cern.ch&noUDP&sock=slot1_16_4776_dfbb_29835>
...
040 (3314667.012.000) 01/11 20:19:37 Finished transferring input files
...
001 (3314667.012.000) 01/11 20:19:38 Job executing on host: <128.142.61.104:9618?addrs=128.142.61.104-9618&alias=b7s06p4298.cern.ch&noUDP&sock=startd_4430_30a4>
...
006 (3314667.012.000) 01/11 20:19:46 Image size of job updated: 1459184
	198  -  MemoryUsage of job (MB)
	202752  -  ResidentSetSize of job (KB)
...
006 (3314667.012.000) 01/11 20:24:46 Image size of job updated: 2549624
	1046  -  MemoryUsage of job (MB)
	1070984  -  ResidentSetSize of job (KB)
...
006 (3314667.012.000) 01/11 20:29:47 Image size of job updated: 2830324
	1046  -  MemoryUsage of job (MB)
	1070984  -  ResidentSetSize of job (KB)
...
040 (3314667.012.000) 01/11 21:01:10 Started transferring output files
...
040 (3314667.012.000) 01/11 21:01:12 Finished transferring output files
...
005 (3314667.012.000) 01/11 21:01:12 Job terminated.
	(1) Normal termination (return value 0)
		Usr 0 00:27:51, Sys 0 00:00:05  -  Run Remote Usage
		Usr 0 00:00:00, Sys 0 00:00:00  -  Run Local Usage
		Usr 0 00:27:51, Sys 0 00:00:05  -  Total Remote Usage
		Usr 0 00:00:00, Sys 0 00:00:00  -  Total Local Usage
	19530996  -  Run Bytes Sent By Job
	10523  -  Run Bytes Received By Job
	19530996  -  Total Bytes Sent By Job
	10523  -  Total Bytes Received By Job
	Partitionable Resources :    Usage  Request Allocated 
	   Cpus                 :     0.94        4         4 
	   Disk (KB)            : 19106           1   1285673 
	   Memory (MB)          :  1046        8000      8000 

	Job terminated of its own accord at 2022-01-11T20:01:10Z.
...
