000 (3321557.014.000) 01/17 16:54:47 Job submitted from host: <188.185.70.244:9618?addrs=188.185.70.244-9618+[2001-1458-d00-7--100-2ee]-9618&alias=bigbird10.cern.ch&noUDP&sock=schedd_7001_aea1>
...
040 (3321557.014.000) 01/17 16:57:31 Started transferring input files
	Transferring to host: <128.142.57.22:9618?addrs=128.142.57.22-9618+[2001-1458-301-7--100-15]-9618&alias=b7s02p4264.cern.ch&noUDP&sock=slot1_11_3597_296b_35352>
...
040 (3321557.014.000) 01/17 16:57:31 Finished transferring input files
...
001 (3321557.014.000) 01/17 16:57:32 Job executing on host: <128.142.57.22:9618?addrs=128.142.57.22-9618+[2001-1458-301-7--100-15]-9618&alias=b7s02p4264.cern.ch&noUDP&sock=startd_2937_1dbe>
...
006 (3321557.014.000) 01/17 16:57:41 Image size of job updated: 323052
	239  -  MemoryUsage of job (MB)
	244632  -  ResidentSetSize of job (KB)
...
006 (3321557.014.000) 01/17 17:02:42 Image size of job updated: 2006636
	539  -  MemoryUsage of job (MB)
	551796  -  ResidentSetSize of job (KB)
...
006 (3321557.014.000) 01/17 17:07:43 Image size of job updated: 2148152
	679  -  MemoryUsage of job (MB)
	694864  -  ResidentSetSize of job (KB)
...
006 (3321557.014.000) 01/17 17:12:43 Image size of job updated: 2316424
	798  -  MemoryUsage of job (MB)
	816840  -  ResidentSetSize of job (KB)
...
006 (3321557.014.000) 01/17 17:17:43 Image size of job updated: 2444152
	969  -  MemoryUsage of job (MB)
	991340  -  ResidentSetSize of job (KB)
...
006 (3321557.014.000) 01/17 17:22:44 Image size of job updated: 2628784
	1142  -  MemoryUsage of job (MB)
	1169128  -  ResidentSetSize of job (KB)
...
006 (3321557.014.000) 01/17 17:27:45 Image size of job updated: 2985312
	1323  -  MemoryUsage of job (MB)
	1354292  -  ResidentSetSize of job (KB)
...
006 (3321557.014.000) 01/17 17:32:45 Image size of job updated: 3053400
	1551  -  MemoryUsage of job (MB)
	1588216  -  ResidentSetSize of job (KB)
...
006 (3321557.014.000) 01/17 17:37:46 Image size of job updated: 3738616
	1838  -  MemoryUsage of job (MB)
	1881864  -  ResidentSetSize of job (KB)
...
040 (3321557.014.000) 01/17 17:38:17 Started transferring output files
...
040 (3321557.014.000) 01/17 17:38:17 Finished transferring output files
...
005 (3321557.014.000) 01/17 17:38:17 Job terminated.
	(1) Normal termination (return value 0)
		Usr 0 00:08:41, Sys 0 00:00:24  -  Run Remote Usage
		Usr 0 00:00:00, Sys 0 00:00:00  -  Run Local Usage
		Usr 0 00:08:41, Sys 0 00:00:24  -  Total Remote Usage
		Usr 0 00:00:00, Sys 0 00:00:00  -  Total Local Usage
	25272  -  Run Bytes Sent By Job
	10523  -  Run Bytes Received By Job
	25272  -  Total Bytes Sent By Job
	10523  -  Total Bytes Received By Job
	Partitionable Resources :    Usage  Request Allocated 
	   Cpus                 :     0.22        4         4 
	   Disk (KB)            :    58           1   1307419 
	   Memory (MB)          :  1838        8000      8000 

	Job terminated of its own accord at 2022-01-17T16:38:15Z.
...
