000 (3321557.008.000) 01/17 16:54:47 Job submitted from host: <188.185.70.244:9618?addrs=188.185.70.244-9618+[2001-1458-d00-7--100-2ee]-9618&alias=bigbird10.cern.ch&noUDP&sock=schedd_7001_aea1>
...
040 (3321557.008.000) 01/17 16:57:24 Started transferring input files
	Transferring to host: <128.142.57.146:9618?addrs=128.142.57.146-9618+[2001-1458-301-7--100-91]-9618&alias=b7s02p6502.cern.ch&noUDP&sock=slot1_21_6068_3470_36056>
...
040 (3321557.008.000) 01/17 16:57:24 Finished transferring input files
...
001 (3321557.008.000) 01/17 16:57:25 Job executing on host: <128.142.57.146:9618?addrs=128.142.57.146-9618+[2001-1458-301-7--100-91]-9618&alias=b7s02p6502.cern.ch&noUDP&sock=startd_5659_2e89>
...
006 (3321557.008.000) 01/17 16:57:33 Image size of job updated: 1252560
	155  -  MemoryUsage of job (MB)
	157852  -  ResidentSetSize of job (KB)
...
006 (3321557.008.000) 01/17 17:02:33 Image size of job updated: 2009800
	533  -  MemoryUsage of job (MB)
	545556  -  ResidentSetSize of job (KB)
...
006 (3321557.008.000) 01/17 17:12:35 Image size of job updated: 2009800
	533  -  MemoryUsage of job (MB)
	545672  -  ResidentSetSize of job (KB)
...
006 (3321557.008.000) 01/17 17:17:35 Image size of job updated: 2313468
	831  -  MemoryUsage of job (MB)
	850520  -  ResidentSetSize of job (KB)
...
006 (3321557.008.000) 01/17 17:22:35 Image size of job updated: 2610104
	997  -  MemoryUsage of job (MB)
	1020356  -  ResidentSetSize of job (KB)
...
006 (3321557.008.000) 01/17 17:37:36 Image size of job updated: 2708520
	1201  -  MemoryUsage of job (MB)
	1229476  -  ResidentSetSize of job (KB)
...
006 (3321557.008.000) 01/17 17:42:37 Image size of job updated: 3132132
	1441  -  MemoryUsage of job (MB)
	1474624  -  ResidentSetSize of job (KB)
...
006 (3321557.008.000) 01/17 17:47:38 Image size of job updated: 3208024
	1697  -  MemoryUsage of job (MB)
	1737140  -  ResidentSetSize of job (KB)
...
006 (3321557.008.000) 01/17 18:07:40 Image size of job updated: 3536324
	1949  -  MemoryUsage of job (MB)
	1995508  -  ResidentSetSize of job (KB)
...
040 (3321557.008.000) 01/17 18:22:20 Started transferring output files
...
040 (3321557.008.000) 01/17 18:22:20 Finished transferring output files
...
005 (3321557.008.000) 01/17 18:22:20 Job terminated.
	(1) Normal termination (return value 0)
		Usr 0 00:13:55, Sys 0 00:00:37  -  Run Remote Usage
		Usr 0 00:00:00, Sys 0 00:00:00  -  Run Local Usage
		Usr 0 00:13:55, Sys 0 00:00:37  -  Total Remote Usage
		Usr 0 00:00:00, Sys 0 00:00:00  -  Total Local Usage
	30120  -  Run Bytes Sent By Job
	10523  -  Run Bytes Received By Job
	30120  -  Total Bytes Sent By Job
	10523  -  Total Bytes Received By Job
	Partitionable Resources :    Usage  Request Allocated 
	   Cpus                 :     0.11        4         4 
	   Disk (KB)            :    60           1   1183705 
	   Memory (MB)          :  1949        8000      8000 

	Job terminated of its own accord at 2022-01-17T17:22:20Z.
...
