000 (3338410.001.000) 01/19 18:49:35 Job submitted from host: <188.185.70.244:9618?addrs=188.185.70.244-9618+[2001-1458-d00-7--100-2ee]-9618&alias=bigbird10.cern.ch&noUDP&sock=schedd_7001_aea1>
...
040 (3338410.001.000) 01/19 18:58:02 Started transferring input files
	Transferring to host: <128.142.61.116:9618?addrs=128.142.61.116-9618+[2001-1458-301-23--100-73]-9618&alias=b7s06p3757.cern.ch&noUDP&sock=slot1_6_3207_5f1b_37748>
...
040 (3338410.001.000) 01/19 18:58:02 Finished transferring input files
...
001 (3338410.001.000) 01/19 18:58:03 Job executing on host: <128.142.61.116:9618?addrs=128.142.61.116-9618+[2001-1458-301-23--100-73]-9618&alias=b7s06p3757.cern.ch&noUDP&sock=startd_2836_d6ad>
...
006 (3338410.001.000) 01/19 18:58:12 Image size of job updated: 1256232
	155  -  MemoryUsage of job (MB)
	157888  -  ResidentSetSize of job (KB)
...
006 (3338410.001.000) 01/19 19:00:53 Image size of job updated: 2096912
	155  -  MemoryUsage of job (MB)
	157888  -  ResidentSetSize of job (KB)
...
040 (3338410.001.000) 01/19 19:00:53 Started transferring output files
...
040 (3338410.001.000) 01/19 19:00:53 Finished transferring output files
...
005 (3338410.001.000) 01/19 19:00:53 Job terminated.
	(1) Normal termination (return value 0)
		Usr 0 00:01:34, Sys 0 00:00:04  -  Run Remote Usage
		Usr 0 00:00:00, Sys 0 00:00:00  -  Run Local Usage
		Usr 0 00:01:34, Sys 0 00:00:04  -  Total Remote Usage
		Usr 0 00:00:00, Sys 0 00:00:00  -  Total Local Usage
	1244  -  Run Bytes Sent By Job
	11206  -  Run Bytes Received By Job
	1244  -  Total Bytes Sent By Job
	11206  -  Total Bytes Received By Job
	Partitionable Resources :    Usage  Request Allocated 
	   Cpus                 :     0.61        4         4 
	   Disk (KB)            :    36           1   1283887 
	   Memory (MB)          :   155        8000      8000 

	Job terminated of its own accord at 2022-01-19T18:00:53Z.
...
