000 (3338425.007.000) 01/19 19:04:05 Job submitted from host: <188.185.70.244:9618?addrs=188.185.70.244-9618+[2001-1458-d00-7--100-2ee]-9618&alias=bigbird10.cern.ch&noUDP&sock=schedd_7001_aea1>
...
040 (3338425.007.000) 01/19 21:32:35 Started transferring input files
	Transferring to host: <188.184.162.109:9618?addrs=188.184.162.109-9618+[2001-1458-301-4a--100-67]-9618&alias=b7s11p6578.cern.ch&noUDP&sock=slot1_37_3521_9ce8_33923>
...
040 (3338425.007.000) 01/19 21:32:35 Finished transferring input files
...
001 (3338425.007.000) 01/19 21:32:36 Job executing on host: <188.184.162.109:9618?addrs=188.184.162.109-9618+[2001-1458-301-4a--100-67]-9618&alias=b7s11p6578.cern.ch&noUDP&sock=startd_3010_3028>
...
006 (3338425.007.000) 01/19 21:32:45 Image size of job updated: 816636
	119  -  MemoryUsage of job (MB)
	121736  -  ResidentSetSize of job (KB)
...
006 (3338425.007.000) 01/19 21:37:46 Image size of job updated: 2150892
	549  -  MemoryUsage of job (MB)
	561232  -  ResidentSetSize of job (KB)
...
006 (3338425.007.000) 01/19 21:52:48 Image size of job updated: 2297012
	939  -  MemoryUsage of job (MB)
	960852  -  ResidentSetSize of job (KB)
...
006 (3338425.007.000) 01/19 21:57:48 Image size of job updated: 2426364
	939  -  MemoryUsage of job (MB)
	960852  -  ResidentSetSize of job (KB)
...
006 (3338425.007.000) 01/19 22:17:50 Image size of job updated: 2734712
	1056  -  MemoryUsage of job (MB)
	1080772  -  ResidentSetSize of job (KB)
...
006 (3338425.007.000) 01/19 22:27:52 Image size of job updated: 3063372
	1337  -  MemoryUsage of job (MB)
	1368960  -  ResidentSetSize of job (KB)
...
006 (3338425.007.000) 01/19 22:37:52 Image size of job updated: 3419448
	1639  -  MemoryUsage of job (MB)
	1677996  -  ResidentSetSize of job (KB)
...
006 (3338425.007.000) 01/19 22:42:53 Image size of job updated: 3764380
	1911  -  MemoryUsage of job (MB)
	1956788  -  ResidentSetSize of job (KB)
...
006 (3338425.007.000) 01/19 22:47:53 Image size of job updated: 3764380
	1915  -  MemoryUsage of job (MB)
	1960492  -  ResidentSetSize of job (KB)
...
006 (3338425.007.000) 01/19 22:52:53 Image size of job updated: 4195216
	2295  -  MemoryUsage of job (MB)
	2349832  -  ResidentSetSize of job (KB)
...
006 (3338425.007.000) 01/19 22:57:54 Image size of job updated: 4602188
	2698  -  MemoryUsage of job (MB)
	2762508  -  ResidentSetSize of job (KB)
...
006 (3338425.007.000) 01/19 23:07:55 Image size of job updated: 5144812
	3134  -  MemoryUsage of job (MB)
	3208208  -  ResidentSetSize of job (KB)
...
040 (3338425.007.000) 01/19 23:12:00 Started transferring output files
...
040 (3338425.007.000) 01/19 23:12:00 Finished transferring output files
...
005 (3338425.007.000) 01/19 23:12:00 Job terminated.
	(1) Normal termination (return value 0)
		Usr 0 00:29:10, Sys 0 00:00:28  -  Run Remote Usage
		Usr 0 00:00:00, Sys 0 00:00:00  -  Run Local Usage
		Usr 0 00:29:10, Sys 0 00:00:28  -  Total Remote Usage
		Usr 0 00:00:00, Sys 0 00:00:00  -  Total Local Usage
	4358  -  Run Bytes Sent By Job
	11206  -  Run Bytes Received By Job
	4358  -  Total Bytes Sent By Job
	11206  -  Total Bytes Received By Job
	Partitionable Resources :    Usage  Request Allocated 
	   Cpus                 :     1.00        4         4 
	   Disk (KB)            :    39           1   2665095 
	   Memory (MB)          :  3134        8000      8000 

	Job terminated of its own accord at 2022-01-19T22:12:00Z.
...
