000 (3335563.005.000) 01/19 10:21:55 Job submitted from host: <188.185.70.244:9618?addrs=188.185.70.244-9618+[2001-1458-d00-7--100-2ee]-9618&alias=bigbird10.cern.ch&noUDP&sock=schedd_7001_aea1>
...
040 (3335563.005.000) 01/19 10:28:36 Started transferring input files
	Transferring to host: <128.142.60.138:9618?addrs=128.142.60.138-9618+[2001-1458-301-22--100-89]-9618&alias=b7s05p7467.cern.ch&noUDP&sock=slot1_8_3530_f449_33813>
...
040 (3335563.005.000) 01/19 10:28:36 Finished transferring input files
...
001 (3335563.005.000) 01/19 10:28:37 Job executing on host: <128.142.60.138:9618?addrs=128.142.60.138-9618+[2001-1458-301-22--100-89]-9618&alias=b7s05p7467.cern.ch&noUDP&sock=startd_2802_8475>
...
006 (3335563.005.000) 01/19 10:28:46 Image size of job updated: 320172
	155  -  MemoryUsage of job (MB)
	157872  -  ResidentSetSize of job (KB)
...
006 (3335563.005.000) 01/19 10:33:47 Image size of job updated: 2760164
	1091  -  MemoryUsage of job (MB)
	1116332  -  ResidentSetSize of job (KB)
...
006 (3335563.005.000) 01/19 10:38:47 Image size of job updated: 3796168
	1913  -  MemoryUsage of job (MB)
	1958012  -  ResidentSetSize of job (KB)
...
006 (3335563.005.000) 01/19 10:43:48 Image size of job updated: 4338296
	3067  -  MemoryUsage of job (MB)
	3139868  -  ResidentSetSize of job (KB)
...
006 (3335563.005.000) 01/19 10:48:41 Image size of job updated: 5050116
	3067  -  MemoryUsage of job (MB)
	3139868  -  ResidentSetSize of job (KB)
...
040 (3335563.005.000) 01/19 10:48:41 Started transferring output files
...
040 (3335563.005.000) 01/19 10:48:41 Finished transferring output files
...
005 (3335563.005.000) 01/19 10:48:41 Job terminated.
	(1) Normal termination (return value 0)
		Usr 0 00:17:08, Sys 0 00:00:21  -  Run Remote Usage
		Usr 0 00:00:00, Sys 0 00:00:00  -  Run Local Usage
		Usr 0 00:17:08, Sys 0 00:00:21  -  Total Remote Usage
		Usr 0 00:00:00, Sys 0 00:00:00  -  Total Local Usage
	6092  -  Run Bytes Sent By Job
	11206  -  Run Bytes Received By Job
	6092  -  Total Bytes Sent By Job
	11206  -  Total Bytes Received By Job
	Partitionable Resources :    Usage  Request Allocated 
	   Cpus                 :     0.94        4         4 
	   Disk (KB)            :    38           1   1251253 
	   Memory (MB)          :  3067        8000      8000 

	Job terminated of its own accord at 2022-01-19T09:48:41Z.
...
