000 (3335563.011.000) 01/19 10:21:55 Job submitted from host: <188.185.70.244:9618?addrs=188.185.70.244-9618+[2001-1458-d00-7--100-2ee]-9618&alias=bigbird10.cern.ch&noUDP&sock=schedd_7001_aea1>
...
040 (3335563.011.000) 01/19 10:28:47 Started transferring input files
	Transferring to host: <128.142.61.29:9618?addrs=128.142.61.29-9618+[2001-1458-301-23--100-1c]-9618&alias=b7s06p7938.cern.ch&noUDP&sock=slot1_8_5793_7145_35346>
...
040 (3335563.011.000) 01/19 10:28:47 Finished transferring input files
...
001 (3335563.011.000) 01/19 10:28:48 Job executing on host: <128.142.61.29:9618?addrs=128.142.61.29-9618+[2001-1458-301-23--100-1c]-9618&alias=b7s06p7938.cern.ch&noUDP&sock=startd_5439_47b3>
...
006 (3335563.011.000) 01/19 10:28:58 Image size of job updated: 248408
	155  -  MemoryUsage of job (MB)
	157880  -  ResidentSetSize of job (KB)
...
006 (3335563.011.000) 01/19 10:33:58 Image size of job updated: 2023368
	556  -  MemoryUsage of job (MB)
	568832  -  ResidentSetSize of job (KB)
...
006 (3335563.011.000) 01/19 10:38:59 Image size of job updated: 2338328
	820  -  MemoryUsage of job (MB)
	838740  -  ResidentSetSize of job (KB)
...
006 (3335563.011.000) 01/19 10:43:59 Image size of job updated: 2741188
	1071  -  MemoryUsage of job (MB)
	1096356  -  ResidentSetSize of job (KB)
...
006 (3335563.011.000) 01/19 10:48:59 Image size of job updated: 2741188
	1098  -  MemoryUsage of job (MB)
	1123644  -  ResidentSetSize of job (KB)
...
006 (3335563.011.000) 01/19 10:54:00 Image size of job updated: 3069844
	1350  -  MemoryUsage of job (MB)
	1381408  -  ResidentSetSize of job (KB)
...
006 (3335563.011.000) 01/19 10:59:01 Image size of job updated: 3422724
	1653  -  MemoryUsage of job (MB)
	1692588  -  ResidentSetSize of job (KB)
...
006 (3335563.011.000) 01/19 11:04:01 Image size of job updated: 3770840
	1924  -  MemoryUsage of job (MB)
	1969608  -  ResidentSetSize of job (KB)
...
006 (3335563.011.000) 01/19 11:14:02 Image size of job updated: 4201716
	2306  -  MemoryUsage of job (MB)
	2360732  -  ResidentSetSize of job (KB)
...
006 (3335563.011.000) 01/19 11:19:03 Image size of job updated: 4201716
	2309  -  MemoryUsage of job (MB)
	2364228  -  ResidentSetSize of job (KB)
...
006 (3335563.011.000) 01/19 11:24:03 Image size of job updated: 4627120
	2720  -  MemoryUsage of job (MB)
	2784692  -  ResidentSetSize of job (KB)
...
006 (3335563.011.000) 01/19 11:29:04 Image size of job updated: 5084516
	3534  -  MemoryUsage of job (MB)
	3618380  -  ResidentSetSize of job (KB)
...
040 (3335563.011.000) 01/19 11:35:53 Started transferring output files
...
040 (3335563.011.000) 01/19 11:35:53 Finished transferring output files
...
005 (3335563.011.000) 01/19 11:35:53 Job terminated.
	(1) Normal termination (return value 0)
		Usr 0 00:32:35, Sys 0 00:00:45  -  Run Remote Usage
		Usr 0 00:00:00, Sys 0 00:00:00  -  Run Local Usage
		Usr 0 00:32:35, Sys 0 00:00:45  -  Total Remote Usage
		Usr 0 00:00:00, Sys 0 00:00:00  -  Total Local Usage
	1244  -  Run Bytes Sent By Job
	11206  -  Run Bytes Received By Job
	1244  -  Total Bytes Sent By Job
	11206  -  Total Bytes Received By Job
	Partitionable Resources :    Usage  Request Allocated 
	   Cpus                 :     0.45        4         4 
	   Disk (KB)            :    36           1   1273153 
	   Memory (MB)          :  3534        8000      8000 

	Job terminated of its own accord at 2022-01-19T10:35:53Z.
...
