000 (3335563.002.000) 01/19 10:21:55 Job submitted from host: <188.185.70.244:9618?addrs=188.185.70.244-9618+[2001-1458-d00-7--100-2ee]-9618&alias=bigbird10.cern.ch&noUDP&sock=schedd_7001_aea1>
...
040 (3335563.002.000) 01/19 10:28:10 Started transferring input files
	Transferring to host: <128.142.61.65:9618?addrs=128.142.61.65-9618+[2001-1458-301-23--100-40]-9618&alias=b7s06p7861.cern.ch&noUDP&sock=slot1_14_3597_296b_35087>
...
040 (3335563.002.000) 01/19 10:28:10 Finished transferring input files
...
001 (3335563.002.000) 01/19 10:28:11 Job executing on host: <128.142.61.65:9618?addrs=128.142.61.65-9618+[2001-1458-301-23--100-40]-9618&alias=b7s06p7861.cern.ch&noUDP&sock=startd_2934_0ef5>
...
006 (3335563.002.000) 01/19 10:28:20 Image size of job updated: 1270588
	196  -  MemoryUsage of job (MB)
	200684  -  ResidentSetSize of job (KB)
...
006 (3335563.002.000) 01/19 10:33:21 Image size of job updated: 2836316
	1078  -  MemoryUsage of job (MB)
	1103428  -  ResidentSetSize of job (KB)
...
006 (3335563.002.000) 01/19 10:38:21 Image size of job updated: 3773612
	1930  -  MemoryUsage of job (MB)
	1975440  -  ResidentSetSize of job (KB)
...
006 (3335563.002.000) 01/19 10:43:21 Image size of job updated: 4741156
	2656  -  MemoryUsage of job (MB)
	2718880  -  ResidentSetSize of job (KB)
...
006 (3335563.002.000) 01/19 10:45:20 Image size of job updated: 5014220
	2656  -  MemoryUsage of job (MB)
	2718880  -  ResidentSetSize of job (KB)
...
040 (3335563.002.000) 01/19 10:45:20 Started transferring output files
...
040 (3335563.002.000) 01/19 10:45:20 Finished transferring output files
...
005 (3335563.002.000) 01/19 10:45:20 Job terminated.
	(1) Normal termination (return value 0)
		Usr 0 00:12:58, Sys 0 00:00:24  -  Run Remote Usage
		Usr 0 00:00:00, Sys 0 00:00:00  -  Run Local Usage
		Usr 0 00:12:58, Sys 0 00:00:24  -  Total Remote Usage
		Usr 0 00:00:00, Sys 0 00:00:00  -  Total Local Usage
	1244  -  Run Bytes Sent By Job
	11206  -  Run Bytes Received By Job
	1244  -  Total Bytes Sent By Job
	11206  -  Total Bytes Received By Job
	Partitionable Resources :    Usage  Request Allocated 
	   Cpus                 :     0.41        4         4 
	   Disk (KB)            :    35           1   1297267 
	   Memory (MB)          :  2656        8000      8000 

	Job terminated of its own accord at 2022-01-19T09:45:20Z.
...
