000 (3315598.007.000) 01/12 17:36:34 Job submitted from host: <188.185.70.244:9618?addrs=188.185.70.244-9618+[2001-1458-d00-7--100-2ee]-9618&alias=bigbird10.cern.ch&noUDP&sock=schedd_7001_aea1>
...
040 (3315598.007.000) 01/13 01:23:40 Started transferring input files
	Transferring to host: <188.184.160.78:9618?addrs=188.184.160.78-9618+[2001-1458-301-48--100-48]-9618&alias=b7s09p4809.cern.ch&noUDP&sock=slot1_1_3261_6b5e_27316>
...
040 (3315598.007.000) 01/13 01:23:40 Finished transferring input files
...
001 (3315598.007.000) 01/13 01:23:41 Job executing on host: <188.184.160.78:9618?addrs=188.184.160.78-9618+[2001-1458-301-48--100-48]-9618&alias=b7s09p4809.cern.ch&noUDP&sock=startd_2888_819a>
...
006 (3315598.007.000) 01/13 01:23:49 Image size of job updated: 219172
	208  -  MemoryUsage of job (MB)
	212248  -  ResidentSetSize of job (KB)
...
006 (3315598.007.000) 01/13 01:28:49 Image size of job updated: 2112876
	639  -  MemoryUsage of job (MB)
	654172  -  ResidentSetSize of job (KB)
...
006 (3315598.007.000) 01/13 01:33:51 Image size of job updated: 2307452
	775  -  MemoryUsage of job (MB)
	793120  -  ResidentSetSize of job (KB)
...
006 (3315598.007.000) 01/13 01:38:51 Image size of job updated: 2420284
	943  -  MemoryUsage of job (MB)
	964936  -  ResidentSetSize of job (KB)
...
006 (3315598.007.000) 01/13 01:43:51 Image size of job updated: 2790588
	1159  -  MemoryUsage of job (MB)
	1186744  -  ResidentSetSize of job (KB)
...
006 (3315598.007.000) 01/13 01:48:52 Image size of job updated: 3073992
	1392  -  MemoryUsage of job (MB)
	1424420  -  ResidentSetSize of job (KB)
...
006 (3315598.007.000) 01/13 01:53:53 Image size of job updated: 3363544
	1645  -  MemoryUsage of job (MB)
	1684328  -  ResidentSetSize of job (KB)
...
040 (3315598.007.000) 01/13 01:53:57 Started transferring output files
...
040 (3315598.007.000) 01/13 01:53:57 Finished transferring output files
...
005 (3315598.007.000) 01/13 01:53:57 Job terminated.
	(1) Normal termination (return value 0)
		Usr 0 00:05:34, Sys 0 00:00:15  -  Run Remote Usage
		Usr 0 00:00:00, Sys 0 00:00:00  -  Run Local Usage
		Usr 0 00:05:34, Sys 0 00:00:15  -  Total Remote Usage
		Usr 0 00:00:00, Sys 0 00:00:00  -  Total Local Usage
	118861  -  Run Bytes Sent By Job
	10531  -  Run Bytes Received By Job
	118861  -  Total Bytes Sent By Job
	10531  -  Total Bytes Received By Job
	Partitionable Resources :    Usage  Request Allocated 
	   Cpus                 :     0.11        4         4 
	   Disk (KB)            :   151           1   1419180 
	   Memory (MB)          :  1645        8000      8000 

	Job terminated of its own accord at 2022-01-13T00:53:57Z.
...
