000 (3314661.000.000) 01/11 17:12:21 Job submitted from host: <188.185.70.244:9618?addrs=188.185.70.244-9618+[2001-1458-d00-7--100-2ee]-9618&alias=bigbird10.cern.ch&noUDP&sock=schedd_7001_aea1>
...
040 (3314661.000.000) 01/11 20:19:02 Started transferring input files
	Transferring to host: <128.142.60.119:9618?addrs=128.142.60.119-9618+[2001-1458-301-22--100-76]-9618&alias=b7s05p3845.cern.ch&noUDP&sock=slot1_6_3180_58fa_28990>
...
040 (3314661.000.000) 01/11 20:19:02 Finished transferring input files
...
001 (3314661.000.000) 01/11 20:19:03 Job executing on host: <128.142.60.119:9618?addrs=128.142.60.119-9618+[2001-1458-301-22--100-76]-9618&alias=b7s05p3845.cern.ch&noUDP&sock=startd_2812_6067>
...
006 (3314661.000.000) 01/11 20:19:11 Image size of job updated: 280476
	184  -  MemoryUsage of job (MB)
	188012  -  ResidentSetSize of job (KB)
...
006 (3314661.000.000) 01/11 20:24:11 Image size of job updated: 1727524
	268  -  MemoryUsage of job (MB)
	273548  -  ResidentSetSize of job (KB)
...
040 (3314661.000.000) 01/11 20:45:20 Started transferring output files
...
040 (3314661.000.000) 01/11 20:45:20 Finished transferring output files
...
005 (3314661.000.000) 01/11 20:45:20 Job terminated.
	(1) Normal termination (return value 0)
		Usr 0 00:00:09, Sys 0 00:00:02  -  Run Remote Usage
		Usr 0 00:00:00, Sys 0 00:00:00  -  Run Local Usage
		Usr 0 00:00:09, Sys 0 00:00:02  -  Total Remote Usage
		Usr 0 00:00:00, Sys 0 00:00:00  -  Total Local Usage
	2298  -  Run Bytes Sent By Job
	10526  -  Run Bytes Received By Job
	2298  -  Total Bytes Sent By Job
	10526  -  Total Bytes Received By Job
	Partitionable Resources :    Usage  Request Allocated 
	   Cpus                 :     0.00        4         4 
	   Disk (KB)            :    36           1   1170760 
	   Memory (MB)          :   268        8000      8000 

	Job terminated of its own accord at 2022-01-11T19:45:20Z.
...
