000 (3315588.013.000) 01/12 17:29:04 Job submitted from host: <188.185.70.244:9618?addrs=188.185.70.244-9618+[2001-1458-d00-7--100-2ee]-9618&alias=bigbird10.cern.ch&noUDP&sock=schedd_7001_aea1>
...
040 (3315588.013.000) 01/12 22:23:55 Started transferring input files
	Transferring to host: <128.142.61.146:9618?addrs=128.142.61.146-9618+[2001-1458-301-23--100-91]-9618&alias=b7s06p9400.cern.ch&noUDP&sock=slot1_3_3653_9e6e_23759>
...
040 (3315588.013.000) 01/12 22:23:55 Finished transferring input files
...
001 (3315588.013.000) 01/12 22:23:56 Job executing on host: <128.142.61.146:9618?addrs=128.142.61.146-9618+[2001-1458-301-23--100-91]-9618&alias=b7s06p9400.cern.ch&noUDP&sock=startd_2985_0a4a>
...
006 (3315588.013.000) 01/12 22:24:04 Image size of job updated: 24192
	10  -  MemoryUsage of job (MB)
	9908  -  ResidentSetSize of job (KB)
...
006 (3315588.013.000) 01/12 22:24:53 Image size of job updated: 1444084
	10  -  MemoryUsage of job (MB)
	9908  -  ResidentSetSize of job (KB)
...
040 (3315588.013.000) 01/12 22:24:53 Started transferring output files
...
040 (3315588.013.000) 01/12 22:24:53 Finished transferring output files
...
005 (3315588.013.000) 01/12 22:24:53 Job terminated.
	(1) Normal termination (return value 1)
		Usr 0 00:00:04, Sys 0 00:00:02  -  Run Remote Usage
		Usr 0 00:00:00, Sys 0 00:00:00  -  Run Local Usage
		Usr 0 00:00:04, Sys 0 00:00:02  -  Total Remote Usage
		Usr 0 00:00:00, Sys 0 00:00:00  -  Total Local Usage
	24163  -  Run Bytes Sent By Job
	10526  -  Run Bytes Received By Job
	24163  -  Total Bytes Sent By Job
	10526  -  Total Bytes Received By Job
	Partitionable Resources :    Usage  Request Allocated 
	   Cpus                 :                 4         4 
	   Disk (KB)            :       51        1    484297 
	   Memory (MB)          :       10     8000      8000 

	Job terminated of its own accord at 2022-01-12T21:24:53Z.
...
