000 (3335563.009.000) 01/19 10:21:55 Job submitted from host: <188.185.70.244:9618?addrs=188.185.70.244-9618+[2001-1458-d00-7--100-2ee]-9618&alias=bigbird10.cern.ch&noUDP&sock=schedd_7001_aea1>
...
040 (3335563.009.000) 01/19 10:28:27 Started transferring input files
	Transferring to host: <128.142.57.143:9618?addrs=128.142.57.143-9618&alias=b7s02p2715.cern.ch&noUDP&sock=slot1_14_4804_9a3c_34439>
...
040 (3335563.009.000) 01/19 10:28:27 Finished transferring input files
...
001 (3335563.009.000) 01/19 10:28:28 Job executing on host: <128.142.57.143:9618?addrs=128.142.57.143-9618&alias=b7s02p2715.cern.ch&noUDP&sock=startd_4454_a6ea>
...
006 (3335563.009.000) 01/19 10:28:36 Image size of job updated: 269264
	119  -  MemoryUsage of job (MB)
	121288  -  ResidentSetSize of job (KB)
...
006 (3335563.009.000) 01/19 10:33:36 Image size of job updated: 2455772
	837  -  MemoryUsage of job (MB)
	856972  -  ResidentSetSize of job (KB)
...
006 (3335563.009.000) 01/19 10:38:37 Image size of job updated: 2918080
	1357  -  MemoryUsage of job (MB)
	1388900  -  ResidentSetSize of job (KB)
...
006 (3335563.009.000) 01/19 10:43:38 Image size of job updated: 3793812
	1936  -  MemoryUsage of job (MB)
	1981748  -  ResidentSetSize of job (KB)
...
006 (3335563.009.000) 01/19 10:48:38 Image size of job updated: 4395628
	2320  -  MemoryUsage of job (MB)
	2374824  -  ResidentSetSize of job (KB)
...
006 (3335563.009.000) 01/19 10:53:38 Image size of job updated: 4650048
	2943  -  MemoryUsage of job (MB)
	3012672  -  ResidentSetSize of job (KB)
...
006 (3335563.009.000) 01/19 10:58:16 Image size of job updated: 5107456
	2943  -  MemoryUsage of job (MB)
	3012672  -  ResidentSetSize of job (KB)
...
040 (3335563.009.000) 01/19 10:58:16 Started transferring output files
...
040 (3335563.009.000) 01/19 10:58:16 Finished transferring output files
...
005 (3335563.009.000) 01/19 10:58:16 Job terminated.
	(1) Normal termination (return value 0)
		Usr 0 00:27:30, Sys 0 00:00:21  -  Run Remote Usage
		Usr 0 00:00:00, Sys 0 00:00:00  -  Run Local Usage
		Usr 0 00:27:30, Sys 0 00:00:21  -  Total Remote Usage
		Usr 0 00:00:00, Sys 0 00:00:00  -  Total Local Usage
	6092  -  Run Bytes Sent By Job
	11206  -  Run Bytes Received By Job
	6092  -  Total Bytes Sent By Job
	11206  -  Total Bytes Received By Job
	Partitionable Resources :    Usage  Request Allocated 
	   Cpus                 :     0.96        4         4 
	   Disk (KB)            :    37           1   1254322 
	   Memory (MB)          :  2943        8000      8000 

	Job terminated of its own accord at 2022-01-19T09:58:16Z.
...
