000 (3314889.015.000) 01/12 10:56:57 Job submitted from host: <188.185.70.244:9618?addrs=188.185.70.244-9618+[2001-1458-d00-7--100-2ee]-9618&alias=bigbird10.cern.ch&noUDP&sock=schedd_7001_aea1>
...
040 (3314889.015.000) 01/12 10:58:30 Started transferring input files
	Transferring to host: <188.184.165.85:9618?addrs=188.184.165.85-9618&alias=b7s14p6561.cern.ch&noUDP&sock=slot1_11_4362_2c6a_26679>
...
040 (3314889.015.000) 01/12 10:58:30 Finished transferring input files
...
001 (3314889.015.000) 01/12 10:58:31 Job executing on host: <188.184.165.85:9618?addrs=188.184.165.85-9618&alias=b7s14p6561.cern.ch&noUDP&sock=startd_4085_8c77>
...
006 (3314889.015.000) 01/12 10:58:40 Image size of job updated: 1256192
	155  -  MemoryUsage of job (MB)
	157792  -  ResidentSetSize of job (KB)
...
006 (3314889.015.000) 01/12 11:03:41 Image size of job updated: 1941992
	475  -  MemoryUsage of job (MB)
	485764  -  ResidentSetSize of job (KB)
...
006 (3314889.015.000) 01/12 11:13:41 Image size of job updated: 2136896
	664  -  MemoryUsage of job (MB)
	679036  -  ResidentSetSize of job (KB)
...
040 (3314889.015.000) 01/12 11:18:24 Started transferring output files
...
040 (3314889.015.000) 01/12 11:18:24 Finished transferring output files
...
004 (3314889.015.000) 01/12 11:18:24 Job was evicted.
	(0) CPU times
		Usr 0 00:03:02, Sys 0 00:00:07  -  Run Remote Usage
		Usr 0 00:00:00, Sys 0 00:00:00  -  Run Local Usage
	16480  -  Run Bytes Sent By Job
	10532  -  Run Bytes Received By Job
	Partitionable Resources :    Usage  Request Allocated 
	   Cpus                 :     0.22        4         4 
	   Disk (KB)            :    49           1   2932966 
	   Memory (MB)          :   664        8000      8000 
...
009 (3314889.015.000) 01/12 11:18:24 Job was aborted.
	via condor_rm (by user vdamante)
...
