000 (3342540.000.000) 01/20 18:03:35 Job submitted from host: <188.185.70.244:9618?addrs=188.185.70.244-9618+[2001-1458-d00-7--100-2ee]-9618&alias=bigbird10.cern.ch&noUDP&sock=schedd_7001_aea1>
...
040 (3342540.000.000) 01/20 18:06:04 Started transferring input files
	Transferring to host: <128.142.56.132:9618?addrs=128.142.56.132-9618&alias=b7s01p1865.cern.ch&noUDP&sock=slot1_1_3018_3434_34775>
...
040 (3342540.000.000) 01/20 18:06:04 Finished transferring input files
...
001 (3342540.000.000) 01/20 18:06:05 Job executing on host: <128.142.56.132:9618?addrs=128.142.56.132-9618&alias=b7s01p1865.cern.ch&noUDP&sock=startd_2582_9d9f>
...
006 (3342540.000.000) 01/20 18:06:13 Image size of job updated: 457496
	155  -  MemoryUsage of job (MB)
	157860  -  ResidentSetSize of job (KB)
...
006 (3342540.000.000) 01/20 18:11:13 Image size of job updated: 1660600
	205  -  MemoryUsage of job (MB)
	208976  -  ResidentSetSize of job (KB)
...
006 (3342540.000.000) 01/20 18:16:14 Image size of job updated: 1746772
	287  -  MemoryUsage of job (MB)
	293020  -  ResidentSetSize of job (KB)
...
006 (3342540.000.000) 01/20 18:21:15 Image size of job updated: 1746772
	287  -  MemoryUsage of job (MB)
	293048  -  ResidentSetSize of job (KB)
...
040 (3342540.000.000) 01/20 18:30:27 Entered queue to transfer output files
...
040 (3342540.000.000) 01/20 18:30:33 Started transferring output files
...
040 (3342540.000.000) 01/20 18:30:33 Finished transferring output files
...
005 (3342540.000.000) 01/20 18:30:33 Job terminated.
	(1) Normal termination (return value 0)
		Usr 0 00:00:09, Sys 0 00:00:02  -  Run Remote Usage
		Usr 0 00:00:00, Sys 0 00:00:00  -  Run Local Usage
		Usr 0 00:00:09, Sys 0 00:00:02  -  Total Remote Usage
		Usr 0 00:00:00, Sys 0 00:00:00  -  Total Local Usage
	1437  -  Run Bytes Sent By Job
	11210  -  Run Bytes Received By Job
	1437  -  Total Bytes Sent By Job
	11210  -  Total Bytes Received By Job
	Partitionable Resources :    Usage  Request Allocated 
	   Cpus                 :        0        4         4 
	   Disk (KB)            :       35        1   1313734 
	   Memory (MB)          :      287     8000      8000 

	Job terminated of its own accord at 2022-01-20T17:30:22Z.
...
