000 (3316933.012.000) 01/13 09:45:39 Job submitted from host: <188.185.70.244:9618?addrs=188.185.70.244-9618+[2001-1458-d00-7--100-2ee]-9618&alias=bigbird10.cern.ch&noUDP&sock=schedd_7001_aea1>
...
040 (3316933.012.000) 01/13 09:50:55 Started transferring input files
	Transferring to host: <128.142.128.210:9618?addrs=128.142.128.210-9618+[2001-1458-301-10--100-d1]-9618&alias=b7g25p9236.cern.ch&noUDP&sock=slot1_5_10414_5ae1_86396>
...
040 (3316933.012.000) 01/13 09:50:55 Finished transferring input files
...
001 (3316933.012.000) 01/13 09:50:56 Job executing on host: <128.142.128.210:9618?addrs=128.142.128.210-9618+[2001-1458-301-10--100-d1]-9618&alias=b7g25p9236.cern.ch&noUDP&sock=startd_10373_97fb>
...
006 (3316933.012.000) 01/13 09:51:04 Image size of job updated: 320140
	155  -  MemoryUsage of job (MB)
	157828  -  ResidentSetSize of job (KB)
...
006 (3316933.012.000) 01/13 09:52:45 Image size of job updated: 1732104
	155  -  MemoryUsage of job (MB)
	157828  -  ResidentSetSize of job (KB)
...
040 (3316933.012.000) 01/13 09:52:45 Started transferring output files
...
040 (3316933.012.000) 01/13 09:52:45 Finished transferring output files
...
005 (3316933.012.000) 01/13 09:52:45 Job terminated.
	(1) Normal termination (return value 0)
		Usr 0 00:00:14, Sys 0 00:00:02  -  Run Remote Usage
		Usr 0 00:00:00, Sys 0 00:00:00  -  Run Local Usage
		Usr 0 00:00:14, Sys 0 00:00:02  -  Total Remote Usage
		Usr 0 00:00:00, Sys 0 00:00:00  -  Total Local Usage
	2699  -  Run Bytes Sent By Job
	10526  -  Run Bytes Received By Job
	2699  -  Total Bytes Sent By Job
	10526  -  Total Bytes Received By Job
	Partitionable Resources :    Usage  Request Allocated 
	   Cpus                 :                 4         4 
	   Disk (KB)            :       29        1   2731985 
	   Memory (MB)          :      155     8000      8000 

	Job terminated of its own accord at 2022-01-13T08:52:45Z.
...
