000 (3314667.011.000) 01/11 17:14:28 Job submitted from host: <188.185.70.244:9618?addrs=188.185.70.244-9618+[2001-1458-d00-7--100-2ee]-9618&alias=bigbird10.cern.ch&noUDP&sock=schedd_7001_aea1>
...
040 (3314667.011.000) 01/11 20:19:37 Started transferring input files
	Transferring to host: <188.184.162.79:9618?addrs=188.184.162.79-9618+[2001-1458-301-4a--100-49]-9618&alias=b7s11p8810.cern.ch&noUDP&sock=slot1_8_4300_7d28_26687>
...
040 (3314667.011.000) 01/11 20:19:37 Finished transferring input files
...
001 (3314667.011.000) 01/11 20:19:38 Job executing on host: <188.184.162.79:9618?addrs=188.184.162.79-9618+[2001-1458-301-4a--100-49]-9618&alias=b7s11p8810.cern.ch&noUDP&sock=startd_4071_f224>
...
006 (3314667.011.000) 01/11 20:19:46 Image size of job updated: 319932
	213  -  MemoryUsage of job (MB)
	217716  -  ResidentSetSize of job (KB)
...
006 (3314667.011.000) 01/11 20:24:46 Image size of job updated: 2543588
	1040  -  MemoryUsage of job (MB)
	1064952  -  ResidentSetSize of job (KB)
...
006 (3314667.011.000) 01/11 20:29:47 Image size of job updated: 2559972
	1056  -  MemoryUsage of job (MB)
	1081336  -  ResidentSetSize of job (KB)
...
006 (3314667.011.000) 01/11 20:34:47 Image size of job updated: 2868944
	1056  -  MemoryUsage of job (MB)
	1081336  -  ResidentSetSize of job (KB)
...
040 (3314667.011.000) 01/11 21:03:51 Started transferring output files
...
040 (3314667.011.000) 01/11 21:03:55 Finished transferring output files
...
005 (3314667.011.000) 01/11 21:03:55 Job terminated.
	(1) Normal termination (return value 0)
		Usr 0 00:32:04, Sys 0 00:00:09  -  Run Remote Usage
		Usr 0 00:00:00, Sys 0 00:00:00  -  Run Local Usage
		Usr 0 00:32:04, Sys 0 00:00:09  -  Total Remote Usage
		Usr 0 00:00:00, Sys 0 00:00:00  -  Total Local Usage
	19530236  -  Run Bytes Sent By Job
	10523  -  Run Bytes Received By Job
	19530236  -  Total Bytes Sent By Job
	10523  -  Total Bytes Received By Job
	Partitionable Resources :    Usage  Request Allocated 
	   Cpus                 :     0.98        4         4 
	   Disk (KB)            : 19106           1   3033045 
	   Memory (MB)          :  1056        8000      8000 

	Job terminated of its own accord at 2022-01-11T20:03:51Z.
...
