000 (3321557.007.000) 01/17 16:54:47 Job submitted from host: <188.185.70.244:9618?addrs=188.185.70.244-9618+[2001-1458-d00-7--100-2ee]-9618&alias=bigbird10.cern.ch&noUDP&sock=schedd_7001_aea1>
...
040 (3321557.007.000) 01/17 16:57:22 Started transferring input files
	Transferring to host: <128.142.58.96:9618?addrs=128.142.58.96-9618&alias=b7s03p6695.cern.ch&noUDP&sock=slot1_16_4869_669f_37828>
...
040 (3321557.007.000) 01/17 16:57:22 Finished transferring input files
...
001 (3321557.007.000) 01/17 16:57:23 Job executing on host: <128.142.58.96:9618?addrs=128.142.58.96-9618&alias=b7s03p6695.cern.ch&noUDP&sock=startd_4477_6d97>
...
006 (3321557.007.000) 01/17 16:57:32 Image size of job updated: 1256216
	188  -  MemoryUsage of job (MB)
	192404  -  ResidentSetSize of job (KB)
...
006 (3321557.007.000) 01/17 17:02:33 Image size of job updated: 2173708
	830  -  MemoryUsage of job (MB)
	849324  -  ResidentSetSize of job (KB)
...
006 (3321557.007.000) 01/17 17:07:33 Image size of job updated: 2696232
	1206  -  MemoryUsage of job (MB)
	1234028  -  ResidentSetSize of job (KB)
...
006 (3321557.007.000) 01/17 17:12:33 Image size of job updated: 3417100
	1703  -  MemoryUsage of job (MB)
	1743832  -  ResidentSetSize of job (KB)
...
006 (3321557.007.000) 01/17 17:14:48 Image size of job updated: 3729864
	1703  -  MemoryUsage of job (MB)
	1743832  -  ResidentSetSize of job (KB)
...
040 (3321557.007.000) 01/17 17:14:48 Started transferring output files
...
040 (3321557.007.000) 01/17 17:14:48 Finished transferring output files
...
005 (3321557.007.000) 01/17 17:14:48 Job terminated.
	(1) Normal termination (return value 0)
		Usr 0 00:05:31, Sys 0 00:00:13  -  Run Remote Usage
		Usr 0 00:00:00, Sys 0 00:00:00  -  Run Local Usage
		Usr 0 00:05:31, Sys 0 00:00:13  -  Total Remote Usage
		Usr 0 00:00:00, Sys 0 00:00:00  -  Total Local Usage
	25272  -  Run Bytes Sent By Job
	10523  -  Run Bytes Received By Job
	25272  -  Total Bytes Sent By Job
	10523  -  Total Bytes Received By Job
	Partitionable Resources :    Usage  Request Allocated 
	   Cpus                 :     0.93        4         4 
	   Disk (KB)            :    58           1   1277594 
	   Memory (MB)          :  1703        8000      8000 

	Job terminated of its own accord at 2022-01-17T16:14:48Z.
...
