000 (3342156.000.000) 01/20 16:47:46 Job submitted from host: <188.185.70.244:9618?addrs=188.185.70.244-9618+[2001-1458-d00-7--100-2ee]-9618&alias=bigbird10.cern.ch&noUDP&sock=schedd_7001_aea1>
...
040 (3342156.000.000) 01/20 16:55:27 Entered queue to transfer input files
	Transferring to host: <128.142.61.145:9618?addrs=128.142.61.145-9618+[2001-1458-301-23--100-90]-9618&alias=b7s06p8186.cern.ch&noUDP&sock=slot1_14_3646_afcd_36772>
...
040 (3342156.000.000) 01/20 16:56:31 Started transferring input files
	Seconds spent in queue: 64
...
040 (3342156.000.000) 01/20 16:56:31 Finished transferring input files
...
001 (3342156.000.000) 01/20 16:56:32 Job executing on host: <128.142.61.145:9618?addrs=128.142.61.145-9618+[2001-1458-301-23--100-90]-9618&alias=b7s06p8186.cern.ch&noUDP&sock=startd_2980_9c50>
...
006 (3342156.000.000) 01/20 16:56:40 Image size of job updated: 542040
	194  -  MemoryUsage of job (MB)
	198332  -  ResidentSetSize of job (KB)
...
006 (3342156.000.000) 01/20 17:01:40 Image size of job updated: 1651964
	196  -  MemoryUsage of job (MB)
	200280  -  ResidentSetSize of job (KB)
...
006 (3342156.000.000) 01/20 17:06:41 Image size of job updated: 1651964
	196  -  MemoryUsage of job (MB)
	200320  -  ResidentSetSize of job (KB)
...
006 (3342156.000.000) 01/20 17:11:42 Image size of job updated: 1651964
	196  -  MemoryUsage of job (MB)
	200356  -  ResidentSetSize of job (KB)
...
006 (3342156.000.000) 01/20 17:16:42 Image size of job updated: 1651964
	196  -  MemoryUsage of job (MB)
	200396  -  ResidentSetSize of job (KB)
...
006 (3342156.000.000) 01/20 17:21:42 Image size of job updated: 1651964
	196  -  MemoryUsage of job (MB)
	200432  -  ResidentSetSize of job (KB)
...
040 (3342156.000.000) 01/20 17:26:43 Entered queue to transfer output files
...
040 (3342156.000.000) 01/20 17:28:25 Started transferring output files
	Seconds spent in queue: 1978
...
040 (3342156.000.000) 01/20 17:28:25 Finished transferring output files
...
005 (3342156.000.000) 01/20 17:28:25 Job terminated.
	(1) Normal termination (return value 1)
		Usr 0 00:00:03, Sys 0 00:00:02  -  Run Remote Usage
		Usr 0 00:00:00, Sys 0 00:00:00  -  Run Local Usage
		Usr 0 00:00:03, Sys 0 00:00:02  -  Total Remote Usage
		Usr 0 00:00:00, Sys 0 00:00:00  -  Total Local Usage
	719  -  Run Bytes Sent By Job
	11207  -  Run Bytes Received By Job
	719  -  Total Bytes Sent By Job
	11207  -  Total Bytes Received By Job
	Partitionable Resources :    Usage  Request Allocated 
	   Cpus                 :        0        4         4 
	   Disk (KB)            :       35        1   1296546 
	   Memory (MB)          :      196     8000      8000 

	Job terminated of its own accord at 2022-01-20T16:26:38Z.
...
