000 (3316909.000.000) 01/13 09:39:20 Job submitted from host: <188.185.70.244:9618?addrs=188.185.70.244-9618+[2001-1458-d00-7--100-2ee]-9618&alias=bigbird10.cern.ch&noUDP&sock=schedd_7001_aea1>
...
040 (3316909.000.000) 01/13 09:40:22 Started transferring input files
	Transferring to host: <188.184.163.110:9618?addrs=188.184.163.110-9618+[2001-1458-301-4d--100-68]-9618&alias=b7s12p9672.cern.ch&noUDP&sock=slot1_11_3424_4484_27778>
...
040 (3316909.000.000) 01/13 09:40:22 Finished transferring input files
...
001 (3316909.000.000) 01/13 09:40:23 Job executing on host: <188.184.163.110:9618?addrs=188.184.163.110-9618+[2001-1458-301-4d--100-68]-9618&alias=b7s12p9672.cern.ch&noUDP&sock=startd_2943_3b4f>
...
006 (3316909.000.000) 01/13 09:40:33 Image size of job updated: 459972
	128  -  MemoryUsage of job (MB)
	131072  -  ResidentSetSize of job (KB)
...
006 (3316909.000.000) 01/13 09:45:34 Image size of job updated: 2545476
	1042  -  MemoryUsage of job (MB)
	1066844  -  ResidentSetSize of job (KB)
...
006 (3316909.000.000) 01/13 09:55:34 Image size of job updated: 2826168
	1042  -  MemoryUsage of job (MB)
	1066844  -  ResidentSetSize of job (KB)
...
040 (3316909.000.000) 01/13 11:19:35 Started transferring output files
...
040 (3316909.000.000) 01/13 11:19:37 Finished transferring output files
...
005 (3316909.000.000) 01/13 11:19:37 Job terminated.
	(1) Normal termination (return value 0)
		Usr 0 01:20:36, Sys 0 00:00:15  -  Run Remote Usage
		Usr 0 00:00:00, Sys 0 00:00:00  -  Run Local Usage
		Usr 0 01:20:36, Sys 0 00:00:15  -  Total Remote Usage
		Usr 0 00:00:00, Sys 0 00:00:00  -  Total Local Usage
	19531704  -  Run Bytes Sent By Job
	10523  -  Run Bytes Received By Job
	19531704  -  Total Bytes Sent By Job
	10523  -  Total Bytes Received By Job
	Partitionable Resources :    Usage  Request Allocated 
	   Cpus                 :     0.21        4         4 
	   Disk (KB)            : 19108           1   2919980 
	   Memory (MB)          :  1042        8000      8000 

	Job terminated of its own accord at 2022-01-13T10:19:34Z.
...
