000 (3335563.006.000) 01/19 10:21:55 Job submitted from host: <188.185.70.244:9618?addrs=188.185.70.244-9618+[2001-1458-d00-7--100-2ee]-9618&alias=bigbird10.cern.ch&noUDP&sock=schedd_7001_aea1>
...
040 (3335563.006.000) 01/19 10:28:27 Started transferring input files
	Transferring to host: <128.142.59.130:9618?addrs=128.142.59.130-9618&alias=b7s04p1504.cern.ch&noUDP&sock=slot1_2_5959_678b_34211>
...
040 (3335563.006.000) 01/19 10:28:27 Finished transferring input files
...
001 (3335563.006.000) 01/19 10:28:28 Job executing on host: <128.142.59.130:9618?addrs=128.142.59.130-9618&alias=b7s04p1504.cern.ch&noUDP&sock=startd_5597_a7a9>
...
006 (3335563.006.000) 01/19 10:28:36 Image size of job updated: 1256328
	155  -  MemoryUsage of job (MB)
	157844  -  ResidentSetSize of job (KB)
...
006 (3335563.006.000) 01/19 10:33:36 Image size of job updated: 2016796
	939  -  MemoryUsage of job (MB)
	960720  -  ResidentSetSize of job (KB)
...
006 (3335563.006.000) 01/19 10:38:37 Image size of job updated: 2734160
	1056  -  MemoryUsage of job (MB)
	1080584  -  ResidentSetSize of job (KB)
...
006 (3335563.006.000) 01/19 10:43:38 Image size of job updated: 2854924
	1337  -  MemoryUsage of job (MB)
	1368812  -  ResidentSetSize of job (KB)
...
006 (3335563.006.000) 01/19 10:48:38 Image size of job updated: 3533404
	1607  -  MemoryUsage of job (MB)
	1644548  -  ResidentSetSize of job (KB)
...
006 (3335563.006.000) 01/19 10:53:38 Image size of job updated: 3763792
	1896  -  MemoryUsage of job (MB)
	1941244  -  ResidentSetSize of job (KB)
...
006 (3335563.006.000) 01/19 10:58:39 Image size of job updated: 4327356
	2298  -  MemoryUsage of job (MB)
	2352764  -  ResidentSetSize of job (KB)
...
006 (3335563.006.000) 01/19 11:03:40 Image size of job updated: 4615528
	2708  -  MemoryUsage of job (MB)
	2772224  -  ResidentSetSize of job (KB)
...
006 (3335563.006.000) 01/19 11:08:40 Image size of job updated: 5066956
	3113  -  MemoryUsage of job (MB)
	3187488  -  ResidentSetSize of job (KB)
...
040 (3335563.006.000) 01/19 11:10:17 Started transferring output files
...
040 (3335563.006.000) 01/19 11:10:17 Finished transferring output files
...
005 (3335563.006.000) 01/19 11:10:17 Job terminated.
	(1) Normal termination (return value 0)
		Usr 0 00:15:17, Sys 0 00:00:19  -  Run Remote Usage
		Usr 0 00:00:00, Sys 0 00:00:00  -  Run Local Usage
		Usr 0 00:15:17, Sys 0 00:00:19  -  Total Remote Usage
		Usr 0 00:00:00, Sys 0 00:00:00  -  Total Local Usage
	1244  -  Run Bytes Sent By Job
	11206  -  Run Bytes Received By Job
	1244  -  Total Bytes Sent By Job
	11206  -  Total Bytes Received By Job
	Partitionable Resources :    Usage  Request Allocated 
	   Cpus                 :     1.00        4         4 
	   Disk (KB)            :    35           1   1240992 
	   Memory (MB)          :  3113        8000      8000 

	Job terminated of its own accord at 2022-01-19T10:10:17Z.
...
