000 (3314889.011.000) 01/12 10:56:57 Job submitted from host: <188.185.70.244:9618?addrs=188.185.70.244-9618+[2001-1458-d00-7--100-2ee]-9618&alias=bigbird10.cern.ch&noUDP&sock=schedd_7001_aea1>
...
040 (3314889.011.000) 01/12 10:58:28 Started transferring input files
	Transferring to host: <188.184.164.201:9618?addrs=188.184.164.201-9618+[2001-1458-301-4e--100-c3]-9618&alias=b7s13p8130.cern.ch&noUDP&sock=slot1_5_4493_7990_25916>
...
040 (3314889.011.000) 01/12 10:58:28 Finished transferring input files
...
001 (3314889.011.000) 01/12 10:58:29 Job executing on host: <188.184.164.201:9618?addrs=188.184.164.201-9618+[2001-1458-301-4e--100-c3]-9618&alias=b7s13p8130.cern.ch&noUDP&sock=startd_4301_b4ec>
...
006 (3314889.011.000) 01/12 10:58:38 Image size of job updated: 2560
	2  -  MemoryUsage of job (MB)
	1696  -  ResidentSetSize of job (KB)
...
006 (3314889.011.000) 01/12 11:03:38 Image size of job updated: 1925024
	459  -  MemoryUsage of job (MB)
	469528  -  ResidentSetSize of job (KB)
...
006 (3314889.011.000) 01/12 11:08:38 Image size of job updated: 2121600
	649  -  MemoryUsage of job (MB)
	664444  -  ResidentSetSize of job (KB)
...
006 (3314889.011.000) 01/12 11:13:40 Image size of job updated: 2311916
	780  -  MemoryUsage of job (MB)
	798500  -  ResidentSetSize of job (KB)
...
040 (3314889.011.000) 01/12 11:18:24 Started transferring output files
...
040 (3314889.011.000) 01/12 11:18:24 Finished transferring output files
...
004 (3314889.011.000) 01/12 11:18:24 Job was evicted.
	(0) CPU times
		Usr 0 00:05:18, Sys 0 00:00:04  -  Run Remote Usage
		Usr 0 00:00:00, Sys 0 00:00:00  -  Run Local Usage
	41157  -  Run Bytes Sent By Job
	10532  -  Run Bytes Received By Job
	Partitionable Resources :    Usage  Request Allocated 
	   Cpus                 :     0.21        4         4 
	   Disk (KB)            :    74           1   2908163 
	   Memory (MB)          :   780        8000      8000 
...
009 (3314889.011.000) 01/12 11:18:24 Job was aborted.
	via condor_rm (by user vdamante)
...
