000 (3321557.002.000) 01/17 16:54:47 Job submitted from host: <188.185.70.244:9618?addrs=188.185.70.244-9618+[2001-1458-d00-7--100-2ee]-9618&alias=bigbird10.cern.ch&noUDP&sock=schedd_7001_aea1>
...
040 (3321557.002.000) 01/17 16:57:22 Started transferring input files
	Transferring to host: <128.142.59.79:9618?addrs=128.142.59.79-9618&alias=b7s04p7395.cern.ch&noUDP&sock=slot1_6_4927_4461_36626>
...
040 (3321557.002.000) 01/17 16:57:22 Finished transferring input files
...
001 (3321557.002.000) 01/17 16:57:23 Job executing on host: <128.142.59.79:9618?addrs=128.142.59.79-9618&alias=b7s04p7395.cern.ch&noUDP&sock=startd_4581_c371>
...
006 (3321557.002.000) 01/17 16:57:32 Image size of job updated: 1256472
	229  -  MemoryUsage of job (MB)
	234392  -  ResidentSetSize of job (KB)
...
006 (3321557.002.000) 01/17 17:02:33 Image size of job updated: 2025496
	556  -  MemoryUsage of job (MB)
	569124  -  ResidentSetSize of job (KB)
...
006 (3321557.002.000) 01/17 17:07:34 Image size of job updated: 2202756
	731  -  MemoryUsage of job (MB)
	748004  -  ResidentSetSize of job (KB)
...
006 (3321557.002.000) 01/17 17:12:34 Image size of job updated: 2569972
	1090  -  MemoryUsage of job (MB)
	1115688  -  ResidentSetSize of job (KB)
...
006 (3321557.002.000) 01/17 17:17:34 Image size of job updated: 2815972
	1324  -  MemoryUsage of job (MB)
	1354892  -  ResidentSetSize of job (KB)
...
006 (3321557.002.000) 01/17 17:22:35 Image size of job updated: 3243056
	1934  -  MemoryUsage of job (MB)
	1979860  -  ResidentSetSize of job (KB)
...
006 (3321557.002.000) 01/17 17:27:36 Image size of job updated: 3798104
	2064  -  MemoryUsage of job (MB)
	2113392  -  ResidentSetSize of job (KB)
...
040 (3321557.002.000) 01/17 17:30:10 Entered queue to transfer output files
...
040 (3321557.002.000) 01/17 17:30:35 Started transferring output files
...
040 (3321557.002.000) 01/17 17:30:35 Finished transferring output files
...
005 (3321557.002.000) 01/17 17:30:35 Job terminated.
	(1) Normal termination (return value 0)
		Usr 0 00:05:46, Sys 0 00:00:18  -  Run Remote Usage
		Usr 0 00:00:00, Sys 0 00:00:00  -  Run Local Usage
		Usr 0 00:05:46, Sys 0 00:00:18  -  Total Remote Usage
		Usr 0 00:00:00, Sys 0 00:00:00  -  Total Local Usage
	25272  -  Run Bytes Sent By Job
	10523  -  Run Bytes Received By Job
	25272  -  Total Bytes Sent By Job
	10523  -  Total Bytes Received By Job
	Partitionable Resources :    Usage  Request Allocated 
	   Cpus                 :     0.08        4         4 
	   Disk (KB)            :    58           1   1328389 
	   Memory (MB)          :  2064        8000      8000 

	Job terminated of its own accord at 2022-01-17T16:30:05Z.
...
