000 (3342156.007.000) 01/20 16:47:46 Job submitted from host: <188.185.70.244:9618?addrs=188.185.70.244-9618+[2001-1458-d00-7--100-2ee]-9618&alias=bigbird10.cern.ch&noUDP&sock=schedd_7001_aea1>
...
040 (3342156.007.000) 01/20 16:55:28 Entered queue to transfer input files
	Transferring to host: <128.142.130.136:9618?addrs=128.142.130.136-9618+[2001-1458-301-58--100-7c]-9618&alias=b7g20p8611.cern.ch&noUDP&sock=slot1_12_6531_6e23_75693>
...
040 (3342156.007.000) 01/20 16:56:31 Started transferring input files
	Seconds spent in queue: 63
...
040 (3342156.007.000) 01/20 16:56:31 Finished transferring input files
...
001 (3342156.007.000) 01/20 16:56:32 Job executing on host: <128.142.130.136:9618?addrs=128.142.130.136-9618+[2001-1458-301-58--100-7c]-9618&alias=b7g20p8611.cern.ch&noUDP&sock=startd_6486_6f5b>
...
006 (3342156.007.000) 01/20 16:56:40 Image size of job updated: 452252
	172  -  MemoryUsage of job (MB)
	175660  -  ResidentSetSize of job (KB)
...
006 (3342156.007.000) 01/20 16:57:46 Image size of job updated: 1735900
	172  -  MemoryUsage of job (MB)
	175932  -  ResidentSetSize of job (KB)
...
040 (3342156.007.000) 01/20 16:57:51 Entered queue to transfer output files
...
040 (3342156.007.000) 01/20 17:07:18 Started transferring output files
	Seconds spent in queue: 710
...
040 (3342156.007.000) 01/20 17:07:18 Finished transferring output files
...
005 (3342156.007.000) 01/20 17:07:18 Job terminated.
	(1) Normal termination (return value 0)
		Usr 0 00:00:13, Sys 0 00:00:03  -  Run Remote Usage
		Usr 0 00:00:00, Sys 0 00:00:00  -  Run Local Usage
		Usr 0 00:00:13, Sys 0 00:00:03  -  Total Remote Usage
		Usr 0 00:00:00, Sys 0 00:00:00  -  Total Local Usage
	1342  -  Run Bytes Sent By Job
	11207  -  Run Bytes Received By Job
	1342  -  Total Bytes Sent By Job
	11207  -  Total Bytes Received By Job
	Partitionable Resources :    Usage  Request Allocated 
	   Cpus                 :        0        4         4 
	   Disk (KB)            :       36        1   1524218 
	   Memory (MB)          :      172     8000      8000 

	Job terminated of its own accord at 2022-01-20T15:57:46Z.
...
