000 (3342155.008.000) 01/20 16:47:31 Job submitted from host: <188.185.70.244:9618?addrs=188.185.70.244-9618+[2001-1458-d00-7--100-2ee]-9618&alias=bigbird10.cern.ch&noUDP&sock=schedd_7001_aea1>
...
040 (3342155.008.000) 01/20 16:55:25 Entered queue to transfer input files
	Transferring to host: <128.142.131.132:9618?addrs=128.142.131.132-9618+[2001-1458-301-59--100-78]-9618&alias=b7g11p3722.cern.ch&noUDP&sock=slot1_10_3595_c0ab_81648>
...
040 (3342155.008.000) 01/20 16:56:31 Started transferring input files
	Seconds spent in queue: 66
...
040 (3342155.008.000) 01/20 16:56:31 Finished transferring input files
...
001 (3342155.008.000) 01/20 16:56:32 Job executing on host: <128.142.131.132:9618?addrs=128.142.131.132-9618+[2001-1458-301-59--100-78]-9618&alias=b7g11p3722.cern.ch&noUDP&sock=startd_450_3db5>
...
006 (3342155.008.000) 01/20 16:56:40 Image size of job updated: 1228984
	155  -  MemoryUsage of job (MB)
	157888  -  ResidentSetSize of job (KB)
...
006 (3342155.008.000) 01/20 17:01:40 Image size of job updated: 1727416
	266  -  MemoryUsage of job (MB)
	272344  -  ResidentSetSize of job (KB)
...
040 (3342155.008.000) 01/20 17:05:56 Entered queue to transfer output files
...
040 (3342155.008.000) 01/20 17:07:28 Started transferring output files
	Seconds spent in queue: 723
...
040 (3342155.008.000) 01/20 17:07:28 Finished transferring output files
...
005 (3342155.008.000) 01/20 17:07:28 Job terminated.
	(1) Normal termination (return value 0)
		Usr 0 00:00:36, Sys 0 00:00:04  -  Run Remote Usage
		Usr 0 00:00:00, Sys 0 00:00:00  -  Run Local Usage
		Usr 0 00:00:36, Sys 0 00:00:04  -  Total Remote Usage
		Usr 0 00:00:00, Sys 0 00:00:00  -  Total Local Usage
	1437  -  Run Bytes Sent By Job
	11210  -  Run Bytes Received By Job
	1437  -  Total Bytes Sent By Job
	11210  -  Total Bytes Received By Job
	Partitionable Resources :    Usage  Request Allocated 
	   Cpus                 :     0.06        4         4 
	   Disk (KB)            :    36           1   1684702 
	   Memory (MB)          :   266        8000      8000 

	Job terminated of its own accord at 2022-01-20T16:05:51Z.
...
