000 (3314889.010.000) 01/12 10:56:57 Job submitted from host: <188.185.70.244:9618?addrs=188.185.70.244-9618+[2001-1458-d00-7--100-2ee]-9618&alias=bigbird10.cern.ch&noUDP&sock=schedd_7001_aea1>
...
040 (3314889.010.000) 01/12 10:58:28 Started transferring input files
	Transferring to host: <188.184.163.16:9618?addrs=188.184.163.16-9618+[2001-1458-301-4d--100-a]-9618&alias=b7s12p6208.cern.ch&noUDP&sock=slot1_13_3549_5769_25120>
...
040 (3314889.010.000) 01/12 10:58:28 Finished transferring input files
...
001 (3314889.010.000) 01/12 10:58:29 Job executing on host: <188.184.163.16:9618?addrs=188.184.163.16-9618+[2001-1458-301-4d--100-a]-9618&alias=b7s12p6208.cern.ch&noUDP&sock=startd_2995_e63c>
...
006 (3314889.010.000) 01/12 10:58:38 Image size of job updated: 144016
	67  -  MemoryUsage of job (MB)
	67612  -  ResidentSetSize of job (KB)
...
006 (3314889.010.000) 01/12 11:03:39 Image size of job updated: 1926688
	460  -  MemoryUsage of job (MB)
	470048  -  ResidentSetSize of job (KB)
...
006 (3314889.010.000) 01/12 11:13:40 Image size of job updated: 2122172
	649  -  MemoryUsage of job (MB)
	663904  -  ResidentSetSize of job (KB)
...
006 (3314889.010.000) 01/12 11:18:24 Image size of job updated: 2312500
	649  -  MemoryUsage of job (MB)
	663904  -  ResidentSetSize of job (KB)
...
040 (3314889.010.000) 01/12 11:18:24 Started transferring output files
...
040 (3314889.010.000) 01/12 11:18:24 Finished transferring output files
...
004 (3314889.010.000) 01/12 11:18:24 Job was evicted.
	(0) CPU times
		Usr 0 00:03:54, Sys 0 00:00:07  -  Run Remote Usage
		Usr 0 00:00:00, Sys 0 00:00:00  -  Run Local Usage
	24699  -  Run Bytes Sent By Job
	10532  -  Run Bytes Received By Job
	Partitionable Resources :    Usage  Request Allocated 
	   Cpus                 :     0.09        4         4 
	   Disk (KB)            :    58           1   2921883 
	   Memory (MB)          :   649        8000      8000 
...
009 (3314889.010.000) 01/12 11:18:24 Job was aborted.
	via condor_rm (by user vdamante)
...
