000 (3314889.007.000) 01/12 10:56:57 Job submitted from host: <188.185.70.244:9618?addrs=188.185.70.244-9618+[2001-1458-d00-7--100-2ee]-9618&alias=bigbird10.cern.ch&noUDP&sock=schedd_7001_aea1>
...
040 (3314889.007.000) 01/12 10:58:27 Started transferring input files
	Transferring to host: <188.184.162.36:9618?addrs=188.184.162.36-9618+[2001-1458-301-4a--100-1e]-9618&alias=b7s11p4418.cern.ch&noUDP&sock=slot1_3_3966_27da_25462>
...
040 (3314889.007.000) 01/12 10:58:27 Finished transferring input files
...
001 (3314889.007.000) 01/12 10:58:28 Job executing on host: <188.184.162.36:9618?addrs=188.184.162.36-9618+[2001-1458-301-4a--100-1e]-9618&alias=b7s11p4418.cern.ch&noUDP&sock=startd_3398_52e7>
...
006 (3314889.007.000) 01/12 10:58:37 Image size of job updated: 39368
	1  -  MemoryUsage of job (MB)
	732  -  ResidentSetSize of job (KB)
...
006 (3314889.007.000) 01/12 11:03:37 Image size of job updated: 1939564
	509  -  MemoryUsage of job (MB)
	520264  -  ResidentSetSize of job (KB)
...
006 (3314889.007.000) 01/12 11:08:37 Image size of job updated: 2324092
	792  -  MemoryUsage of job (MB)
	810684  -  ResidentSetSize of job (KB)
...
006 (3314889.007.000) 01/12 11:13:38 Image size of job updated: 2668024
	961  -  MemoryUsage of job (MB)
	983480  -  ResidentSetSize of job (KB)
...
006 (3314889.007.000) 01/12 11:18:24 Image size of job updated: 3063176
	961  -  MemoryUsage of job (MB)
	983480  -  ResidentSetSize of job (KB)
...
040 (3314889.007.000) 01/12 11:18:24 Started transferring output files
...
040 (3314889.007.000) 01/12 11:18:24 Finished transferring output files
...
004 (3314889.007.000) 01/12 11:18:24 Job was evicted.
	(0) CPU times
		Usr 0 00:08:04, Sys 0 00:00:11  -  Run Remote Usage
		Usr 0 00:00:00, Sys 0 00:00:00  -  Run Local Usage
	90601  -  Run Bytes Sent By Job
	10532  -  Run Bytes Received By Job
	Partitionable Resources :    Usage  Request Allocated 
	   Cpus                 :     0.98        4         4 
	   Disk (KB)            :   122           1   2747319 
	   Memory (MB)          :   961        8000      8000 
...
009 (3314889.007.000) 01/12 11:18:24 Job was aborted.
	via condor_rm (by user vdamante)
...
