000 (3314889.006.000) 01/12 10:56:57 Job submitted from host: <188.185.70.244:9618?addrs=188.185.70.244-9618+[2001-1458-d00-7--100-2ee]-9618&alias=bigbird10.cern.ch&noUDP&sock=schedd_7001_aea1>
...
040 (3314889.006.000) 01/12 10:58:27 Started transferring input files
	Transferring to host: <188.184.163.78:9618?addrs=188.184.163.78-9618+[2001-1458-301-4d--100-48]-9618&alias=b7s12p9878.cern.ch&noUDP&sock=slot1_11_3914_8458_25203>
...
040 (3314889.006.000) 01/12 10:58:27 Finished transferring input files
...
001 (3314889.006.000) 01/12 10:58:28 Job executing on host: <188.184.163.78:9618?addrs=188.184.163.78-9618+[2001-1458-301-4d--100-48]-9618&alias=b7s12p9878.cern.ch&noUDP&sock=startd_3229_6765>
...
006 (3314889.006.000) 01/12 10:58:37 Image size of job updated: 459968
	1  -  MemoryUsage of job (MB)
	500  -  ResidentSetSize of job (KB)
...
006 (3314889.006.000) 01/12 11:03:38 Image size of job updated: 1928304
	461  -  MemoryUsage of job (MB)
	471532  -  ResidentSetSize of job (KB)
...
006 (3314889.006.000) 01/12 11:08:38 Image size of job updated: 2118512
	645  -  MemoryUsage of job (MB)
	659808  -  ResidentSetSize of job (KB)
...
006 (3314889.006.000) 01/12 11:13:39 Image size of job updated: 2313092
	781  -  MemoryUsage of job (MB)
	798744  -  ResidentSetSize of job (KB)
...
006 (3314889.006.000) 01/12 11:18:24 Image size of job updated: 2538976
	781  -  MemoryUsage of job (MB)
	798744  -  ResidentSetSize of job (KB)
...
040 (3314889.006.000) 01/12 11:18:24 Started transferring output files
...
040 (3314889.006.000) 01/12 11:18:24 Finished transferring output files
...
004 (3314889.006.000) 01/12 11:18:24 Job was evicted.
	(0) CPU times
		Usr 0 00:03:51, Sys 0 00:00:05  -  Run Remote Usage
		Usr 0 00:00:00, Sys 0 00:00:00  -  Run Local Usage
	41171  -  Run Bytes Sent By Job
	10532  -  Run Bytes Received By Job
	Partitionable Resources :    Usage  Request Allocated 
	   Cpus                 :     0.04        4         4 
	   Disk (KB)            :    74           1   2906295 
	   Memory (MB)          :   781        8000      8000 
...
009 (3314889.006.000) 01/12 11:18:24 Job was aborted.
	via condor_rm (by user vdamante)
...
