000 (3316945.000.000) 01/13 10:23:01 Job submitted from host: <188.185.70.244:9618?addrs=188.185.70.244-9618+[2001-1458-d00-7--100-2ee]-9618&alias=bigbird10.cern.ch&noUDP&sock=schedd_7001_aea1>
...
040 (3316945.000.000) 01/13 10:27:19 Started transferring input files
	Transferring to host: <188.184.162.227:9618?addrs=188.184.162.227-9618+[2001-1458-301-4a--100-dd]-9618&alias=b7s11p3934.cern.ch&noUDP&sock=slot1_17_3968_909a_26955>
...
040 (3316945.000.000) 01/13 10:27:19 Finished transferring input files
...
001 (3316945.000.000) 01/13 10:27:20 Job executing on host: <188.184.162.227:9618?addrs=188.184.162.227-9618+[2001-1458-301-4a--100-dd]-9618&alias=b7s11p3934.cern.ch&noUDP&sock=startd_3307_e7c9>
...
006 (3316945.000.000) 01/13 10:27:28 Image size of job updated: 131860
	65  -  MemoryUsage of job (MB)
	66520  -  ResidentSetSize of job (KB)
...
006 (3316945.000.000) 01/13 10:32:28 Image size of job updated: 2048668
	580  -  MemoryUsage of job (MB)
	593888  -  ResidentSetSize of job (KB)
...
006 (3316945.000.000) 01/13 10:37:29 Image size of job updated: 2225948
	755  -  MemoryUsage of job (MB)
	773120  -  ResidentSetSize of job (KB)
...
006 (3316945.000.000) 01/13 10:42:29 Image size of job updated: 2654744
	1051  -  MemoryUsage of job (MB)
	1076028  -  ResidentSetSize of job (KB)
...
006 (3316945.000.000) 01/13 10:47:29 Image size of job updated: 2901288
	1253  -  MemoryUsage of job (MB)
	1282996  -  ResidentSetSize of job (KB)
...
006 (3316945.000.000) 01/13 10:52:30 Image size of job updated: 3175208
	1488  -  MemoryUsage of job (MB)
	1522856  -  ResidentSetSize of job (KB)
...
006 (3316945.000.000) 01/13 10:57:31 Image size of job updated: 3468216
	1754  -  MemoryUsage of job (MB)
	1795568  -  ResidentSetSize of job (KB)
...
006 (3316945.000.000) 01/13 11:02:31 Image size of job updated: 3780980
	2009  -  MemoryUsage of job (MB)
	2056992  -  ResidentSetSize of job (KB)
...
006 (3316945.000.000) 01/13 11:07:32 Image size of job updated: 4121752
	2009  -  MemoryUsage of job (MB)
	2056992  -  ResidentSetSize of job (KB)
...
040 (3316945.000.000) 01/13 11:07:32 Started transferring output files
...
040 (3316945.000.000) 01/13 11:07:32 Finished transferring output files
...
005 (3316945.000.000) 01/13 11:07:32 Job terminated.
	(1) Normal termination (return value 0)
		Usr 0 00:14:05, Sys 0 00:00:17  -  Run Remote Usage
		Usr 0 00:00:00, Sys 0 00:00:00  -  Run Local Usage
		Usr 0 00:14:05, Sys 0 00:00:17  -  Total Remote Usage
		Usr 0 00:00:00, Sys 0 00:00:00  -  Total Local Usage
	183806  -  Run Bytes Sent By Job
	10524  -  Run Bytes Received By Job
	183806  -  Total Bytes Sent By Job
	10524  -  Total Bytes Received By Job
	Partitionable Resources :    Usage  Request Allocated 
	   Cpus                 :     0.92        4         4 
	   Disk (KB)            :   213           1   2918584 
	   Memory (MB)          :  2009        8000      8000 

	Job terminated of its own accord at 2022-01-13T10:07:32Z.
...
