000 (3315598.005.000) 01/12 17:36:34 Job submitted from host: <188.185.70.244:9618?addrs=188.185.70.244-9618+[2001-1458-d00-7--100-2ee]-9618&alias=bigbird10.cern.ch&noUDP&sock=schedd_7001_aea1>
...
040 (3315598.005.000) 01/13 01:23:38 Started transferring input files
	Transferring to host: <128.142.59.93:9618?addrs=128.142.59.93-9618&alias=b7s04p6184.cern.ch&noUDP&sock=slot1_1_3621_126c_21423>
...
040 (3315598.005.000) 01/13 01:23:38 Finished transferring input files
...
001 (3315598.005.000) 01/13 01:23:39 Job executing on host: <128.142.59.93:9618?addrs=128.142.59.93-9618&alias=b7s04p6184.cern.ch&noUDP&sock=startd_3572_ac61>
...
006 (3315598.005.000) 01/13 01:23:48 Image size of job updated: 1228000
	303  -  MemoryUsage of job (MB)
	309304  -  ResidentSetSize of job (KB)
...
006 (3315598.005.000) 01/13 01:28:20 Image size of job updated: 3215868
	303  -  MemoryUsage of job (MB)
	309304  -  ResidentSetSize of job (KB)
...
040 (3315598.005.000) 01/13 01:28:20 Started transferring output files
...
040 (3315598.005.000) 01/13 01:28:20 Finished transferring output files
...
005 (3315598.005.000) 01/13 01:28:21 Job terminated.
	(1) Normal termination (return value 0)
		Usr 0 00:04:17, Sys 0 00:00:07  -  Run Remote Usage
		Usr 0 00:00:00, Sys 0 00:00:00  -  Run Local Usage
		Usr 0 00:04:17, Sys 0 00:00:07  -  Total Remote Usage
		Usr 0 00:00:00, Sys 0 00:00:00  -  Total Local Usage
	123717  -  Run Bytes Sent By Job
	10531  -  Run Bytes Received By Job
	123717  -  Total Bytes Sent By Job
	10531  -  Total Bytes Received By Job
	Partitionable Resources :    Usage  Request Allocated 
	   Cpus                 :     0.70        4         4 
	   Disk (KB)            :   152           1   1272481 
	   Memory (MB)          :   303        8000      8000 

	Job terminated of its own accord at 2022-01-13T00:28:20Z.
...
