000 (3316933.014.000) 01/13 09:45:39 Job submitted from host: <188.185.70.244:9618?addrs=188.185.70.244-9618+[2001-1458-d00-7--100-2ee]-9618&alias=bigbird10.cern.ch&noUDP&sock=schedd_7001_aea1>
...
040 (3316933.014.000) 01/13 09:50:53 Started transferring input files
	Transferring to host: <188.184.162.227:9618?addrs=188.184.162.227-9618+[2001-1458-301-4a--100-dd]-9618&alias=b7s11p3934.cern.ch&noUDP&sock=slot1_26_3968_909a_26900>
...
040 (3316933.014.000) 01/13 09:50:53 Finished transferring input files
...
001 (3316933.014.000) 01/13 09:50:54 Job executing on host: <188.184.162.227:9618?addrs=188.184.162.227-9618+[2001-1458-301-4a--100-dd]-9618&alias=b7s11p3934.cern.ch&noUDP&sock=startd_3307_e7c9>
...
006 (3316933.014.000) 01/13 09:51:03 Image size of job updated: 408668
	56  -  MemoryUsage of job (MB)
	56924  -  ResidentSetSize of job (KB)
...
006 (3316933.014.000) 01/13 09:53:20 Image size of job updated: 1731780
	56  -  MemoryUsage of job (MB)
	57092  -  ResidentSetSize of job (KB)
...
040 (3316933.014.000) 01/13 09:53:20 Started transferring output files
...
040 (3316933.014.000) 01/13 09:53:20 Finished transferring output files
...
005 (3316933.014.000) 01/13 09:53:20 Job terminated.
	(1) Normal termination (return value 0)
		Usr 0 00:00:23, Sys 0 00:00:03  -  Run Remote Usage
		Usr 0 00:00:00, Sys 0 00:00:00  -  Run Local Usage
		Usr 0 00:00:23, Sys 0 00:00:03  -  Total Remote Usage
		Usr 0 00:00:00, Sys 0 00:00:00  -  Total Local Usage
	2468  -  Run Bytes Sent By Job
	10526  -  Run Bytes Received By Job
	2468  -  Total Bytes Sent By Job
	10526  -  Total Bytes Received By Job
	Partitionable Resources :    Usage  Request Allocated 
	   Cpus                 :                 4         4 
	   Disk (KB)            :       29        1   2899126 
	   Memory (MB)          :       56     8000      8000 

	Job terminated of its own accord at 2022-01-13T08:53:20Z.
...
