000 (3314889.008.000) 01/12 10:56:57 Job submitted from host: <188.185.70.244:9618?addrs=188.185.70.244-9618+[2001-1458-d00-7--100-2ee]-9618&alias=bigbird10.cern.ch&noUDP&sock=schedd_7001_aea1>
...
040 (3314889.008.000) 01/12 10:58:27 Started transferring input files
	Transferring to host: <188.184.165.28:9618?addrs=188.184.165.28-9618&alias=b7s14p5349.cern.ch&noUDP&sock=slot1_20_4452_962e_26199>
...
040 (3314889.008.000) 01/12 10:58:27 Finished transferring input files
...
001 (3314889.008.000) 01/12 10:58:28 Job executing on host: <188.184.165.28:9618?addrs=188.184.165.28-9618&alias=b7s14p5349.cern.ch&noUDP&sock=startd_4229_521a>
...
006 (3314889.008.000) 01/12 10:58:37 Image size of job updated: 1275864
	155  -  MemoryUsage of job (MB)
	157792  -  ResidentSetSize of job (KB)
...
006 (3314889.008.000) 01/12 11:03:38 Image size of job updated: 1939348
	465  -  MemoryUsage of job (MB)
	475808  -  ResidentSetSize of job (KB)
...
006 (3314889.008.000) 01/12 11:18:24 Image size of job updated: 2135076
	465  -  MemoryUsage of job (MB)
	475808  -  ResidentSetSize of job (KB)
...
040 (3314889.008.000) 01/12 11:18:24 Started transferring output files
...
040 (3314889.008.000) 01/12 11:18:24 Finished transferring output files
...
004 (3314889.008.000) 01/12 11:18:24 Job was evicted.
	(0) CPU times
		Usr 0 00:02:34, Sys 0 00:00:07  -  Run Remote Usage
		Usr 0 00:00:00, Sys 0 00:00:00  -  Run Local Usage
	21318  -  Run Bytes Sent By Job
	10532  -  Run Bytes Received By Job
	Partitionable Resources :    Usage  Request Allocated 
	   Cpus                 :     0.09        4         4 
	   Disk (KB)            :    52           1   2982956 
	   Memory (MB)          :   465        8000      8000 
...
009 (3314889.008.000) 01/12 11:18:24 Job was aborted.
	via condor_rm (by user vdamante)
...
