000 (3338425.000.000) 01/19 19:04:05 Job submitted from host: <188.185.70.244:9618?addrs=188.185.70.244-9618+[2001-1458-d00-7--100-2ee]-9618&alias=bigbird10.cern.ch&noUDP&sock=schedd_7001_aea1>
...
040 (3338425.000.000) 01/19 21:32:31 Started transferring input files
	Transferring to host: <128.142.58.48:9618?addrs=128.142.58.48-9618+[2001-1458-301-16--100-2f]-9618&alias=b7s03p3272.cern.ch&noUDP&sock=slot1_4_5244_9f4e_34275>
...
040 (3338425.000.000) 01/19 21:32:31 Finished transferring input files
...
001 (3338425.000.000) 01/19 21:32:32 Job executing on host: <128.142.58.48:9618?addrs=128.142.58.48-9618+[2001-1458-301-16--100-2f]-9618&alias=b7s03p3272.cern.ch&noUDP&sock=startd_4878_7b11>
...
006 (3338425.000.000) 01/19 21:32:41 Image size of job updated: 722272
	136  -  MemoryUsage of job (MB)
	138824  -  ResidentSetSize of job (KB)
...
006 (3338425.000.000) 01/19 21:37:42 Image size of job updated: 2041208
	563  -  MemoryUsage of job (MB)
	575600  -  ResidentSetSize of job (KB)
...
006 (3338425.000.000) 01/19 21:42:42 Image size of job updated: 2741420
	1072  -  MemoryUsage of job (MB)
	1097540  -  ResidentSetSize of job (KB)
...
006 (3338425.000.000) 01/19 21:47:43 Image size of job updated: 3076716
	1343  -  MemoryUsage of job (MB)
	1375100  -  ResidentSetSize of job (KB)
...
006 (3338425.000.000) 01/19 21:52:44 Image size of job updated: 3432780
	1674  -  MemoryUsage of job (MB)
	1713492  -  ResidentSetSize of job (KB)
...
006 (3338425.000.000) 01/19 21:57:44 Image size of job updated: 3777760
	1931  -  MemoryUsage of job (MB)
	1977204  -  ResidentSetSize of job (KB)
...
006 (3338425.000.000) 01/19 22:02:44 Image size of job updated: 4329104
	2244  -  MemoryUsage of job (MB)
	2297164  -  ResidentSetSize of job (KB)
...
006 (3338425.000.000) 01/19 22:07:45 Image size of job updated: 4616740
	2688  -  MemoryUsage of job (MB)
	2751940  -  ResidentSetSize of job (KB)
...
006 (3338425.000.000) 01/19 22:12:46 Image size of job updated: 4616740
	2733  -  MemoryUsage of job (MB)
	2798504  -  ResidentSetSize of job (KB)
...
006 (3338425.000.000) 01/19 22:17:14 Image size of job updated: 5087144
	2734  -  MemoryUsage of job (MB)
	2798672  -  ResidentSetSize of job (KB)
...
040 (3338425.000.000) 01/19 22:17:14 Started transferring output files
...
040 (3338425.000.000) 01/19 22:17:14 Finished transferring output files
...
005 (3338425.000.000) 01/19 22:17:14 Job terminated.
	(1) Normal termination (return value 0)
		Usr 0 00:17:45, Sys 0 00:00:20  -  Run Remote Usage
		Usr 0 00:00:00, Sys 0 00:00:00  -  Run Local Usage
		Usr 0 00:17:45, Sys 0 00:00:20  -  Total Remote Usage
		Usr 0 00:00:00, Sys 0 00:00:00  -  Total Local Usage
	4358  -  Run Bytes Sent By Job
	11206  -  Run Bytes Received By Job
	4358  -  Total Bytes Sent By Job
	11206  -  Total Bytes Received By Job
	Partitionable Resources :    Usage  Request Allocated 
	   Cpus                 :     0.93        4         4 
	   Disk (KB)            :    39           1   1341940 
	   Memory (MB)          :  2734        8000      8000 

	Job terminated of its own accord at 2022-01-19T21:17:10Z.
...
