000 (3315598.015.000) 01/12 17:36:34 Job submitted from host: <188.185.70.244:9618?addrs=188.185.70.244-9618+[2001-1458-d00-7--100-2ee]-9618&alias=bigbird10.cern.ch&noUDP&sock=schedd_7001_aea1>
...
040 (3315598.015.000) 01/13 01:24:06 Started transferring input files
	Transferring to host: <188.184.160.182:9618?addrs=188.184.160.182-9618+[2001-1458-301-48--100-b0]-9618&alias=b7s09p4497.cern.ch&noUDP&sock=slot1_12_174789_699d_544>
...
040 (3315598.015.000) 01/13 01:24:06 Finished transferring input files
...
001 (3315598.015.000) 01/13 01:24:07 Job executing on host: <188.184.160.182:9618?addrs=188.184.160.182-9618+[2001-1458-301-48--100-b0]-9618&alias=b7s09p4497.cern.ch&noUDP&sock=startd_174751_3ab4>
...
006 (3315598.015.000) 01/13 01:24:15 Image size of job updated: 319656
	164  -  MemoryUsage of job (MB)
	167248  -  ResidentSetSize of job (KB)
...
006 (3315598.015.000) 01/13 01:29:15 Image size of job updated: 2118660
	645  -  MemoryUsage of job (MB)
	660260  -  ResidentSetSize of job (KB)
...
006 (3315598.015.000) 01/13 01:34:16 Image size of job updated: 2533452
	943  -  MemoryUsage of job (MB)
	964976  -  ResidentSetSize of job (KB)
...
006 (3315598.015.000) 01/13 01:39:16 Image size of job updated: 2775908
	1126  -  MemoryUsage of job (MB)
	1152528  -  ResidentSetSize of job (KB)
...
006 (3315598.015.000) 01/13 01:44:16 Image size of job updated: 3055812
	1374  -  MemoryUsage of job (MB)
	1406612  -  ResidentSetSize of job (KB)
...
006 (3315598.015.000) 01/13 01:49:17 Image size of job updated: 3343180
	1621  -  MemoryUsage of job (MB)
	1659420  -  ResidentSetSize of job (KB)
...
040 (3315598.015.000) 01/13 01:49:38 Started transferring output files
...
040 (3315598.015.000) 01/13 01:49:38 Finished transferring output files
...
005 (3315598.015.000) 01/13 01:49:38 Job terminated.
	(1) Normal termination (return value 0)
		Usr 0 00:13:50, Sys 0 00:00:15  -  Run Remote Usage
		Usr 0 00:00:00, Sys 0 00:00:00  -  Run Local Usage
		Usr 0 00:13:50, Sys 0 00:00:15  -  Total Remote Usage
		Usr 0 00:00:00, Sys 0 00:00:00  -  Total Local Usage
	118613  -  Run Bytes Sent By Job
	10531  -  Run Bytes Received By Job
	118613  -  Total Bytes Sent By Job
	10531  -  Total Bytes Received By Job
	Partitionable Resources :    Usage  Request Allocated 
	   Cpus                 :     0.53        4         4 
	   Disk (KB)            :   150           1   1421672 
	   Memory (MB)          :  1621        8000      8000 

	Job terminated of its own accord at 2022-01-13T00:49:38Z.
...
