000 (3316954.015.000) 01/13 10:24:13 Job submitted from host: <188.185.70.244:9618?addrs=188.185.70.244-9618+[2001-1458-d00-7--100-2ee]-9618&alias=bigbird10.cern.ch&noUDP&sock=schedd_7001_aea1>
...
040 (3316954.015.000) 01/13 11:15:41 Started transferring input files
	Transferring to host: <128.142.33.217:9618?addrs=128.142.33.217-9618+[2001-1458-301-39--100-16]-9618&alias=b7g24p0798.cern.ch&noUDP&sock=slot1_8_30158_ca03_110101>
...
040 (3316954.015.000) 01/13 11:15:41 Finished transferring input files
...
001 (3316954.015.000) 01/13 11:15:42 Job executing on host: <128.142.33.217:9618?addrs=128.142.33.217-9618+[2001-1458-301-39--100-16]-9618&alias=b7g24p0798.cern.ch&noUDP&sock=startd_4888_5704>
...
006 (3316954.015.000) 01/13 11:15:51 Image size of job updated: 320144
	155  -  MemoryUsage of job (MB)
	157844  -  ResidentSetSize of job (KB)
...
006 (3316954.015.000) 01/13 11:20:52 Image size of job updated: 1916004
	449  -  MemoryUsage of job (MB)
	459544  -  ResidentSetSize of job (KB)
...
006 (3316954.015.000) 01/13 11:35:53 Image size of job updated: 2150552
	672  -  MemoryUsage of job (MB)
	687332  -  ResidentSetSize of job (KB)
...
006 (3316954.015.000) 01/13 11:45:55 Image size of job updated: 2349796
	814  -  MemoryUsage of job (MB)
	833148  -  ResidentSetSize of job (KB)
...
006 (3316954.015.000) 01/13 11:55:55 Image size of job updated: 2582840
	967  -  MemoryUsage of job (MB)
	989688  -  ResidentSetSize of job (KB)
...
006 (3316954.015.000) 01/13 12:05:56 Image size of job updated: 2666436
	1185  -  MemoryUsage of job (MB)
	1213404  -  ResidentSetSize of job (KB)
...
006 (3316954.015.000) 01/13 12:15:57 Image size of job updated: 2957208
	1439  -  MemoryUsage of job (MB)
	1473516  -  ResidentSetSize of job (KB)
...
006 (3316954.015.000) 01/13 12:25:58 Image size of job updated: 3454556
	1705  -  MemoryUsage of job (MB)
	1745544  -  ResidentSetSize of job (KB)
...
006 (3316954.015.000) 01/13 12:35:59 Image size of job updated: 3454556
	1709  -  MemoryUsage of job (MB)
	1749428  -  ResidentSetSize of job (KB)
...
006 (3316954.015.000) 01/13 12:40:59 Image size of job updated: 3789128
	2002  -  MemoryUsage of job (MB)
	2049624  -  ResidentSetSize of job (KB)
...
006 (3316954.015.000) 01/13 12:45:59 Image size of job updated: 3789128
	2004  -  MemoryUsage of job (MB)
	2052040  -  ResidentSetSize of job (KB)
...
006 (3316954.015.000) 01/13 12:51:00 Image size of job updated: 4144752
	2268  -  MemoryUsage of job (MB)
	2322204  -  ResidentSetSize of job (KB)
...
040 (3316954.015.000) 01/13 12:56:36 Started transferring output files
...
040 (3316954.015.000) 01/13 12:56:36 Finished transferring output files
...
005 (3316954.015.000) 01/13 12:56:36 Job terminated.
	(1) Normal termination (return value 0)
		Usr 0 00:14:06, Sys 0 00:00:27  -  Run Remote Usage
		Usr 0 00:00:00, Sys 0 00:00:00  -  Run Local Usage
		Usr 0 00:14:06, Sys 0 00:00:27  -  Total Remote Usage
		Usr 0 00:00:00, Sys 0 00:00:00  -  Total Local Usage
	181632  -  Run Bytes Sent By Job
	10531  -  Run Bytes Received By Job
	181632  -  Total Bytes Sent By Job
	10531  -  Total Bytes Received By Job
	Partitionable Resources :    Usage  Request Allocated 
	   Cpus                 :     0.20        4         4 
	   Disk (KB)            :   211           1   2993301 
	   Memory (MB)          :  2268        8000      8000 

	Job terminated of its own accord at 2022-01-13T11:56:35Z.
...
