000 (3338410.000.000) 01/19 18:49:35 Job submitted from host: <188.185.70.244:9618?addrs=188.185.70.244-9618+[2001-1458-d00-7--100-2ee]-9618&alias=bigbird10.cern.ch&noUDP&sock=schedd_7001_aea1>
...
040 (3338410.000.000) 01/19 18:58:05 Started transferring input files
	Transferring to host: <128.142.63.37:9618?addrs=128.142.63.37-9618+[2001-1458-301-38--100-22]-9618&alias=b7s08p3742.cern.ch&noUDP&sock=slot1_2_3214_4dbc_7225>
...
040 (3338410.000.000) 01/19 18:58:05 Finished transferring input files
...
001 (3338410.000.000) 01/19 18:58:06 Job executing on host: <128.142.63.37:9618?addrs=128.142.63.37-9618+[2001-1458-301-38--100-22]-9618&alias=b7s08p3742.cern.ch&noUDP&sock=startd_2836_d6ad>
...
006 (3338410.000.000) 01/19 18:58:15 Image size of job updated: 1270240
	155  -  MemoryUsage of job (MB)
	157880  -  ResidentSetSize of job (KB)
...
006 (3338410.000.000) 01/19 19:03:03 Image size of job updated: 1922756
	155  -  MemoryUsage of job (MB)
	157880  -  ResidentSetSize of job (KB)
...
040 (3338410.000.000) 01/19 19:03:03 Started transferring output files
...
040 (3338410.000.000) 01/19 19:03:03 Finished transferring output files
...
004 (3338410.000.000) 01/19 19:03:03 Job was evicted.
	(0) CPU times
		Usr 0 00:00:58, Sys 0 00:00:03  -  Run Remote Usage
		Usr 0 00:00:00, Sys 0 00:00:00  -  Run Local Usage
	0  -  Run Bytes Sent By Job
	11206  -  Run Bytes Received By Job
	Partitionable Resources :    Usage  Request Allocated 
	   Cpus                 :                 4         4 
	   Disk (KB)            :       27        1   1310902 
	   Memory (MB)          :      155     8000      8000 
...
009 (3338410.000.000) 01/19 19:03:03 Job was aborted.
	via condor_rm (by user vdamante)
...
