000 (3315588.012.000) 01/12 17:29:04 Job submitted from host: <188.185.70.244:9618?addrs=188.185.70.244-9618+[2001-1458-d00-7--100-2ee]-9618&alias=bigbird10.cern.ch&noUDP&sock=schedd_7001_aea1>
...
040 (3315588.012.000) 01/12 22:23:45 Started transferring input files
	Transferring to host: <128.142.61.78:9618?addrs=128.142.61.78-9618&alias=b7s06p9763.cern.ch&noUDP&sock=slot1_14_3634_3b4d_26911>
...
040 (3315588.012.000) 01/12 22:23:45 Finished transferring input files
...
001 (3315588.012.000) 01/12 22:23:46 Job executing on host: <128.142.61.78:9618?addrs=128.142.61.78-9618&alias=b7s06p9763.cern.ch&noUDP&sock=startd_3570_4d31>
...
006 (3315588.012.000) 01/12 22:23:54 Image size of job updated: 26228
	11  -  MemoryUsage of job (MB)
	10484  -  ResidentSetSize of job (KB)
...
006 (3315588.012.000) 01/12 22:25:37 Image size of job updated: 1735224
	11  -  MemoryUsage of job (MB)
	10488  -  ResidentSetSize of job (KB)
...
040 (3315588.012.000) 01/12 22:25:37 Started transferring output files
...
040 (3315588.012.000) 01/12 22:25:37 Finished transferring output files
...
005 (3315588.012.000) 01/12 22:25:37 Job terminated.
	(1) Normal termination (return value 0)
		Usr 0 00:00:15, Sys 0 00:00:02  -  Run Remote Usage
		Usr 0 00:00:00, Sys 0 00:00:00  -  Run Local Usage
		Usr 0 00:00:15, Sys 0 00:00:02  -  Total Remote Usage
		Usr 0 00:00:00, Sys 0 00:00:00  -  Total Local Usage
	7547  -  Run Bytes Sent By Job
	10526  -  Run Bytes Received By Job
	7547  -  Total Bytes Sent By Job
	10526  -  Total Bytes Received By Job
	Partitionable Resources :    Usage  Request Allocated 
	   Cpus                 :                 4         4 
	   Disk (KB)            :       32        1    583310 
	   Memory (MB)          :       11     8000      8000 

	Job terminated of its own accord at 2022-01-12T21:25:37Z.
...
