000 (3321557.010.000) 01/17 16:54:47 Job submitted from host: <188.185.70.244:9618?addrs=188.185.70.244-9618+[2001-1458-d00-7--100-2ee]-9618&alias=bigbird10.cern.ch&noUDP&sock=schedd_7001_aea1>
...
040 (3321557.010.000) 01/17 16:57:25 Started transferring input files
	Transferring to host: <128.142.63.48:9618?addrs=128.142.63.48-9618+[2001-1458-301-38--100-2d]-9618&alias=b7s08p3920.cern.ch&noUDP&sock=slot1_10_3577_11eb_36915>
...
040 (3321557.010.000) 01/17 16:57:25 Finished transferring input files
...
001 (3321557.010.000) 01/17 16:57:26 Job executing on host: <128.142.63.48:9618?addrs=128.142.63.48-9618+[2001-1458-301-38--100-2d]-9618&alias=b7s08p3920.cern.ch&noUDP&sock=startd_2878_a5a7>
...
006 (3321557.010.000) 01/17 16:57:35 Image size of job updated: 403900
	301  -  MemoryUsage of job (MB)
	308100  -  ResidentSetSize of job (KB)
...
006 (3321557.010.000) 01/17 17:02:36 Image size of job updated: 3272332
	1568  -  MemoryUsage of job (MB)
	1605536  -  ResidentSetSize of job (KB)
...
006 (3321557.010.000) 01/17 17:04:27 Image size of job updated: 3410452
	1568  -  MemoryUsage of job (MB)
	1605536  -  ResidentSetSize of job (KB)
...
040 (3321557.010.000) 01/17 17:04:27 Started transferring output files
...
040 (3321557.010.000) 01/17 17:04:27 Finished transferring output files
...
005 (3321557.010.000) 01/17 17:04:27 Job terminated.
	(1) Normal termination (return value 0)
		Usr 0 00:06:19, Sys 0 00:00:12  -  Run Remote Usage
		Usr 0 00:00:00, Sys 0 00:00:00  -  Run Local Usage
		Usr 0 00:06:19, Sys 0 00:00:12  -  Total Remote Usage
		Usr 0 00:00:00, Sys 0 00:00:00  -  Total Local Usage
	30120  -  Run Bytes Sent By Job
	10523  -  Run Bytes Received By Job
	30120  -  Total Bytes Sent By Job
	10523  -  Total Bytes Received By Job
	Partitionable Resources :    Usage  Request Allocated 
	   Cpus                 :     1.00        4         4 
	   Disk (KB)            :    60           1   1312564 
	   Memory (MB)          :  1568        8000      8000 

	Job terminated of its own accord at 2022-01-17T16:04:27Z.
...
