000 (3342156.006.000) 01/20 16:47:46 Job submitted from host: <188.185.70.244:9618?addrs=188.185.70.244-9618+[2001-1458-d00-7--100-2ee]-9618&alias=bigbird10.cern.ch&noUDP&sock=schedd_7001_aea1>
...
040 (3342156.006.000) 01/20 16:55:28 Entered queue to transfer input files
	Transferring to host: <128.142.132.140:9618?addrs=128.142.132.140-9618+[2001-1458-301-5a--100-80]-9618&alias=b7g12p9587.cern.ch&noUDP&sock=slot1_17_26557_8f11_105038>
...
040 (3342156.006.000) 01/20 16:56:31 Started transferring input files
	Seconds spent in queue: 63
...
040 (3342156.006.000) 01/20 16:56:31 Finished transferring input files
...
001 (3342156.006.000) 01/20 16:56:32 Job executing on host: <128.142.132.140:9618?addrs=128.142.132.140-9618+[2001-1458-301-5a--100-80]-9618&alias=b7g12p9587.cern.ch&noUDP&sock=startd_37904_91db>
...
006 (3342156.006.000) 01/20 16:56:40 Image size of job updated: 268436
	184  -  MemoryUsage of job (MB)
	187736  -  ResidentSetSize of job (KB)
...
006 (3342156.006.000) 01/20 16:56:56 Image size of job updated: 1747812
	184  -  MemoryUsage of job (MB)
	187752  -  ResidentSetSize of job (KB)
...
040 (3342156.006.000) 01/20 16:57:01 Entered queue to transfer output files
...
040 (3342156.006.000) 01/20 16:57:24 Started transferring output files
	Seconds spent in queue: 116
...
040 (3342156.006.000) 01/20 16:57:24 Finished transferring output files
...
005 (3342156.006.000) 01/20 16:57:24 Job terminated.
	(1) Normal termination (return value 0)
		Usr 0 00:00:12, Sys 0 00:00:02  -  Run Remote Usage
		Usr 0 00:00:00, Sys 0 00:00:00  -  Run Local Usage
		Usr 0 00:00:12, Sys 0 00:00:02  -  Total Remote Usage
		Usr 0 00:00:00, Sys 0 00:00:00  -  Total Local Usage
	1342  -  Run Bytes Sent By Job
	11207  -  Run Bytes Received By Job
	1342  -  Total Bytes Sent By Job
	11207  -  Total Bytes Received By Job
	Partitionable Resources :    Usage  Request Allocated 
	   Cpus                 :                 4         4 
	   Disk (KB)            :       29        1   1657358 
	   Memory (MB)          :      184     8000      8000 

	Job terminated of its own accord at 2022-01-20T15:56:56Z.
...
