000 (3338425.012.000) 01/19 19:04:05 Job submitted from host: <188.185.70.244:9618?addrs=188.185.70.244-9618+[2001-1458-d00-7--100-2ee]-9618&alias=bigbird10.cern.ch&noUDP&sock=schedd_7001_aea1>
...
040 (3338425.012.000) 01/19 21:32:36 Started transferring input files
	Transferring to host: <188.184.163.198:9618?addrs=188.184.163.198-9618+[2001-1458-301-4d--100-c0]-9618&alias=b7s12p7446.cern.ch&noUDP&sock=slot1_11_3928_6199_33324>
...
040 (3338425.012.000) 01/19 21:32:36 Finished transferring input files
...
001 (3338425.012.000) 01/19 21:32:37 Job executing on host: <188.184.163.198:9618?addrs=188.184.163.198-9618+[2001-1458-301-4d--100-c0]-9618&alias=b7s12p7446.cern.ch&noUDP&sock=startd_3234_d55f>
...
006 (3338425.012.000) 01/19 21:32:46 Image size of job updated: 452248
	135  -  MemoryUsage of job (MB)
	137304  -  ResidentSetSize of job (KB)
...
006 (3338425.012.000) 01/19 21:37:47 Image size of job updated: 1734156
	274  -  MemoryUsage of job (MB)
	279860  -  ResidentSetSize of job (KB)
...
006 (3338425.012.000) 01/19 21:42:47 Image size of job updated: 2159136
	557  -  MemoryUsage of job (MB)
	570108  -  ResidentSetSize of job (KB)
...
006 (3338425.012.000) 01/19 22:22:50 Image size of job updated: 2523464
	947  -  MemoryUsage of job (MB)
	968892  -  ResidentSetSize of job (KB)
...
006 (3338425.012.000) 01/19 22:47:52 Image size of job updated: 2523464
	1124  -  MemoryUsage of job (MB)
	1150168  -  ResidentSetSize of job (KB)
...
006 (3338425.012.000) 01/19 22:52:52 Image size of job updated: 2742096
	1124  -  MemoryUsage of job (MB)
	1150168  -  ResidentSetSize of job (KB)
...
006 (3338425.012.000) 01/19 23:17:56 Image size of job updated: 3071804
	1353  -  MemoryUsage of job (MB)
	1385060  -  ResidentSetSize of job (KB)
...
006 (3338425.012.000) 01/19 23:42:57 Image size of job updated: 3426904
	1672  -  MemoryUsage of job (MB)
	1711196  -  ResidentSetSize of job (KB)
...
006 (3338425.012.000) 01/20 00:03:00 Image size of job updated: 3790380
	1931  -  MemoryUsage of job (MB)
	1976740  -  ResidentSetSize of job (KB)
...
006 (3338425.012.000) 01/20 00:28:02 Image size of job updated: 3790380
	1932  -  MemoryUsage of job (MB)
	1977912  -  ResidentSetSize of job (KB)
...
006 (3338425.012.000) 01/20 00:33:02 Image size of job updated: 4229216
	2328  -  MemoryUsage of job (MB)
	2383364  -  ResidentSetSize of job (KB)
...
006 (3338425.012.000) 01/20 04:13:26 Image size of job updated: 4644300
	2733  -  MemoryUsage of job (MB)
	2798332  -  ResidentSetSize of job (KB)
...
006 (3338425.012.000) 01/20 04:18:26 Image size of job updated: 4644300
	2737  -  MemoryUsage of job (MB)
	2801700  -  ResidentSetSize of job (KB)
...
006 (3338425.012.000) 01/20 04:23:26 Image size of job updated: 5221580
	3189  -  MemoryUsage of job (MB)
	3265512  -  ResidentSetSize of job (KB)
...
040 (3338425.012.000) 01/20 05:33:06 Started transferring output files
...
040 (3338425.012.000) 01/20 05:33:06 Finished transferring output files
...
009 (3338425.012.000) 01/20 05:33:06 Job was aborted.
	Job removed by SYSTEM_PERIODIC_REMOVE due to wall time exceeded allowed max.
...
