000 (3342155.013.000) 01/20 16:47:31 Job submitted from host: <188.185.70.244:9618?addrs=188.185.70.244-9618+[2001-1458-d00-7--100-2ee]-9618&alias=bigbird10.cern.ch&noUDP&sock=schedd_7001_aea1>
...
040 (3342155.013.000) 01/20 16:55:26 Entered queue to transfer input files
	Transferring to host: <128.142.130.136:9618?addrs=128.142.130.136-9618+[2001-1458-301-58--100-7c]-9618&alias=b7g20p8611.cern.ch&noUDP&sock=slot1_15_6531_6e23_75692>
...
040 (3342155.013.000) 01/20 16:56:31 Started transferring input files
	Seconds spent in queue: 65
...
040 (3342155.013.000) 01/20 16:56:31 Finished transferring input files
...
001 (3342155.013.000) 01/20 16:56:32 Job executing on host: <128.142.130.136:9618?addrs=128.142.130.136-9618+[2001-1458-301-58--100-7c]-9618&alias=b7g20p8611.cern.ch&noUDP&sock=startd_6486_6f5b>
...
006 (3342155.013.000) 01/20 16:56:40 Image size of job updated: 452256
	174  -  MemoryUsage of job (MB)
	177356  -  ResidentSetSize of job (KB)
...
006 (3342155.013.000) 01/20 16:56:42 Image size of job updated: 452256
	174  -  MemoryUsage of job (MB)
	177480  -  ResidentSetSize of job (KB)
...
040 (3342155.013.000) 01/20 16:56:47 Entered queue to transfer output files
...
040 (3342155.013.000) 01/20 16:57:24 Started transferring output files
	Seconds spent in queue: 118
...
040 (3342155.013.000) 01/20 16:57:24 Finished transferring output files
...
005 (3342155.013.000) 01/20 16:57:24 Job terminated.
	(1) Normal termination (return value 1)
		Usr 0 00:00:05, Sys 0 00:00:02  -  Run Remote Usage
		Usr 0 00:00:00, Sys 0 00:00:00  -  Run Local Usage
		Usr 0 00:00:05, Sys 0 00:00:02  -  Total Remote Usage
		Usr 0 00:00:00, Sys 0 00:00:00  -  Total Local Usage
	23945  -  Run Bytes Sent By Job
	11210  -  Run Bytes Received By Job
	23945  -  Total Bytes Sent By Job
	11210  -  Total Bytes Received By Job
	Partitionable Resources :    Usage  Request Allocated 
	   Cpus                 :                 4         4 
	   Disk (KB)            :       51        1   1524220 
	   Memory (MB)          :      174     8000      8000 

	Job terminated of its own accord at 2022-01-20T15:56:42Z.
...
