000 (3314661.012.000) 01/11 17:12:21 Job submitted from host: <188.185.70.244:9618?addrs=188.185.70.244-9618+[2001-1458-d00-7--100-2ee]-9618&alias=bigbird10.cern.ch&noUDP&sock=schedd_7001_aea1>
...
040 (3314661.012.000) 01/11 20:19:07 Started transferring input files
	Transferring to host: <128.142.56.63:9618?addrs=128.142.56.63-9618+[2001-1458-301-6--100-3e]-9618&alias=b7s01p2370.cern.ch&noUDP&sock=slot1_5_3587_1dab_29180>
...
040 (3314661.012.000) 01/11 20:19:07 Finished transferring input files
...
001 (3314661.012.000) 01/11 20:19:08 Job executing on host: <128.142.56.63:9618?addrs=128.142.56.63-9618+[2001-1458-301-6--100-3e]-9618&alias=b7s01p2370.cern.ch&noUDP&sock=startd_2846_b2a0>
...
006 (3314661.012.000) 01/11 20:19:16 Image size of job updated: 263688
	125  -  MemoryUsage of job (MB)
	127148  -  ResidentSetSize of job (KB)
...
006 (3314661.012.000) 01/11 20:19:41 Image size of job updated: 1746072
	125  -  MemoryUsage of job (MB)
	127164  -  ResidentSetSize of job (KB)
...
040 (3314661.012.000) 01/11 20:19:41 Started transferring output files
...
040 (3314661.012.000) 01/11 20:19:41 Finished transferring output files
...
005 (3314661.012.000) 01/11 20:19:41 Job terminated.
	(1) Normal termination (return value 0)
		Usr 0 00:00:14, Sys 0 00:00:02  -  Run Remote Usage
		Usr 0 00:00:00, Sys 0 00:00:00  -  Run Local Usage
		Usr 0 00:00:14, Sys 0 00:00:02  -  Total Remote Usage
		Usr 0 00:00:00, Sys 0 00:00:00  -  Total Local Usage
	7378  -  Run Bytes Sent By Job
	10526  -  Run Bytes Received By Job
	7378  -  Total Bytes Sent By Job
	10526  -  Total Bytes Received By Job
	Partitionable Resources :    Usage  Request Allocated 
	   Cpus                 :                 4         4 
	   Disk (KB)            :       31        1   1346172 
	   Memory (MB)          :      125     8000      8000 

	Job terminated of its own accord at 2022-01-11T19:19:41Z.
...
