000 (3314889.003.000) 01/12 10:56:57 Job submitted from host: <188.185.70.244:9618?addrs=188.185.70.244-9618+[2001-1458-d00-7--100-2ee]-9618&alias=bigbird10.cern.ch&noUDP&sock=schedd_7001_aea1>
...
040 (3314889.003.000) 01/12 10:57:20 Started transferring input files
	Transferring to host: <128.142.57.141:9618?addrs=128.142.57.141-9618+[2001-1458-301-7--100-8c]-9618&alias=b7s02p8923.cern.ch&noUDP&sock=slot1_5_3583_4c2b_26588>
...
040 (3314889.003.000) 01/12 10:57:20 Finished transferring input files
...
001 (3314889.003.000) 01/12 10:57:21 Job executing on host: <128.142.57.141:9618?addrs=128.142.57.141-9618+[2001-1458-301-7--100-8c]-9618&alias=b7s02p8923.cern.ch&noUDP&sock=startd_2876_4677>
...
006 (3314889.003.000) 01/12 10:57:29 Image size of job updated: 705440
	155  -  MemoryUsage of job (MB)
	157820  -  ResidentSetSize of job (KB)
...
006 (3314889.003.000) 01/12 11:02:29 Image size of job updated: 1731836
	271  -  MemoryUsage of job (MB)
	277060  -  ResidentSetSize of job (KB)
...
006 (3314889.003.000) 01/12 11:07:30 Image size of job updated: 1922400
	458  -  MemoryUsage of job (MB)
	468524  -  ResidentSetSize of job (KB)
...
006 (3314889.003.000) 01/12 11:12:31 Image size of job updated: 1925020
	458  -  MemoryUsage of job (MB)
	468524  -  ResidentSetSize of job (KB)
...
040 (3314889.003.000) 01/12 11:18:23 Started transferring output files
...
040 (3314889.003.000) 01/12 11:18:23 Finished transferring output files
...
004 (3314889.003.000) 01/12 11:18:23 Job was evicted.
	(0) CPU times
		Usr 0 00:00:21, Sys 0 00:00:02  -  Run Remote Usage
		Usr 0 00:00:00, Sys 0 00:00:00  -  Run Local Usage
	0  -  Run Bytes Sent By Job
	10532  -  Run Bytes Received By Job
	Partitionable Resources :    Usage  Request Allocated 
	   Cpus                 :     0.00        4         4 
	   Disk (KB)            :    34           1   1263781 
	   Memory (MB)          :   458        8000      8000 
...
009 (3314889.003.000) 01/12 11:18:23 Job was aborted.
	via condor_rm (by user vdamante)
...
