000 (3314661.005.000) 01/11 17:12:21 Job submitted from host: <188.185.70.244:9618?addrs=188.185.70.244-9618+[2001-1458-d00-7--100-2ee]-9618&alias=bigbird10.cern.ch&noUDP&sock=schedd_7001_aea1>
...
040 (3314661.005.000) 01/11 20:19:04 Started transferring input files
	Transferring to host: <128.142.63.37:9618?addrs=128.142.63.37-9618+[2001-1458-301-38--100-22]-9618&alias=b7s08p3742.cern.ch&noUDP&sock=slot1_24_3614_23cc_29038>
...
040 (3314661.005.000) 01/11 20:19:04 Finished transferring input files
...
001 (3314661.005.000) 01/11 20:19:05 Job executing on host: <128.142.63.37:9618?addrs=128.142.63.37-9618+[2001-1458-301-38--100-22]-9618&alias=b7s08p3742.cern.ch&noUDP&sock=startd_2965_5265>
...
006 (3314661.005.000) 01/11 20:19:14 Image size of job updated: 320120
	155  -  MemoryUsage of job (MB)
	157820  -  ResidentSetSize of job (KB)
...
006 (3314661.005.000) 01/11 20:24:15 Image size of job updated: 1731860
	271  -  MemoryUsage of job (MB)
	276520  -  ResidentSetSize of job (KB)
...
040 (3314661.005.000) 01/11 20:27:31 Started transferring output files
...
040 (3314661.005.000) 01/11 20:27:31 Finished transferring output files
...
005 (3314661.005.000) 01/11 20:27:31 Job terminated.
	(1) Normal termination (return value 0)
		Usr 0 00:00:09, Sys 0 00:00:02  -  Run Remote Usage
		Usr 0 00:00:00, Sys 0 00:00:00  -  Run Local Usage
		Usr 0 00:00:09, Sys 0 00:00:02  -  Total Remote Usage
		Usr 0 00:00:00, Sys 0 00:00:00  -  Total Local Usage
	2297  -  Run Bytes Sent By Job
	10526  -  Run Bytes Received By Job
	2297  -  Total Bytes Sent By Job
	10526  -  Total Bytes Received By Job
	Partitionable Resources :    Usage  Request Allocated 
	   Cpus                 :     0.01        4         4 
	   Disk (KB)            :    36           1   1328392 
	   Memory (MB)          :   271        8000      8000 

	Job terminated of its own accord at 2022-01-11T19:27:30Z.
...
