000 (3321557.004.000) 01/17 16:54:47 Job submitted from host: <188.185.70.244:9618?addrs=188.185.70.244-9618+[2001-1458-d00-7--100-2ee]-9618&alias=bigbird10.cern.ch&noUDP&sock=schedd_7001_aea1>
...
040 (3321557.004.000) 01/17 16:57:23 Started transferring input files
	Transferring to host: <128.142.63.94:9618?addrs=128.142.63.94-9618&alias=b7s08p7224.cern.ch&noUDP&sock=slot1_10_3141_de59_1537>
...
040 (3321557.004.000) 01/17 16:57:23 Finished transferring input files
...
001 (3321557.004.000) 01/17 16:57:24 Job executing on host: <128.142.63.94:9618?addrs=128.142.63.94-9618&alias=b7s08p7224.cern.ch&noUDP&sock=startd_2624_6c99>
...
006 (3321557.004.000) 01/17 16:57:33 Image size of job updated: 164428
	155  -  MemoryUsage of job (MB)
	157860  -  ResidentSetSize of job (KB)
...
006 (3321557.004.000) 01/17 17:02:34 Image size of job updated: 2009940
	542  -  MemoryUsage of job (MB)
	554068  -  ResidentSetSize of job (KB)
...
006 (3321557.004.000) 01/17 17:07:35 Image size of job updated: 2181932
	710  -  MemoryUsage of job (MB)
	726660  -  ResidentSetSize of job (KB)
...
006 (3321557.004.000) 01/17 17:12:35 Image size of job updated: 2340416
	866  -  MemoryUsage of job (MB)
	886456  -  ResidentSetSize of job (KB)
...
006 (3321557.004.000) 01/17 17:17:35 Image size of job updated: 2503072
	1025  -  MemoryUsage of job (MB)
	1049560  -  ResidentSetSize of job (KB)
...
006 (3321557.004.000) 01/17 17:22:37 Image size of job updated: 2503072
	1026  -  MemoryUsage of job (MB)
	1049640  -  ResidentSetSize of job (KB)
...
006 (3321557.004.000) 01/17 17:32:37 Image size of job updated: 2866168
	1295  -  MemoryUsage of job (MB)
	1325852  -  ResidentSetSize of job (KB)
...
006 (3321557.004.000) 01/17 17:57:40 Image size of job updated: 2988472
	1467  -  MemoryUsage of job (MB)
	1501448  -  ResidentSetSize of job (KB)
...
006 (3321557.004.000) 01/17 18:27:42 Image size of job updated: 3433180
	1717  -  MemoryUsage of job (MB)
	1757224  -  ResidentSetSize of job (KB)
...
006 (3321557.004.000) 01/17 19:37:49 Image size of job updated: 3433180
	1717  -  MemoryUsage of job (MB)
	1757228  -  ResidentSetSize of job (KB)
...
006 (3321557.004.000) 01/17 20:07:53 Image size of job updated: 3695320
	1968  -  MemoryUsage of job (MB)
	2014532  -  ResidentSetSize of job (KB)
...
040 (3321557.004.000) 01/17 20:59:00 Started transferring output files
...
040 (3321557.004.000) 01/17 20:59:08 Finished transferring output files
...
005 (3321557.004.000) 01/17 20:59:09 Job terminated.
	(1) Normal termination (return value 0)
		Usr 0 00:16:36, Sys 0 00:00:49  -  Run Remote Usage
		Usr 0 00:00:00, Sys 0 00:00:00  -  Run Local Usage
		Usr 0 00:16:36, Sys 0 00:00:49  -  Total Remote Usage
		Usr 0 00:00:00, Sys 0 00:00:00  -  Total Local Usage
	25272  -  Run Bytes Sent By Job
	10523  -  Run Bytes Received By Job
	25272  -  Total Bytes Sent By Job
	10523  -  Total Bytes Received By Job
	Partitionable Resources :    Usage  Request Allocated 
	   Cpus                 :     0.00        4         4 
	   Disk (KB)            :    57           1   1285405 
	   Memory (MB)          :  1968        8000      8000 

	Job terminated of its own accord at 2022-01-17T19:59:00Z.
...
