000 (3316933.010.000) 01/13 09:45:39 Job submitted from host: <188.185.70.244:9618?addrs=188.185.70.244-9618+[2001-1458-d00-7--100-2ee]-9618&alias=bigbird10.cern.ch&noUDP&sock=schedd_7001_aea1>
...
040 (3316933.010.000) 01/13 09:50:52 Started transferring input files
	Transferring to host: <128.142.57.45:9618?addrs=128.142.57.45-9618&alias=b7s02p9411.cern.ch&noUDP&sock=slot1_9_3596_750b_27409>
...
040 (3316933.010.000) 01/13 09:50:52 Finished transferring input files
...
001 (3316933.010.000) 01/13 09:50:53 Job executing on host: <128.142.57.45:9618?addrs=128.142.57.45-9618&alias=b7s02p9411.cern.ch&noUDP&sock=startd_2771_4105>
...
006 (3316933.010.000) 01/13 09:51:02 Image size of job updated: 559920
	155  -  MemoryUsage of job (MB)
	157820  -  ResidentSetSize of job (KB)
...
006 (3316933.010.000) 01/13 09:52:32 Image size of job updated: 1735740
	155  -  MemoryUsage of job (MB)
	157820  -  ResidentSetSize of job (KB)
...
040 (3316933.010.000) 01/13 09:52:32 Started transferring output files
...
040 (3316933.010.000) 01/13 09:52:32 Finished transferring output files
...
005 (3316933.010.000) 01/13 09:52:32 Job terminated.
	(1) Normal termination (return value 0)
		Usr 0 00:00:14, Sys 0 00:00:02  -  Run Remote Usage
		Usr 0 00:00:00, Sys 0 00:00:00  -  Run Local Usage
		Usr 0 00:00:14, Sys 0 00:00:02  -  Total Remote Usage
		Usr 0 00:00:00, Sys 0 00:00:00  -  Total Local Usage
	2466  -  Run Bytes Sent By Job
	10526  -  Run Bytes Received By Job
	2466  -  Total Bytes Sent By Job
	10526  -  Total Bytes Received By Job
	Partitionable Resources :    Usage  Request Allocated 
	   Cpus                 :                 4         4 
	   Disk (KB)            :       29        1   1274566 
	   Memory (MB)          :      155     8000      8000 

	Job terminated of its own accord at 2022-01-13T08:52:32Z.
...
