000 (3316933.011.000) 01/13 09:45:39 Job submitted from host: <188.185.70.244:9618?addrs=188.185.70.244-9618+[2001-1458-d00-7--100-2ee]-9618&alias=bigbird10.cern.ch&noUDP&sock=schedd_7001_aea1>
...
040 (3316933.011.000) 01/13 09:50:53 Started transferring input files
	Transferring to host: <188.184.164.45:9618?addrs=188.184.164.45-9618&alias=b7s13p2390.cern.ch&noUDP&sock=slot1_9_4406_2cec_26410>
...
040 (3316933.011.000) 01/13 09:50:53 Finished transferring input files
...
001 (3316933.011.000) 01/13 09:50:54 Job executing on host: <188.184.164.45:9618?addrs=188.184.164.45-9618&alias=b7s13p2390.cern.ch&noUDP&sock=startd_4180_b5f6>
...
006 (3316933.011.000) 01/13 09:51:03 Image size of job updated: 143280
	42  -  MemoryUsage of job (MB)
	42180  -  ResidentSetSize of job (KB)
...
006 (3316933.011.000) 01/13 09:53:15 Image size of job updated: 1735900
	42  -  MemoryUsage of job (MB)
	42196  -  ResidentSetSize of job (KB)
...
040 (3316933.011.000) 01/13 09:53:16 Started transferring output files
...
040 (3316933.011.000) 01/13 09:53:16 Finished transferring output files
...
005 (3316933.011.000) 01/13 09:53:16 Job terminated.
	(1) Normal termination (return value 0)
		Usr 0 00:00:22, Sys 0 00:00:03  -  Run Remote Usage
		Usr 0 00:00:00, Sys 0 00:00:00  -  Run Local Usage
		Usr 0 00:00:22, Sys 0 00:00:03  -  Total Remote Usage
		Usr 0 00:00:00, Sys 0 00:00:00  -  Total Local Usage
	2466  -  Run Bytes Sent By Job
	10526  -  Run Bytes Received By Job
	2466  -  Total Bytes Sent By Job
	10526  -  Total Bytes Received By Job
	Partitionable Resources :    Usage  Request Allocated 
	   Cpus                 :                 4         4 
	   Disk (KB)            :       29        1   3007895 
	   Memory (MB)          :       42     8000      8000 

	Job terminated of its own accord at 2022-01-13T08:53:15Z.
...
