000 (3314661.004.000) 01/11 17:12:21 Job submitted from host: <188.185.70.244:9618?addrs=188.185.70.244-9618+[2001-1458-d00-7--100-2ee]-9618&alias=bigbird10.cern.ch&noUDP&sock=schedd_7001_aea1>
...
040 (3314661.004.000) 01/11 20:19:04 Started transferring input files
	Transferring to host: <128.142.59.26:9618?addrs=128.142.59.26-9618+[2001-1458-301-21--100-19]-9618&alias=b7s04p9552.cern.ch&noUDP&sock=slot1_21_6091_6911_29045>
...
040 (3314661.004.000) 01/11 20:19:04 Finished transferring input files
...
001 (3314661.004.000) 01/11 20:19:05 Job executing on host: <128.142.59.26:9618?addrs=128.142.59.26-9618+[2001-1458-301-21--100-19]-9618&alias=b7s04p9552.cern.ch&noUDP&sock=startd_6043_92e7>
...
006 (3314661.004.000) 01/11 20:19:14 Image size of job updated: 320132
	155  -  MemoryUsage of job (MB)
	157828  -  ResidentSetSize of job (KB)
...
006 (3314661.004.000) 01/11 20:24:15 Image size of job updated: 1751280
	271  -  MemoryUsage of job (MB)
	277308  -  ResidentSetSize of job (KB)
...
006 (3314661.004.000) 01/11 20:39:16 Image size of job updated: 1751280
	271  -  MemoryUsage of job (MB)
	277316  -  ResidentSetSize of job (KB)
...
040 (3314661.004.000) 01/11 20:41:45 Started transferring output files
...
040 (3314661.004.000) 01/11 20:41:45 Finished transferring output files
...
005 (3314661.004.000) 01/11 20:41:45 Job terminated.
	(1) Normal termination (return value 0)
		Usr 0 00:00:33, Sys 0 00:00:03  -  Run Remote Usage
		Usr 0 00:00:00, Sys 0 00:00:00  -  Run Local Usage
		Usr 0 00:00:33, Sys 0 00:00:03  -  Total Remote Usage
		Usr 0 00:00:00, Sys 0 00:00:00  -  Total Local Usage
	2542  -  Run Bytes Sent By Job
	10526  -  Run Bytes Received By Job
	2542  -  Total Bytes Sent By Job
	10526  -  Total Bytes Received By Job
	Partitionable Resources :    Usage  Request Allocated 
	   Cpus                 :     0.03        4         4 
	   Disk (KB)            :    36           1   1321111 
	   Memory (MB)          :   271        8000      8000 

	Job terminated of its own accord at 2022-01-11T19:41:45Z.
...
