000 (3314872.002.000) 01/12 10:12:21 Job submitted from host: <188.185.70.244:9618?addrs=188.185.70.244-9618+[2001-1458-d00-7--100-2ee]-9618&alias=bigbird10.cern.ch&noUDP&sock=schedd_7001_aea1>
...
040 (3314872.002.000) 01/12 10:40:59 Started transferring input files
	Transferring to host: <128.142.57.112:9618?addrs=128.142.57.112-9618+[2001-1458-301-7--100-6f]-9618&alias=b7s02p9938.cern.ch&noUDP&sock=slot1_1_5580_5d5c_26223>
...
040 (3314872.002.000) 01/12 10:40:59 Finished transferring input files
...
001 (3314872.002.000) 01/12 10:41:00 Job executing on host: <128.142.57.112:9618?addrs=128.142.57.112-9618+[2001-1458-301-7--100-6f]-9618&alias=b7s02p9938.cern.ch&noUDP&sock=startd_5124_375e>
...
006 (3314872.002.000) 01/12 10:41:08 Image size of job updated: 3892
	0  -  MemoryUsage of job (MB)
	0  -  ResidentSetSize of job (KB)
...
040 (3314872.002.000) 01/12 10:41:08 Started transferring output files
...
040 (3314872.002.000) 01/12 10:41:08 Finished transferring output files
...
005 (3314872.002.000) 01/12 10:41:08 Job terminated.
	(1) Normal termination (return value 1)
		Usr 0 00:00:00, Sys 0 00:00:00  -  Run Remote Usage
		Usr 0 00:00:00, Sys 0 00:00:00  -  Run Local Usage
		Usr 0 00:00:00, Sys 0 00:00:00  -  Total Remote Usage
		Usr 0 00:00:00, Sys 0 00:00:00  -  Total Local Usage
	174  -  Run Bytes Sent By Job
	10523  -  Run Bytes Received By Job
	174  -  Total Bytes Sent By Job
	10523  -  Total Bytes Received By Job
	Partitionable Resources :    Usage  Request Allocated 
	   Cpus                 :                 4         4 
	   Disk (KB)            :       28        1   1189101 
	   Memory (MB)          :        0     8000      8000 

	Job terminated of its own accord at 2022-01-12T09:41:08Z.
...
