000 (3314886.000.000) 01/12 10:53:34 Job submitted from host: <188.185.70.244:9618?addrs=188.185.70.244-9618+[2001-1458-d00-7--100-2ee]-9618&alias=bigbird10.cern.ch&noUDP&sock=schedd_7001_aea1>
...
040 (3314886.000.000) 01/12 10:54:49 Started transferring input files
	Transferring to host: <188.184.162.53:9618?addrs=188.184.162.53-9618+[2001-1458-301-4a--100-2f]-9618&alias=b7s11p1335.cern.ch&noUDP&sock=slot1_11_3957_d07a_25005>
...
040 (3314886.000.000) 01/12 10:54:49 Finished transferring input files
...
001 (3314886.000.000) 01/12 10:54:50 Job executing on host: <188.184.162.53:9618?addrs=188.184.162.53-9618+[2001-1458-301-4a--100-2f]-9618&alias=b7s11p1335.cern.ch&noUDP&sock=startd_3130_7f85>
...
006 (3314886.000.000) 01/12 10:54:59 Image size of job updated: 729536
	203  -  MemoryUsage of job (MB)
	207144  -  ResidentSetSize of job (KB)
...
006 (3314886.000.000) 01/12 10:59:59 Image size of job updated: 2064940
	592  -  MemoryUsage of job (MB)
	605236  -  ResidentSetSize of job (KB)
...
006 (3314886.000.000) 01/12 11:04:59 Image size of job updated: 2064940
	592  -  MemoryUsage of job (MB)
	606168  -  ResidentSetSize of job (KB)
...
006 (3314886.000.000) 01/12 11:15:01 Image size of job updated: 2311316
	723  -  MemoryUsage of job (MB)
	739808  -  ResidentSetSize of job (KB)
...
040 (3314886.000.000) 01/12 11:18:21 Started transferring output files
...
040 (3314886.000.000) 01/12 11:18:21 Finished transferring output files
...
004 (3314886.000.000) 01/12 11:18:21 Job was evicted.
	(0) CPU times
		Usr 0 00:04:05, Sys 0 00:00:13  -  Run Remote Usage
		Usr 0 00:00:00, Sys 0 00:00:00  -  Run Local Usage
	24739  -  Run Bytes Sent By Job
	10532  -  Run Bytes Received By Job
	Partitionable Resources :    Usage  Request Allocated 
	   Cpus                 :     0.12        4         4 
	   Disk (KB)            :    59           1   2941853 
	   Memory (MB)          :   723        8000      8000 
...
009 (3314886.000.000) 01/12 11:18:21 Job was aborted.
	via condor_rm (by user vdamante)
...
