000 (3314621.022.000) 01/11 10:40:59 Job submitted from host: <188.185.70.244:9618?addrs=188.185.70.244-9618+[2001-1458-d00-7--100-2ee]-9618&alias=bigbird10.cern.ch&noUDP&sock=schedd_7001_aea1>
...
040 (3314621.022.000) 01/11 11:06:44 Started transferring input files
	Transferring to host: <128.142.56.74:9618?addrs=128.142.56.74-9618&alias=b7s01p7693.cern.ch&noUDP&sock=slot1_1_5022_3405_24842>
...
040 (3314621.022.000) 01/11 11:06:44 Finished transferring input files
...
001 (3314621.022.000) 01/11 11:06:45 Job executing on host: <128.142.56.74:9618?addrs=128.142.56.74-9618&alias=b7s01p7693.cern.ch&noUDP&sock=startd_4665_6165>
...
006 (3314621.022.000) 01/11 11:06:54 Image size of job updated: 143152
	16  -  MemoryUsage of job (MB)
	15456  -  ResidentSetSize of job (KB)
...
006 (3314621.022.000) 01/11 11:09:00 Image size of job updated: 1728356
	16  -  MemoryUsage of job (MB)
	15468  -  ResidentSetSize of job (KB)
...
040 (3314621.022.000) 01/11 11:09:00 Started transferring output files
...
040 (3314621.022.000) 01/11 11:09:00 Finished transferring output files
...
005 (3314621.022.000) 01/11 11:09:00 Job terminated.
	(1) Normal termination (return value 0)
		Usr 0 00:00:14, Sys 0 00:00:02  -  Run Remote Usage
		Usr 0 00:00:00, Sys 0 00:00:00  -  Run Local Usage
		Usr 0 00:00:14, Sys 0 00:00:02  -  Total Remote Usage
		Usr 0 00:00:00, Sys 0 00:00:00  -  Total Local Usage
	8533  -  Run Bytes Sent By Job
	10528  -  Run Bytes Received By Job
	8533  -  Total Bytes Sent By Job
	10528  -  Total Bytes Received By Job
	Partitionable Resources :    Usage  Request Allocated 
	   Cpus                 :                 4         4 
	   Disk (KB)            :       35        1   1190481 
	   Memory (MB)          :       16     8000      8000 

	Job terminated of its own accord at 2022-01-11T10:09:00Z.
...
