000 (3314624.011.000) 01/11 10:41:35 Job submitted from host: <188.185.70.244:9618?addrs=188.185.70.244-9618+[2001-1458-d00-7--100-2ee]-9618&alias=bigbird10.cern.ch&noUDP&sock=schedd_7001_aea1>
...
040 (3314624.011.000) 01/11 11:36:22 Started transferring input files
	Transferring to host: <188.184.160.82:9618?addrs=188.184.160.82-9618+[2001-1458-301-48--100-4c]-9618&alias=b7s09p6605.cern.ch&noUDP&sock=slot1_2_3307_d4a0_24926>
...
040 (3314624.011.000) 01/11 11:36:22 Finished transferring input files
...
001 (3314624.011.000) 01/11 11:36:23 Job executing on host: <188.184.160.82:9618?addrs=188.184.160.82-9618+[2001-1458-301-48--100-4c]-9618&alias=b7s09p6605.cern.ch&noUDP&sock=startd_2948_a949>
...
006 (3314624.011.000) 01/11 11:36:32 Image size of job updated: 269268
	63  -  MemoryUsage of job (MB)
	64116  -  ResidentSetSize of job (KB)
...
006 (3314624.011.000) 01/11 11:41:33 Image size of job updated: 1892624
	426  -  MemoryUsage of job (MB)
	435504  -  ResidentSetSize of job (KB)
...
006 (3314624.011.000) 01/11 11:51:33 Image size of job updated: 1892624
	426  -  MemoryUsage of job (MB)
	435528  -  ResidentSetSize of job (KB)
...
006 (3314624.011.000) 01/11 11:56:34 Image size of job updated: 1892624
	426  -  MemoryUsage of job (MB)
	435544  -  ResidentSetSize of job (KB)
...
006 (3314624.011.000) 01/11 12:01:35 Image size of job updated: 1892624
	426  -  MemoryUsage of job (MB)
	435548  -  ResidentSetSize of job (KB)
...
006 (3314624.011.000) 01/11 12:06:35 Image size of job updated: 1892624
	426  -  MemoryUsage of job (MB)
	435552  -  ResidentSetSize of job (KB)
...
006 (3314624.011.000) 01/11 12:16:37 Image size of job updated: 2025120
	556  -  MemoryUsage of job (MB)
	568596  -  ResidentSetSize of job (KB)
...
006 (3314624.011.000) 01/11 12:41:39 Image size of job updated: 2025120
	556  -  MemoryUsage of job (MB)
	568604  -  ResidentSetSize of job (KB)
...
006 (3314624.011.000) 01/11 12:56:41 Image size of job updated: 2183180
	713  -  MemoryUsage of job (MB)
	729420  -  ResidentSetSize of job (KB)
...
006 (3314624.011.000) 01/11 13:11:43 Image size of job updated: 2183180
	713  -  MemoryUsage of job (MB)
	729424  -  ResidentSetSize of job (KB)
...
006 (3314624.011.000) 01/11 13:36:45 Image size of job updated: 2375828
	848  -  MemoryUsage of job (MB)
	868000  -  ResidentSetSize of job (KB)
...
006 (3314624.011.000) 01/11 14:06:49 Image size of job updated: 2375828
	848  -  MemoryUsage of job (MB)
	868004  -  ResidentSetSize of job (KB)
...
006 (3314624.011.000) 01/11 14:16:50 Image size of job updated: 2475060
	998  -  MemoryUsage of job (MB)
	1021764  -  ResidentSetSize of job (KB)
...
006 (3314624.011.000) 01/11 14:31:51 Image size of job updated: 2475060
	998  -  MemoryUsage of job (MB)
	1021768  -  ResidentSetSize of job (KB)
...
006 (3314624.011.000) 01/11 14:46:53 Image size of job updated: 2475060
	998  -  MemoryUsage of job (MB)
	1021772  -  ResidentSetSize of job (KB)
...
006 (3314624.011.000) 01/11 15:01:54 Image size of job updated: 2853696
	1215  -  MemoryUsage of job (MB)
	1244152  -  ResidentSetSize of job (KB)
...
006 (3314624.011.000) 01/11 15:21:57 Image size of job updated: 2853696
	1215  -  MemoryUsage of job (MB)
	1244156  -  ResidentSetSize of job (KB)
...
006 (3314624.011.000) 01/11 15:41:59 Image size of job updated: 3147788
	1468  -  MemoryUsage of job (MB)
	1502400  -  ResidentSetSize of job (KB)
...
006 (3314624.011.000) 01/11 16:22:04 Image size of job updated: 3468208
	1733  -  MemoryUsage of job (MB)
	1774204  -  ResidentSetSize of job (KB)
...
006 (3314624.011.000) 01/11 16:27:04 Image size of job updated: 3468208
	1733  -  MemoryUsage of job (MB)
	1774220  -  ResidentSetSize of job (KB)
...
006 (3314624.011.000) 01/11 16:32:05 Image size of job updated: 3810344
	2014  -  MemoryUsage of job (MB)
	2061532  -  ResidentSetSize of job (KB)
...
006 (3314624.011.000) 01/11 16:37:06 Image size of job updated: 4293360
	2741  -  MemoryUsage of job (MB)
	2805964  -  ResidentSetSize of job (KB)
...
040 (3314624.011.000) 01/11 16:44:18 Started transferring output files
...
040 (3314624.011.000) 01/11 16:44:19 Finished transferring output files
...
005 (3314624.011.000) 01/11 16:44:19 Job terminated.
	(1) Normal termination (return value 0)
		Usr 0 00:30:16, Sys 0 00:00:47  -  Run Remote Usage
		Usr 0 00:00:00, Sys 0 00:00:00  -  Run Local Usage
		Usr 0 00:30:16, Sys 0 00:00:47  -  Total Remote Usage
		Usr 0 00:00:00, Sys 0 00:00:00  -  Total Local Usage
	148001  -  Run Bytes Sent By Job
	10524  -  Run Bytes Received By Job
	148001  -  Total Bytes Sent By Job
	10524  -  Total Bytes Received By Job
	Partitionable Resources :    Usage  Request Allocated 
	   Cpus                 :     0.54        4         4 
	   Disk (KB)            :   178           1   1353580 
	   Memory (MB)          :  2741        8000      8000 

	Job terminated of its own accord at 2022-01-11T15:44:18Z.
...
