000 (3314873.013.000) 01/12 10:12:29 Job submitted from host: <188.185.70.244:9618?addrs=188.185.70.244-9618+[2001-1458-d00-7--100-2ee]-9618&alias=bigbird10.cern.ch&noUDP&sock=schedd_7001_aea1>
...
040 (3314873.013.000) 01/12 10:51:49 Started transferring input files
	Transferring to host: <128.142.132.173:9618?addrs=128.142.132.173-9618+[2001-1458-301-5a--100-a1]-9618&alias=b7g12p3631.cern.ch&noUDP&sock=slot1_1_8000_793e_53410>
...
040 (3314873.013.000) 01/12 10:51:49 Finished transferring input files
...
001 (3314873.013.000) 01/12 10:51:50 Job executing on host: <128.142.132.173:9618?addrs=128.142.132.173-9618+[2001-1458-301-5a--100-a1]-9618&alias=b7g12p3631.cern.ch&noUDP&sock=startd_6777_096b>
...
006 (3314873.013.000) 01/12 10:52:00 Image size of job updated: 1256196
	155  -  MemoryUsage of job (MB)
	157792  -  ResidentSetSize of job (KB)
...
006 (3314873.013.000) 01/12 10:52:36 Image size of job updated: 1746840
	155  -  MemoryUsage of job (MB)
	157792  -  ResidentSetSize of job (KB)
...
040 (3314873.013.000) 01/12 10:52:36 Started transferring output files
...
040 (3314873.013.000) 01/12 10:52:36 Finished transferring output files
...
005 (3314873.013.000) 01/12 10:52:36 Job terminated.
	(1) Normal termination (return value 0)
		Usr 0 00:00:27, Sys 0 00:00:03  -  Run Remote Usage
		Usr 0 00:00:00, Sys 0 00:00:00  -  Run Local Usage
		Usr 0 00:00:27, Sys 0 00:00:03  -  Total Remote Usage
		Usr 0 00:00:00, Sys 0 00:00:00  -  Total Local Usage
	14620  -  Run Bytes Sent By Job
	10523  -  Run Bytes Received By Job
	14620  -  Total Bytes Sent By Job
	10523  -  Total Bytes Received By Job
	Partitionable Resources :    Usage  Request Allocated 
	   Cpus                 :                 4         4 
	   Disk (KB)            :       38        1   1560346 
	   Memory (MB)          :      155     8000      8000 

	Job terminated of its own accord at 2022-01-12T09:52:36Z.
...
