000 (3314872.017.000) 01/12 10:12:21 Job submitted from host: <188.185.70.244:9618?addrs=188.185.70.244-9618+[2001-1458-d00-7--100-2ee]-9618&alias=bigbird10.cern.ch&noUDP&sock=schedd_7001_aea1>
...
040 (3314872.017.000) 01/12 10:51:43 Started transferring input files
	Transferring to host: <128.142.56.74:9618?addrs=128.142.56.74-9618&alias=b7s01p7693.cern.ch&noUDP&sock=slot1_28_5022_3405_26113>
...
040 (3314872.017.000) 01/12 10:51:43 Finished transferring input files
...
001 (3314872.017.000) 01/12 10:51:44 Job executing on host: <128.142.56.74:9618?addrs=128.142.56.74-9618&alias=b7s01p7693.cern.ch&noUDP&sock=startd_4665_6165>
...
006 (3314872.017.000) 01/12 10:51:53 Image size of job updated: 673132
	155  -  MemoryUsage of job (MB)
	157788  -  ResidentSetSize of job (KB)
...
006 (3314872.017.000) 01/12 10:56:54 Image size of job updated: 2505468
	997  -  MemoryUsage of job (MB)
	1020048  -  ResidentSetSize of job (KB)
...
006 (3314872.017.000) 01/12 11:01:55 Image size of job updated: 2771696
	997  -  MemoryUsage of job (MB)
	1020048  -  ResidentSetSize of job (KB)
...
040 (3314872.017.000) 01/12 11:18:15 Started transferring output files
...
040 (3314872.017.000) 01/12 11:18:15 Finished transferring output files
...
004 (3314872.017.000) 01/12 11:18:16 Job was evicted.
	(0) CPU times
		Usr 0 00:25:57, Sys 0 00:00:05  -  Run Remote Usage
		Usr 0 00:00:00, Sys 0 00:00:00  -  Run Local Usage
	6495281  -  Run Bytes Sent By Job
	10523  -  Run Bytes Received By Job
	Partitionable Resources :    Usage  Request Allocated 
	   Cpus                 :     1.00        4         4 
	   Disk (KB)            :  6374           1   1237196 
	   Memory (MB)          :   997        8000      8000 
...
009 (3314872.017.000) 01/12 11:18:16 Job was aborted.
	via condor_rm (by user vdamante)
...
