000 (3301535.024.000) 01/10 18:12:41 Job submitted from host: <188.185.70.244:9618?addrs=188.185.70.244-9618+[2001-1458-d00-7--100-2ee]-9618&alias=bigbird10.cern.ch&noUDP&sock=schedd_7001_aea1>
...
040 (3301535.024.000) 01/10 18:14:06 Started transferring input files
	Transferring to host: <128.142.137.199:9618?addrs=128.142.137.199-9618+[2001-1458-301-5e--100-bb]-9618&alias=b7g19p7731.cern.ch&noUDP&sock=slot1_10_3922_2759_69220>
...
040 (3301535.024.000) 01/10 18:14:06 Finished transferring input files
...
001 (3301535.024.000) 01/10 18:14:07 Job executing on host: <128.142.137.199:9618?addrs=128.142.137.199-9618+[2001-1458-301-5e--100-bb]-9618&alias=b7g19p7731.cern.ch&noUDP&sock=startd_43014_9acf>
...
006 (3301535.024.000) 01/10 18:14:09 Image size of job updated: 143280
	0  -  MemoryUsage of job (MB)
	0  -  ResidentSetSize of job (KB)
...
040 (3301535.024.000) 01/10 18:14:09 Started transferring output files
...
040 (3301535.024.000) 01/10 18:14:09 Finished transferring output files
...
005 (3301535.024.000) 01/10 18:14:09 Job terminated.
	(1) Normal termination (return value 1)
		Usr 0 00:00:01, Sys 0 00:00:00  -  Run Remote Usage
		Usr 0 00:00:00, Sys 0 00:00:00  -  Run Local Usage
		Usr 0 00:00:01, Sys 0 00:00:00  -  Total Remote Usage
		Usr 0 00:00:00, Sys 0 00:00:00  -  Total Local Usage
	202  -  Run Bytes Sent By Job
	10528  -  Run Bytes Received By Job
	202  -  Total Bytes Sent By Job
	10528  -  Total Bytes Received By Job
	Partitionable Resources :    Usage  Request Allocated 
	   Cpus                 :                 4         4 
	   Disk (KB)            :       27        1   1536516 
	   Memory (MB)          :        0     8000      8000 

	Job terminated of its own accord at 2022-01-10T17:14:09Z.
...
