000 (3338413.005.000) 01/19 18:49:43 Job submitted from host: <188.185.70.244:9618?addrs=188.185.70.244-9618+[2001-1458-d00-7--100-2ee]-9618&alias=bigbird10.cern.ch&noUDP&sock=schedd_7001_aea1>
...
040 (3338413.005.000) 01/19 18:58:24 Started transferring input files
	Transferring to host: <128.142.57.14:9618?addrs=128.142.57.14-9618&alias=b7s02p6617.cern.ch&noUDP&sock=slot1_8_4820_e03d_40006>
...
040 (3338413.005.000) 01/19 18:58:24 Finished transferring input files
...
001 (3338413.005.000) 01/19 18:58:25 Job executing on host: <128.142.57.14:9618?addrs=128.142.57.14-9618&alias=b7s02p6617.cern.ch&noUDP&sock=startd_4436_4e35>
...
006 (3338413.005.000) 01/19 18:58:34 Image size of job updated: 98704
	63  -  MemoryUsage of job (MB)
	64080  -  ResidentSetSize of job (KB)
...
006 (3338413.005.000) 01/19 19:03:09 Image size of job updated: 1749360
	63  -  MemoryUsage of job (MB)
	64080  -  ResidentSetSize of job (KB)
...
040 (3338413.005.000) 01/19 19:03:09 Started transferring output files
...
040 (3338413.005.000) 01/19 19:03:09 Finished transferring output files
...
004 (3338413.005.000) 01/19 19:03:09 Job was evicted.
	(0) CPU times
		Usr 0 00:00:11, Sys 0 00:00:02  -  Run Remote Usage
		Usr 0 00:00:00, Sys 0 00:00:00  -  Run Local Usage
	0  -  Run Bytes Sent By Job
	11206  -  Run Bytes Received By Job
	Partitionable Resources :    Usage  Request Allocated 
	   Cpus                 :                 4         4 
	   Disk (KB)            :       27        1   1280872 
	   Memory (MB)          :       63     8000      8000 
...
009 (3338413.005.000) 01/19 19:03:09 Job was aborted.
	via condor_rm (by user vdamante)
...
