000 (3314886.002.000) 01/12 10:53:34 Job submitted from host: <188.185.70.244:9618?addrs=188.185.70.244-9618+[2001-1458-d00-7--100-2ee]-9618&alias=bigbird10.cern.ch&noUDP&sock=schedd_7001_aea1>
...
040 (3314886.002.000) 01/12 10:54:52 Started transferring input files
	Transferring to host: <188.184.162.195:9618?addrs=188.184.162.195-9618+[2001-1458-301-4a--100-bd]-9618&alias=b7s11p1776.cern.ch&noUDP&sock=slot1_10_3997_ff7c_25457>
...
040 (3314886.002.000) 01/12 10:54:52 Finished transferring input files
...
001 (3314886.002.000) 01/12 10:54:53 Job executing on host: <188.184.162.195:9618?addrs=188.184.162.195-9618+[2001-1458-301-4a--100-bd]-9618&alias=b7s11p1776.cern.ch&noUDP&sock=startd_3245_60e9>
...
006 (3314886.002.000) 01/12 10:55:02 Image size of job updated: 331840
	227  -  MemoryUsage of job (MB)
	231860  -  ResidentSetSize of job (KB)
...
006 (3314886.002.000) 01/12 11:00:04 Image size of job updated: 2050540
	577  -  MemoryUsage of job (MB)
	589992  -  ResidentSetSize of job (KB)
...
040 (3314886.002.000) 01/12 11:18:21 Started transferring output files
...
040 (3314886.002.000) 01/12 11:18:21 Finished transferring output files
...
004 (3314886.002.000) 01/12 11:18:21 Job was evicted.
	(0) CPU times
		Usr 0 00:02:02, Sys 0 00:00:06  -  Run Remote Usage
		Usr 0 00:00:00, Sys 0 00:00:00  -  Run Local Usage
	8196  -  Run Bytes Sent By Job
	10532  -  Run Bytes Received By Job
	Partitionable Resources :    Usage  Request Allocated 
	   Cpus                 :     0.03        4         4 
	   Disk (KB)            :    42           1   3047806 
	   Memory (MB)          :   577        8000      8000 
...
009 (3314886.002.000) 01/12 11:18:21 Job was aborted.
	via condor_rm (by user vdamante)
...
