000 (3314886.016.000) 01/12 10:53:34 Job submitted from host: <188.185.70.244:9618?addrs=188.185.70.244-9618+[2001-1458-d00-7--100-2ee]-9618&alias=bigbird10.cern.ch&noUDP&sock=schedd_7001_aea1>
...
040 (3314886.016.000) 01/12 10:54:58 Started transferring input files
	Transferring to host: <128.142.131.83:9618?addrs=128.142.131.83-9618+[2001-1458-301-59--100-47]-9618&alias=b7g11p5981.cern.ch&noUDP&sock=slot1_19_4007_0b3c_23022>
...
040 (3314886.016.000) 01/12 10:54:58 Finished transferring input files
...
001 (3314886.016.000) 01/12 10:54:59 Job executing on host: <128.142.131.83:9618?addrs=128.142.131.83-9618+[2001-1458-301-59--100-47]-9618&alias=b7g11p5981.cern.ch&noUDP&sock=startd_3196_c4c5>
...
006 (3314886.016.000) 01/12 10:55:07 Image size of job updated: 212640
	182  -  MemoryUsage of job (MB)
	185536  -  ResidentSetSize of job (KB)
...
006 (3314886.016.000) 01/12 11:00:07 Image size of job updated: 1763960
	286  -  MemoryUsage of job (MB)
	292716  -  ResidentSetSize of job (KB)
...
006 (3314886.016.000) 01/12 11:05:08 Image size of job updated: 2063188
	589  -  MemoryUsage of job (MB)
	602512  -  ResidentSetSize of job (KB)
...
040 (3314886.016.000) 01/12 11:18:22 Started transferring output files
...
040 (3314886.016.000) 01/12 11:18:22 Finished transferring output files
...
004 (3314886.016.000) 01/12 11:18:22 Job was evicted.
	(0) CPU times
		Usr 0 00:02:52, Sys 0 00:00:10  -  Run Remote Usage
		Usr 0 00:00:00, Sys 0 00:00:00  -  Run Local Usage
	8212  -  Run Bytes Sent By Job
	10532  -  Run Bytes Received By Job
	Partitionable Resources :    Usage  Request Allocated 
	   Cpus                 :     0.06        4         4 
	   Disk (KB)            :    42           1   1591650 
	   Memory (MB)          :   589        8000      8000 
...
009 (3314886.016.000) 01/12 11:18:22 Job was aborted.
	via condor_rm (by user vdamante)
...
