000 (3338413.000.000) 01/19 18:49:43 Job submitted from host: <188.185.70.244:9618?addrs=188.185.70.244-9618+[2001-1458-d00-7--100-2ee]-9618&alias=bigbird10.cern.ch&noUDP&sock=schedd_7001_aea1>
...
040 (3338413.000.000) 01/19 18:58:22 Started transferring input files
	Transferring to host: <128.142.56.56:9618?addrs=128.142.56.56-9618+[2001-1458-301-6--100-37]-9618&alias=b7s01p0304.cern.ch&noUDP&sock=slot1_8_3618_f54c_38230>
...
040 (3338413.000.000) 01/19 18:58:22 Finished transferring input files
...
001 (3338413.000.000) 01/19 18:58:23 Job executing on host: <128.142.56.56:9618?addrs=128.142.56.56-9618+[2001-1458-301-6--100-37]-9618&alias=b7s01p0304.cern.ch&noUDP&sock=startd_2871_d87e>
...
006 (3338413.000.000) 01/19 18:58:31 Image size of job updated: 413532
	256  -  MemoryUsage of job (MB)
	261776  -  ResidentSetSize of job (KB)
...
006 (3338413.000.000) 01/19 19:03:09 Image size of job updated: 1809060
	256  -  MemoryUsage of job (MB)
	261800  -  ResidentSetSize of job (KB)
...
040 (3338413.000.000) 01/19 19:03:09 Started transferring output files
...
040 (3338413.000.000) 01/19 19:03:09 Finished transferring output files
...
004 (3338413.000.000) 01/19 19:03:09 Job was evicted.
	(0) CPU times
		Usr 0 00:01:01, Sys 0 00:00:03  -  Run Remote Usage
		Usr 0 00:00:00, Sys 0 00:00:00  -  Run Local Usage
	0  -  Run Bytes Sent By Job
	11206  -  Run Bytes Received By Job
	Partitionable Resources :    Usage  Request Allocated 
	   Cpus                 :     0.18        4         4 
	   Disk (KB)            :    34           1   1115083 
	   Memory (MB)          :   256        8000      8000 
...
009 (3338413.000.000) 01/19 19:03:09 Job was aborted.
	via condor_rm (by user vdamante)
...
