000 (3319731.008.000) 01/17 11:19:49 Job submitted from host: <188.185.70.244:9618?addrs=188.185.70.244-9618+[2001-1458-d00-7--100-2ee]-9618&alias=bigbird10.cern.ch&noUDP&sock=schedd_7001_aea1>
...
040 (3319731.008.000) 01/17 11:27:30 Entered queue to transfer input files
	Transferring to host: <128.142.56.35:9618?addrs=128.142.56.35-9618+[2001-1458-301-6--100-22]-9618&alias=b7s01p7818.cern.ch&noUDP&sock=slot1_1_3588_d20b_31872>
...
040 (3319731.008.000) 01/17 11:28:22 Started transferring input files
	Seconds spent in queue: 52
...
040 (3319731.008.000) 01/17 11:28:22 Finished transferring input files
...
001 (3319731.008.000) 01/17 11:28:23 Job executing on host: <128.142.56.35:9618?addrs=128.142.56.35-9618+[2001-1458-301-6--100-22]-9618&alias=b7s01p7818.cern.ch&noUDP&sock=startd_2916_b641>
...
006 (3319731.008.000) 01/17 11:28:31 Image size of job updated: 320120
	155  -  MemoryUsage of job (MB)
	157808  -  ResidentSetSize of job (KB)
...
006 (3319731.008.000) 01/17 11:33:31 Image size of job updated: 2462684
	702  -  MemoryUsage of job (MB)
	717848  -  ResidentSetSize of job (KB)
...
006 (3319731.008.000) 01/17 11:43:33 Image size of job updated: 2462684
	702  -  MemoryUsage of job (MB)
	717856  -  ResidentSetSize of job (KB)
...
006 (3319731.008.000) 01/17 12:03:35 Image size of job updated: 2462684
	703  -  MemoryUsage of job (MB)
	719548  -  ResidentSetSize of job (KB)
...
006 (3319731.008.000) 01/17 12:08:35 Image size of job updated: 2825840
	1040  -  MemoryUsage of job (MB)
	1064556  -  ResidentSetSize of job (KB)
...
006 (3319731.008.000) 01/17 12:33:38 Image size of job updated: 3169832
	1372  -  MemoryUsage of job (MB)
	1404064  -  ResidentSetSize of job (KB)
...
006 (3319731.008.000) 01/17 12:38:38 Image size of job updated: 3169832
	1372  -  MemoryUsage of job (MB)
	1404068  -  ResidentSetSize of job (KB)
...
006 (3319731.008.000) 01/17 12:58:40 Image size of job updated: 3522064
	1717  -  MemoryUsage of job (MB)
	1757252  -  ResidentSetSize of job (KB)
...
006 (3319731.008.000) 01/17 13:28:42 Image size of job updated: 3939192
	2034  -  MemoryUsage of job (MB)
	2081924  -  ResidentSetSize of job (KB)
...
006 (3319731.008.000) 01/17 13:48:45 Image size of job updated: 4320680
	2612  -  MemoryUsage of job (MB)
	2674388  -  ResidentSetSize of job (KB)
...
006 (3319731.008.000) 01/17 14:13:48 Image size of job updated: 4736992
	2818  -  MemoryUsage of job (MB)
	2885148  -  ResidentSetSize of job (KB)
...
006 (3319731.008.000) 01/17 14:38:51 Image size of job updated: 4736992
	2818  -  MemoryUsage of job (MB)
	2885152  -  ResidentSetSize of job (KB)
...
006 (3319731.008.000) 01/17 14:48:52 Image size of job updated: 5239776
	3186  -  MemoryUsage of job (MB)
	3261636  -  ResidentSetSize of job (KB)
...
006 (3319731.008.000) 01/17 15:18:56 Image size of job updated: 5722356
	3613  -  MemoryUsage of job (MB)
	3699504  -  ResidentSetSize of job (KB)
...
040 (3319731.008.000) 01/17 15:40:14 Started transferring output files
	Seconds spent in queue: 15164
...
040 (3319731.008.000) 01/17 15:40:14 Finished transferring output files
...
005 (3319731.008.000) 01/17 15:40:14 Job terminated.
	(1) Normal termination (return value 0)
		Usr 0 01:05:40, Sys 0 00:00:50  -  Run Remote Usage
		Usr 0 00:00:00, Sys 0 00:00:00  -  Run Local Usage
		Usr 0 01:05:40, Sys 0 00:00:50  -  Total Remote Usage
		Usr 0 00:00:00, Sys 0 00:00:00  -  Total Local Usage
	6207  -  Run Bytes Sent By Job
	10523  -  Run Bytes Received By Job
	6207  -  Total Bytes Sent By Job
	10523  -  Total Bytes Received By Job
	Partitionable Resources :    Usage  Request Allocated 
	   Cpus                 :     0.16        4         4 
	   Disk (KB)            :    37           1   1310890 
	   Memory (MB)          :  3613        8000      8000 

	Job terminated of its own accord at 2022-01-17T14:40:14Z.
...
