000 (3314624.008.000) 01/11 10:41:35 Job submitted from host: <188.185.70.244:9618?addrs=188.185.70.244-9618+[2001-1458-d00-7--100-2ee]-9618&alias=bigbird10.cern.ch&noUDP&sock=schedd_7001_aea1>
...
040 (3314624.008.000) 01/11 11:38:03 Started transferring input files
	Transferring to host: <188.184.165.69:9618?addrs=188.184.165.69-9618+[2001-1458-301-51--100-40]-9618&alias=b7s14p3493.cern.ch&noUDP&sock=slot1_12_3974_cadb_25320>
...
040 (3314624.008.000) 01/11 11:38:03 Finished transferring input files
...
001 (3314624.008.000) 01/11 11:38:04 Job executing on host: <188.184.165.69:9618?addrs=188.184.165.69-9618+[2001-1458-301-51--100-40]-9618&alias=b7s14p3493.cern.ch&noUDP&sock=startd_3321_821c>
...
006 (3314624.008.000) 01/11 11:38:13 Image size of job updated: 320112
	155  -  MemoryUsage of job (MB)
	157820  -  ResidentSetSize of job (KB)
...
006 (3314624.008.000) 01/11 11:43:13 Image size of job updated: 1887744
	421  -  MemoryUsage of job (MB)
	430576  -  ResidentSetSize of job (KB)
...
006 (3314624.008.000) 01/11 11:48:13 Image size of job updated: 1887744
	421  -  MemoryUsage of job (MB)
	430708  -  ResidentSetSize of job (KB)
...
006 (3314624.008.000) 01/11 11:58:15 Image size of job updated: 1887744
	421  -  MemoryUsage of job (MB)
	430724  -  ResidentSetSize of job (KB)
...
006 (3314624.008.000) 01/11 12:03:15 Image size of job updated: 2021500
	552  -  MemoryUsage of job (MB)
	565028  -  ResidentSetSize of job (KB)
...
006 (3314624.008.000) 01/11 12:13:17 Image size of job updated: 2021500
	552  -  MemoryUsage of job (MB)
	565036  -  ResidentSetSize of job (KB)
...
006 (3314624.008.000) 01/11 12:28:18 Image size of job updated: 2021500
	553  -  MemoryUsage of job (MB)
	566152  -  ResidentSetSize of job (KB)
...
006 (3314624.008.000) 01/11 12:33:18 Image size of job updated: 2170264
	700  -  MemoryUsage of job (MB)
	716392  -  ResidentSetSize of job (KB)
...
006 (3314624.008.000) 01/11 12:38:19 Image size of job updated: 2170264
	700  -  MemoryUsage of job (MB)
	716396  -  ResidentSetSize of job (KB)
...
006 (3314624.008.000) 01/11 13:03:21 Image size of job updated: 2373912
	847  -  MemoryUsage of job (MB)
	866476  -  ResidentSetSize of job (KB)
...
006 (3314624.008.000) 01/11 13:38:25 Image size of job updated: 2611644
	1057  -  MemoryUsage of job (MB)
	1081584  -  ResidentSetSize of job (KB)
...
006 (3314624.008.000) 01/11 14:03:28 Image size of job updated: 2611644
	1058  -  MemoryUsage of job (MB)
	1082840  -  ResidentSetSize of job (KB)
...
006 (3314624.008.000) 01/11 14:08:29 Image size of job updated: 2854440
	1248  -  MemoryUsage of job (MB)
	1277060  -  ResidentSetSize of job (KB)
...
006 (3314624.008.000) 01/11 14:33:31 Image size of job updated: 2854440
	1249  -  MemoryUsage of job (MB)
	1278068  -  ResidentSetSize of job (KB)
...
006 (3314624.008.000) 01/11 14:38:32 Image size of job updated: 3152348
	1479  -  MemoryUsage of job (MB)
	1514496  -  ResidentSetSize of job (KB)
...
006 (3314624.008.000) 01/11 15:13:36 Image size of job updated: 3462892
	1737  -  MemoryUsage of job (MB)
	1778656  -  ResidentSetSize of job (KB)
...
006 (3314624.008.000) 01/11 15:43:39 Image size of job updated: 3819444
	2040  -  MemoryUsage of job (MB)
	2088396  -  ResidentSetSize of job (KB)
...
006 (3314624.008.000) 01/11 16:18:43 Image size of job updated: 4191404
	2364  -  MemoryUsage of job (MB)
	2420192  -  ResidentSetSize of job (KB)
...
040 (3314624.008.000) 01/11 16:50:04 Started transferring output files
...
040 (3314624.008.000) 01/11 16:50:05 Finished transferring output files
...
005 (3314624.008.000) 01/11 16:50:05 Job terminated.
	(1) Normal termination (return value 0)
		Usr 0 00:41:54, Sys 0 00:00:47  -  Run Remote Usage
		Usr 0 00:00:00, Sys 0 00:00:00  -  Run Local Usage
		Usr 0 00:41:54, Sys 0 00:00:47  -  Total Remote Usage
		Usr 0 00:00:00, Sys 0 00:00:00  -  Total Local Usage
	146766  -  Run Bytes Sent By Job
	10524  -  Run Bytes Received By Job
	146766  -  Total Bytes Sent By Job
	10524  -  Total Bytes Received By Job
	Partitionable Resources :    Usage  Request Allocated 
	   Cpus                 :     0.03        4         4 
	   Disk (KB)            :   177           1   2905459 
	   Memory (MB)          :  2364        8000      8000 

	Job terminated of its own accord at 2022-01-11T15:50:04Z.
...
