000 (3314886.018.000) 01/12 10:53:34 Job submitted from host: <188.185.70.244:9618?addrs=188.185.70.244-9618+[2001-1458-d00-7--100-2ee]-9618&alias=bigbird10.cern.ch&noUDP&sock=schedd_7001_aea1>
...
040 (3314886.018.000) 01/12 10:54:58 Started transferring input files
	Transferring to host: <188.184.164.171:9618?addrs=188.184.164.171-9618+[2001-1458-301-4e--100-a5]-9618&alias=b7s13p6888.cern.ch&noUDP&sock=slot1_12_3854_3dd6_26375>
...
040 (3314886.018.000) 01/12 10:54:58 Finished transferring input files
...
001 (3314886.018.000) 01/12 10:54:59 Job executing on host: <188.184.164.171:9618?addrs=188.184.164.171-9618+[2001-1458-301-4e--100-a5]-9618&alias=b7s13p6888.cern.ch&noUDP&sock=startd_3185_393b>
...
006 (3314886.018.000) 01/12 10:55:07 Image size of job updated: 1305416
	191  -  MemoryUsage of job (MB)
	194592  -  ResidentSetSize of job (KB)
...
006 (3314886.018.000) 01/12 11:00:07 Image size of job updated: 2060788
	588  -  MemoryUsage of job (MB)
	601148  -  ResidentSetSize of job (KB)
...
006 (3314886.018.000) 01/12 11:05:08 Image size of job updated: 2213744
	745  -  MemoryUsage of job (MB)
	762340  -  ResidentSetSize of job (KB)
...
006 (3314886.018.000) 01/12 11:10:09 Image size of job updated: 2213744
	745  -  MemoryUsage of job (MB)
	762344  -  ResidentSetSize of job (KB)
...
006 (3314886.018.000) 01/12 11:15:09 Image size of job updated: 2578336
	1042  -  MemoryUsage of job (MB)
	1066480  -  ResidentSetSize of job (KB)
...
040 (3314886.018.000) 01/12 11:18:22 Started transferring output files
...
040 (3314886.018.000) 01/12 11:18:22 Finished transferring output files
...
004 (3314886.018.000) 01/12 11:18:22 Job was evicted.
	(0) CPU times
		Usr 0 00:06:52, Sys 0 00:00:12  -  Run Remote Usage
		Usr 0 00:00:00, Sys 0 00:00:00  -  Run Local Usage
	41089  -  Run Bytes Sent By Job
	10532  -  Run Bytes Received By Job
	Partitionable Resources :    Usage  Request Allocated 
	   Cpus                 :     0.09        4         4 
	   Disk (KB)            :    75           1   2902791 
	   Memory (MB)          :  1042        8000      8000 
...
009 (3314886.018.000) 01/12 11:18:22 Job was aborted.
	via condor_rm (by user vdamante)
...
