000 (3314624.007.000) 01/11 10:41:35 Job submitted from host: <188.185.70.244:9618?addrs=188.185.70.244-9618+[2001-1458-d00-7--100-2ee]-9618&alias=bigbird10.cern.ch&noUDP&sock=schedd_7001_aea1>
...
040 (3314624.007.000) 01/11 11:36:21 Started transferring input files
	Transferring to host: <188.184.164.28:9618?addrs=188.184.164.28-9618&alias=b7s13p0480.cern.ch&noUDP&sock=slot1_7_3937_b8f9_21433>
...
040 (3314624.007.000) 01/11 11:36:21 Finished transferring input files
...
001 (3314624.007.000) 01/11 11:36:22 Job executing on host: <188.184.164.28:9618?addrs=188.184.164.28-9618&alias=b7s13p0480.cern.ch&noUDP&sock=startd_3148_d83a>
...
006 (3314624.007.000) 01/11 11:36:31 Image size of job updated: 452248
	81  -  MemoryUsage of job (MB)
	82428  -  ResidentSetSize of job (KB)
...
006 (3314624.007.000) 01/11 11:41:32 Image size of job updated: 1882636
	416  -  MemoryUsage of job (MB)
	425496  -  ResidentSetSize of job (KB)
...
006 (3314624.007.000) 01/11 11:51:32 Image size of job updated: 1882636
	416  -  MemoryUsage of job (MB)
	425524  -  ResidentSetSize of job (KB)
...
006 (3314624.007.000) 01/11 11:56:33 Image size of job updated: 1882636
	416  -  MemoryUsage of job (MB)
	425532  -  ResidentSetSize of job (KB)
...
006 (3314624.007.000) 01/11 12:06:33 Image size of job updated: 2015804
	547  -  MemoryUsage of job (MB)
	559164  -  ResidentSetSize of job (KB)
...
006 (3314624.007.000) 01/11 12:21:35 Image size of job updated: 2015804
	547  -  MemoryUsage of job (MB)
	559168  -  ResidentSetSize of job (KB)
...
006 (3314624.007.000) 01/11 12:36:37 Image size of job updated: 2164820
	695  -  MemoryUsage of job (MB)
	710736  -  ResidentSetSize of job (KB)
...
006 (3314624.007.000) 01/11 12:41:37 Image size of job updated: 2164820
	695  -  MemoryUsage of job (MB)
	710832  -  ResidentSetSize of job (KB)
...
006 (3314624.007.000) 01/11 12:46:38 Image size of job updated: 2164820
	695  -  MemoryUsage of job (MB)
	710836  -  ResidentSetSize of job (KB)
...
006 (3314624.007.000) 01/11 13:06:39 Image size of job updated: 2312828
	840  -  MemoryUsage of job (MB)
	859920  -  ResidentSetSize of job (KB)
...
006 (3314624.007.000) 01/11 13:26:41 Image size of job updated: 2312828
	840  -  MemoryUsage of job (MB)
	859924  -  ResidentSetSize of job (KB)
...
006 (3314624.007.000) 01/11 13:41:43 Image size of job updated: 2589632
	1010  -  MemoryUsage of job (MB)
	1033924  -  ResidentSetSize of job (KB)
...
006 (3314624.007.000) 01/11 14:06:46 Image size of job updated: 2838160
	1254  -  MemoryUsage of job (MB)
	1283080  -  ResidentSetSize of job (KB)
...
006 (3314624.007.000) 01/11 14:11:47 Image size of job updated: 2838160
	1254  -  MemoryUsage of job (MB)
	1283084  -  ResidentSetSize of job (KB)
...
006 (3314624.007.000) 01/11 14:36:48 Image size of job updated: 3137520
	1469  -  MemoryUsage of job (MB)
	1503656  -  ResidentSetSize of job (KB)
...
006 (3314624.007.000) 01/11 15:11:52 Image size of job updated: 3137520
	1486  -  MemoryUsage of job (MB)
	1521584  -  ResidentSetSize of job (KB)
...
006 (3314624.007.000) 01/11 15:16:53 Image size of job updated: 3456708
	1729  -  MemoryUsage of job (MB)
	1770268  -  ResidentSetSize of job (KB)
...
006 (3314624.007.000) 01/11 15:41:55 Image size of job updated: 3456708
	1729  -  MemoryUsage of job (MB)
	1770464  -  ResidentSetSize of job (KB)
...
006 (3314624.007.000) 01/11 15:46:56 Image size of job updated: 3814468
	2031  -  MemoryUsage of job (MB)
	2079184  -  ResidentSetSize of job (KB)
...
006 (3314624.007.000) 01/11 16:17:00 Image size of job updated: 4065428
	2527  -  MemoryUsage of job (MB)
	2587468  -  ResidentSetSize of job (KB)
...
006 (3314624.007.000) 01/11 16:22:01 Image size of job updated: 4269008
	2527  -  MemoryUsage of job (MB)
	2587468  -  ResidentSetSize of job (KB)
...
040 (3314624.007.000) 01/11 16:53:19 Started transferring output files
...
040 (3314624.007.000) 01/11 16:53:19 Finished transferring output files
...
005 (3314624.007.000) 01/11 16:53:19 Job terminated.
	(1) Normal termination (return value 0)
		Usr 0 00:33:24, Sys 0 00:00:55  -  Run Remote Usage
		Usr 0 00:00:00, Sys 0 00:00:00  -  Run Local Usage
		Usr 0 00:33:24, Sys 0 00:00:55  -  Total Remote Usage
		Usr 0 00:00:00, Sys 0 00:00:00  -  Total Local Usage
	149876  -  Run Bytes Sent By Job
	10524  -  Run Bytes Received By Job
	149876  -  Total Bytes Sent By Job
	10524  -  Total Bytes Received By Job
	Partitionable Resources :    Usage  Request Allocated 
	   Cpus                 :     0.01        4         4 
	   Disk (KB)            :   180           1   3136548 
	   Memory (MB)          :  2527        8000      8000 

	Job terminated of its own accord at 2022-01-11T15:53:19Z.
...
