000 (3315595.009.000) 01/12 17:36:29 Job submitted from host: <188.185.70.244:9618?addrs=188.185.70.244-9618+[2001-1458-d00-7--100-2ee]-9618&alias=bigbird10.cern.ch&noUDP&sock=schedd_7001_aea1>
...
040 (3315595.009.000) 01/13 01:14:37 Started transferring input files
	Transferring to host: <128.142.60.140:9618?addrs=128.142.60.140-9618+[2001-1458-301-22--100-8b]-9618&alias=b7s05p0326.cern.ch&noUDP&sock=slot1_34_3793_42f3_25279>
...
040 (3315595.009.000) 01/13 01:14:37 Finished transferring input files
...
001 (3315595.009.000) 01/13 01:14:38 Job executing on host: <128.142.60.140:9618?addrs=128.142.60.140-9618+[2001-1458-301-22--100-8b]-9618&alias=b7s05p0326.cern.ch&noUDP&sock=startd_3622_f81e>
...
006 (3315595.009.000) 01/13 01:14:46 Image size of job updated: 272728
	184  -  MemoryUsage of job (MB)
	188396  -  ResidentSetSize of job (KB)
...
006 (3315595.009.000) 01/13 01:19:47 Image size of job updated: 1740680
	563  -  MemoryUsage of job (MB)
	576252  -  ResidentSetSize of job (KB)
...
006 (3315595.009.000) 01/13 01:24:48 Image size of job updated: 2047268
	567  -  MemoryUsage of job (MB)
	580276  -  ResidentSetSize of job (KB)
...
006 (3315595.009.000) 01/13 01:29:48 Image size of job updated: 2047268
	567  -  MemoryUsage of job (MB)
	580312  -  ResidentSetSize of job (KB)
...
006 (3315595.009.000) 01/13 01:39:49 Image size of job updated: 2292524
	698  -  MemoryUsage of job (MB)
	713800  -  ResidentSetSize of job (KB)
...
006 (3315595.009.000) 01/13 01:54:51 Image size of job updated: 2443924
	953  -  MemoryUsage of job (MB)
	975760  -  ResidentSetSize of job (KB)
...
006 (3315595.009.000) 01/13 02:14:53 Image size of job updated: 2746176
	1257  -  MemoryUsage of job (MB)
	1286712  -  ResidentSetSize of job (KB)
...
006 (3315595.009.000) 01/13 02:34:55 Image size of job updated: 2746176
	1258  -  MemoryUsage of job (MB)
	1287516  -  ResidentSetSize of job (KB)
...
006 (3315595.009.000) 01/13 02:39:56 Image size of job updated: 2996740
	1446  -  MemoryUsage of job (MB)
	1480060  -  ResidentSetSize of job (KB)
...
006 (3315595.009.000) 01/13 02:54:58 Image size of job updated: 2996740
	1777  -  MemoryUsage of job (MB)
	1819032  -  ResidentSetSize of job (KB)
...
006 (3315595.009.000) 01/13 02:59:58 Image size of job updated: 3498760
	1777  -  MemoryUsage of job (MB)
	1819032  -  ResidentSetSize of job (KB)
...
040 (3315595.009.000) 01/13 03:12:07 Started transferring output files
...
040 (3315595.009.000) 01/13 03:12:07 Finished transferring output files
...
005 (3315595.009.000) 01/13 03:12:07 Job terminated.
	(1) Normal termination (return value 0)
		Usr 0 00:11:51, Sys 0 00:00:31  -  Run Remote Usage
		Usr 0 00:00:00, Sys 0 00:00:00  -  Run Local Usage
		Usr 0 00:11:51, Sys 0 00:00:31  -  Total Remote Usage
		Usr 0 00:00:00, Sys 0 00:00:00  -  Total Local Usage
	108130  -  Run Bytes Sent By Job
	10531  -  Run Bytes Received By Job
	108130  -  Total Bytes Sent By Job
	10531  -  Total Bytes Received By Job
	Partitionable Resources :    Usage  Request Allocated 
	   Cpus                 :     0.10        4         4 
	   Disk (KB)            :   140           1   1321664 
	   Memory (MB)          :  1777        8000      8000 

	Job terminated of its own accord at 2022-01-13T02:12:07Z.
...
