000 (3314886.004.000) 01/12 10:53:34 Job submitted from host: <188.185.70.244:9618?addrs=188.185.70.244-9618+[2001-1458-d00-7--100-2ee]-9618&alias=bigbird10.cern.ch&noUDP&sock=schedd_7001_aea1>
...
040 (3314886.004.000) 01/12 10:54:53 Started transferring input files
	Transferring to host: <128.142.193.198:9618?addrs=128.142.193.198-9618+[2001-1458-301-8--100-42]-9618&alias=b7g21p4050.cern.ch&noUDP&sock=slot1_13_6972_2795_78669>
...
040 (3314886.004.000) 01/12 10:54:53 Finished transferring input files
...
001 (3314886.004.000) 01/12 10:54:54 Job executing on host: <128.142.193.198:9618?addrs=128.142.193.198-9618+[2001-1458-301-8--100-42]-9618&alias=b7g21p4050.cern.ch&noUDP&sock=startd_5413_723c>
...
006 (3314886.004.000) 01/12 10:55:02 Image size of job updated: 241240
	169  -  MemoryUsage of job (MB)
	172284  -  ResidentSetSize of job (KB)
...
006 (3314886.004.000) 01/12 11:00:02 Image size of job updated: 1734280
	273  -  MemoryUsage of job (MB)
	279432  -  ResidentSetSize of job (KB)
...
006 (3314886.004.000) 01/12 11:05:03 Image size of job updated: 2050688
	577  -  MemoryUsage of job (MB)
	590012  -  ResidentSetSize of job (KB)
...
040 (3314886.004.000) 01/12 11:18:21 Started transferring output files
...
040 (3314886.004.000) 01/12 11:18:21 Finished transferring output files
...
004 (3314886.004.000) 01/12 11:18:21 Job was evicted.
	(0) CPU times
		Usr 0 00:01:52, Sys 0 00:00:09  -  Run Remote Usage
		Usr 0 00:00:00, Sys 0 00:00:00  -  Run Local Usage
	16427  -  Run Bytes Sent By Job
	10532  -  Run Bytes Received By Job
	Partitionable Resources :    Usage  Request Allocated 
	   Cpus                 :     0.03        4         4 
	   Disk (KB)            :    51           1   1296702 
	   Memory (MB)          :   577        8000      8000 
...
009 (3314886.004.000) 01/12 11:18:21 Job was aborted.
	via condor_rm (by user vdamante)
...
