000 (3316951.010.000) 01/13 10:23:50 Job submitted from host: <188.185.70.244:9618?addrs=188.185.70.244-9618+[2001-1458-d00-7--100-2ee]-9618&alias=bigbird10.cern.ch&noUDP&sock=schedd_7001_aea1>
...
040 (3316951.010.000) 01/13 10:29:28 Started transferring input files
	Transferring to host: <188.184.162.10:9618?addrs=188.184.162.10-9618+[2001-1458-301-4a--100-4]-9618&alias=b7s11p6285.cern.ch&noUDP&sock=slot1_2_3846_9ad5_28254>
...
040 (3316951.010.000) 01/13 10:29:28 Finished transferring input files
...
001 (3316951.010.000) 01/13 10:29:29 Job executing on host: <188.184.162.10:9618?addrs=188.184.162.10-9618+[2001-1458-301-4a--100-4]-9618&alias=b7s11p6285.cern.ch&noUDP&sock=startd_3053_aeba>
...
006 (3316951.010.000) 01/13 10:29:37 Image size of job updated: 272016
	186  -  MemoryUsage of job (MB)
	189984  -  ResidentSetSize of job (KB)
...
006 (3316951.010.000) 01/13 10:34:37 Image size of job updated: 2054432
	497  -  MemoryUsage of job (MB)
	508288  -  ResidentSetSize of job (KB)
...
006 (3316951.010.000) 01/13 10:44:38 Image size of job updated: 2054432
	497  -  MemoryUsage of job (MB)
	508292  -  ResidentSetSize of job (KB)
...
006 (3316951.010.000) 01/13 10:49:38 Image size of job updated: 2200776
	727  -  MemoryUsage of job (MB)
	744428  -  ResidentSetSize of job (KB)
...
006 (3316951.010.000) 01/13 11:04:40 Image size of job updated: 2569588
	1034  -  MemoryUsage of job (MB)
	1058724  -  ResidentSetSize of job (KB)
...
006 (3316951.010.000) 01/13 11:19:42 Image size of job updated: 2569588
	1036  -  MemoryUsage of job (MB)
	1059944  -  ResidentSetSize of job (KB)
...
006 (3316951.010.000) 01/13 11:24:42 Image size of job updated: 2876224
	1209  -  MemoryUsage of job (MB)
	1237064  -  ResidentSetSize of job (KB)
...
006 (3316951.010.000) 01/13 11:29:43 Image size of job updated: 2876224
	1209  -  MemoryUsage of job (MB)
	1237072  -  ResidentSetSize of job (KB)
...
006 (3316951.010.000) 01/13 11:39:43 Image size of job updated: 3219436
	1467  -  MemoryUsage of job (MB)
	1502008  -  ResidentSetSize of job (KB)
...
006 (3316951.010.000) 01/13 11:54:45 Image size of job updated: 3567900
	2037  -  MemoryUsage of job (MB)
	2085188  -  ResidentSetSize of job (KB)
...
006 (3316951.010.000) 01/13 12:14:46 Image size of job updated: 3931316
	2045  -  MemoryUsage of job (MB)
	2094032  -  ResidentSetSize of job (KB)
...
006 (3316951.010.000) 01/13 12:24:48 Image size of job updated: 3931316
	2045  -  MemoryUsage of job (MB)
	2094036  -  ResidentSetSize of job (KB)
...
006 (3316951.010.000) 01/13 12:29:48 Image size of job updated: 3931316
	2059  -  MemoryUsage of job (MB)
	2108336  -  ResidentSetSize of job (KB)
...
006 (3316951.010.000) 01/13 12:34:49 Image size of job updated: 4364552
	2371  -  MemoryUsage of job (MB)
	2427224  -  ResidentSetSize of job (KB)
...
006 (3316951.010.000) 01/13 12:54:51 Image size of job updated: 4630976
	3086  -  MemoryUsage of job (MB)
	3159156  -  ResidentSetSize of job (KB)
...
006 (3316951.010.000) 01/13 12:59:51 Image size of job updated: 4934260
	3086  -  MemoryUsage of job (MB)
	3159156  -  ResidentSetSize of job (KB)
...
040 (3316951.010.000) 01/13 13:15:51 Started transferring output files
...
040 (3316951.010.000) 01/13 13:15:51 Finished transferring output files
...
005 (3316951.010.000) 01/13 13:15:51 Job terminated.
	(1) Normal termination (return value 0)
		Usr 0 00:43:34, Sys 0 00:00:52  -  Run Remote Usage
		Usr 0 00:00:00, Sys 0 00:00:00  -  Run Local Usage
		Usr 0 00:43:34, Sys 0 00:00:52  -  Total Remote Usage
		Usr 0 00:00:00, Sys 0 00:00:00  -  Total Local Usage
	195207  -  Run Bytes Sent By Job
	10531  -  Run Bytes Received By Job
	195207  -  Total Bytes Sent By Job
	10531  -  Total Bytes Received By Job
	Partitionable Resources :    Usage  Request Allocated 
	   Cpus                 :     0.15        4         4 
	   Disk (KB)            :   225           1   2964634 
	   Memory (MB)          :  3086        8000      8000 

	Job terminated of its own accord at 2022-01-13T12:15:50Z.
...
