000 (3301445.024.000) 01/10 18:11:01 Job submitted from host: <188.185.70.244:9618?addrs=188.185.70.244-9618+[2001-1458-d00-7--100-2ee]-9618&alias=bigbird10.cern.ch&noUDP&sock=schedd_7001_aea1>
...
040 (3301445.024.000) 01/10 18:13:14 Started transferring input files
	Transferring to host: <188.184.162.73:9618?addrs=188.184.162.73-9618+[2001-1458-301-4a--100-43]-9618&alias=b7s11p8918.cern.ch&noUDP&sock=slot1_8_4162_4162_24527>
...
040 (3301445.024.000) 01/10 18:13:14 Finished transferring input files
...
001 (3301445.024.000) 01/10 18:13:15 Job executing on host: <188.184.162.73:9618?addrs=188.184.162.73-9618+[2001-1458-301-4a--100-43]-9618&alias=b7s11p8918.cern.ch&noUDP&sock=startd_3914_41c5>
...
006 (3301445.024.000) 01/10 18:13:18 Image size of job updated: 452244
	0  -  MemoryUsage of job (MB)
	0  -  ResidentSetSize of job (KB)
...
040 (3301445.024.000) 01/10 18:13:18 Started transferring output files
...
040 (3301445.024.000) 01/10 18:13:18 Finished transferring output files
...
005 (3301445.024.000) 01/10 18:13:18 Job terminated.
	(1) Normal termination (return value 1)
		Usr 0 00:00:01, Sys 0 00:00:00  -  Run Remote Usage
		Usr 0 00:00:00, Sys 0 00:00:00  -  Run Local Usage
		Usr 0 00:00:01, Sys 0 00:00:00  -  Total Remote Usage
		Usr 0 00:00:00, Sys 0 00:00:00  -  Total Local Usage
	202  -  Run Bytes Sent By Job
	10524  -  Run Bytes Received By Job
	202  -  Total Bytes Sent By Job
	10524  -  Total Bytes Received By Job
	Partitionable Resources :    Usage  Request Allocated 
	   Cpus                 :                 4         4 
	   Disk (KB)            :       27        1   2742884 
	   Memory (MB)          :        0     8000      8000 

	Job terminated of its own accord at 2022-01-10T17:13:18Z.
...
