000 (3319731.010.000) 01/17 11:19:49 Job submitted from host: <188.185.70.244:9618?addrs=188.185.70.244-9618+[2001-1458-d00-7--100-2ee]-9618&alias=bigbird10.cern.ch&noUDP&sock=schedd_7001_aea1>
...
040 (3319731.010.000) 01/17 11:27:31 Entered queue to transfer input files
	Transferring to host: <128.142.128.42:9618?addrs=128.142.128.42-9618&alias=b7g25p7323.cern.ch&noUDP&sock=slot1_7_3448_2d85_69630>
...
040 (3319731.010.000) 01/17 11:28:22 Started transferring input files
	Seconds spent in queue: 51
...
040 (3319731.010.000) 01/17 11:28:22 Finished transferring input files
...
001 (3319731.010.000) 01/17 11:28:23 Job executing on host: <128.142.128.42:9618?addrs=128.142.128.42-9618&alias=b7g25p7323.cern.ch&noUDP&sock=startd_2935_be8d>
...
006 (3319731.010.000) 01/17 11:28:31 Image size of job updated: 252984
	116  -  MemoryUsage of job (MB)
	118508  -  ResidentSetSize of job (KB)
...
006 (3319731.010.000) 01/17 11:33:31 Image size of job updated: 1727512
	269  -  MemoryUsage of job (MB)
	274560  -  ResidentSetSize of job (KB)
...
006 (3319731.010.000) 01/17 11:43:32 Image size of job updated: 1727512
	269  -  MemoryUsage of job (MB)
	274564  -  ResidentSetSize of job (KB)
...
006 (3319731.010.000) 01/17 11:53:33 Image size of job updated: 2239164
	696  -  MemoryUsage of job (MB)
	712276  -  ResidentSetSize of job (KB)
...
006 (3319731.010.000) 01/17 11:58:34 Image size of job updated: 2239164
	696  -  MemoryUsage of job (MB)
	712304  -  ResidentSetSize of job (KB)
...
006 (3319731.010.000) 01/17 12:18:36 Image size of job updated: 2817896
	1042  -  MemoryUsage of job (MB)
	1066816  -  ResidentSetSize of job (KB)
...
006 (3319731.010.000) 01/17 12:23:36 Image size of job updated: 2817896
	1042  -  MemoryUsage of job (MB)
	1066820  -  ResidentSetSize of job (KB)
...
006 (3319731.010.000) 01/17 12:43:38 Image size of job updated: 3161940
	1359  -  MemoryUsage of job (MB)
	1391284  -  ResidentSetSize of job (KB)
...
006 (3319731.010.000) 01/17 12:58:40 Image size of job updated: 3161940
	1359  -  MemoryUsage of job (MB)
	1391288  -  ResidentSetSize of job (KB)
...
006 (3319731.010.000) 01/17 13:08:41 Image size of job updated: 3514152
	1695  -  MemoryUsage of job (MB)
	1735580  -  ResidentSetSize of job (KB)
...
006 (3319731.010.000) 01/17 13:33:43 Image size of job updated: 3931992
	2034  -  MemoryUsage of job (MB)
	2082740  -  ResidentSetSize of job (KB)
...
006 (3319731.010.000) 01/17 13:58:45 Image size of job updated: 3931992
	2037  -  MemoryUsage of job (MB)
	2085736  -  ResidentSetSize of job (KB)
...
006 (3319731.010.000) 01/17 14:03:46 Image size of job updated: 4312740
	2616  -  MemoryUsage of job (MB)
	2677840  -  ResidentSetSize of job (KB)
...
006 (3319731.010.000) 01/17 14:08:47 Image size of job updated: 4312740
	2616  -  MemoryUsage of job (MB)
	2677844  -  ResidentSetSize of job (KB)
...
006 (3319731.010.000) 01/17 14:23:49 Image size of job updated: 4312740
	2618  -  MemoryUsage of job (MB)
	2680644  -  ResidentSetSize of job (KB)
...
006 (3319731.010.000) 01/17 14:28:49 Image size of job updated: 5035532
	2817  -  MemoryUsage of job (MB)
	2884452  -  ResidentSetSize of job (KB)
...
006 (3319731.010.000) 01/17 14:33:49 Image size of job updated: 5035532
	2817  -  MemoryUsage of job (MB)
	2884456  -  ResidentSetSize of job (KB)
...
006 (3319731.010.000) 01/17 14:48:50 Image size of job updated: 5241140
	3188  -  MemoryUsage of job (MB)
	3264048  -  ResidentSetSize of job (KB)
...
006 (3319731.010.000) 01/17 15:08:53 Image size of job updated: 5241140
	3195  -  MemoryUsage of job (MB)
	3271576  -  ResidentSetSize of job (KB)
...
006 (3319731.010.000) 01/17 15:13:54 Image size of job updated: 5714336
	3615  -  MemoryUsage of job (MB)
	3701760  -  ResidentSetSize of job (KB)
...
040 (3319731.010.000) 01/17 15:28:13 Started transferring output files
	Seconds spent in queue: 14442
...
040 (3319731.010.000) 01/17 15:28:13 Finished transferring output files
...
005 (3319731.010.000) 01/17 15:28:13 Job terminated.
	(1) Normal termination (return value 0)
		Usr 0 01:22:02, Sys 0 00:00:53  -  Run Remote Usage
		Usr 0 00:00:00, Sys 0 00:00:00  -  Run Local Usage
		Usr 0 01:22:02, Sys 0 00:00:53  -  Total Remote Usage
		Usr 0 00:00:00, Sys 0 00:00:00  -  Total Local Usage
	1359  -  Run Bytes Sent By Job
	10523  -  Run Bytes Received By Job
	1359  -  Total Bytes Sent By Job
	10523  -  Total Bytes Received By Job
	Partitionable Resources :    Usage  Request Allocated 
	   Cpus                 :     0.23        4         4 
	   Disk (KB)            :    35           1   2951607 
	   Memory (MB)          :  3615        8000      8000 

	Job terminated of its own accord at 2022-01-17T14:28:13Z.
...
