000 (3300954.009.000) 01/10 17:49:51 Job submitted from host: <188.185.70.244:9618?addrs=188.185.70.244-9618+[2001-1458-d00-7--100-2ee]-9618&alias=bigbird10.cern.ch&noUDP&sock=schedd_7001_aea1>
...
040 (3300954.009.000) 01/10 17:55:56 Entered queue to transfer input files
	Transferring to host: <128.142.33.215:9618?addrs=128.142.33.215-9618+[2001-1458-301-39--100-14]-9618&alias=b7g24p0776.cern.ch&noUDP&sock=slot1_23_49565_c6b9_108972>
...
040 (3300954.009.000) 01/10 17:55:59 Started transferring input files
	Seconds spent in queue: 3
...
040 (3300954.009.000) 01/10 17:55:59 Finished transferring input files
...
001 (3300954.009.000) 01/10 17:56:00 Job executing on host: <128.142.33.215:9618?addrs=128.142.33.215-9618+[2001-1458-301-39--100-14]-9618&alias=b7g24p0776.cern.ch&noUDP&sock=startd_4901_41bf>
...
006 (3300954.009.000) 01/10 17:56:08 Image size of job updated: 456892
	71  -  MemoryUsage of job (MB)
	72644  -  ResidentSetSize of job (KB)
...
006 (3300954.009.000) 01/10 17:56:30 Image size of job updated: 1256180
	71  -  MemoryUsage of job (MB)
	72648  -  ResidentSetSize of job (KB)
...
040 (3300954.009.000) 01/10 17:56:33 Started transferring output files
	Seconds spent in queue: 37
...
040 (3300954.009.000) 01/10 17:56:33 Finished transferring output files
...
005 (3300954.009.000) 01/10 17:56:33 Job terminated.
	(1) Normal termination (return value 0)
		Usr 0 00:00:04, Sys 0 00:00:02  -  Run Remote Usage
		Usr 0 00:00:00, Sys 0 00:00:00  -  Run Local Usage
		Usr 0 00:00:04, Sys 0 00:00:02  -  Total Remote Usage
		Usr 0 00:00:00, Sys 0 00:00:00  -  Total Local Usage
	3111  -  Run Bytes Sent By Job
	10528  -  Run Bytes Received By Job
	3111  -  Total Bytes Sent By Job
	10528  -  Total Bytes Received By Job
	Partitionable Resources :    Usage  Request Allocated 
	   Cpus                 :                 4         4 
	   Disk (KB)            :       30        1   2517861 
	   Memory (MB)          :       71     8000      8000 

	Job terminated of its own accord at 2022-01-10T16:56:30Z.
...
