000 (3319731.001.000) 01/17 11:19:49 Job submitted from host: <188.185.70.244:9618?addrs=188.185.70.244-9618+[2001-1458-d00-7--100-2ee]-9618&alias=bigbird10.cern.ch&noUDP&sock=schedd_7001_aea1>
...
040 (3319731.001.000) 01/17 11:27:29 Entered queue to transfer input files
	Transferring to host: <128.142.60.91:9618?addrs=128.142.60.91-9618+[2001-1458-301-22--100-5a]-9618&alias=b7s05p2978.cern.ch&noUDP&sock=slot1_3_3416_a184_31171>
...
040 (3319731.001.000) 01/17 11:28:22 Started transferring input files
	Seconds spent in queue: 53
...
040 (3319731.001.000) 01/17 11:28:22 Finished transferring input files
...
001 (3319731.001.000) 01/17 11:28:23 Job executing on host: <128.142.60.91:9618?addrs=128.142.60.91-9618+[2001-1458-301-22--100-5a]-9618&alias=b7s05p2978.cern.ch&noUDP&sock=startd_2857_3e2a>
...
006 (3319731.001.000) 01/17 11:28:31 Image size of job updated: 463584
	155  -  MemoryUsage of job (MB)
	157828  -  ResidentSetSize of job (KB)
...
006 (3319731.001.000) 01/17 11:33:31 Image size of job updated: 2461716
	710  -  MemoryUsage of job (MB)
	726156  -  ResidentSetSize of job (KB)
...
006 (3319731.001.000) 01/17 11:43:33 Image size of job updated: 2461716
	710  -  MemoryUsage of job (MB)
	726240  -  ResidentSetSize of job (KB)
...
006 (3319731.001.000) 01/17 11:48:33 Image size of job updated: 2461716
	710  -  MemoryUsage of job (MB)
	726248  -  ResidentSetSize of job (KB)
...
006 (3319731.001.000) 01/17 11:53:34 Image size of job updated: 2825732
	1049  -  MemoryUsage of job (MB)
	1073836  -  ResidentSetSize of job (KB)
...
006 (3319731.001.000) 01/17 11:58:35 Image size of job updated: 2825732
	1049  -  MemoryUsage of job (MB)
	1073840  -  ResidentSetSize of job (KB)
...
006 (3319731.001.000) 01/17 12:03:35 Image size of job updated: 2825732
	1049  -  MemoryUsage of job (MB)
	1073844  -  ResidentSetSize of job (KB)
...
006 (3319731.001.000) 01/17 12:08:35 Image size of job updated: 2825732
	1049  -  MemoryUsage of job (MB)
	1073848  -  ResidentSetSize of job (KB)
...
006 (3319731.001.000) 01/17 12:13:36 Image size of job updated: 3169756
	1376  -  MemoryUsage of job (MB)
	1408936  -  ResidentSetSize of job (KB)
...
006 (3319731.001.000) 01/17 12:28:37 Image size of job updated: 3169756
	1378  -  MemoryUsage of job (MB)
	1410748  -  ResidentSetSize of job (KB)
...
006 (3319731.001.000) 01/17 12:33:38 Image size of job updated: 3524100
	1720  -  MemoryUsage of job (MB)
	1760664  -  ResidentSetSize of job (KB)
...
006 (3319731.001.000) 01/17 12:38:38 Image size of job updated: 3524100
	1720  -  MemoryUsage of job (MB)
	1760668  -  ResidentSetSize of job (KB)
...
006 (3319731.001.000) 01/17 12:48:40 Image size of job updated: 3939104
	2036  -  MemoryUsage of job (MB)
	2084632  -  ResidentSetSize of job (KB)
...
006 (3319731.001.000) 01/17 13:08:42 Image size of job updated: 4320596
	2434  -  MemoryUsage of job (MB)
	2491588  -  ResidentSetSize of job (KB)
...
006 (3319731.001.000) 01/17 13:23:44 Image size of job updated: 4736932
	2792  -  MemoryUsage of job (MB)
	2858568  -  ResidentSetSize of job (KB)
...
006 (3319731.001.000) 01/17 13:38:45 Image size of job updated: 4903684
	3237  -  MemoryUsage of job (MB)
	3313816  -  ResidentSetSize of job (KB)
...
006 (3319731.001.000) 01/17 13:43:45 Image size of job updated: 5247812
	3237  -  MemoryUsage of job (MB)
	3313816  -  ResidentSetSize of job (KB)
...
006 (3319731.001.000) 01/17 14:03:47 Image size of job updated: 5922176
	3622  -  MemoryUsage of job (MB)
	3708600  -  ResidentSetSize of job (KB)
...
040 (3319731.001.000) 01/17 14:25:48 Started transferring output files
	Seconds spent in queue: 10699
...
040 (3319731.001.000) 01/17 14:25:48 Finished transferring output files
...
005 (3319731.001.000) 01/17 14:25:48 Job terminated.
	(1) Normal termination (return value 0)
		Usr 0 00:48:53, Sys 0 00:01:09  -  Run Remote Usage
		Usr 0 00:00:00, Sys 0 00:00:00  -  Run Local Usage
		Usr 0 00:48:53, Sys 0 00:01:09  -  Total Remote Usage
		Usr 0 00:00:00, Sys 0 00:00:00  -  Total Local Usage
	1359  -  Run Bytes Sent By Job
	10523  -  Run Bytes Received By Job
	1359  -  Total Bytes Sent By Job
	10523  -  Total Bytes Received By Job
	Partitionable Resources :    Usage  Request Allocated 
	   Cpus                 :     0.20        4         4 
	   Disk (KB)            :    35           1   1157700 
	   Memory (MB)          :  3622        8000      8000 

	Job terminated of its own accord at 2022-01-17T13:25:48Z.
...
