000 (3277183.024.000) 12/25 12:36:03 Job submitted from host: <188.185.70.244:9618?addrs=188.185.70.244-9618+[2001-1458-d00-7--100-2ee]-9618&alias=bigbird10.cern.ch&noUDP&sock=schedd_2095_9300>
...
040 (3277183.024.000) 12/25 12:40:37 Started transferring input files
	Transferring to host: <128.142.58.72:9618?addrs=128.142.58.72-9618+[2001-1458-301-16--100-47]-9618&alias=b7s03p5575.cern.ch&noUDP&sock=slot1_10_3544_d189_9242>
...
040 (3277183.024.000) 12/25 12:40:37 Finished transferring input files
...
001 (3277183.024.000) 12/25 12:40:38 Job executing on host: <128.142.58.72:9618?addrs=128.142.58.72-9618+[2001-1458-301-16--100-47]-9618&alias=b7s03p5575.cern.ch&noUDP&sock=startd_2882_6408>
...
006 (3277183.024.000) 12/25 12:40:46 Image size of job updated: 1256316
	228  -  MemoryUsage of job (MB)
	233164  -  ResidentSetSize of job (KB)
...
006 (3277183.024.000) 12/25 12:41:10 Image size of job updated: 1729080
	228  -  MemoryUsage of job (MB)
	233280  -  ResidentSetSize of job (KB)
...
040 (3277183.024.000) 12/25 12:41:10 Started transferring output files
...
040 (3277183.024.000) 12/25 12:41:10 Finished transferring output files
...
005 (3277183.024.000) 12/25 12:41:10 Job terminated.
	(1) Normal termination (return value 0)
		Usr 0 00:00:13, Sys 0 00:00:02  -  Run Remote Usage
		Usr 0 00:00:00, Sys 0 00:00:00  -  Run Local Usage
		Usr 0 00:00:13, Sys 0 00:00:02  -  Total Remote Usage
		Usr 0 00:00:00, Sys 0 00:00:00  -  Total Local Usage
	3614  -  Run Bytes Sent By Job
	11216  -  Run Bytes Received By Job
	3614  -  Total Bytes Sent By Job
	11216  -  Total Bytes Received By Job
	Partitionable Resources :    Usage  Request Allocated 
	   Cpus                 :                 4         4 
	   Disk (KB)            :       32        1   1256056 
	   Memory (MB)          :      228     8000      8000 

	Job terminated of its own accord at 2021-12-25T11:41:10Z.
...
