000 (3314620.003.000) 01/11 10:24:21 Job submitted from host: <188.185.70.244:9618?addrs=188.185.70.244-9618+[2001-1458-d00-7--100-2ee]-9618&alias=bigbird10.cern.ch&noUDP&sock=schedd_7001_aea1>
...
040 (3314620.003.000) 01/11 10:26:44 Started transferring input files
	Transferring to host: <188.184.162.127:9618?addrs=188.184.162.127-9618+[2001-1458-301-4a--100-79]-9618&alias=b7s11p3819.cern.ch&noUDP&sock=slot1_4_3525_6e68_25248>
...
040 (3314620.003.000) 01/11 10:26:44 Finished transferring input files
...
001 (3314620.003.000) 01/11 10:26:45 Job executing on host: <188.184.162.127:9618?addrs=188.184.162.127-9618+[2001-1458-301-4a--100-79]-9618&alias=b7s11p3819.cern.ch&noUDP&sock=startd_3126_c124>
...
006 (3314620.003.000) 01/11 10:26:50 Image size of job updated: 34828
	0  -  MemoryUsage of job (MB)
	0  -  ResidentSetSize of job (KB)
...
040 (3314620.003.000) 01/11 10:26:50 Started transferring output files
...
040 (3314620.003.000) 01/11 10:26:50 Finished transferring output files
...
005 (3314620.003.000) 01/11 10:26:50 Job terminated.
	(1) Normal termination (return value 1)
		Usr 0 00:00:01, Sys 0 00:00:00  -  Run Remote Usage
		Usr 0 00:00:00, Sys 0 00:00:00  -  Run Local Usage
		Usr 0 00:00:01, Sys 0 00:00:00  -  Total Remote Usage
		Usr 0 00:00:00, Sys 0 00:00:00  -  Total Local Usage
	200  -  Run Bytes Sent By Job
	10528  -  Run Bytes Received By Job
	200  -  Total Bytes Sent By Job
	10528  -  Total Bytes Received By Job
	Partitionable Resources :    Usage  Request Allocated 
	   Cpus                 :                 4         4 
	   Disk (KB)            :       28        1   2958624 
	   Memory (MB)          :        0     8000      8000 

	Job terminated of its own accord at 2022-01-11T09:26:50Z.
...
009 (3314620.003.000) 01/11 10:26:50 Job was aborted.
	via condor_rm (by user vdamante)

	Job terminated by itself at 2022-01-11T09:26:50Z (using method 0: OF_ITS_OWN_ACCORD).
...
