000 (3314621.005.000) 01/11 10:40:59 Job submitted from host: <188.185.70.244:9618?addrs=188.185.70.244-9618+[2001-1458-d00-7--100-2ee]-9618&alias=bigbird10.cern.ch&noUDP&sock=schedd_7001_aea1>
...
040 (3314621.005.000) 01/11 10:49:01 Started transferring input files
	Transferring to host: <188.184.162.42:9618?addrs=188.184.162.42-9618+[2001-1458-301-4a--100-24]-9618&alias=b7s11p6807.cern.ch&noUDP&sock=slot1_22_3632_d28d_26234>
...
040 (3314621.005.000) 01/11 10:49:01 Finished transferring input files
...
001 (3314621.005.000) 01/11 10:49:02 Job executing on host: <188.184.162.42:9618?addrs=188.184.162.42-9618+[2001-1458-301-4a--100-24]-9618&alias=b7s11p6807.cern.ch&noUDP&sock=startd_3037_b536>
...
006 (3314621.005.000) 01/11 10:49:12 Image size of job updated: 459972
	1  -  MemoryUsage of job (MB)
	804  -  ResidentSetSize of job (KB)
...
006 (3314621.005.000) 01/11 10:54:12 Image size of job updated: 1749804
	289  -  MemoryUsage of job (MB)
	295512  -  ResidentSetSize of job (KB)
...
006 (3314621.005.000) 01/11 10:59:12 Image size of job updated: 1749804
	290  -  MemoryUsage of job (MB)
	296412  -  ResidentSetSize of job (KB)
...
006 (3314621.005.000) 01/11 11:14:14 Image size of job updated: 1749804
	290  -  MemoryUsage of job (MB)
	296416  -  ResidentSetSize of job (KB)
...
006 (3314621.005.000) 01/11 11:24:16 Image size of job updated: 1749804
	290  -  MemoryUsage of job (MB)
	296652  -  ResidentSetSize of job (KB)
...
040 (3314621.005.000) 01/11 11:24:45 Started transferring output files
...
040 (3314621.005.000) 01/11 11:24:46 Finished transferring output files
...
005 (3314621.005.000) 01/11 11:24:46 Job terminated.
	(1) Normal termination (return value 0)
		Usr 0 00:00:42, Sys 0 00:00:03  -  Run Remote Usage
		Usr 0 00:00:00, Sys 0 00:00:00  -  Run Local Usage
		Usr 0 00:00:42, Sys 0 00:00:03  -  Total Remote Usage
		Usr 0 00:00:00, Sys 0 00:00:00  -  Total Local Usage
	10022  -  Run Bytes Sent By Job
	10528  -  Run Bytes Received By Job
	10022  -  Total Bytes Sent By Job
	10528  -  Total Bytes Received By Job
	Partitionable Resources :    Usage  Request Allocated 
	   Cpus                 :     0.04        4         4 
	   Disk (KB)            :    45           1   2886703 
	   Memory (MB)          :   290        8000      8000 

	Job terminated of its own accord at 2022-01-11T10:24:45Z.
...
