000 (3314886.020.000) 01/12 10:53:34 Job submitted from host: <188.185.70.244:9618?addrs=188.185.70.244-9618+[2001-1458-d00-7--100-2ee]-9618&alias=bigbird10.cern.ch&noUDP&sock=schedd_7001_aea1>
...
040 (3314886.020.000) 01/12 10:54:59 Started transferring input files
	Transferring to host: <188.184.165.27:9618?addrs=188.184.165.27-9618+[2001-1458-301-51--100-16]-9618&alias=b7s14p8586.cern.ch&noUDP&sock=slot1_10_3933_e779_26295>
...
040 (3314886.020.000) 01/12 10:54:59 Finished transferring input files
...
001 (3314886.020.000) 01/12 10:55:00 Job executing on host: <188.184.165.27:9618?addrs=188.184.165.27-9618+[2001-1458-301-51--100-16]-9618&alias=b7s14p8586.cern.ch&noUDP&sock=startd_3292_9ddd>
...
006 (3314886.020.000) 01/12 10:55:09 Image size of job updated: 255588
	228  -  MemoryUsage of job (MB)
	233204  -  ResidentSetSize of job (KB)
...
006 (3314886.020.000) 01/12 11:00:10 Image size of job updated: 2077888
	603  -  MemoryUsage of job (MB)
	617256  -  ResidentSetSize of job (KB)
...
006 (3314886.020.000) 01/12 11:05:11 Image size of job updated: 2077888
	603  -  MemoryUsage of job (MB)
	617260  -  ResidentSetSize of job (KB)
...
006 (3314886.020.000) 01/12 11:10:11 Image size of job updated: 2297744
	761  -  MemoryUsage of job (MB)
	778920  -  ResidentSetSize of job (KB)
...
040 (3314886.020.000) 01/12 11:18:23 Started transferring output files
...
040 (3314886.020.000) 01/12 11:18:23 Finished transferring output files
...
004 (3314886.020.000) 01/12 11:18:23 Job was evicted.
	(0) CPU times
		Usr 0 00:03:02, Sys 0 00:00:08  -  Run Remote Usage
		Usr 0 00:00:00, Sys 0 00:00:00  -  Run Local Usage
	24702  -  Run Bytes Sent By Job
	10532  -  Run Bytes Received By Job
	Partitionable Resources :    Usage  Request Allocated 
	   Cpus                 :     0.04        4         4 
	   Disk (KB)            :    59           1   2861266 
	   Memory (MB)          :   761        8000      8000 
...
009 (3314886.020.000) 01/12 11:18:23 Job was aborted.
	via condor_rm (by user vdamante)
...
