000 (3314886.011.000) 01/12 10:53:34 Job submitted from host: <188.185.70.244:9618?addrs=188.185.70.244-9618+[2001-1458-d00-7--100-2ee]-9618&alias=bigbird10.cern.ch&noUDP&sock=schedd_7001_aea1>
...
040 (3314886.011.000) 01/12 10:54:56 Started transferring input files
	Transferring to host: <128.142.59.102:9618?addrs=128.142.59.102-9618+[2001-1458-301-21--100-65]-9618&alias=b7s04p2572.cern.ch&noUDP&sock=slot1_6_5556_745b_26173>
...
040 (3314886.011.000) 01/12 10:54:56 Finished transferring input files
...
001 (3314886.011.000) 01/12 10:54:57 Job executing on host: <128.142.59.102:9618?addrs=128.142.59.102-9618+[2001-1458-301-21--100-65]-9618&alias=b7s04p2572.cern.ch&noUDP&sock=startd_5139_8149>
...
006 (3314886.011.000) 01/12 10:55:06 Image size of job updated: 677644
	288  -  MemoryUsage of job (MB)
	294516  -  ResidentSetSize of job (KB)
...
006 (3314886.011.000) 01/12 11:00:07 Image size of job updated: 2078016
	595  -  MemoryUsage of job (MB)
	608864  -  ResidentSetSize of job (KB)
...
006 (3314886.011.000) 01/12 11:05:08 Image size of job updated: 2078016
	595  -  MemoryUsage of job (MB)
	608900  -  ResidentSetSize of job (KB)
...
006 (3314886.011.000) 01/12 11:10:08 Image size of job updated: 2237028
	757  -  MemoryUsage of job (MB)
	774556  -  ResidentSetSize of job (KB)
...
006 (3314886.011.000) 01/12 11:15:09 Image size of job updated: 2237028
	757  -  MemoryUsage of job (MB)
	774564  -  ResidentSetSize of job (KB)
...
006 (3314886.011.000) 01/12 11:18:22 Image size of job updated: 2551608
	757  -  MemoryUsage of job (MB)
	774564  -  ResidentSetSize of job (KB)
...
040 (3314886.011.000) 01/12 11:18:22 Started transferring output files
...
040 (3314886.011.000) 01/12 11:18:22 Finished transferring output files
...
004 (3314886.011.000) 01/12 11:18:22 Job was evicted.
	(0) CPU times
		Usr 0 00:04:51, Sys 0 00:00:05  -  Run Remote Usage
		Usr 0 00:00:00, Sys 0 00:00:00  -  Run Local Usage
	45943  -  Run Bytes Sent By Job
	10532  -  Run Bytes Received By Job
	Partitionable Resources :    Usage  Request Allocated 
	   Cpus                 :     0.29        4         4 
	   Disk (KB)            :    76           1   1276622 
	   Memory (MB)          :   757        8000      8000 
...
009 (3314886.011.000) 01/12 11:18:22 Job was aborted.
	via condor_rm (by user vdamante)
...
