000 (3339252.000.000) 01/20 08:14:56 Job submitted from host: <188.185.70.244:9618?addrs=188.185.70.244-9618+[2001-1458-d00-7--100-2ee]-9618&alias=bigbird10.cern.ch&noUDP&sock=schedd_7001_aea1>
...
040 (3339252.000.000) 01/20 08:24:29 Started transferring input files
	Transferring to host: <128.142.58.44:9618?addrs=128.142.58.44-9618&alias=b7s03p6013.cern.ch&noUDP&sock=slot1_11_4618_8c75_35441>
...
040 (3339252.000.000) 01/20 08:24:29 Finished transferring input files
...
001 (3339252.000.000) 01/20 08:24:30 Job executing on host: <128.142.58.44:9618?addrs=128.142.58.44-9618&alias=b7s03p6013.cern.ch&noUDP&sock=startd_4270_717c>
...
006 (3339252.000.000) 01/20 08:24:39 Image size of job updated: 320188
	155  -  MemoryUsage of job (MB)
	157884  -  ResidentSetSize of job (KB)
...
006 (3339252.000.000) 01/20 08:29:39 Image size of job updated: 2477380
	717  -  MemoryUsage of job (MB)
	733816  -  ResidentSetSize of job (KB)
...
006 (3339252.000.000) 01/20 08:34:39 Image size of job updated: 2477380
	717  -  MemoryUsage of job (MB)
	733896  -  ResidentSetSize of job (KB)
...
006 (3339252.000.000) 01/20 12:20:03 Image size of job updated: 2477380
	725  -  MemoryUsage of job (MB)
	741476  -  ResidentSetSize of job (KB)
...
006 (3339252.000.000) 01/20 12:25:05 Image size of job updated: 2849720
	1081  -  MemoryUsage of job (MB)
	1106456  -  ResidentSetSize of job (KB)
...
006 (3339252.000.000) 01/20 12:55:07 Image size of job updated: 3214876
	1410  -  MemoryUsage of job (MB)
	1443500  -  ResidentSetSize of job (KB)
...
006 (3339252.000.000) 01/20 13:10:09 Image size of job updated: 3214876
	1410  -  MemoryUsage of job (MB)
	1443504  -  ResidentSetSize of job (KB)
...
006 (3339252.000.000) 01/20 13:45:15 Image size of job updated: 3214876
	1412  -  MemoryUsage of job (MB)
	1445160  -  ResidentSetSize of job (KB)
...
006 (3339252.000.000) 01/20 14:20:19 Image size of job updated: 3214876
	1412  -  MemoryUsage of job (MB)
	1445164  -  ResidentSetSize of job (KB)
...
006 (3339252.000.000) 01/20 15:20:24 Image size of job updated: 3465428
	2192  -  MemoryUsage of job (MB)
	2244400  -  ResidentSetSize of job (KB)
...
006 (3339252.000.000) 01/20 15:25:24 Image size of job updated: 3741212
	2194  -  MemoryUsage of job (MB)
	2246056  -  ResidentSetSize of job (KB)
...
006 (3339252.000.000) 01/20 15:55:28 Image size of job updated: 4213224
	2290  -  MemoryUsage of job (MB)
	2344940  -  ResidentSetSize of job (KB)
...
006 (3339252.000.000) 01/20 16:20:30 Image size of job updated: 4213224
	2290  -  MemoryUsage of job (MB)
	2344944  -  ResidentSetSize of job (KB)
...
006 (3339252.000.000) 01/20 16:35:32 Image size of job updated: 4213224
	2291  -  MemoryUsage of job (MB)
	2345116  -  ResidentSetSize of job (KB)
...
006 (3339252.000.000) 01/20 16:45:34 Image size of job updated: 4213224
	2292  -  MemoryUsage of job (MB)
	2346640  -  ResidentSetSize of job (KB)
...
006 (3339252.000.000) 01/20 16:50:34 Image size of job updated: 4766572
	2752  -  MemoryUsage of job (MB)
	2817040  -  ResidentSetSize of job (KB)
...
006 (3339252.000.000) 01/20 17:05:36 Image size of job updated: 4766572
	2752  -  MemoryUsage of job (MB)
	2817044  -  ResidentSetSize of job (KB)
...
006 (3339252.000.000) 01/20 17:30:38 Image size of job updated: 4766572
	2752  -  MemoryUsage of job (MB)
	2817892  -  ResidentSetSize of job (KB)
...
006 (3339252.000.000) 01/20 17:35:39 Image size of job updated: 5548136
	3223  -  MemoryUsage of job (MB)
	3299480  -  ResidentSetSize of job (KB)
...
040 (3339252.000.000) 01/20 18:24:58 Started transferring output files
...
040 (3339252.000.000) 01/20 18:24:59 Finished transferring output files
...
009 (3339252.000.000) 01/20 18:25:00 Job was aborted.
	Job removed by SYSTEM_PERIODIC_REMOVE due to wall time exceeded allowed max.
...
000 (3342603.000.000) 01/20 18:48:18 Job submitted from host: <188.185.70.244:9618?addrs=188.185.70.244-9618+[2001-1458-d00-7--100-2ee]-9618&alias=bigbird10.cern.ch&noUDP&sock=schedd_7001_aea1>
...
