000 (3314621.020.000) 01/11 10:40:59 Job submitted from host: <188.185.70.244:9618?addrs=188.185.70.244-9618+[2001-1458-d00-7--100-2ee]-9618&alias=bigbird10.cern.ch&noUDP&sock=schedd_7001_aea1>
...
040 (3314621.020.000) 01/11 11:06:43 Started transferring input files
	Transferring to host: <188.184.164.60:9618?addrs=188.184.164.60-9618+[2001-1458-301-4e--100-36]-9618&alias=b7s13p3255.cern.ch&noUDP&sock=slot1_39_4815_5a5d_25053>
...
040 (3314621.020.000) 01/11 11:06:43 Finished transferring input files
...
001 (3314621.020.000) 01/11 11:06:44 Job executing on host: <188.184.164.60:9618?addrs=188.184.164.60-9618+[2001-1458-301-4e--100-36]-9618&alias=b7s13p3255.cern.ch&noUDP&sock=startd_4599_1c25>
...
006 (3314621.020.000) 01/11 11:06:53 Image size of job updated: 270348
	10  -  MemoryUsage of job (MB)
	9664  -  ResidentSetSize of job (KB)
...
006 (3314621.020.000) 01/11 11:10:37 Image size of job updated: 1747008
	10  -  MemoryUsage of job (MB)
	9664  -  ResidentSetSize of job (KB)
...
040 (3314621.020.000) 01/11 11:10:37 Started transferring output files
...
040 (3314621.020.000) 01/11 11:10:37 Finished transferring output files
...
005 (3314621.020.000) 01/11 11:10:37 Job terminated.
	(1) Normal termination (return value 0)
		Usr 0 00:00:24, Sys 0 00:00:03  -  Run Remote Usage
		Usr 0 00:00:00, Sys 0 00:00:00  -  Run Local Usage
		Usr 0 00:00:24, Sys 0 00:00:03  -  Total Remote Usage
		Usr 0 00:00:00, Sys 0 00:00:00  -  Total Local Usage
	9273  -  Run Bytes Sent By Job
	10528  -  Run Bytes Received By Job
	9273  -  Total Bytes Sent By Job
	10528  -  Total Bytes Received By Job
	Partitionable Resources :    Usage  Request Allocated 
	   Cpus                 :                 4         4 
	   Disk (KB)            :       36        1   3037402 
	   Memory (MB)          :       10     8000      8000 

	Job terminated of its own accord at 2022-01-11T10:10:37Z.
...
