000 (3315595.007.000) 01/12 17:36:29 Job submitted from host: <188.185.70.244:9618?addrs=188.185.70.244-9618+[2001-1458-d00-7--100-2ee]-9618&alias=bigbird10.cern.ch&noUDP&sock=schedd_7001_aea1>
...
040 (3315595.007.000) 01/13 01:14:35 Started transferring input files
	Transferring to host: <128.142.59.132:9618?addrs=128.142.59.132-9618&alias=b7s04p1839.cern.ch&noUDP&sock=slot1_32_3598_ddcb_27105>
...
040 (3315595.007.000) 01/13 01:14:35 Finished transferring input files
...
001 (3315595.007.000) 01/13 01:14:36 Job executing on host: <128.142.59.132:9618?addrs=128.142.59.132-9618&alias=b7s04p1839.cern.ch&noUDP&sock=startd_2636_a7bc>
...
006 (3315595.007.000) 01/13 01:14:45 Image size of job updated: 291568
	199  -  MemoryUsage of job (MB)
	203656  -  ResidentSetSize of job (KB)
...
006 (3315595.007.000) 01/13 01:19:46 Image size of job updated: 1731768
	270  -  MemoryUsage of job (MB)
	276392  -  ResidentSetSize of job (KB)
...
006 (3315595.007.000) 01/13 01:24:46 Image size of job updated: 2047280
	573  -  MemoryUsage of job (MB)
	586644  -  ResidentSetSize of job (KB)
...
006 (3315595.007.000) 01/13 01:44:48 Image size of job updated: 2047280
	573  -  MemoryUsage of job (MB)
	586652  -  ResidentSetSize of job (KB)
...
006 (3315595.007.000) 01/13 01:49:48 Image size of job updated: 2292952
	705  -  MemoryUsage of job (MB)
	721008  -  ResidentSetSize of job (KB)
...
006 (3315595.007.000) 01/13 02:14:51 Image size of job updated: 2534172
	1045  -  MemoryUsage of job (MB)
	1070056  -  ResidentSetSize of job (KB)
...
006 (3315595.007.000) 01/13 02:29:52 Image size of job updated: 2534172
	1045  -  MemoryUsage of job (MB)
	1070060  -  ResidentSetSize of job (KB)
...
006 (3315595.007.000) 01/13 02:44:53 Image size of job updated: 2685384
	1144  -  MemoryUsage of job (MB)
	1170844  -  ResidentSetSize of job (KB)
...
006 (3315595.007.000) 01/13 03:09:56 Image size of job updated: 3120128
	1408  -  MemoryUsage of job (MB)
	1441740  -  ResidentSetSize of job (KB)
...
006 (3315595.007.000) 01/13 03:19:56 Image size of job updated: 3120128
	1409  -  MemoryUsage of job (MB)
	1441920  -  ResidentSetSize of job (KB)
...
006 (3315595.007.000) 01/13 03:24:57 Image size of job updated: 3120128
	1409  -  MemoryUsage of job (MB)
	1441924  -  ResidentSetSize of job (KB)
...
006 (3315595.007.000) 01/13 03:29:58 Image size of job updated: 3120128
	1409  -  MemoryUsage of job (MB)
	1441928  -  ResidentSetSize of job (KB)
...
006 (3315595.007.000) 01/13 03:39:58 Image size of job updated: 3496316
	1690  -  MemoryUsage of job (MB)
	1730388  -  ResidentSetSize of job (KB)
...
040 (3315595.007.000) 01/13 04:02:02 Started transferring output files
...
040 (3315595.007.000) 01/13 04:02:02 Finished transferring output files
...
005 (3315595.007.000) 01/13 04:02:02 Job terminated.
	(1) Normal termination (return value 0)
		Usr 0 00:13:50, Sys 0 00:00:51  -  Run Remote Usage
		Usr 0 00:00:00, Sys 0 00:00:00  -  Run Local Usage
		Usr 0 00:13:50, Sys 0 00:00:51  -  Total Remote Usage
		Usr 0 00:00:00, Sys 0 00:00:00  -  Total Local Usage
	109863  -  Run Bytes Sent By Job
	10531  -  Run Bytes Received By Job
	109863  -  Total Bytes Sent By Job
	10531  -  Total Bytes Received By Job
	Partitionable Resources :    Usage  Request Allocated 
	   Cpus                 :     0.04        4         4 
	   Disk (KB)            :   142           1   1306384 
	   Memory (MB)          :  1690        8000      8000 

	Job terminated of its own accord at 2022-01-13T03:02:02Z.
...
