000 (3314873.022.000) 01/12 10:12:29 Job submitted from host: <188.185.70.244:9618?addrs=188.185.70.244-9618+[2001-1458-d00-7--100-2ee]-9618&alias=bigbird10.cern.ch&noUDP&sock=schedd_7001_aea1>
...
040 (3314873.022.000) 01/12 10:52:37 Started transferring input files
	Transferring to host: <128.142.132.173:9618?addrs=128.142.132.173-9618+[2001-1458-301-5a--100-a1]-9618&alias=b7g12p3631.cern.ch&noUDP&sock=slot1_1_8000_793e_53414>
...
040 (3314873.022.000) 01/12 10:52:37 Finished transferring input files
...
001 (3314873.022.000) 01/12 10:52:38 Job executing on host: <128.142.132.173:9618?addrs=128.142.132.173-9618+[2001-1458-301-5a--100-a1]-9618&alias=b7g12p3631.cern.ch&noUDP&sock=startd_6777_096b>
...
006 (3314873.022.000) 01/12 10:52:46 Image size of job updated: 1256792
	155  -  MemoryUsage of job (MB)
	157816  -  ResidentSetSize of job (KB)
...
006 (3314873.022.000) 01/12 10:54:09 Image size of job updated: 1725308
	155  -  MemoryUsage of job (MB)
	157816  -  ResidentSetSize of job (KB)
...
040 (3314873.022.000) 01/12 10:54:09 Started transferring output files
...
040 (3314873.022.000) 01/12 10:54:09 Finished transferring output files
...
005 (3314873.022.000) 01/12 10:54:09 Job terminated.
	(1) Normal termination (return value 0)
		Usr 0 00:00:19, Sys 0 00:00:03  -  Run Remote Usage
		Usr 0 00:00:00, Sys 0 00:00:00  -  Run Local Usage
		Usr 0 00:00:19, Sys 0 00:00:03  -  Total Remote Usage
		Usr 0 00:00:00, Sys 0 00:00:00  -  Total Local Usage
	8523  -  Run Bytes Sent By Job
	10523  -  Run Bytes Received By Job
	8523  -  Total Bytes Sent By Job
	10523  -  Total Bytes Received By Job
	Partitionable Resources :    Usage  Request Allocated 
	   Cpus                 :                 4         4 
	   Disk (KB)            :       36        1   1560255 
	   Memory (MB)          :      155     8000      8000 

	Job terminated of its own accord at 2022-01-12T09:54:09Z.
...
