000 (3314624.017.000) 01/11 10:41:35 Job submitted from host: <188.185.70.244:9618?addrs=188.185.70.244-9618+[2001-1458-d00-7--100-2ee]-9618&alias=bigbird10.cern.ch&noUDP&sock=schedd_7001_aea1>
...
040 (3314624.017.000) 01/11 11:36:24 Started transferring input files
	Transferring to host: <188.184.162.35:9618?addrs=188.184.162.35-9618+[2001-1458-301-4a--100-1d]-9618&alias=b7s11p9765.cern.ch&noUDP&sock=slot1_4_3888_3297_24569>
...
040 (3314624.017.000) 01/11 11:36:24 Finished transferring input files
...
001 (3314624.017.000) 01/11 11:36:25 Job executing on host: <188.184.162.35:9618?addrs=188.184.162.35-9618+[2001-1458-301-4a--100-1d]-9618&alias=b7s11p9765.cern.ch&noUDP&sock=startd_3139_abdf>
...
006 (3314624.017.000) 01/11 11:36:34 Image size of job updated: 320100
	155  -  MemoryUsage of job (MB)
	157784  -  ResidentSetSize of job (KB)
...
006 (3314624.017.000) 01/11 11:41:35 Image size of job updated: 1882576
	416  -  MemoryUsage of job (MB)
	425300  -  ResidentSetSize of job (KB)
...
006 (3314624.017.000) 01/11 11:46:35 Image size of job updated: 1882576
	416  -  MemoryUsage of job (MB)
	425316  -  ResidentSetSize of job (KB)
...
006 (3314624.017.000) 01/11 11:51:35 Image size of job updated: 2013624
	544  -  MemoryUsage of job (MB)
	556972  -  ResidentSetSize of job (KB)
...
006 (3314624.017.000) 01/11 12:01:36 Image size of job updated: 2164392
	694  -  MemoryUsage of job (MB)
	710612  -  ResidentSetSize of job (KB)
...
006 (3314624.017.000) 01/11 12:11:37 Image size of job updated: 2360656
	885  -  MemoryUsage of job (MB)
	905744  -  ResidentSetSize of job (KB)
...
006 (3314624.017.000) 01/11 12:31:40 Image size of job updated: 2578124
	1002  -  MemoryUsage of job (MB)
	1025804  -  ResidentSetSize of job (KB)
...
006 (3314624.017.000) 01/11 12:41:41 Image size of job updated: 2834572
	1221  -  MemoryUsage of job (MB)
	1250268  -  ResidentSetSize of job (KB)
...
006 (3314624.017.000) 01/11 12:56:43 Image size of job updated: 3109644
	1606  -  MemoryUsage of job (MB)
	1643812  -  ResidentSetSize of job (KB)
...
006 (3314624.017.000) 01/11 13:16:45 Image size of job updated: 3392692
	1701  -  MemoryUsage of job (MB)
	1740872  -  ResidentSetSize of job (KB)
...
006 (3314624.017.000) 01/11 13:26:46 Image size of job updated: 3392692
	1701  -  MemoryUsage of job (MB)
	1740880  -  ResidentSetSize of job (KB)
...
006 (3314624.017.000) 01/11 13:31:47 Image size of job updated: 3799268
	2019  -  MemoryUsage of job (MB)
	2067448  -  ResidentSetSize of job (KB)
...
006 (3314624.017.000) 01/11 13:46:49 Image size of job updated: 4168872
	2365  -  MemoryUsage of job (MB)
	2421752  -  ResidentSetSize of job (KB)
...
006 (3314624.017.000) 01/11 13:51:50 Image size of job updated: 4168872
	2365  -  MemoryUsage of job (MB)
	2421756  -  ResidentSetSize of job (KB)
...
040 (3314624.017.000) 01/11 13:57:31 Started transferring output files
...
040 (3314624.017.000) 01/11 13:57:31 Finished transferring output files
...
005 (3314624.017.000) 01/11 13:57:31 Job terminated.
	(1) Normal termination (return value 0)
		Usr 0 00:26:29, Sys 0 00:00:37  -  Run Remote Usage
		Usr 0 00:00:00, Sys 0 00:00:00  -  Run Local Usage
		Usr 0 00:26:29, Sys 0 00:00:37  -  Total Remote Usage
		Usr 0 00:00:00, Sys 0 00:00:00  -  Total Local Usage
	147474  -  Run Bytes Sent By Job
	10524  -  Run Bytes Received By Job
	147474  -  Total Bytes Sent By Job
	10524  -  Total Bytes Received By Job
	Partitionable Resources :    Usage  Request Allocated 
	   Cpus                 :     0.20        4         4 
	   Disk (KB)            :   178           1   3001257 
	   Memory (MB)          :  2365        8000      8000 

	Job terminated of its own accord at 2022-01-11T12:57:31Z.
...
