000 (3314886.022.000) 01/12 10:53:34 Job submitted from host: <188.185.70.244:9618?addrs=188.185.70.244-9618+[2001-1458-d00-7--100-2ee]-9618&alias=bigbird10.cern.ch&noUDP&sock=schedd_7001_aea1>
...
040 (3314886.022.000) 01/12 10:55:00 Started transferring input files
	Transferring to host: <128.142.57.67:9618?addrs=128.142.57.67-9618+[2001-1458-301-7--100-42]-9618&alias=b7s02p8917.cern.ch&noUDP&sock=slot1_16_3160_417a_26166>
...
040 (3314886.022.000) 01/12 10:55:00 Finished transferring input files
...
001 (3314886.022.000) 01/12 10:55:01 Job executing on host: <128.142.57.67:9618?addrs=128.142.57.67-9618+[2001-1458-301-7--100-42]-9618&alias=b7s02p8917.cern.ch&noUDP&sock=startd_2785_db59>
...
006 (3314886.022.000) 01/12 10:55:09 Image size of job updated: 320016
	193  -  MemoryUsage of job (MB)
	197188  -  ResidentSetSize of job (KB)
...
006 (3314886.022.000) 01/12 11:00:09 Image size of job updated: 2040176
	566  -  MemoryUsage of job (MB)
	579508  -  ResidentSetSize of job (KB)
...
006 (3314886.022.000) 01/12 11:05:10 Image size of job updated: 2149428
	680  -  MemoryUsage of job (MB)
	695300  -  ResidentSetSize of job (KB)
...
006 (3314886.022.000) 01/12 11:15:10 Image size of job updated: 2388304
	881  -  MemoryUsage of job (MB)
	901384  -  ResidentSetSize of job (KB)
...
040 (3314886.022.000) 01/12 11:18:23 Started transferring output files
...
040 (3314886.022.000) 01/12 11:18:23 Finished transferring output files
...
004 (3314886.022.000) 01/12 11:18:23 Job was evicted.
	(0) CPU times
		Usr 0 00:02:32, Sys 0 00:00:08  -  Run Remote Usage
		Usr 0 00:00:00, Sys 0 00:00:00  -  Run Local Usage
	41194  -  Run Bytes Sent By Job
	10532  -  Run Bytes Received By Job
	Partitionable Resources :    Usage  Request Allocated 
	   Cpus                 :     0.08        4         4 
	   Disk (KB)            :    75           1   1141517 
	   Memory (MB)          :   881        8000      8000 
...
009 (3314886.022.000) 01/12 11:18:23 Job was aborted.
	via condor_rm (by user vdamante)
...
