000 (3315584.012.000) 01/12 17:11:02 Job submitted from host: <188.185.70.244:9618?addrs=188.185.70.244-9618+[2001-1458-d00-7--100-2ee]-9618&alias=bigbird10.cern.ch&noUDP&sock=schedd_7001_aea1>
...
040 (3315584.012.000) 01/12 20:59:04 Started transferring input files
	Transferring to host: <128.142.61.100:9618?addrs=128.142.61.100-9618+[2001-1458-301-23--100-63]-9618&alias=b7s06p9018.cern.ch&noUDP&sock=slot1_15_3247_8e1d_24602>
...
040 (3315584.012.000) 01/12 20:59:04 Finished transferring input files
...
001 (3315584.012.000) 01/12 20:59:05 Job executing on host: <128.142.61.100:9618?addrs=128.142.61.100-9618+[2001-1458-301-23--100-63]-9618&alias=b7s06p9018.cern.ch&noUDP&sock=startd_2982_fb81>
...
006 (3315584.012.000) 01/12 20:59:14 Image size of job updated: 143152
	6  -  MemoryUsage of job (MB)
	6072  -  ResidentSetSize of job (KB)
...
006 (3315584.012.000) 01/12 21:04:14 Image size of job updated: 2013452
	979  -  MemoryUsage of job (MB)
	1001528  -  ResidentSetSize of job (KB)
...
006 (3315584.012.000) 01/12 21:09:14 Image size of job updated: 2486920
	995  -  MemoryUsage of job (MB)
	1017912  -  ResidentSetSize of job (KB)
...
006 (3315584.012.000) 01/12 21:14:15 Image size of job updated: 2538168
	995  -  MemoryUsage of job (MB)
	1017912  -  ResidentSetSize of job (KB)
...
040 (3315584.012.000) 01/12 21:59:06 Started transferring output files
...
040 (3315584.012.000) 01/12 21:59:06 Finished transferring output files
...
009 (3315584.012.000) 01/12 21:59:06 Job was aborted.
	Job removed by SYSTEM_PERIODIC_REMOVE due to wall time exceeded allowed max.
...
