000 (3277183.007.000) 12/25 12:36:03 Job submitted from host: <188.185.70.244:9618?addrs=188.185.70.244-9618+[2001-1458-d00-7--100-2ee]-9618&alias=bigbird10.cern.ch&noUDP&sock=schedd_2095_9300>
...
040 (3277183.007.000) 12/25 12:40:32 Started transferring input files
	Transferring to host: <128.142.63.55:9618?addrs=128.142.63.55-9618&alias=b7s08p2360.cern.ch&noUDP&sock=slot1_11_3577_11eb_9477>
...
040 (3277183.007.000) 12/25 12:40:32 Finished transferring input files
...
001 (3277183.007.000) 12/25 12:40:33 Job executing on host: <128.142.63.55:9618?addrs=128.142.63.55-9618&alias=b7s08p2360.cern.ch&noUDP&sock=startd_2590_1a61>
...
006 (3277183.007.000) 12/25 12:40:41 Image size of job updated: 1273644
	199  -  MemoryUsage of job (MB)
	202784  -  ResidentSetSize of job (KB)
...
006 (3277183.007.000) 12/25 12:43:51 Image size of job updated: 1749100
	199  -  MemoryUsage of job (MB)
	202784  -  ResidentSetSize of job (KB)
...
040 (3277183.007.000) 12/25 12:43:51 Started transferring output files
...
040 (3277183.007.000) 12/25 12:43:51 Finished transferring output files
...
005 (3277183.007.000) 12/25 12:43:51 Job terminated.
	(1) Normal termination (return value 0)
		Usr 0 00:00:24, Sys 0 00:00:03  -  Run Remote Usage
		Usr 0 00:00:00, Sys 0 00:00:00  -  Run Local Usage
		Usr 0 00:00:24, Sys 0 00:00:03  -  Total Remote Usage
		Usr 0 00:00:00, Sys 0 00:00:00  -  Total Local Usage
	10433  -  Run Bytes Sent By Job
	11216  -  Run Bytes Received By Job
	10433  -  Total Bytes Sent By Job
	11216  -  Total Bytes Received By Job
	Partitionable Resources :    Usage  Request Allocated 
	   Cpus                 :                 4         4 
	   Disk (KB)            :       35        1   1280034 
	   Memory (MB)          :      199     8000      8000 

	Job terminated of its own accord at 2021-12-25T11:43:51Z.
...
