000 (3338422.012.000) 01/19 19:04:00 Job submitted from host: <188.185.70.244:9618?addrs=188.185.70.244-9618+[2001-1458-d00-7--100-2ee]-9618&alias=bigbird10.cern.ch&noUDP&sock=schedd_7001_aea1>
...
040 (3338422.012.000) 01/19 20:56:46 Started transferring input files
	Transferring to host: <188.184.163.120:9618?addrs=188.184.163.120-9618+[2001-1458-301-4d--100-72]-9618&alias=b7s12p7753.cern.ch&noUDP&sock=slot1_13_3630_69cd_33719>
...
040 (3338422.012.000) 01/19 20:56:46 Finished transferring input files
...
001 (3338422.012.000) 01/19 20:56:47 Job executing on host: <188.184.163.120:9618?addrs=188.184.163.120-9618+[2001-1458-301-4d--100-72]-9618&alias=b7s12p7753.cern.ch&noUDP&sock=startd_3132_deb6>
...
006 (3338422.012.000) 01/19 20:56:56 Image size of job updated: 712272
	152  -  MemoryUsage of job (MB)
	154644  -  ResidentSetSize of job (KB)
...
006 (3338422.012.000) 01/19 21:01:57 Image size of job updated: 1727008
	267  -  MemoryUsage of job (MB)
	272572  -  ResidentSetSize of job (KB)
...
006 (3338422.012.000) 01/19 21:06:58 Image size of job updated: 2453000
	700  -  MemoryUsage of job (MB)
	716500  -  ResidentSetSize of job (KB)
...
006 (3338422.012.000) 01/19 21:16:59 Image size of job updated: 2453000
	700  -  MemoryUsage of job (MB)
	716508  -  ResidentSetSize of job (KB)
...
006 (3338422.012.000) 01/19 22:17:05 Image size of job updated: 2453000
	700  -  MemoryUsage of job (MB)
	716516  -  ResidentSetSize of job (KB)
...
006 (3338422.012.000) 01/19 22:22:05 Image size of job updated: 2752972
	1252  -  MemoryUsage of job (MB)
	1281656  -  ResidentSetSize of job (KB)
...
006 (3338422.012.000) 01/19 22:27:06 Image size of job updated: 2946476
	1252  -  MemoryUsage of job (MB)
	1281656  -  ResidentSetSize of job (KB)
...
006 (3338422.012.000) 01/19 23:12:10 Image size of job updated: 3417304
	1692  -  MemoryUsage of job (MB)
	1732312  -  ResidentSetSize of job (KB)
...
006 (3338422.012.000) 01/19 23:47:14 Image size of job updated: 3417304
	1692  -  MemoryUsage of job (MB)
	1732316  -  ResidentSetSize of job (KB)
...
006 (3338422.012.000) 01/20 02:27:31 Image size of job updated: 3417304
	1693  -  MemoryUsage of job (MB)
	1732644  -  ResidentSetSize of job (KB)
...
006 (3338422.012.000) 01/20 02:32:31 Image size of job updated: 3874324
	1983  -  MemoryUsage of job (MB)
	2029692  -  ResidentSetSize of job (KB)
...
006 (3338422.012.000) 01/20 04:42:45 Image size of job updated: 3874324
	1983  -  MemoryUsage of job (MB)
	2029760  -  ResidentSetSize of job (KB)
...
006 (3338422.012.000) 01/20 04:47:46 Image size of job updated: 3874324
	1983  -  MemoryUsage of job (MB)
	2029812  -  ResidentSetSize of job (KB)
...
006 (3338422.012.000) 01/20 04:52:46 Image size of job updated: 3874324
	1983  -  MemoryUsage of job (MB)
	2029832  -  ResidentSetSize of job (KB)
...
040 (3338422.012.000) 01/20 04:57:10 Started transferring output files
...
040 (3338422.012.000) 01/20 04:57:10 Finished transferring output files
...
009 (3338422.012.000) 01/20 04:57:10 Job was aborted.
	Job removed by SYSTEM_PERIODIC_REMOVE due to wall time exceeded allowed max.
...
