000 (3301535.021.000) 01/10 18:12:41 Job submitted from host: <188.185.70.244:9618?addrs=188.185.70.244-9618+[2001-1458-d00-7--100-2ee]-9618&alias=bigbird10.cern.ch&noUDP&sock=schedd_7001_aea1>
...
040 (3301535.021.000) 01/10 18:13:50 Started transferring input files
	Transferring to host: <128.142.137.106:9618?addrs=128.142.137.106-9618+[2001-1458-301-5e--100-5e]-9618&alias=b7g19p5893.cern.ch&noUDP&sock=slot1_14_37554_f0b0_69932>
...
040 (3301535.021.000) 01/10 18:13:50 Finished transferring input files
...
001 (3301535.021.000) 01/10 18:13:51 Job executing on host: <128.142.137.106:9618?addrs=128.142.137.106-9618+[2001-1458-301-5e--100-5e]-9618&alias=b7g19p5893.cern.ch&noUDP&sock=startd_37512_b0bb>
...
006 (3301535.021.000) 01/10 18:13:55 Image size of job updated: 143152
	0  -  MemoryUsage of job (MB)
	0  -  ResidentSetSize of job (KB)
...
040 (3301535.021.000) 01/10 18:13:55 Started transferring output files
...
040 (3301535.021.000) 01/10 18:13:55 Finished transferring output files
...
005 (3301535.021.000) 01/10 18:13:55 Job terminated.
	(1) Normal termination (return value 1)
		Usr 0 00:00:01, Sys 0 00:00:00  -  Run Remote Usage
		Usr 0 00:00:00, Sys 0 00:00:00  -  Run Local Usage
		Usr 0 00:00:01, Sys 0 00:00:00  -  Total Remote Usage
		Usr 0 00:00:00, Sys 0 00:00:00  -  Total Local Usage
	202  -  Run Bytes Sent By Job
	10528  -  Run Bytes Received By Job
	202  -  Total Bytes Sent By Job
	10528  -  Total Bytes Received By Job
	Partitionable Resources :    Usage  Request Allocated 
	   Cpus                 :                 4         4 
	   Disk (KB)            :       27        1   1469619 
	   Memory (MB)          :        0     8000      8000 

	Job terminated of its own accord at 2022-01-10T17:13:55Z.
...
