000 (3277180.017.000) 12/25 12:35:50 Job submitted from host: <188.185.70.244:9618?addrs=188.185.70.244-9618+[2001-1458-d00-7--100-2ee]-9618&alias=bigbird10.cern.ch&noUDP&sock=schedd_2095_9300>
...
040 (3277180.017.000) 12/25 12:40:08 Started transferring input files
	Transferring to host: <128.142.60.21:9618?addrs=128.142.60.21-9618+[2001-1458-301-22--100-14]-9618&alias=b7s05p4722.cern.ch&noUDP&sock=slot1_24_3636_a40d_4811>
...
040 (3277180.017.000) 12/25 12:40:08 Finished transferring input files
...
001 (3277180.017.000) 12/25 12:40:09 Job executing on host: <128.142.60.21:9618?addrs=128.142.60.21-9618+[2001-1458-301-22--100-14]-9618&alias=b7s05p4722.cern.ch&noUDP&sock=startd_3588_a5e5>
...
006 (3277180.017.000) 12/25 12:40:17 Image size of job updated: 275976
	0  -  MemoryUsage of job (MB)
	0  -  ResidentSetSize of job (KB)
...
040 (3277180.017.000) 12/25 12:40:17 Started transferring output files
...
040 (3277180.017.000) 12/25 12:40:17 Finished transferring output files
...
005 (3277180.017.000) 12/25 12:40:17 Job terminated.
	(1) Normal termination (return value 0)
		Usr 0 00:00:03, Sys 0 00:00:01  -  Run Remote Usage
		Usr 0 00:00:00, Sys 0 00:00:00  -  Run Local Usage
		Usr 0 00:00:03, Sys 0 00:00:01  -  Total Remote Usage
		Usr 0 00:00:00, Sys 0 00:00:00  -  Total Local Usage
	7554  -  Run Bytes Sent By Job
	11211  -  Run Bytes Received By Job
	7554  -  Total Bytes Sent By Job
	11211  -  Total Bytes Received By Job
	Partitionable Resources :    Usage  Request Allocated 
	   Cpus                 :                 4         4 
	   Disk (KB)            :       33        1   1222302 
	   Memory (MB)          :        0     8000      8000 

	Job terminated of its own accord at 2021-12-25T11:40:17Z.
...
