000 (3319731.000.000) 01/17 11:19:49 Job submitted from host: <188.185.70.244:9618?addrs=188.185.70.244-9618+[2001-1458-d00-7--100-2ee]-9618&alias=bigbird10.cern.ch&noUDP&sock=schedd_7001_aea1>
...
040 (3319731.000.000) 01/17 11:27:29 Entered queue to transfer input files
	Transferring to host: <128.142.56.42:9618?addrs=128.142.56.42-9618+[2001-1458-301-6--100-29]-9618&alias=b7s01p5498.cern.ch&noUDP&sock=slot1_18_3583_4c2b_6735>
...
040 (3319731.000.000) 01/17 11:28:22 Started transferring input files
	Seconds spent in queue: 53
...
040 (3319731.000.000) 01/17 11:28:22 Finished transferring input files
...
001 (3319731.000.000) 01/17 11:28:23 Job executing on host: <128.142.56.42:9618?addrs=128.142.56.42-9618+[2001-1458-301-6--100-29]-9618&alias=b7s01p5498.cern.ch&noUDP&sock=startd_3530_dd67>
...
006 (3319731.000.000) 01/17 11:28:31 Image size of job updated: 320156
	155  -  MemoryUsage of job (MB)
	157860  -  ResidentSetSize of job (KB)
...
006 (3319731.000.000) 01/17 11:33:31 Image size of job updated: 1942388
	800  -  MemoryUsage of job (MB)
	818188  -  ResidentSetSize of job (KB)
...
006 (3319731.000.000) 01/17 11:38:32 Image size of job updated: 2465516
	800  -  MemoryUsage of job (MB)
	818188  -  ResidentSetSize of job (KB)
...
006 (3319731.000.000) 01/17 11:53:33 Image size of job updated: 2829620
	1068  -  MemoryUsage of job (MB)
	1093560  -  ResidentSetSize of job (KB)
...
006 (3319731.000.000) 01/17 12:13:36 Image size of job updated: 3173648
	1392  -  MemoryUsage of job (MB)
	1424628  -  ResidentSetSize of job (KB)
...
006 (3319731.000.000) 01/17 12:28:38 Image size of job updated: 3173648
	1393  -  MemoryUsage of job (MB)
	1425736  -  ResidentSetSize of job (KB)
...
006 (3319731.000.000) 01/17 12:33:38 Image size of job updated: 3525896
	1706  -  MemoryUsage of job (MB)
	1746384  -  ResidentSetSize of job (KB)
...
006 (3319731.000.000) 01/17 13:03:41 Image size of job updated: 3942984
	2047  -  MemoryUsage of job (MB)
	2095960  -  ResidentSetSize of job (KB)
...
006 (3319731.000.000) 01/17 13:33:45 Image size of job updated: 4475536
	2626  -  MemoryUsage of job (MB)
	2688636  -  ResidentSetSize of job (KB)
...
006 (3319731.000.000) 01/17 13:48:46 Image size of job updated: 4475536
	2629  -  MemoryUsage of job (MB)
	2691436  -  ResidentSetSize of job (KB)
...
006 (3319731.000.000) 01/17 13:53:46 Image size of job updated: 4740772
	2832  -  MemoryUsage of job (MB)
	2899184  -  ResidentSetSize of job (KB)
...
006 (3319731.000.000) 01/17 14:08:48 Image size of job updated: 5208448
	3222  -  MemoryUsage of job (MB)
	3299104  -  ResidentSetSize of job (KB)
...
006 (3319731.000.000) 01/17 14:23:50 Image size of job updated: 5208448
	3224  -  MemoryUsage of job (MB)
	3301264  -  ResidentSetSize of job (KB)
...
006 (3319731.000.000) 01/17 14:28:50 Image size of job updated: 5723168
	3616  -  MemoryUsage of job (MB)
	3701984  -  ResidentSetSize of job (KB)
...
040 (3319731.000.000) 01/17 14:40:54 Started transferring output files
	Seconds spent in queue: 11605
...
040 (3319731.000.000) 01/17 14:40:54 Finished transferring output files
...
005 (3319731.000.000) 01/17 14:40:54 Job terminated.
	(1) Normal termination (return value 0)
		Usr 0 00:57:33, Sys 0 00:01:01  -  Run Remote Usage
		Usr 0 00:00:00, Sys 0 00:00:00  -  Run Local Usage
		Usr 0 00:57:33, Sys 0 00:01:01  -  Total Remote Usage
		Usr 0 00:00:00, Sys 0 00:00:00  -  Total Local Usage
	1359  -  Run Bytes Sent By Job
	10523  -  Run Bytes Received By Job
	1359  -  Total Bytes Sent By Job
	10523  -  Total Bytes Received By Job
	Partitionable Resources :    Usage  Request Allocated 
	   Cpus                 :     0.13        4         4 
	   Disk (KB)            :    35           1   1304126 
	   Memory (MB)          :  3616        8000      8000 

	Job terminated of its own accord at 2022-01-17T13:40:54Z.
...
