000 (3319731.006.000) 01/17 11:19:49 Job submitted from host: <188.185.70.244:9618?addrs=188.185.70.244-9618+[2001-1458-d00-7--100-2ee]-9618&alias=bigbird10.cern.ch&noUDP&sock=schedd_7001_aea1>
...
040 (3319731.006.000) 01/17 11:27:31 Entered queue to transfer input files
	Transferring to host: <128.142.56.48:9618?addrs=128.142.56.48-9618+[2001-1458-301-6--100-2f]-9618&alias=b7s01p7062.cern.ch&noUDP&sock=slot1_4_3157_2459_32777>
...
040 (3319731.006.000) 01/17 11:28:22 Started transferring input files
	Seconds spent in queue: 51
...
040 (3319731.006.000) 01/17 11:28:22 Finished transferring input files
...
001 (3319731.006.000) 01/17 11:28:23 Job executing on host: <128.142.56.48:9618?addrs=128.142.56.48-9618+[2001-1458-301-6--100-2f]-9618&alias=b7s01p7062.cern.ch&noUDP&sock=startd_2786_8af1>
...
006 (3319731.006.000) 01/17 11:28:31 Image size of job updated: 320124
	155  -  MemoryUsage of job (MB)
	157816  -  ResidentSetSize of job (KB)
...
006 (3319731.006.000) 01/17 11:33:31 Image size of job updated: 1734364
	288  -  MemoryUsage of job (MB)
	294760  -  ResidentSetSize of job (KB)
...
006 (3319731.006.000) 01/17 11:38:32 Image size of job updated: 2239904
	705  -  MemoryUsage of job (MB)
	721640  -  ResidentSetSize of job (KB)
...
006 (3319731.006.000) 01/17 11:53:33 Image size of job updated: 2239904
	705  -  MemoryUsage of job (MB)
	721644  -  ResidentSetSize of job (KB)
...
006 (3319731.006.000) 01/17 12:03:34 Image size of job updated: 2607784
	1059  -  MemoryUsage of job (MB)
	1083780  -  ResidentSetSize of job (KB)
...
006 (3319731.006.000) 01/17 12:13:36 Image size of job updated: 2607784
	1059  -  MemoryUsage of job (MB)
	1083816  -  ResidentSetSize of job (KB)
...
006 (3319731.006.000) 01/17 12:18:36 Image size of job updated: 2607784
	1061  -  MemoryUsage of job (MB)
	1086056  -  ResidentSetSize of job (KB)
...
006 (3319731.006.000) 01/17 12:23:36 Image size of job updated: 3164728
	1378  -  MemoryUsage of job (MB)
	1410812  -  ResidentSetSize of job (KB)
...
006 (3319731.006.000) 01/17 12:28:37 Image size of job updated: 3164728
	1378  -  MemoryUsage of job (MB)
	1410816  -  ResidentSetSize of job (KB)
...
006 (3319731.006.000) 01/17 12:33:38 Image size of job updated: 3519060
	1696  -  MemoryUsage of job (MB)
	1736632  -  ResidentSetSize of job (KB)
...
006 (3319731.006.000) 01/17 12:43:39 Image size of job updated: 3934064
	2038  -  MemoryUsage of job (MB)
	2086404  -  ResidentSetSize of job (KB)
...
006 (3319731.006.000) 01/17 12:53:40 Image size of job updated: 4315564
	2617  -  MemoryUsage of job (MB)
	2678860  -  ResidentSetSize of job (KB)
...
006 (3319731.006.000) 01/17 13:03:41 Image size of job updated: 4461400
	2938  -  MemoryUsage of job (MB)
	3008076  -  ResidentSetSize of job (KB)
...
006 (3319731.006.000) 01/17 13:08:42 Image size of job updated: 4731892
	2938  -  MemoryUsage of job (MB)
	3008076  -  ResidentSetSize of job (KB)
...
006 (3319731.006.000) 01/17 13:18:43 Image size of job updated: 5217908
	3189  -  MemoryUsage of job (MB)
	3265024  -  ResidentSetSize of job (KB)
...
006 (3319731.006.000) 01/17 13:23:44 Image size of job updated: 5217908
	3189  -  MemoryUsage of job (MB)
	3265028  -  ResidentSetSize of job (KB)
...
006 (3319731.006.000) 01/17 13:28:44 Image size of job updated: 5717072
	3613  -  MemoryUsage of job (MB)
	3699000  -  ResidentSetSize of job (KB)
...
040 (3319731.006.000) 01/17 13:33:22 Started transferring output files
	Seconds spent in queue: 7551
...
040 (3319731.006.000) 01/17 13:33:22 Finished transferring output files
...
005 (3319731.006.000) 01/17 13:33:22 Job terminated.
	(1) Normal termination (return value 0)
		Usr 0 00:54:47, Sys 0 00:00:51  -  Run Remote Usage
		Usr 0 00:00:00, Sys 0 00:00:00  -  Run Local Usage
		Usr 0 00:54:47, Sys 0 00:00:51  -  Total Remote Usage
		Usr 0 00:00:00, Sys 0 00:00:00  -  Total Local Usage
	1359  -  Run Bytes Sent By Job
	10523  -  Run Bytes Received By Job
	1359  -  Total Bytes Sent By Job
	10523  -  Total Bytes Received By Job
	Partitionable Resources :    Usage  Request Allocated 
	   Cpus                 :     0.01        4         4 
	   Disk (KB)            :    35           1   1286638 
	   Memory (MB)          :  3613        8000      8000 

	Job terminated of its own accord at 2022-01-17T12:33:22Z.
...
