000 (3314886.007.000) 01/12 10:53:34 Job submitted from host: <188.185.70.244:9618?addrs=188.185.70.244-9618+[2001-1458-d00-7--100-2ee]-9618&alias=bigbird10.cern.ch&noUDP&sock=schedd_7001_aea1>
...
040 (3314886.007.000) 01/12 10:54:55 Started transferring input files
	Transferring to host: <128.142.58.37:9618?addrs=128.142.58.37-9618+[2001-1458-301-16--100-24]-9618&alias=b7s03p3926.cern.ch&noUDP&sock=slot1_3_3615_d82c_26087>
...
040 (3314886.007.000) 01/12 10:54:55 Finished transferring input files
...
001 (3314886.007.000) 01/12 10:54:56 Job executing on host: <128.142.58.37:9618?addrs=128.142.58.37-9618+[2001-1458-301-16--100-24]-9618&alias=b7s03p3926.cern.ch&noUDP&sock=startd_3036_059e>
...
006 (3314886.007.000) 01/12 10:55:04 Image size of job updated: 339956
	233  -  MemoryUsage of job (MB)
	238500  -  ResidentSetSize of job (KB)
...
006 (3314886.007.000) 01/12 11:00:04 Image size of job updated: 1737152
	276  -  MemoryUsage of job (MB)
	281768  -  ResidentSetSize of job (KB)
...
006 (3314886.007.000) 01/12 11:05:06 Image size of job updated: 2052696
	579  -  MemoryUsage of job (MB)
	592016  -  ResidentSetSize of job (KB)
...
040 (3314886.007.000) 01/12 11:18:21 Started transferring output files
...
040 (3314886.007.000) 01/12 11:18:21 Finished transferring output files
...
004 (3314886.007.000) 01/12 11:18:21 Job was evicted.
	(0) CPU times
		Usr 0 00:01:29, Sys 0 00:00:07  -  Run Remote Usage
		Usr 0 00:00:00, Sys 0 00:00:00  -  Run Local Usage
	16449  -  Run Bytes Sent By Job
	10532  -  Run Bytes Received By Job
	Partitionable Resources :    Usage  Request Allocated 
	   Cpus                 :     0.07        4         4 
	   Disk (KB)            :    51           1   1332615 
	   Memory (MB)          :   579        8000      8000 
...
009 (3314886.007.000) 01/12 11:18:21 Job was aborted.
	via condor_rm (by user vdamante)
...
