000 (3338422.014.000) 01/19 19:04:00 Job submitted from host: <188.185.70.244:9618?addrs=188.185.70.244-9618+[2001-1458-d00-7--100-2ee]-9618&alias=bigbird10.cern.ch&noUDP&sock=schedd_7001_aea1>
...
040 (3338422.014.000) 01/19 21:10:18 Started transferring input files
	Transferring to host: <128.142.58.12:9618?addrs=128.142.58.12-9618+[2001-1458-301-16--100-b]-9618&alias=b7s03p1238.cern.ch&noUDP&sock=slot1_6_5133_69aa_33753>
...
040 (3338422.014.000) 01/19 21:10:18 Finished transferring input files
...
001 (3338422.014.000) 01/19 21:10:19 Job executing on host: <128.142.58.12:9618?addrs=128.142.58.12-9618+[2001-1458-301-16--100-b]-9618&alias=b7s03p1238.cern.ch&noUDP&sock=startd_4793_2d85>
...
006 (3338422.014.000) 01/19 21:10:28 Image size of job updated: 69912
	38  -  MemoryUsage of job (MB)
	38656  -  ResidentSetSize of job (KB)
...
006 (3338422.014.000) 01/19 21:15:30 Image size of job updated: 1738224
	277  -  MemoryUsage of job (MB)
	283572  -  ResidentSetSize of job (KB)
...
006 (3338422.014.000) 01/19 21:20:30 Image size of job updated: 1738224
	277  -  MemoryUsage of job (MB)
	283580  -  ResidentSetSize of job (KB)
...
006 (3338422.014.000) 01/19 21:25:30 Image size of job updated: 2465424
	712  -  MemoryUsage of job (MB)
	728888  -  ResidentSetSize of job (KB)
...
006 (3338422.014.000) 01/19 22:15:35 Image size of job updated: 2465424
	712  -  MemoryUsage of job (MB)
	728900  -  ResidentSetSize of job (KB)
...
006 (3338422.014.000) 01/19 22:40:38 Image size of job updated: 2465424
	714  -  MemoryUsage of job (MB)
	730600  -  ResidentSetSize of job (KB)
...
006 (3338422.014.000) 01/19 22:45:38 Image size of job updated: 2980140
	1124  -  MemoryUsage of job (MB)
	1150532  -  ResidentSetSize of job (KB)
...
006 (3338422.014.000) 01/19 22:55:40 Image size of job updated: 2980140
	1124  -  MemoryUsage of job (MB)
	1150540  -  ResidentSetSize of job (KB)
...
006 (3338422.014.000) 01/19 23:05:40 Image size of job updated: 2980140
	1124  -  MemoryUsage of job (MB)
	1150544  -  ResidentSetSize of job (KB)
...
006 (3338422.014.000) 01/19 23:45:43 Image size of job updated: 3415780
	1518  -  MemoryUsage of job (MB)
	1553672  -  ResidentSetSize of job (KB)
...
006 (3338422.014.000) 01/20 00:30:48 Image size of job updated: 3415780
	1518  -  MemoryUsage of job (MB)
	1554400  -  ResidentSetSize of job (KB)
...
006 (3338422.014.000) 01/20 00:35:48 Image size of job updated: 3867256
	1972  -  MemoryUsage of job (MB)
	2018964  -  ResidentSetSize of job (KB)
...
006 (3338422.014.000) 01/20 01:50:57 Image size of job updated: 3867256
	1972  -  MemoryUsage of job (MB)
	2018972  -  ResidentSetSize of job (KB)
...
006 (3338422.014.000) 01/20 03:11:04 Image size of job updated: 3867256
	1972  -  MemoryUsage of job (MB)
	2019028  -  ResidentSetSize of job (KB)
...
006 (3338422.014.000) 01/20 03:16:05 Image size of job updated: 3867256
	1975  -  MemoryUsage of job (MB)
	2022220  -  ResidentSetSize of job (KB)
...
006 (3338422.014.000) 01/20 03:21:06 Image size of job updated: 4561260
	2395  -  MemoryUsage of job (MB)
	2452404  -  ResidentSetSize of job (KB)
...
006 (3338422.014.000) 01/20 03:26:06 Image size of job updated: 4561260
	2395  -  MemoryUsage of job (MB)
	2452420  -  ResidentSetSize of job (KB)
...
006 (3338422.014.000) 01/20 03:41:07 Image size of job updated: 4561260
	2395  -  MemoryUsage of job (MB)
	2452424  -  ResidentSetSize of job (KB)
...
040 (3338422.014.000) 01/20 05:10:40 Started transferring output files
...
040 (3338422.014.000) 01/20 05:10:40 Finished transferring output files
...
009 (3338422.014.000) 01/20 05:10:41 Job was aborted.
	Job removed by SYSTEM_PERIODIC_REMOVE due to wall time exceeded allowed max.
...
