000 (3314872.015.000) 01/12 10:12:21 Job submitted from host: <188.185.70.244:9618?addrs=188.185.70.244-9618+[2001-1458-d00-7--100-2ee]-9618&alias=bigbird10.cern.ch&noUDP&sock=schedd_7001_aea1>
...
040 (3314872.015.000) 01/12 10:51:47 Started transferring input files
	Transferring to host: <188.184.165.107:9618?addrs=188.184.165.107-9618&alias=b7s14p8181.cern.ch&noUDP&sock=slot1_5_3452_ff05_25686>
...
040 (3314872.015.000) 01/12 10:51:47 Finished transferring input files
...
001 (3314872.015.000) 01/12 10:51:48 Job executing on host: <188.184.165.107:9618?addrs=188.184.165.107-9618&alias=b7s14p8181.cern.ch&noUDP&sock=startd_2874_e747>
...
006 (3314872.015.000) 01/12 10:51:57 Image size of job updated: 452252
	11  -  MemoryUsage of job (MB)
	10300  -  ResidentSetSize of job (KB)
...
006 (3314872.015.000) 01/12 10:56:57 Image size of job updated: 1700524
	233  -  MemoryUsage of job (MB)
	238024  -  ResidentSetSize of job (KB)
...
006 (3314872.015.000) 01/12 11:01:58 Image size of job updated: 2486716
	978  -  MemoryUsage of job (MB)
	1001296  -  ResidentSetSize of job (KB)
...
006 (3314872.015.000) 01/12 11:11:59 Image size of job updated: 2741056
	978  -  MemoryUsage of job (MB)
	1001296  -  ResidentSetSize of job (KB)
...
040 (3314872.015.000) 01/12 11:18:15 Started transferring output files
...
040 (3314872.015.000) 01/12 11:18:16 Finished transferring output files
...
004 (3314872.015.000) 01/12 11:18:16 Job was evicted.
	(0) CPU times
		Usr 0 00:22:59, Sys 0 00:00:05  -  Run Remote Usage
		Usr 0 00:00:00, Sys 0 00:00:00  -  Run Local Usage
	6495281  -  Run Bytes Sent By Job
	10523  -  Run Bytes Received By Job
	Partitionable Resources :    Usage  Request Allocated 
	   Cpus                 :     0.99        4         4 
	   Disk (KB)            :  6374           1   3098740 
	   Memory (MB)          :   978        8000      8000 
...
009 (3314872.015.000) 01/12 11:18:16 Job was aborted.
	via condor_rm (by user vdamante)
...
