000 (3315595.020.000) 01/12 17:36:29 Job submitted from host: <188.185.70.244:9618?addrs=188.185.70.244-9618+[2001-1458-d00-7--100-2ee]-9618&alias=bigbird10.cern.ch&noUDP&sock=schedd_7001_aea1>
...
040 (3315595.020.000) 01/13 01:14:46 Started transferring input files
	Transferring to host: <188.184.163.114:9618?addrs=188.184.163.114-9618+[2001-1458-301-4d--100-6c]-9618&alias=b7s12p4940.cern.ch&noUDP&sock=slot1_17_3954_b35a_26937>
...
040 (3315595.020.000) 01/13 01:14:46 Finished transferring input files
...
001 (3315595.020.000) 01/13 01:14:47 Job executing on host: <188.184.163.114:9618?addrs=188.184.163.114-9618+[2001-1458-301-4d--100-6c]-9618&alias=b7s12p4940.cern.ch&noUDP&sock=startd_3297_0bd6>
...
006 (3315595.020.000) 01/13 01:14:56 Image size of job updated: 666112
	59  -  MemoryUsage of job (MB)
	60184  -  ResidentSetSize of job (KB)
...
006 (3315595.020.000) 01/13 01:19:56 Image size of job updated: 2047224
	573  -  MemoryUsage of job (MB)
	586504  -  ResidentSetSize of job (KB)
...
006 (3315595.020.000) 01/13 01:24:56 Image size of job updated: 2047224
	573  -  MemoryUsage of job (MB)
	586576  -  ResidentSetSize of job (KB)
...
006 (3315595.020.000) 01/13 01:34:57 Image size of job updated: 2267120
	687  -  MemoryUsage of job (MB)
	703476  -  ResidentSetSize of job (KB)
...
006 (3315595.020.000) 01/13 01:44:58 Image size of job updated: 2504956
	1018  -  MemoryUsage of job (MB)
	1041872  -  ResidentSetSize of job (KB)
...
006 (3315595.020.000) 01/13 01:54:59 Image size of job updated: 2504956
	1019  -  MemoryUsage of job (MB)
	1042848  -  ResidentSetSize of job (KB)
...
006 (3315595.020.000) 01/13 02:00:00 Image size of job updated: 2762012
	1114  -  MemoryUsage of job (MB)
	1140400  -  ResidentSetSize of job (KB)
...
006 (3315595.020.000) 01/13 02:10:01 Image size of job updated: 3064180
	1365  -  MemoryUsage of job (MB)
	1397472  -  ResidentSetSize of job (KB)
...
006 (3315595.020.000) 01/13 02:15:02 Image size of job updated: 3064180
	1365  -  MemoryUsage of job (MB)
	1397476  -  ResidentSetSize of job (KB)
...
006 (3315595.020.000) 01/13 02:25:03 Image size of job updated: 3403228
	1628  -  MemoryUsage of job (MB)
	1666148  -  ResidentSetSize of job (KB)
...
040 (3315595.020.000) 01/13 02:36:04 Started transferring output files
...
040 (3315595.020.000) 01/13 02:36:04 Finished transferring output files
...
005 (3315595.020.000) 01/13 02:36:04 Job terminated.
	(1) Normal termination (return value 0)
		Usr 0 00:16:50, Sys 0 00:00:18  -  Run Remote Usage
		Usr 0 00:00:00, Sys 0 00:00:00  -  Run Local Usage
		Usr 0 00:16:50, Sys 0 00:00:18  -  Total Remote Usage
		Usr 0 00:00:00, Sys 0 00:00:00  -  Total Local Usage
	106988  -  Run Bytes Sent By Job
	10531  -  Run Bytes Received By Job
	106988  -  Total Bytes Sent By Job
	10531  -  Total Bytes Received By Job
	Partitionable Resources :    Usage  Request Allocated 
	   Cpus                 :     0.13        4         4 
	   Disk (KB)            :   139           1   3098119 
	   Memory (MB)          :  1628        8000      8000 

	Job terminated of its own accord at 2022-01-13T01:36:04Z.
...
