000 (3295636.010.000) 01/10 15:28:05 Job submitted from host: <188.185.70.244:9618?addrs=188.185.70.244-9618+[2001-1458-d00-7--100-2ee]-9618&alias=bigbird10.cern.ch&noUDP&sock=schedd_7001_aea1>
...
040 (3295636.010.000) 01/10 15:32:54 Started transferring input files
	Transferring to host: <188.184.160.175:9618?addrs=188.184.160.175-9618+[2001-1458-301-48--100-a9]-9618&alias=b7s09p9738.cern.ch&noUDP&sock=slot1_9_3331_bda1_25346>
...
040 (3295636.010.000) 01/10 15:32:54 Finished transferring input files
...
001 (3295636.010.000) 01/10 15:32:55 Job executing on host: <188.184.160.175:9618?addrs=188.184.160.175-9618+[2001-1458-301-48--100-a9]-9618&alias=b7s09p9738.cern.ch&noUDP&sock=startd_2774_4fce>
...
006 (3295636.010.000) 01/10 15:33:03 Image size of job updated: 428612
	149  -  MemoryUsage of job (MB)
	151840  -  ResidentSetSize of job (KB)
...
006 (3295636.010.000) 01/10 15:33:14 Image size of job updated: 1318100
	149  -  MemoryUsage of job (MB)
	151920  -  ResidentSetSize of job (KB)
...
040 (3295636.010.000) 01/10 15:33:14 Started transferring output files
...
040 (3295636.010.000) 01/10 15:33:14 Finished transferring output files
...
005 (3295636.010.000) 01/10 15:33:14 Job terminated.
	(1) Normal termination (return value 0)
		Usr 0 00:00:06, Sys 0 00:00:02  -  Run Remote Usage
		Usr 0 00:00:00, Sys 0 00:00:00  -  Run Local Usage
		Usr 0 00:00:06, Sys 0 00:00:02  -  Total Remote Usage
		Usr 0 00:00:00, Sys 0 00:00:00  -  Total Local Usage
	3268  -  Run Bytes Sent By Job
	10524  -  Run Bytes Received By Job
	3268  -  Total Bytes Sent By Job
	10524  -  Total Bytes Received By Job
	Partitionable Resources :    Usage  Request Allocated 
	   Cpus                 :                 4         4 
	   Disk (KB)            :       30        1   1430807 
	   Memory (MB)          :      149     8000      8000 

	Job terminated of its own accord at 2022-01-10T14:33:14Z.
...
