000 (3316951.002.000) 01/13 10:23:50 Job submitted from host: <188.185.70.244:9618?addrs=188.185.70.244-9618+[2001-1458-d00-7--100-2ee]-9618&alias=bigbird10.cern.ch&noUDP&sock=schedd_7001_aea1>
...
040 (3316951.002.000) 01/13 10:29:27 Started transferring input files
	Transferring to host: <128.142.63.98:9618?addrs=128.142.63.98-9618&alias=b7s08p2788.cern.ch&noUDP&sock=slot1_17_5425_2736_31685>
...
040 (3316951.002.000) 01/13 10:29:27 Finished transferring input files
...
001 (3316951.002.000) 01/13 10:29:28 Job executing on host: <128.142.63.98:9618?addrs=128.142.63.98-9618&alias=b7s08p2788.cern.ch&noUDP&sock=startd_5055_e355>
...
006 (3316951.002.000) 01/13 10:29:37 Image size of job updated: 288456
	203  -  MemoryUsage of job (MB)
	207068  -  ResidentSetSize of job (KB)
...
006 (3316951.002.000) 01/13 10:34:38 Image size of job updated: 1745368
	286  -  MemoryUsage of job (MB)
	292196  -  ResidentSetSize of job (KB)
...
006 (3316951.002.000) 01/13 10:39:39 Image size of job updated: 1745368
	286  -  MemoryUsage of job (MB)
	292204  -  ResidentSetSize of job (KB)
...
006 (3316951.002.000) 01/13 10:44:39 Image size of job updated: 1745368
	286  -  MemoryUsage of job (MB)
	292216  -  ResidentSetSize of job (KB)
...
006 (3316951.002.000) 01/13 10:54:40 Image size of job updated: 1984968
	516  -  MemoryUsage of job (MB)
	527664  -  ResidentSetSize of job (KB)
...
006 (3316951.002.000) 01/13 11:09:42 Image size of job updated: 1984968
	516  -  MemoryUsage of job (MB)
	527668  -  ResidentSetSize of job (KB)
...
006 (3316951.002.000) 01/13 11:29:44 Image size of job updated: 1984968
	516  -  MemoryUsage of job (MB)
	527672  -  ResidentSetSize of job (KB)
...
006 (3316951.002.000) 01/13 11:34:44 Image size of job updated: 2235920
	762  -  MemoryUsage of job (MB)
	779952  -  ResidentSetSize of job (KB)
...
006 (3316951.002.000) 01/13 12:09:48 Image size of job updated: 2584520
	1028  -  MemoryUsage of job (MB)
	1051652  -  ResidentSetSize of job (KB)
...
006 (3316951.002.000) 01/13 12:29:50 Image size of job updated: 2584520
	1028  -  MemoryUsage of job (MB)
	1051656  -  ResidentSetSize of job (KB)
...
006 (3316951.002.000) 01/13 12:44:51 Image size of job updated: 2812308
	1264  -  MemoryUsage of job (MB)
	1293844  -  ResidentSetSize of job (KB)
...
006 (3316951.002.000) 01/13 13:14:55 Image size of job updated: 3312332
	1542  -  MemoryUsage of job (MB)
	1578444  -  ResidentSetSize of job (KB)
...
006 (3316951.002.000) 01/13 13:24:56 Image size of job updated: 3312332
	1542  -  MemoryUsage of job (MB)
	1578448  -  ResidentSetSize of job (KB)
...
006 (3316951.002.000) 01/13 13:44:58 Image size of job updated: 3681384
	1838  -  MemoryUsage of job (MB)
	1881676  -  ResidentSetSize of job (KB)
...
006 (3316951.002.000) 01/13 14:20:01 Image size of job updated: 4248324
	2203  -  MemoryUsage of job (MB)
	2255508  -  ResidentSetSize of job (KB)
...
006 (3316951.002.000) 01/13 14:45:03 Image size of job updated: 4248324
	2203  -  MemoryUsage of job (MB)
	2255512  -  ResidentSetSize of job (KB)
...
006 (3316951.002.000) 01/13 14:55:04 Image size of job updated: 4541808
	2623  -  MemoryUsage of job (MB)
	2685532  -  ResidentSetSize of job (KB)
...
006 (3316951.002.000) 01/13 15:30:07 Image size of job updated: 5221640
	3455  -  MemoryUsage of job (MB)
	3537260  -  ResidentSetSize of job (KB)
...
040 (3316951.002.000) 01/13 17:20:07 Started transferring output files
...
040 (3316951.002.000) 01/13 17:20:07 Finished transferring output files
...
005 (3316951.002.000) 01/13 17:20:07 Job terminated.
	(1) Normal termination (return value 0)
		Usr 0 00:27:37, Sys 0 00:01:00  -  Run Remote Usage
		Usr 0 00:00:00, Sys 0 00:00:00  -  Run Local Usage
		Usr 0 00:27:37, Sys 0 00:01:00  -  Total Remote Usage
		Usr 0 00:00:00, Sys 0 00:00:00  -  Total Local Usage
	196150  -  Run Bytes Sent By Job
	10531  -  Run Bytes Received By Job
	196150  -  Total Bytes Sent By Job
	10531  -  Total Bytes Received By Job
	Partitionable Resources :    Usage  Request Allocated 
	   Cpus                 :        0        4         4 
	   Disk (KB)            :      226        1   1310301 
	   Memory (MB)          :     3455     8000      8000 

	Job terminated of its own accord at 2022-01-13T16:20:07Z.
...
