000 (3316951.003.000) 01/13 10:23:50 Job submitted from host: <188.185.70.244:9618?addrs=188.185.70.244-9618+[2001-1458-d00-7--100-2ee]-9618&alias=bigbird10.cern.ch&noUDP&sock=schedd_7001_aea1>
...
040 (3316951.003.000) 01/13 10:29:27 Started transferring input files
	Transferring to host: <188.184.160.127:9618?addrs=188.184.160.127-9618+[2001-1458-301-48--100-79]-9618&alias=b7s09p6375.cern.ch&noUDP&sock=slot1_20_3290_da3f_28184>
...
040 (3316951.003.000) 01/13 10:29:27 Finished transferring input files
...
001 (3316951.003.000) 01/13 10:29:28 Job executing on host: <188.184.160.127:9618?addrs=188.184.160.127-9618+[2001-1458-301-48--100-79]-9618&alias=b7s09p6375.cern.ch&noUDP&sock=startd_3135_ed7e>
...
006 (3316951.003.000) 01/13 10:29:37 Image size of job updated: 721380
	233  -  MemoryUsage of job (MB)
	237852  -  ResidentSetSize of job (KB)
...
006 (3316951.003.000) 01/13 10:34:38 Image size of job updated: 1730620
	270  -  MemoryUsage of job (MB)
	276448  -  ResidentSetSize of job (KB)
...
006 (3316951.003.000) 01/13 10:44:39 Image size of job updated: 1967496
	499  -  MemoryUsage of job (MB)
	510192  -  ResidentSetSize of job (KB)
...
006 (3316951.003.000) 01/13 11:34:45 Image size of job updated: 2315664
	745  -  MemoryUsage of job (MB)
	762436  -  ResidentSetSize of job (KB)
...
006 (3316951.003.000) 01/13 12:09:49 Image size of job updated: 2315664
	745  -  MemoryUsage of job (MB)
	762440  -  ResidentSetSize of job (KB)
...
006 (3316951.003.000) 01/13 12:14:50 Image size of job updated: 2566908
	1010  -  MemoryUsage of job (MB)
	1034036  -  ResidentSetSize of job (KB)
...
006 (3316951.003.000) 01/13 12:29:51 Image size of job updated: 2566908
	1010  -  MemoryUsage of job (MB)
	1034040  -  ResidentSetSize of job (KB)
...
006 (3316951.003.000) 01/13 12:49:54 Image size of job updated: 2852132
	1189  -  MemoryUsage of job (MB)
	1217060  -  ResidentSetSize of job (KB)
...
006 (3316951.003.000) 01/13 13:04:56 Image size of job updated: 2852132
	1189  -  MemoryUsage of job (MB)
	1217064  -  ResidentSetSize of job (KB)
...
006 (3316951.003.000) 01/13 13:24:58 Image size of job updated: 2852132
	1190  -  MemoryUsage of job (MB)
	1218348  -  ResidentSetSize of job (KB)
...
006 (3316951.003.000) 01/13 13:29:59 Image size of job updated: 3419860
	1495  -  MemoryUsage of job (MB)
	1529924  -  ResidentSetSize of job (KB)
...
006 (3316951.003.000) 01/13 14:05:02 Image size of job updated: 3650168
	1820  -  MemoryUsage of job (MB)
	1862676  -  ResidentSetSize of job (KB)
...
006 (3316951.003.000) 01/13 14:50:07 Image size of job updated: 4060844
	2198  -  MemoryUsage of job (MB)
	2250300  -  ResidentSetSize of job (KB)
...
006 (3316951.003.000) 01/13 15:10:08 Image size of job updated: 4060844
	2198  -  MemoryUsage of job (MB)
	2250304  -  ResidentSetSize of job (KB)
...
006 (3316951.003.000) 01/13 15:35:11 Image size of job updated: 4247792
	2641  -  MemoryUsage of job (MB)
	2704364  -  ResidentSetSize of job (KB)
...
006 (3316951.003.000) 01/13 15:40:12 Image size of job updated: 4525644
	2641  -  MemoryUsage of job (MB)
	2704364  -  ResidentSetSize of job (KB)
...
006 (3316951.003.000) 01/13 17:55:25 Image size of job updated: 5005504
	3440  -  MemoryUsage of job (MB)
	3521788  -  ResidentSetSize of job (KB)
...
040 (3316951.003.000) 01/13 20:09:29 Started transferring output files
...
040 (3316951.003.000) 01/13 20:09:29 Finished transferring output files
...
005 (3316951.003.000) 01/13 20:09:29 Job terminated.
	(1) Normal termination (return value 0)
		Usr 0 00:40:02, Sys 0 00:01:20  -  Run Remote Usage
		Usr 0 00:00:00, Sys 0 00:00:00  -  Run Local Usage
		Usr 0 00:40:02, Sys 0 00:01:20  -  Total Remote Usage
		Usr 0 00:00:00, Sys 0 00:00:00  -  Total Local Usage
	198691  -  Run Bytes Sent By Job
	10531  -  Run Bytes Received By Job
	198691  -  Total Bytes Sent By Job
	10531  -  Total Bytes Received By Job
	Partitionable Resources :    Usage  Request Allocated 
	   Cpus                 :     0.00        4         4 
	   Disk (KB)            :   229           1   1340156 
	   Memory (MB)          :  3440        8000      8000 

	Job terminated of its own accord at 2022-01-13T19:09:29Z.
...
