000 (3319731.018.000) 01/17 11:19:49 Job submitted from host: <188.185.70.244:9618?addrs=188.185.70.244-9618+[2001-1458-d00-7--100-2ee]-9618&alias=bigbird10.cern.ch&noUDP&sock=schedd_7001_aea1>
...
040 (3319731.018.000) 01/17 11:27:34 Entered queue to transfer input files
	Transferring to host: <128.142.33.219:9618?addrs=128.142.33.219-9618&alias=b7g24p2368.cern.ch&noUDP&sock=slot1_12_10243_deba_71280>
...
040 (3319731.018.000) 01/17 11:28:22 Started transferring input files
	Seconds spent in queue: 48
...
040 (3319731.018.000) 01/17 11:28:22 Finished transferring input files
...
001 (3319731.018.000) 01/17 11:28:23 Job executing on host: <128.142.33.219:9618?addrs=128.142.33.219-9618&alias=b7g24p2368.cern.ch&noUDP&sock=startd_10175_c83b>
...
006 (3319731.018.000) 01/17 11:28:31 Image size of job updated: 721536
	155  -  MemoryUsage of job (MB)
	157844  -  ResidentSetSize of job (KB)
...
006 (3319731.018.000) 01/17 11:33:31 Image size of job updated: 2454692
	701  -  MemoryUsage of job (MB)
	717152  -  ResidentSetSize of job (KB)
...
006 (3319731.018.000) 01/17 11:38:32 Image size of job updated: 2454692
	701  -  MemoryUsage of job (MB)
	717156  -  ResidentSetSize of job (KB)
...
006 (3319731.018.000) 01/17 11:43:33 Image size of job updated: 2816560
	1040  -  MemoryUsage of job (MB)
	1064548  -  ResidentSetSize of job (KB)
...
006 (3319731.018.000) 01/17 11:53:34 Image size of job updated: 3160568
	1372  -  MemoryUsage of job (MB)
	1404088  -  ResidentSetSize of job (KB)
...
006 (3319731.018.000) 01/17 12:03:35 Image size of job updated: 3160568
	1373  -  MemoryUsage of job (MB)
	1405904  -  ResidentSetSize of job (KB)
...
006 (3319731.018.000) 01/17 12:08:35 Image size of job updated: 3514928
	1713  -  MemoryUsage of job (MB)
	1753244  -  ResidentSetSize of job (KB)
...
006 (3319731.018.000) 01/17 12:18:37 Image size of job updated: 3929920
	2030  -  MemoryUsage of job (MB)
	2078052  -  ResidentSetSize of job (KB)
...
006 (3319731.018.000) 01/17 12:23:37 Image size of job updated: 3929920
	2030  -  MemoryUsage of job (MB)
	2078092  -  ResidentSetSize of job (KB)
...
006 (3319731.018.000) 01/17 12:28:38 Image size of job updated: 4294672
	2610  -  MemoryUsage of job (MB)
	2672532  -  ResidentSetSize of job (KB)
...
006 (3319731.018.000) 01/17 12:33:39 Image size of job updated: 4294672
	2610  -  MemoryUsage of job (MB)
	2672604  -  ResidentSetSize of job (KB)
...
006 (3319731.018.000) 01/17 12:38:39 Image size of job updated: 4914360
	2818  -  MemoryUsage of job (MB)
	2885364  -  ResidentSetSize of job (KB)
...
006 (3319731.018.000) 01/17 12:43:39 Image size of job updated: 4914360
	2818  -  MemoryUsage of job (MB)
	2885380  -  ResidentSetSize of job (KB)
...
006 (3319731.018.000) 01/17 12:48:40 Image size of job updated: 5195512
	3210  -  MemoryUsage of job (MB)
	3286044  -  ResidentSetSize of job (KB)
...
006 (3319731.018.000) 01/17 12:53:41 Image size of job updated: 5195512
	3212  -  MemoryUsage of job (MB)
	3288208  -  ResidentSetSize of job (KB)
...
006 (3319731.018.000) 01/17 12:58:41 Image size of job updated: 5719320
	3612  -  MemoryUsage of job (MB)
	3698340  -  ResidentSetSize of job (KB)
...
040 (3319731.018.000) 01/17 13:01:14 Started transferring output files
	Seconds spent in queue: 5620
...
040 (3319731.018.000) 01/17 13:01:14 Finished transferring output files
...
005 (3319731.018.000) 01/17 13:01:14 Job terminated.
	(1) Normal termination (return value 0)
		Usr 0 00:48:46, Sys 0 00:00:36  -  Run Remote Usage
		Usr 0 00:00:00, Sys 0 00:00:00  -  Run Local Usage
		Usr 0 00:48:46, Sys 0 00:00:36  -  Total Remote Usage
		Usr 0 00:00:00, Sys 0 00:00:00  -  Total Local Usage
	1362  -  Run Bytes Sent By Job
	10523  -  Run Bytes Received By Job
	1362  -  Total Bytes Sent By Job
	10523  -  Total Bytes Received By Job
	Partitionable Resources :    Usage  Request Allocated 
	   Cpus                 :     0.45        4         4 
	   Disk (KB)            :    35           1   3030608 
	   Memory (MB)          :  3612        8000      8000 

	Job terminated of its own accord at 2022-01-17T12:01:14Z.
...
