000 (3295636.021.000) 01/10 15:28:05 Job submitted from host: <188.185.70.244:9618?addrs=188.185.70.244-9618+[2001-1458-d00-7--100-2ee]-9618&alias=bigbird10.cern.ch&noUDP&sock=schedd_7001_aea1>
...
040 (3295636.021.000) 01/10 15:32:57 Started transferring input files
	Transferring to host: <128.142.58.70:9618?addrs=128.142.58.70-9618+[2001-1458-301-16--100-45]-9618&alias=b7s03p3844.cern.ch&noUDP&sock=slot1_4_3144_fb79_24551>
...
040 (3295636.021.000) 01/10 15:32:57 Finished transferring input files
...
001 (3295636.021.000) 01/10 15:32:58 Job executing on host: <128.142.58.70:9618?addrs=128.142.58.70-9618+[2001-1458-301-16--100-45]-9618&alias=b7s03p3844.cern.ch&noUDP&sock=startd_2773_a036>
...
006 (3295636.021.000) 01/10 15:33:06 Image size of job updated: 720780
	190  -  MemoryUsage of job (MB)
	194032  -  ResidentSetSize of job (KB)
...
006 (3295636.021.000) 01/10 15:33:08 Image size of job updated: 720780
	190  -  MemoryUsage of job (MB)
	194060  -  ResidentSetSize of job (KB)
...
040 (3295636.021.000) 01/10 15:33:08 Started transferring output files
...
040 (3295636.021.000) 01/10 15:33:08 Finished transferring output files
...
005 (3295636.021.000) 01/10 15:33:08 Job terminated.
	(1) Normal termination (return value 0)
		Usr 0 00:00:03, Sys 0 00:00:02  -  Run Remote Usage
		Usr 0 00:00:00, Sys 0 00:00:00  -  Run Local Usage
		Usr 0 00:00:03, Sys 0 00:00:02  -  Total Remote Usage
		Usr 0 00:00:00, Sys 0 00:00:00  -  Total Local Usage
	3775  -  Run Bytes Sent By Job
	10524  -  Run Bytes Received By Job
	3775  -  Total Bytes Sent By Job
	10524  -  Total Bytes Received By Job
	Partitionable Resources :    Usage  Request Allocated 
	   Cpus                 :                 4         4 
	   Disk (KB)            :       31        1    635364 
	   Memory (MB)          :      190     8000      8000 

	Job terminated of its own accord at 2022-01-10T14:33:08Z.
...
