000 (3339241.000.000) 01/20 08:14:46 Job submitted from host: <188.185.70.244:9618?addrs=188.185.70.244-9618+[2001-1458-d00-7--100-2ee]-9618&alias=bigbird10.cern.ch&noUDP&sock=schedd_7001_aea1>
...
040 (3339241.000.000) 01/20 08:24:25 Started transferring input files
	Transferring to host: <128.142.56.115:9618?addrs=128.142.56.115-9618&alias=b7s01p7942.cern.ch&noUDP&sock=slot1_30_4603_fad4_35328>
...
040 (3339241.000.000) 01/20 08:24:25 Finished transferring input files
...
001 (3339241.000.000) 01/20 08:24:26 Job executing on host: <128.142.56.115:9618?addrs=128.142.56.115-9618&alias=b7s01p7942.cern.ch&noUDP&sock=startd_4243_ec6e>
...
006 (3339241.000.000) 01/20 08:24:35 Image size of job updated: 269716
	184  -  MemoryUsage of job (MB)
	188328  -  ResidentSetSize of job (KB)
...
006 (3339241.000.000) 01/20 08:29:36 Image size of job updated: 2042376
	962  -  MemoryUsage of job (MB)
	984860  -  ResidentSetSize of job (KB)
...
006 (3339241.000.000) 01/20 08:34:37 Image size of job updated: 2459048
	962  -  MemoryUsage of job (MB)
	984860  -  ResidentSetSize of job (KB)
...
006 (3339241.000.000) 01/20 08:49:38 Image size of job updated: 2839964
	1073  -  MemoryUsage of job (MB)
	1097932  -  ResidentSetSize of job (KB)
...
006 (3339241.000.000) 01/20 09:14:40 Image size of job updated: 3204872
	1402  -  MemoryUsage of job (MB)
	1434880  -  ResidentSetSize of job (KB)
...
006 (3339241.000.000) 01/20 11:39:55 Image size of job updated: 3204872
	1403  -  MemoryUsage of job (MB)
	1436160  -  ResidentSetSize of job (KB)
...
006 (3339241.000.000) 01/20 11:44:56 Image size of job updated: 3729156
	1824  -  MemoryUsage of job (MB)
	1867436  -  ResidentSetSize of job (KB)
...
006 (3339241.000.000) 01/20 12:45:01 Image size of job updated: 4190316
	2274  -  MemoryUsage of job (MB)
	2328176  -  ResidentSetSize of job (KB)
...
006 (3339241.000.000) 01/20 14:55:15 Image size of job updated: 4190316
	2277  -  MemoryUsage of job (MB)
	2330712  -  ResidentSetSize of job (KB)
...
006 (3339241.000.000) 01/20 15:00:16 Image size of job updated: 4753744
	2736  -  MemoryUsage of job (MB)
	2801216  -  ResidentSetSize of job (KB)
...
006 (3339241.000.000) 01/20 15:45:20 Image size of job updated: 4913448
	3385  -  MemoryUsage of job (MB)
	3465420  -  ResidentSetSize of job (KB)
...
006 (3339241.000.000) 01/20 15:50:21 Image size of job updated: 5320584
	3385  -  MemoryUsage of job (MB)
	3465420  -  ResidentSetSize of job (KB)
...
006 (3339241.000.000) 01/20 16:45:27 Image size of job updated: 5970644
	3754  -  MemoryUsage of job (MB)
	3843276  -  ResidentSetSize of job (KB)
...
006 (3339241.000.000) 01/20 17:15:30 Image size of job updated: 5970644
	3829  -  MemoryUsage of job (MB)
	3920876  -  ResidentSetSize of job (KB)
...
006 (3339241.000.000) 01/20 17:20:31 Image size of job updated: 6672372
	4422  -  MemoryUsage of job (MB)
	4527384  -  ResidentSetSize of job (KB)
...
040 (3339241.000.000) 01/20 17:36:31 Started transferring output files
...
040 (3339241.000.000) 01/20 17:36:31 Finished transferring output files
...
005 (3339241.000.000) 01/20 17:36:31 Job terminated.
	(1) Normal termination (return value 0)
		Usr 0 01:33:01, Sys 0 00:01:32  -  Run Remote Usage
		Usr 0 00:00:00, Sys 0 00:00:00  -  Run Local Usage
		Usr 0 01:33:01, Sys 0 00:01:32  -  Total Remote Usage
		Usr 0 00:00:00, Sys 0 00:00:00  -  Total Local Usage
	6939  -  Run Bytes Sent By Job
	11206  -  Run Bytes Received By Job
	6939  -  Total Bytes Sent By Job
	11206  -  Total Bytes Received By Job
	Partitionable Resources :    Usage  Request Allocated 
	   Cpus                 :     0.50        4         4 
	   Disk (KB)            :    41           1   1266156 
	   Memory (MB)          :  4422        8000      8000 

	Job terminated of its own accord at 2022-01-20T16:36:31Z.
...
