000 (3314624.015.000) 01/11 10:41:35 Job submitted from host: <188.185.70.244:9618?addrs=188.185.70.244-9618+[2001-1458-d00-7--100-2ee]-9618&alias=bigbird10.cern.ch&noUDP&sock=schedd_7001_aea1>
...
040 (3314624.015.000) 01/11 11:36:24 Started transferring input files
	Transferring to host: <188.184.165.29:9618?addrs=188.184.165.29-9618&alias=b7s14p1875.cern.ch&noUDP&sock=slot1_26_4837_da9e_25223>
...
040 (3314624.015.000) 01/11 11:36:24 Finished transferring input files
...
001 (3314624.015.000) 01/11 11:36:25 Job executing on host: <188.184.165.29:9618?addrs=188.184.165.29-9618&alias=b7s14p1875.cern.ch&noUDP&sock=startd_4584_d239>
...
006 (3314624.015.000) 01/11 11:36:34 Image size of job updated: 320140
	155  -  MemoryUsage of job (MB)
	157840  -  ResidentSetSize of job (KB)
...
006 (3314624.015.000) 01/11 11:41:35 Image size of job updated: 1909976
	443  -  MemoryUsage of job (MB)
	452780  -  ResidentSetSize of job (KB)
...
006 (3314624.015.000) 01/11 11:51:35 Image size of job updated: 1909976
	443  -  MemoryUsage of job (MB)
	452784  -  ResidentSetSize of job (KB)
...
006 (3314624.015.000) 01/11 11:56:36 Image size of job updated: 1909976
	443  -  MemoryUsage of job (MB)
	452884  -  ResidentSetSize of job (KB)
...
006 (3314624.015.000) 01/11 12:01:36 Image size of job updated: 2042504
	573  -  MemoryUsage of job (MB)
	585844  -  ResidentSetSize of job (KB)
...
006 (3314624.015.000) 01/11 12:21:38 Image size of job updated: 2200672
	730  -  MemoryUsage of job (MB)
	746760  -  ResidentSetSize of job (KB)
...
006 (3314624.015.000) 01/11 12:41:39 Image size of job updated: 2200672
	730  -  MemoryUsage of job (MB)
	747112  -  ResidentSetSize of job (KB)
...
006 (3314624.015.000) 01/11 12:46:40 Image size of job updated: 2393324
	867  -  MemoryUsage of job (MB)
	886868  -  ResidentSetSize of job (KB)
...
006 (3314624.015.000) 01/11 13:01:41 Image size of job updated: 2393324
	867  -  MemoryUsage of job (MB)
	886872  -  ResidentSetSize of job (KB)
...
006 (3314624.015.000) 01/11 13:06:42 Image size of job updated: 2524056
	1028  -  MemoryUsage of job (MB)
	1051872  -  ResidentSetSize of job (KB)
...
006 (3314624.015.000) 01/11 13:26:44 Image size of job updated: 2524056
	1028  -  MemoryUsage of job (MB)
	1051880  -  ResidentSetSize of job (KB)
...
006 (3314624.015.000) 01/11 13:36:45 Image size of job updated: 2866952
	1248  -  MemoryUsage of job (MB)
	1276964  -  ResidentSetSize of job (KB)
...
006 (3314624.015.000) 01/11 13:51:47 Image size of job updated: 2866952
	1248  -  MemoryUsage of job (MB)
	1276968  -  ResidentSetSize of job (KB)
...
006 (3314624.015.000) 01/11 13:56:48 Image size of job updated: 3137892
	1466  -  MemoryUsage of job (MB)
	1500204  -  ResidentSetSize of job (KB)
...
006 (3314624.015.000) 01/11 14:11:49 Image size of job updated: 3137892
	1466  -  MemoryUsage of job (MB)
	1500208  -  ResidentSetSize of job (KB)
...
006 (3314624.015.000) 01/11 14:16:49 Image size of job updated: 3137892
	1466  -  MemoryUsage of job (MB)
	1500936  -  ResidentSetSize of job (KB)
...
006 (3314624.015.000) 01/11 14:21:49 Image size of job updated: 3579172
	1807  -  MemoryUsage of job (MB)
	1849892  -  ResidentSetSize of job (KB)
...
006 (3314624.015.000) 01/11 14:46:53 Image size of job updated: 3961644
	2159  -  MemoryUsage of job (MB)
	2210232  -  ResidentSetSize of job (KB)
...
006 (3314624.015.000) 01/11 15:06:54 Image size of job updated: 3961644
	2159  -  MemoryUsage of job (MB)
	2210236  -  ResidentSetSize of job (KB)
...
006 (3314624.015.000) 01/11 15:16:55 Image size of job updated: 3961644
	2163  -  MemoryUsage of job (MB)
	2213976  -  ResidentSetSize of job (KB)
...
006 (3314624.015.000) 01/11 15:21:55 Image size of job updated: 4360812
	2525  -  MemoryUsage of job (MB)
	2585020  -  ResidentSetSize of job (KB)
...
040 (3314624.015.000) 01/11 15:43:12 Started transferring output files
...
040 (3314624.015.000) 01/11 15:43:13 Finished transferring output files
...
005 (3314624.015.000) 01/11 15:43:13 Job terminated.
	(1) Normal termination (return value 0)
		Usr 0 00:41:02, Sys 0 00:00:48  -  Run Remote Usage
		Usr 0 00:00:00, Sys 0 00:00:00  -  Run Local Usage
		Usr 0 00:41:02, Sys 0 00:00:48  -  Total Remote Usage
		Usr 0 00:00:00, Sys 0 00:00:00  -  Total Local Usage
	147508  -  Run Bytes Sent By Job
	10524  -  Run Bytes Received By Job
	147508  -  Total Bytes Sent By Job
	10524  -  Total Bytes Received By Job
	Partitionable Resources :    Usage  Request Allocated 
	   Cpus                 :     0.01        4         4 
	   Disk (KB)            :   177           1   3100353 
	   Memory (MB)          :  2525        8000      8000 

	Job terminated of its own accord at 2022-01-11T14:43:12Z.
...
