000 (3293341.003.000) 01/10 13:03:57 Job submitted from host: <188.185.70.244:9618?addrs=188.185.70.244-9618+[2001-1458-d00-7--100-2ee]-9618&alias=bigbird10.cern.ch&noUDP&sock=schedd_7001_aea1>
...
040 (3293341.003.000) 01/10 13:08:07 Started transferring input files
	Transferring to host: <188.184.160.183:9618?addrs=188.184.160.183-9618+[2001-1458-301-48--100-b1]-9618&alias=b7s09p9243.cern.ch&noUDP&sock=slot1_12_3248_427d_24980>
...
040 (3293341.003.000) 01/10 13:08:07 Finished transferring input files
...
001 (3293341.003.000) 01/10 13:08:08 Job executing on host: <188.184.160.183:9618?addrs=188.184.160.183-9618+[2001-1458-301-48--100-b1]-9618&alias=b7s09p9243.cern.ch&noUDP&sock=startd_2672_5925>
...
006 (3293341.003.000) 01/10 13:08:16 Image size of job updated: 396044
	155  -  MemoryUsage of job (MB)
	157796  -  ResidentSetSize of job (KB)
...
006 (3293341.003.000) 01/10 13:13:16 Image size of job updated: 1754824
	295  -  MemoryUsage of job (MB)
	301064  -  ResidentSetSize of job (KB)
...
006 (3293341.003.000) 01/10 13:18:17 Image size of job updated: 1754824
	295  -  MemoryUsage of job (MB)
	301536  -  ResidentSetSize of job (KB)
...
040 (3293341.003.000) 01/10 13:38:31 Started transferring output files
...
040 (3293341.003.000) 01/10 13:38:31 Finished transferring output files
...
005 (3293341.003.000) 01/10 13:38:31 Job terminated.
	(1) Normal termination (return value 0)
		Usr 0 00:00:40, Sys 0 00:00:04  -  Run Remote Usage
		Usr 0 00:00:00, Sys 0 00:00:00  -  Run Local Usage
		Usr 0 00:00:40, Sys 0 00:00:04  -  Total Remote Usage
		Usr 0 00:00:00, Sys 0 00:00:00  -  Total Local Usage
	9021  -  Run Bytes Sent By Job
	10526  -  Run Bytes Received By Job
	9021  -  Total Bytes Sent By Job
	10526  -  Total Bytes Received By Job
	Partitionable Resources :    Usage  Request Allocated 
	   Cpus                 :     0.02        4         4 
	   Disk (KB)            :    43           1   1250426 
	   Memory (MB)          :   295        8000      8000 

	Job terminated of its own accord at 2022-01-10T12:38:31Z.
...
