000 (3301535.006.000) 01/10 18:12:41 Job submitted from host: <188.185.70.244:9618?addrs=188.185.70.244-9618+[2001-1458-d00-7--100-2ee]-9618&alias=bigbird10.cern.ch&noUDP&sock=schedd_7001_aea1>
...
040 (3301535.006.000) 01/10 18:13:45 Started transferring input files
	Transferring to host: <188.184.165.184:9618?addrs=188.184.165.184-9618&alias=b7s14p1243.cern.ch&noUDP&sock=slot1_15_4425_900d_24779>
...
040 (3301535.006.000) 01/10 18:13:45 Finished transferring input files
...
001 (3301535.006.000) 01/10 18:13:46 Job executing on host: <188.184.165.184:9618?addrs=188.184.165.184-9618&alias=b7s14p1243.cern.ch&noUDP&sock=startd_4195_ffe2>
...
006 (3301535.006.000) 01/10 18:13:51 Image size of job updated: 708
	0  -  MemoryUsage of job (MB)
	0  -  ResidentSetSize of job (KB)
...
040 (3301535.006.000) 01/10 18:13:51 Started transferring output files
...
040 (3301535.006.000) 01/10 18:13:51 Finished transferring output files
...
005 (3301535.006.000) 01/10 18:13:51 Job terminated.
	(1) Normal termination (return value 1)
		Usr 0 00:00:01, Sys 0 00:00:00  -  Run Remote Usage
		Usr 0 00:00:00, Sys 0 00:00:00  -  Run Local Usage
		Usr 0 00:00:01, Sys 0 00:00:00  -  Total Remote Usage
		Usr 0 00:00:00, Sys 0 00:00:00  -  Total Local Usage
	202  -  Run Bytes Sent By Job
	10528  -  Run Bytes Received By Job
	202  -  Total Bytes Sent By Job
	10528  -  Total Bytes Received By Job
	Partitionable Resources :    Usage  Request Allocated 
	   Cpus                 :                 4         4 
	   Disk (KB)            :       27        1   3076463 
	   Memory (MB)          :        0     8000      8000 

	Job terminated of its own accord at 2022-01-10T17:13:51Z.
...
