000 (3301535.017.000) 01/10 18:12:41 Job submitted from host: <188.185.70.244:9618?addrs=188.185.70.244-9618+[2001-1458-d00-7--100-2ee]-9618&alias=bigbird10.cern.ch&noUDP&sock=schedd_7001_aea1>
...
040 (3301535.017.000) 01/10 18:13:49 Started transferring input files
	Transferring to host: <128.142.131.170:9618?addrs=128.142.131.170-9618+[2001-1458-301-59--100-9e]-9618&alias=b7g11p5402.cern.ch&noUDP&sock=slot1_8_9030_33a8_71195>
...
040 (3301535.017.000) 01/10 18:13:49 Finished transferring input files
...
001 (3301535.017.000) 01/10 18:13:50 Job executing on host: <128.142.131.170:9618?addrs=128.142.131.170-9618+[2001-1458-301-59--100-9e]-9618&alias=b7g11p5402.cern.ch&noUDP&sock=startd_43031_43eb>
...
006 (3301535.017.000) 01/10 18:13:59 Image size of job updated: 4128
	0  -  MemoryUsage of job (MB)
	0  -  ResidentSetSize of job (KB)
...
040 (3301535.017.000) 01/10 18:13:59 Started transferring output files
...
040 (3301535.017.000) 01/10 18:13:59 Finished transferring output files
...
005 (3301535.017.000) 01/10 18:13:59 Job terminated.
	(1) Normal termination (return value 1)
		Usr 0 00:00:01, Sys 0 00:00:00  -  Run Remote Usage
		Usr 0 00:00:00, Sys 0 00:00:00  -  Run Local Usage
		Usr 0 00:00:01, Sys 0 00:00:00  -  Total Remote Usage
		Usr 0 00:00:00, Sys 0 00:00:00  -  Total Local Usage
	202  -  Run Bytes Sent By Job
	10528  -  Run Bytes Received By Job
	202  -  Total Bytes Sent By Job
	10528  -  Total Bytes Received By Job
	Partitionable Resources :    Usage  Request Allocated 
	   Cpus                 :                 4         4 
	   Disk (KB)            :       27        1   1274885 
	   Memory (MB)          :        0     8000      8000 

	Job terminated of its own accord at 2022-01-10T17:13:59Z.
...
