000 (3314618.011.000) 01/11 10:16:27 Job submitted from host: <188.185.70.244:9618?addrs=188.185.70.244-9618+[2001-1458-d00-7--100-2ee]-9618&alias=bigbird10.cern.ch&noUDP&sock=schedd_7001_aea1>
...
040 (3314618.011.000) 01/11 10:18:09 Started transferring input files
	Transferring to host: <128.142.58.97:9618?addrs=128.142.58.97-9618+[2001-1458-301-16--100-60]-9618&alias=b7s03p4961.cern.ch&noUDP&sock=slot1_23_5571_05fc_28706>
...
040 (3314618.011.000) 01/11 10:18:09 Finished transferring input files
...
001 (3314618.011.000) 01/11 10:18:10 Job executing on host: <128.142.58.97:9618?addrs=128.142.58.97-9618+[2001-1458-301-16--100-60]-9618&alias=b7s03p4961.cern.ch&noUDP&sock=startd_5175_32b2>
...
006 (3314618.011.000) 01/11 10:18:19 Image size of job updated: 1263448
	155  -  MemoryUsage of job (MB)
	157836  -  ResidentSetSize of job (KB)
...
006 (3314618.011.000) 01/11 10:23:20 Image size of job updated: 2023200
	546  -  MemoryUsage of job (MB)
	558280  -  ResidentSetSize of job (KB)
...
040 (3314618.011.000) 01/11 10:26:53 Started transferring output files
...
040 (3314618.011.000) 01/11 10:26:53 Finished transferring output files
...
004 (3314618.011.000) 01/11 10:26:53 Job was evicted.
	(0) CPU times
		Usr 0 00:00:59, Sys 0 00:00:04  -  Run Remote Usage
		Usr 0 00:00:00, Sys 0 00:00:00  -  Run Local Usage
	13056  -  Run Bytes Sent By Job
	10524  -  Run Bytes Received By Job
	Partitionable Resources :    Usage  Request Allocated 
	   Cpus                 :     0.01        4         4 
	   Disk (KB)            :    44           1   1279401 
	   Memory (MB)          :   546        8000      8000 
...
009 (3314618.011.000) 01/11 10:26:53 Job was aborted.
	via condor_rm (by user vdamante)
...
