000 (3315595.019.000) 01/12 17:36:29 Job submitted from host: <188.185.70.244:9618?addrs=188.185.70.244-9618+[2001-1458-d00-7--100-2ee]-9618&alias=bigbird10.cern.ch&noUDP&sock=schedd_7001_aea1>
...
040 (3315595.019.000) 01/13 01:14:46 Started transferring input files
	Transferring to host: <128.142.60.65:9618?addrs=128.142.60.65-9618+[2001-1458-301-22--100-40]-9618&alias=b7s05p8775.cern.ch&noUDP&sock=slot1_20_3528_8b89_26893>
...
040 (3315595.019.000) 01/13 01:14:46 Finished transferring input files
...
001 (3315595.019.000) 01/13 01:14:47 Job executing on host: <128.142.60.65:9618?addrs=128.142.60.65-9618+[2001-1458-301-22--100-40]-9618&alias=b7s05p8775.cern.ch&noUDP&sock=startd_2883_13a1>
...
006 (3315595.019.000) 01/13 01:14:55 Image size of job updated: 672276
	155  -  MemoryUsage of job (MB)
	157848  -  ResidentSetSize of job (KB)
...
006 (3315595.019.000) 01/13 01:19:55 Image size of job updated: 2077240
	603  -  MemoryUsage of job (MB)
	616584  -  ResidentSetSize of job (KB)
...
006 (3315595.019.000) 01/13 01:34:56 Image size of job updated: 2296520
	716  -  MemoryUsage of job (MB)
	732896  -  ResidentSetSize of job (KB)
...
006 (3315595.019.000) 01/13 01:44:57 Image size of job updated: 2534308
	1047  -  MemoryUsage of job (MB)
	1071192  -  ResidentSetSize of job (KB)
...
006 (3315595.019.000) 01/13 01:54:58 Image size of job updated: 2790240
	1303  -  MemoryUsage of job (MB)
	1334196  -  ResidentSetSize of job (KB)
...
006 (3315595.019.000) 01/13 02:10:00 Image size of job updated: 3212692
	1402  -  MemoryUsage of job (MB)
	1435344  -  ResidentSetSize of job (KB)
...
006 (3315595.019.000) 01/13 02:25:02 Image size of job updated: 3212692
	1663  -  MemoryUsage of job (MB)
	1702144  -  ResidentSetSize of job (KB)
...
040 (3315595.019.000) 01/13 02:32:39 Started transferring output files
...
040 (3315595.019.000) 01/13 02:32:39 Finished transferring output files
...
005 (3315595.019.000) 01/13 02:32:39 Job terminated.
	(1) Normal termination (return value 0)
		Usr 0 00:09:40, Sys 0 00:00:23  -  Run Remote Usage
		Usr 0 00:00:00, Sys 0 00:00:00  -  Run Local Usage
		Usr 0 00:09:40, Sys 0 00:00:23  -  Total Remote Usage
		Usr 0 00:00:00, Sys 0 00:00:00  -  Total Local Usage
	107410  -  Run Bytes Sent By Job
	10531  -  Run Bytes Received By Job
	107410  -  Total Bytes Sent By Job
	10531  -  Total Bytes Received By Job
	Partitionable Resources :    Usage  Request Allocated 
	   Cpus                 :     0.07        4         4 
	   Disk (KB)            :   140           1   1185146 
	   Memory (MB)          :  1663        8000      8000 

	Job terminated of its own accord at 2022-01-13T01:32:39Z.
...
