000 (3319731.003.000) 01/17 11:19:49 Job submitted from host: <188.185.70.244:9618?addrs=188.185.70.244-9618+[2001-1458-d00-7--100-2ee]-9618&alias=bigbird10.cern.ch&noUDP&sock=schedd_7001_aea1>
...
040 (3319731.003.000) 01/17 11:27:29 Entered queue to transfer input files
	Transferring to host: <128.142.56.143:9618?addrs=128.142.56.143-9618+[2001-1458-301-6--100-8e]-9618&alias=b7s01p7537.cern.ch&noUDP&sock=slot1_1_3573_406a_31360>
...
040 (3319731.003.000) 01/17 11:28:22 Started transferring input files
	Seconds spent in queue: 53
...
040 (3319731.003.000) 01/17 11:28:22 Finished transferring input files
...
001 (3319731.003.000) 01/17 11:28:23 Job executing on host: <128.142.56.143:9618?addrs=128.142.56.143-9618+[2001-1458-301-6--100-8e]-9618&alias=b7s01p7537.cern.ch&noUDP&sock=startd_2814_bf98>
...
006 (3319731.003.000) 01/17 11:28:31 Image size of job updated: 792732
	155  -  MemoryUsage of job (MB)
	157864  -  ResidentSetSize of job (KB)
...
006 (3319731.003.000) 01/17 11:33:31 Image size of job updated: 1728904
	269  -  MemoryUsage of job (MB)
	274864  -  ResidentSetSize of job (KB)
...
006 (3319731.003.000) 01/17 11:38:32 Image size of job updated: 1728904
	269  -  MemoryUsage of job (MB)
	274872  -  ResidentSetSize of job (KB)
...
006 (3319731.003.000) 01/17 11:53:33 Image size of job updated: 2454112
	703  -  MemoryUsage of job (MB)
	719324  -  ResidentSetSize of job (KB)
...
006 (3319731.003.000) 01/17 12:08:34 Image size of job updated: 2454112
	703  -  MemoryUsage of job (MB)
	719328  -  ResidentSetSize of job (KB)
...
006 (3319731.003.000) 01/17 12:33:37 Image size of job updated: 2817936
	1042  -  MemoryUsage of job (MB)
	1066720  -  ResidentSetSize of job (KB)
...
006 (3319731.003.000) 01/17 12:58:38 Image size of job updated: 2817936
	1042  -  MemoryUsage of job (MB)
	1066724  -  ResidentSetSize of job (KB)
...
006 (3319731.003.000) 01/17 13:13:40 Image size of job updated: 3153572
	1374  -  MemoryUsage of job (MB)
	1406200  -  ResidentSetSize of job (KB)
...
006 (3319731.003.000) 01/17 13:53:43 Image size of job updated: 3669984
	1695  -  MemoryUsage of job (MB)
	1735420  -  ResidentSetSize of job (KB)
...
006 (3319731.003.000) 01/17 13:58:44 Image size of job updated: 3669984
	1695  -  MemoryUsage of job (MB)
	1735424  -  ResidentSetSize of job (KB)
...
006 (3319731.003.000) 01/17 14:48:48 Image size of job updated: 3931264
	2037  -  MemoryUsage of job (MB)
	2085212  -  ResidentSetSize of job (KB)
...
006 (3319731.003.000) 01/17 14:53:49 Image size of job updated: 3931264
	2037  -  MemoryUsage of job (MB)
	2085216  -  ResidentSetSize of job (KB)
...
006 (3319731.003.000) 01/17 15:33:53 Image size of job updated: 4312784
	2615  -  MemoryUsage of job (MB)
	2677676  -  ResidentSetSize of job (KB)
...
006 (3319731.003.000) 01/17 15:58:56 Image size of job updated: 4312784
	2615  -  MemoryUsage of job (MB)
	2677680  -  ResidentSetSize of job (KB)
...
006 (3319731.003.000) 01/17 16:08:57 Image size of job updated: 4312784
	2616  -  MemoryUsage of job (MB)
	2677856  -  ResidentSetSize of job (KB)
...
006 (3319731.003.000) 01/17 16:13:57 Image size of job updated: 4312784
	2618  -  MemoryUsage of job (MB)
	2680664  -  ResidentSetSize of job (KB)
...
006 (3319731.003.000) 01/17 16:18:58 Image size of job updated: 4729124
	2821  -  MemoryUsage of job (MB)
	2888356  -  ResidentSetSize of job (KB)
...
006 (3319731.003.000) 01/17 16:39:00 Image size of job updated: 4729124
	2821  -  MemoryUsage of job (MB)
	2888360  -  ResidentSetSize of job (KB)
...
006 (3319731.003.000) 01/17 16:59:01 Image size of job updated: 5231880
	3176  -  MemoryUsage of job (MB)
	3252068  -  ResidentSetSize of job (KB)
...
006 (3319731.003.000) 01/17 17:14:03 Image size of job updated: 5231880
	3176  -  MemoryUsage of job (MB)
	3252072  -  ResidentSetSize of job (KB)
...
006 (3319731.003.000) 01/17 17:39:05 Image size of job updated: 5714464
	3616  -  MemoryUsage of job (MB)
	3701764  -  ResidentSetSize of job (KB)
...
040 (3319731.003.000) 01/17 18:15:47 Started transferring output files
	Seconds spent in queue: 24498
...
040 (3319731.003.000) 01/17 18:15:47 Finished transferring output files
...
005 (3319731.003.000) 01/17 18:15:47 Job terminated.
	(1) Normal termination (return value 0)
		Usr 0 00:53:18, Sys 0 00:01:30  -  Run Remote Usage
		Usr 0 00:00:00, Sys 0 00:00:00  -  Run Local Usage
		Usr 0 00:53:18, Sys 0 00:01:30  -  Total Remote Usage
		Usr 0 00:00:00, Sys 0 00:00:00  -  Total Local Usage
	1359  -  Run Bytes Sent By Job
	10523  -  Run Bytes Received By Job
	1359  -  Total Bytes Sent By Job
	10523  -  Total Bytes Received By Job
	Partitionable Resources :    Usage  Request Allocated 
	   Cpus                 :     0.01        4         4 
	   Disk (KB)            :    35           1   1286117 
	   Memory (MB)          :  3616        8000      8000 

	Job terminated of its own accord at 2022-01-17T17:15:47Z.
...
