000 (3316951.021.000) 01/13 10:23:50 Job submitted from host: <188.185.70.244:9618?addrs=188.185.70.244-9618+[2001-1458-d00-7--100-2ee]-9618&alias=bigbird10.cern.ch&noUDP&sock=schedd_7001_aea1>
...
040 (3316951.021.000) 01/13 10:29:43 Started transferring input files
	Transferring to host: <128.142.63.76:9618?addrs=128.142.63.76-9618+[2001-1458-301-38--100-49]-9618&alias=b7s08p1902.cern.ch&noUDP&sock=slot1_12_3344_e681_31802>
...
040 (3316951.021.000) 01/13 10:29:43 Finished transferring input files
...
001 (3316951.021.000) 01/13 10:29:44 Job executing on host: <128.142.63.76:9618?addrs=128.142.63.76-9618+[2001-1458-301-38--100-49]-9618&alias=b7s08p1902.cern.ch&noUDP&sock=startd_2826_fabb>
...
006 (3316951.021.000) 01/13 10:29:53 Image size of job updated: 320120
	189  -  MemoryUsage of job (MB)
	192612  -  ResidentSetSize of job (KB)
...
006 (3316951.021.000) 01/13 10:34:54 Image size of job updated: 1730872
	275  -  MemoryUsage of job (MB)
	280960  -  ResidentSetSize of job (KB)
...
006 (3316951.021.000) 01/13 10:39:55 Image size of job updated: 1970228
	500  -  MemoryUsage of job (MB)
	511216  -  ResidentSetSize of job (KB)
...
006 (3316951.021.000) 01/13 10:49:55 Image size of job updated: 1970228
	500  -  MemoryUsage of job (MB)
	511224  -  ResidentSetSize of job (KB)
...
006 (3316951.021.000) 01/13 10:54:56 Image size of job updated: 1984392
	810  -  MemoryUsage of job (MB)
	828424  -  ResidentSetSize of job (KB)
...
006 (3316951.021.000) 01/13 10:59:57 Image size of job updated: 2163592
	810  -  MemoryUsage of job (MB)
	828424  -  ResidentSetSize of job (KB)
...
006 (3316951.021.000) 01/13 11:14:59 Image size of job updated: 2584272
	952  -  MemoryUsage of job (MB)
	974732  -  ResidentSetSize of job (KB)
...
006 (3316951.021.000) 01/13 11:35:01 Image size of job updated: 2993544
	1215  -  MemoryUsage of job (MB)
	1243196  -  ResidentSetSize of job (KB)
...
006 (3316951.021.000) 01/13 11:45:02 Image size of job updated: 2993544
	1215  -  MemoryUsage of job (MB)
	1243204  -  ResidentSetSize of job (KB)
...
006 (3316951.021.000) 01/13 11:55:03 Image size of job updated: 3257328
	1490  -  MemoryUsage of job (MB)
	1525140  -  ResidentSetSize of job (KB)
...
006 (3316951.021.000) 01/13 12:10:04 Image size of job updated: 3633196
	1780  -  MemoryUsage of job (MB)
	1822424  -  ResidentSetSize of job (KB)
...
006 (3316951.021.000) 01/13 12:25:06 Image size of job updated: 4006748
	2096  -  MemoryUsage of job (MB)
	2145516  -  ResidentSetSize of job (KB)
...
006 (3316951.021.000) 01/13 12:40:08 Image size of job updated: 4006748
	2098  -  MemoryUsage of job (MB)
	2148328  -  ResidentSetSize of job (KB)
...
006 (3316951.021.000) 01/13 12:45:08 Image size of job updated: 4445716
	2505  -  MemoryUsage of job (MB)
	2564848  -  ResidentSetSize of job (KB)
...
006 (3316951.021.000) 01/13 13:00:10 Image size of job updated: 4889200
	2950  -  MemoryUsage of job (MB)
	3020152  -  ResidentSetSize of job (KB)
...
040 (3316951.021.000) 01/13 13:11:20 Started transferring output files
...
040 (3316951.021.000) 01/13 13:11:20 Finished transferring output files
...
005 (3316951.021.000) 01/13 13:11:20 Job terminated.
	(1) Normal termination (return value 0)
		Usr 0 00:16:54, Sys 0 00:00:31  -  Run Remote Usage
		Usr 0 00:00:00, Sys 0 00:00:00  -  Run Local Usage
		Usr 0 00:16:54, Sys 0 00:00:31  -  Total Remote Usage
		Usr 0 00:00:00, Sys 0 00:00:00  -  Total Local Usage
	195369  -  Run Bytes Sent By Job
	10531  -  Run Bytes Received By Job
	195369  -  Total Bytes Sent By Job
	10531  -  Total Bytes Received By Job
	Partitionable Resources :    Usage  Request Allocated 
	   Cpus                 :     0.11        4         4 
	   Disk (KB)            :   226           1   1187044 
	   Memory (MB)          :  2950        8000      8000 

	Job terminated of its own accord at 2022-01-13T12:11:20Z.
...
