000 (3338413.011.000) 01/19 18:49:43 Job submitted from host: <188.185.70.244:9618?addrs=188.185.70.244-9618+[2001-1458-d00-7--100-2ee]-9618&alias=bigbird10.cern.ch&noUDP&sock=schedd_7001_aea1>
...
040 (3338413.011.000) 01/19 18:58:25 Started transferring input files
	Transferring to host: <128.142.58.134:9618?addrs=128.142.58.134-9618&alias=b7s03p7532.cern.ch&noUDP&sock=slot1_25_4867_fddf_40175>
...
040 (3338413.011.000) 01/19 18:58:25 Finished transferring input files
...
001 (3338413.011.000) 01/19 18:58:26 Job executing on host: <128.142.58.134:9618?addrs=128.142.58.134-9618&alias=b7s03p7532.cern.ch&noUDP&sock=startd_4503_430e>
...
006 (3338413.011.000) 01/19 18:58:34 Image size of job updated: 1256232
	168  -  MemoryUsage of job (MB)
	171328  -  ResidentSetSize of job (KB)
...
006 (3338413.011.000) 01/19 19:03:10 Image size of job updated: 1813900
	168  -  MemoryUsage of job (MB)
	171448  -  ResidentSetSize of job (KB)
...
040 (3338413.011.000) 01/19 19:03:10 Started transferring output files
...
040 (3338413.011.000) 01/19 19:03:10 Finished transferring output files
...
004 (3338413.011.000) 01/19 19:03:10 Job was evicted.
	(0) CPU times
		Usr 0 00:00:44, Sys 0 00:00:03  -  Run Remote Usage
		Usr 0 00:00:00, Sys 0 00:00:00  -  Run Local Usage
	4848  -  Run Bytes Sent By Job
	11206  -  Run Bytes Received By Job
	Partitionable Resources :    Usage  Request Allocated 
	   Cpus                 :                 4         4 
	   Disk (KB)            :       29        1   1178492 
	   Memory (MB)          :      168     8000      8000 
...
009 (3338413.011.000) 01/19 19:03:11 Job was aborted.
	via condor_rm (by user vdamante)
...
