000 (3338422.013.000) 01/19 19:04:00 Job submitted from host: <188.185.70.244:9618?addrs=188.185.70.244-9618+[2001-1458-d00-7--100-2ee]-9618&alias=bigbird10.cern.ch&noUDP&sock=schedd_7001_aea1>
...
040 (3338422.013.000) 01/19 20:56:46 Started transferring input files
	Transferring to host: <128.142.58.159:9618?addrs=128.142.58.159-9618+[2001-1458-301-16--100-9e]-9618&alias=b7s03p1575.cern.ch&noUDP&sock=slot1_19_3595_c0ab_34999>
...
040 (3338422.013.000) 01/19 20:56:46 Finished transferring input files
...
001 (3338422.013.000) 01/19 20:56:47 Job executing on host: <128.142.58.159:9618?addrs=128.142.58.159-9618+[2001-1458-301-16--100-9e]-9618&alias=b7s03p1575.cern.ch&noUDP&sock=startd_2850_7101>
...
006 (3338422.013.000) 01/19 20:56:56 Image size of job updated: 395384
	71  -  MemoryUsage of job (MB)
	72020  -  ResidentSetSize of job (KB)
...
006 (3338422.013.000) 01/19 21:01:57 Image size of job updated: 1732072
	271  -  MemoryUsage of job (MB)
	277312  -  ResidentSetSize of job (KB)
...
006 (3338422.013.000) 01/19 21:06:58 Image size of job updated: 2458580
	706  -  MemoryUsage of job (MB)
	722112  -  ResidentSetSize of job (KB)
...
006 (3338422.013.000) 01/19 21:16:59 Image size of job updated: 2458580
	706  -  MemoryUsage of job (MB)
	722124  -  ResidentSetSize of job (KB)
...
006 (3338422.013.000) 01/19 21:32:01 Image size of job updated: 2458580
	706  -  MemoryUsage of job (MB)
	722128  -  ResidentSetSize of job (KB)
...
006 (3338422.013.000) 01/19 22:02:05 Image size of job updated: 3142124
	1117  -  MemoryUsage of job (MB)
	1143796  -  ResidentSetSize of job (KB)
...
006 (3338422.013.000) 01/19 22:42:08 Image size of job updated: 3142124
	1117  -  MemoryUsage of job (MB)
	1143800  -  ResidentSetSize of job (KB)
...
006 (3338422.013.000) 01/19 22:57:09 Image size of job updated: 3574916
	1889  -  MemoryUsage of job (MB)
	1934156  -  ResidentSetSize of job (KB)
...
006 (3338422.013.000) 01/20 02:12:30 Image size of job updated: 3878528
	2332  -  MemoryUsage of job (MB)
	2387820  -  ResidentSetSize of job (KB)
...
040 (3338422.013.000) 01/20 04:57:11 Started transferring output files
...
040 (3338422.013.000) 01/20 04:57:11 Finished transferring output files
...
009 (3338422.013.000) 01/20 04:57:11 Job was aborted.
	Job removed by SYSTEM_PERIODIC_REMOVE due to wall time exceeded allowed max.
...
