000 (3315584.023.000) 01/12 17:11:02 Job submitted from host: <188.185.70.244:9618?addrs=188.185.70.244-9618+[2001-1458-d00-7--100-2ee]-9618&alias=bigbird10.cern.ch&noUDP&sock=schedd_7001_aea1>
...
040 (3315584.023.000) 01/12 21:14:04 Started transferring input files
	Transferring to host: <128.142.61.106:9618?addrs=128.142.61.106-9618&alias=b7s06p9949.cern.ch&noUDP&sock=slot1_2_3613_6f6c_21333>
...
040 (3315584.023.000) 01/12 21:14:04 Finished transferring input files
...
001 (3315584.023.000) 01/12 21:14:05 Job executing on host: <128.142.61.106:9618?addrs=128.142.61.106-9618&alias=b7s06p9949.cern.ch&noUDP&sock=startd_3565_df38>
...
006 (3315584.023.000) 01/12 21:14:14 Image size of job updated: 21196
	10  -  MemoryUsage of job (MB)
	9228  -  ResidentSetSize of job (KB)
...
006 (3315584.023.000) 01/12 21:19:15 Image size of job updated: 1967380
	979  -  MemoryUsage of job (MB)
	1001504  -  ResidentSetSize of job (KB)
...
006 (3315584.023.000) 01/12 21:24:15 Image size of job updated: 2478660
	995  -  MemoryUsage of job (MB)
	1017888  -  ResidentSetSize of job (KB)
...
006 (3315584.023.000) 01/12 21:29:15 Image size of job updated: 2732972
	995  -  MemoryUsage of job (MB)
	1017888  -  ResidentSetSize of job (KB)
...
040 (3315584.023.000) 01/12 21:41:32 Started transferring output files
...
040 (3315584.023.000) 01/12 21:41:35 Finished transferring output files
...
005 (3315584.023.000) 01/12 21:41:35 Job terminated.
	(1) Normal termination (return value 0)
		Usr 0 00:15:26, Sys 0 00:00:06  -  Run Remote Usage
		Usr 0 00:00:00, Sys 0 00:00:00  -  Run Local Usage
		Usr 0 00:15:26, Sys 0 00:00:06  -  Total Remote Usage
		Usr 0 00:00:00, Sys 0 00:00:00  -  Total Local Usage
	16960920  -  Run Bytes Sent By Job
	10523  -  Run Bytes Received By Job
	16960920  -  Total Bytes Sent By Job
	10523  -  Total Bytes Received By Job
	Partitionable Resources :    Usage  Request Allocated 
	   Cpus                 :     0.62        4         4 
	   Disk (KB)            : 16597           1    527736 
	   Memory (MB)          :   995        8000      8000 

	Job terminated of its own accord at 2022-01-12T20:41:31Z.
...
