000 (3315584.005.000) 01/12 17:11:02 Job submitted from host: <188.185.70.244:9618?addrs=188.185.70.244-9618+[2001-1458-d00-7--100-2ee]-9618&alias=bigbird10.cern.ch&noUDP&sock=schedd_7001_aea1>
...
040 (3315584.005.000) 01/12 20:55:08 Started transferring input files
	Transferring to host: <128.142.61.141:9618?addrs=128.142.61.141-9618&alias=b7s06p8408.cern.ch&noUDP&sock=slot1_29_3626_984d_28340>
...
040 (3315584.005.000) 01/12 20:55:08 Finished transferring input files
...
001 (3315584.005.000) 01/12 20:55:09 Job executing on host: <128.142.61.141:9618?addrs=128.142.61.141-9618&alias=b7s06p8408.cern.ch&noUDP&sock=startd_3580_2923>
...
006 (3315584.005.000) 01/12 20:55:18 Image size of job updated: 39096
	36  -  MemoryUsage of job (MB)
	36612  -  ResidentSetSize of job (KB)
...
006 (3315584.005.000) 01/12 21:00:18 Image size of job updated: 1738532
	274  -  MemoryUsage of job (MB)
	279844  -  ResidentSetSize of job (KB)
...
006 (3315584.005.000) 01/12 21:05:18 Image size of job updated: 2513620
	1013  -  MemoryUsage of job (MB)
	1036444  -  ResidentSetSize of job (KB)
...
006 (3315584.005.000) 01/12 21:10:19 Image size of job updated: 2767944
	1013  -  MemoryUsage of job (MB)
	1036444  -  ResidentSetSize of job (KB)
...
040 (3315584.005.000) 01/12 21:55:10 Started transferring output files
...
040 (3315584.005.000) 01/12 21:55:10 Finished transferring output files
...
009 (3315584.005.000) 01/12 21:55:11 Job was aborted.
	Job removed by SYSTEM_PERIODIC_REMOVE due to wall time exceeded allowed max.
...
