000 (3316928.000.000) 01/13 09:41:47 Job submitted from host: <188.185.70.244:9618?addrs=188.185.70.244-9618+[2001-1458-d00-7--100-2ee]-9618&alias=bigbird10.cern.ch&noUDP&sock=schedd_7001_aea1>
...
040 (3316928.000.000) 01/13 09:43:36 Started transferring input files
	Transferring to host: <188.184.162.137:9618?addrs=188.184.162.137-9618+[2001-1458-301-4a--100-83]-9618&alias=b7s11p3723.cern.ch&noUDP&sock=slot1_15_3911_6738_27370>
...
040 (3316928.000.000) 01/13 09:43:36 Finished transferring input files
...
001 (3316928.000.000) 01/13 09:43:37 Job executing on host: <188.184.162.137:9618?addrs=188.184.162.137-9618+[2001-1458-301-4a--100-83]-9618&alias=b7s11p3723.cern.ch&noUDP&sock=startd_3348_072b>
...
006 (3316928.000.000) 01/13 09:43:46 Image size of job updated: 276016
	130  -  MemoryUsage of job (MB)
	132828  -  ResidentSetSize of job (KB)
...
006 (3316928.000.000) 01/13 09:48:47 Image size of job updated: 1708804
	833  -  MemoryUsage of job (MB)
	852500  -  ResidentSetSize of job (KB)
...
006 (3316928.000.000) 01/13 09:53:47 Image size of job updated: 2483884
	992  -  MemoryUsage of job (MB)
	1014860  -  ResidentSetSize of job (KB)
...
006 (3316928.000.000) 01/13 09:58:47 Image size of job updated: 2738236
	992  -  MemoryUsage of job (MB)
	1014860  -  ResidentSetSize of job (KB)
...
040 (3316928.000.000) 01/13 11:05:05 Started transferring output files
...
040 (3316928.000.000) 01/13 11:05:06 Finished transferring output files
...
005 (3316928.000.000) 01/13 11:05:06 Job terminated.
	(1) Normal termination (return value 0)
		Usr 0 01:20:01, Sys 0 00:00:10  -  Run Remote Usage
		Usr 0 00:00:00, Sys 0 00:00:00  -  Run Local Usage
		Usr 0 01:20:01, Sys 0 00:00:10  -  Total Remote Usage
		Usr 0 00:00:00, Sys 0 00:00:00  -  Total Local Usage
	16965012  -  Run Bytes Sent By Job
	10523  -  Run Bytes Received By Job
	16965012  -  Total Bytes Sent By Job
	10523  -  Total Bytes Received By Job
	Partitionable Resources :    Usage  Request Allocated 
	   Cpus                 :     0.96        4         4 
	   Disk (KB)            : 16599           1   3007779 
	   Memory (MB)          :   992        8000      8000 

	Job terminated of its own accord at 2022-01-13T10:05:04Z.
...
