000 (3314618.016.000) 01/11 10:16:27 Job submitted from host: <188.185.70.244:9618?addrs=188.185.70.244-9618+[2001-1458-d00-7--100-2ee]-9618&alias=bigbird10.cern.ch&noUDP&sock=schedd_7001_aea1>
...
040 (3314618.016.000) 01/11 10:18:11 Started transferring input files
	Transferring to host: <128.142.56.63:9618?addrs=128.142.56.63-9618+[2001-1458-301-6--100-3e]-9618&alias=b7s01p2370.cern.ch&noUDP&sock=slot1_2_3587_1dab_28784>
...
040 (3314618.016.000) 01/11 10:18:11 Finished transferring input files
...
001 (3314618.016.000) 01/11 10:18:12 Job executing on host: <128.142.56.63:9618?addrs=128.142.56.63-9618+[2001-1458-301-6--100-3e]-9618&alias=b7s01p2370.cern.ch&noUDP&sock=startd_2846_b2a0>
...
006 (3314618.016.000) 01/11 10:18:20 Image size of job updated: 1264836
	155  -  MemoryUsage of job (MB)
	157808  -  ResidentSetSize of job (KB)
...
006 (3314618.016.000) 01/11 10:23:20 Image size of job updated: 1882232
	416  -  MemoryUsage of job (MB)
	425216  -  ResidentSetSize of job (KB)
...
040 (3314618.016.000) 01/11 10:26:53 Started transferring output files
...
040 (3314618.016.000) 01/11 10:26:53 Finished transferring output files
...
004 (3314618.016.000) 01/11 10:26:53 Job was evicted.
	(0) CPU times
		Usr 0 00:00:27, Sys 0 00:00:04  -  Run Remote Usage
		Usr 0 00:00:00, Sys 0 00:00:00  -  Run Local Usage
	0  -  Run Bytes Sent By Job
	10524  -  Run Bytes Received By Job
	Partitionable Resources :    Usage  Request Allocated 
	   Cpus                 :     0.04        4         4 
	   Disk (KB)            :    34           1   1266130 
	   Memory (MB)          :   416        8000      8000 
...
009 (3314618.016.000) 01/11 10:26:53 Job was aborted.
	via condor_rm (by user vdamante)
...
