000 (3314873.000.000) 01/12 10:12:29 Job submitted from host: <188.185.70.244:9618?addrs=188.185.70.244-9618+[2001-1458-d00-7--100-2ee]-9618&alias=bigbird10.cern.ch&noUDP&sock=schedd_7001_aea1>
...
040 (3314873.000.000) 01/12 10:51:52 Started transferring input files
	Transferring to host: <128.142.56.150:9618?addrs=128.142.56.150-9618+[2001-1458-301-6--100-95]-9618&alias=b7s01p7934.cern.ch&noUDP&sock=slot1_21_3297_c8df_26384>
...
040 (3314873.000.000) 01/12 10:51:52 Finished transferring input files
...
001 (3314873.000.000) 01/12 10:51:53 Job executing on host: <128.142.56.150:9618?addrs=128.142.56.150-9618+[2001-1458-301-6--100-95]-9618&alias=b7s01p7934.cern.ch&noUDP&sock=startd_2827_aa53>
...
006 (3314873.000.000) 01/12 10:52:01 Image size of job updated: 320096
	155  -  MemoryUsage of job (MB)
	157788  -  ResidentSetSize of job (KB)
...
006 (3314873.000.000) 01/12 10:57:01 Image size of job updated: 1765980
	305  -  MemoryUsage of job (MB)
	311476  -  ResidentSetSize of job (KB)
...
040 (3314873.000.000) 01/12 10:58:28 Started transferring output files
...
040 (3314873.000.000) 01/12 10:58:28 Finished transferring output files
...
005 (3314873.000.000) 01/12 10:58:28 Job terminated.
	(1) Normal termination (return value 0)
		Usr 0 00:00:30, Sys 0 00:00:03  -  Run Remote Usage
		Usr 0 00:00:00, Sys 0 00:00:00  -  Run Local Usage
		Usr 0 00:00:30, Sys 0 00:00:03  -  Total Remote Usage
		Usr 0 00:00:00, Sys 0 00:00:00  -  Total Local Usage
	8791  -  Run Bytes Sent By Job
	10523  -  Run Bytes Received By Job
	8791  -  Total Bytes Sent By Job
	10523  -  Total Bytes Received By Job
	Partitionable Resources :    Usage  Request Allocated 
	   Cpus                 :                 4         4 
	   Disk (KB)            :       35        1   1269300 
	   Memory (MB)          :      305     8000      8000 

	Job terminated of its own accord at 2022-01-12T09:58:28Z.
...
