000 (3314872.005.000) 01/12 10:12:21 Job submitted from host: <188.185.70.244:9618?addrs=188.185.70.244-9618+[2001-1458-d00-7--100-2ee]-9618&alias=bigbird10.cern.ch&noUDP&sock=schedd_7001_aea1>
...
040 (3314872.005.000) 01/12 10:51:44 Started transferring input files
	Transferring to host: <188.184.164.225:9618?addrs=188.184.164.225-9618&alias=b7s13p2479.cern.ch&noUDP&sock=slot1_3_3483_d6a7_25448>
...
040 (3314872.005.000) 01/12 10:51:44 Finished transferring input files
...
001 (3314872.005.000) 01/12 10:51:45 Job executing on host: <188.184.164.225:9618?addrs=188.184.164.225-9618&alias=b7s13p2479.cern.ch&noUDP&sock=startd_3014_ee89>
...
006 (3314872.005.000) 01/12 10:51:54 Image size of job updated: 454132
	155  -  MemoryUsage of job (MB)
	157832  -  ResidentSetSize of job (KB)
...
006 (3314872.005.000) 01/12 10:56:55 Image size of job updated: 2483600
	983  -  MemoryUsage of job (MB)
	1006424  -  ResidentSetSize of job (KB)
...
006 (3314872.005.000) 01/12 11:01:55 Image size of job updated: 2499984
	999  -  MemoryUsage of job (MB)
	1022808  -  ResidentSetSize of job (KB)
...
006 (3314872.005.000) 01/12 11:06:56 Image size of job updated: 2737904
	999  -  MemoryUsage of job (MB)
	1022808  -  ResidentSetSize of job (KB)
...
040 (3314872.005.000) 01/12 11:18:14 Started transferring output files
...
040 (3314872.005.000) 01/12 11:18:14 Finished transferring output files
...
004 (3314872.005.000) 01/12 11:18:15 Job was evicted.
	(0) CPU times
		Usr 0 00:21:21, Sys 0 00:00:06  -  Run Remote Usage
		Usr 0 00:00:00, Sys 0 00:00:00  -  Run Local Usage
	6490432  -  Run Bytes Sent By Job
	10523  -  Run Bytes Received By Job
	Partitionable Resources :    Usage  Request Allocated 
	   Cpus                 :     0.77        4         4 
	   Disk (KB)            :  6372           1   3057813 
	   Memory (MB)          :   999        8000      8000 
...
009 (3314872.005.000) 01/12 11:18:15 Job was aborted.
	via condor_rm (by user vdamante)
...
