000 (3295636.000.000) 01/10 15:28:05 Job submitted from host: <188.185.70.244:9618?addrs=188.185.70.244-9618+[2001-1458-d00-7--100-2ee]-9618&alias=bigbird10.cern.ch&noUDP&sock=schedd_7001_aea1>
...
040 (3295636.000.000) 01/10 15:32:51 Started transferring input files
	Transferring to host: <128.142.63.41:9618?addrs=128.142.63.41-9618+[2001-1458-301-38--100-26]-9618&alias=b7s08p5752.cern.ch&noUDP&sock=slot1_15_3581_e36b_26588>
...
040 (3295636.000.000) 01/10 15:32:51 Finished transferring input files
...
001 (3295636.000.000) 01/10 15:32:52 Job executing on host: <128.142.63.41:9618?addrs=128.142.63.41-9618+[2001-1458-301-38--100-26]-9618&alias=b7s08p5752.cern.ch&noUDP&sock=startd_2803_340d>
...
006 (3295636.000.000) 01/10 15:33:01 Image size of job updated: 707388
	155  -  MemoryUsage of job (MB)
	157768  -  ResidentSetSize of job (KB)
...
006 (3295636.000.000) 01/10 15:33:41 Image size of job updated: 1441668
	155  -  MemoryUsage of job (MB)
	157768  -  ResidentSetSize of job (KB)
...
040 (3295636.000.000) 01/10 15:33:41 Started transferring output files
...
040 (3295636.000.000) 01/10 15:33:41 Finished transferring output files
...
005 (3295636.000.000) 01/10 15:33:41 Job terminated.
	(1) Normal termination (return value 0)
		Usr 0 00:00:03, Sys 0 00:00:02  -  Run Remote Usage
		Usr 0 00:00:00, Sys 0 00:00:00  -  Run Local Usage
		Usr 0 00:00:03, Sys 0 00:00:02  -  Total Remote Usage
		Usr 0 00:00:00, Sys 0 00:00:00  -  Total Local Usage
	1533  -  Run Bytes Sent By Job
	10524  -  Run Bytes Received By Job
	1533  -  Total Bytes Sent By Job
	10524  -  Total Bytes Received By Job
	Partitionable Resources :    Usage  Request Allocated 
	   Cpus                 :                 4         4 
	   Disk (KB)            :       28        1   1287990 
	   Memory (MB)          :      155     8000      8000 

	Job terminated of its own accord at 2022-01-10T14:33:41Z.
...
