000 (3293341.019.000) 01/10 13:03:57 Job submitted from host: <188.185.70.244:9618?addrs=188.185.70.244-9618+[2001-1458-d00-7--100-2ee]-9618&alias=bigbird10.cern.ch&noUDP&sock=schedd_7001_aea1>
...
040 (3293341.019.000) 01/10 13:09:29 Started transferring input files
	Transferring to host: <128.142.60.126:9618?addrs=128.142.60.126-9618+[2001-1458-301-22--100-7d]-9618&alias=b7s05p5186.cern.ch&noUDP&sock=slot1_13_3634_3b4d_27677>
...
040 (3293341.019.000) 01/10 13:09:29 Finished transferring input files
...
001 (3293341.019.000) 01/10 13:09:30 Job executing on host: <128.142.60.126:9618?addrs=128.142.60.126-9618+[2001-1458-301-22--100-7d]-9618&alias=b7s05p5186.cern.ch&noUDP&sock=startd_2975_2e57>
...
006 (3293341.019.000) 01/10 13:09:39 Image size of job updated: 452804
	203  -  MemoryUsage of job (MB)
	207296  -  ResidentSetSize of job (KB)
...
006 (3293341.019.000) 01/10 13:11:08 Image size of job updated: 1745696
	203  -  MemoryUsage of job (MB)
	207296  -  ResidentSetSize of job (KB)
...
040 (3293341.019.000) 01/10 13:11:08 Started transferring output files
...
040 (3293341.019.000) 01/10 13:11:08 Finished transferring output files
...
005 (3293341.019.000) 01/10 13:11:08 Job terminated.
	(1) Normal termination (return value 0)
		Usr 0 00:00:14, Sys 0 00:00:02  -  Run Remote Usage
		Usr 0 00:00:00, Sys 0 00:00:00  -  Run Local Usage
		Usr 0 00:00:14, Sys 0 00:00:02  -  Total Remote Usage
		Usr 0 00:00:00, Sys 0 00:00:00  -  Total Local Usage
	5059  -  Run Bytes Sent By Job
	10526  -  Run Bytes Received By Job
	5059  -  Total Bytes Sent By Job
	10526  -  Total Bytes Received By Job
	Partitionable Resources :    Usage  Request Allocated 
	   Cpus                 :     0.15        4         4 
	   Disk (KB)            :    40           1   1036808 
	   Memory (MB)          :   203        8000      8000 

	Job terminated of its own accord at 2022-01-10T12:11:08Z.
...
