000 (3314872.007.000) 01/12 10:12:21 Job submitted from host: <188.185.70.244:9618?addrs=188.185.70.244-9618+[2001-1458-d00-7--100-2ee]-9618&alias=bigbird10.cern.ch&noUDP&sock=schedd_7001_aea1>
...
040 (3314872.007.000) 01/12 10:51:45 Started transferring input files
	Transferring to host: <188.184.165.161:9618?addrs=188.184.165.161-9618+[2001-1458-301-51--100-9c]-9618&alias=b7s14p6524.cern.ch&noUDP&sock=slot1_2_4706_8d78_26041>
...
040 (3314872.007.000) 01/12 10:51:45 Finished transferring input files
...
001 (3314872.007.000) 01/12 10:51:46 Job executing on host: <188.184.165.161:9618?addrs=188.184.165.161-9618+[2001-1458-301-51--100-9c]-9618&alias=b7s14p6524.cern.ch&noUDP&sock=startd_4541_53a7>
...
006 (3314872.007.000) 01/12 10:51:55 Image size of job updated: 452544
	205  -  MemoryUsage of job (MB)
	209412  -  ResidentSetSize of job (KB)
...
006 (3314872.007.000) 01/12 10:56:56 Image size of job updated: 2507728
	999  -  MemoryUsage of job (MB)
	1022324  -  ResidentSetSize of job (KB)
...
006 (3314872.007.000) 01/12 11:01:56 Image size of job updated: 2773952
	1240  -  MemoryUsage of job (MB)
	1269428  -  ResidentSetSize of job (KB)
...
040 (3314872.007.000) 01/12 11:18:14 Started transferring output files
...
040 (3314872.007.000) 01/12 11:18:14 Finished transferring output files
...
004 (3314872.007.000) 01/12 11:18:14 Job was evicted.
	(0) CPU times
		Usr 0 00:26:07, Sys 0 00:00:05  -  Run Remote Usage
		Usr 0 00:00:00, Sys 0 00:00:00  -  Run Local Usage
	6497264  -  Run Bytes Sent By Job
	10523  -  Run Bytes Received By Job
	Partitionable Resources :    Usage  Request Allocated 
	   Cpus                 :     1.00        4         4 
	   Disk (KB)            :  6376           1   3055200 
	   Memory (MB)          :  1240        8000      8000 
...
009 (3314872.007.000) 01/12 11:18:15 Job was aborted.
	via condor_rm (by user vdamante)
...
