000 (3277183.009.000) 12/25 12:36:03 Job submitted from host: <188.185.70.244:9618?addrs=188.185.70.244-9618+[2001-1458-d00-7--100-2ee]-9618&alias=bigbird10.cern.ch&noUDP&sock=schedd_2095_9300>
...
040 (3277183.009.000) 12/25 12:40:33 Started transferring input files
	Transferring to host: <128.142.59.36:9618?addrs=128.142.59.36-9618&alias=b7s04p7780.cern.ch&noUDP&sock=slot1_8_6151_af93_9114>
...
040 (3277183.009.000) 12/25 12:40:33 Finished transferring input files
...
001 (3277183.009.000) 12/25 12:40:34 Job executing on host: <128.142.59.36:9618?addrs=128.142.59.36-9618&alias=b7s04p7780.cern.ch&noUDP&sock=startd_5744_7c16>
...
006 (3277183.009.000) 12/25 12:40:42 Image size of job updated: 452800
	203  -  MemoryUsage of job (MB)
	207384  -  ResidentSetSize of job (KB)
...
006 (3277183.009.000) 12/25 12:41:33 Image size of job updated: 1752196
	203  -  MemoryUsage of job (MB)
	207384  -  ResidentSetSize of job (KB)
...
040 (3277183.009.000) 12/25 12:41:33 Started transferring output files
...
040 (3277183.009.000) 12/25 12:41:33 Finished transferring output files
...
005 (3277183.009.000) 12/25 12:41:33 Job terminated.
	(1) Normal termination (return value 0)
		Usr 0 00:00:17, Sys 0 00:00:03  -  Run Remote Usage
		Usr 0 00:00:00, Sys 0 00:00:00  -  Run Local Usage
		Usr 0 00:00:17, Sys 0 00:00:03  -  Total Remote Usage
		Usr 0 00:00:00, Sys 0 00:00:00  -  Total Local Usage
	3850  -  Run Bytes Sent By Job
	11216  -  Run Bytes Received By Job
	3850  -  Total Bytes Sent By Job
	11216  -  Total Bytes Received By Job
	Partitionable Resources :    Usage  Request Allocated 
	   Cpus                 :                 4         4 
	   Disk (KB)            :       31        1   1342825 
	   Memory (MB)          :      203     8000      8000 

	Job terminated of its own accord at 2021-12-25T11:41:33Z.
...
