000 (3316919.000.000) 01/13 09:41:26 Job submitted from host: <188.185.70.244:9618?addrs=188.185.70.244-9618+[2001-1458-d00-7--100-2ee]-9618&alias=bigbird10.cern.ch&noUDP&sock=schedd_7001_aea1>
...
040 (3316919.000.000) 01/13 09:43:38 Started transferring input files
	Transferring to host: <188.184.165.180:9618?addrs=188.184.165.180-9618+[2001-1458-301-51--100-af]-9618&alias=b7s14p2872.cern.ch&noUDP&sock=slot1_17_3911_6738_27507>
...
040 (3316919.000.000) 01/13 09:43:38 Finished transferring input files
...
001 (3316919.000.000) 01/13 09:43:39 Job executing on host: <188.184.165.180:9618?addrs=188.184.165.180-9618+[2001-1458-301-51--100-af]-9618&alias=b7s14p2872.cern.ch&noUDP&sock=startd_3257_9c0c>
...
006 (3316919.000.000) 01/13 09:43:48 Image size of job updated: 320152
	155  -  MemoryUsage of job (MB)
	157836  -  ResidentSetSize of job (KB)
...
006 (3316919.000.000) 01/13 09:48:49 Image size of job updated: 2485040
	986  -  MemoryUsage of job (MB)
	1009496  -  ResidentSetSize of job (KB)
...
006 (3316919.000.000) 01/13 09:53:49 Image size of job updated: 2501424
	1002  -  MemoryUsage of job (MB)
	1025880  -  ResidentSetSize of job (KB)
...
006 (3316919.000.000) 01/13 09:58:49 Image size of job updated: 2739344
	1002  -  MemoryUsage of job (MB)
	1025880  -  ResidentSetSize of job (KB)
...
040 (3316919.000.000) 01/13 12:43:48 Started transferring output files
...
040 (3316919.000.000) 01/13 12:43:48 Finished transferring output files
...
009 (3316919.000.000) 01/13 12:43:48 Job was aborted.
	Job removed by SYSTEM_PERIODIC_REMOVE due to wall time exceeded allowed max.
...
