000 (3338422.022.000) 01/19 19:04:00 Job submitted from host: <188.185.70.244:9618?addrs=188.185.70.244-9618+[2001-1458-d00-7--100-2ee]-9618&alias=bigbird10.cern.ch&noUDP&sock=schedd_7001_aea1>
...
040 (3338422.022.000) 01/19 20:56:48 Started transferring input files
	Transferring to host: <188.184.163.100:9618?addrs=188.184.163.100-9618+[2001-1458-301-4d--100-5e]-9618&alias=b7s12p4910.cern.ch&noUDP&sock=slot1_16_3890_9b57_33189>
...
040 (3338422.022.000) 01/19 20:56:48 Finished transferring input files
...
001 (3338422.022.000) 01/19 20:56:49 Job executing on host: <188.184.163.100:9618?addrs=188.184.163.100-9618+[2001-1458-301-4d--100-5e]-9618&alias=b7s12p4910.cern.ch&noUDP&sock=startd_3326_f015>
...
006 (3338422.022.000) 01/19 20:56:58 Image size of job updated: 320176
	155  -  MemoryUsage of job (MB)
	157864  -  ResidentSetSize of job (KB)
...
006 (3338422.022.000) 01/19 21:01:59 Image size of job updated: 2460256
	707  -  MemoryUsage of job (MB)
	723432  -  ResidentSetSize of job (KB)
...
006 (3338422.022.000) 01/19 21:07:00 Image size of job updated: 2846360
	1076  -  MemoryUsage of job (MB)
	1101212  -  ResidentSetSize of job (KB)
...
006 (3338422.022.000) 01/19 21:12:00 Image size of job updated: 3231236
	1364  -  MemoryUsage of job (MB)
	1395940  -  ResidentSetSize of job (KB)
...
006 (3338422.022.000) 01/19 21:17:01 Image size of job updated: 3231236
	1885  -  MemoryUsage of job (MB)
	1930100  -  ResidentSetSize of job (KB)
...
006 (3338422.022.000) 01/19 21:22:02 Image size of job updated: 3670840
	1885  -  MemoryUsage of job (MB)
	1930100  -  ResidentSetSize of job (KB)
...
006 (3338422.022.000) 01/19 21:27:02 Image size of job updated: 4091044
	2193  -  MemoryUsage of job (MB)
	2244632  -  ResidentSetSize of job (KB)
...
006 (3338422.022.000) 01/19 21:32:02 Image size of job updated: 4526264
	2585  -  MemoryUsage of job (MB)
	2646528  -  ResidentSetSize of job (KB)
...
006 (3338422.022.000) 01/19 21:37:03 Image size of job updated: 4526264
	2589  -  MemoryUsage of job (MB)
	2650656  -  ResidentSetSize of job (KB)
...
006 (3338422.022.000) 01/19 21:42:04 Image size of job updated: 5059916
	3024  -  MemoryUsage of job (MB)
	3095708  -  ResidentSetSize of job (KB)
...
006 (3338422.022.000) 01/19 21:47:04 Image size of job updated: 5669512
	4063  -  MemoryUsage of job (MB)
	4159640  -  ResidentSetSize of job (KB)
...
006 (3338422.022.000) 01/19 21:57:05 Image size of job updated: 6259044
	4063  -  MemoryUsage of job (MB)
	4159640  -  ResidentSetSize of job (KB)
...
040 (3338422.022.000) 01/19 22:02:09 Started transferring output files
...
040 (3338422.022.000) 01/19 22:02:09 Finished transferring output files
...
005 (3338422.022.000) 01/19 22:02:09 Job terminated.
	(1) Normal termination (return value 0)
		Usr 0 00:53:58, Sys 0 00:00:51  -  Run Remote Usage
		Usr 0 00:00:00, Sys 0 00:00:00  -  Run Local Usage
		Usr 0 00:53:58, Sys 0 00:00:51  -  Total Remote Usage
		Usr 0 00:00:00, Sys 0 00:00:00  -  Total Local Usage
	6942  -  Run Bytes Sent By Job
	11206  -  Run Bytes Received By Job
	6942  -  Total Bytes Sent By Job
	11206  -  Total Bytes Received By Job
	Partitionable Resources :    Usage  Request Allocated 
	   Cpus                 :     0.69        4         4 
	   Disk (KB)            :    41           1   2849638 
	   Memory (MB)          :  4063        8000      8000 

	Job terminated of its own accord at 2022-01-19T21:02:09Z.
...
