000 (3314886.006.000) 01/12 10:53:34 Job submitted from host: <188.185.70.244:9618?addrs=188.185.70.244-9618+[2001-1458-d00-7--100-2ee]-9618&alias=bigbird10.cern.ch&noUDP&sock=schedd_7001_aea1>
...
040 (3314886.006.000) 01/12 10:54:55 Started transferring input files
	Transferring to host: <188.184.165.117:9618?addrs=188.184.165.117-9618+[2001-1458-301-51--100-70]-9618&alias=b7s14p4148.cern.ch&noUDP&sock=slot1_7_4898_d580_26207>
...
040 (3314886.006.000) 01/12 10:54:55 Finished transferring input files
...
001 (3314886.006.000) 01/12 10:54:56 Job executing on host: <188.184.165.117:9618?addrs=188.184.165.117-9618+[2001-1458-301-51--100-70]-9618&alias=b7s14p4148.cern.ch&noUDP&sock=startd_4668_702e>
...
006 (3314886.006.000) 01/12 10:55:04 Image size of job updated: 1265240
	194  -  MemoryUsage of job (MB)
	198636  -  ResidentSetSize of job (KB)
...
006 (3314886.006.000) 01/12 11:00:04 Image size of job updated: 1737624
	277  -  MemoryUsage of job (MB)
	283272  -  ResidentSetSize of job (KB)
...
006 (3314886.006.000) 01/12 11:05:04 Image size of job updated: 2052612
	579  -  MemoryUsage of job (MB)
	591960  -  ResidentSetSize of job (KB)
...
040 (3314886.006.000) 01/12 11:18:21 Started transferring output files
...
040 (3314886.006.000) 01/12 11:18:21 Finished transferring output files
...
004 (3314886.006.000) 01/12 11:18:21 Job was evicted.
	(0) CPU times
		Usr 0 00:02:00, Sys 0 00:00:07  -  Run Remote Usage
		Usr 0 00:00:00, Sys 0 00:00:00  -  Run Local Usage
	8202  -  Run Bytes Sent By Job
	10532  -  Run Bytes Received By Job
	Partitionable Resources :    Usage  Request Allocated 
	   Cpus                 :     0.25        4         4 
	   Disk (KB)            :    43           1   2928884 
	   Memory (MB)          :   579        8000      8000 
...
009 (3314886.006.000) 01/12 11:18:21 Job was aborted.
	via condor_rm (by user vdamante)
...
