000 (3277183.023.000) 12/25 12:36:03 Job submitted from host: <188.185.70.244:9618?addrs=188.185.70.244-9618+[2001-1458-d00-7--100-2ee]-9618&alias=bigbird10.cern.ch&noUDP&sock=schedd_2095_9300>
...
040 (3277183.023.000) 12/25 12:40:38 Started transferring input files
	Transferring to host: <128.142.61.20:9618?addrs=128.142.61.20-9618&alias=b7s06p3302.cern.ch&noUDP&sock=slot1_12_4335_2649_9781>
...
040 (3277183.023.000) 12/25 12:40:38 Finished transferring input files
...
001 (3277183.023.000) 12/25 12:40:39 Job executing on host: <128.142.61.20:9618?addrs=128.142.61.20-9618&alias=b7s06p3302.cern.ch&noUDP&sock=startd_3993_71c1>
...
006 (3277183.023.000) 12/25 12:40:47 Image size of job updated: 1256176
	216  -  MemoryUsage of job (MB)
	220536  -  ResidentSetSize of job (KB)
...
006 (3277183.023.000) 12/25 12:42:11 Image size of job updated: 1732368
	216  -  MemoryUsage of job (MB)
	220576  -  ResidentSetSize of job (KB)
...
040 (3277183.023.000) 12/25 12:42:11 Started transferring output files
...
040 (3277183.023.000) 12/25 12:42:11 Finished transferring output files
...
005 (3277183.023.000) 12/25 12:42:11 Job terminated.
	(1) Normal termination (return value 0)
		Usr 0 00:00:14, Sys 0 00:00:02  -  Run Remote Usage
		Usr 0 00:00:00, Sys 0 00:00:00  -  Run Local Usage
		Usr 0 00:00:14, Sys 0 00:00:02  -  Total Remote Usage
		Usr 0 00:00:00, Sys 0 00:00:00  -  Total Local Usage
	4359  -  Run Bytes Sent By Job
	11216  -  Run Bytes Received By Job
	4359  -  Total Bytes Sent By Job
	11216  -  Total Bytes Received By Job
	Partitionable Resources :    Usage  Request Allocated 
	   Cpus                 :                 4         4 
	   Disk (KB)            :       32        1   1212406 
	   Memory (MB)          :      216     8000      8000 

	Job terminated of its own accord at 2021-12-25T11:42:11Z.
...
