000 (3315584.011.000) 01/12 17:11:02 Job submitted from host: <188.185.70.244:9618?addrs=188.185.70.244-9618+[2001-1458-d00-7--100-2ee]-9618&alias=bigbird10.cern.ch&noUDP&sock=schedd_7001_aea1>
...
040 (3315584.011.000) 01/12 20:59:04 Started transferring input files
	Transferring to host: <128.142.61.78:9618?addrs=128.142.61.78-9618&alias=b7s06p9763.cern.ch&noUDP&sock=slot1_14_3634_3b4d_26851>
...
040 (3315584.011.000) 01/12 20:59:04 Finished transferring input files
...
001 (3315584.011.000) 01/12 20:59:05 Job executing on host: <128.142.61.78:9618?addrs=128.142.61.78-9618&alias=b7s06p9763.cern.ch&noUDP&sock=startd_3570_4d31>
...
006 (3315584.011.000) 01/12 20:59:14 Image size of job updated: 25560
	10  -  MemoryUsage of job (MB)
	10120  -  ResidentSetSize of job (KB)
...
006 (3315584.011.000) 01/12 21:04:14 Image size of job updated: 2403372
	1005  -  MemoryUsage of job (MB)
	1028780  -  ResidentSetSize of job (KB)
...
006 (3315584.011.000) 01/12 21:09:14 Image size of job updated: 2514176
	1005  -  MemoryUsage of job (MB)
	1028780  -  ResidentSetSize of job (KB)
...
006 (3315584.011.000) 01/12 21:14:15 Image size of job updated: 2768496
	1005  -  MemoryUsage of job (MB)
	1028780  -  ResidentSetSize of job (KB)
...
040 (3315584.011.000) 01/12 21:59:07 Started transferring output files
...
040 (3315584.011.000) 01/12 21:59:08 Finished transferring output files
...
009 (3315584.011.000) 01/12 21:59:08 Job was aborted.
	Job removed by SYSTEM_PERIODIC_REMOVE due to wall time exceeded allowed max.
...
