000 (3338422.023.000) 01/19 19:04:00 Job submitted from host: <188.185.70.244:9618?addrs=188.185.70.244-9618+[2001-1458-d00-7--100-2ee]-9618&alias=bigbird10.cern.ch&noUDP&sock=schedd_7001_aea1>
...
040 (3338422.023.000) 01/19 20:56:48 Started transferring input files
	Transferring to host: <128.142.137.33:9618?addrs=128.142.137.33-9618+[2001-1458-301-5e--100-15]-9618&alias=b7g19p8199.cern.ch&noUDP&sock=slot1_1_23373_2490_79668>
...
040 (3338422.023.000) 01/19 20:56:48 Finished transferring input files
...
001 (3338422.023.000) 01/19 20:56:49 Job executing on host: <128.142.137.33:9618?addrs=128.142.137.33-9618+[2001-1458-301-5e--100-15]-9618&alias=b7g19p8199.cern.ch&noUDP&sock=startd_43333_6985>
...
006 (3338422.023.000) 01/19 20:56:58 Image size of job updated: 1218736
	155  -  MemoryUsage of job (MB)
	157860  -  ResidentSetSize of job (KB)
...
006 (3338422.023.000) 01/19 21:02:00 Image size of job updated: 1754836
	293  -  MemoryUsage of job (MB)
	300024  -  ResidentSetSize of job (KB)
...
006 (3338422.023.000) 01/19 21:07:00 Image size of job updated: 2459852
	707  -  MemoryUsage of job (MB)
	723316  -  ResidentSetSize of job (KB)
...
006 (3338422.023.000) 01/19 21:12:00 Image size of job updated: 2459852
	707  -  MemoryUsage of job (MB)
	723320  -  ResidentSetSize of job (KB)
...
006 (3338422.023.000) 01/19 21:27:02 Image size of job updated: 2459852
	707  -  MemoryUsage of job (MB)
	723328  -  ResidentSetSize of job (KB)
...
006 (3338422.023.000) 01/19 21:37:03 Image size of job updated: 2845916
	1086  -  MemoryUsage of job (MB)
	1111184  -  ResidentSetSize of job (KB)
...
006 (3338422.023.000) 01/19 21:42:03 Image size of job updated: 2845916
	1086  -  MemoryUsage of job (MB)
	1111192  -  ResidentSetSize of job (KB)
...
006 (3338422.023.000) 01/19 22:27:08 Image size of job updated: 3212556
	1700  -  MemoryUsage of job (MB)
	1740340  -  ResidentSetSize of job (KB)
...
006 (3338422.023.000) 01/19 22:52:09 Image size of job updated: 3639272
	1779  -  MemoryUsage of job (MB)
	1821132  -  ResidentSetSize of job (KB)
...
006 (3338422.023.000) 01/19 23:22:13 Image size of job updated: 3639272
	1779  -  MemoryUsage of job (MB)
	1821336  -  ResidentSetSize of job (KB)
...
006 (3338422.023.000) 01/19 23:27:13 Image size of job updated: 4055672
	2164  -  MemoryUsage of job (MB)
	2215616  -  ResidentSetSize of job (KB)
...
006 (3338422.023.000) 01/19 23:37:14 Image size of job updated: 4055672
	2164  -  MemoryUsage of job (MB)
	2215620  -  ResidentSetSize of job (KB)
...
006 (3338422.023.000) 01/20 00:27:20 Image size of job updated: 4233740
	2711  -  MemoryUsage of job (MB)
	2775044  -  ResidentSetSize of job (KB)
...
006 (3338422.023.000) 01/20 00:32:20 Image size of job updated: 4533244
	2711  -  MemoryUsage of job (MB)
	2775044  -  ResidentSetSize of job (KB)
...
006 (3338422.023.000) 01/20 03:17:34 Image size of job updated: 5098720
	3026  -  MemoryUsage of job (MB)
	3098272  -  ResidentSetSize of job (KB)
...
006 (3338422.023.000) 01/20 03:22:35 Image size of job updated: 5098720
	3026  -  MemoryUsage of job (MB)
	3098284  -  ResidentSetSize of job (KB)
...
006 (3338422.023.000) 01/20 03:27:36 Image size of job updated: 5098720
	3030  -  MemoryUsage of job (MB)
	3101712  -  ResidentSetSize of job (KB)
...
006 (3338422.023.000) 01/20 03:32:36 Image size of job updated: 5688668
	3535  -  MemoryUsage of job (MB)
	3618848  -  ResidentSetSize of job (KB)
...
006 (3338422.023.000) 01/20 04:52:45 Image size of job updated: 5921752
	4369  -  MemoryUsage of job (MB)
	4473696  -  ResidentSetSize of job (KB)
...
006 (3338422.023.000) 01/20 04:57:11 Image size of job updated: 6304624
	4369  -  MemoryUsage of job (MB)
	4473696  -  ResidentSetSize of job (KB)
...
040 (3338422.023.000) 01/20 04:57:11 Started transferring output files
...
040 (3338422.023.000) 01/20 04:57:11 Finished transferring output files
...
009 (3338422.023.000) 01/20 04:57:11 Job was aborted.
	Job removed by SYSTEM_PERIODIC_REMOVE due to wall time exceeded allowed max.
...
