000 (3277183.019.000) 12/25 12:36:03 Job submitted from host: <188.185.70.244:9618?addrs=188.185.70.244-9618+[2001-1458-d00-7--100-2ee]-9618&alias=bigbird10.cern.ch&noUDP&sock=schedd_2095_9300>
...
040 (3277183.019.000) 12/25 12:40:38 Started transferring input files
	Transferring to host: <128.142.63.44:9618?addrs=128.142.63.44-9618+[2001-1458-301-38--100-29]-9618&alias=b7s08p4070.cern.ch&noUDP&sock=slot1_17_3570_234a_9760>
...
040 (3277183.019.000) 12/25 12:40:38 Finished transferring input files
...
001 (3277183.019.000) 12/25 12:40:39 Job executing on host: <128.142.63.44:9618?addrs=128.142.63.44-9618+[2001-1458-301-38--100-29]-9618&alias=b7s08p4070.cern.ch&noUDP&sock=startd_2800_2544>
...
006 (3277183.019.000) 12/25 12:40:47 Image size of job updated: 452248
	155  -  MemoryUsage of job (MB)
	157796  -  ResidentSetSize of job (KB)
...
006 (3277183.019.000) 12/25 12:41:18 Image size of job updated: 1725220
	155  -  MemoryUsage of job (MB)
	157796  -  ResidentSetSize of job (KB)
...
040 (3277183.019.000) 12/25 12:41:18 Started transferring output files
...
040 (3277183.019.000) 12/25 12:41:18 Finished transferring output files
...
005 (3277183.019.000) 12/25 12:41:18 Job terminated.
	(1) Normal termination (return value 0)
		Usr 0 00:00:15, Sys 0 00:00:02  -  Run Remote Usage
		Usr 0 00:00:00, Sys 0 00:00:00  -  Run Local Usage
		Usr 0 00:00:15, Sys 0 00:00:02  -  Total Remote Usage
		Usr 0 00:00:00, Sys 0 00:00:00  -  Total Local Usage
	3361  -  Run Bytes Sent By Job
	11216  -  Run Bytes Received By Job
	3361  -  Total Bytes Sent By Job
	11216  -  Total Bytes Received By Job
	Partitionable Resources :    Usage  Request Allocated 
	   Cpus                 :                 4         4 
	   Disk (KB)            :       31        1   1239676 
	   Memory (MB)          :      155     8000      8000 

	Job terminated of its own accord at 2021-12-25T11:41:18Z.
...
