000 (3277180.024.000) 12/25 12:35:50 Job submitted from host: <188.185.70.244:9618?addrs=188.185.70.244-9618+[2001-1458-d00-7--100-2ee]-9618&alias=bigbird10.cern.ch&noUDP&sock=schedd_2095_9300>
...
040 (3277180.024.000) 12/25 12:40:09 Started transferring input files
	Transferring to host: <128.142.63.55:9618?addrs=128.142.63.55-9618&alias=b7s08p2360.cern.ch&noUDP&sock=slot1_3_3577_11eb_9474>
...
040 (3277180.024.000) 12/25 12:40:09 Finished transferring input files
...
001 (3277180.024.000) 12/25 12:40:10 Job executing on host: <128.142.63.55:9618?addrs=128.142.63.55-9618&alias=b7s08p2360.cern.ch&noUDP&sock=startd_2590_1a61>
...
006 (3277180.024.000) 12/25 12:40:18 Image size of job updated: 278212
	200  -  MemoryUsage of job (MB)
	204488  -  ResidentSetSize of job (KB)
...
006 (3277180.024.000) 12/25 12:40:19 Image size of job updated: 278416
	200  -  MemoryUsage of job (MB)
	204508  -  ResidentSetSize of job (KB)
...
040 (3277180.024.000) 12/25 12:40:19 Started transferring output files
...
040 (3277180.024.000) 12/25 12:40:19 Finished transferring output files
...
005 (3277180.024.000) 12/25 12:40:19 Job terminated.
	(1) Normal termination (return value 0)
		Usr 0 00:00:03, Sys 0 00:00:02  -  Run Remote Usage
		Usr 0 00:00:00, Sys 0 00:00:00  -  Run Local Usage
		Usr 0 00:00:03, Sys 0 00:00:02  -  Total Remote Usage
		Usr 0 00:00:00, Sys 0 00:00:00  -  Total Local Usage
	2718  -  Run Bytes Sent By Job
	11211  -  Run Bytes Received By Job
	2718  -  Total Bytes Sent By Job
	11211  -  Total Bytes Received By Job
	Partitionable Resources :    Usage  Request Allocated 
	   Cpus                 :                 4         4 
	   Disk (KB)            :       30        1   1280092 
	   Memory (MB)          :      200     8000      8000 

	Job terminated of its own accord at 2021-12-25T11:40:19Z.
...
