000 (3314618.005.000) 01/11 10:16:27 Job submitted from host: <188.185.70.244:9618?addrs=188.185.70.244-9618+[2001-1458-d00-7--100-2ee]-9618&alias=bigbird10.cern.ch&noUDP&sock=schedd_7001_aea1>
...
040 (3314618.005.000) 01/11 10:18:07 Started transferring input files
	Transferring to host: <128.142.63.53:9618?addrs=128.142.63.53-9618+[2001-1458-301-38--100-32]-9618&alias=b7s08p4250.cern.ch&noUDP&sock=slot1_11_3181_0d5a_29091>
...
040 (3314618.005.000) 01/11 10:18:07 Finished transferring input files
...
001 (3314618.005.000) 01/11 10:18:08 Job executing on host: <128.142.63.53:9618?addrs=128.142.63.53-9618+[2001-1458-301-38--100-32]-9618&alias=b7s08p4250.cern.ch&noUDP&sock=startd_2793_581b>
...
006 (3314618.005.000) 01/11 10:18:16 Image size of job updated: 229932
	204  -  MemoryUsage of job (MB)
	207984  -  ResidentSetSize of job (KB)
...
006 (3314618.005.000) 01/11 10:23:16 Image size of job updated: 1903564
	437  -  MemoryUsage of job (MB)
	446884  -  ResidentSetSize of job (KB)
...
040 (3314618.005.000) 01/11 10:26:52 Started transferring output files
...
040 (3314618.005.000) 01/11 10:26:52 Finished transferring output files
...
004 (3314618.005.000) 01/11 10:26:52 Job was evicted.
	(0) CPU times
		Usr 0 00:00:28, Sys 0 00:00:03  -  Run Remote Usage
		Usr 0 00:00:00, Sys 0 00:00:00  -  Run Local Usage
	0  -  Run Bytes Sent By Job
	10524  -  Run Bytes Received By Job
	Partitionable Resources :    Usage  Request Allocated 
	   Cpus                 :     0.05        4         4 
	   Disk (KB)            :    34           1   1224456 
	   Memory (MB)          :   437        8000      8000 
...
009 (3314618.005.000) 01/11 10:26:52 Job was aborted.
	via condor_rm (by user vdamante)
...
