000 (3316951.015.000) 01/13 10:23:50 Job submitted from host: <188.185.70.244:9618?addrs=188.185.70.244-9618+[2001-1458-d00-7--100-2ee]-9618&alias=bigbird10.cern.ch&noUDP&sock=schedd_7001_aea1>
...
040 (3316951.015.000) 01/13 10:29:30 Started transferring input files
	Transferring to host: <128.142.57.97:9618?addrs=128.142.57.97-9618+[2001-1458-301-7--100-60]-9618&alias=b7s02p6766.cern.ch&noUDP&sock=slot1_1_4474_166f_30767>
...
040 (3316951.015.000) 01/13 10:29:30 Finished transferring input files
...
001 (3316951.015.000) 01/13 10:29:31 Job executing on host: <128.142.57.97:9618?addrs=128.142.57.97-9618+[2001-1458-301-7--100-60]-9618&alias=b7s02p6766.cern.ch&noUDP&sock=startd_4062_c5ca>
...
006 (3316951.015.000) 01/13 10:29:39 Image size of job updated: 346596
	244  -  MemoryUsage of job (MB)
	249764  -  ResidentSetSize of job (KB)
...
006 (3316951.015.000) 01/13 10:34:39 Image size of job updated: 1755080
	294  -  MemoryUsage of job (MB)
	300640  -  ResidentSetSize of job (KB)
...
006 (3316951.015.000) 01/13 10:39:40 Image size of job updated: 2001808
	522  -  MemoryUsage of job (MB)
	534372  -  ResidentSetSize of job (KB)
...
006 (3316951.015.000) 01/13 11:04:43 Image size of job updated: 2214628
	730  -  MemoryUsage of job (MB)
	747248  -  ResidentSetSize of job (KB)
...
006 (3316951.015.000) 01/13 11:34:46 Image size of job updated: 2585900
	949  -  MemoryUsage of job (MB)
	971140  -  ResidentSetSize of job (KB)
...
006 (3316951.015.000) 01/13 11:54:48 Image size of job updated: 2863800
	1189  -  MemoryUsage of job (MB)
	1216724  -  ResidentSetSize of job (KB)
...
006 (3316951.015.000) 01/13 12:19:50 Image size of job updated: 3326316
	1537  -  MemoryUsage of job (MB)
	1573880  -  ResidentSetSize of job (KB)
...
006 (3316951.015.000) 01/13 12:39:52 Image size of job updated: 3326316
	1539  -  MemoryUsage of job (MB)
	1575288  -  ResidentSetSize of job (KB)
...
006 (3316951.015.000) 01/13 12:44:53 Image size of job updated: 3721308
	1894  -  MemoryUsage of job (MB)
	1939200  -  ResidentSetSize of job (KB)
...
006 (3316951.015.000) 01/13 13:04:55 Image size of job updated: 4299432
	2254  -  MemoryUsage of job (MB)
	2307576  -  ResidentSetSize of job (KB)
...
006 (3316951.015.000) 01/13 13:24:56 Image size of job updated: 4299432
	2255  -  MemoryUsage of job (MB)
	2308432  -  ResidentSetSize of job (KB)
...
006 (3316951.015.000) 01/13 13:29:56 Image size of job updated: 4623568
	2705  -  MemoryUsage of job (MB)
	2769408  -  ResidentSetSize of job (KB)
...
006 (3316951.015.000) 01/13 13:49:58 Image size of job updated: 4623568
	2708  -  MemoryUsage of job (MB)
	2772000  -  ResidentSetSize of job (KB)
...
006 (3316951.015.000) 01/13 13:54:59 Image size of job updated: 5100140
	3119  -  MemoryUsage of job (MB)
	3192864  -  ResidentSetSize of job (KB)
...
040 (3316951.015.000) 01/13 14:14:07 Started transferring output files
...
040 (3316951.015.000) 01/13 14:14:07 Finished transferring output files
...
005 (3316951.015.000) 01/13 14:14:07 Job terminated.
	(1) Normal termination (return value 0)
		Usr 0 00:33:15, Sys 0 00:00:45  -  Run Remote Usage
		Usr 0 00:00:00, Sys 0 00:00:00  -  Run Local Usage
		Usr 0 00:33:15, Sys 0 00:00:45  -  Total Remote Usage
		Usr 0 00:00:00, Sys 0 00:00:00  -  Total Local Usage
	199265  -  Run Bytes Sent By Job
	10531  -  Run Bytes Received By Job
	199265  -  Total Bytes Sent By Job
	10531  -  Total Bytes Received By Job
	Partitionable Resources :    Usage  Request Allocated 
	   Cpus                 :     0.21        4         4 
	   Disk (KB)            :   227           1   1216561 
	   Memory (MB)          :  3119        8000      8000 

	Job terminated of its own accord at 2022-01-13T13:14:06Z.
...
