000 (3277183.002.000) 12/25 12:36:03 Job submitted from host: <188.185.70.244:9618?addrs=188.185.70.244-9618+[2001-1458-d00-7--100-2ee]-9618&alias=bigbird10.cern.ch&noUDP&sock=schedd_2095_9300>
...
040 (3277183.002.000) 12/25 12:40:31 Started transferring input files
	Transferring to host: <128.142.63.97:9618?addrs=128.142.63.97-9618+[2001-1458-301-38--100-5e]-9618&alias=b7s08p9190.cern.ch&noUDP&sock=slot1_18_6028_056e_9895>
...
040 (3277183.002.000) 12/25 12:40:31 Finished transferring input files
...
001 (3277183.002.000) 12/25 12:40:32 Job executing on host: <128.142.63.97:9618?addrs=128.142.63.97-9618+[2001-1458-301-38--100-5e]-9618&alias=b7s08p9190.cern.ch&noUDP&sock=startd_5620_6e57>
...
006 (3277183.002.000) 12/25 12:40:40 Image size of job updated: 310936
	225  -  MemoryUsage of job (MB)
	229492  -  ResidentSetSize of job (KB)
...
006 (3277183.002.000) 12/25 12:45:40 Image size of job updated: 1742860
	268  -  MemoryUsage of job (MB)
	273688  -  ResidentSetSize of job (KB)
...
040 (3277183.002.000) 12/25 13:24:37 Started transferring output files
...
040 (3277183.002.000) 12/25 13:24:37 Finished transferring output files
...
005 (3277183.002.000) 12/25 13:24:37 Job terminated.
	(1) Normal termination (return value 0)
		Usr 0 00:00:30, Sys 0 00:00:03  -  Run Remote Usage
		Usr 0 00:00:00, Sys 0 00:00:00  -  Run Local Usage
		Usr 0 00:00:30, Sys 0 00:00:03  -  Total Remote Usage
		Usr 0 00:00:00, Sys 0 00:00:00  -  Total Local Usage
	4844  -  Run Bytes Sent By Job
	11216  -  Run Bytes Received By Job
	4844  -  Total Bytes Sent By Job
	11216  -  Total Bytes Received By Job
	Partitionable Resources :    Usage  Request Allocated 
	   Cpus                 :     0.00        4         4 
	   Disk (KB)            :    40           1   1331623 
	   Memory (MB)          :   268        8000      8000 

	Job terminated of its own accord at 2021-12-25T12:24:37Z.
...
