000 (3277183.017.000) 12/25 12:36:03 Job submitted from host: <188.185.70.244:9618?addrs=188.185.70.244-9618+[2001-1458-d00-7--100-2ee]-9618&alias=bigbird10.cern.ch&noUDP&sock=schedd_2095_9300>
...
040 (3277183.017.000) 12/25 12:40:35 Started transferring input files
	Transferring to host: <128.142.56.126:9618?addrs=128.142.56.126-9618+[2001-1458-301-6--100-7d]-9618&alias=b7s01p3334.cern.ch&noUDP&sock=slot1_20_6010_56ad_9686>
...
040 (3277183.017.000) 12/25 12:40:35 Finished transferring input files
...
001 (3277183.017.000) 12/25 12:40:36 Job executing on host: <128.142.56.126:9618?addrs=128.142.56.126-9618+[2001-1458-301-6--100-7d]-9618&alias=b7s01p3334.cern.ch&noUDP&sock=startd_5655_7028>
...
006 (3277183.017.000) 12/25 12:40:44 Image size of job updated: 409548
	194  -  MemoryUsage of job (MB)
	198408  -  ResidentSetSize of job (KB)
...
006 (3277183.017.000) 12/25 12:41:58 Image size of job updated: 1734368
	194  -  MemoryUsage of job (MB)
	198440  -  ResidentSetSize of job (KB)
...
040 (3277183.017.000) 12/25 12:41:59 Started transferring output files
...
040 (3277183.017.000) 12/25 12:41:59 Finished transferring output files
...
005 (3277183.017.000) 12/25 12:41:59 Job terminated.
	(1) Normal termination (return value 0)
		Usr 0 00:00:12, Sys 0 00:00:02  -  Run Remote Usage
		Usr 0 00:00:00, Sys 0 00:00:00  -  Run Local Usage
		Usr 0 00:00:12, Sys 0 00:00:02  -  Total Remote Usage
		Usr 0 00:00:00, Sys 0 00:00:00  -  Total Local Usage
	8450  -  Run Bytes Sent By Job
	11216  -  Run Bytes Received By Job
	8450  -  Total Bytes Sent By Job
	11216  -  Total Bytes Received By Job
	Partitionable Resources :    Usage  Request Allocated 
	   Cpus                 :                 4         4 
	   Disk (KB)            :       33        1   1298083 
	   Memory (MB)          :      194     8000      8000 

	Job terminated of its own accord at 2021-12-25T11:41:58Z.
...
