000 (3314872.012.000) 01/12 10:12:21 Job submitted from host: <188.185.70.244:9618?addrs=188.185.70.244-9618+[2001-1458-d00-7--100-2ee]-9618&alias=bigbird10.cern.ch&noUDP&sock=schedd_7001_aea1>
...
040 (3314872.012.000) 01/12 10:51:49 Started transferring input files
	Transferring to host: <128.142.61.76:9618?addrs=128.142.61.76-9618&alias=b7s06p7266.cern.ch&noUDP&sock=slot1_2_3785_9ff3_27713>
...
040 (3314872.012.000) 01/12 10:51:49 Finished transferring input files
...
001 (3314872.012.000) 01/12 10:51:50 Job executing on host: <128.142.61.76:9618?addrs=128.142.61.76-9618&alias=b7s06p7266.cern.ch&noUDP&sock=startd_2643_74e6>
...
006 (3314872.012.000) 01/12 10:51:59 Image size of job updated: 320012
	156  -  MemoryUsage of job (MB)
	158744  -  ResidentSetSize of job (KB)
...
006 (3314872.012.000) 01/12 10:57:00 Image size of job updated: 2491156
	983  -  MemoryUsage of job (MB)
	1005744  -  ResidentSetSize of job (KB)
...
006 (3314872.012.000) 01/12 11:02:01 Image size of job updated: 2745424
	983  -  MemoryUsage of job (MB)
	1005744  -  ResidentSetSize of job (KB)
...
040 (3314872.012.000) 01/12 11:18:14 Started transferring output files
...
040 (3314872.012.000) 01/12 11:18:14 Finished transferring output files
...
004 (3314872.012.000) 01/12 11:18:14 Job was evicted.
	(0) CPU times
		Usr 0 00:23:59, Sys 0 00:00:05  -  Run Remote Usage
		Usr 0 00:00:00, Sys 0 00:00:00  -  Run Local Usage
	6496271  -  Run Bytes Sent By Job
	10523  -  Run Bytes Received By Job
	Partitionable Resources :    Usage  Request Allocated 
	   Cpus                 :     0.72        4         4 
	   Disk (KB)            :  6374           1   1303797 
	   Memory (MB)          :   983        8000      8000 
...
009 (3314872.012.000) 01/12 11:18:15 Job was aborted.
	via condor_rm (by user vdamante)
...
