000 (3314618.006.000) 01/11 10:16:27 Job submitted from host: <188.185.70.244:9618?addrs=188.185.70.244-9618+[2001-1458-d00-7--100-2ee]-9618&alias=bigbird10.cern.ch&noUDP&sock=schedd_7001_aea1>
...
040 (3314618.006.000) 01/11 10:18:08 Started transferring input files
	Transferring to host: <128.142.57.58:9618?addrs=128.142.57.58-9618&alias=b7s02p5180.cern.ch&noUDP&sock=slot1_18_3200_707b_29074>
...
040 (3314618.006.000) 01/11 10:18:08 Finished transferring input files
...
001 (3314618.006.000) 01/11 10:18:09 Job executing on host: <128.142.57.58:9618?addrs=128.142.57.58-9618&alias=b7s02p5180.cern.ch&noUDP&sock=startd_2575_d075>
...
006 (3314618.006.000) 01/11 10:18:17 Image size of job updated: 320128
	155  -  MemoryUsage of job (MB)
	157824  -  ResidentSetSize of job (KB)
...
006 (3314618.006.000) 01/11 10:23:17 Image size of job updated: 1892640
	426  -  MemoryUsage of job (MB)
	435916  -  ResidentSetSize of job (KB)
...
040 (3314618.006.000) 01/11 10:26:52 Started transferring output files
...
040 (3314618.006.000) 01/11 10:26:52 Finished transferring output files
...
004 (3314618.006.000) 01/11 10:26:52 Job was evicted.
	(0) CPU times
		Usr 0 00:00:27, Sys 0 00:00:04  -  Run Remote Usage
		Usr 0 00:00:00, Sys 0 00:00:00  -  Run Local Usage
	0  -  Run Bytes Sent By Job
	10524  -  Run Bytes Received By Job
	Partitionable Resources :    Usage  Request Allocated 
	   Cpus                 :                 4         4 
	   Disk (KB)            :       26        1   1352421 
	   Memory (MB)          :      426     8000      8000 
...
009 (3314618.006.000) 01/11 10:26:52 Job was aborted.
	via condor_rm (by user vdamante)
...
