000 (3300954.023.000) 01/10 17:49:51 Job submitted from host: <188.185.70.244:9618?addrs=188.185.70.244-9618+[2001-1458-d00-7--100-2ee]-9618&alias=bigbird10.cern.ch&noUDP&sock=schedd_7001_aea1>
...
040 (3300954.023.000) 01/10 17:56:22 Started transferring input files
	Transferring to host: <128.142.131.182:9618?addrs=128.142.131.182-9618+[2001-1458-301-59--100-aa]-9618&alias=b7g11p4840.cern.ch&noUDP&sock=slot1_12_26533_a610_71352>
...
040 (3300954.023.000) 01/10 17:56:22 Finished transferring input files
...
001 (3300954.023.000) 01/10 17:56:23 Job executing on host: <128.142.131.182:9618?addrs=128.142.131.182-9618+[2001-1458-301-59--100-aa]-9618&alias=b7g11p4840.cern.ch&noUDP&sock=startd_26489_d447>
...
006 (3300954.023.000) 01/10 17:56:31 Image size of job updated: 8708
	7  -  MemoryUsage of job (MB)
	6740  -  ResidentSetSize of job (KB)
...
006 (3300954.023.000) 01/10 17:57:23 Image size of job updated: 1256180
	7  -  MemoryUsage of job (MB)
	6944  -  ResidentSetSize of job (KB)
...
040 (3300954.023.000) 01/10 17:57:24 Started transferring output files
...
040 (3300954.023.000) 01/10 17:57:24 Finished transferring output files
...
005 (3300954.023.000) 01/10 17:57:25 Job terminated.
	(1) Normal termination (return value 0)
		Usr 0 00:00:05, Sys 0 00:00:03  -  Run Remote Usage
		Usr 0 00:00:00, Sys 0 00:00:00  -  Run Local Usage
		Usr 0 00:00:05, Sys 0 00:00:03  -  Total Remote Usage
		Usr 0 00:00:00, Sys 0 00:00:00  -  Total Local Usage
	3618  -  Run Bytes Sent By Job
	10528  -  Run Bytes Received By Job
	3618  -  Total Bytes Sent By Job
	10528  -  Total Bytes Received By Job
	Partitionable Resources :    Usage  Request Allocated 
	   Cpus                 :     0.04        4         4 
	   Disk (KB)            :    38           1   1510934 
	   Memory (MB)          :     7        8000      8000 

	Job terminated of its own accord at 2022-01-10T16:57:23Z.
...
