000 (3314624.012.000) 01/11 10:41:35 Job submitted from host: <188.185.70.244:9618?addrs=188.185.70.244-9618+[2001-1458-d00-7--100-2ee]-9618&alias=bigbird10.cern.ch&noUDP&sock=schedd_7001_aea1>
...
040 (3314624.012.000) 01/11 11:36:23 Started transferring input files
	Transferring to host: <188.184.163.129:9618?addrs=188.184.163.129-9618+[2001-1458-301-4d--100-7b]-9618&alias=b7s12p8376.cern.ch&noUDP&sock=slot1_2_3519_3428_24902>
...
040 (3314624.012.000) 01/11 11:36:23 Finished transferring input files
...
001 (3314624.012.000) 01/11 11:36:24 Job executing on host: <188.184.163.129:9618?addrs=188.184.163.129-9618+[2001-1458-301-4d--100-7b]-9618&alias=b7s12p8376.cern.ch&noUDP&sock=startd_2937_1dbe>
...
006 (3314624.012.000) 01/11 11:36:33 Image size of job updated: 320096
	155  -  MemoryUsage of job (MB)
	157780  -  ResidentSetSize of job (KB)
...
006 (3314624.012.000) 01/11 11:41:34 Image size of job updated: 1886932
	420  -  MemoryUsage of job (MB)
	429656  -  ResidentSetSize of job (KB)
...
006 (3314624.012.000) 01/11 11:46:34 Image size of job updated: 1886932
	420  -  MemoryUsage of job (MB)
	429660  -  ResidentSetSize of job (KB)
...
006 (3314624.012.000) 01/11 11:51:35 Image size of job updated: 1886932
	420  -  MemoryUsage of job (MB)
	429676  -  ResidentSetSize of job (KB)
...
006 (3314624.012.000) 01/11 11:56:36 Image size of job updated: 2017572
	548  -  MemoryUsage of job (MB)
	560912  -  ResidentSetSize of job (KB)
...
006 (3314624.012.000) 01/11 12:01:36 Image size of job updated: 2017572
	548  -  MemoryUsage of job (MB)
	560916  -  ResidentSetSize of job (KB)
...
006 (3314624.012.000) 01/11 12:16:37 Image size of job updated: 2017572
	548  -  MemoryUsage of job (MB)
	560924  -  ResidentSetSize of job (KB)
...
006 (3314624.012.000) 01/11 12:21:38 Image size of job updated: 2175856
	706  -  MemoryUsage of job (MB)
	721972  -  ResidentSetSize of job (KB)
...
006 (3314624.012.000) 01/11 12:41:40 Image size of job updated: 2175856
	706  -  MemoryUsage of job (MB)
	721976  -  ResidentSetSize of job (KB)
...
006 (3314624.012.000) 01/11 12:46:40 Image size of job updated: 2315708
	842  -  MemoryUsage of job (MB)
	862080  -  ResidentSetSize of job (KB)
...
006 (3314624.012.000) 01/11 12:56:41 Image size of job updated: 2315708
	842  -  MemoryUsage of job (MB)
	862084  -  ResidentSetSize of job (KB)
...
006 (3314624.012.000) 01/11 13:11:42 Image size of job updated: 2494056
	991  -  MemoryUsage of job (MB)
	1014320  -  ResidentSetSize of job (KB)
...
006 (3314624.012.000) 01/11 13:36:45 Image size of job updated: 2846344
	1208  -  MemoryUsage of job (MB)
	1236604  -  ResidentSetSize of job (KB)
...
006 (3314624.012.000) 01/11 14:01:49 Image size of job updated: 3146768
	1462  -  MemoryUsage of job (MB)
	1496816  -  ResidentSetSize of job (KB)
...
006 (3314624.012.000) 01/11 14:21:51 Image size of job updated: 3146768
	1464  -  MemoryUsage of job (MB)
	1498660  -  ResidentSetSize of job (KB)
...
006 (3314624.012.000) 01/11 14:26:51 Image size of job updated: 3586224
	1809  -  MemoryUsage of job (MB)
	1851536  -  ResidentSetSize of job (KB)
...
006 (3314624.012.000) 01/11 14:51:53 Image size of job updated: 3967420
	2429  -  MemoryUsage of job (MB)
	2487276  -  ResidentSetSize of job (KB)
...
006 (3314624.012.000) 01/11 15:21:56 Image size of job updated: 4377540
	2829  -  MemoryUsage of job (MB)
	2896384  -  ResidentSetSize of job (KB)
...
040 (3314624.012.000) 01/11 15:46:10 Started transferring output files
...
040 (3314624.012.000) 01/11 15:46:10 Finished transferring output files
...
005 (3314624.012.000) 01/11 15:46:10 Job terminated.
	(1) Normal termination (return value 0)
		Usr 0 00:35:58, Sys 0 00:00:50  -  Run Remote Usage
		Usr 0 00:00:00, Sys 0 00:00:00  -  Run Local Usage
		Usr 0 00:35:58, Sys 0 00:00:50  -  Total Remote Usage
		Usr 0 00:00:00, Sys 0 00:00:00  -  Total Local Usage
	148702  -  Run Bytes Sent By Job
	10524  -  Run Bytes Received By Job
	148702  -  Total Bytes Sent By Job
	10524  -  Total Bytes Received By Job
	Partitionable Resources :    Usage  Request Allocated 
	   Cpus                 :     0.08        4         4 
	   Disk (KB)            :   179           1   2905143 
	   Memory (MB)          :  2829        8000      8000 

	Job terminated of its own accord at 2022-01-11T14:46:10Z.
...
