000 (3315595.010.000) 01/12 17:36:29 Job submitted from host: <188.185.70.244:9618?addrs=188.185.70.244-9618+[2001-1458-d00-7--100-2ee]-9618&alias=bigbird10.cern.ch&noUDP&sock=schedd_7001_aea1>
...
040 (3315595.010.000) 01/13 01:14:39 Started transferring input files
	Transferring to host: <128.142.57.90:9618?addrs=128.142.57.90-9618+[2001-1458-301-7--100-59]-9618&alias=b7s02p0120.cern.ch&noUDP&sock=slot1_36_3209_c7dc_27288>
...
040 (3315595.010.000) 01/13 01:14:39 Finished transferring input files
...
001 (3315595.010.000) 01/13 01:14:40 Job executing on host: <128.142.57.90:9618?addrs=128.142.57.90-9618+[2001-1458-301-7--100-59]-9618&alias=b7s02p0120.cern.ch&noUDP&sock=startd_2858_edc3>
...
006 (3315595.010.000) 01/13 01:14:49 Image size of job updated: 320160
	174  -  MemoryUsage of job (MB)
	177628  -  ResidentSetSize of job (KB)
...
006 (3315595.010.000) 01/13 01:19:50 Image size of job updated: 1741536
	282  -  MemoryUsage of job (MB)
	287936  -  ResidentSetSize of job (KB)
...
006 (3315595.010.000) 01/13 01:39:52 Image size of job updated: 1741536
	282  -  MemoryUsage of job (MB)
	287940  -  ResidentSetSize of job (KB)
...
006 (3315595.010.000) 01/13 01:49:53 Image size of job updated: 2057044
	584  -  MemoryUsage of job (MB)
	598000  -  ResidentSetSize of job (KB)
...
006 (3315595.010.000) 01/13 01:54:53 Image size of job updated: 2057044
	584  -  MemoryUsage of job (MB)
	598008  -  ResidentSetSize of job (KB)
...
006 (3315595.010.000) 01/13 02:04:54 Image size of job updated: 2216204
	747  -  MemoryUsage of job (MB)
	764780  -  ResidentSetSize of job (KB)
...
006 (3315595.010.000) 01/13 02:19:56 Image size of job updated: 2554864
	956  -  MemoryUsage of job (MB)
	978340  -  ResidentSetSize of job (KB)
...
006 (3315595.010.000) 01/13 02:29:57 Image size of job updated: 2554864
	956  -  MemoryUsage of job (MB)
	978444  -  ResidentSetSize of job (KB)
...
006 (3315595.010.000) 01/13 02:34:57 Image size of job updated: 2705664
	1169  -  MemoryUsage of job (MB)
	1196688  -  ResidentSetSize of job (KB)
...
006 (3315595.010.000) 01/13 02:39:59 Image size of job updated: 2705664
	1169  -  MemoryUsage of job (MB)
	1196692  -  ResidentSetSize of job (KB)
...
006 (3315595.010.000) 01/13 02:49:59 Image size of job updated: 3162400
	1431  -  MemoryUsage of job (MB)
	1464620  -  ResidentSetSize of job (KB)
...
006 (3315595.010.000) 01/13 03:05:01 Image size of job updated: 3304900
	1713  -  MemoryUsage of job (MB)
	1753512  -  ResidentSetSize of job (KB)
...
040 (3315595.010.000) 01/13 03:17:21 Started transferring output files
...
040 (3315595.010.000) 01/13 03:17:21 Finished transferring output files
...
005 (3315595.010.000) 01/13 03:17:21 Job terminated.
	(1) Normal termination (return value 0)
		Usr 0 00:13:14, Sys 0 00:00:26  -  Run Remote Usage
		Usr 0 00:00:00, Sys 0 00:00:00  -  Run Local Usage
		Usr 0 00:13:14, Sys 0 00:00:26  -  Total Remote Usage
		Usr 0 00:00:00, Sys 0 00:00:00  -  Total Local Usage
	108370  -  Run Bytes Sent By Job
	10531  -  Run Bytes Received By Job
	108370  -  Total Bytes Sent By Job
	10531  -  Total Bytes Received By Job
	Partitionable Resources :    Usage  Request Allocated 
	   Cpus                 :     0.21        4         4 
	   Disk (KB)            :   141           1   1259350 
	   Memory (MB)          :  1713        8000      8000 

	Job terminated of its own accord at 2022-01-13T02:17:21Z.
...
