000 (3314621.015.000) 01/11 10:40:59 Job submitted from host: <188.185.70.244:9618?addrs=188.185.70.244-9618+[2001-1458-d00-7--100-2ee]-9618&alias=bigbird10.cern.ch&noUDP&sock=schedd_7001_aea1>
...
040 (3314621.015.000) 01/11 11:06:43 Started transferring input files
	Transferring to host: <128.142.60.112:9618?addrs=128.142.60.112-9618&alias=b7s05p0973.cern.ch&noUDP&sock=slot1_27_5323_48f2_25800>
...
040 (3314621.015.000) 01/11 11:06:43 Finished transferring input files
...
001 (3314621.015.000) 01/11 11:06:44 Job executing on host: <128.142.60.112:9618?addrs=128.142.60.112-9618&alias=b7s05p0973.cern.ch&noUDP&sock=startd_4927_1735>
...
006 (3314621.015.000) 01/11 11:06:52 Image size of job updated: 320096
	155  -  MemoryUsage of job (MB)
	157788  -  ResidentSetSize of job (KB)
...
006 (3314621.015.000) 01/11 11:10:08 Image size of job updated: 1733076
	155  -  MemoryUsage of job (MB)
	157788  -  ResidentSetSize of job (KB)
...
040 (3314621.015.000) 01/11 11:10:08 Started transferring output files
...
040 (3314621.015.000) 01/11 11:10:08 Finished transferring output files
...
005 (3314621.015.000) 01/11 11:10:08 Job terminated.
	(1) Normal termination (return value 0)
		Usr 0 00:00:21, Sys 0 00:00:03  -  Run Remote Usage
		Usr 0 00:00:00, Sys 0 00:00:00  -  Run Local Usage
		Usr 0 00:00:21, Sys 0 00:00:03  -  Total Remote Usage
		Usr 0 00:00:00, Sys 0 00:00:00  -  Total Local Usage
	10015  -  Run Bytes Sent By Job
	10528  -  Run Bytes Received By Job
	10015  -  Total Bytes Sent By Job
	10528  -  Total Bytes Received By Job
	Partitionable Resources :    Usage  Request Allocated 
	   Cpus                 :                 4         4 
	   Disk (KB)            :       36        1   1221720 
	   Memory (MB)          :      155     8000      8000 

	Job terminated of its own accord at 2022-01-11T10:10:08Z.
...
