Running with following options: 
 channel = tauTau 
 machine = lxplus 
 prodMode = GluGlu 
 sample = Radion 
 year = 2018 
 nTriggers = 9 
 iter = iter_0Baseline 
 nEvts = -1 
 mass_points = [3000] 
 best_path_baseline =  
 verbose = 0 
 reco = True 
 
evaluating for mass 3000
['root://xrootd-cms.infn.it///store/mc/RunIIAutumn18NanoAODv7/GluGluToRadionToHHTo2B2Tau_M-3000_narrow_TuneCP5_PSWeights_13TeV-madgraph-pythia8/NANOAODSIM/Nano02Apr2020_102X_upgrade2018_realistic_v21-v1/260000/E1CFF537-980D-F24B-8EE2-86F2B5FBA545.root', 'root://xrootd-cms.infn.it///store/mc/RunIIAutumn18NanoAODv7/GluGluToRadionToHHTo2B2Tau_M-3000_narrow_TuneCP5_PSWeights_13TeV-madgraph-pythia8/NANOAODSIM/Nano02Apr2020_102X_upgrade2018_realistic_v21-v1/130000/639AC61C-5F72-E846-AC1C-0C22D656655A.root', 'root://xrootd-cms.infn.it///store/mc/RunIIAutumn18NanoAODv7/GluGluToRadionToHHTo2B2Tau_M-3000_narrow_TuneCP5_PSWeights_13TeV-madgraph-pythia8/NANOAODSIM/Nano02Apr2020_102X_upgrade2018_realistic_v21-v1/100000/BFAF6E14-D0E0-A146-A918-3A7289C9EC67.root', 'root://xrootd-cms.infn.it///store/mc/RunIIAutumn18NanoAODv7/GluGluToRadionToHHTo2B2Tau_M-3000_narrow_TuneCP5_PSWeights_13TeV-madgraph-pythia8/NANOAODSIM/Nano02Apr2020_102X_upgrade2018_realistic_v21-v1/130000/B6EF6E78-D4CD-0941-B67E-151433F6EA42.root', 'root://xrootd-cms.infn.it///store/mc/RunIIAutumn18NanoAODv7/GluGluToRadionToHHTo2B2Tau_M-3000_narrow_TuneCP5_PSWeights_13TeV-madgraph-pythia8/NANOAODSIM/Nano02Apr2020_102X_upgrade2018_realistic_v21-v1/70000/B707A07B-408E-574D-B625-9038BFFEB17C.root', 'root://xrootd-cms.infn.it///store/mc/RunIIAutumn18NanoAODv7/GluGluToRadionToHHTo2B2Tau_M-3000_narrow_TuneCP5_PSWeights_13TeV-madgraph-pythia8/NANOAODSIM/Nano02Apr2020_102X_upgrade2018_realistic_v21-v1/270000/188740F1-2DED-E744-8909-72E75B074B3C.root', 'root://xrootd-cms.infn.it///store/mc/RunIIAutumn18NanoAODv7/GluGluToRadionToHHTo2B2Tau_M-3000_narrow_TuneCP5_PSWeights_13TeV-madgraph-pythia8/NANOAODSIM/Nano02Apr2020_102X_upgrade2018_realistic_v21-v1/270000/785EAB01-30CB-A545-8FCE-268C1441E5F1.root', 'root://xrootd-cms.infn.it///store/mc/RunIIAutumn18NanoAODv7/GluGluToRadionToHHTo2B2Tau_M-3000_narrow_TuneCP5_PSWeights_13TeV-madgraph-pythia8/NANOAODSIM/Nano02Apr2020_102X_upgrade2018_realistic_v21-v1/120000/24B0FCA7-9C67-854B-9748-6A1D6D6179F9.root']
filtering for channel tauTau
filtered for channel tauTau
before any filling, baseline path are [] 

['HLT_Ele32_WPTight_Gsf', 'HLT_Ele35_WPTight_Gsf', 'HLT_Ele24_eta2p1_WPTight_Gsf_LooseChargedIsoPFTauHPS30_eta2p1_CrossL1']
current baseline path are ['HLT_DoubleTightChargedIsoPFTauHPS35_Trk1_TightID_eta2p1_Reg', 'HLT_DoubleTightChargedIsoPFTauHPS40_Trk1_eta2p1_Reg', 'HLT_DoubleMediumChargedIsoPFTauHPS40_Trk1_TightID_eta2p1_Reg', 'HLT_DoubleMediumChargedIsoPFTauHPS35_Trk1_eta2p1_Reg'] 

nTriggers=9, best_paths_baseline=['HLT_DoubleTightChargedIsoPFTauHPS35_Trk1_TightID_eta2p1_Reg', 'HLT_DoubleTightChargedIsoPFTauHPS40_Trk1_eta2p1_Reg', 'HLT_DoubleMediumChargedIsoPFTauHPS40_Trk1_TightID_eta2p1_Reg', 'HLT_DoubleMediumChargedIsoPFTauHPS35_Trk1_eta2p1_Reg'], best_paths=['HLT_DoubleTightChargedIsoPFTauHPS35_Trk1_TightID_eta2p1_Reg', 'HLT_DoubleTightChargedIsoPFTauHPS40_Trk1_eta2p1_Reg', 'HLT_DoubleMediumChargedIsoPFTauHPS40_Trk1_TightID_eta2p1_Reg', 'HLT_DoubleMediumChargedIsoPFTauHPS35_Trk1_eta2p1_Reg'] 

current paths = [('HLT_DoubleTightChargedIsoPFTauHPS35_Trk1_TightID_eta2p1_Reg', 0.705019176254794), ('HLT_DoubleTightChargedIsoPFTauHPS40_Trk1_eta2p1_Reg', 0.705019176254794), ('HLT_DoubleMediumChargedIsoPFTauHPS40_Trk1_TightID_eta2p1_Reg', 0.705019176254794), ('HLT_DoubleMediumChargedIsoPFTauHPS35_Trk1_eta2p1_Reg', 0.9998332499583126)] 
('HLT_DoubleTightChargedIsoPFTauHPS35_Trk1_TightID_eta2p1_Reg', 0.705019176254794)
 HLT_DoubleTightChargedIsoPFTauHPS35_Trk1_TightID_eta2p1_Reg == 1 
('HLT_DoubleTightChargedIsoPFTauHPS40_Trk1_eta2p1_Reg', 0.705019176254794)
 HLT_DoubleTightChargedIsoPFTauHPS35_Trk1_TightID_eta2p1_Reg == 1  ||  HLT_DoubleTightChargedIsoPFTauHPS40_Trk1_eta2p1_Reg == 1 
('HLT_DoubleMediumChargedIsoPFTauHPS40_Trk1_TightID_eta2p1_Reg', 0.705019176254794)
 HLT_DoubleTightChargedIsoPFTauHPS35_Trk1_TightID_eta2p1_Reg == 1  ||  HLT_DoubleTightChargedIsoPFTauHPS40_Trk1_eta2p1_Reg == 1  ||  HLT_DoubleMediumChargedIsoPFTauHPS40_Trk1_TightID_eta2p1_Reg == 1 
('HLT_DoubleMediumChargedIsoPFTauHPS35_Trk1_eta2p1_Reg', 0.9998332499583126)
 HLT_DoubleTightChargedIsoPFTauHPS35_Trk1_TightID_eta2p1_Reg == 1  ||  HLT_DoubleTightChargedIsoPFTauHPS40_Trk1_eta2p1_Reg == 1  ||  HLT_DoubleMediumChargedIsoPFTauHPS40_Trk1_TightID_eta2p1_Reg == 1  ||  HLT_DoubleMediumChargedIsoPFTauHPS35_Trk1_eta2p1_Reg == 1 
[(' HLT_DoubleTightChargedIsoPFTauHPS35_Trk1_TightID_eta2p1_Reg == 1  ||  HLT_DoubleTightChargedIsoPFTauHPS40_Trk1_eta2p1_Reg == 1  ||  HLT_DoubleMediumChargedIsoPFTauHPS40_Trk1_TightID_eta2p1_Reg == 1  ||  HLT_DoubleMediumChargedIsoPFTauHPS35_Trk1_eta2p1_Reg == 1 ', 0.2810886517739939, 0.016043914430999225), (' HLT_DoubleTightChargedIsoPFTauHPS35_Trk1_TightID_eta2p1_Reg == 1  ||  HLT_DoubleTightChargedIsoPFTauHPS40_Trk1_eta2p1_Reg == 1  ||  HLT_DoubleMediumChargedIsoPFTauHPS40_Trk1_TightID_eta2p1_Reg == 1  ||  HLT_DoubleMediumChargedIsoPFTauHPS35_Trk1_eta2p1_Reg == 1 ', 0.2810886517739939, 0.016043914430999225), (' HLT_DoubleTightChargedIsoPFTauHPS35_Trk1_TightID_eta2p1_Reg == 1  ||  HLT_DoubleTightChargedIsoPFTauHPS40_Trk1_eta2p1_Reg == 1  ||  HLT_DoubleMediumChargedIsoPFTauHPS40_Trk1_TightID_eta2p1_Reg == 1  ||  HLT_DoubleMediumChargedIsoPFTauHPS35_Trk1_eta2p1_Reg == 1 ', 0.2810886517739939, 0.016043914430999225), (' HLT_DoubleTightChargedIsoPFTauHPS35_Trk1_TightID_eta2p1_Reg == 1  ||  HLT_DoubleTightChargedIsoPFTauHPS40_Trk1_eta2p1_Reg == 1  ||  HLT_DoubleMediumChargedIsoPFTauHPS40_Trk1_TightID_eta2p1_Reg == 1  ||  HLT_DoubleMediumChargedIsoPFTauHPS35_Trk1_eta2p1_Reg == 1 ', 0.2810886517739939, 0.016043914430999225)]
nPaths = 4 
entro in while 
0 ['HLT_DoubleTightChargedIsoPFTauHPS35_Trk1_TightID_eta2p1_Reg', 'HLT_DoubleTightChargedIsoPFTauHPS40_Trk1_eta2p1_Reg', 'HLT_DoubleMediumChargedIsoPFTauHPS40_Trk1_TightID_eta2p1_Reg', 'HLT_DoubleMediumChargedIsoPFTauHPS35_Trk1_eta2p1_Reg']
all l1 seeds are 0 for the path HLT_Dimuon0_Upsilon_Muon_L1_TM0
all l1 seeds are 0 for the path HLT_Dimuon0_Upsilon_Muon_L1_TM0
all l1 seeds are 0 for the path HLT_Dimuon0_Upsilon_Muon_L1_TM0
all l1 seeds are 0 for the path HLT_Dimuon0_Upsilon_Muon_L1_TM0
all l1 seeds are 0 for the path HLT_Dimuon0_Upsilon_Muon_L1_TM0
entro in while 
1 ['HLT_DoubleTightChargedIsoPFTauHPS35_Trk1_TightID_eta2p1_Reg', 'HLT_DoubleTightChargedIsoPFTauHPS40_Trk1_eta2p1_Reg', 'HLT_DoubleMediumChargedIsoPFTauHPS40_Trk1_TightID_eta2p1_Reg', 'HLT_DoubleMediumChargedIsoPFTauHPS35_Trk1_eta2p1_Reg', 'HLT_AK8PFJet400_TrimMass30']
all l1 seeds are 0 for the path HLT_Dimuon0_Upsilon_Muon_L1_TM0
all l1 seeds are 0 for the path HLT_Dimuon0_Upsilon_Muon_L1_TM0
all l1 seeds are 0 for the path HLT_Dimuon0_Upsilon_Muon_L1_TM0
all l1 seeds are 0 for the path HLT_Dimuon0_Upsilon_Muon_L1_TM0
all l1 seeds are 0 for the path HLT_Dimuon0_Upsilon_Muon_L1_TM0
all l1 seeds are 0 for the path HLT_Dimuon0_Upsilon_Muon_L1_TM0
entro in while 
2 ['HLT_DoubleTightChargedIsoPFTauHPS35_Trk1_TightID_eta2p1_Reg', 'HLT_DoubleTightChargedIsoPFTauHPS40_Trk1_eta2p1_Reg', 'HLT_DoubleMediumChargedIsoPFTauHPS40_Trk1_TightID_eta2p1_Reg', 'HLT_DoubleMediumChargedIsoPFTauHPS35_Trk1_eta2p1_Reg', 'HLT_AK8PFJet400_TrimMass30', 'HLT_MediumChargedIsoPFTau180HighPtRelaxedIso_Trk50_eta2p1']
all l1 seeds are 0 for the path HLT_Dimuon0_Upsilon_Muon_L1_TM0
all l1 seeds are 0 for the path HLT_Dimuon0_Upsilon_Muon_L1_TM0
all l1 seeds are 0 for the path HLT_Dimuon0_Upsilon_Muon_L1_TM0
all l1 seeds are 0 for the path HLT_Dimuon0_Upsilon_Muon_L1_TM0
all l1 seeds are 0 for the path HLT_Dimuon0_Upsilon_Muon_L1_TM0
all l1 seeds are 0 for the path HLT_Dimuon0_Upsilon_Muon_L1_TM0
all l1 seeds are 0 for the path HLT_Dimuon0_Upsilon_Muon_L1_TM0
entro in while 
3 ['HLT_DoubleTightChargedIsoPFTauHPS35_Trk1_TightID_eta2p1_Reg', 'HLT_DoubleTightChargedIsoPFTauHPS40_Trk1_eta2p1_Reg', 'HLT_DoubleMediumChargedIsoPFTauHPS40_Trk1_TightID_eta2p1_Reg', 'HLT_DoubleMediumChargedIsoPFTauHPS35_Trk1_eta2p1_Reg', 'HLT_AK8PFJet400_TrimMass30', 'HLT_MediumChargedIsoPFTau180HighPtRelaxedIso_Trk50_eta2p1', 'HLT_DiJet110_35_Mjj650_PFMET110']
all l1 seeds are 0 for the path HLT_Dimuon0_Upsilon_Muon_L1_TM0
all l1 seeds are 0 for the path HLT_Dimuon0_Upsilon_Muon_L1_TM0
all l1 seeds are 0 for the path HLT_Dimuon0_Upsilon_Muon_L1_TM0
all l1 seeds are 0 for the path HLT_Dimuon0_Upsilon_Muon_L1_TM0
all l1 seeds are 0 for the path HLT_Dimuon0_Upsilon_Muon_L1_TM0
all l1 seeds are 0 for the path HLT_Dimuon0_Upsilon_Muon_L1_TM0
all l1 seeds are 0 for the path HLT_Dimuon0_Upsilon_Muon_L1_TM0
all l1 seeds are 0 for the path HLT_Dimuon0_Upsilon_Muon_L1_TM0
entro in while 
4 ['HLT_DoubleTightChargedIsoPFTauHPS35_Trk1_TightID_eta2p1_Reg', 'HLT_DoubleTightChargedIsoPFTauHPS40_Trk1_eta2p1_Reg', 'HLT_DoubleMediumChargedIsoPFTauHPS40_Trk1_TightID_eta2p1_Reg', 'HLT_DoubleMediumChargedIsoPFTauHPS35_Trk1_eta2p1_Reg', 'HLT_AK8PFJet400_TrimMass30', 'HLT_MediumChargedIsoPFTau180HighPtRelaxedIso_Trk50_eta2p1', 'HLT_DiJet110_35_Mjj650_PFMET110', 'HLT_AK8PFJet330_TrimMass30_PFAK8BoostedDoubleB_np2']
all l1 seeds are 0 for the path HLT_Dimuon0_Upsilon_Muon_L1_TM0
all l1 seeds are 0 for the path HLT_Dimuon0_Upsilon_Muon_L1_TM0
all l1 seeds are 0 for the path HLT_Dimuon0_Upsilon_Muon_L1_TM0
all l1 seeds are 0 for the path HLT_Dimuon0_Upsilon_Muon_L1_TM0
all l1 seeds are 0 for the path HLT_Dimuon0_Upsilon_Muon_L1_TM0
all l1 seeds are 0 for the path HLT_Dimuon0_Upsilon_Muon_L1_TM0
all l1 seeds are 0 for the path HLT_Dimuon0_Upsilon_Muon_L1_TM0
all l1 seeds are 0 for the path HLT_Dimuon0_Upsilon_Muon_L1_TM0
all l1 seeds are 0 for the path HLT_Dimuon0_Upsilon_Muon_L1_TM0
entro in while 
5 ['HLT_DoubleTightChargedIsoPFTauHPS35_Trk1_TightID_eta2p1_Reg', 'HLT_DoubleTightChargedIsoPFTauHPS40_Trk1_eta2p1_Reg', 'HLT_DoubleMediumChargedIsoPFTauHPS40_Trk1_TightID_eta2p1_Reg', 'HLT_DoubleMediumChargedIsoPFTauHPS35_Trk1_eta2p1_Reg', 'HLT_AK8PFJet400_TrimMass30', 'HLT_MediumChargedIsoPFTau180HighPtRelaxedIso_Trk50_eta2p1', 'HLT_DiJet110_35_Mjj650_PFMET110', 'HLT_AK8PFJet330_TrimMass30_PFAK8BoostedDoubleB_np2', 'HLT_Ele115_CaloIdVT_GsfTrkIdT']
all l1 seeds are 0 for the path HLT_Dimuon0_Upsilon_Muon_L1_TM0
all l1 seeds are 0 for the path HLT_Dimuon0_Upsilon_Muon_L1_TM0
all l1 seeds are 0 for the path HLT_Dimuon0_Upsilon_Muon_L1_TM0
all l1 seeds are 0 for the path HLT_Dimuon0_Upsilon_Muon_L1_TM0
all l1 seeds are 0 for the path HLT_Dimuon0_Upsilon_Muon_L1_TM0
all l1 seeds are 0 for the path HLT_Dimuon0_Upsilon_Muon_L1_TM0
all l1 seeds are 0 for the path HLT_Dimuon0_Upsilon_Muon_L1_TM0
all l1 seeds are 0 for the path HLT_Dimuon0_Upsilon_Muon_L1_TM0
all l1 seeds are 0 for the path HLT_Dimuon0_Upsilon_Muon_L1_TM0
all l1 seeds are 0 for the path HLT_Dimuon0_Upsilon_Muon_L1_TM0
entro in while 
6 ['HLT_DoubleTightChargedIsoPFTauHPS35_Trk1_TightID_eta2p1_Reg', 'HLT_DoubleTightChargedIsoPFTauHPS40_Trk1_eta2p1_Reg', 'HLT_DoubleMediumChargedIsoPFTauHPS40_Trk1_TightID_eta2p1_Reg', 'HLT_DoubleMediumChargedIsoPFTauHPS35_Trk1_eta2p1_Reg', 'HLT_AK8PFJet400_TrimMass30', 'HLT_MediumChargedIsoPFTau180HighPtRelaxedIso_Trk50_eta2p1', 'HLT_DiJet110_35_Mjj650_PFMET110', 'HLT_AK8PFJet330_TrimMass30_PFAK8BoostedDoubleB_np2', 'HLT_Ele115_CaloIdVT_GsfTrkIdT', 'HLT_QuadPFJet103_88_75_15_DoublePFBTagDeepCSV_1p3_7p7_VBF1']
all l1 seeds are 0 for the path HLT_Dimuon0_Upsilon_Muon_L1_TM0
all l1 seeds are 0 for the path HLT_Dimuon0_Upsilon_Muon_L1_TM0
all l1 seeds are 0 for the path HLT_Dimuon0_Upsilon_Muon_L1_TM0
all l1 seeds are 0 for the path HLT_Dimuon0_Upsilon_Muon_L1_TM0
all l1 seeds are 0 for the path HLT_Dimuon0_Upsilon_Muon_L1_TM0
all l1 seeds are 0 for the path HLT_Dimuon0_Upsilon_Muon_L1_TM0
all l1 seeds are 0 for the path HLT_Dimuon0_Upsilon_Muon_L1_TM0
all l1 seeds are 0 for the path HLT_Dimuon0_Upsilon_Muon_L1_TM0
all l1 seeds are 0 for the path HLT_Dimuon0_Upsilon_Muon_L1_TM0
all l1 seeds are 0 for the path HLT_Dimuon0_Upsilon_Muon_L1_TM0
all l1 seeds are 0 for the path HLT_Dimuon0_Upsilon_Muon_L1_TM0
entro in while 
7 ['HLT_DoubleTightChargedIsoPFTauHPS35_Trk1_TightID_eta2p1_Reg', 'HLT_DoubleTightChargedIsoPFTauHPS40_Trk1_eta2p1_Reg', 'HLT_DoubleMediumChargedIsoPFTauHPS40_Trk1_TightID_eta2p1_Reg', 'HLT_DoubleMediumChargedIsoPFTauHPS35_Trk1_eta2p1_Reg', 'HLT_AK8PFJet400_TrimMass30', 'HLT_MediumChargedIsoPFTau180HighPtRelaxedIso_Trk50_eta2p1', 'HLT_DiJet110_35_Mjj650_PFMET110', 'HLT_AK8PFJet330_TrimMass30_PFAK8BoostedDoubleB_np2', 'HLT_Ele115_CaloIdVT_GsfTrkIdT', 'HLT_QuadPFJet103_88_75_15_DoublePFBTagDeepCSV_1p3_7p7_VBF1', 'HLT_Mu50']
all l1 seeds are 0 for the path HLT_Dimuon0_Upsilon_Muon_L1_TM0
all l1 seeds are 0 for the path HLT_Dimuon0_Upsilon_Muon_L1_TM0
all l1 seeds are 0 for the path HLT_Dimuon0_Upsilon_Muon_L1_TM0
all l1 seeds are 0 for the path HLT_Dimuon0_Upsilon_Muon_L1_TM0
all l1 seeds are 0 for the path HLT_Dimuon0_Upsilon_Muon_L1_TM0
all l1 seeds are 0 for the path HLT_Dimuon0_Upsilon_Muon_L1_TM0
all l1 seeds are 0 for the path HLT_Dimuon0_Upsilon_Muon_L1_TM0
all l1 seeds are 0 for the path HLT_Dimuon0_Upsilon_Muon_L1_TM0
all l1 seeds are 0 for the path HLT_Dimuon0_Upsilon_Muon_L1_TM0
all l1 seeds are 0 for the path HLT_Dimuon0_Upsilon_Muon_L1_TM0
all l1 seeds are 0 for the path HLT_Dimuon0_Upsilon_Muon_L1_TM0
all l1 seeds are 0 for the path HLT_Dimuon0_Upsilon_Muon_L1_TM0
entro in while 
8 ['HLT_DoubleTightChargedIsoPFTauHPS35_Trk1_TightID_eta2p1_Reg', 'HLT_DoubleTightChargedIsoPFTauHPS40_Trk1_eta2p1_Reg', 'HLT_DoubleMediumChargedIsoPFTauHPS40_Trk1_TightID_eta2p1_Reg', 'HLT_DoubleMediumChargedIsoPFTauHPS35_Trk1_eta2p1_Reg', 'HLT_AK8PFJet400_TrimMass30', 'HLT_MediumChargedIsoPFTau180HighPtRelaxedIso_Trk50_eta2p1', 'HLT_DiJet110_35_Mjj650_PFMET110', 'HLT_AK8PFJet330_TrimMass30_PFAK8BoostedDoubleB_np2', 'HLT_Ele115_CaloIdVT_GsfTrkIdT', 'HLT_QuadPFJet103_88_75_15_DoublePFBTagDeepCSV_1p3_7p7_VBF1', 'HLT_Mu50', 'HLT_Photon60_R9Id90_CaloIdL_IsoL_DisplacedIdL_PFHT350MinPFJet15']
all l1 seeds are 0 for the path HLT_Dimuon0_Upsilon_Muon_L1_TM0
all l1 seeds are 0 for the path HLT_Dimuon0_Upsilon_Muon_L1_TM0
all l1 seeds are 0 for the path HLT_Dimuon0_Upsilon_Muon_L1_TM0
all l1 seeds are 0 for the path HLT_Dimuon0_Upsilon_Muon_L1_TM0
all l1 seeds are 0 for the path HLT_Dimuon0_Upsilon_Muon_L1_TM0
all l1 seeds are 0 for the path HLT_Dimuon0_Upsilon_Muon_L1_TM0
all l1 seeds are 0 for the path HLT_Dimuon0_Upsilon_Muon_L1_TM0
all l1 seeds are 0 for the path HLT_Dimuon0_Upsilon_Muon_L1_TM0
all l1 seeds are 0 for the path HLT_Dimuon0_Upsilon_Muon_L1_TM0
all l1 seeds are 0 for the path HLT_Dimuon0_Upsilon_Muon_L1_TM0
all l1 seeds are 0 for the path HLT_Dimuon0_Upsilon_Muon_L1_TM0
all l1 seeds are 0 for the path HLT_Dimuon0_Upsilon_Muon_L1_TM0
all l1 seeds are 0 for the path HLT_Dimuon0_Upsilon_Muon_L1_TM0
best_paths_dict 
 {'M-3000': {'best_paths': [' HLT_DoubleTightChargedIsoPFTauHPS35_Trk1_TightID_eta2p1_Reg == 1  ||  HLT_DoubleTightChargedIsoPFTauHPS40_Trk1_eta2p1_Reg == 1  ||  HLT_DoubleMediumChargedIsoPFTauHPS40_Trk1_TightID_eta2p1_Reg == 1  ||  HLT_DoubleMediumChargedIsoPFTauHPS35_Trk1_eta2p1_Reg == 1 ', 'HLT_AK8PFJet400_TrimMass30', 'HLT_MediumChargedIsoPFTau180HighPtRelaxedIso_Trk50_eta2p1', 'HLT_DiJet110_35_Mjj650_PFMET110', 'HLT_AK8PFJet330_TrimMass30_PFAK8BoostedDoubleB_np2', 'HLT_Ele115_CaloIdVT_GsfTrkIdT', 'HLT_QuadPFJet103_88_75_15_DoublePFBTagDeepCSV_1p3_7p7_VBF1', 'HLT_Mu50', 'HLT_Photon60_R9Id90_CaloIdL_IsoL_DisplacedIdL_PFHT350MinPFJet15', 'HLT_AK8PFJet500'], 'best_eff': [0.2810886517739939, 0.9091890267478155, 0.9375725713894897, 0.9575242444177012, 0.968376892964197, 0.971204466702226, 0.9737089240591097, 0.9747053013686436, 0.9756470115399686, 0.9765713137399087], 'best_eff_err': [0.016043914430999225, 0.028854647525745243, 0.029301585978115007, 0.02961171564903347, 0.029779053486032592, 0.029822497879351813, 0.029860924950208232, 0.029876199094188798, 0.02989062803400709, 0.029904783477788237]}}
dict name = /afs/cern.ch/work/v/vdamante/public//analysis/output/GluGlu_Radion_tauTau_2018//With_iter_0Baseline//GluGlu_Radion_tauTau_allEvts_3000Masses.json
