Running with following options: 
 channel = tauTau 
 machine = lxplus 
 prodMode = GluGlu 
 sample = Radion 
 year = 2018 
 nTriggers = 9 
 iter = iter_0Baseline 
 nEvts = -1 
 mass_points = [1250] 
 best_path_baseline =  
 verbose = 0 
 reco = True 
 
evaluating for mass 1250
['root://xrootd-cms.infn.it///store/mc/RunIIAutumn18NanoAODv7/GluGluToRadionToHHTo2B2Tau_M-1250_narrow_TuneCP5_PSWeights_13TeV-madgraph-pythia8/NANOAODSIM/Nano02Apr2020_102X_upgrade2018_realistic_v21-v1/260000/BFC9C949-DDC2-E94C-B3D7-F5AB12350428.root', 'root://xrootd-cms.infn.it///store/mc/RunIIAutumn18NanoAODv7/GluGluToRadionToHHTo2B2Tau_M-1250_narrow_TuneCP5_PSWeights_13TeV-madgraph-pythia8/NANOAODSIM/Nano02Apr2020_102X_upgrade2018_realistic_v21-v1/270000/DA9ED0C7-AD77-9841-BF06-398358C06A1F.root', 'root://xrootd-cms.infn.it///store/mc/RunIIAutumn18NanoAODv7/GluGluToRadionToHHTo2B2Tau_M-1250_narrow_TuneCP5_PSWeights_13TeV-madgraph-pythia8/NANOAODSIM/Nano02Apr2020_102X_upgrade2018_realistic_v21-v1/130000/D3D0221A-B630-5940-A617-BF106EE0D72E.root', 'root://xrootd-cms.infn.it///store/mc/RunIIAutumn18NanoAODv7/GluGluToRadionToHHTo2B2Tau_M-1250_narrow_TuneCP5_PSWeights_13TeV-madgraph-pythia8/NANOAODSIM/Nano02Apr2020_102X_upgrade2018_realistic_v21-v1/130000/7FB68760-6451-8B4A-AF28-794B30E9C534.root', 'root://xrootd-cms.infn.it///store/mc/RunIIAutumn18NanoAODv7/GluGluToRadionToHHTo2B2Tau_M-1250_narrow_TuneCP5_PSWeights_13TeV-madgraph-pythia8/NANOAODSIM/Nano02Apr2020_102X_upgrade2018_realistic_v21-v1/70000/3811BA73-B5C9-2948-A4FC-3D93AA015044.root', 'root://xrootd-cms.infn.it///store/mc/RunIIAutumn18NanoAODv7/GluGluToRadionToHHTo2B2Tau_M-1250_narrow_TuneCP5_PSWeights_13TeV-madgraph-pythia8/NANOAODSIM/Nano02Apr2020_102X_upgrade2018_realistic_v21-v1/270000/D0B1352D-F945-9F45-A3A7-597AEAEA2015.root', 'root://xrootd-cms.infn.it///store/mc/RunIIAutumn18NanoAODv7/GluGluToRadionToHHTo2B2Tau_M-1250_narrow_TuneCP5_PSWeights_13TeV-madgraph-pythia8/NANOAODSIM/Nano02Apr2020_102X_upgrade2018_realistic_v21-v1/270000/3124BBCE-DA5A-3948-88CE-76E7A62A7688.root', 'root://xrootd-cms.infn.it///store/mc/RunIIAutumn18NanoAODv7/GluGluToRadionToHHTo2B2Tau_M-1250_narrow_TuneCP5_PSWeights_13TeV-madgraph-pythia8/NANOAODSIM/Nano02Apr2020_102X_upgrade2018_realistic_v21-v1/120000/0FD770C7-3383-E34E-B7B0-3F9D72F381AB.root']
filtering for channel tauTau
filtered for channel tauTau
before any filling, baseline path are [] 

['HLT_Ele32_WPTight_Gsf', 'HLT_Ele35_WPTight_Gsf', 'HLT_Ele24_eta2p1_WPTight_Gsf_LooseChargedIsoPFTauHPS30_eta2p1_CrossL1']
current baseline path are ['HLT_DoubleTightChargedIsoPFTauHPS35_Trk1_TightID_eta2p1_Reg', 'HLT_DoubleTightChargedIsoPFTauHPS40_Trk1_eta2p1_Reg', 'HLT_DoubleMediumChargedIsoPFTauHPS40_Trk1_TightID_eta2p1_Reg', 'HLT_DoubleMediumChargedIsoPFTauHPS35_Trk1_eta2p1_Reg'] 

nTriggers=9, best_paths_baseline=['HLT_DoubleTightChargedIsoPFTauHPS35_Trk1_TightID_eta2p1_Reg', 'HLT_DoubleTightChargedIsoPFTauHPS40_Trk1_eta2p1_Reg', 'HLT_DoubleMediumChargedIsoPFTauHPS40_Trk1_TightID_eta2p1_Reg', 'HLT_DoubleMediumChargedIsoPFTauHPS35_Trk1_eta2p1_Reg'], best_paths=['HLT_DoubleTightChargedIsoPFTauHPS35_Trk1_TightID_eta2p1_Reg', 'HLT_DoubleTightChargedIsoPFTauHPS40_Trk1_eta2p1_Reg', 'HLT_DoubleMediumChargedIsoPFTauHPS40_Trk1_TightID_eta2p1_Reg', 'HLT_DoubleMediumChargedIsoPFTauHPS35_Trk1_eta2p1_Reg'] 

current paths = [('HLT_DoubleTightChargedIsoPFTauHPS35_Trk1_TightID_eta2p1_Reg', 0.705019176254794), ('HLT_DoubleTightChargedIsoPFTauHPS40_Trk1_eta2p1_Reg', 0.705019176254794), ('HLT_DoubleMediumChargedIsoPFTauHPS40_Trk1_TightID_eta2p1_Reg', 0.705019176254794), ('HLT_DoubleMediumChargedIsoPFTauHPS35_Trk1_eta2p1_Reg', 0.9998332499583126)] 
('HLT_DoubleTightChargedIsoPFTauHPS35_Trk1_TightID_eta2p1_Reg', 0.705019176254794)
 HLT_DoubleTightChargedIsoPFTauHPS35_Trk1_TightID_eta2p1_Reg == 1 
('HLT_DoubleTightChargedIsoPFTauHPS40_Trk1_eta2p1_Reg', 0.705019176254794)
 HLT_DoubleTightChargedIsoPFTauHPS35_Trk1_TightID_eta2p1_Reg == 1  ||  HLT_DoubleTightChargedIsoPFTauHPS40_Trk1_eta2p1_Reg == 1 
('HLT_DoubleMediumChargedIsoPFTauHPS40_Trk1_TightID_eta2p1_Reg', 0.705019176254794)
 HLT_DoubleTightChargedIsoPFTauHPS35_Trk1_TightID_eta2p1_Reg == 1  ||  HLT_DoubleTightChargedIsoPFTauHPS40_Trk1_eta2p1_Reg == 1  ||  HLT_DoubleMediumChargedIsoPFTauHPS40_Trk1_TightID_eta2p1_Reg == 1 
('HLT_DoubleMediumChargedIsoPFTauHPS35_Trk1_eta2p1_Reg', 0.9998332499583126)
 HLT_DoubleTightChargedIsoPFTauHPS35_Trk1_TightID_eta2p1_Reg == 1  ||  HLT_DoubleTightChargedIsoPFTauHPS40_Trk1_eta2p1_Reg == 1  ||  HLT_DoubleMediumChargedIsoPFTauHPS40_Trk1_TightID_eta2p1_Reg == 1  ||  HLT_DoubleMediumChargedIsoPFTauHPS35_Trk1_eta2p1_Reg == 1 
[(' HLT_DoubleTightChargedIsoPFTauHPS35_Trk1_TightID_eta2p1_Reg == 1  ||  HLT_DoubleTightChargedIsoPFTauHPS40_Trk1_eta2p1_Reg == 1  ||  HLT_DoubleMediumChargedIsoPFTauHPS40_Trk1_TightID_eta2p1_Reg == 1  ||  HLT_DoubleMediumChargedIsoPFTauHPS35_Trk1_eta2p1_Reg == 1 ', 0.5147287111147075, 0.007652784158201686), (' HLT_DoubleTightChargedIsoPFTauHPS35_Trk1_TightID_eta2p1_Reg == 1  ||  HLT_DoubleTightChargedIsoPFTauHPS40_Trk1_eta2p1_Reg == 1  ||  HLT_DoubleMediumChargedIsoPFTauHPS40_Trk1_TightID_eta2p1_Reg == 1  ||  HLT_DoubleMediumChargedIsoPFTauHPS35_Trk1_eta2p1_Reg == 1 ', 0.5147287111147075, 0.007652784158201686), (' HLT_DoubleTightChargedIsoPFTauHPS35_Trk1_TightID_eta2p1_Reg == 1  ||  HLT_DoubleTightChargedIsoPFTauHPS40_Trk1_eta2p1_Reg == 1  ||  HLT_DoubleMediumChargedIsoPFTauHPS40_Trk1_TightID_eta2p1_Reg == 1  ||  HLT_DoubleMediumChargedIsoPFTauHPS35_Trk1_eta2p1_Reg == 1 ', 0.5147287111147075, 0.007652784158201686), (' HLT_DoubleTightChargedIsoPFTauHPS35_Trk1_TightID_eta2p1_Reg == 1  ||  HLT_DoubleTightChargedIsoPFTauHPS40_Trk1_eta2p1_Reg == 1  ||  HLT_DoubleMediumChargedIsoPFTauHPS40_Trk1_TightID_eta2p1_Reg == 1  ||  HLT_DoubleMediumChargedIsoPFTauHPS35_Trk1_eta2p1_Reg == 1 ', 0.5147287111147075, 0.007652784158201686)]
nPaths = 4 
entro in while 
0 ['HLT_DoubleTightChargedIsoPFTauHPS35_Trk1_TightID_eta2p1_Reg', 'HLT_DoubleTightChargedIsoPFTauHPS40_Trk1_eta2p1_Reg', 'HLT_DoubleMediumChargedIsoPFTauHPS40_Trk1_TightID_eta2p1_Reg', 'HLT_DoubleMediumChargedIsoPFTauHPS35_Trk1_eta2p1_Reg']
all l1 seeds are 0 for the path HLT_Dimuon0_Upsilon_Muon_L1_TM0
all l1 seeds are 0 for the path HLT_Dimuon0_Upsilon_Muon_L1_TM0
all l1 seeds are 0 for the path HLT_Dimuon0_Upsilon_Muon_L1_TM0
all l1 seeds are 0 for the path HLT_Dimuon0_Upsilon_Muon_L1_TM0
all l1 seeds are 0 for the path HLT_Dimuon0_Upsilon_Muon_L1_TM0
entro in while 
1 ['HLT_DoubleTightChargedIsoPFTauHPS35_Trk1_TightID_eta2p1_Reg', 'HLT_DoubleTightChargedIsoPFTauHPS40_Trk1_eta2p1_Reg', 'HLT_DoubleMediumChargedIsoPFTauHPS40_Trk1_TightID_eta2p1_Reg', 'HLT_DoubleMediumChargedIsoPFTauHPS35_Trk1_eta2p1_Reg', 'HLT_AK8PFJet330_TrimMass30_PFAK8BoostedDoubleB_np4']
all l1 seeds are 0 for the path HLT_Dimuon0_Upsilon_Muon_L1_TM0
all l1 seeds are 0 for the path HLT_Dimuon0_Upsilon_Muon_L1_TM0
all l1 seeds are 0 for the path HLT_Dimuon0_Upsilon_Muon_L1_TM0
all l1 seeds are 0 for the path HLT_Dimuon0_Upsilon_Muon_L1_TM0
all l1 seeds are 0 for the path HLT_Dimuon0_Upsilon_Muon_L1_TM0
all l1 seeds are 0 for the path HLT_Dimuon0_Upsilon_Muon_L1_TM0
entro in while 
2 ['HLT_DoubleTightChargedIsoPFTauHPS35_Trk1_TightID_eta2p1_Reg', 'HLT_DoubleTightChargedIsoPFTauHPS40_Trk1_eta2p1_Reg', 'HLT_DoubleMediumChargedIsoPFTauHPS40_Trk1_TightID_eta2p1_Reg', 'HLT_DoubleMediumChargedIsoPFTauHPS35_Trk1_eta2p1_Reg', 'HLT_AK8PFJet330_TrimMass30_PFAK8BoostedDoubleB_np4', 'HLT_PFHT500_PFMET100_PFMHT100_IDTight']
all l1 seeds are 0 for the path HLT_Dimuon0_Upsilon_Muon_L1_TM0
all l1 seeds are 0 for the path HLT_Dimuon0_Upsilon_Muon_L1_TM0
all l1 seeds are 0 for the path HLT_Dimuon0_Upsilon_Muon_L1_TM0
all l1 seeds are 0 for the path HLT_Dimuon0_Upsilon_Muon_L1_TM0
all l1 seeds are 0 for the path HLT_Dimuon0_Upsilon_Muon_L1_TM0
all l1 seeds are 0 for the path HLT_Dimuon0_Upsilon_Muon_L1_TM0
all l1 seeds are 0 for the path HLT_Dimuon0_Upsilon_Muon_L1_TM0
entro in while 
3 ['HLT_DoubleTightChargedIsoPFTauHPS35_Trk1_TightID_eta2p1_Reg', 'HLT_DoubleTightChargedIsoPFTauHPS40_Trk1_eta2p1_Reg', 'HLT_DoubleMediumChargedIsoPFTauHPS40_Trk1_TightID_eta2p1_Reg', 'HLT_DoubleMediumChargedIsoPFTauHPS35_Trk1_eta2p1_Reg', 'HLT_AK8PFJet330_TrimMass30_PFAK8BoostedDoubleB_np4', 'HLT_PFHT500_PFMET100_PFMHT100_IDTight', 'HLT_MediumChargedIsoPFTau180HighPtRelaxedIso_Trk50_eta2p1']
all l1 seeds are 0 for the path HLT_Dimuon0_Upsilon_Muon_L1_TM0
all l1 seeds are 0 for the path HLT_Dimuon0_Upsilon_Muon_L1_TM0
all l1 seeds are 0 for the path HLT_Dimuon0_Upsilon_Muon_L1_TM0
all l1 seeds are 0 for the path HLT_Dimuon0_Upsilon_Muon_L1_TM0
all l1 seeds are 0 for the path HLT_Dimuon0_Upsilon_Muon_L1_TM0
all l1 seeds are 0 for the path HLT_Dimuon0_Upsilon_Muon_L1_TM0
all l1 seeds are 0 for the path HLT_Dimuon0_Upsilon_Muon_L1_TM0
all l1 seeds are 0 for the path HLT_Dimuon0_Upsilon_Muon_L1_TM0
entro in while 
4 ['HLT_DoubleTightChargedIsoPFTauHPS35_Trk1_TightID_eta2p1_Reg', 'HLT_DoubleTightChargedIsoPFTauHPS40_Trk1_eta2p1_Reg', 'HLT_DoubleMediumChargedIsoPFTauHPS40_Trk1_TightID_eta2p1_Reg', 'HLT_DoubleMediumChargedIsoPFTauHPS35_Trk1_eta2p1_Reg', 'HLT_AK8PFJet330_TrimMass30_PFAK8BoostedDoubleB_np4', 'HLT_PFHT500_PFMET100_PFMHT100_IDTight', 'HLT_MediumChargedIsoPFTau180HighPtRelaxedIso_Trk50_eta2p1', 'HLT_MonoCentralPFJet80_PFMETNoMu120_PFMHTNoMu120_IDTight']
all l1 seeds are 0 for the path HLT_Dimuon0_Upsilon_Muon_L1_TM0
all l1 seeds are 0 for the path HLT_Dimuon0_Upsilon_Muon_L1_TM0
all l1 seeds are 0 for the path HLT_Dimuon0_Upsilon_Muon_L1_TM0
all l1 seeds are 0 for the path HLT_Dimuon0_Upsilon_Muon_L1_TM0
all l1 seeds are 0 for the path HLT_Dimuon0_Upsilon_Muon_L1_TM0
all l1 seeds are 0 for the path HLT_Dimuon0_Upsilon_Muon_L1_TM0
all l1 seeds are 0 for the path HLT_Dimuon0_Upsilon_Muon_L1_TM0
all l1 seeds are 0 for the path HLT_Dimuon0_Upsilon_Muon_L1_TM0
all l1 seeds are 0 for the path HLT_Dimuon0_Upsilon_Muon_L1_TM0
entro in while 
5 ['HLT_DoubleTightChargedIsoPFTauHPS35_Trk1_TightID_eta2p1_Reg', 'HLT_DoubleTightChargedIsoPFTauHPS40_Trk1_eta2p1_Reg', 'HLT_DoubleMediumChargedIsoPFTauHPS40_Trk1_TightID_eta2p1_Reg', 'HLT_DoubleMediumChargedIsoPFTauHPS35_Trk1_eta2p1_Reg', 'HLT_AK8PFJet330_TrimMass30_PFAK8BoostedDoubleB_np4', 'HLT_PFHT500_PFMET100_PFMHT100_IDTight', 'HLT_MediumChargedIsoPFTau180HighPtRelaxedIso_Trk50_eta2p1', 'HLT_MonoCentralPFJet80_PFMETNoMu120_PFMHTNoMu120_IDTight', 'HLT_PFHT330PT30_QuadPFJet_75_60_45_40_TriplePFBTagDeepCSV_4p5']
all l1 seeds are 0 for the path HLT_Dimuon0_Upsilon_Muon_L1_TM0
all l1 seeds are 0 for the path HLT_Dimuon0_Upsilon_Muon_L1_TM0
all l1 seeds are 0 for the path HLT_Dimuon0_Upsilon_Muon_L1_TM0
all l1 seeds are 0 for the path HLT_Dimuon0_Upsilon_Muon_L1_TM0
all l1 seeds are 0 for the path HLT_Dimuon0_Upsilon_Muon_L1_TM0
all l1 seeds are 0 for the path HLT_Dimuon0_Upsilon_Muon_L1_TM0
all l1 seeds are 0 for the path HLT_Dimuon0_Upsilon_Muon_L1_TM0
all l1 seeds are 0 for the path HLT_Dimuon0_Upsilon_Muon_L1_TM0
all l1 seeds are 0 for the path HLT_Dimuon0_Upsilon_Muon_L1_TM0
all l1 seeds are 0 for the path HLT_Dimuon0_Upsilon_Muon_L1_TM0
entro in while 
6 ['HLT_DoubleTightChargedIsoPFTauHPS35_Trk1_TightID_eta2p1_Reg', 'HLT_DoubleTightChargedIsoPFTauHPS40_Trk1_eta2p1_Reg', 'HLT_DoubleMediumChargedIsoPFTauHPS40_Trk1_TightID_eta2p1_Reg', 'HLT_DoubleMediumChargedIsoPFTauHPS35_Trk1_eta2p1_Reg', 'HLT_AK8PFJet330_TrimMass30_PFAK8BoostedDoubleB_np4', 'HLT_PFHT500_PFMET100_PFMHT100_IDTight', 'HLT_MediumChargedIsoPFTau180HighPtRelaxedIso_Trk50_eta2p1', 'HLT_MonoCentralPFJet80_PFMETNoMu120_PFMHTNoMu120_IDTight', 'HLT_PFHT330PT30_QuadPFJet_75_60_45_40_TriplePFBTagDeepCSV_4p5', 'HLT_HT650_DisplacedDijet60_Inclusive']
all l1 seeds are 0 for the path HLT_Dimuon0_Upsilon_Muon_L1_TM0
all l1 seeds are 0 for the path HLT_Dimuon0_Upsilon_Muon_L1_TM0
all l1 seeds are 0 for the path HLT_Dimuon0_Upsilon_Muon_L1_TM0
all l1 seeds are 0 for the path HLT_Dimuon0_Upsilon_Muon_L1_TM0
all l1 seeds are 0 for the path HLT_Dimuon0_Upsilon_Muon_L1_TM0
all l1 seeds are 0 for the path HLT_Dimuon0_Upsilon_Muon_L1_TM0
all l1 seeds are 0 for the path HLT_Dimuon0_Upsilon_Muon_L1_TM0
all l1 seeds are 0 for the path HLT_Dimuon0_Upsilon_Muon_L1_TM0
all l1 seeds are 0 for the path HLT_Dimuon0_Upsilon_Muon_L1_TM0
all l1 seeds are 0 for the path HLT_Dimuon0_Upsilon_Muon_L1_TM0
all l1 seeds are 0 for the path HLT_Dimuon0_Upsilon_Muon_L1_TM0
entro in while 
7 ['HLT_DoubleTightChargedIsoPFTauHPS35_Trk1_TightID_eta2p1_Reg', 'HLT_DoubleTightChargedIsoPFTauHPS40_Trk1_eta2p1_Reg', 'HLT_DoubleMediumChargedIsoPFTauHPS40_Trk1_TightID_eta2p1_Reg', 'HLT_DoubleMediumChargedIsoPFTauHPS35_Trk1_eta2p1_Reg', 'HLT_AK8PFJet330_TrimMass30_PFAK8BoostedDoubleB_np4', 'HLT_PFHT500_PFMET100_PFMHT100_IDTight', 'HLT_MediumChargedIsoPFTau180HighPtRelaxedIso_Trk50_eta2p1', 'HLT_MonoCentralPFJet80_PFMETNoMu120_PFMHTNoMu120_IDTight', 'HLT_PFHT330PT30_QuadPFJet_75_60_45_40_TriplePFBTagDeepCSV_4p5', 'HLT_HT650_DisplacedDijet60_Inclusive', 'HLT_QuadPFJet103_88_75_15_DoublePFBTagDeepCSV_1p3_7p7_VBF1']
all l1 seeds are 0 for the path HLT_Dimuon0_Upsilon_Muon_L1_TM0
all l1 seeds are 0 for the path HLT_Dimuon0_Upsilon_Muon_L1_TM0
all l1 seeds are 0 for the path HLT_Dimuon0_Upsilon_Muon_L1_TM0
all l1 seeds are 0 for the path HLT_Dimuon0_Upsilon_Muon_L1_TM0
all l1 seeds are 0 for the path HLT_Dimuon0_Upsilon_Muon_L1_TM0
all l1 seeds are 0 for the path HLT_Dimuon0_Upsilon_Muon_L1_TM0
all l1 seeds are 0 for the path HLT_Dimuon0_Upsilon_Muon_L1_TM0
all l1 seeds are 0 for the path HLT_Dimuon0_Upsilon_Muon_L1_TM0
all l1 seeds are 0 for the path HLT_Dimuon0_Upsilon_Muon_L1_TM0
all l1 seeds are 0 for the path HLT_Dimuon0_Upsilon_Muon_L1_TM0
all l1 seeds are 0 for the path HLT_Dimuon0_Upsilon_Muon_L1_TM0
all l1 seeds are 0 for the path HLT_Dimuon0_Upsilon_Muon_L1_TM0
entro in while 
8 ['HLT_DoubleTightChargedIsoPFTauHPS35_Trk1_TightID_eta2p1_Reg', 'HLT_DoubleTightChargedIsoPFTauHPS40_Trk1_eta2p1_Reg', 'HLT_DoubleMediumChargedIsoPFTauHPS40_Trk1_TightID_eta2p1_Reg', 'HLT_DoubleMediumChargedIsoPFTauHPS35_Trk1_eta2p1_Reg', 'HLT_AK8PFJet330_TrimMass30_PFAK8BoostedDoubleB_np4', 'HLT_PFHT500_PFMET100_PFMHT100_IDTight', 'HLT_MediumChargedIsoPFTau180HighPtRelaxedIso_Trk50_eta2p1', 'HLT_MonoCentralPFJet80_PFMETNoMu120_PFMHTNoMu120_IDTight', 'HLT_PFHT330PT30_QuadPFJet_75_60_45_40_TriplePFBTagDeepCSV_4p5', 'HLT_HT650_DisplacedDijet60_Inclusive', 'HLT_QuadPFJet103_88_75_15_DoublePFBTagDeepCSV_1p3_7p7_VBF1', 'HLT_AK8PFJet400_TrimMass30']
all l1 seeds are 0 for the path HLT_Dimuon0_Upsilon_Muon_L1_TM0
all l1 seeds are 0 for the path HLT_Dimuon0_Upsilon_Muon_L1_TM0
all l1 seeds are 0 for the path HLT_Dimuon0_Upsilon_Muon_L1_TM0
all l1 seeds are 0 for the path HLT_Dimuon0_Upsilon_Muon_L1_TM0
all l1 seeds are 0 for the path HLT_Dimuon0_Upsilon_Muon_L1_TM0
all l1 seeds are 0 for the path HLT_Dimuon0_Upsilon_Muon_L1_TM0
all l1 seeds are 0 for the path HLT_Dimuon0_Upsilon_Muon_L1_TM0
all l1 seeds are 0 for the path HLT_Dimuon0_Upsilon_Muon_L1_TM0
all l1 seeds are 0 for the path HLT_Dimuon0_Upsilon_Muon_L1_TM0
all l1 seeds are 0 for the path HLT_Dimuon0_Upsilon_Muon_L1_TM0
all l1 seeds are 0 for the path HLT_Dimuon0_Upsilon_Muon_L1_TM0
all l1 seeds are 0 for the path HLT_Dimuon0_Upsilon_Muon_L1_TM0
all l1 seeds are 0 for the path HLT_Dimuon0_Upsilon_Muon_L1_TM0
best_paths_dict 
 {'M-1250': {'best_paths': [' HLT_DoubleTightChargedIsoPFTauHPS35_Trk1_TightID_eta2p1_Reg == 1  ||  HLT_DoubleTightChargedIsoPFTauHPS40_Trk1_eta2p1_Reg == 1  ||  HLT_DoubleMediumChargedIsoPFTauHPS40_Trk1_TightID_eta2p1_Reg == 1  ||  HLT_DoubleMediumChargedIsoPFTauHPS35_Trk1_eta2p1_Reg == 1 ', 'HLT_AK8PFJet330_TrimMass30_PFAK8BoostedDoubleB_np4', 'HLT_PFHT500_PFMET100_PFMHT100_IDTight', 'HLT_MediumChargedIsoPFTau180HighPtRelaxedIso_Trk50_eta2p1', 'HLT_MonoCentralPFJet80_PFMETNoMu120_PFMHTNoMu120_IDTight', 'HLT_PFHT330PT30_QuadPFJet_75_60_45_40_TriplePFBTagDeepCSV_4p5', 'HLT_HT650_DisplacedDijet60_Inclusive', 'HLT_QuadPFJet103_88_75_15_DoublePFBTagDeepCSV_1p3_7p7_VBF1', 'HLT_AK8PFJet400_TrimMass30', 'HLT_Mu50'], 'best_eff': [0.5147287111147075, 0.8498816101264418, 0.893322528826004, 0.9219754565717746, 0.9296642480604743, 0.9358038331941859, 0.9405890793842382, 0.9443231116068571, 0.9479512768101769, 0.950346963977536], 'best_eff_err': [0.007652784158201686, 0.009833530831138186, 0.010081714881353959, 0.010242122073941243, 0.010284740366573987, 0.010318645149840064, 0.010344993778521418, 0.010365507666644373, 0.010385401133178618, 0.010398515980538392]}}
dict name = /afs/cern.ch/work/v/vdamante/public//analysis/output/GluGlu_Radion_tauTau_2018//With_iter_0Baseline//GluGlu_Radion_tauTau_allEvts_1250Masses.json
