Running with following options: 
 channel = tauTau 
 machine = lxplus 
 prodMode = GluGlu 
 sample = Radion 
 year = 2018 
 nTriggers = -1 
 iter = baseline 
 nEvts = -1 
 mass_points = [500] 
 best_path_baseline =  
 verbose = 0 
 reco = True 
 
evaluating for mass 500
['root://xrootd-cms.infn.it///store/mc/RunIIAutumn18NanoAODv7/GluGluToRadionToHHTo2B2Tau_M-500_narrow_TuneCP5_PSWeights_13TeV-madgraph-pythia8/NANOAODSIM/Nano02Apr2020_102X_upgrade2018_realistic_v21-v1/260000/E99A0807-9999-BC49-8ABC-D9EDCC9956FC.root', 'root://xrootd-cms.infn.it///store/mc/RunIIAutumn18NanoAODv7/GluGluToRadionToHHTo2B2Tau_M-500_narrow_TuneCP5_PSWeights_13TeV-madgraph-pythia8/NANOAODSIM/Nano02Apr2020_102X_upgrade2018_realistic_v21-v1/70000/53A3E043-42E3-1040-B49E-F58EA8CDD34F.root', 'root://xrootd-cms.infn.it///store/mc/RunIIAutumn18NanoAODv7/GluGluToRadionToHHTo2B2Tau_M-500_narrow_TuneCP5_PSWeights_13TeV-madgraph-pythia8/NANOAODSIM/Nano02Apr2020_102X_upgrade2018_realistic_v21-v1/100000/61EEFB95-38E3-EC4B-8FB8-C742620965E5.root', 'root://xrootd-cms.infn.it///store/mc/RunIIAutumn18NanoAODv7/GluGluToRadionToHHTo2B2Tau_M-500_narrow_TuneCP5_PSWeights_13TeV-madgraph-pythia8/NANOAODSIM/Nano02Apr2020_102X_upgrade2018_realistic_v21-v1/260000/B225BD8D-D899-6D48-BB1A-0ACC23C67D8E.root', 'root://xrootd-cms.infn.it///store/mc/RunIIAutumn18NanoAODv7/GluGluToRadionToHHTo2B2Tau_M-500_narrow_TuneCP5_PSWeights_13TeV-madgraph-pythia8/NANOAODSIM/Nano02Apr2020_102X_upgrade2018_realistic_v21-v1/260000/F3C9155A-CF64-2D4B-ADC4-25A4888DF7A1.root', 'root://xrootd-cms.infn.it///store/mc/RunIIAutumn18NanoAODv7/GluGluToRadionToHHTo2B2Tau_M-500_narrow_TuneCP5_PSWeights_13TeV-madgraph-pythia8/NANOAODSIM/Nano02Apr2020_102X_upgrade2018_realistic_v21-v1/120000/7A193BF6-21F4-1045-9039-BE11CC049E10.root']
filtering for channel tauTau
filtered for channel tauTau
current baseline path are ['HLT_DoubleTightChargedIsoPFTau35_Trk1_TightID_eta2p1_Reg', 'HLT_DoubleMediumChargedIsoPFTau40_Trk1_TightID_eta2p1_Reg', 'HLT_DoubleTightChargedIsoPFTau40_Trk1_eta2p1_Reg', 'HLT_DoubleMediumChargedIsoPFTauHPS35_Trk1_eta2p1_Reg']
nTriggers=4, best_paths_baseline=['HLT_DoubleTightChargedIsoPFTau35_Trk1_TightID_eta2p1_Reg', 'HLT_DoubleMediumChargedIsoPFTau40_Trk1_TightID_eta2p1_Reg', 'HLT_DoubleTightChargedIsoPFTau40_Trk1_eta2p1_Reg', 'HLT_DoubleMediumChargedIsoPFTauHPS35_Trk1_eta2p1_Reg'], best_paths=['HLT_DoubleTightChargedIsoPFTau35_Trk1_TightID_eta2p1_Reg', 'HLT_DoubleMediumChargedIsoPFTau40_Trk1_TightID_eta2p1_Reg', 'HLT_DoubleTightChargedIsoPFTau40_Trk1_eta2p1_Reg', 'HLT_DoubleMediumChargedIsoPFTauHPS35_Trk1_eta2p1_Reg']
current paths = [('HLT_DoubleTightChargedIsoPFTau35_Trk1_TightID_eta2p1_Reg', 0.2948140737035184), ('HLT_DoubleMediumChargedIsoPFTau40_Trk1_TightID_eta2p1_Reg', 0.2948140737035184), ('HLT_DoubleTightChargedIsoPFTau40_Trk1_eta2p1_Reg', 0.2948140737035184), ('HLT_DoubleMediumChargedIsoPFTauHPS35_Trk1_eta2p1_Reg', 0.9998332499583126)] 
column not found HLT_DoubleTightChargedIsoPFTau35_Trk1_TightID_eta2p1_Reg
column not found HLT_DoubleMediumChargedIsoPFTau40_Trk1_TightID_eta2p1_Reg
column not found HLT_DoubleTightChargedIsoPFTau40_Trk1_eta2p1_Reg
