Running with following options: 
 channel = tauTau 
 machine = lxplus 
 prodMode = GluGlu 
 sample = Radion 
 year = 2018 
 nTriggers = 9 
 iter = recomLouis 
 nEvts = -1 
 mass_points = [320] 
 best_path_baseline =  
 verbose = 0 
 reco = True 
 
evaluating for mass 320
filtering for channel tauTau
filtered for channel tauTau
before any filling, baseline path are [] 

13
3
best_paths_dict 
 {'M-320': {'best_paths': [' HLT_DoubleTightChargedIsoPFTauHPS35_Trk1_TightID_eta2p1_Reg == 1  ||  HLT_DoubleTightChargedIsoPFTauHPS40_Trk1_eta2p1_Reg == 1  ||  HLT_DoubleMediumChargedIsoPFTauHPS40_Trk1_TightID_eta2p1_Reg == 1  ||  HLT_DoubleMediumChargedIsoPFTauHPS35_Trk1_eta2p1_Reg == 1  ||  HLT_MediumChargedIsoPFTau180HighPtRelaxedIso_Trk50_eta2p1 == 1  ||  HLT_MediumChargedIsoPFTau180HighPtRelaxedIso_Trk50_eta2p1_1pr == 1  ||  HLT_PFMETNoMu120_PFMHTNoMu120_IDTight == 1  ||  HLT_PFMETNoMu120_PFMHTNoMu120_IDTight_PFHT60 == 1  ||  HLT_MediumChargedIsoPFTau50_Trk30_eta2p1_1pr_MET100 == 1  ||  HLT_MediumChargedIsoPFTau50_Trk30_eta2p1_1pr_MET110 == 1  ||  HLT_MediumChargedIsoPFTau50_Trk30_eta2p1_1pr_MET130 == 1  ||  HLT_MediumChargedIsoPFTau200HighPtRelaxedIso_Trk50_eta2p1 == 1  ||  HLT_MediumChargedIsoPFTau220HighPtRelaxedIso_Trk50_eta2p1 == 1 '], 'best_eff': [0.20304607048749757], 'best_eff_err': [0.0032338316920998687]}}
dict name = /afs/cern.ch/work/v/vdamante/public//analysis/output/GluGlu_Radion_tauTau_2018//With_recomLouis//GluGlu_Radion_tauTau_allEvts_320Masses.json
