Running with following options: 
 channel = tauTau 
 machine = lxplus 
 prodMode = GluGlu 
 sample = Radion 
 year = 2018 
 nTriggers = 9 
 iter = iter_0Baseline 
 nEvts = -1 
 mass_points = [600] 
 best_path_baseline =  
 verbose = 0 
 reco = True 
 
evaluating for mass 600
['root://xrootd-cms.infn.it///store/mc/RunIIAutumn18NanoAODv7/GluGluToRadionToHHTo2B2Tau_M-600_narrow_TuneCP5_PSWeights_13TeV-madgraph-pythia8/NANOAODSIM/Nano02Apr2020_102X_upgrade2018_realistic_v21-v1/70000/28387EA7-15A7-C44D-A3BE-EAD378895A1C.root', 'root://xrootd-cms.infn.it///store/mc/RunIIAutumn18NanoAODv7/GluGluToRadionToHHTo2B2Tau_M-600_narrow_TuneCP5_PSWeights_13TeV-madgraph-pythia8/NANOAODSIM/Nano02Apr2020_102X_upgrade2018_realistic_v21-v1/100000/03860C52-5E15-DE41-BEE8-080F1ED37D0F.root', 'root://xrootd-cms.infn.it///store/mc/RunIIAutumn18NanoAODv7/GluGluToRadionToHHTo2B2Tau_M-600_narrow_TuneCP5_PSWeights_13TeV-madgraph-pythia8/NANOAODSIM/Nano02Apr2020_102X_upgrade2018_realistic_v21-v1/60000/09FC6766-540B-C64F-8341-815EA2323D80.root', 'root://xrootd-cms.infn.it///store/mc/RunIIAutumn18NanoAODv7/GluGluToRadionToHHTo2B2Tau_M-600_narrow_TuneCP5_PSWeights_13TeV-madgraph-pythia8/NANOAODSIM/Nano02Apr2020_102X_upgrade2018_realistic_v21-v1/260000/39715A9C-8D3E-C849-BD64-1B9273D881C7.root', 'root://xrootd-cms.infn.it///store/mc/RunIIAutumn18NanoAODv7/GluGluToRadionToHHTo2B2Tau_M-600_narrow_TuneCP5_PSWeights_13TeV-madgraph-pythia8/NANOAODSIM/Nano02Apr2020_102X_upgrade2018_realistic_v21-v1/270000/F1967F1A-655A-C545-BD92-68DDF3F04825.root', 'root://xrootd-cms.infn.it///store/mc/RunIIAutumn18NanoAODv7/GluGluToRadionToHHTo2B2Tau_M-600_narrow_TuneCP5_PSWeights_13TeV-madgraph-pythia8/NANOAODSIM/Nano02Apr2020_102X_upgrade2018_realistic_v21-v1/60000/2FFB5F08-9224-E141-81D1-E36ED560AFF9.root', 'root://xrootd-cms.infn.it///store/mc/RunIIAutumn18NanoAODv7/GluGluToRadionToHHTo2B2Tau_M-600_narrow_TuneCP5_PSWeights_13TeV-madgraph-pythia8/NANOAODSIM/Nano02Apr2020_102X_upgrade2018_realistic_v21-v1/130000/95B6BB3E-E53C-5540-A7B0-9A4A8275D321.root', 'root://xrootd-cms.infn.it///store/mc/RunIIAutumn18NanoAODv7/GluGluToRadionToHHTo2B2Tau_M-600_narrow_TuneCP5_PSWeights_13TeV-madgraph-pythia8/NANOAODSIM/Nano02Apr2020_102X_upgrade2018_realistic_v21-v1/120000/96068905-5F7C-0C4A-B2D7-D1DBDA10D182.root', 'root://xrootd-cms.infn.it///store/mc/RunIIAutumn18NanoAODv7/GluGluToRadionToHHTo2B2Tau_M-600_narrow_TuneCP5_PSWeights_13TeV-madgraph-pythia8/NANOAODSIM/Nano02Apr2020_102X_upgrade2018_realistic_v21-v1/120000/CD7FAE4E-22E6-A947-B319-F1DD58C92C1B.root']
filtering for channel tauTau
filtered for channel tauTau
before any filling, baseline path are [] 

['HLT_Ele32_WPTight_Gsf', 'HLT_Ele35_WPTight_Gsf', 'HLT_Ele24_eta2p1_WPTight_Gsf_LooseChargedIsoPFTauHPS30_eta2p1_CrossL1']
current baseline path are ['HLT_DoubleTightChargedIsoPFTauHPS35_Trk1_TightID_eta2p1_Reg', 'HLT_DoubleTightChargedIsoPFTauHPS40_Trk1_eta2p1_Reg', 'HLT_DoubleMediumChargedIsoPFTauHPS40_Trk1_TightID_eta2p1_Reg', 'HLT_DoubleMediumChargedIsoPFTauHPS35_Trk1_eta2p1_Reg'] 

nTriggers=9, best_paths_baseline=['HLT_DoubleTightChargedIsoPFTauHPS35_Trk1_TightID_eta2p1_Reg', 'HLT_DoubleTightChargedIsoPFTauHPS40_Trk1_eta2p1_Reg', 'HLT_DoubleMediumChargedIsoPFTauHPS40_Trk1_TightID_eta2p1_Reg', 'HLT_DoubleMediumChargedIsoPFTauHPS35_Trk1_eta2p1_Reg'], best_paths=['HLT_DoubleTightChargedIsoPFTauHPS35_Trk1_TightID_eta2p1_Reg', 'HLT_DoubleTightChargedIsoPFTauHPS40_Trk1_eta2p1_Reg', 'HLT_DoubleMediumChargedIsoPFTauHPS40_Trk1_TightID_eta2p1_Reg', 'HLT_DoubleMediumChargedIsoPFTauHPS35_Trk1_eta2p1_Reg'] 

current paths = [('HLT_DoubleTightChargedIsoPFTauHPS35_Trk1_TightID_eta2p1_Reg', 0.705019176254794), ('HLT_DoubleTightChargedIsoPFTauHPS40_Trk1_eta2p1_Reg', 0.705019176254794), ('HLT_DoubleMediumChargedIsoPFTauHPS40_Trk1_TightID_eta2p1_Reg', 0.705019176254794), ('HLT_DoubleMediumChargedIsoPFTauHPS35_Trk1_eta2p1_Reg', 0.9998332499583126)] 
('HLT_DoubleTightChargedIsoPFTauHPS35_Trk1_TightID_eta2p1_Reg', 0.705019176254794)
 HLT_DoubleTightChargedIsoPFTauHPS35_Trk1_TightID_eta2p1_Reg == 1 
('HLT_DoubleTightChargedIsoPFTauHPS40_Trk1_eta2p1_Reg', 0.705019176254794)
 HLT_DoubleTightChargedIsoPFTauHPS35_Trk1_TightID_eta2p1_Reg == 1  ||  HLT_DoubleTightChargedIsoPFTauHPS40_Trk1_eta2p1_Reg == 1 
('HLT_DoubleMediumChargedIsoPFTauHPS40_Trk1_TightID_eta2p1_Reg', 0.705019176254794)
 HLT_DoubleTightChargedIsoPFTauHPS35_Trk1_TightID_eta2p1_Reg == 1  ||  HLT_DoubleTightChargedIsoPFTauHPS40_Trk1_eta2p1_Reg == 1  ||  HLT_DoubleMediumChargedIsoPFTauHPS40_Trk1_TightID_eta2p1_Reg == 1 
('HLT_DoubleMediumChargedIsoPFTauHPS35_Trk1_eta2p1_Reg', 0.9998332499583126)
 HLT_DoubleTightChargedIsoPFTauHPS35_Trk1_TightID_eta2p1_Reg == 1  ||  HLT_DoubleTightChargedIsoPFTauHPS40_Trk1_eta2p1_Reg == 1  ||  HLT_DoubleMediumChargedIsoPFTauHPS40_Trk1_TightID_eta2p1_Reg == 1  ||  HLT_DoubleMediumChargedIsoPFTauHPS35_Trk1_eta2p1_Reg == 1 
[(' HLT_DoubleTightChargedIsoPFTauHPS35_Trk1_TightID_eta2p1_Reg == 1  ||  HLT_DoubleTightChargedIsoPFTauHPS40_Trk1_eta2p1_Reg == 1  ||  HLT_DoubleMediumChargedIsoPFTauHPS40_Trk1_TightID_eta2p1_Reg == 1  ||  HLT_DoubleMediumChargedIsoPFTauHPS35_Trk1_eta2p1_Reg == 1 ', 0.45600820597113223, 0.004630447911809425), (' HLT_DoubleTightChargedIsoPFTauHPS35_Trk1_TightID_eta2p1_Reg == 1  ||  HLT_DoubleTightChargedIsoPFTauHPS40_Trk1_eta2p1_Reg == 1  ||  HLT_DoubleMediumChargedIsoPFTauHPS40_Trk1_TightID_eta2p1_Reg == 1  ||  HLT_DoubleMediumChargedIsoPFTauHPS35_Trk1_eta2p1_Reg == 1 ', 0.45600820597113223, 0.004630447911809425), (' HLT_DoubleTightChargedIsoPFTauHPS35_Trk1_TightID_eta2p1_Reg == 1  ||  HLT_DoubleTightChargedIsoPFTauHPS40_Trk1_eta2p1_Reg == 1  ||  HLT_DoubleMediumChargedIsoPFTauHPS40_Trk1_TightID_eta2p1_Reg == 1  ||  HLT_DoubleMediumChargedIsoPFTauHPS35_Trk1_eta2p1_Reg == 1 ', 0.45600820597113223, 0.004630447911809425), (' HLT_DoubleTightChargedIsoPFTauHPS35_Trk1_TightID_eta2p1_Reg == 1  ||  HLT_DoubleTightChargedIsoPFTauHPS40_Trk1_eta2p1_Reg == 1  ||  HLT_DoubleMediumChargedIsoPFTauHPS40_Trk1_TightID_eta2p1_Reg == 1  ||  HLT_DoubleMediumChargedIsoPFTauHPS35_Trk1_eta2p1_Reg == 1 ', 0.45600820597113223, 0.004630447911809425)]
nPaths = 4 
entro in while 
0 ['HLT_DoubleTightChargedIsoPFTauHPS35_Trk1_TightID_eta2p1_Reg', 'HLT_DoubleTightChargedIsoPFTauHPS40_Trk1_eta2p1_Reg', 'HLT_DoubleMediumChargedIsoPFTauHPS40_Trk1_TightID_eta2p1_Reg', 'HLT_DoubleMediumChargedIsoPFTauHPS35_Trk1_eta2p1_Reg']
all l1 seeds are 0 for the path HLT_Dimuon0_Upsilon_Muon_L1_TM0
all l1 seeds are 0 for the path HLT_Dimuon0_Upsilon_Muon_L1_TM0
all l1 seeds are 0 for the path HLT_Dimuon0_Upsilon_Muon_L1_TM0
all l1 seeds are 0 for the path HLT_Dimuon0_Upsilon_Muon_L1_TM0
all l1 seeds are 0 for the path HLT_Dimuon0_Upsilon_Muon_L1_TM0
entro in while 
1 ['HLT_DoubleTightChargedIsoPFTauHPS35_Trk1_TightID_eta2p1_Reg', 'HLT_DoubleTightChargedIsoPFTauHPS40_Trk1_eta2p1_Reg', 'HLT_DoubleMediumChargedIsoPFTauHPS40_Trk1_TightID_eta2p1_Reg', 'HLT_DoubleMediumChargedIsoPFTauHPS35_Trk1_eta2p1_Reg', 'HLT_PFMET110_PFMHT110_IDTight_CaloBTagDeepCSV_3p1']
all l1 seeds are 0 for the path HLT_Dimuon0_Upsilon_Muon_L1_TM0
all l1 seeds are 0 for the path HLT_Dimuon0_Upsilon_Muon_L1_TM0
all l1 seeds are 0 for the path HLT_Dimuon0_Upsilon_Muon_L1_TM0
all l1 seeds are 0 for the path HLT_Dimuon0_Upsilon_Muon_L1_TM0
all l1 seeds are 0 for the path HLT_Dimuon0_Upsilon_Muon_L1_TM0
all l1 seeds are 0 for the path HLT_Dimuon0_Upsilon_Muon_L1_TM0
entro in while 
2 ['HLT_DoubleTightChargedIsoPFTauHPS35_Trk1_TightID_eta2p1_Reg', 'HLT_DoubleTightChargedIsoPFTauHPS40_Trk1_eta2p1_Reg', 'HLT_DoubleMediumChargedIsoPFTauHPS40_Trk1_TightID_eta2p1_Reg', 'HLT_DoubleMediumChargedIsoPFTauHPS35_Trk1_eta2p1_Reg', 'HLT_PFMET110_PFMHT110_IDTight_CaloBTagDeepCSV_3p1', 'HLT_MediumChargedIsoPFTau180HighPtRelaxedIso_Trk50_eta2p1']
all l1 seeds are 0 for the path HLT_Dimuon0_Upsilon_Muon_L1_TM0
all l1 seeds are 0 for the path HLT_Dimuon0_Upsilon_Muon_L1_TM0
all l1 seeds are 0 for the path HLT_Dimuon0_Upsilon_Muon_L1_TM0
all l1 seeds are 0 for the path HLT_Dimuon0_Upsilon_Muon_L1_TM0
all l1 seeds are 0 for the path HLT_Dimuon0_Upsilon_Muon_L1_TM0
all l1 seeds are 0 for the path HLT_Dimuon0_Upsilon_Muon_L1_TM0
all l1 seeds are 0 for the path HLT_Dimuon0_Upsilon_Muon_L1_TM0
entro in while 
3 ['HLT_DoubleTightChargedIsoPFTauHPS35_Trk1_TightID_eta2p1_Reg', 'HLT_DoubleTightChargedIsoPFTauHPS40_Trk1_eta2p1_Reg', 'HLT_DoubleMediumChargedIsoPFTauHPS40_Trk1_TightID_eta2p1_Reg', 'HLT_DoubleMediumChargedIsoPFTauHPS35_Trk1_eta2p1_Reg', 'HLT_PFMET110_PFMHT110_IDTight_CaloBTagDeepCSV_3p1', 'HLT_MediumChargedIsoPFTau180HighPtRelaxedIso_Trk50_eta2p1', 'HLT_PFHT330PT30_QuadPFJet_75_60_45_40_TriplePFBTagDeepCSV_4p5']
all l1 seeds are 0 for the path HLT_Dimuon0_Upsilon_Muon_L1_TM0
all l1 seeds are 0 for the path HLT_Dimuon0_Upsilon_Muon_L1_TM0
all l1 seeds are 0 for the path HLT_Dimuon0_Upsilon_Muon_L1_TM0
all l1 seeds are 0 for the path HLT_Dimuon0_Upsilon_Muon_L1_TM0
all l1 seeds are 0 for the path HLT_Dimuon0_Upsilon_Muon_L1_TM0
all l1 seeds are 0 for the path HLT_Dimuon0_Upsilon_Muon_L1_TM0
all l1 seeds are 0 for the path HLT_Dimuon0_Upsilon_Muon_L1_TM0
all l1 seeds are 0 for the path HLT_Dimuon0_Upsilon_Muon_L1_TM0
entro in while 
4 ['HLT_DoubleTightChargedIsoPFTauHPS35_Trk1_TightID_eta2p1_Reg', 'HLT_DoubleTightChargedIsoPFTauHPS40_Trk1_eta2p1_Reg', 'HLT_DoubleMediumChargedIsoPFTauHPS40_Trk1_TightID_eta2p1_Reg', 'HLT_DoubleMediumChargedIsoPFTauHPS35_Trk1_eta2p1_Reg', 'HLT_PFMET110_PFMHT110_IDTight_CaloBTagDeepCSV_3p1', 'HLT_MediumChargedIsoPFTau180HighPtRelaxedIso_Trk50_eta2p1', 'HLT_PFHT330PT30_QuadPFJet_75_60_45_40_TriplePFBTagDeepCSV_4p5', 'HLT_DoublePFJets116MaxDeta1p6_DoubleCaloBTagDeepCSV_p71']
all l1 seeds are 0 for the path HLT_Dimuon0_Upsilon_Muon_L1_TM0
all l1 seeds are 0 for the path HLT_Dimuon0_Upsilon_Muon_L1_TM0
all l1 seeds are 0 for the path HLT_Dimuon0_Upsilon_Muon_L1_TM0
all l1 seeds are 0 for the path HLT_Dimuon0_Upsilon_Muon_L1_TM0
all l1 seeds are 0 for the path HLT_Dimuon0_Upsilon_Muon_L1_TM0
all l1 seeds are 0 for the path HLT_Dimuon0_Upsilon_Muon_L1_TM0
all l1 seeds are 0 for the path HLT_Dimuon0_Upsilon_Muon_L1_TM0
all l1 seeds are 0 for the path HLT_Dimuon0_Upsilon_Muon_L1_TM0
all l1 seeds are 0 for the path HLT_Dimuon0_Upsilon_Muon_L1_TM0
entro in while 
5 ['HLT_DoubleTightChargedIsoPFTauHPS35_Trk1_TightID_eta2p1_Reg', 'HLT_DoubleTightChargedIsoPFTauHPS40_Trk1_eta2p1_Reg', 'HLT_DoubleMediumChargedIsoPFTauHPS40_Trk1_TightID_eta2p1_Reg', 'HLT_DoubleMediumChargedIsoPFTauHPS35_Trk1_eta2p1_Reg', 'HLT_PFMET110_PFMHT110_IDTight_CaloBTagDeepCSV_3p1', 'HLT_MediumChargedIsoPFTau180HighPtRelaxedIso_Trk50_eta2p1', 'HLT_PFHT330PT30_QuadPFJet_75_60_45_40_TriplePFBTagDeepCSV_4p5', 'HLT_DoublePFJets116MaxDeta1p6_DoubleCaloBTagDeepCSV_p71', 'HLT_RsqMR300_Rsq0p09_MR200']
all l1 seeds are 0 for the path HLT_Dimuon0_Upsilon_Muon_L1_TM0
all l1 seeds are 0 for the path HLT_Dimuon0_Upsilon_Muon_L1_TM0
all l1 seeds are 0 for the path HLT_Dimuon0_Upsilon_Muon_L1_TM0
all l1 seeds are 0 for the path HLT_Dimuon0_Upsilon_Muon_L1_TM0
all l1 seeds are 0 for the path HLT_Dimuon0_Upsilon_Muon_L1_TM0
all l1 seeds are 0 for the path HLT_Dimuon0_Upsilon_Muon_L1_TM0
all l1 seeds are 0 for the path HLT_Dimuon0_Upsilon_Muon_L1_TM0
all l1 seeds are 0 for the path HLT_Dimuon0_Upsilon_Muon_L1_TM0
all l1 seeds are 0 for the path HLT_Dimuon0_Upsilon_Muon_L1_TM0
all l1 seeds are 0 for the path HLT_Dimuon0_Upsilon_Muon_L1_TM0
entro in while 
6 ['HLT_DoubleTightChargedIsoPFTauHPS35_Trk1_TightID_eta2p1_Reg', 'HLT_DoubleTightChargedIsoPFTauHPS40_Trk1_eta2p1_Reg', 'HLT_DoubleMediumChargedIsoPFTauHPS40_Trk1_TightID_eta2p1_Reg', 'HLT_DoubleMediumChargedIsoPFTauHPS35_Trk1_eta2p1_Reg', 'HLT_PFMET110_PFMHT110_IDTight_CaloBTagDeepCSV_3p1', 'HLT_MediumChargedIsoPFTau180HighPtRelaxedIso_Trk50_eta2p1', 'HLT_PFHT330PT30_QuadPFJet_75_60_45_40_TriplePFBTagDeepCSV_4p5', 'HLT_DoublePFJets116MaxDeta1p6_DoubleCaloBTagDeepCSV_p71', 'HLT_RsqMR300_Rsq0p09_MR200', 'HLT_QuadPFJet103_88_75_15_DoublePFBTagDeepCSV_1p3_7p7_VBF1']
all l1 seeds are 0 for the path HLT_Dimuon0_Upsilon_Muon_L1_TM0
all l1 seeds are 0 for the path HLT_Dimuon0_Upsilon_Muon_L1_TM0
all l1 seeds are 0 for the path HLT_Dimuon0_Upsilon_Muon_L1_TM0
all l1 seeds are 0 for the path HLT_Dimuon0_Upsilon_Muon_L1_TM0
all l1 seeds are 0 for the path HLT_Dimuon0_Upsilon_Muon_L1_TM0
all l1 seeds are 0 for the path HLT_Dimuon0_Upsilon_Muon_L1_TM0
all l1 seeds are 0 for the path HLT_Dimuon0_Upsilon_Muon_L1_TM0
all l1 seeds are 0 for the path HLT_Dimuon0_Upsilon_Muon_L1_TM0
all l1 seeds are 0 for the path HLT_Dimuon0_Upsilon_Muon_L1_TM0
all l1 seeds are 0 for the path HLT_Dimuon0_Upsilon_Muon_L1_TM0
all l1 seeds are 0 for the path HLT_Dimuon0_Upsilon_Muon_L1_TM0
entro in while 
7 ['HLT_DoubleTightChargedIsoPFTauHPS35_Trk1_TightID_eta2p1_Reg', 'HLT_DoubleTightChargedIsoPFTauHPS40_Trk1_eta2p1_Reg', 'HLT_DoubleMediumChargedIsoPFTauHPS40_Trk1_TightID_eta2p1_Reg', 'HLT_DoubleMediumChargedIsoPFTauHPS35_Trk1_eta2p1_Reg', 'HLT_PFMET110_PFMHT110_IDTight_CaloBTagDeepCSV_3p1', 'HLT_MediumChargedIsoPFTau180HighPtRelaxedIso_Trk50_eta2p1', 'HLT_PFHT330PT30_QuadPFJet_75_60_45_40_TriplePFBTagDeepCSV_4p5', 'HLT_DoublePFJets116MaxDeta1p6_DoubleCaloBTagDeepCSV_p71', 'HLT_RsqMR300_Rsq0p09_MR200', 'HLT_QuadPFJet103_88_75_15_DoublePFBTagDeepCSV_1p3_7p7_VBF1', 'HLT_Mu50']
all l1 seeds are 0 for the path HLT_Dimuon0_Upsilon_Muon_L1_TM0
all l1 seeds are 0 for the path HLT_Dimuon0_Upsilon_Muon_L1_TM0
all l1 seeds are 0 for the path HLT_Dimuon0_Upsilon_Muon_L1_TM0
all l1 seeds are 0 for the path HLT_Dimuon0_Upsilon_Muon_L1_TM0
all l1 seeds are 0 for the path HLT_Dimuon0_Upsilon_Muon_L1_TM0
all l1 seeds are 0 for the path HLT_Dimuon0_Upsilon_Muon_L1_TM0
all l1 seeds are 0 for the path HLT_Dimuon0_Upsilon_Muon_L1_TM0
all l1 seeds are 0 for the path HLT_Dimuon0_Upsilon_Muon_L1_TM0
all l1 seeds are 0 for the path HLT_Dimuon0_Upsilon_Muon_L1_TM0
all l1 seeds are 0 for the path HLT_Dimuon0_Upsilon_Muon_L1_TM0
all l1 seeds are 0 for the path HLT_Dimuon0_Upsilon_Muon_L1_TM0
all l1 seeds are 0 for the path HLT_Dimuon0_Upsilon_Muon_L1_TM0
entro in while 
8 ['HLT_DoubleTightChargedIsoPFTauHPS35_Trk1_TightID_eta2p1_Reg', 'HLT_DoubleTightChargedIsoPFTauHPS40_Trk1_eta2p1_Reg', 'HLT_DoubleMediumChargedIsoPFTauHPS40_Trk1_TightID_eta2p1_Reg', 'HLT_DoubleMediumChargedIsoPFTauHPS35_Trk1_eta2p1_Reg', 'HLT_PFMET110_PFMHT110_IDTight_CaloBTagDeepCSV_3p1', 'HLT_MediumChargedIsoPFTau180HighPtRelaxedIso_Trk50_eta2p1', 'HLT_PFHT330PT30_QuadPFJet_75_60_45_40_TriplePFBTagDeepCSV_4p5', 'HLT_DoublePFJets116MaxDeta1p6_DoubleCaloBTagDeepCSV_p71', 'HLT_RsqMR300_Rsq0p09_MR200', 'HLT_QuadPFJet103_88_75_15_DoublePFBTagDeepCSV_1p3_7p7_VBF1', 'HLT_Mu50', 'HLT_PFHT450_SixPFJet36_PFBTagDeepCSV_1p59']
all l1 seeds are 0 for the path HLT_Dimuon0_Upsilon_Muon_L1_TM0
all l1 seeds are 0 for the path HLT_Dimuon0_Upsilon_Muon_L1_TM0
all l1 seeds are 0 for the path HLT_Dimuon0_Upsilon_Muon_L1_TM0
all l1 seeds are 0 for the path HLT_Dimuon0_Upsilon_Muon_L1_TM0
all l1 seeds are 0 for the path HLT_Dimuon0_Upsilon_Muon_L1_TM0
all l1 seeds are 0 for the path HLT_Dimuon0_Upsilon_Muon_L1_TM0
all l1 seeds are 0 for the path HLT_Dimuon0_Upsilon_Muon_L1_TM0
all l1 seeds are 0 for the path HLT_Dimuon0_Upsilon_Muon_L1_TM0
all l1 seeds are 0 for the path HLT_Dimuon0_Upsilon_Muon_L1_TM0
all l1 seeds are 0 for the path HLT_Dimuon0_Upsilon_Muon_L1_TM0
all l1 seeds are 0 for the path HLT_Dimuon0_Upsilon_Muon_L1_TM0
all l1 seeds are 0 for the path HLT_Dimuon0_Upsilon_Muon_L1_TM0
all l1 seeds are 0 for the path HLT_Dimuon0_Upsilon_Muon_L1_TM0
best_paths_dict 
 {'M-600': {'best_paths': [' HLT_DoubleTightChargedIsoPFTauHPS35_Trk1_TightID_eta2p1_Reg == 1  ||  HLT_DoubleTightChargedIsoPFTauHPS40_Trk1_eta2p1_Reg == 1  ||  HLT_DoubleMediumChargedIsoPFTauHPS40_Trk1_TightID_eta2p1_Reg == 1  ||  HLT_DoubleMediumChargedIsoPFTauHPS35_Trk1_eta2p1_Reg == 1 ', 'HLT_PFMET110_PFMHT110_IDTight_CaloBTagDeepCSV_3p1', 'HLT_MediumChargedIsoPFTau180HighPtRelaxedIso_Trk50_eta2p1', 'HLT_PFHT330PT30_QuadPFJet_75_60_45_40_TriplePFBTagDeepCSV_4p5', 'HLT_DoublePFJets116MaxDeta1p6_DoubleCaloBTagDeepCSV_p71', 'HLT_RsqMR300_Rsq0p09_MR200', 'HLT_QuadPFJet103_88_75_15_DoublePFBTagDeepCSV_1p3_7p7_VBF1', 'HLT_Mu50', 'HLT_PFHT450_SixPFJet36_PFBTagDeepCSV_1p59', 'HLT_MediumChargedIsoPFTau50_Trk30_eta2p1_1pr_MET100'], 'best_eff': [0.45600820597113223, 0.5043583167045151, 0.5473085031637954, 0.5811882964865677, 0.6009912673720523, 0.6186971484749952, 0.6335705318895742, 0.6443457536801426, 0.6542905417597229, 0.6635520216000091], 'best_eff_err': [0.004630447911809425, 0.004869745528403185, 0.005072858774176554, 0.00522751279275604, 0.005315825975408713, 0.005393562695270918, 0.005458007887338537, 0.005504224759674111, 0.005546538033107199, 0.005585655703071239]}}
dict name = /afs/cern.ch/work/v/vdamante/public//analysis/output/GluGlu_Radion_tauTau_2018//With_iter_0Baseline//GluGlu_Radion_tauTau_allEvts_600Masses.json
