Running with following options: 
 channel = tauTau 
 machine = lxplus 
 prodMode = GluGlu 
 sample = Radion 
 year = 2018 
 nTriggers = -1 
 iter = recommended 
 nEvts = -1 
 mass_points = [850] 
 best_path_baseline =  
 verbose = 0 
 reco = True 
 
evaluating for mass 850
['root://xrootd-cms.infn.it///store/mc/RunIIAutumn18NanoAODv7/GluGluToRadionToHHTo2B2Tau_M-850_narrow_TuneCP5_PSWeights_13TeV-madgraph-pythia8/NANOAODSIM/Nano02Apr2020_102X_upgrade2018_realistic_v21-v1/70000/3AD3A13A-99B7-6147-BF53-AFB40F1A8FCF.root', 'root://xrootd-cms.infn.it///store/mc/RunIIAutumn18NanoAODv7/GluGluToRadionToHHTo2B2Tau_M-850_narrow_TuneCP5_PSWeights_13TeV-madgraph-pythia8/NANOAODSIM/Nano02Apr2020_102X_upgrade2018_realistic_v21-v1/70000/48529D0E-20EB-FD4C-B229-1915AF613AC0.root']
filtering for channel tauTau
filtered for channel tauTau
['HLT_DoubleMediumChargedIsoPFTauHPS35_Trk1_eta2p1_Reg']
ciao
[(' HLT_DoubleMediumChargedIsoPFTauHPS35_Trk1_eta2p1_Reg == 1 ', 0.5658590346735327, 0.004730857044148382)]
dict name = /afs/cern.ch/work/v/vdamante/public//analysis/output/GluGlu_Radion_tauTau_2018//With_recommended//GluGlu_Radion_tauTau_allEvts_850Masses.json
