Running with following options: 
 channel = tauTau 
 machine = lxplus 
 prodMode = GluGlu 
 sample = Radion 
 year = 2018 
 nTriggers = 9 
 iter = iter_0Baseline 
 nEvts = -1 
 mass_points = [700] 
 best_path_baseline =  
 verbose = 0 
 reco = True 
 
evaluating for mass 700
['root://xrootd-cms.infn.it///store/mc/RunIIAutumn18NanoAODv7/GluGluToRadionToHHTo2B2Tau_M-700_narrow_TuneCP5_PSWeights_13TeV-madgraph-pythia8/NANOAODSIM/Nano02Apr2020_102X_upgrade2018_realistic_v21-v1/60000/46473CEB-D194-1741-BE03-F54D9B39C670.root', 'root://xrootd-cms.infn.it///store/mc/RunIIAutumn18NanoAODv7/GluGluToRadionToHHTo2B2Tau_M-700_narrow_TuneCP5_PSWeights_13TeV-madgraph-pythia8/NANOAODSIM/Nano02Apr2020_102X_upgrade2018_realistic_v21-v1/270000/6DE136BF-BB13-8A49-8856-5D7C0EEB2173.root', 'root://xrootd-cms.infn.it///store/mc/RunIIAutumn18NanoAODv7/GluGluToRadionToHHTo2B2Tau_M-700_narrow_TuneCP5_PSWeights_13TeV-madgraph-pythia8/NANOAODSIM/Nano02Apr2020_102X_upgrade2018_realistic_v21-v1/60000/E080CE14-52D9-CC4C-9020-852B6C743D3C.root', 'root://xrootd-cms.infn.it///store/mc/RunIIAutumn18NanoAODv7/GluGluToRadionToHHTo2B2Tau_M-700_narrow_TuneCP5_PSWeights_13TeV-madgraph-pythia8/NANOAODSIM/Nano02Apr2020_102X_upgrade2018_realistic_v21-v1/100000/0F2A6615-98B5-F64E-B304-812B68B2F4AB.root', 'root://xrootd-cms.infn.it///store/mc/RunIIAutumn18NanoAODv7/GluGluToRadionToHHTo2B2Tau_M-700_narrow_TuneCP5_PSWeights_13TeV-madgraph-pythia8/NANOAODSIM/Nano02Apr2020_102X_upgrade2018_realistic_v21-v1/70000/A10D8DA2-D02F-144B-BF4C-59F2BEE86DF7.root', 'root://xrootd-cms.infn.it///store/mc/RunIIAutumn18NanoAODv7/GluGluToRadionToHHTo2B2Tau_M-700_narrow_TuneCP5_PSWeights_13TeV-madgraph-pythia8/NANOAODSIM/Nano02Apr2020_102X_upgrade2018_realistic_v21-v1/120000/4ADA764A-0D18-9143-A9F4-EED9C8B9295B.root', 'root://xrootd-cms.infn.it///store/mc/RunIIAutumn18NanoAODv7/GluGluToRadionToHHTo2B2Tau_M-700_narrow_TuneCP5_PSWeights_13TeV-madgraph-pythia8/NANOAODSIM/Nano02Apr2020_102X_upgrade2018_realistic_v21-v1/130000/43A9E123-F965-4443-AA12-A6618E67D7E7.root', 'root://xrootd-cms.infn.it///store/mc/RunIIAutumn18NanoAODv7/GluGluToRadionToHHTo2B2Tau_M-700_narrow_TuneCP5_PSWeights_13TeV-madgraph-pythia8/NANOAODSIM/Nano02Apr2020_102X_upgrade2018_realistic_v21-v1/130000/29094DA8-506E-9542-895C-A4AC976DCF71.root', 'root://xrootd-cms.infn.it///store/mc/RunIIAutumn18NanoAODv7/GluGluToRadionToHHTo2B2Tau_M-700_narrow_TuneCP5_PSWeights_13TeV-madgraph-pythia8/NANOAODSIM/Nano02Apr2020_102X_upgrade2018_realistic_v21-v1/120000/9F7D513E-32D6-A746-BC82-C231954A9FF5.root']
filtering for channel tauTau
filtered for channel tauTau
before any filling, baseline path are [] 

['HLT_Ele32_WPTight_Gsf', 'HLT_Ele35_WPTight_Gsf', 'HLT_Ele24_eta2p1_WPTight_Gsf_LooseChargedIsoPFTauHPS30_eta2p1_CrossL1']
current baseline path are ['HLT_DoubleTightChargedIsoPFTauHPS35_Trk1_TightID_eta2p1_Reg', 'HLT_DoubleTightChargedIsoPFTauHPS40_Trk1_eta2p1_Reg', 'HLT_DoubleMediumChargedIsoPFTauHPS40_Trk1_TightID_eta2p1_Reg', 'HLT_DoubleMediumChargedIsoPFTauHPS35_Trk1_eta2p1_Reg'] 

nTriggers=9, best_paths_baseline=['HLT_DoubleTightChargedIsoPFTauHPS35_Trk1_TightID_eta2p1_Reg', 'HLT_DoubleTightChargedIsoPFTauHPS40_Trk1_eta2p1_Reg', 'HLT_DoubleMediumChargedIsoPFTauHPS40_Trk1_TightID_eta2p1_Reg', 'HLT_DoubleMediumChargedIsoPFTauHPS35_Trk1_eta2p1_Reg'], best_paths=['HLT_DoubleTightChargedIsoPFTauHPS35_Trk1_TightID_eta2p1_Reg', 'HLT_DoubleTightChargedIsoPFTauHPS40_Trk1_eta2p1_Reg', 'HLT_DoubleMediumChargedIsoPFTauHPS40_Trk1_TightID_eta2p1_Reg', 'HLT_DoubleMediumChargedIsoPFTauHPS35_Trk1_eta2p1_Reg'] 

current paths = [('HLT_DoubleTightChargedIsoPFTauHPS35_Trk1_TightID_eta2p1_Reg', 0.705019176254794), ('HLT_DoubleTightChargedIsoPFTauHPS40_Trk1_eta2p1_Reg', 0.705019176254794), ('HLT_DoubleMediumChargedIsoPFTauHPS40_Trk1_TightID_eta2p1_Reg', 0.705019176254794), ('HLT_DoubleMediumChargedIsoPFTauHPS35_Trk1_eta2p1_Reg', 0.9998332499583126)] 
('HLT_DoubleTightChargedIsoPFTauHPS35_Trk1_TightID_eta2p1_Reg', 0.705019176254794)
 HLT_DoubleTightChargedIsoPFTauHPS35_Trk1_TightID_eta2p1_Reg == 1 
('HLT_DoubleTightChargedIsoPFTauHPS40_Trk1_eta2p1_Reg', 0.705019176254794)
 HLT_DoubleTightChargedIsoPFTauHPS35_Trk1_TightID_eta2p1_Reg == 1  ||  HLT_DoubleTightChargedIsoPFTauHPS40_Trk1_eta2p1_Reg == 1 
('HLT_DoubleMediumChargedIsoPFTauHPS40_Trk1_TightID_eta2p1_Reg', 0.705019176254794)
 HLT_DoubleTightChargedIsoPFTauHPS35_Trk1_TightID_eta2p1_Reg == 1  ||  HLT_DoubleTightChargedIsoPFTauHPS40_Trk1_eta2p1_Reg == 1  ||  HLT_DoubleMediumChargedIsoPFTauHPS40_Trk1_TightID_eta2p1_Reg == 1 
('HLT_DoubleMediumChargedIsoPFTauHPS35_Trk1_eta2p1_Reg', 0.9998332499583126)
 HLT_DoubleTightChargedIsoPFTauHPS35_Trk1_TightID_eta2p1_Reg == 1  ||  HLT_DoubleTightChargedIsoPFTauHPS40_Trk1_eta2p1_Reg == 1  ||  HLT_DoubleMediumChargedIsoPFTauHPS40_Trk1_TightID_eta2p1_Reg == 1  ||  HLT_DoubleMediumChargedIsoPFTauHPS35_Trk1_eta2p1_Reg == 1 
[(' HLT_DoubleTightChargedIsoPFTauHPS35_Trk1_TightID_eta2p1_Reg == 1  ||  HLT_DoubleTightChargedIsoPFTauHPS40_Trk1_eta2p1_Reg == 1  ||  HLT_DoubleMediumChargedIsoPFTauHPS40_Trk1_TightID_eta2p1_Reg == 1  ||  HLT_DoubleMediumChargedIsoPFTauHPS35_Trk1_eta2p1_Reg == 1 ', 0.5116496178179819, 0.004828790075223271), (' HLT_DoubleTightChargedIsoPFTauHPS35_Trk1_TightID_eta2p1_Reg == 1  ||  HLT_DoubleTightChargedIsoPFTauHPS40_Trk1_eta2p1_Reg == 1  ||  HLT_DoubleMediumChargedIsoPFTauHPS40_Trk1_TightID_eta2p1_Reg == 1  ||  HLT_DoubleMediumChargedIsoPFTauHPS35_Trk1_eta2p1_Reg == 1 ', 0.5116496178179819, 0.004828790075223271), (' HLT_DoubleTightChargedIsoPFTauHPS35_Trk1_TightID_eta2p1_Reg == 1  ||  HLT_DoubleTightChargedIsoPFTauHPS40_Trk1_eta2p1_Reg == 1  ||  HLT_DoubleMediumChargedIsoPFTauHPS40_Trk1_TightID_eta2p1_Reg == 1  ||  HLT_DoubleMediumChargedIsoPFTauHPS35_Trk1_eta2p1_Reg == 1 ', 0.5116496178179819, 0.004828790075223271), (' HLT_DoubleTightChargedIsoPFTauHPS35_Trk1_TightID_eta2p1_Reg == 1  ||  HLT_DoubleTightChargedIsoPFTauHPS40_Trk1_eta2p1_Reg == 1  ||  HLT_DoubleMediumChargedIsoPFTauHPS40_Trk1_TightID_eta2p1_Reg == 1  ||  HLT_DoubleMediumChargedIsoPFTauHPS35_Trk1_eta2p1_Reg == 1 ', 0.5116496178179819, 0.004828790075223271)]
nPaths = 4 
entro in while 
0 ['HLT_DoubleTightChargedIsoPFTauHPS35_Trk1_TightID_eta2p1_Reg', 'HLT_DoubleTightChargedIsoPFTauHPS40_Trk1_eta2p1_Reg', 'HLT_DoubleMediumChargedIsoPFTauHPS40_Trk1_TightID_eta2p1_Reg', 'HLT_DoubleMediumChargedIsoPFTauHPS35_Trk1_eta2p1_Reg']
all l1 seeds are 0 for the path HLT_Dimuon0_Upsilon_Muon_L1_TM0
all l1 seeds are 0 for the path HLT_Dimuon0_Upsilon_Muon_L1_TM0
all l1 seeds are 0 for the path HLT_Dimuon0_Upsilon_Muon_L1_TM0
all l1 seeds are 0 for the path HLT_Dimuon0_Upsilon_Muon_L1_TM0
all l1 seeds are 0 for the path HLT_Dimuon0_Upsilon_Muon_L1_TM0
entro in while 
1 ['HLT_DoubleTightChargedIsoPFTauHPS35_Trk1_TightID_eta2p1_Reg', 'HLT_DoubleTightChargedIsoPFTauHPS40_Trk1_eta2p1_Reg', 'HLT_DoubleMediumChargedIsoPFTauHPS40_Trk1_TightID_eta2p1_Reg', 'HLT_DoubleMediumChargedIsoPFTauHPS35_Trk1_eta2p1_Reg', 'HLT_RsqMR300_Rsq0p09_MR200']
all l1 seeds are 0 for the path HLT_Dimuon0_Upsilon_Muon_L1_TM0
all l1 seeds are 0 for the path HLT_Dimuon0_Upsilon_Muon_L1_TM0
all l1 seeds are 0 for the path HLT_Dimuon0_Upsilon_Muon_L1_TM0
all l1 seeds are 0 for the path HLT_Dimuon0_Upsilon_Muon_L1_TM0
all l1 seeds are 0 for the path HLT_Dimuon0_Upsilon_Muon_L1_TM0
all l1 seeds are 0 for the path HLT_Dimuon0_Upsilon_Muon_L1_TM0
entro in while 
2 ['HLT_DoubleTightChargedIsoPFTauHPS35_Trk1_TightID_eta2p1_Reg', 'HLT_DoubleTightChargedIsoPFTauHPS40_Trk1_eta2p1_Reg', 'HLT_DoubleMediumChargedIsoPFTauHPS40_Trk1_TightID_eta2p1_Reg', 'HLT_DoubleMediumChargedIsoPFTauHPS35_Trk1_eta2p1_Reg', 'HLT_RsqMR300_Rsq0p09_MR200', 'HLT_MediumChargedIsoPFTau180HighPtRelaxedIso_Trk50_eta2p1']
all l1 seeds are 0 for the path HLT_Dimuon0_Upsilon_Muon_L1_TM0
all l1 seeds are 0 for the path HLT_Dimuon0_Upsilon_Muon_L1_TM0
all l1 seeds are 0 for the path HLT_Dimuon0_Upsilon_Muon_L1_TM0
all l1 seeds are 0 for the path HLT_Dimuon0_Upsilon_Muon_L1_TM0
all l1 seeds are 0 for the path HLT_Dimuon0_Upsilon_Muon_L1_TM0
all l1 seeds are 0 for the path HLT_Dimuon0_Upsilon_Muon_L1_TM0
all l1 seeds are 0 for the path HLT_Dimuon0_Upsilon_Muon_L1_TM0
entro in while 
3 ['HLT_DoubleTightChargedIsoPFTauHPS35_Trk1_TightID_eta2p1_Reg', 'HLT_DoubleTightChargedIsoPFTauHPS40_Trk1_eta2p1_Reg', 'HLT_DoubleMediumChargedIsoPFTauHPS40_Trk1_TightID_eta2p1_Reg', 'HLT_DoubleMediumChargedIsoPFTauHPS35_Trk1_eta2p1_Reg', 'HLT_RsqMR300_Rsq0p09_MR200', 'HLT_MediumChargedIsoPFTau180HighPtRelaxedIso_Trk50_eta2p1', 'HLT_AK8PFJet330_TrimMass30_PFAK8BoostedDoubleB_np4']
all l1 seeds are 0 for the path HLT_Dimuon0_Upsilon_Muon_L1_TM0
all l1 seeds are 0 for the path HLT_Dimuon0_Upsilon_Muon_L1_TM0
all l1 seeds are 0 for the path HLT_Dimuon0_Upsilon_Muon_L1_TM0
all l1 seeds are 0 for the path HLT_Dimuon0_Upsilon_Muon_L1_TM0
all l1 seeds are 0 for the path HLT_Dimuon0_Upsilon_Muon_L1_TM0
all l1 seeds are 0 for the path HLT_Dimuon0_Upsilon_Muon_L1_TM0
all l1 seeds are 0 for the path HLT_Dimuon0_Upsilon_Muon_L1_TM0
all l1 seeds are 0 for the path HLT_Dimuon0_Upsilon_Muon_L1_TM0
entro in while 
4 ['HLT_DoubleTightChargedIsoPFTauHPS35_Trk1_TightID_eta2p1_Reg', 'HLT_DoubleTightChargedIsoPFTauHPS40_Trk1_eta2p1_Reg', 'HLT_DoubleMediumChargedIsoPFTauHPS40_Trk1_TightID_eta2p1_Reg', 'HLT_DoubleMediumChargedIsoPFTauHPS35_Trk1_eta2p1_Reg', 'HLT_RsqMR300_Rsq0p09_MR200', 'HLT_MediumChargedIsoPFTau180HighPtRelaxedIso_Trk50_eta2p1', 'HLT_AK8PFJet330_TrimMass30_PFAK8BoostedDoubleB_np4', 'HLT_PFHT330PT30_QuadPFJet_75_60_45_40_TriplePFBTagDeepCSV_4p5']
all l1 seeds are 0 for the path HLT_Dimuon0_Upsilon_Muon_L1_TM0
all l1 seeds are 0 for the path HLT_Dimuon0_Upsilon_Muon_L1_TM0
all l1 seeds are 0 for the path HLT_Dimuon0_Upsilon_Muon_L1_TM0
all l1 seeds are 0 for the path HLT_Dimuon0_Upsilon_Muon_L1_TM0
all l1 seeds are 0 for the path HLT_Dimuon0_Upsilon_Muon_L1_TM0
all l1 seeds are 0 for the path HLT_Dimuon0_Upsilon_Muon_L1_TM0
all l1 seeds are 0 for the path HLT_Dimuon0_Upsilon_Muon_L1_TM0
all l1 seeds are 0 for the path HLT_Dimuon0_Upsilon_Muon_L1_TM0
all l1 seeds are 0 for the path HLT_Dimuon0_Upsilon_Muon_L1_TM0
entro in while 
5 ['HLT_DoubleTightChargedIsoPFTauHPS35_Trk1_TightID_eta2p1_Reg', 'HLT_DoubleTightChargedIsoPFTauHPS40_Trk1_eta2p1_Reg', 'HLT_DoubleMediumChargedIsoPFTauHPS40_Trk1_TightID_eta2p1_Reg', 'HLT_DoubleMediumChargedIsoPFTauHPS35_Trk1_eta2p1_Reg', 'HLT_RsqMR300_Rsq0p09_MR200', 'HLT_MediumChargedIsoPFTau180HighPtRelaxedIso_Trk50_eta2p1', 'HLT_AK8PFJet330_TrimMass30_PFAK8BoostedDoubleB_np4', 'HLT_PFHT330PT30_QuadPFJet_75_60_45_40_TriplePFBTagDeepCSV_4p5', 'HLT_MonoCentralPFJet80_PFMETNoMu120_PFMHTNoMu120_IDTight']
all l1 seeds are 0 for the path HLT_Dimuon0_Upsilon_Muon_L1_TM0
all l1 seeds are 0 for the path HLT_Dimuon0_Upsilon_Muon_L1_TM0
all l1 seeds are 0 for the path HLT_Dimuon0_Upsilon_Muon_L1_TM0
all l1 seeds are 0 for the path HLT_Dimuon0_Upsilon_Muon_L1_TM0
all l1 seeds are 0 for the path HLT_Dimuon0_Upsilon_Muon_L1_TM0
all l1 seeds are 0 for the path HLT_Dimuon0_Upsilon_Muon_L1_TM0
all l1 seeds are 0 for the path HLT_Dimuon0_Upsilon_Muon_L1_TM0
all l1 seeds are 0 for the path HLT_Dimuon0_Upsilon_Muon_L1_TM0
all l1 seeds are 0 for the path HLT_Dimuon0_Upsilon_Muon_L1_TM0
all l1 seeds are 0 for the path HLT_Dimuon0_Upsilon_Muon_L1_TM0
entro in while 
6 ['HLT_DoubleTightChargedIsoPFTauHPS35_Trk1_TightID_eta2p1_Reg', 'HLT_DoubleTightChargedIsoPFTauHPS40_Trk1_eta2p1_Reg', 'HLT_DoubleMediumChargedIsoPFTauHPS40_Trk1_TightID_eta2p1_Reg', 'HLT_DoubleMediumChargedIsoPFTauHPS35_Trk1_eta2p1_Reg', 'HLT_RsqMR300_Rsq0p09_MR200', 'HLT_MediumChargedIsoPFTau180HighPtRelaxedIso_Trk50_eta2p1', 'HLT_AK8PFJet330_TrimMass30_PFAK8BoostedDoubleB_np4', 'HLT_PFHT330PT30_QuadPFJet_75_60_45_40_TriplePFBTagDeepCSV_4p5', 'HLT_MonoCentralPFJet80_PFMETNoMu120_PFMHTNoMu120_IDTight', 'HLT_DoublePFJets116MaxDeta1p6_DoubleCaloBTagDeepCSV_p71']
all l1 seeds are 0 for the path HLT_Dimuon0_Upsilon_Muon_L1_TM0
all l1 seeds are 0 for the path HLT_Dimuon0_Upsilon_Muon_L1_TM0
all l1 seeds are 0 for the path HLT_Dimuon0_Upsilon_Muon_L1_TM0
all l1 seeds are 0 for the path HLT_Dimuon0_Upsilon_Muon_L1_TM0
all l1 seeds are 0 for the path HLT_Dimuon0_Upsilon_Muon_L1_TM0
all l1 seeds are 0 for the path HLT_Dimuon0_Upsilon_Muon_L1_TM0
all l1 seeds are 0 for the path HLT_Dimuon0_Upsilon_Muon_L1_TM0
all l1 seeds are 0 for the path HLT_Dimuon0_Upsilon_Muon_L1_TM0
all l1 seeds are 0 for the path HLT_Dimuon0_Upsilon_Muon_L1_TM0
all l1 seeds are 0 for the path HLT_Dimuon0_Upsilon_Muon_L1_TM0
all l1 seeds are 0 for the path HLT_Dimuon0_Upsilon_Muon_L1_TM0
entro in while 
7 ['HLT_DoubleTightChargedIsoPFTauHPS35_Trk1_TightID_eta2p1_Reg', 'HLT_DoubleTightChargedIsoPFTauHPS40_Trk1_eta2p1_Reg', 'HLT_DoubleMediumChargedIsoPFTauHPS40_Trk1_TightID_eta2p1_Reg', 'HLT_DoubleMediumChargedIsoPFTauHPS35_Trk1_eta2p1_Reg', 'HLT_RsqMR300_Rsq0p09_MR200', 'HLT_MediumChargedIsoPFTau180HighPtRelaxedIso_Trk50_eta2p1', 'HLT_AK8PFJet330_TrimMass30_PFAK8BoostedDoubleB_np4', 'HLT_PFHT330PT30_QuadPFJet_75_60_45_40_TriplePFBTagDeepCSV_4p5', 'HLT_MonoCentralPFJet80_PFMETNoMu120_PFMHTNoMu120_IDTight', 'HLT_DoublePFJets116MaxDeta1p6_DoubleCaloBTagDeepCSV_p71', 'HLT_QuadPFJet103_88_75_15_DoublePFBTagDeepCSV_1p3_7p7_VBF1']
all l1 seeds are 0 for the path HLT_Dimuon0_Upsilon_Muon_L1_TM0
all l1 seeds are 0 for the path HLT_Dimuon0_Upsilon_Muon_L1_TM0
all l1 seeds are 0 for the path HLT_Dimuon0_Upsilon_Muon_L1_TM0
all l1 seeds are 0 for the path HLT_Dimuon0_Upsilon_Muon_L1_TM0
all l1 seeds are 0 for the path HLT_Dimuon0_Upsilon_Muon_L1_TM0
all l1 seeds are 0 for the path HLT_Dimuon0_Upsilon_Muon_L1_TM0
all l1 seeds are 0 for the path HLT_Dimuon0_Upsilon_Muon_L1_TM0
all l1 seeds are 0 for the path HLT_Dimuon0_Upsilon_Muon_L1_TM0
all l1 seeds are 0 for the path HLT_Dimuon0_Upsilon_Muon_L1_TM0
all l1 seeds are 0 for the path HLT_Dimuon0_Upsilon_Muon_L1_TM0
all l1 seeds are 0 for the path HLT_Dimuon0_Upsilon_Muon_L1_TM0
all l1 seeds are 0 for the path HLT_Dimuon0_Upsilon_Muon_L1_TM0
entro in while 
8 ['HLT_DoubleTightChargedIsoPFTauHPS35_Trk1_TightID_eta2p1_Reg', 'HLT_DoubleTightChargedIsoPFTauHPS40_Trk1_eta2p1_Reg', 'HLT_DoubleMediumChargedIsoPFTauHPS40_Trk1_TightID_eta2p1_Reg', 'HLT_DoubleMediumChargedIsoPFTauHPS35_Trk1_eta2p1_Reg', 'HLT_RsqMR300_Rsq0p09_MR200', 'HLT_MediumChargedIsoPFTau180HighPtRelaxedIso_Trk50_eta2p1', 'HLT_AK8PFJet330_TrimMass30_PFAK8BoostedDoubleB_np4', 'HLT_PFHT330PT30_QuadPFJet_75_60_45_40_TriplePFBTagDeepCSV_4p5', 'HLT_MonoCentralPFJet80_PFMETNoMu120_PFMHTNoMu120_IDTight', 'HLT_DoublePFJets116MaxDeta1p6_DoubleCaloBTagDeepCSV_p71', 'HLT_QuadPFJet103_88_75_15_DoublePFBTagDeepCSV_1p3_7p7_VBF1', 'HLT_Mu50']
all l1 seeds are 0 for the path HLT_Dimuon0_Upsilon_Muon_L1_TM0
all l1 seeds are 0 for the path HLT_Dimuon0_Upsilon_Muon_L1_TM0
all l1 seeds are 0 for the path HLT_Dimuon0_Upsilon_Muon_L1_TM0
all l1 seeds are 0 for the path HLT_Dimuon0_Upsilon_Muon_L1_TM0
all l1 seeds are 0 for the path HLT_Dimuon0_Upsilon_Muon_L1_TM0
all l1 seeds are 0 for the path HLT_Dimuon0_Upsilon_Muon_L1_TM0
all l1 seeds are 0 for the path HLT_Dimuon0_Upsilon_Muon_L1_TM0
all l1 seeds are 0 for the path HLT_Dimuon0_Upsilon_Muon_L1_TM0
all l1 seeds are 0 for the path HLT_Dimuon0_Upsilon_Muon_L1_TM0
all l1 seeds are 0 for the path HLT_Dimuon0_Upsilon_Muon_L1_TM0
all l1 seeds are 0 for the path HLT_Dimuon0_Upsilon_Muon_L1_TM0
all l1 seeds are 0 for the path HLT_Dimuon0_Upsilon_Muon_L1_TM0
all l1 seeds are 0 for the path HLT_Dimuon0_Upsilon_Muon_L1_TM0
best_paths_dict 
 {'M-700': {'best_paths': [' HLT_DoubleTightChargedIsoPFTauHPS35_Trk1_TightID_eta2p1_Reg == 1  ||  HLT_DoubleTightChargedIsoPFTauHPS40_Trk1_eta2p1_Reg == 1  ||  HLT_DoubleMediumChargedIsoPFTauHPS40_Trk1_TightID_eta2p1_Reg == 1  ||  HLT_DoubleMediumChargedIsoPFTauHPS35_Trk1_eta2p1_Reg == 1 ', 'HLT_RsqMR300_Rsq0p09_MR200', 'HLT_MediumChargedIsoPFTau180HighPtRelaxedIso_Trk50_eta2p1', 'HLT_AK8PFJet330_TrimMass30_PFAK8BoostedDoubleB_np4', 'HLT_PFHT330PT30_QuadPFJet_75_60_45_40_TriplePFBTagDeepCSV_4p5', 'HLT_MonoCentralPFJet80_PFMETNoMu120_PFMHTNoMu120_IDTight', 'HLT_DoublePFJets116MaxDeta1p6_DoubleCaloBTagDeepCSV_p71', 'HLT_QuadPFJet103_88_75_15_DoublePFBTagDeepCSV_1p3_7p7_VBF1', 'HLT_Mu50', 'HLT_MediumChargedIsoPFTau50_Trk30_eta2p1_1pr_MET100'], 'best_eff': [0.5116496178179819, 0.5896140677335314, 0.6578704687925131, 0.6915219388332438, 0.715231753606335, 0.7349212148082285, 0.7511237744574779, 0.761717755766615, 0.7699944943577093, 0.7774557615090698], 'best_eff_err': [0.004828790075223271, 0.0051836529434116365, 0.005475479966515783, 0.005613774712197766, 0.005709201774111898, 0.005787251958424556, 0.005850698960271679, 0.005891814135552297, 0.005923737542320405, 0.0059523689370434025]}}
dict name = /afs/cern.ch/work/v/vdamante/public//analysis/output/GluGlu_Radion_tauTau_2018//With_iter_0Baseline//GluGlu_Radion_tauTau_allEvts_700Masses.json
