Running with following options: 
 channel = tauTau 
 machine = lxplus 
 prodMode = GluGlu 
 sample = Radion 
 year = 2018 
 nTriggers = -1 
 iter = baseline 
 nEvts = -1 
 mass_points = [250] 
 best_path_baseline =  
 verbose = 0 
 reco = True 
 
evaluating for mass 250
['root://xrootd-cms.infn.it///store/mc/RunIIAutumn18NanoAODv7/GluGluToRadionToHHTo2B2Tau_M-250_narrow_TuneCP5_PSWeights_13TeV-madgraph-pythia8/NANOAODSIM/Nano02Apr2020_102X_upgrade2018_realistic_v21-v1/100000/8C960445-0FAF-FA4E-9F1E-7920A9AD8EC3.root', 'root://xrootd-cms.infn.it///store/mc/RunIIAutumn18NanoAODv7/GluGluToRadionToHHTo2B2Tau_M-250_narrow_TuneCP5_PSWeights_13TeV-madgraph-pythia8/NANOAODSIM/Nano02Apr2020_102X_upgrade2018_realistic_v21-v1/100000/E621BFC1-1179-E348-B6B4-B883AA1ED249.root', 'root://xrootd-cms.infn.it///store/mc/RunIIAutumn18NanoAODv7/GluGluToRadionToHHTo2B2Tau_M-250_narrow_TuneCP5_PSWeights_13TeV-madgraph-pythia8/NANOAODSIM/Nano02Apr2020_102X_upgrade2018_realistic_v21-v1/60000/8570F446-881F-E04F-8942-CA19DC82FEE8.root', 'root://xrootd-cms.infn.it///store/mc/RunIIAutumn18NanoAODv7/GluGluToRadionToHHTo2B2Tau_M-250_narrow_TuneCP5_PSWeights_13TeV-madgraph-pythia8/NANOAODSIM/Nano02Apr2020_102X_upgrade2018_realistic_v21-v1/270000/ED00057F-FF5C-3649-A05C-D6C3127D9120.root', 'root://xrootd-cms.infn.it///store/mc/RunIIAutumn18NanoAODv7/GluGluToRadionToHHTo2B2Tau_M-250_narrow_TuneCP5_PSWeights_13TeV-madgraph-pythia8/NANOAODSIM/Nano02Apr2020_102X_upgrade2018_realistic_v21-v1/130000/C0071EB4-E914-0040-BEFE-1DC5D1FD32F2.root', 'root://xrootd-cms.infn.it///store/mc/RunIIAutumn18NanoAODv7/GluGluToRadionToHHTo2B2Tau_M-250_narrow_TuneCP5_PSWeights_13TeV-madgraph-pythia8/NANOAODSIM/Nano02Apr2020_102X_upgrade2018_realistic_v21-v1/130000/725FAB09-F83A-814A-BEE1-85EEBA883B60.root', 'root://xrootd-cms.infn.it///store/mc/RunIIAutumn18NanoAODv7/GluGluToRadionToHHTo2B2Tau_M-250_narrow_TuneCP5_PSWeights_13TeV-madgraph-pythia8/NANOAODSIM/Nano02Apr2020_102X_upgrade2018_realistic_v21-v1/120000/7C680CFA-70FC-274E-8041-06A4479478D1.root', 'root://xrootd-cms.infn.it///store/mc/RunIIAutumn18NanoAODv7/GluGluToRadionToHHTo2B2Tau_M-250_narrow_TuneCP5_PSWeights_13TeV-madgraph-pythia8/NANOAODSIM/Nano02Apr2020_102X_upgrade2018_realistic_v21-v1/120000/81A13415-573F-B64B-A58C-841C687CE691.root']
filtering for channel tauTau
filtered for channel tauTau
current baseline path are ['HLT_DoubleTightChargedIsoPFTau35_Trk1_TightID_eta2p1_Reg', 'HLT_DoubleMediumChargedIsoPFTau40_Trk1_TightID_eta2p1_Reg', 'HLT_DoubleTightChargedIsoPFTau40_Trk1_eta2p1_Reg', 'HLT_DoubleMediumChargedIsoPFTauHPS35_Trk1_eta2p1_Reg']
nTriggers=4, best_paths_baseline=['HLT_DoubleTightChargedIsoPFTau35_Trk1_TightID_eta2p1_Reg', 'HLT_DoubleMediumChargedIsoPFTau40_Trk1_TightID_eta2p1_Reg', 'HLT_DoubleTightChargedIsoPFTau40_Trk1_eta2p1_Reg', 'HLT_DoubleMediumChargedIsoPFTauHPS35_Trk1_eta2p1_Reg'], best_paths=['HLT_DoubleTightChargedIsoPFTau35_Trk1_TightID_eta2p1_Reg', 'HLT_DoubleMediumChargedIsoPFTau40_Trk1_TightID_eta2p1_Reg', 'HLT_DoubleTightChargedIsoPFTau40_Trk1_eta2p1_Reg', 'HLT_DoubleMediumChargedIsoPFTauHPS35_Trk1_eta2p1_Reg']
current paths = [('HLT_DoubleTightChargedIsoPFTau35_Trk1_TightID_eta2p1_Reg', 0.2948140737035184), ('HLT_DoubleMediumChargedIsoPFTau40_Trk1_TightID_eta2p1_Reg', 0.2948140737035184), ('HLT_DoubleTightChargedIsoPFTau40_Trk1_eta2p1_Reg', 0.2948140737035184), ('HLT_DoubleMediumChargedIsoPFTauHPS35_Trk1_eta2p1_Reg', 0.9998332499583126)] 
column not found HLT_DoubleTightChargedIsoPFTau35_Trk1_TightID_eta2p1_Reg
column not found HLT_DoubleMediumChargedIsoPFTau40_Trk1_TightID_eta2p1_Reg
column not found HLT_DoubleTightChargedIsoPFTau40_Trk1_eta2p1_Reg
