Running with following options: 
 channel = muTau 
 machine = lxplus 
 prodMode = GluGlu 
 sample = Radion 
 year = 2017 
 nTriggers = -1 
 iter = baseline 
 nEvts = -1 
 mass_points = [1250] 
 best_path_baseline =  
 verbose = 0 
 reco = True 
 
evaluating for mass 1250
['root://xrootd-cms.infn.it///store/mc/RunIIFall17NanoAODv7/GluGluToRadionToHHTo2B2Tau_M-1250_narrow_13TeV-madgraph_correctedcfg/NANOAODSIM/PU2017_12Apr2018_Nano02Apr2020_102X_mc2017_realistic_v8-v1/270000/5481BD1A-CA7B-294A-B102-C0E7B75220A8.root', 'root://xrootd-cms.infn.it///store/mc/RunIIFall17NanoAODv7/GluGluToRadionToHHTo2B2Tau_M-1250_narrow_13TeV-madgraph_correctedcfg/NANOAODSIM/PU2017_12Apr2018_Nano02Apr2020_102X_mc2017_realistic_v8-v1/270000/1157AB80-E989-CE43-B93E-123EB1A5DA55.root', 'root://xrootd-cms.infn.it///store/mc/RunIIFall17NanoAODv7/GluGluToRadionToHHTo2B2Tau_M-1250_narrow_13TeV-madgraph_correctedcfg/NANOAODSIM/PU2017_12Apr2018_Nano02Apr2020_102X_mc2017_realistic_v8-v1/60000/CDD5F88A-CE3E-7149-9D1F-1B72E901B126.root', 'root://xrootd-cms.infn.it///store/mc/RunIIFall17NanoAODv7/GluGluToRadionToHHTo2B2Tau_M-1250_narrow_13TeV-madgraph_correctedcfg/NANOAODSIM/PU2017_12Apr2018_Nano02Apr2020_102X_mc2017_realistic_v8-v1/100000/C2A50333-0327-DC45-B056-0F1739259306.root', 'root://xrootd-cms.infn.it///store/mc/RunIIFall17NanoAODv7/GluGluToRadionToHHTo2B2Tau_M-1250_narrow_13TeV-madgraph_correctedcfg/NANOAODSIM/PU2017_12Apr2018_Nano02Apr2020_102X_mc2017_realistic_v8-v1/100000/B549D80C-CB6C-DA4D-8F5C-6FE4CA0DC1E8.root', 'root://xrootd-cms.infn.it///store/mc/RunIIFall17NanoAODv7/GluGluToRadionToHHTo2B2Tau_M-1250_narrow_13TeV-madgraph_correctedcfg/NANOAODSIM/PU2017_12Apr2018_Nano02Apr2020_102X_mc2017_realistic_v8-v1/110000/1BE9CD5D-08DA-7A41-ABBA-C59E28125629.root']
filtering for channel muTau
filtered for channel muTau
current baseline path are ['HLT_IsoMu24', 'HLT_IsoMu27', 'HLT_IsoMu20_eta2p1_LooseChargedIsoPFTau27_eta2p1_CrossL1']
nTriggers=3, best_paths_baseline=['HLT_IsoMu24', 'HLT_IsoMu27', 'HLT_IsoMu20_eta2p1_LooseChargedIsoPFTau27_eta2p1_CrossL1'], best_paths=['HLT_IsoMu24', 'HLT_IsoMu27', 'HLT_IsoMu20_eta2p1_LooseChargedIsoPFTau27_eta2p1_CrossL1']
current paths = [('HLT_IsoMu24', 0.9162253249879635), ('HLT_IsoMu27', 1.0), ('HLT_IsoMu20_eta2p1_LooseChargedIsoPFTau27_eta2p1_CrossL1', 1.0)] 
all l1 seeds are 0
 HLT_IsoMu24 == 1 
all l1 seeds are 0
 HLT_IsoMu24 == 1  ||  HLT_IsoMu27 == 1 
all l1 seeds are 0
 HLT_IsoMu24 == 1  ||  HLT_IsoMu27 == 1  ||  HLT_IsoMu20_eta2p1_LooseChargedIsoPFTau27_eta2p1_CrossL1 == 1 
[(' HLT_IsoMu24 == 1  ||  HLT_IsoMu27 == 1  ||  HLT_IsoMu20_eta2p1_LooseChargedIsoPFTau27_eta2p1_CrossL1 == 1 ', 0.8018575851393189, 0.04982500600443059), (' HLT_IsoMu24 == 1  ||  HLT_IsoMu27 == 1  ||  HLT_IsoMu20_eta2p1_LooseChargedIsoPFTau27_eta2p1_CrossL1 == 1 ', 0.8018575851393189, 0.04982500600443059), (' HLT_IsoMu24 == 1  ||  HLT_IsoMu27 == 1  ||  HLT_IsoMu20_eta2p1_LooseChargedIsoPFTau27_eta2p1_CrossL1 == 1 ', 0.8018575851393189, 0.04982500600443059)]
[(' HLT_IsoMu24 == 1  ||  HLT_IsoMu27 == 1  ||  HLT_IsoMu20_eta2p1_LooseChargedIsoPFTau27_eta2p1_CrossL1 == 1 ', 0.8018575851393189, 0.04982500600443059), (' HLT_IsoMu24 == 1  ||  HLT_IsoMu27 == 1  ||  HLT_IsoMu20_eta2p1_LooseChargedIsoPFTau27_eta2p1_CrossL1 == 1 ', 0.8018575851393189, 0.04982500600443059), (' HLT_IsoMu24 == 1  ||  HLT_IsoMu27 == 1  ||  HLT_IsoMu20_eta2p1_LooseChargedIsoPFTau27_eta2p1_CrossL1 == 1 ', 0.8018575851393189, 0.04982500600443059)]
dict name = /afs/cern.ch/work/v/vdamante/public//analysis/output/GluGlu_Radion_muTau_2017//With_baseline//GluGlu_Radion_muTau_allEvts_1250Masses.json
