Running with following options: 
 channel = muTau 
 machine = lxplus 
 prodMode = GluGlu 
 sample = Radion 
 year = 2017 
 nTriggers = 9 
 iter = iter_0Baseline 
 nEvts = -1 
 mass_points = [350] 
 best_path_baseline =  
 verbose = 0 
 reco = True 
 
evaluating for mass 350
['root://xrootd-cms.infn.it///store/mc/RunIIFall17NanoAODv7/GluGluToRadionToHHTo2B2Tau_M-350_narrow_13TeV-madgraph_correctedcfg/NANOAODSIM/PU2017_12Apr2018_Nano02Apr2020_102X_mc2017_realistic_v8-v1/60000/2EF2E55F-C57A-FC4C-902E-9C8373681223.root', 'root://xrootd-cms.infn.it///store/mc/RunIIFall17NanoAODv7/GluGluToRadionToHHTo2B2Tau_M-350_narrow_13TeV-madgraph_correctedcfg/NANOAODSIM/PU2017_12Apr2018_Nano02Apr2020_102X_mc2017_realistic_v8-v1/70000/6897881E-FC83-2842-80B7-C1CDA63BCA77.root', 'root://xrootd-cms.infn.it///store/mc/RunIIFall17NanoAODv7/GluGluToRadionToHHTo2B2Tau_M-350_narrow_13TeV-madgraph_correctedcfg/NANOAODSIM/PU2017_12Apr2018_Nano02Apr2020_102X_mc2017_realistic_v8-v1/260000/0D2451E5-8D30-4E44-8DFC-E4520C3FB30C.root', 'root://xrootd-cms.infn.it///store/mc/RunIIFall17NanoAODv7/GluGluToRadionToHHTo2B2Tau_M-350_narrow_13TeV-madgraph_correctedcfg/NANOAODSIM/PU2017_12Apr2018_Nano02Apr2020_102X_mc2017_realistic_v8-v1/60000/B751F257-D282-5147-B88A-75E716E3005B.root', 'root://xrootd-cms.infn.it///store/mc/RunIIFall17NanoAODv7/GluGluToRadionToHHTo2B2Tau_M-350_narrow_13TeV-madgraph_correctedcfg/NANOAODSIM/PU2017_12Apr2018_Nano02Apr2020_102X_mc2017_realistic_v8-v1/130000/CA777520-5425-4147-948D-1702AEC98C05.root', 'root://xrootd-cms.infn.it///store/mc/RunIIFall17NanoAODv7/GluGluToRadionToHHTo2B2Tau_M-350_narrow_13TeV-madgraph_correctedcfg/NANOAODSIM/PU2017_12Apr2018_Nano02Apr2020_102X_mc2017_realistic_v8-v1/260000/FD7B4DA7-25B2-6B40-94C8-79FCE5B1580B.root', 'root://xrootd-cms.infn.it///store/mc/RunIIFall17NanoAODv7/GluGluToRadionToHHTo2B2Tau_M-350_narrow_13TeV-madgraph_correctedcfg/NANOAODSIM/PU2017_12Apr2018_Nano02Apr2020_102X_mc2017_realistic_v8-v1/110000/96C69C83-FDDE-7D41-A059-4FA75DE29DB5.root', 'root://xrootd-cms.infn.it///store/mc/RunIIFall17NanoAODv7/GluGluToRadionToHHTo2B2Tau_M-350_narrow_13TeV-madgraph_correctedcfg/NANOAODSIM/PU2017_12Apr2018_Nano02Apr2020_102X_mc2017_realistic_v8-v1/60000/40F6CA90-32EC-3846-A09B-AFC93728E100.root', 'root://xrootd-cms.infn.it///store/mc/RunIIFall17NanoAODv7/GluGluToRadionToHHTo2B2Tau_M-350_narrow_13TeV-madgraph_correctedcfg/NANOAODSIM/PU2017_12Apr2018_Nano02Apr2020_102X_mc2017_realistic_v8-v1/270000/570A26E3-2638-7944-970D-EFB531CB740A.root']
filtering for channel muTau
filtered for channel muTau
before any filling, baseline path are [] 

['HLT_Ele32_WPTight_Gsf', 'HLT_Ele35_WPTight_Gsf', 'HLT_Ele24_eta2p1_WPTight_Gsf_LooseChargedIsoPFTauHPS30_eta2p1_CrossL1']
current baseline path are ['HLT_IsoMu24', 'HLT_IsoMu27', 'HLT_IsoMu20_eta2p1_LooseChargedIsoPFTau27_eta2p1_CrossL1'] 

nTriggers=9, best_paths_baseline=['HLT_IsoMu24', 'HLT_IsoMu27', 'HLT_IsoMu20_eta2p1_LooseChargedIsoPFTau27_eta2p1_CrossL1'], best_paths=['HLT_IsoMu24', 'HLT_IsoMu27', 'HLT_IsoMu20_eta2p1_LooseChargedIsoPFTau27_eta2p1_CrossL1'] 

current paths = [('HLT_IsoMu24', 0.9162253249879635), ('HLT_IsoMu27', 1.0), ('HLT_IsoMu20_eta2p1_LooseChargedIsoPFTau27_eta2p1_CrossL1', 1.0)] 
all l1 seeds are 0 for the path HLT_IsoMu24
nEvt is 0
all l1 seeds are 0 for the path HLT_IsoMu24
nEvt is 0
all l1 seeds are 0 for the path HLT_IsoMu24
nEvt is 0
[]
