Running with following options: 
 channel = muTau 
 machine = lxplus 
 prodMode = GluGlu 
 sample = Radion 
 year = 2017 
 nTriggers = 9 
 iter = iter_0Baseline 
 nEvts = -1 
 mass_points = [3000] 
 best_path_baseline =  
 verbose = 0 
 reco = True 
 
evaluating for mass 3000
['root://xrootd-cms.infn.it///store/mc/RunIIFall17NanoAODv7/GluGluToRadionToHHTo2B2Tau_M-3000_narrow_13TeV-madgraph_correctedcfg/NANOAODSIM/PU2017_12Apr2018_Nano02Apr2020_102X_mc2017_realistic_v8-v1/100000/5D17C2C6-6D05-0840-AB71-9B24A3E893C3.root', 'root://xrootd-cms.infn.it///store/mc/RunIIFall17NanoAODv7/GluGluToRadionToHHTo2B2Tau_M-3000_narrow_13TeV-madgraph_correctedcfg/NANOAODSIM/PU2017_12Apr2018_Nano02Apr2020_102X_mc2017_realistic_v8-v1/270000/6FD2198D-04B5-534E-B028-BB10B3F384C5.root', 'root://xrootd-cms.infn.it///store/mc/RunIIFall17NanoAODv7/GluGluToRadionToHHTo2B2Tau_M-3000_narrow_13TeV-madgraph_correctedcfg/NANOAODSIM/PU2017_12Apr2018_Nano02Apr2020_102X_mc2017_realistic_v8-v1/260000/272A7641-DCAA-CE4A-9CD0-35C9E79248AA.root', 'root://xrootd-cms.infn.it///store/mc/RunIIFall17NanoAODv7/GluGluToRadionToHHTo2B2Tau_M-3000_narrow_13TeV-madgraph_correctedcfg/NANOAODSIM/PU2017_12Apr2018_Nano02Apr2020_102X_mc2017_realistic_v8-v1/110000/C815560A-D058-BF46-A4DF-69E95F487E4B.root', 'root://xrootd-cms.infn.it///store/mc/RunIIFall17NanoAODv7/GluGluToRadionToHHTo2B2Tau_M-3000_narrow_13TeV-madgraph_correctedcfg/NANOAODSIM/PU2017_12Apr2018_Nano02Apr2020_102X_mc2017_realistic_v8-v1/120000/ACE918C1-9BAE-924A-8A20-91BA2CA27293.root', 'root://xrootd-cms.infn.it///store/mc/RunIIFall17NanoAODv7/GluGluToRadionToHHTo2B2Tau_M-3000_narrow_13TeV-madgraph_correctedcfg/NANOAODSIM/PU2017_12Apr2018_Nano02Apr2020_102X_mc2017_realistic_v8-v1/270000/CAFE39F5-76A8-0C4C-81A8-95C25DE5DEE1.root', 'root://xrootd-cms.infn.it///store/mc/RunIIFall17NanoAODv7/GluGluToRadionToHHTo2B2Tau_M-3000_narrow_13TeV-madgraph_correctedcfg/NANOAODSIM/PU2017_12Apr2018_Nano02Apr2020_102X_mc2017_realistic_v8-v1/100000/726B1332-733F-AA44-8CEB-B4051E64745C.root']
filtering for channel muTau
filtered for channel muTau
before any filling, baseline path are [] 

['HLT_Ele32_WPTight_Gsf', 'HLT_Ele35_WPTight_Gsf', 'HLT_Ele24_eta2p1_WPTight_Gsf_LooseChargedIsoPFTauHPS30_eta2p1_CrossL1']
current baseline path are ['HLT_IsoMu24', 'HLT_IsoMu27', 'HLT_IsoMu20_eta2p1_LooseChargedIsoPFTau27_eta2p1_CrossL1'] 

nTriggers=9, best_paths_baseline=['HLT_IsoMu24', 'HLT_IsoMu27', 'HLT_IsoMu20_eta2p1_LooseChargedIsoPFTau27_eta2p1_CrossL1'], best_paths=['HLT_IsoMu24', 'HLT_IsoMu27', 'HLT_IsoMu20_eta2p1_LooseChargedIsoPFTau27_eta2p1_CrossL1'] 

current paths = [('HLT_IsoMu24', 0.9162253249879635), ('HLT_IsoMu27', 1.0), ('HLT_IsoMu20_eta2p1_LooseChargedIsoPFTau27_eta2p1_CrossL1', 1.0)] 
all l1 seeds are 0 for the path HLT_IsoMu24
nEvt is 0
all l1 seeds are 0 for the path HLT_IsoMu24
nEvt is 0
all l1 seeds are 0 for the path HLT_IsoMu24
nEvt is 0
[]
