Running with following options: 
 channel = eTau 
 machine = lxplus 
 prodMode = GluGlu 
 sample = Radion 
 year = 2018 
 nTriggers = 9 
 iter = iter_0Baseline 
 nEvts = -1 
 mass_points = [550] 
 best_path_baseline =  
 verbose = 0 
 reco = True 
 
evaluating for mass 550
['root://xrootd-cms.infn.it///store/mc/RunIIAutumn18NanoAODv7/GluGluToRadionToHHTo2B2Tau_M-550_narrow_TuneCP5_PSWeights_13TeV-madgraph-pythia8/NANOAODSIM/Nano02Apr2020_102X_upgrade2018_realistic_v21-v1/70000/C2EC1C26-78E9-2045-ADE6-6B79B77C4DEB.root', 'root://xrootd-cms.infn.it///store/mc/RunIIAutumn18NanoAODv7/GluGluToRadionToHHTo2B2Tau_M-550_narrow_TuneCP5_PSWeights_13TeV-madgraph-pythia8/NANOAODSIM/Nano02Apr2020_102X_upgrade2018_realistic_v21-v1/100000/5472F428-1258-B841-8ED1-8B8B695E8BCD.root', 'root://xrootd-cms.infn.it///store/mc/RunIIAutumn18NanoAODv7/GluGluToRadionToHHTo2B2Tau_M-550_narrow_TuneCP5_PSWeights_13TeV-madgraph-pythia8/NANOAODSIM/Nano02Apr2020_102X_upgrade2018_realistic_v21-v1/100000/F571EDEC-D230-AC42-8232-0891E272670E.root', 'root://xrootd-cms.infn.it///store/mc/RunIIAutumn18NanoAODv7/GluGluToRadionToHHTo2B2Tau_M-550_narrow_TuneCP5_PSWeights_13TeV-madgraph-pythia8/NANOAODSIM/Nano02Apr2020_102X_upgrade2018_realistic_v21-v1/100000/A6CFC159-FBEA-6648-91B6-06D0E597A069.root', 'root://xrootd-cms.infn.it///store/mc/RunIIAutumn18NanoAODv7/GluGluToRadionToHHTo2B2Tau_M-550_narrow_TuneCP5_PSWeights_13TeV-madgraph-pythia8/NANOAODSIM/Nano02Apr2020_102X_upgrade2018_realistic_v21-v1/60000/34C0F4C7-74AF-D241-A952-75B804B9D069.root', 'root://xrootd-cms.infn.it///store/mc/RunIIAutumn18NanoAODv7/GluGluToRadionToHHTo2B2Tau_M-550_narrow_TuneCP5_PSWeights_13TeV-madgraph-pythia8/NANOAODSIM/Nano02Apr2020_102X_upgrade2018_realistic_v21-v1/60000/2AF224E2-FF38-FA40-A4CD-92E5549B2558.root', 'root://xrootd-cms.infn.it///store/mc/RunIIAutumn18NanoAODv7/GluGluToRadionToHHTo2B2Tau_M-550_narrow_TuneCP5_PSWeights_13TeV-madgraph-pythia8/NANOAODSIM/Nano02Apr2020_102X_upgrade2018_realistic_v21-v1/100000/A12DD0C4-2292-F146-8BAA-56224F5991C3.root', 'root://xrootd-cms.infn.it///store/mc/RunIIAutumn18NanoAODv7/GluGluToRadionToHHTo2B2Tau_M-550_narrow_TuneCP5_PSWeights_13TeV-madgraph-pythia8/NANOAODSIM/Nano02Apr2020_102X_upgrade2018_realistic_v21-v1/120000/18C24497-A980-F84E-8A5B-8DC2ADAEA4ED.root', 'root://xrootd-cms.infn.it///store/mc/RunIIAutumn18NanoAODv7/GluGluToRadionToHHTo2B2Tau_M-550_narrow_TuneCP5_PSWeights_13TeV-madgraph-pythia8/NANOAODSIM/Nano02Apr2020_102X_upgrade2018_realistic_v21-v1/130000/153D5EA6-4A61-E54A-835C-811471BFF8B6.root', 'root://xrootd-cms.infn.it///store/mc/RunIIAutumn18NanoAODv7/GluGluToRadionToHHTo2B2Tau_M-550_narrow_TuneCP5_PSWeights_13TeV-madgraph-pythia8/NANOAODSIM/Nano02Apr2020_102X_upgrade2018_realistic_v21-v1/270000/A82900FB-D5E3-0342-A96E-2183E3E509EC.root', 'root://xrootd-cms.infn.it///store/mc/RunIIAutumn18NanoAODv7/GluGluToRadionToHHTo2B2Tau_M-550_narrow_TuneCP5_PSWeights_13TeV-madgraph-pythia8/NANOAODSIM/Nano02Apr2020_102X_upgrade2018_realistic_v21-v1/260000/867051DE-FC3B-B747-A8B6-CFE892763054.root', 'root://xrootd-cms.infn.it///store/mc/RunIIAutumn18NanoAODv7/GluGluToRadionToHHTo2B2Tau_M-550_narrow_TuneCP5_PSWeights_13TeV-madgraph-pythia8/NANOAODSIM/Nano02Apr2020_102X_upgrade2018_realistic_v21-v1/130000/BC5C22F0-0F3E-5D40-8737-158A4C15E325.root', 'root://xrootd-cms.infn.it///store/mc/RunIIAutumn18NanoAODv7/GluGluToRadionToHHTo2B2Tau_M-550_narrow_TuneCP5_PSWeights_13TeV-madgraph-pythia8/NANOAODSIM/Nano02Apr2020_102X_upgrade2018_realistic_v21-v1/100000/0489B6E0-4C9C-3744-9832-14C56CD3B028.root', 'root://xrootd-cms.infn.it///store/mc/RunIIAutumn18NanoAODv7/GluGluToRadionToHHTo2B2Tau_M-550_narrow_TuneCP5_PSWeights_13TeV-madgraph-pythia8/NANOAODSIM/Nano02Apr2020_102X_upgrade2018_realistic_v21-v1/120000/8B7A095D-FB80-B941-BB74-22F818E499A7.root', 'root://xrootd-cms.infn.it///store/mc/RunIIAutumn18NanoAODv7/GluGluToRadionToHHTo2B2Tau_M-550_narrow_TuneCP5_PSWeights_13TeV-madgraph-pythia8/NANOAODSIM/Nano02Apr2020_102X_upgrade2018_realistic_v21-v1/120000/729BBA9D-8050-B34D-AE8C-9732A8800776.root', 'root://xrootd-cms.infn.it///store/mc/RunIIAutumn18NanoAODv7/GluGluToRadionToHHTo2B2Tau_M-550_narrow_TuneCP5_PSWeights_13TeV-madgraph-pythia8/NANOAODSIM/Nano02Apr2020_102X_upgrade2018_realistic_v21-v1/120000/2B31E334-D526-4544-BAF9-E5B28D912645.root']
filtering for channel eTau
filtered for channel eTau
before any filling, baseline path are [] 

['HLT_Ele32_WPTight_Gsf', 'HLT_Ele35_WPTight_Gsf', 'HLT_Ele24_eta2p1_WPTight_Gsf_LooseChargedIsoPFTauHPS30_eta2p1_CrossL1']
current baseline path are ['HLT_Ele32_WPTight_Gsf', 'HLT_Ele35_WPTight_Gsf', 'HLT_Ele24_eta2p1_WPTight_Gsf_LooseChargedIsoPFTauHPS30_eta2p1_CrossL1'] 

nTriggers=9, best_paths_baseline=['HLT_Ele32_WPTight_Gsf', 'HLT_Ele35_WPTight_Gsf', 'HLT_Ele24_eta2p1_WPTight_Gsf_LooseChargedIsoPFTauHPS30_eta2p1_CrossL1'], best_paths=['HLT_Ele32_WPTight_Gsf', 'HLT_Ele35_WPTight_Gsf', 'HLT_Ele24_eta2p1_WPTight_Gsf_LooseChargedIsoPFTauHPS30_eta2p1_CrossL1'] 

current paths = [('HLT_Ele32_WPTight_Gsf', 0.9998332499583126), ('HLT_Ele35_WPTight_Gsf', 0.9998332499583126), ('HLT_Ele24_eta2p1_WPTight_Gsf_LooseChargedIsoPFTauHPS30_eta2p1_CrossL1', 0.705019176254794)] 
 HLT_Ele32_WPTight_Gsf == 1 
 HLT_Ele32_WPTight_Gsf == 1  ||  HLT_Ele35_WPTight_Gsf == 1 
 HLT_Ele32_WPTight_Gsf == 1  ||  HLT_Ele35_WPTight_Gsf == 1  ||  HLT_Ele24_eta2p1_WPTight_Gsf_LooseChargedIsoPFTauHPS30_eta2p1_CrossL1 == 1 
[(' HLT_Ele32_WPTight_Gsf == 1  ||  HLT_Ele35_WPTight_Gsf == 1  ||  HLT_Ele24_eta2p1_WPTight_Gsf_LooseChargedIsoPFTauHPS30_eta2p1_CrossL1 == 1 ', 0.6420335771750595, 0.04823078490915438), (' HLT_Ele32_WPTight_Gsf == 1  ||  HLT_Ele35_WPTight_Gsf == 1  ||  HLT_Ele24_eta2p1_WPTight_Gsf_LooseChargedIsoPFTauHPS30_eta2p1_CrossL1 == 1 ', 0.6420335771750595, 0.04823078490915438), (' HLT_Ele32_WPTight_Gsf == 1  ||  HLT_Ele35_WPTight_Gsf == 1  ||  HLT_Ele24_eta2p1_WPTight_Gsf_LooseChargedIsoPFTauHPS30_eta2p1_CrossL1 == 1 ', 0.6420335771750595, 0.04823078490915438)]
nPaths = 3 
entro in while 
3 ['HLT_Ele32_WPTight_Gsf', 'HLT_Ele35_WPTight_Gsf', 'HLT_Ele24_eta2p1_WPTight_Gsf_LooseChargedIsoPFTauHPS30_eta2p1_CrossL1']
all l1 seeds are 0 for the path HLT_Dimuon0_Upsilon_Muon_L1_TM0
all l1 seeds are 0 for the path HLT_Dimuon0_Upsilon_Muon_L1_TM0
all l1 seeds are 0 for the path HLT_Dimuon0_Upsilon_Muon_L1_TM0
all l1 seeds are 0 for the path HLT_Dimuon0_Upsilon_Muon_L1_TM0
entro in while 
4 ['HLT_Ele32_WPTight_Gsf', 'HLT_Ele35_WPTight_Gsf', 'HLT_Ele24_eta2p1_WPTight_Gsf_LooseChargedIsoPFTauHPS30_eta2p1_CrossL1', 'HLT_DoubleMediumChargedIsoPFTauHPS35_Trk1_eta2p1_Reg']
all l1 seeds are 0 for the path HLT_Dimuon0_Upsilon_Muon_L1_TM0
all l1 seeds are 0 for the path HLT_Dimuon0_Upsilon_Muon_L1_TM0
all l1 seeds are 0 for the path HLT_Dimuon0_Upsilon_Muon_L1_TM0
all l1 seeds are 0 for the path HLT_Dimuon0_Upsilon_Muon_L1_TM0
all l1 seeds are 0 for the path HLT_Dimuon0_Upsilon_Muon_L1_TM0
entro in while 
5 ['HLT_Ele32_WPTight_Gsf', 'HLT_Ele35_WPTight_Gsf', 'HLT_Ele24_eta2p1_WPTight_Gsf_LooseChargedIsoPFTauHPS30_eta2p1_CrossL1', 'HLT_DoubleMediumChargedIsoPFTauHPS35_Trk1_eta2p1_Reg', 'HLT_Ele50_CaloIdVT_GsfTrkIdT_PFJet165']
all l1 seeds are 0 for the path HLT_Dimuon0_Upsilon_Muon_L1_TM0
all l1 seeds are 0 for the path HLT_Dimuon0_Upsilon_Muon_L1_TM0
all l1 seeds are 0 for the path HLT_Dimuon0_Upsilon_Muon_L1_TM0
all l1 seeds are 0 for the path HLT_Dimuon0_Upsilon_Muon_L1_TM0
all l1 seeds are 0 for the path HLT_Dimuon0_Upsilon_Muon_L1_TM0
all l1 seeds are 0 for the path HLT_Dimuon0_Upsilon_Muon_L1_TM0
entro in while 
6 ['HLT_Ele32_WPTight_Gsf', 'HLT_Ele35_WPTight_Gsf', 'HLT_Ele24_eta2p1_WPTight_Gsf_LooseChargedIsoPFTauHPS30_eta2p1_CrossL1', 'HLT_DoubleMediumChargedIsoPFTauHPS35_Trk1_eta2p1_Reg', 'HLT_Ele50_CaloIdVT_GsfTrkIdT_PFJet165', 'HLT_MonoCentralPFJet80_PFMETNoMu120_PFMHTNoMu120_IDTight']
all l1 seeds are 0 for the path HLT_Dimuon0_Upsilon_Muon_L1_TM0
all l1 seeds are 0 for the path HLT_Dimuon0_Upsilon_Muon_L1_TM0
all l1 seeds are 0 for the path HLT_Dimuon0_Upsilon_Muon_L1_TM0
all l1 seeds are 0 for the path HLT_Dimuon0_Upsilon_Muon_L1_TM0
all l1 seeds are 0 for the path HLT_Dimuon0_Upsilon_Muon_L1_TM0
all l1 seeds are 0 for the path HLT_Dimuon0_Upsilon_Muon_L1_TM0
all l1 seeds are 0 for the path HLT_Dimuon0_Upsilon_Muon_L1_TM0
entro in while 
7 ['HLT_Ele32_WPTight_Gsf', 'HLT_Ele35_WPTight_Gsf', 'HLT_Ele24_eta2p1_WPTight_Gsf_LooseChargedIsoPFTauHPS30_eta2p1_CrossL1', 'HLT_DoubleMediumChargedIsoPFTauHPS35_Trk1_eta2p1_Reg', 'HLT_Ele50_CaloIdVT_GsfTrkIdT_PFJet165', 'HLT_MonoCentralPFJet80_PFMETNoMu120_PFMHTNoMu120_IDTight', 'HLT_Mu8_TrkIsoVVL_Ele23_CaloIdL_TrackIdL_IsoVL_DZ']
all l1 seeds are 0 for the path HLT_Dimuon0_Upsilon_Muon_L1_TM0
all l1 seeds are 0 for the path HLT_Dimuon0_Upsilon_Muon_L1_TM0
all l1 seeds are 0 for the path HLT_Dimuon0_Upsilon_Muon_L1_TM0
all l1 seeds are 0 for the path HLT_Dimuon0_Upsilon_Muon_L1_TM0
all l1 seeds are 0 for the path HLT_Dimuon0_Upsilon_Muon_L1_TM0
all l1 seeds are 0 for the path HLT_Dimuon0_Upsilon_Muon_L1_TM0
all l1 seeds are 0 for the path HLT_Dimuon0_Upsilon_Muon_L1_TM0
all l1 seeds are 0 for the path HLT_Dimuon0_Upsilon_Muon_L1_TM0
entro in while 
8 ['HLT_Ele32_WPTight_Gsf', 'HLT_Ele35_WPTight_Gsf', 'HLT_Ele24_eta2p1_WPTight_Gsf_LooseChargedIsoPFTauHPS30_eta2p1_CrossL1', 'HLT_DoubleMediumChargedIsoPFTauHPS35_Trk1_eta2p1_Reg', 'HLT_Ele50_CaloIdVT_GsfTrkIdT_PFJet165', 'HLT_MonoCentralPFJet80_PFMETNoMu120_PFMHTNoMu120_IDTight', 'HLT_Mu8_TrkIsoVVL_Ele23_CaloIdL_TrackIdL_IsoVL_DZ', 'HLT_Photon35_TwoProngs35']
all l1 seeds are 0 for the path HLT_Dimuon0_Upsilon_Muon_L1_TM0
all l1 seeds are 0 for the path HLT_Dimuon0_Upsilon_Muon_L1_TM0
all l1 seeds are 0 for the path HLT_Dimuon0_Upsilon_Muon_L1_TM0
all l1 seeds are 0 for the path HLT_Dimuon0_Upsilon_Muon_L1_TM0
all l1 seeds are 0 for the path HLT_Dimuon0_Upsilon_Muon_L1_TM0
all l1 seeds are 0 for the path HLT_Dimuon0_Upsilon_Muon_L1_TM0
all l1 seeds are 0 for the path HLT_Dimuon0_Upsilon_Muon_L1_TM0
all l1 seeds are 0 for the path HLT_Dimuon0_Upsilon_Muon_L1_TM0
all l1 seeds are 0 for the path HLT_Dimuon0_Upsilon_Muon_L1_TM0
best_paths_dict 
 {'M-550': {'best_paths': [' HLT_Ele32_WPTight_Gsf == 1  ||  HLT_Ele35_WPTight_Gsf == 1  ||  HLT_Ele24_eta2p1_WPTight_Gsf_LooseChargedIsoPFTauHPS30_eta2p1_CrossL1 == 1 ', 'HLT_DoubleMediumChargedIsoPFTauHPS35_Trk1_eta2p1_Reg', 'HLT_Ele50_CaloIdVT_GsfTrkIdT_PFJet165', 'HLT_MonoCentralPFJet80_PFMETNoMu120_PFMHTNoMu120_IDTight', 'HLT_Mu8_TrkIsoVVL_Ele23_CaloIdL_TrackIdL_IsoVL_DZ', 'HLT_Photon35_TwoProngs35', 'HLT_DiEle27_WPTightCaloOnly_L1DoubleEG'], 'best_eff': [0.6420335771750595, 0.7632971074909405, 0.810390702597672, 0.8331943749652565, 0.8513072961601532, 0.8615249653812374, 0.868770133859196], 'best_eff_err': [0.04823078490915438, 0.05258867967575949, 0.05418669760944703, 0.05494379127025619, 0.05553779546595226, 0.055870092767723666, 0.05610452634415012]}}
dict name = /afs/cern.ch/work/v/vdamante/public//analysis/output/GluGlu_Radion_eTau_2018//With_iter_0Baseline//GluGlu_Radion_eTau_allEvts_550Masses.json
