Running with following options: 
 channel = tauTau 
 machine = lxplus 
 prodMode = GluGlu 
 sample = Radion 
 year = 2017 
 nTriggers = -1 
 iter = Louis 
 nEvts = -1 
 mass_points = [2000] 
 best_path_baseline =  
 verbose = 0 
 reco = True 
 
evaluating for mass 2000
['root://xrootd-cms.infn.it///store/mc/RunIIFall17NanoAODv7/GluGluToRadionToHHTo2B2Tau_M-2000_narrow_13TeV-madgraph_correctedcfg/NANOAODSIM/PU2017_12Apr2018_Nano02Apr2020_102X_mc2017_realistic_v8-v1/60000/03272E0E-D896-2641-8030-54BE48D5111C.root']
filtering for channel tauTau
filtered for channel tauTau
current baseline path are ['HLT_MediumChargedIsoPFTau180HighPtRelaxedIso_Trk50_eta2p1', 'HLT_MediumChargedIsoPFTau180HighPtRelaxedIso_Trk50_eta2p1_1pr', 'HLT_PFMETNoMu120_PFMHTNoMu120_IDTight', 'HLT_PFMETNoMu120_PFMHTNoMu120_IDTight_PFHT60', 'HLT_MediumChargedIsoPFTau50_Trk30_eta2p1_1pr_MET100', 'HLT_MediumChargedIsoPFTau50_Trk30_eta2p1_1pr_MET110', 'HLT_MediumChargedIsoPFTau50_Trk30_eta2p1_1pr_MET130']
nTriggers=7, best_paths_baseline=['HLT_MediumChargedIsoPFTau180HighPtRelaxedIso_Trk50_eta2p1', 'HLT_MediumChargedIsoPFTau180HighPtRelaxedIso_Trk50_eta2p1_1pr', 'HLT_PFMETNoMu120_PFMHTNoMu120_IDTight', 'HLT_PFMETNoMu120_PFMHTNoMu120_IDTight_PFHT60', 'HLT_MediumChargedIsoPFTau50_Trk30_eta2p1_1pr_MET100', 'HLT_MediumChargedIsoPFTau50_Trk30_eta2p1_1pr_MET110', 'HLT_MediumChargedIsoPFTau50_Trk30_eta2p1_1pr_MET130'], best_paths=['HLT_MediumChargedIsoPFTau180HighPtRelaxedIso_Trk50_eta2p1', 'HLT_MediumChargedIsoPFTau180HighPtRelaxedIso_Trk50_eta2p1_1pr', 'HLT_PFMETNoMu120_PFMHTNoMu120_IDTight', 'HLT_PFMETNoMu120_PFMHTNoMu120_IDTight_PFHT60', 'HLT_MediumChargedIsoPFTau50_Trk30_eta2p1_1pr_MET100', 'HLT_MediumChargedIsoPFTau50_Trk30_eta2p1_1pr_MET110', 'HLT_MediumChargedIsoPFTau50_Trk30_eta2p1_1pr_MET130'] 

current paths = [('HLT_MediumChargedIsoPFTau180HighPtRelaxedIso_Trk50_eta2p1', 1.0), ('HLT_MediumChargedIsoPFTau180HighPtRelaxedIso_Trk50_eta2p1_1pr', 0.8846894559460761), ('HLT_PFMETNoMu120_PFMHTNoMu120_IDTight', 0.9790563312469909), ('HLT_PFMETNoMu120_PFMHTNoMu120_IDTight_PFHT60', 0.8846894559460761), ('HLT_MediumChargedIsoPFTau50_Trk30_eta2p1_1pr_MET100', 1.0), ('HLT_MediumChargedIsoPFTau50_Trk30_eta2p1_1pr_MET110', 0.6531054405392392), ('HLT_MediumChargedIsoPFTau50_Trk30_eta2p1_1pr_MET130', 0.6531054405392392)] 
 HLT_MediumChargedIsoPFTau180HighPtRelaxedIso_Trk50_eta2p1 == 1 
 HLT_MediumChargedIsoPFTau180HighPtRelaxedIso_Trk50_eta2p1 == 1  ||  HLT_MediumChargedIsoPFTau180HighPtRelaxedIso_Trk50_eta2p1_1pr == 1 
 HLT_MediumChargedIsoPFTau180HighPtRelaxedIso_Trk50_eta2p1 == 1  ||  HLT_MediumChargedIsoPFTau180HighPtRelaxedIso_Trk50_eta2p1_1pr == 1  ||  HLT_PFMETNoMu120_PFMHTNoMu120_IDTight == 1 
 HLT_MediumChargedIsoPFTau180HighPtRelaxedIso_Trk50_eta2p1 == 1  ||  HLT_MediumChargedIsoPFTau180HighPtRelaxedIso_Trk50_eta2p1_1pr == 1  ||  HLT_PFMETNoMu120_PFMHTNoMu120_IDTight == 1  ||  HLT_PFMETNoMu120_PFMHTNoMu120_IDTight_PFHT60 == 1 
 HLT_MediumChargedIsoPFTau180HighPtRelaxedIso_Trk50_eta2p1 == 1  ||  HLT_MediumChargedIsoPFTau180HighPtRelaxedIso_Trk50_eta2p1_1pr == 1  ||  HLT_PFMETNoMu120_PFMHTNoMu120_IDTight == 1  ||  HLT_PFMETNoMu120_PFMHTNoMu120_IDTight_PFHT60 == 1  ||  HLT_MediumChargedIsoPFTau50_Trk30_eta2p1_1pr_MET100 == 1 
 HLT_MediumChargedIsoPFTau180HighPtRelaxedIso_Trk50_eta2p1 == 1  ||  HLT_MediumChargedIsoPFTau180HighPtRelaxedIso_Trk50_eta2p1_1pr == 1  ||  HLT_PFMETNoMu120_PFMHTNoMu120_IDTight == 1  ||  HLT_PFMETNoMu120_PFMHTNoMu120_IDTight_PFHT60 == 1  ||  HLT_MediumChargedIsoPFTau50_Trk30_eta2p1_1pr_MET100 == 1  ||  HLT_MediumChargedIsoPFTau50_Trk30_eta2p1_1pr_MET110 == 1 
 HLT_MediumChargedIsoPFTau180HighPtRelaxedIso_Trk50_eta2p1 == 1  ||  HLT_MediumChargedIsoPFTau180HighPtRelaxedIso_Trk50_eta2p1_1pr == 1  ||  HLT_PFMETNoMu120_PFMHTNoMu120_IDTight == 1  ||  HLT_PFMETNoMu120_PFMHTNoMu120_IDTight_PFHT60 == 1  ||  HLT_MediumChargedIsoPFTau50_Trk30_eta2p1_1pr_MET100 == 1  ||  HLT_MediumChargedIsoPFTau50_Trk30_eta2p1_1pr_MET110 == 1  ||  HLT_MediumChargedIsoPFTau50_Trk30_eta2p1_1pr_MET130 == 1 
[(' HLT_MediumChargedIsoPFTau180HighPtRelaxedIso_Trk50_eta2p1 == 1  ||  HLT_MediumChargedIsoPFTau180HighPtRelaxedIso_Trk50_eta2p1_1pr == 1  ||  HLT_PFMETNoMu120_PFMHTNoMu120_IDTight == 1  ||  HLT_PFMETNoMu120_PFMHTNoMu120_IDTight_PFHT60 == 1  ||  HLT_MediumChargedIsoPFTau50_Trk30_eta2p1_1pr_MET100 == 1  ||  HLT_MediumChargedIsoPFTau50_Trk30_eta2p1_1pr_MET110 == 1  ||  HLT_MediumChargedIsoPFTau50_Trk30_eta2p1_1pr_MET130 == 1 ', 0.8141202030969338, 0.016969981227363477), (' HLT_MediumChargedIsoPFTau180HighPtRelaxedIso_Trk50_eta2p1 == 1  ||  HLT_MediumChargedIsoPFTau180HighPtRelaxedIso_Trk50_eta2p1_1pr == 1  ||  HLT_PFMETNoMu120_PFMHTNoMu120_IDTight == 1  ||  HLT_PFMETNoMu120_PFMHTNoMu120_IDTight_PFHT60 == 1  ||  HLT_MediumChargedIsoPFTau50_Trk30_eta2p1_1pr_MET100 == 1  ||  HLT_MediumChargedIsoPFTau50_Trk30_eta2p1_1pr_MET110 == 1  ||  HLT_MediumChargedIsoPFTau50_Trk30_eta2p1_1pr_MET130 == 1 ', 0.8141202030969338, 0.016969981227363477), (' HLT_MediumChargedIsoPFTau180HighPtRelaxedIso_Trk50_eta2p1 == 1  ||  HLT_MediumChargedIsoPFTau180HighPtRelaxedIso_Trk50_eta2p1_1pr == 1  ||  HLT_PFMETNoMu120_PFMHTNoMu120_IDTight == 1  ||  HLT_PFMETNoMu120_PFMHTNoMu120_IDTight_PFHT60 == 1  ||  HLT_MediumChargedIsoPFTau50_Trk30_eta2p1_1pr_MET100 == 1  ||  HLT_MediumChargedIsoPFTau50_Trk30_eta2p1_1pr_MET110 == 1  ||  HLT_MediumChargedIsoPFTau50_Trk30_eta2p1_1pr_MET130 == 1 ', 0.8141202030969338, 0.016969981227363477), (' HLT_MediumChargedIsoPFTau180HighPtRelaxedIso_Trk50_eta2p1 == 1  ||  HLT_MediumChargedIsoPFTau180HighPtRelaxedIso_Trk50_eta2p1_1pr == 1  ||  HLT_PFMETNoMu120_PFMHTNoMu120_IDTight == 1  ||  HLT_PFMETNoMu120_PFMHTNoMu120_IDTight_PFHT60 == 1  ||  HLT_MediumChargedIsoPFTau50_Trk30_eta2p1_1pr_MET100 == 1  ||  HLT_MediumChargedIsoPFTau50_Trk30_eta2p1_1pr_MET110 == 1  ||  HLT_MediumChargedIsoPFTau50_Trk30_eta2p1_1pr_MET130 == 1 ', 0.8141202030969338, 0.016969981227363477), (' HLT_MediumChargedIsoPFTau180HighPtRelaxedIso_Trk50_eta2p1 == 1  ||  HLT_MediumChargedIsoPFTau180HighPtRelaxedIso_Trk50_eta2p1_1pr == 1  ||  HLT_PFMETNoMu120_PFMHTNoMu120_IDTight == 1  ||  HLT_PFMETNoMu120_PFMHTNoMu120_IDTight_PFHT60 == 1  ||  HLT_MediumChargedIsoPFTau50_Trk30_eta2p1_1pr_MET100 == 1  ||  HLT_MediumChargedIsoPFTau50_Trk30_eta2p1_1pr_MET110 == 1  ||  HLT_MediumChargedIsoPFTau50_Trk30_eta2p1_1pr_MET130 == 1 ', 0.8141202030969338, 0.016969981227363477), (' HLT_MediumChargedIsoPFTau180HighPtRelaxedIso_Trk50_eta2p1 == 1  ||  HLT_MediumChargedIsoPFTau180HighPtRelaxedIso_Trk50_eta2p1_1pr == 1  ||  HLT_PFMETNoMu120_PFMHTNoMu120_IDTight == 1  ||  HLT_PFMETNoMu120_PFMHTNoMu120_IDTight_PFHT60 == 1  ||  HLT_MediumChargedIsoPFTau50_Trk30_eta2p1_1pr_MET100 == 1  ||  HLT_MediumChargedIsoPFTau50_Trk30_eta2p1_1pr_MET110 == 1  ||  HLT_MediumChargedIsoPFTau50_Trk30_eta2p1_1pr_MET130 == 1 ', 0.8141202030969338, 0.016969981227363477), (' HLT_MediumChargedIsoPFTau180HighPtRelaxedIso_Trk50_eta2p1 == 1  ||  HLT_MediumChargedIsoPFTau180HighPtRelaxedIso_Trk50_eta2p1_1pr == 1  ||  HLT_PFMETNoMu120_PFMHTNoMu120_IDTight == 1  ||  HLT_PFMETNoMu120_PFMHTNoMu120_IDTight_PFHT60 == 1  ||  HLT_MediumChargedIsoPFTau50_Trk30_eta2p1_1pr_MET100 == 1  ||  HLT_MediumChargedIsoPFTau50_Trk30_eta2p1_1pr_MET110 == 1  ||  HLT_MediumChargedIsoPFTau50_Trk30_eta2p1_1pr_MET130 == 1 ', 0.8141202030969338, 0.016969981227363477)]
nPaths = 7 
best_paths_dict 
 {'M-2000': {'best_paths': [' HLT_MediumChargedIsoPFTau180HighPtRelaxedIso_Trk50_eta2p1 == 1  ||  HLT_MediumChargedIsoPFTau180HighPtRelaxedIso_Trk50_eta2p1_1pr == 1  ||  HLT_PFMETNoMu120_PFMHTNoMu120_IDTight == 1  ||  HLT_PFMETNoMu120_PFMHTNoMu120_IDTight_PFHT60 == 1  ||  HLT_MediumChargedIsoPFTau50_Trk30_eta2p1_1pr_MET100 == 1  ||  HLT_MediumChargedIsoPFTau50_Trk30_eta2p1_1pr_MET110 == 1  ||  HLT_MediumChargedIsoPFTau50_Trk30_eta2p1_1pr_MET130 == 1 '], 'best_eff': [0.8141202030969338], 'best_eff_err': [0.016969981227363477]}}
dict name = /afs/cern.ch/work/v/vdamante/public//analysis/output/GluGlu_Radion_tauTau_2017//With_Louis//GluGlu_Radion_tauTau_allEvts_2000Masses.json
