Running with following options: 
 channel = tauTau 
 machine = lxplus 
 prodMode = GluGlu 
 sample = Radion 
 year = 2017 
 nTriggers = -1 
 iter = recomLouis 
 nEvts = -1 
 mass_points = [3000] 
 best_path_baseline =  
 verbose = 0 
 reco = True 
 
evaluating for mass 3000
['root://xrootd-cms.infn.it///store/mc/RunIIFall17NanoAODv7/GluGluToRadionToHHTo2B2Tau_M-3000_narrow_13TeV-madgraph_correctedcfg/NANOAODSIM/PU2017_12Apr2018_Nano02Apr2020_102X_mc2017_realistic_v8-v1/100000/5D17C2C6-6D05-0840-AB71-9B24A3E893C3.root', 'root://xrootd-cms.infn.it///store/mc/RunIIFall17NanoAODv7/GluGluToRadionToHHTo2B2Tau_M-3000_narrow_13TeV-madgraph_correctedcfg/NANOAODSIM/PU2017_12Apr2018_Nano02Apr2020_102X_mc2017_realistic_v8-v1/270000/6FD2198D-04B5-534E-B028-BB10B3F384C5.root', 'root://xrootd-cms.infn.it///store/mc/RunIIFall17NanoAODv7/GluGluToRadionToHHTo2B2Tau_M-3000_narrow_13TeV-madgraph_correctedcfg/NANOAODSIM/PU2017_12Apr2018_Nano02Apr2020_102X_mc2017_realistic_v8-v1/260000/272A7641-DCAA-CE4A-9CD0-35C9E79248AA.root', 'root://xrootd-cms.infn.it///store/mc/RunIIFall17NanoAODv7/GluGluToRadionToHHTo2B2Tau_M-3000_narrow_13TeV-madgraph_correctedcfg/NANOAODSIM/PU2017_12Apr2018_Nano02Apr2020_102X_mc2017_realistic_v8-v1/110000/C815560A-D058-BF46-A4DF-69E95F487E4B.root', 'root://xrootd-cms.infn.it///store/mc/RunIIFall17NanoAODv7/GluGluToRadionToHHTo2B2Tau_M-3000_narrow_13TeV-madgraph_correctedcfg/NANOAODSIM/PU2017_12Apr2018_Nano02Apr2020_102X_mc2017_realistic_v8-v1/120000/ACE918C1-9BAE-924A-8A20-91BA2CA27293.root', 'root://xrootd-cms.infn.it///store/mc/RunIIFall17NanoAODv7/GluGluToRadionToHHTo2B2Tau_M-3000_narrow_13TeV-madgraph_correctedcfg/NANOAODSIM/PU2017_12Apr2018_Nano02Apr2020_102X_mc2017_realistic_v8-v1/270000/CAFE39F5-76A8-0C4C-81A8-95C25DE5DEE1.root', 'root://xrootd-cms.infn.it///store/mc/RunIIFall17NanoAODv7/GluGluToRadionToHHTo2B2Tau_M-3000_narrow_13TeV-madgraph_correctedcfg/NANOAODSIM/PU2017_12Apr2018_Nano02Apr2020_102X_mc2017_realistic_v8-v1/100000/726B1332-733F-AA44-8CEB-B4051E64745C.root']
filtering for channel tauTau
filtered for channel tauTau
current baseline path are ['HLT_MediumChargedIsoPFTau180HighPtRelaxedIso_Trk50_eta2p1', 'HLT_MediumChargedIsoPFTau180HighPtRelaxedIso_Trk50_eta2p1_1pr', 'HLT_PFMETNoMu120_PFMHTNoMu120_IDTight', 'HLT_PFMETNoMu120_PFMHTNoMu120_IDTight_PFHT60', 'HLT_MediumChargedIsoPFTau50_Trk30_eta2p1_1pr_MET100', 'HLT_MediumChargedIsoPFTau50_Trk30_eta2p1_1pr_MET110', 'HLT_MediumChargedIsoPFTau50_Trk30_eta2p1_1pr_MET130']
nTriggers=7, best_paths_baseline=['HLT_MediumChargedIsoPFTau180HighPtRelaxedIso_Trk50_eta2p1', 'HLT_MediumChargedIsoPFTau180HighPtRelaxedIso_Trk50_eta2p1_1pr', 'HLT_PFMETNoMu120_PFMHTNoMu120_IDTight', 'HLT_PFMETNoMu120_PFMHTNoMu120_IDTight_PFHT60', 'HLT_MediumChargedIsoPFTau50_Trk30_eta2p1_1pr_MET100', 'HLT_MediumChargedIsoPFTau50_Trk30_eta2p1_1pr_MET110', 'HLT_MediumChargedIsoPFTau50_Trk30_eta2p1_1pr_MET130'], best_paths=['HLT_MediumChargedIsoPFTau180HighPtRelaxedIso_Trk50_eta2p1', 'HLT_MediumChargedIsoPFTau180HighPtRelaxedIso_Trk50_eta2p1_1pr', 'HLT_PFMETNoMu120_PFMHTNoMu120_IDTight', 'HLT_PFMETNoMu120_PFMHTNoMu120_IDTight_PFHT60', 'HLT_MediumChargedIsoPFTau50_Trk30_eta2p1_1pr_MET100', 'HLT_MediumChargedIsoPFTau50_Trk30_eta2p1_1pr_MET110', 'HLT_MediumChargedIsoPFTau50_Trk30_eta2p1_1pr_MET130'] 

current paths = [('HLT_MediumChargedIsoPFTau180HighPtRelaxedIso_Trk50_eta2p1', 1.0), ('HLT_MediumChargedIsoPFTau180HighPtRelaxedIso_Trk50_eta2p1_1pr', 0.8846894559460761), ('HLT_PFMETNoMu120_PFMHTNoMu120_IDTight', 0.9790563312469909), ('HLT_PFMETNoMu120_PFMHTNoMu120_IDTight_PFHT60', 0.8846894559460761), ('HLT_MediumChargedIsoPFTau50_Trk30_eta2p1_1pr_MET100', 1.0), ('HLT_MediumChargedIsoPFTau50_Trk30_eta2p1_1pr_MET110', 0.6531054405392392), ('HLT_MediumChargedIsoPFTau50_Trk30_eta2p1_1pr_MET130', 0.6531054405392392)] 
 HLT_MediumChargedIsoPFTau180HighPtRelaxedIso_Trk50_eta2p1 == 1 
 HLT_MediumChargedIsoPFTau180HighPtRelaxedIso_Trk50_eta2p1 == 1  ||  HLT_MediumChargedIsoPFTau180HighPtRelaxedIso_Trk50_eta2p1_1pr == 1 
 HLT_MediumChargedIsoPFTau180HighPtRelaxedIso_Trk50_eta2p1 == 1  ||  HLT_MediumChargedIsoPFTau180HighPtRelaxedIso_Trk50_eta2p1_1pr == 1  ||  HLT_PFMETNoMu120_PFMHTNoMu120_IDTight == 1 
 HLT_MediumChargedIsoPFTau180HighPtRelaxedIso_Trk50_eta2p1 == 1  ||  HLT_MediumChargedIsoPFTau180HighPtRelaxedIso_Trk50_eta2p1_1pr == 1  ||  HLT_PFMETNoMu120_PFMHTNoMu120_IDTight == 1  ||  HLT_PFMETNoMu120_PFMHTNoMu120_IDTight_PFHT60 == 1 
 HLT_MediumChargedIsoPFTau180HighPtRelaxedIso_Trk50_eta2p1 == 1  ||  HLT_MediumChargedIsoPFTau180HighPtRelaxedIso_Trk50_eta2p1_1pr == 1  ||  HLT_PFMETNoMu120_PFMHTNoMu120_IDTight == 1  ||  HLT_PFMETNoMu120_PFMHTNoMu120_IDTight_PFHT60 == 1  ||  HLT_MediumChargedIsoPFTau50_Trk30_eta2p1_1pr_MET100 == 1 
 HLT_MediumChargedIsoPFTau180HighPtRelaxedIso_Trk50_eta2p1 == 1  ||  HLT_MediumChargedIsoPFTau180HighPtRelaxedIso_Trk50_eta2p1_1pr == 1  ||  HLT_PFMETNoMu120_PFMHTNoMu120_IDTight == 1  ||  HLT_PFMETNoMu120_PFMHTNoMu120_IDTight_PFHT60 == 1  ||  HLT_MediumChargedIsoPFTau50_Trk30_eta2p1_1pr_MET100 == 1  ||  HLT_MediumChargedIsoPFTau50_Trk30_eta2p1_1pr_MET110 == 1 
 HLT_MediumChargedIsoPFTau180HighPtRelaxedIso_Trk50_eta2p1 == 1  ||  HLT_MediumChargedIsoPFTau180HighPtRelaxedIso_Trk50_eta2p1_1pr == 1  ||  HLT_PFMETNoMu120_PFMHTNoMu120_IDTight == 1  ||  HLT_PFMETNoMu120_PFMHTNoMu120_IDTight_PFHT60 == 1  ||  HLT_MediumChargedIsoPFTau50_Trk30_eta2p1_1pr_MET100 == 1  ||  HLT_MediumChargedIsoPFTau50_Trk30_eta2p1_1pr_MET110 == 1  ||  HLT_MediumChargedIsoPFTau50_Trk30_eta2p1_1pr_MET130 == 1 
[(' HLT_MediumChargedIsoPFTau180HighPtRelaxedIso_Trk50_eta2p1 == 1  ||  HLT_MediumChargedIsoPFTau180HighPtRelaxedIso_Trk50_eta2p1_1pr == 1  ||  HLT_PFMETNoMu120_PFMHTNoMu120_IDTight == 1  ||  HLT_PFMETNoMu120_PFMHTNoMu120_IDTight_PFHT60 == 1  ||  HLT_MediumChargedIsoPFTau50_Trk30_eta2p1_1pr_MET100 == 1  ||  HLT_MediumChargedIsoPFTau50_Trk30_eta2p1_1pr_MET110 == 1  ||  HLT_MediumChargedIsoPFTau50_Trk30_eta2p1_1pr_MET130 == 1 ', 0.8820104899717044, 0.027479919349254422), (' HLT_MediumChargedIsoPFTau180HighPtRelaxedIso_Trk50_eta2p1 == 1  ||  HLT_MediumChargedIsoPFTau180HighPtRelaxedIso_Trk50_eta2p1_1pr == 1  ||  HLT_PFMETNoMu120_PFMHTNoMu120_IDTight == 1  ||  HLT_PFMETNoMu120_PFMHTNoMu120_IDTight_PFHT60 == 1  ||  HLT_MediumChargedIsoPFTau50_Trk30_eta2p1_1pr_MET100 == 1  ||  HLT_MediumChargedIsoPFTau50_Trk30_eta2p1_1pr_MET110 == 1  ||  HLT_MediumChargedIsoPFTau50_Trk30_eta2p1_1pr_MET130 == 1 ', 0.8820104899717044, 0.027479919349254422), (' HLT_MediumChargedIsoPFTau180HighPtRelaxedIso_Trk50_eta2p1 == 1  ||  HLT_MediumChargedIsoPFTau180HighPtRelaxedIso_Trk50_eta2p1_1pr == 1  ||  HLT_PFMETNoMu120_PFMHTNoMu120_IDTight == 1  ||  HLT_PFMETNoMu120_PFMHTNoMu120_IDTight_PFHT60 == 1  ||  HLT_MediumChargedIsoPFTau50_Trk30_eta2p1_1pr_MET100 == 1  ||  HLT_MediumChargedIsoPFTau50_Trk30_eta2p1_1pr_MET110 == 1  ||  HLT_MediumChargedIsoPFTau50_Trk30_eta2p1_1pr_MET130 == 1 ', 0.8820104899717044, 0.027479919349254422), (' HLT_MediumChargedIsoPFTau180HighPtRelaxedIso_Trk50_eta2p1 == 1  ||  HLT_MediumChargedIsoPFTau180HighPtRelaxedIso_Trk50_eta2p1_1pr == 1  ||  HLT_PFMETNoMu120_PFMHTNoMu120_IDTight == 1  ||  HLT_PFMETNoMu120_PFMHTNoMu120_IDTight_PFHT60 == 1  ||  HLT_MediumChargedIsoPFTau50_Trk30_eta2p1_1pr_MET100 == 1  ||  HLT_MediumChargedIsoPFTau50_Trk30_eta2p1_1pr_MET110 == 1  ||  HLT_MediumChargedIsoPFTau50_Trk30_eta2p1_1pr_MET130 == 1 ', 0.8820104899717044, 0.027479919349254422), (' HLT_MediumChargedIsoPFTau180HighPtRelaxedIso_Trk50_eta2p1 == 1  ||  HLT_MediumChargedIsoPFTau180HighPtRelaxedIso_Trk50_eta2p1_1pr == 1  ||  HLT_PFMETNoMu120_PFMHTNoMu120_IDTight == 1  ||  HLT_PFMETNoMu120_PFMHTNoMu120_IDTight_PFHT60 == 1  ||  HLT_MediumChargedIsoPFTau50_Trk30_eta2p1_1pr_MET100 == 1  ||  HLT_MediumChargedIsoPFTau50_Trk30_eta2p1_1pr_MET110 == 1  ||  HLT_MediumChargedIsoPFTau50_Trk30_eta2p1_1pr_MET130 == 1 ', 0.8820104899717044, 0.027479919349254422), (' HLT_MediumChargedIsoPFTau180HighPtRelaxedIso_Trk50_eta2p1 == 1  ||  HLT_MediumChargedIsoPFTau180HighPtRelaxedIso_Trk50_eta2p1_1pr == 1  ||  HLT_PFMETNoMu120_PFMHTNoMu120_IDTight == 1  ||  HLT_PFMETNoMu120_PFMHTNoMu120_IDTight_PFHT60 == 1  ||  HLT_MediumChargedIsoPFTau50_Trk30_eta2p1_1pr_MET100 == 1  ||  HLT_MediumChargedIsoPFTau50_Trk30_eta2p1_1pr_MET110 == 1  ||  HLT_MediumChargedIsoPFTau50_Trk30_eta2p1_1pr_MET130 == 1 ', 0.8820104899717044, 0.027479919349254422), (' HLT_MediumChargedIsoPFTau180HighPtRelaxedIso_Trk50_eta2p1 == 1  ||  HLT_MediumChargedIsoPFTau180HighPtRelaxedIso_Trk50_eta2p1_1pr == 1  ||  HLT_PFMETNoMu120_PFMHTNoMu120_IDTight == 1  ||  HLT_PFMETNoMu120_PFMHTNoMu120_IDTight_PFHT60 == 1  ||  HLT_MediumChargedIsoPFTau50_Trk30_eta2p1_1pr_MET100 == 1  ||  HLT_MediumChargedIsoPFTau50_Trk30_eta2p1_1pr_MET110 == 1  ||  HLT_MediumChargedIsoPFTau50_Trk30_eta2p1_1pr_MET130 == 1 ', 0.8820104899717044, 0.027479919349254422)]
nPaths = 7 
best_paths_dict 
 {'M-3000': {'best_paths': [' HLT_MediumChargedIsoPFTau180HighPtRelaxedIso_Trk50_eta2p1 == 1  ||  HLT_MediumChargedIsoPFTau180HighPtRelaxedIso_Trk50_eta2p1_1pr == 1  ||  HLT_PFMETNoMu120_PFMHTNoMu120_IDTight == 1  ||  HLT_PFMETNoMu120_PFMHTNoMu120_IDTight_PFHT60 == 1  ||  HLT_MediumChargedIsoPFTau50_Trk30_eta2p1_1pr_MET100 == 1  ||  HLT_MediumChargedIsoPFTau50_Trk30_eta2p1_1pr_MET110 == 1  ||  HLT_MediumChargedIsoPFTau50_Trk30_eta2p1_1pr_MET130 == 1 '], 'best_eff': [0.8820104899717044], 'best_eff_err': [0.027479919349254422]}}
dict name = /afs/cern.ch/work/v/vdamante/public//analysis/output/GluGlu_Radion_tauTau_2017//With_recomLouis//GluGlu_Radion_tauTau_allEvts_3000Masses.json
