Running with following options: 
 channel = tauTau 
 machine = lxplus 
 prodMode = GluGlu 
 sample = Radion 
 year = 2017 
 nTriggers = 9 
 iter = iter_1 
 nEvts = -1 
 mass_points = [3000] 
 best_path_baseline =  
 verbose = 0 
 reco = True 
 
evaluating for mass 3000
filtering for channel tauTau
filtered for channel tauTau
current baseline path are ['HLT_DoubleTightChargedIsoPFTau35_Trk1_TightID_eta2p1_Reg', 'HLT_DoubleMediumChargedIsoPFTau40_Trk1_TightID_eta2p1_Reg', 'HLT_DoubleTightChargedIsoPFTau40_Trk1_eta2p1_Reg', 'HLT_PFHT300PT30_QuadPFJet_75_60_45_40_TriplePFBTagCSV_3p0', 'HLT_MediumChargedIsoPFTau50_Trk30_eta2p1_1pr_MET90', 'HLT_PFMETTypeOne120_PFMHT120_IDTight', 'HLT_MediumChargedIsoPFTau180HighPtRelaxedIso_Trk50_eta2p1'] 

HLT_DoubleMediumChargedIsoPFTau40_Trk1_TightID_eta2p1_Reg is already in best paths baseline! 
HLT_DoubleTightChargedIsoPFTau35_Trk1_TightID_eta2p1_Reg is already in best paths baseline! 
HLT_DoubleTightChargedIsoPFTau40_Trk1_eta2p1_Reg is already in best paths baseline! 
HLT_MediumChargedIsoPFTau180HighPtRelaxedIso_Trk50_eta2p1 is already in best paths baseline! 
HLT_MediumChargedIsoPFTau50_Trk30_eta2p1_1pr_MET90 is already in best paths baseline! 
HLT_PFHT300PT30_QuadPFJet_75_60_45_40_TriplePFBTagCSV_3p0 is already in best paths baseline! 
HLT_PFMETTypeOne120_PFMHT120_IDTight is already in best paths baseline! 
HLT_DoubleMediumChargedIsoPFTau40_Trk1_TightID_eta2p1_Reg is already in best paths baseline! 
HLT_DoubleTightChargedIsoPFTau35_Trk1_TightID_eta2p1_Reg is already in best paths baseline! 
HLT_DoubleTightChargedIsoPFTau40_Trk1_eta2p1_Reg is already in best paths baseline! 
HLT_MediumChargedIsoPFTau180HighPtRelaxedIso_Trk50_eta2p1 is already in best paths baseline! 
HLT_MediumChargedIsoPFTau50_Trk30_eta2p1_1pr_MET90 is already in best paths baseline! 
HLT_PFHT300PT30_QuadPFJet_75_60_45_40_TriplePFBTagCSV_3p0 is already in best paths baseline! 
HLT_PFMETTypeOne120_PFMHT120_IDTight is already in best paths baseline! 
HLT_DoubleMediumChargedIsoPFTau40_Trk1_TightID_eta2p1_Reg is already in best paths baseline! 
HLT_DoubleTightChargedIsoPFTau35_Trk1_TightID_eta2p1_Reg is already in best paths baseline! 
HLT_DoubleTightChargedIsoPFTau40_Trk1_eta2p1_Reg is already in best paths baseline! 
HLT_MediumChargedIsoPFTau180HighPtRelaxedIso_Trk50_eta2p1 is already in best paths baseline! 
HLT_MediumChargedIsoPFTau50_Trk30_eta2p1_1pr_MET90 is already in best paths baseline! 
HLT_PFHT300PT30_QuadPFJet_75_60_45_40_TriplePFBTagCSV_3p0 is already in best paths baseline! 
HLT_PFMETTypeOne120_PFMHT120_IDTight is already in best paths baseline! 
HLT_DoubleMediumChargedIsoPFTau40_Trk1_TightID_eta2p1_Reg is already in best paths baseline! 
HLT_DoubleTightChargedIsoPFTau35_Trk1_TightID_eta2p1_Reg is already in best paths baseline! 
HLT_DoubleTightChargedIsoPFTau40_Trk1_eta2p1_Reg is already in best paths baseline! 
HLT_MediumChargedIsoPFTau180HighPtRelaxedIso_Trk50_eta2p1 is already in best paths baseline! 
HLT_MediumChargedIsoPFTau50_Trk30_eta2p1_1pr_MET90 is already in best paths baseline! 
HLT_PFHT300PT30_QuadPFJet_75_60_45_40_TriplePFBTagCSV_3p0 is already in best paths baseline! 
HLT_PFMETTypeOne120_PFMHT120_IDTight is already in best paths baseline! 
HLT_DoubleMediumChargedIsoPFTau40_Trk1_TightID_eta2p1_Reg is already in best paths baseline! 
HLT_DoubleTightChargedIsoPFTau35_Trk1_TightID_eta2p1_Reg is already in best paths baseline! 
HLT_DoubleTightChargedIsoPFTau40_Trk1_eta2p1_Reg is already in best paths baseline! 
HLT_MediumChargedIsoPFTau180HighPtRelaxedIso_Trk50_eta2p1 is already in best paths baseline! 
HLT_MediumChargedIsoPFTau50_Trk30_eta2p1_1pr_MET90 is already in best paths baseline! 
HLT_PFHT300PT30_QuadPFJet_75_60_45_40_TriplePFBTagCSV_3p0 is already in best paths baseline! 
HLT_PFMETTypeOne120_PFMHT120_IDTight is already in best paths baseline! 
HLT_DoubleMediumChargedIsoPFTau40_Trk1_TightID_eta2p1_Reg is already in best paths baseline! 
HLT_DoubleTightChargedIsoPFTau35_Trk1_TightID_eta2p1_Reg is already in best paths baseline! 
HLT_DoubleTightChargedIsoPFTau40_Trk1_eta2p1_Reg is already in best paths baseline! 
HLT_MediumChargedIsoPFTau180HighPtRelaxedIso_Trk50_eta2p1 is already in best paths baseline! 
HLT_MediumChargedIsoPFTau50_Trk30_eta2p1_1pr_MET90 is already in best paths baseline! 
HLT_PFHT300PT30_QuadPFJet_75_60_45_40_TriplePFBTagCSV_3p0 is already in best paths baseline! 
HLT_PFMETTypeOne120_PFMHT120_IDTight is already in best paths baseline! 
HLT_DoubleMediumChargedIsoPFTau40_Trk1_TightID_eta2p1_Reg is already in best paths baseline! 
HLT_DoubleTightChargedIsoPFTau35_Trk1_TightID_eta2p1_Reg is already in best paths baseline! 
HLT_DoubleTightChargedIsoPFTau40_Trk1_eta2p1_Reg is already in best paths baseline! 
HLT_MediumChargedIsoPFTau180HighPtRelaxedIso_Trk50_eta2p1 is already in best paths baseline! 
HLT_MediumChargedIsoPFTau50_Trk30_eta2p1_1pr_MET90 is already in best paths baseline! 
HLT_PFHT300PT30_QuadPFJet_75_60_45_40_TriplePFBTagCSV_3p0 is already in best paths baseline! 
HLT_PFMETTypeOne120_PFMHT120_IDTight is already in best paths baseline! 
HLT_DoubleMediumChargedIsoPFTau40_Trk1_TightID_eta2p1_Reg is already in best paths baseline! 
HLT_DoubleTightChargedIsoPFTau35_Trk1_TightID_eta2p1_Reg is already in best paths baseline! 
HLT_DoubleTightChargedIsoPFTau40_Trk1_eta2p1_Reg is already in best paths baseline! 
HLT_MediumChargedIsoPFTau180HighPtRelaxedIso_Trk50_eta2p1 is already in best paths baseline! 
HLT_MediumChargedIsoPFTau50_Trk30_eta2p1_1pr_MET90 is already in best paths baseline! 
HLT_PFHT300PT30_QuadPFJet_75_60_45_40_TriplePFBTagCSV_3p0 is already in best paths baseline! 
HLT_PFMETTypeOne120_PFMHT120_IDTight is already in best paths baseline! 
HLT_DoubleMediumChargedIsoPFTau40_Trk1_TightID_eta2p1_Reg is already in best paths baseline! 
HLT_DoubleTightChargedIsoPFTau35_Trk1_TightID_eta2p1_Reg is already in best paths baseline! 
HLT_DoubleTightChargedIsoPFTau40_Trk1_eta2p1_Reg is already in best paths baseline! 
HLT_MediumChargedIsoPFTau180HighPtRelaxedIso_Trk50_eta2p1 is already in best paths baseline! 
HLT_MediumChargedIsoPFTau50_Trk30_eta2p1_1pr_MET90 is already in best paths baseline! 
HLT_PFHT300PT30_QuadPFJet_75_60_45_40_TriplePFBTagCSV_3p0 is already in best paths baseline! 
HLT_PFMETTypeOne120_PFMHT120_IDTight is already in best paths baseline! 
dict name = /afs/cern.ch/work/v/vdamante/public//analysis/output/GluGlu_Radion_tauTau_2017//With_iter_1//GluGlu_Radion_tauTau_allEvts_3000Masses.json
