Running with following options: 
 channel = tauTau 
 machine = lxplus 
 prodMode = GluGlu 
 sample = Radion 
 year = 2017 
 nTriggers = -1 
 iter = Louis 
 nEvts = -1 
 mass_points = [320] 
 best_path_baseline =  
 verbose = 0 
 reco = True 
 
evaluating for mass 320
['root://xrootd-cms.infn.it///store/mc/RunIIFall17NanoAODv7/GluGluToRadionToHHTo2B2Tau_M-320_narrow_13TeV-madgraph_correctedcfg/NANOAODSIM/PU2017_12Apr2018_Nano02Apr2020_102X_mc2017_realistic_v8-v1/70000/0E610A3C-2DDE-1347-8FAF-1FCCF8B445E2.root', 'root://xrootd-cms.infn.it///store/mc/RunIIFall17NanoAODv7/GluGluToRadionToHHTo2B2Tau_M-320_narrow_13TeV-madgraph_correctedcfg/NANOAODSIM/PU2017_12Apr2018_Nano02Apr2020_102X_mc2017_realistic_v8-v1/100000/3A3C972D-265B-5240-A07A-EC85EEF0DE59.root', 'root://xrootd-cms.infn.it///store/mc/RunIIFall17NanoAODv7/GluGluToRadionToHHTo2B2Tau_M-320_narrow_13TeV-madgraph_correctedcfg/NANOAODSIM/PU2017_12Apr2018_Nano02Apr2020_102X_mc2017_realistic_v8-v1/270000/F63AF562-5534-904D-AB29-7A0D3C576F08.root', 'root://xrootd-cms.infn.it///store/mc/RunIIFall17NanoAODv7/GluGluToRadionToHHTo2B2Tau_M-320_narrow_13TeV-madgraph_correctedcfg/NANOAODSIM/PU2017_12Apr2018_Nano02Apr2020_102X_mc2017_realistic_v8-v1/70000/1EF9C94E-D515-5C4E-92BB-4C52626B2E6F.root', 'root://xrootd-cms.infn.it///store/mc/RunIIFall17NanoAODv7/GluGluToRadionToHHTo2B2Tau_M-320_narrow_13TeV-madgraph_correctedcfg/NANOAODSIM/PU2017_12Apr2018_Nano02Apr2020_102X_mc2017_realistic_v8-v1/130000/7195512C-B49B-7B40-AD47-C02E61E0F96F.root', 'root://xrootd-cms.infn.it///store/mc/RunIIFall17NanoAODv7/GluGluToRadionToHHTo2B2Tau_M-320_narrow_13TeV-madgraph_correctedcfg/NANOAODSIM/PU2017_12Apr2018_Nano02Apr2020_102X_mc2017_realistic_v8-v1/270000/6EEB5803-9AEC-E341-8EEF-A6F8AF9ED005.root', 'root://xrootd-cms.infn.it///store/mc/RunIIFall17NanoAODv7/GluGluToRadionToHHTo2B2Tau_M-320_narrow_13TeV-madgraph_correctedcfg/NANOAODSIM/PU2017_12Apr2018_Nano02Apr2020_102X_mc2017_realistic_v8-v1/10000/09370826-62D8-B14F-97C9-CA1D76698A4B.root']
filtering for channel tauTau
filtered for channel tauTau
current baseline path are ['HLT_MediumChargedIsoPFTau180HighPtRelaxedIso_Trk50_eta2p1', 'HLT_MediumChargedIsoPFTau180HighPtRelaxedIso_Trk50_eta2p1_1pr', 'HLT_PFMETNoMu120_PFMHTNoMu120_IDTight', 'HLT_PFMETNoMu120_PFMHTNoMu120_IDTight_PFHT60', 'HLT_MediumChargedIsoPFTau50_Trk30_eta2p1_1pr_MET100', 'HLT_MediumChargedIsoPFTau50_Trk30_eta2p1_1pr_MET110', 'HLT_MediumChargedIsoPFTau50_Trk30_eta2p1_1pr_MET130']
nTriggers=7, best_paths_baseline=['HLT_MediumChargedIsoPFTau180HighPtRelaxedIso_Trk50_eta2p1', 'HLT_MediumChargedIsoPFTau180HighPtRelaxedIso_Trk50_eta2p1_1pr', 'HLT_PFMETNoMu120_PFMHTNoMu120_IDTight', 'HLT_PFMETNoMu120_PFMHTNoMu120_IDTight_PFHT60', 'HLT_MediumChargedIsoPFTau50_Trk30_eta2p1_1pr_MET100', 'HLT_MediumChargedIsoPFTau50_Trk30_eta2p1_1pr_MET110', 'HLT_MediumChargedIsoPFTau50_Trk30_eta2p1_1pr_MET130'], best_paths=['HLT_MediumChargedIsoPFTau180HighPtRelaxedIso_Trk50_eta2p1', 'HLT_MediumChargedIsoPFTau180HighPtRelaxedIso_Trk50_eta2p1_1pr', 'HLT_PFMETNoMu120_PFMHTNoMu120_IDTight', 'HLT_PFMETNoMu120_PFMHTNoMu120_IDTight_PFHT60', 'HLT_MediumChargedIsoPFTau50_Trk30_eta2p1_1pr_MET100', 'HLT_MediumChargedIsoPFTau50_Trk30_eta2p1_1pr_MET110', 'HLT_MediumChargedIsoPFTau50_Trk30_eta2p1_1pr_MET130'] 

current paths = [('HLT_MediumChargedIsoPFTau180HighPtRelaxedIso_Trk50_eta2p1', 1.0), ('HLT_MediumChargedIsoPFTau180HighPtRelaxedIso_Trk50_eta2p1_1pr', 0.8846894559460761), ('HLT_PFMETNoMu120_PFMHTNoMu120_IDTight', 0.9790563312469909), ('HLT_PFMETNoMu120_PFMHTNoMu120_IDTight_PFHT60', 0.8846894559460761), ('HLT_MediumChargedIsoPFTau50_Trk30_eta2p1_1pr_MET100', 1.0), ('HLT_MediumChargedIsoPFTau50_Trk30_eta2p1_1pr_MET110', 0.6531054405392392), ('HLT_MediumChargedIsoPFTau50_Trk30_eta2p1_1pr_MET130', 0.6531054405392392)] 
 HLT_MediumChargedIsoPFTau180HighPtRelaxedIso_Trk50_eta2p1 == 1 
 HLT_MediumChargedIsoPFTau180HighPtRelaxedIso_Trk50_eta2p1 == 1  ||  HLT_MediumChargedIsoPFTau180HighPtRelaxedIso_Trk50_eta2p1_1pr == 1 
 HLT_MediumChargedIsoPFTau180HighPtRelaxedIso_Trk50_eta2p1 == 1  ||  HLT_MediumChargedIsoPFTau180HighPtRelaxedIso_Trk50_eta2p1_1pr == 1  ||  HLT_PFMETNoMu120_PFMHTNoMu120_IDTight == 1 
 HLT_MediumChargedIsoPFTau180HighPtRelaxedIso_Trk50_eta2p1 == 1  ||  HLT_MediumChargedIsoPFTau180HighPtRelaxedIso_Trk50_eta2p1_1pr == 1  ||  HLT_PFMETNoMu120_PFMHTNoMu120_IDTight == 1  ||  HLT_PFMETNoMu120_PFMHTNoMu120_IDTight_PFHT60 == 1 
 HLT_MediumChargedIsoPFTau180HighPtRelaxedIso_Trk50_eta2p1 == 1  ||  HLT_MediumChargedIsoPFTau180HighPtRelaxedIso_Trk50_eta2p1_1pr == 1  ||  HLT_PFMETNoMu120_PFMHTNoMu120_IDTight == 1  ||  HLT_PFMETNoMu120_PFMHTNoMu120_IDTight_PFHT60 == 1  ||  HLT_MediumChargedIsoPFTau50_Trk30_eta2p1_1pr_MET100 == 1 
 HLT_MediumChargedIsoPFTau180HighPtRelaxedIso_Trk50_eta2p1 == 1  ||  HLT_MediumChargedIsoPFTau180HighPtRelaxedIso_Trk50_eta2p1_1pr == 1  ||  HLT_PFMETNoMu120_PFMHTNoMu120_IDTight == 1  ||  HLT_PFMETNoMu120_PFMHTNoMu120_IDTight_PFHT60 == 1  ||  HLT_MediumChargedIsoPFTau50_Trk30_eta2p1_1pr_MET100 == 1  ||  HLT_MediumChargedIsoPFTau50_Trk30_eta2p1_1pr_MET110 == 1 
 HLT_MediumChargedIsoPFTau180HighPtRelaxedIso_Trk50_eta2p1 == 1  ||  HLT_MediumChargedIsoPFTau180HighPtRelaxedIso_Trk50_eta2p1_1pr == 1  ||  HLT_PFMETNoMu120_PFMHTNoMu120_IDTight == 1  ||  HLT_PFMETNoMu120_PFMHTNoMu120_IDTight_PFHT60 == 1  ||  HLT_MediumChargedIsoPFTau50_Trk30_eta2p1_1pr_MET100 == 1  ||  HLT_MediumChargedIsoPFTau50_Trk30_eta2p1_1pr_MET110 == 1  ||  HLT_MediumChargedIsoPFTau50_Trk30_eta2p1_1pr_MET130 == 1 
[(' HLT_MediumChargedIsoPFTau180HighPtRelaxedIso_Trk50_eta2p1 == 1  ||  HLT_MediumChargedIsoPFTau180HighPtRelaxedIso_Trk50_eta2p1_1pr == 1  ||  HLT_PFMETNoMu120_PFMHTNoMu120_IDTight == 1  ||  HLT_PFMETNoMu120_PFMHTNoMu120_IDTight_PFHT60 == 1  ||  HLT_MediumChargedIsoPFTau50_Trk30_eta2p1_1pr_MET100 == 1  ||  HLT_MediumChargedIsoPFTau50_Trk30_eta2p1_1pr_MET110 == 1  ||  HLT_MediumChargedIsoPFTau50_Trk30_eta2p1_1pr_MET130 == 1 ', 0.02217404402391298, 0.001048606562394715), (' HLT_MediumChargedIsoPFTau180HighPtRelaxedIso_Trk50_eta2p1 == 1  ||  HLT_MediumChargedIsoPFTau180HighPtRelaxedIso_Trk50_eta2p1_1pr == 1  ||  HLT_PFMETNoMu120_PFMHTNoMu120_IDTight == 1  ||  HLT_PFMETNoMu120_PFMHTNoMu120_IDTight_PFHT60 == 1  ||  HLT_MediumChargedIsoPFTau50_Trk30_eta2p1_1pr_MET100 == 1  ||  HLT_MediumChargedIsoPFTau50_Trk30_eta2p1_1pr_MET110 == 1  ||  HLT_MediumChargedIsoPFTau50_Trk30_eta2p1_1pr_MET130 == 1 ', 0.02217404402391298, 0.001048606562394715), (' HLT_MediumChargedIsoPFTau180HighPtRelaxedIso_Trk50_eta2p1 == 1  ||  HLT_MediumChargedIsoPFTau180HighPtRelaxedIso_Trk50_eta2p1_1pr == 1  ||  HLT_PFMETNoMu120_PFMHTNoMu120_IDTight == 1  ||  HLT_PFMETNoMu120_PFMHTNoMu120_IDTight_PFHT60 == 1  ||  HLT_MediumChargedIsoPFTau50_Trk30_eta2p1_1pr_MET100 == 1  ||  HLT_MediumChargedIsoPFTau50_Trk30_eta2p1_1pr_MET110 == 1  ||  HLT_MediumChargedIsoPFTau50_Trk30_eta2p1_1pr_MET130 == 1 ', 0.02217404402391298, 0.001048606562394715), (' HLT_MediumChargedIsoPFTau180HighPtRelaxedIso_Trk50_eta2p1 == 1  ||  HLT_MediumChargedIsoPFTau180HighPtRelaxedIso_Trk50_eta2p1_1pr == 1  ||  HLT_PFMETNoMu120_PFMHTNoMu120_IDTight == 1  ||  HLT_PFMETNoMu120_PFMHTNoMu120_IDTight_PFHT60 == 1  ||  HLT_MediumChargedIsoPFTau50_Trk30_eta2p1_1pr_MET100 == 1  ||  HLT_MediumChargedIsoPFTau50_Trk30_eta2p1_1pr_MET110 == 1  ||  HLT_MediumChargedIsoPFTau50_Trk30_eta2p1_1pr_MET130 == 1 ', 0.02217404402391298, 0.001048606562394715), (' HLT_MediumChargedIsoPFTau180HighPtRelaxedIso_Trk50_eta2p1 == 1  ||  HLT_MediumChargedIsoPFTau180HighPtRelaxedIso_Trk50_eta2p1_1pr == 1  ||  HLT_PFMETNoMu120_PFMHTNoMu120_IDTight == 1  ||  HLT_PFMETNoMu120_PFMHTNoMu120_IDTight_PFHT60 == 1  ||  HLT_MediumChargedIsoPFTau50_Trk30_eta2p1_1pr_MET100 == 1  ||  HLT_MediumChargedIsoPFTau50_Trk30_eta2p1_1pr_MET110 == 1  ||  HLT_MediumChargedIsoPFTau50_Trk30_eta2p1_1pr_MET130 == 1 ', 0.02217404402391298, 0.001048606562394715), (' HLT_MediumChargedIsoPFTau180HighPtRelaxedIso_Trk50_eta2p1 == 1  ||  HLT_MediumChargedIsoPFTau180HighPtRelaxedIso_Trk50_eta2p1_1pr == 1  ||  HLT_PFMETNoMu120_PFMHTNoMu120_IDTight == 1  ||  HLT_PFMETNoMu120_PFMHTNoMu120_IDTight_PFHT60 == 1  ||  HLT_MediumChargedIsoPFTau50_Trk30_eta2p1_1pr_MET100 == 1  ||  HLT_MediumChargedIsoPFTau50_Trk30_eta2p1_1pr_MET110 == 1  ||  HLT_MediumChargedIsoPFTau50_Trk30_eta2p1_1pr_MET130 == 1 ', 0.02217404402391298, 0.001048606562394715), (' HLT_MediumChargedIsoPFTau180HighPtRelaxedIso_Trk50_eta2p1 == 1  ||  HLT_MediumChargedIsoPFTau180HighPtRelaxedIso_Trk50_eta2p1_1pr == 1  ||  HLT_PFMETNoMu120_PFMHTNoMu120_IDTight == 1  ||  HLT_PFMETNoMu120_PFMHTNoMu120_IDTight_PFHT60 == 1  ||  HLT_MediumChargedIsoPFTau50_Trk30_eta2p1_1pr_MET100 == 1  ||  HLT_MediumChargedIsoPFTau50_Trk30_eta2p1_1pr_MET110 == 1  ||  HLT_MediumChargedIsoPFTau50_Trk30_eta2p1_1pr_MET130 == 1 ', 0.02217404402391298, 0.001048606562394715)]
nPaths = 7 
best_paths_dict 
 {'M-320': {'best_paths': [' HLT_MediumChargedIsoPFTau180HighPtRelaxedIso_Trk50_eta2p1 == 1  ||  HLT_MediumChargedIsoPFTau180HighPtRelaxedIso_Trk50_eta2p1_1pr == 1  ||  HLT_PFMETNoMu120_PFMHTNoMu120_IDTight == 1  ||  HLT_PFMETNoMu120_PFMHTNoMu120_IDTight_PFHT60 == 1  ||  HLT_MediumChargedIsoPFTau50_Trk30_eta2p1_1pr_MET100 == 1  ||  HLT_MediumChargedIsoPFTau50_Trk30_eta2p1_1pr_MET110 == 1  ||  HLT_MediumChargedIsoPFTau50_Trk30_eta2p1_1pr_MET130 == 1 '], 'best_eff': [0.02217404402391298], 'best_eff_err': [0.001048606562394715]}}
dict name = /afs/cern.ch/work/v/vdamante/public//analysis/output/GluGlu_Radion_tauTau_2017//With_Louis//GluGlu_Radion_tauTau_allEvts_320Masses.json
