000 (3322537.022.000) 01/17 18:39:11 Job submitted from host: <188.185.70.244:9618?addrs=188.185.70.244-9618+[2001-1458-d00-7--100-2ee]-9618&alias=bigbird10.cern.ch&noUDP&sock=schedd_7001_aea1>
...
040 (3322537.022.000) 01/17 19:51:19 Started transferring input files
	Transferring to host: <128.142.131.63:9618?addrs=128.142.131.63-9618+[2001-1458-301-59--100-33]-9618&alias=b7g11p6724.cern.ch&noUDP&sock=slot1_3_3812_a614_39512>
...
040 (3322537.022.000) 01/17 19:51:19 Finished transferring input files
...
001 (3322537.022.000) 01/17 19:51:20 Job executing on host: <128.142.131.63:9618?addrs=128.142.131.63-9618+[2001-1458-301-59--100-33]-9618&alias=b7g11p6724.cern.ch&noUDP&sock=startd_3248_6fb2>
...
006 (3322537.022.000) 01/17 19:51:29 Image size of job updated: 411408
	155  -  MemoryUsage of job (MB)
	157848  -  ResidentSetSize of job (KB)
...
006 (3322537.022.000) 01/17 19:56:30 Image size of job updated: 1739048
	278  -  MemoryUsage of job (MB)
	283780  -  ResidentSetSize of job (KB)
...
040 (3322537.022.000) 01/17 19:59:15 Started transferring output files
...
040 (3322537.022.000) 01/17 19:59:15 Finished transferring output files
...
005 (3322537.022.000) 01/17 19:59:15 Job terminated.
	(1) Normal termination (return value 0)
		Usr 0 00:00:20, Sys 0 00:00:03  -  Run Remote Usage
		Usr 0 00:00:00, Sys 0 00:00:00  -  Run Local Usage
		Usr 0 00:00:20, Sys 0 00:00:03  -  Total Remote Usage
		Usr 0 00:00:00, Sys 0 00:00:00  -  Total Local Usage
	1409  -  Run Bytes Sent By Job
	10526  -  Run Bytes Received By Job
	1409  -  Total Bytes Sent By Job
	10526  -  Total Bytes Received By Job
	Partitionable Resources :    Usage  Request Allocated 
	   Cpus                 :     0.03        4         4 
	   Disk (KB)            :    35           1   1527806 
	   Memory (MB)          :   278        8000      8000 

	Job terminated of its own accord at 2022-01-17T18:59:14Z.
...
