000 (3322137.025.000) 01/17 17:43:18 Job submitted from host: <188.185.70.244:9618?addrs=188.185.70.244-9618+[2001-1458-d00-7--100-2ee]-9618&alias=bigbird10.cern.ch&noUDP&sock=schedd_7001_aea1>
...
040 (3322137.025.000) 01/17 18:07:56 Started transferring input files
	Transferring to host: <128.142.61.101:9618?addrs=128.142.61.101-9618+[2001-1458-301-23--100-64]-9618&alias=b7s06p3767.cern.ch&noUDP&sock=slot1_12_6129_2f52_35344>
...
040 (3322137.025.000) 01/17 18:07:56 Finished transferring input files
...
001 (3322137.025.000) 01/17 18:07:57 Job executing on host: <128.142.61.101:9618?addrs=128.142.61.101-9618+[2001-1458-301-23--100-64]-9618&alias=b7s06p3767.cern.ch&noUDP&sock=startd_5963_b353>
...
006 (3322137.025.000) 01/17 18:08:06 Image size of job updated: 735796
	263  -  MemoryUsage of job (MB)
	268972  -  ResidentSetSize of job (KB)
...
006 (3322137.025.000) 01/17 18:11:53 Image size of job updated: 1732660
	263  -  MemoryUsage of job (MB)
	268972  -  ResidentSetSize of job (KB)
...
040 (3322137.025.000) 01/17 18:11:53 Started transferring output files
...
040 (3322137.025.000) 01/17 18:11:53 Finished transferring output files
...
005 (3322137.025.000) 01/17 18:11:53 Job terminated.
	(1) Normal termination (return value 0)
		Usr 0 00:00:14, Sys 0 00:00:02  -  Run Remote Usage
		Usr 0 00:00:00, Sys 0 00:00:00  -  Run Local Usage
		Usr 0 00:00:14, Sys 0 00:00:02  -  Total Remote Usage
		Usr 0 00:00:00, Sys 0 00:00:00  -  Total Local Usage
	1309  -  Run Bytes Sent By Job
	10526  -  Run Bytes Received By Job
	1309  -  Total Bytes Sent By Job
	10526  -  Total Bytes Received By Job
	Partitionable Resources :    Usage  Request Allocated 
	   Cpus                 :                 4         4 
	   Disk (KB)            :       28        1   1259862 
	   Memory (MB)          :      263     8000      8000 

	Job terminated of its own accord at 2022-01-17T17:11:53Z.
...
