000 (3316947.006.000) 01/13 10:23:45 Job submitted from host: <188.185.70.244:9618?addrs=188.185.70.244-9618+[2001-1458-d00-7--100-2ee]-9618&alias=bigbird10.cern.ch&noUDP&sock=schedd_7001_aea1>
...
040 (3316947.006.000) 01/13 10:27:36 Started transferring input files
	Transferring to host: <128.142.137.120:9618?addrs=128.142.137.120-9618+[2001-1458-301-5e--100-6c]-9618&alias=b7g19p8362.cern.ch&noUDP&sock=slot1_28_29648_72af_75058>
...
040 (3316947.006.000) 01/13 10:27:36 Finished transferring input files
...
001 (3316947.006.000) 01/13 10:27:37 Job executing on host: <128.142.137.120:9618?addrs=128.142.137.120-9618+[2001-1458-301-5e--100-6c]-9618&alias=b7g19p8362.cern.ch&noUDP&sock=startd_29606_d4fa>
...
006 (3316947.006.000) 01/13 10:27:46 Image size of job updated: 257564
	119  -  MemoryUsage of job (MB)
	121712  -  ResidentSetSize of job (KB)
...
006 (3316947.006.000) 01/13 10:32:47 Image size of job updated: 2059340
	524  -  MemoryUsage of job (MB)
	536240  -  ResidentSetSize of job (KB)
...
006 (3316947.006.000) 01/13 10:37:47 Image size of job updated: 2059340
	524  -  MemoryUsage of job (MB)
	536244  -  ResidentSetSize of job (KB)
...
006 (3316947.006.000) 01/13 11:07:50 Image size of job updated: 2171072
	698  -  MemoryUsage of job (MB)
	714284  -  ResidentSetSize of job (KB)
...
006 (3316947.006.000) 01/13 11:42:53 Image size of job updated: 2542684
	894  -  MemoryUsage of job (MB)
	914640  -  ResidentSetSize of job (KB)
...
006 (3316947.006.000) 01/13 11:47:53 Image size of job updated: 2542684
	894  -  MemoryUsage of job (MB)
	914648  -  ResidentSetSize of job (KB)
...
006 (3316947.006.000) 01/13 12:12:56 Image size of job updated: 2809340
	1189  -  MemoryUsage of job (MB)
	1217464  -  ResidentSetSize of job (KB)
...
006 (3316947.006.000) 01/13 12:37:57 Image size of job updated: 2809340
	1191  -  MemoryUsage of job (MB)
	1219436  -  ResidentSetSize of job (KB)
...
006 (3316947.006.000) 01/13 12:42:59 Image size of job updated: 3146164
	1425  -  MemoryUsage of job (MB)
	1458372  -  ResidentSetSize of job (KB)
...
006 (3316947.006.000) 01/13 13:03:01 Image size of job updated: 3146164
	1426  -  MemoryUsage of job (MB)
	1459304  -  ResidentSetSize of job (KB)
...
006 (3316947.006.000) 01/13 13:08:01 Image size of job updated: 3475468
	1691  -  MemoryUsage of job (MB)
	1730976  -  ResidentSetSize of job (KB)
...
006 (3316947.006.000) 01/13 13:33:03 Image size of job updated: 3908032
	2065  -  MemoryUsage of job (MB)
	2114380  -  ResidentSetSize of job (KB)
...
006 (3316947.006.000) 01/13 13:38:04 Image size of job updated: 3908032
	2065  -  MemoryUsage of job (MB)
	2114388  -  ResidentSetSize of job (KB)
...
006 (3316947.006.000) 01/13 13:58:06 Image size of job updated: 3908032
	2067  -  MemoryUsage of job (MB)
	2115952  -  ResidentSetSize of job (KB)
...
006 (3316947.006.000) 01/13 14:03:06 Image size of job updated: 4408508
	2500  -  MemoryUsage of job (MB)
	2559268  -  ResidentSetSize of job (KB)
...
006 (3316947.006.000) 01/13 14:33:09 Image size of job updated: 4875772
	2906  -  MemoryUsage of job (MB)
	2974796  -  ResidentSetSize of job (KB)
...
040 (3316947.006.000) 01/13 14:56:21 Started transferring output files
...
040 (3316947.006.000) 01/13 14:56:21 Finished transferring output files
...
005 (3316947.006.000) 01/13 14:56:21 Job terminated.
	(1) Normal termination (return value 0)
		Usr 0 00:27:27, Sys 0 00:01:10  -  Run Remote Usage
		Usr 0 00:00:00, Sys 0 00:00:00  -  Run Local Usage
		Usr 0 00:27:27, Sys 0 00:01:10  -  Total Remote Usage
		Usr 0 00:00:00, Sys 0 00:00:00  -  Total Local Usage
	12890  -  Run Bytes Sent By Job
	10530  -  Run Bytes Received By Job
	12890  -  Total Bytes Sent By Job
	10530  -  Total Bytes Received By Job
	Partitionable Resources :    Usage  Request Allocated 
	   Cpus                 :     0.05        4         4 
	   Disk (KB)            :    47           1   1543704 
	   Memory (MB)          :  2906        8000      8000 

	Job terminated of its own accord at 2022-01-13T13:56:21Z.
...
