000 (3315591.019.000) 01/12 17:36:24 Job submitted from host: <188.185.70.244:9618?addrs=188.185.70.244-9618+[2001-1458-d00-7--100-2ee]-9618&alias=bigbird10.cern.ch&noUDP&sock=schedd_7001_aea1>
...
040 (3315591.019.000) 01/13 01:06:21 Started transferring input files
	Transferring to host: <128.142.60.40:9618?addrs=128.142.60.40-9618+[2001-1458-301-22--100-27]-9618&alias=b7s05p2552.cern.ch&noUDP&sock=slot1_24_4433_330d_26890>
...
040 (3315591.019.000) 01/13 01:06:21 Finished transferring input files
...
001 (3315591.019.000) 01/13 01:06:22 Job executing on host: <128.142.60.40:9618?addrs=128.142.60.40-9618+[2001-1458-301-22--100-27]-9618&alias=b7s05p2552.cern.ch&noUDP&sock=startd_4057_57d0>
...
006 (3315591.019.000) 01/13 01:06:30 Image size of job updated: 242488
	155  -  MemoryUsage of job (MB)
	157800  -  ResidentSetSize of job (KB)
...
006 (3315591.019.000) 01/13 01:11:30 Image size of job updated: 2140020
	536  -  MemoryUsage of job (MB)
	547872  -  ResidentSetSize of job (KB)
...
006 (3315591.019.000) 01/13 01:21:31 Image size of job updated: 2211272
	736  -  MemoryUsage of job (MB)
	753628  -  ResidentSetSize of job (KB)
...
006 (3315591.019.000) 01/13 01:31:32 Image size of job updated: 2255560
	807  -  MemoryUsage of job (MB)
	825404  -  ResidentSetSize of job (KB)
...
006 (3315591.019.000) 01/13 01:36:33 Image size of job updated: 2544112
	911  -  MemoryUsage of job (MB)
	932848  -  ResidentSetSize of job (KB)
...
006 (3315591.019.000) 01/13 01:46:34 Image size of job updated: 2636044
	1143  -  MemoryUsage of job (MB)
	1169456  -  ResidentSetSize of job (KB)
...
006 (3315591.019.000) 01/13 01:56:35 Image size of job updated: 2942988
	1390  -  MemoryUsage of job (MB)
	1422844  -  ResidentSetSize of job (KB)
...
006 (3315591.019.000) 01/13 02:06:37 Image size of job updated: 3426576
	1649  -  MemoryUsage of job (MB)
	1688416  -  ResidentSetSize of job (KB)
...
040 (3315591.019.000) 01/13 02:20:01 Started transferring output files
...
040 (3315591.019.000) 01/13 02:20:02 Finished transferring output files
...
005 (3315591.019.000) 01/13 02:20:02 Job terminated.
	(1) Normal termination (return value 0)
		Usr 0 00:06:13, Sys 0 00:00:19  -  Run Remote Usage
		Usr 0 00:00:00, Sys 0 00:00:00  -  Run Local Usage
		Usr 0 00:06:13, Sys 0 00:00:19  -  Total Remote Usage
		Usr 0 00:00:00, Sys 0 00:00:00  -  Total Local Usage
	7570  -  Run Bytes Sent By Job
	10530  -  Run Bytes Received By Job
	7570  -  Total Bytes Sent By Job
	10530  -  Total Bytes Received By Job
	Partitionable Resources :    Usage  Request Allocated 
	   Cpus                 :     0.04        4         4 
	   Disk (KB)            :    41           1   1057954 
	   Memory (MB)          :  1649        8000      8000 

	Job terminated of its own accord at 2022-01-13T01:20:01Z.
...
