000 (3317021.000.000) 01/13 15:49:02 Job submitted from host: <188.185.70.244:9618?addrs=188.185.70.244-9618+[2001-1458-d00-7--100-2ee]-9618&alias=bigbird10.cern.ch&noUDP&sock=schedd_7001_aea1>
...
040 (3317021.000.000) 01/13 15:56:58 Started transferring input files
	Transferring to host: <128.142.131.60:9618?addrs=128.142.131.60-9618+[2001-1458-301-59--100-30]-9618&alias=b7g11p1645.cern.ch&noUDP&sock=slot1_1_29453_0d87_73364>
...
040 (3317021.000.000) 01/13 15:56:58 Finished transferring input files
...
001 (3317021.000.000) 01/13 15:56:59 Job executing on host: <128.142.131.60:9618?addrs=128.142.131.60-9618+[2001-1458-301-59--100-30]-9618&alias=b7g11p1645.cern.ch&noUDP&sock=startd_29410_646a>
...
006 (3317021.000.000) 01/13 15:57:09 Image size of job updated: 320124
	155  -  MemoryUsage of job (MB)
	157812  -  ResidentSetSize of job (KB)
...
006 (3317021.000.000) 01/13 16:02:09 Image size of job updated: 1724476
	263  -  MemoryUsage of job (MB)
	269244  -  ResidentSetSize of job (KB)
...
006 (3317021.000.000) 01/13 16:07:09 Image size of job updated: 1724476
	263  -  MemoryUsage of job (MB)
	269252  -  ResidentSetSize of job (KB)
...
006 (3317021.000.000) 01/13 16:12:10 Image size of job updated: 1724476
	263  -  MemoryUsage of job (MB)
	269260  -  ResidentSetSize of job (KB)
...
006 (3317021.000.000) 01/13 16:22:10 Image size of job updated: 1724476
	263  -  MemoryUsage of job (MB)
	269268  -  ResidentSetSize of job (KB)
...
006 (3317021.000.000) 01/13 16:37:11 Image size of job updated: 1960644
	491  -  MemoryUsage of job (MB)
	502028  -  ResidentSetSize of job (KB)
...
006 (3317021.000.000) 01/13 16:52:13 Image size of job updated: 1960644
	491  -  MemoryUsage of job (MB)
	502036  -  ResidentSetSize of job (KB)
...
006 (3317021.000.000) 01/13 17:37:18 Image size of job updated: 2202044
	727  -  MemoryUsage of job (MB)
	744012  -  ResidentSetSize of job (KB)
...
006 (3317021.000.000) 01/13 17:42:18 Image size of job updated: 2202044
	729  -  MemoryUsage of job (MB)
	745740  -  ResidentSetSize of job (KB)
...
006 (3317021.000.000) 01/13 18:22:24 Image size of job updated: 2538236
	1057  -  MemoryUsage of job (MB)
	1082120  -  ResidentSetSize of job (KB)
...
006 (3317021.000.000) 01/13 18:47:26 Image size of job updated: 2805504
	1135  -  MemoryUsage of job (MB)
	1161692  -  ResidentSetSize of job (KB)
...
006 (3317021.000.000) 01/13 18:52:27 Image size of job updated: 2805504
	1135  -  MemoryUsage of job (MB)
	1161696  -  ResidentSetSize of job (KB)
...
040 (3317021.000.000) 01/13 18:54:14 Started transferring output files
...
040 (3317021.000.000) 01/13 18:54:14 Finished transferring output files
...
005 (3317021.000.000) 01/13 18:54:14 Job terminated.
	(1) Normal termination (return value 1)
		Usr 0 00:08:06, Sys 0 00:00:28  -  Run Remote Usage
		Usr 0 00:00:00, Sys 0 00:00:00  -  Run Local Usage
		Usr 0 00:08:06, Sys 0 00:00:28  -  Total Remote Usage
		Usr 0 00:00:00, Sys 0 00:00:00  -  Total Local Usage
	14630  -  Run Bytes Sent By Job
	10530  -  Run Bytes Received By Job
	14630  -  Total Bytes Sent By Job
	10530  -  Total Bytes Received By Job
	Partitionable Resources :    Usage  Request Allocated 
	   Cpus                 :     0.99        4         4 
	   Disk (KB)            :    48           1   1370202 
	   Memory (MB)          :  1135        8000      8000 

	Job terminated of its own accord at 2022-01-13T17:54:14Z.
...
000 (3318323.000.000) 01/14 16:28:18 Job submitted from host: <188.185.70.244:9618?addrs=188.185.70.244-9618+[2001-1458-d00-7--100-2ee]-9618&alias=bigbird10.cern.ch&noUDP&sock=schedd_7001_aea1>
...
040 (3318323.000.000) 01/14 17:57:41 Started transferring input files
	Transferring to host: <128.142.193.150:9618?addrs=128.142.193.150-9618+[2001-1458-301-8--100-12]-9618&alias=b7g21p0249.cern.ch&noUDP&sock=slot1_1_12921_c367_81759>
...
040 (3318323.000.000) 01/14 17:57:41 Finished transferring input files
...
001 (3318323.000.000) 01/14 17:57:42 Job executing on host: <128.142.193.150:9618?addrs=128.142.193.150-9618+[2001-1458-301-8--100-12]-9618&alias=b7g21p0249.cern.ch&noUDP&sock=startd_3378_9b02>
...
006 (3318323.000.000) 01/14 17:57:50 Image size of job updated: 317612
	179  -  MemoryUsage of job (MB)
	183280  -  ResidentSetSize of job (KB)
...
006 (3318323.000.000) 01/14 18:02:50 Image size of job updated: 1742008
	268  -  MemoryUsage of job (MB)
	273824  -  ResidentSetSize of job (KB)
...
006 (3318323.000.000) 01/14 18:07:51 Image size of job updated: 1986168
	517  -  MemoryUsage of job (MB)
	528576  -  ResidentSetSize of job (KB)
...
006 (3318323.000.000) 01/14 18:22:52 Image size of job updated: 1986168
	517  -  MemoryUsage of job (MB)
	528580  -  ResidentSetSize of job (KB)
...
006 (3318323.000.000) 01/14 18:47:56 Image size of job updated: 1986168
	517  -  MemoryUsage of job (MB)
	528584  -  ResidentSetSize of job (KB)
...
006 (3318323.000.000) 01/14 18:57:56 Image size of job updated: 2295500
	738  -  MemoryUsage of job (MB)
	755296  -  ResidentSetSize of job (KB)
...
006 (3318323.000.000) 01/14 19:28:00 Image size of job updated: 2295500
	738  -  MemoryUsage of job (MB)
	755300  -  ResidentSetSize of job (KB)
...
006 (3318323.000.000) 01/14 19:38:01 Image size of job updated: 2609848
	972  -  MemoryUsage of job (MB)
	995200  -  ResidentSetSize of job (KB)
...
006 (3318323.000.000) 01/14 19:58:03 Image size of job updated: 2609848
	972  -  MemoryUsage of job (MB)
	995204  -  ResidentSetSize of job (KB)
...
006 (3318323.000.000) 01/14 20:03:03 Image size of job updated: 2941164
	1150  -  MemoryUsage of job (MB)
	1177300  -  ResidentSetSize of job (KB)
...
006 (3318323.000.000) 01/14 20:18:05 Image size of job updated: 2941164
	1150  -  MemoryUsage of job (MB)
	1177308  -  ResidentSetSize of job (KB)
...
006 (3318323.000.000) 01/14 20:28:05 Image size of job updated: 3141264
	1408  -  MemoryUsage of job (MB)
	1441012  -  ResidentSetSize of job (KB)
...
006 (3318323.000.000) 01/14 20:53:09 Image size of job updated: 3470560
	1683  -  MemoryUsage of job (MB)
	1722932  -  ResidentSetSize of job (KB)
...
006 (3318323.000.000) 01/14 21:13:10 Image size of job updated: 3470560
	1683  -  MemoryUsage of job (MB)
	1722936  -  ResidentSetSize of job (KB)
...
006 (3318323.000.000) 01/14 21:18:10 Image size of job updated: 3881732
	2350  -  MemoryUsage of job (MB)
	2405920  -  ResidentSetSize of job (KB)
...
006 (3318323.000.000) 01/14 21:43:27 Image size of job updated: 4306540
	2373  -  MemoryUsage of job (MB)
	2429360  -  ResidentSetSize of job (KB)
...
006 (3318323.000.000) 01/14 21:48:13 Image size of job updated: 4306540
	2373  -  MemoryUsage of job (MB)
	2429432  -  ResidentSetSize of job (KB)
...
006 (3318323.000.000) 01/14 21:53:14 Image size of job updated: 4306540
	2377  -  MemoryUsage of job (MB)
	2433308  -  ResidentSetSize of job (KB)
...
006 (3318323.000.000) 01/14 21:58:14 Image size of job updated: 4738528
	2809  -  MemoryUsage of job (MB)
	2876080  -  ResidentSetSize of job (KB)
...
040 (3318323.000.000) 01/14 22:17:41 Started transferring output files
...
040 (3318323.000.000) 01/14 22:17:41 Finished transferring output files
...
005 (3318323.000.000) 01/14 22:17:41 Job terminated.
	(1) Normal termination (return value 0)
		Usr 0 00:24:11, Sys 0 00:01:03  -  Run Remote Usage
		Usr 0 00:00:00, Sys 0 00:00:00  -  Run Local Usage
		Usr 0 00:24:11, Sys 0 00:01:03  -  Total Remote Usage
		Usr 0 00:00:00, Sys 0 00:00:00  -  Total Local Usage
	1949  -  Run Bytes Sent By Job
	10530  -  Run Bytes Received By Job
	1949  -  Total Bytes Sent By Job
	10530  -  Total Bytes Received By Job
	Partitionable Resources :    Usage  Request Allocated 
	   Cpus                 :     0.06        4         4 
	   Disk (KB)            :    37           1   1355380 
	   Memory (MB)          :  2809        8000      8000 

	Job terminated of its own accord at 2022-01-14T21:17:41Z.
...
