000 (3275854.003.000) 12/22 11:21:43 Job submitted from host: <188.185.70.244:9618?addrs=188.185.70.244-9618+[2001-1458-d00-7--100-2ee]-9618&alias=bigbird10.cern.ch&noUDP&sock=schedd_2095_9300>
...
040 (3275854.003.000) 12/22 11:52:55 Started transferring input files
	Transferring to host: <128.142.137.53:9618?addrs=128.142.137.53-9618+[2001-1458-301-5e--100-29]-9618&alias=b7g19p7156.cern.ch&noUDP&sock=slot1_16_3284_9fff_6629>
...
040 (3275854.003.000) 12/22 11:52:55 Finished transferring input files
...
001 (3275854.003.000) 12/22 11:52:56 Job executing on host: <128.142.137.53:9618?addrs=128.142.137.53-9618+[2001-1458-301-5e--100-29]-9618&alias=b7g19p7156.cern.ch&noUDP&sock=startd_3052_ff22>
...
006 (3275854.003.000) 12/22 11:53:04 Image size of job updated: 434412
	155  -  MemoryUsage of job (MB)
	157852  -  ResidentSetSize of job (KB)
...
006 (3275854.003.000) 12/22 11:58:04 Image size of job updated: 1749688
	272  -  MemoryUsage of job (MB)
	277696  -  ResidentSetSize of job (KB)
...
040 (3275854.003.000) 12/22 11:59:37 Started transferring output files
...
040 (3275854.003.000) 12/22 11:59:37 Finished transferring output files
...
005 (3275854.003.000) 12/22 11:59:37 Job terminated.
	(1) Normal termination (return value 0)
		Usr 0 00:00:44, Sys 0 00:00:05  -  Run Remote Usage
		Usr 0 00:00:00, Sys 0 00:00:00  -  Run Local Usage
		Usr 0 00:00:44, Sys 0 00:00:05  -  Total Remote Usage
		Usr 0 00:00:00, Sys 0 00:00:00  -  Total Local Usage
	10712  -  Run Bytes Sent By Job
	11180  -  Run Bytes Received By Job
	10712  -  Total Bytes Sent By Job
	11180  -  Total Bytes Received By Job
	Partitionable Resources :    Usage  Request Allocated 
	   Cpus                 :     0.06        4         4 
	   Disk (KB)            :    46           1   1655992 
	   Memory (MB)          :   272        8000      8000 

	Job terminated of its own accord at 2021-12-22T10:59:37Z.
...
