000 (3335430.023.000) 01/18 23:49:58 Job submitted from host: <188.185.70.244:9618?addrs=188.185.70.244-9618+[2001-1458-d00-7--100-2ee]-9618&alias=bigbird10.cern.ch&noUDP&sock=schedd_7001_aea1>
...
040 (3335430.023.000) 01/19 02:48:32 Started transferring input files
	Transferring to host: <188.184.163.16:9618?addrs=188.184.163.16-9618+[2001-1458-301-4d--100-a]-9618&alias=b7s12p6208.cern.ch&noUDP&sock=slot1_3_3549_5769_32208>
...
040 (3335430.023.000) 01/19 02:48:32 Finished transferring input files
...
001 (3335430.023.000) 01/19 02:48:33 Job executing on host: <188.184.163.16:9618?addrs=188.184.163.16-9618+[2001-1458-301-4d--100-a]-9618&alias=b7s12p6208.cern.ch&noUDP&sock=startd_2995_e63c>
...
006 (3335430.023.000) 01/19 02:48:42 Image size of job updated: 1256236
	166  -  MemoryUsage of job (MB)
	169820  -  ResidentSetSize of job (KB)
...
006 (3335430.023.000) 01/19 02:53:43 Image size of job updated: 2689228
	799  -  MemoryUsage of job (MB)
	817200  -  ResidentSetSize of job (KB)
...
006 (3335430.023.000) 01/19 03:08:44 Image size of job updated: 2689228
	1342  -  MemoryUsage of job (MB)
	1373580  -  ResidentSetSize of job (KB)
...
006 (3335430.023.000) 01/19 03:13:45 Image size of job updated: 3091856
	1342  -  MemoryUsage of job (MB)
	1373580  -  ResidentSetSize of job (KB)
...
006 (3335430.023.000) 01/19 03:18:45 Image size of job updated: 3477700
	1575  -  MemoryUsage of job (MB)
	1611984  -  ResidentSetSize of job (KB)
...
006 (3335430.023.000) 01/19 03:28:47 Image size of job updated: 3889132
	1990  -  MemoryUsage of job (MB)
	2036856  -  ResidentSetSize of job (KB)
...
006 (3335430.023.000) 01/19 03:38:47 Image size of job updated: 3889132
	1990  -  MemoryUsage of job (MB)
	2036860  -  ResidentSetSize of job (KB)
...
006 (3335430.023.000) 01/19 03:43:48 Image size of job updated: 4346776
	2351  -  MemoryUsage of job (MB)
	2406912  -  ResidentSetSize of job (KB)
...
006 (3335430.023.000) 01/19 03:48:48 Image size of job updated: 4346776
	2354  -  MemoryUsage of job (MB)
	2409488  -  ResidentSetSize of job (KB)
...
006 (3335430.023.000) 01/19 03:53:48 Image size of job updated: 4790188
	2744  -  MemoryUsage of job (MB)
	2809476  -  ResidentSetSize of job (KB)
...
006 (3335430.023.000) 01/19 04:03:50 Image size of job updated: 4790188
	2745  -  MemoryUsage of job (MB)
	2810500  -  ResidentSetSize of job (KB)
...
006 (3335430.023.000) 01/19 04:08:50 Image size of job updated: 5307340
	3197  -  MemoryUsage of job (MB)
	3273196  -  ResidentSetSize of job (KB)
...
006 (3335430.023.000) 01/19 04:23:52 Image size of job updated: 5782332
	3671  -  MemoryUsage of job (MB)
	3758432  -  ResidentSetSize of job (KB)
...
006 (3335430.023.000) 01/19 04:38:54 Image size of job updated: 5830036
	4284  -  MemoryUsage of job (MB)
	4386576  -  ResidentSetSize of job (KB)
...
006 (3335430.023.000) 01/19 04:43:54 Image size of job updated: 6285324
	4284  -  MemoryUsage of job (MB)
	4386576  -  ResidentSetSize of job (KB)
...
040 (3335430.023.000) 01/19 04:52:58 Started transferring output files
...
040 (3335430.023.000) 01/19 04:52:58 Finished transferring output files
...
005 (3335430.023.000) 01/19 04:52:58 Job terminated.
	(1) Normal termination (return value 0)
		Usr 0 00:42:22, Sys 0 00:00:50  -  Run Remote Usage
		Usr 0 00:00:00, Sys 0 00:00:00  -  Run Local Usage
		Usr 0 00:42:22, Sys 0 00:00:50  -  Total Remote Usage
		Usr 0 00:00:00, Sys 0 00:00:00  -  Total Local Usage
	1303  -  Run Bytes Sent By Job
	11206  -  Run Bytes Received By Job
	1303  -  Total Bytes Sent By Job
	11206  -  Total Bytes Received By Job
	Partitionable Resources :    Usage  Request Allocated 
	   Cpus                 :     0.04        4         4 
	   Disk (KB)            :    36           1   3016943 
	   Memory (MB)          :  4284        8000      8000 

	Job terminated of its own accord at 2022-01-19T03:52:58Z.
...
