000 (3322136.001.000) 01/17 17:42:57 Job submitted from host: <188.185.70.244:9618?addrs=188.185.70.244-9618+[2001-1458-d00-7--100-2ee]-9618&alias=bigbird10.cern.ch&noUDP&sock=schedd_7001_aea1>
...
040 (3322136.001.000) 01/17 18:07:47 Started transferring input files
	Transferring to host: <128.142.57.111:9618?addrs=128.142.57.111-9618+[2001-1458-301-7--100-6e]-9618&alias=b7s02p4631.cern.ch&noUDP&sock=slot1_6_3588_d20b_37261>
...
040 (3322136.001.000) 01/17 18:07:47 Finished transferring input files
...
001 (3322136.001.000) 01/17 18:07:48 Job executing on host: <128.142.57.111:9618?addrs=128.142.57.111-9618+[2001-1458-301-7--100-6e]-9618&alias=b7s02p4631.cern.ch&noUDP&sock=startd_2909_e917>
...
006 (3322136.001.000) 01/17 18:07:57 Image size of job updated: 1726988
	266  -  MemoryUsage of job (MB)
	271640  -  ResidentSetSize of job (KB)
...
006 (3322136.001.000) 01/17 18:12:58 Image size of job updated: 3122344
	1060  -  MemoryUsage of job (MB)
	1085192  -  ResidentSetSize of job (KB)
...
006 (3322136.001.000) 01/17 18:58:02 Image size of job updated: 3122344
	1062  -  MemoryUsage of job (MB)
	1086876  -  ResidentSetSize of job (KB)
...
006 (3322136.001.000) 01/17 19:03:03 Image size of job updated: 3991588
	1572  -  MemoryUsage of job (MB)
	1609072  -  ResidentSetSize of job (KB)
...
006 (3322136.001.000) 01/17 20:08:10 Image size of job updated: 3991588
	1572  -  MemoryUsage of job (MB)
	1609076  -  ResidentSetSize of job (KB)
...
006 (3322136.001.000) 01/17 20:28:12 Image size of job updated: 4681348
	2101  -  MemoryUsage of job (MB)
	2151052  -  ResidentSetSize of job (KB)
...
006 (3322136.001.000) 01/17 21:03:14 Image size of job updated: 4681348
	2101  -  MemoryUsage of job (MB)
	2151056  -  ResidentSetSize of job (KB)
...
006 (3322136.001.000) 01/17 22:13:23 Image size of job updated: 4977288
	2598  -  MemoryUsage of job (MB)
	2660096  -  ResidentSetSize of job (KB)
...
040 (3322136.001.000) 01/17 23:08:06 Started transferring output files
...
040 (3322136.001.000) 01/17 23:08:06 Finished transferring output files
...
009 (3322136.001.000) 01/17 23:08:06 Job was aborted.
	Job removed by SYSTEM_PERIODIC_REMOVE due to wall time exceeded allowed max.
...
