000 (3316947.020.000) 01/13 10:23:45 Job submitted from host: <188.185.70.244:9618?addrs=188.185.70.244-9618+[2001-1458-d00-7--100-2ee]-9618&alias=bigbird10.cern.ch&noUDP&sock=schedd_7001_aea1>
...
040 (3316947.020.000) 01/13 10:29:00 Started transferring input files
	Transferring to host: <128.142.60.60:9618?addrs=128.142.60.60-9618+[2001-1458-301-22--100-3b]-9618&alias=b7s05p4374.cern.ch&noUDP&sock=slot1_11_4587_b4d4_31857>
...
040 (3316947.020.000) 01/13 10:29:00 Finished transferring input files
...
001 (3316947.020.000) 01/13 10:29:01 Job executing on host: <128.142.60.60:9618?addrs=128.142.60.60-9618+[2001-1458-301-22--100-3b]-9618&alias=b7s05p4374.cern.ch&noUDP&sock=startd_4193_a0b2>
...
006 (3316947.020.000) 01/13 10:29:10 Image size of job updated: 684
	1  -  MemoryUsage of job (MB)
	684  -  ResidentSetSize of job (KB)
...
006 (3316947.020.000) 01/13 10:34:11 Image size of job updated: 1748340
	581  -  MemoryUsage of job (MB)
	594844  -  ResidentSetSize of job (KB)
...
006 (3316947.020.000) 01/13 10:39:11 Image size of job updated: 1989076
	581  -  MemoryUsage of job (MB)
	594844  -  ResidentSetSize of job (KB)
...
006 (3316947.020.000) 01/13 10:54:13 Image size of job updated: 2177996
	705  -  MemoryUsage of job (MB)
	721764  -  ResidentSetSize of job (KB)
...
006 (3316947.020.000) 01/13 11:04:14 Image size of job updated: 2177996
	705  -  MemoryUsage of job (MB)
	721768  -  ResidentSetSize of job (KB)
...
006 (3316947.020.000) 01/13 11:14:14 Image size of job updated: 2439252
	962  -  MemoryUsage of job (MB)
	984696  -  ResidentSetSize of job (KB)
...
006 (3316947.020.000) 01/13 11:29:16 Image size of job updated: 2819704
	1240  -  MemoryUsage of job (MB)
	1269716  -  ResidentSetSize of job (KB)
...
006 (3316947.020.000) 01/13 11:44:18 Image size of job updated: 3158312
	1433  -  MemoryUsage of job (MB)
	1466780  -  ResidentSetSize of job (KB)
...
006 (3316947.020.000) 01/13 11:54:19 Image size of job updated: 3158312
	1433  -  MemoryUsage of job (MB)
	1466784  -  ResidentSetSize of job (KB)
...
006 (3316947.020.000) 01/13 11:59:19 Image size of job updated: 3158312
	1496  -  MemoryUsage of job (MB)
	1531196  -  ResidentSetSize of job (KB)
...
006 (3316947.020.000) 01/13 12:04:19 Image size of job updated: 3488076
	1683  -  MemoryUsage of job (MB)
	1723100  -  ResidentSetSize of job (KB)
...
006 (3316947.020.000) 01/13 12:14:21 Image size of job updated: 3642844
	2049  -  MemoryUsage of job (MB)
	2097284  -  ResidentSetSize of job (KB)
...
006 (3316947.020.000) 01/13 12:19:21 Image size of job updated: 3642844
	2049  -  MemoryUsage of job (MB)
	2097328  -  ResidentSetSize of job (KB)
...
006 (3316947.020.000) 01/13 12:24:22 Image size of job updated: 3642844
	2049  -  MemoryUsage of job (MB)
	2097332  -  ResidentSetSize of job (KB)
...
006 (3316947.020.000) 01/13 12:29:23 Image size of job updated: 4262912
	2380  -  MemoryUsage of job (MB)
	2436548  -  ResidentSetSize of job (KB)
...
006 (3316947.020.000) 01/13 12:44:24 Image size of job updated: 4438264
	2906  -  MemoryUsage of job (MB)
	2975292  -  ResidentSetSize of job (KB)
...
006 (3316947.020.000) 01/13 12:49:24 Image size of job updated: 4717804
	2906  -  MemoryUsage of job (MB)
	2975292  -  ResidentSetSize of job (KB)
...
040 (3316947.020.000) 01/13 12:57:52 Started transferring output files
...
040 (3316947.020.000) 01/13 12:57:52 Finished transferring output files
...
005 (3316947.020.000) 01/13 12:57:52 Job terminated.
	(1) Normal termination (return value 0)
		Usr 0 00:13:39, Sys 0 00:00:39  -  Run Remote Usage
		Usr 0 00:00:00, Sys 0 00:00:00  -  Run Local Usage
		Usr 0 00:13:39, Sys 0 00:00:39  -  Total Remote Usage
		Usr 0 00:00:00, Sys 0 00:00:00  -  Total Local Usage
	12293  -  Run Bytes Sent By Job
	10530  -  Run Bytes Received By Job
	12293  -  Total Bytes Sent By Job
	10530  -  Total Bytes Received By Job
	Partitionable Resources :    Usage  Request Allocated 
	   Cpus                 :     0.03        4         4 
	   Disk (KB)            :    46           1   1321452 
	   Memory (MB)          :  2906        8000      8000 

	Job terminated of its own accord at 2022-01-13T11:57:52Z.
...
