000 (3277185.019.000) 12/25 15:18:28 Job submitted from host: <188.185.70.244:9618?addrs=188.185.70.244-9618+[2001-1458-d00-7--100-2ee]-9618&alias=bigbird10.cern.ch&noUDP&sock=schedd_2095_9300>
...
040 (3277185.019.000) 12/25 15:20:13 Started transferring input files
	Transferring to host: <188.184.164.59:9618?addrs=188.184.164.59-9618&alias=b7s13p6235.cern.ch&noUDP&sock=slot1_6_3499_1ca7_8835>
...
040 (3277185.019.000) 12/25 15:20:13 Finished transferring input files
...
001 (3277185.019.000) 12/25 15:20:14 Job executing on host: <188.184.164.59:9618?addrs=188.184.164.59-9618&alias=b7s13p6235.cern.ch&noUDP&sock=startd_3063_8aad>
...
006 (3277185.019.000) 12/25 15:20:23 Image size of job updated: 320072
	155  -  MemoryUsage of job (MB)
	157764  -  ResidentSetSize of job (KB)
...
006 (3277185.019.000) 12/25 15:21:43 Image size of job updated: 1728448
	155  -  MemoryUsage of job (MB)
	157764  -  ResidentSetSize of job (KB)
...
040 (3277185.019.000) 12/25 15:21:43 Started transferring output files
...
040 (3277185.019.000) 12/25 15:21:43 Finished transferring output files
...
005 (3277185.019.000) 12/25 15:21:43 Job terminated.
	(1) Normal termination (return value 0)
		Usr 0 00:00:18, Sys 0 00:00:03  -  Run Remote Usage
		Usr 0 00:00:00, Sys 0 00:00:00  -  Run Local Usage
		Usr 0 00:00:18, Sys 0 00:00:03  -  Total Remote Usage
		Usr 0 00:00:00, Sys 0 00:00:00  -  Total Local Usage
	21553  -  Run Bytes Sent By Job
	11214  -  Run Bytes Received By Job
	21553  -  Total Bytes Sent By Job
	11214  -  Total Bytes Received By Job
	Partitionable Resources :    Usage  Request Allocated 
	   Cpus                 :                 4         4 
	   Disk (KB)            :       48        1   3002507 
	   Memory (MB)          :      155     8000      8000 

	Job terminated of its own accord at 2021-12-25T14:21:43Z.
...
