000 (3336021.010.000) 01/19 11:59:32 Job submitted from host: <188.185.70.244:9618?addrs=188.185.70.244-9618+[2001-1458-d00-7--100-2ee]-9618&alias=bigbird10.cern.ch&noUDP&sock=schedd_7001_aea1>
...
040 (3336021.010.000) 01/19 12:19:41 Started transferring input files
	Transferring to host: <188.184.165.98:9618?addrs=188.184.165.98-9618+[2001-1458-301-51--100-5d]-9618&alias=b7s14p9792.cern.ch&noUDP&sock=slot1_4_3507_bfa8_33179>
...
040 (3336021.010.000) 01/19 12:19:41 Finished transferring input files
...
001 (3336021.010.000) 01/19 12:19:42 Job executing on host: <188.184.165.98:9618?addrs=188.184.165.98-9618+[2001-1458-301-51--100-5d]-9618&alias=b7s14p9792.cern.ch&noUDP&sock=startd_3124_61f4>
...
006 (3336021.010.000) 01/19 12:19:51 Image size of job updated: 42604
	23  -  MemoryUsage of job (MB)
	23368  -  ResidentSetSize of job (KB)
...
006 (3336021.010.000) 01/19 12:24:52 Image size of job updated: 1740712
	280  -  MemoryUsage of job (MB)
	286096  -  ResidentSetSize of job (KB)
...
006 (3336021.010.000) 01/19 12:29:52 Image size of job updated: 1740712
	280  -  MemoryUsage of job (MB)
	286116  -  ResidentSetSize of job (KB)
...
040 (3336021.010.000) 01/19 12:30:46 Started transferring output files
...
040 (3336021.010.000) 01/19 12:30:46 Finished transferring output files
...
005 (3336021.010.000) 01/19 12:30:46 Job terminated.
	(1) Normal termination (return value 0)
		Usr 0 00:00:40, Sys 0 00:00:04  -  Run Remote Usage
		Usr 0 00:00:00, Sys 0 00:00:00  -  Run Local Usage
		Usr 0 00:00:40, Sys 0 00:00:04  -  Total Remote Usage
		Usr 0 00:00:00, Sys 0 00:00:00  -  Total Local Usage
	1300  -  Run Bytes Sent By Job
	11206  -  Run Bytes Received By Job
	1300  -  Total Bytes Sent By Job
	11206  -  Total Bytes Received By Job
	Partitionable Resources :    Usage  Request Allocated 
	   Cpus                 :     0.10        4         4 
	   Disk (KB)            :    36           1   2847190 
	   Memory (MB)          :   280        8000      8000 

	Job terminated of its own accord at 2022-01-19T11:30:46Z.
...
