000 (3295146.006.000) 01/10 15:19:52 Job submitted from host: <188.185.70.244:9618?addrs=188.185.70.244-9618+[2001-1458-d00-7--100-2ee]-9618&alias=bigbird10.cern.ch&noUDP&sock=schedd_7001_aea1>
...
040 (3295146.006.000) 01/10 15:32:19 Started transferring input files
	Transferring to host: <188.184.163.180:9618?addrs=188.184.163.180-9618+[2001-1458-301-4d--100-ae]-9618&alias=b7s12p3307.cern.ch&noUDP&sock=slot1_5_3976_339b_23819>
...
040 (3295146.006.000) 01/10 15:32:19 Finished transferring input files
...
001 (3295146.006.000) 01/10 15:32:20 Job executing on host: <188.184.163.180:9618?addrs=188.184.163.180-9618+[2001-1458-301-4d--100-ae]-9618&alias=b7s12p3307.cern.ch&noUDP&sock=startd_3411_3da2>
...
006 (3295146.006.000) 01/10 15:32:29 Image size of job updated: 434940
	11  -  MemoryUsage of job (MB)
	10788  -  ResidentSetSize of job (KB)
...
006 (3295146.006.000) 01/10 15:37:30 Image size of job updated: 1746200
	284  -  MemoryUsage of job (MB)
	290696  -  ResidentSetSize of job (KB)
...
040 (3295146.006.000) 01/10 15:41:44 Started transferring output files
...
040 (3295146.006.000) 01/10 15:41:44 Finished transferring output files
...
005 (3295146.006.000) 01/10 15:41:44 Job terminated.
	(1) Normal termination (return value 0)
		Usr 0 00:00:39, Sys 0 00:00:03  -  Run Remote Usage
		Usr 0 00:00:00, Sys 0 00:00:00  -  Run Local Usage
		Usr 0 00:00:39, Sys 0 00:00:03  -  Total Remote Usage
		Usr 0 00:00:00, Sys 0 00:00:00  -  Total Local Usage
	5366  -  Run Bytes Sent By Job
	10525  -  Run Bytes Received By Job
	5366  -  Total Bytes Sent By Job
	10525  -  Total Bytes Received By Job
	Partitionable Resources :    Usage  Request Allocated 
	   Cpus                 :     0.33        4         4 
	   Disk (KB)            :    39           1   2366096 
	   Memory (MB)          :   284        8000      8000 

	Job terminated of its own accord at 2022-01-10T14:41:44Z.
...
