000 (3316947.015.000) 01/13 10:23:45 Job submitted from host: <188.185.70.244:9618?addrs=188.185.70.244-9618+[2001-1458-d00-7--100-2ee]-9618&alias=bigbird10.cern.ch&noUDP&sock=schedd_7001_aea1>
...
040 (3316947.015.000) 01/13 10:27:39 Started transferring input files
	Transferring to host: <128.142.58.49:9618?addrs=128.142.58.49-9618+[2001-1458-301-16--100-30]-9618&alias=b7s03p0375.cern.ch&noUDP&sock=slot1_2_3283_eb9f_26643>
...
040 (3316947.015.000) 01/13 10:27:39 Finished transferring input files
...
001 (3316947.015.000) 01/13 10:27:40 Job executing on host: <128.142.58.49:9618?addrs=128.142.58.49-9618+[2001-1458-301-16--100-30]-9618&alias=b7s03p0375.cern.ch&noUDP&sock=startd_2881_b470>
...
006 (3316947.015.000) 01/13 10:27:49 Image size of job updated: 227164
	106  -  MemoryUsage of job (MB)
	107652  -  ResidentSetSize of job (KB)
...
006 (3316947.015.000) 01/13 10:32:50 Image size of job updated: 1727176
	267  -  MemoryUsage of job (MB)
	272792  -  ResidentSetSize of job (KB)
...
006 (3316947.015.000) 01/13 10:37:50 Image size of job updated: 2052540
	517  -  MemoryUsage of job (MB)
	529276  -  ResidentSetSize of job (KB)
...
006 (3316947.015.000) 01/13 10:57:51 Image size of job updated: 2052540
	517  -  MemoryUsage of job (MB)
	529280  -  ResidentSetSize of job (KB)
...
006 (3316947.015.000) 01/13 11:07:52 Image size of job updated: 2208600
	735  -  MemoryUsage of job (MB)
	752108  -  ResidentSetSize of job (KB)
...
006 (3316947.015.000) 01/13 11:12:52 Image size of job updated: 2208600
	735  -  MemoryUsage of job (MB)
	752112  -  ResidentSetSize of job (KB)
...
006 (3316947.015.000) 01/13 11:22:53 Image size of job updated: 2208600
	735  -  MemoryUsage of job (MB)
	752120  -  ResidentSetSize of job (KB)
...
006 (3316947.015.000) 01/13 11:32:54 Image size of job updated: 2425052
	947  -  MemoryUsage of job (MB)
	969448  -  ResidentSetSize of job (KB)
...
006 (3316947.015.000) 01/13 11:57:55 Image size of job updated: 2809188
	1142  -  MemoryUsage of job (MB)
	1169108  -  ResidentSetSize of job (KB)
...
006 (3316947.015.000) 01/13 12:22:59 Image size of job updated: 3129052
	1398  -  MemoryUsage of job (MB)
	1431548  -  ResidentSetSize of job (KB)
...
006 (3316947.015.000) 01/13 12:43:01 Image size of job updated: 3129052
	1399  -  MemoryUsage of job (MB)
	1431768  -  ResidentSetSize of job (KB)
...
006 (3316947.015.000) 01/13 12:48:01 Image size of job updated: 3208192
	1688  -  MemoryUsage of job (MB)
	1728424  -  ResidentSetSize of job (KB)
...
006 (3316947.015.000) 01/13 13:08:03 Image size of job updated: 3767448
	1995  -  MemoryUsage of job (MB)
	2042212  -  ResidentSetSize of job (KB)
...
006 (3316947.015.000) 01/13 13:13:03 Image size of job updated: 3767448
	1995  -  MemoryUsage of job (MB)
	2042216  -  ResidentSetSize of job (KB)
...
006 (3316947.015.000) 01/13 13:28:05 Image size of job updated: 4208084
	2274  -  MemoryUsage of job (MB)
	2327968  -  ResidentSetSize of job (KB)
...
006 (3316947.015.000) 01/13 13:48:07 Image size of job updated: 4208084
	2275  -  MemoryUsage of job (MB)
	2329580  -  ResidentSetSize of job (KB)
...
006 (3316947.015.000) 01/13 13:53:08 Image size of job updated: 4687232
	2727  -  MemoryUsage of job (MB)
	2791940  -  ResidentSetSize of job (KB)
...
006 (3316947.015.000) 01/13 13:58:09 Image size of job updated: 4687232
	2727  -  MemoryUsage of job (MB)
	2791944  -  ResidentSetSize of job (KB)
...
040 (3316947.015.000) 01/13 14:15:21 Started transferring output files
...
040 (3316947.015.000) 01/13 14:15:21 Finished transferring output files
...
005 (3316947.015.000) 01/13 14:15:21 Job terminated.
	(1) Normal termination (return value 0)
		Usr 0 00:18:30, Sys 0 00:00:39  -  Run Remote Usage
		Usr 0 00:00:00, Sys 0 00:00:00  -  Run Local Usage
		Usr 0 00:18:30, Sys 0 00:00:39  -  Total Remote Usage
		Usr 0 00:00:00, Sys 0 00:00:00  -  Total Local Usage
	11790  -  Run Bytes Sent By Job
	10530  -  Run Bytes Received By Job
	11790  -  Total Bytes Sent By Job
	10530  -  Total Bytes Received By Job
	Partitionable Resources :    Usage  Request Allocated 
	   Cpus                 :     0.02        4         4 
	   Disk (KB)            :    45           1   1295611 
	   Memory (MB)          :  2727        8000      8000 

	Job terminated of its own accord at 2022-01-13T13:15:21Z.
...
