000 (3314882.003.000) 01/12 10:53:21 Job submitted from host: <188.185.70.244:9618?addrs=188.185.70.244-9618+[2001-1458-d00-7--100-2ee]-9618&alias=bigbird10.cern.ch&noUDP&sock=schedd_7001_aea1>
...
040 (3314882.003.000) 01/12 10:54:10 Started transferring input files
	Transferring to host: <128.142.61.76:9618?addrs=128.142.61.76-9618&alias=b7s06p7266.cern.ch&noUDP&sock=slot1_33_3785_9ff3_27715>
...
040 (3314882.003.000) 01/12 10:54:10 Finished transferring input files
...
001 (3314882.003.000) 01/12 10:54:11 Job executing on host: <128.142.61.76:9618?addrs=128.142.61.76-9618&alias=b7s06p7266.cern.ch&noUDP&sock=startd_2643_74e6>
...
006 (3314882.003.000) 01/12 10:54:19 Image size of job updated: 272456
	189  -  MemoryUsage of job (MB)
	193272  -  ResidentSetSize of job (KB)
...
006 (3314882.003.000) 01/12 10:59:19 Image size of job updated: 1733132
	274  -  MemoryUsage of job (MB)
	279760  -  ResidentSetSize of job (KB)
...
006 (3314882.003.000) 01/12 11:09:21 Image size of job updated: 2457852
	699  -  MemoryUsage of job (MB)
	715248  -  ResidentSetSize of job (KB)
...
006 (3314882.003.000) 01/12 11:14:21 Image size of job updated: 2457852
	699  -  MemoryUsage of job (MB)
	715256  -  ResidentSetSize of job (KB)
...
040 (3314882.003.000) 01/12 11:18:18 Started transferring output files
...
040 (3314882.003.000) 01/12 11:18:18 Finished transferring output files
...
004 (3314882.003.000) 01/12 11:18:18 Job was evicted.
	(0) CPU times
		Usr 0 00:01:49, Sys 0 00:00:06  -  Run Remote Usage
		Usr 0 00:00:00, Sys 0 00:00:00  -  Run Local Usage
	9340  -  Run Bytes Sent By Job
	10531  -  Run Bytes Received By Job
	Partitionable Resources :    Usage  Request Allocated 
	   Cpus                 :     0.02        4         4 
	   Disk (KB)            :    42           1   1303757 
	   Memory (MB)          :   699        8000      8000 
...
009 (3314882.003.000) 01/12 11:18:18 Job was aborted.
	via condor_rm (by user vdamante)
...
