000 (3336021.006.000) 01/19 11:59:32 Job submitted from host: <188.185.70.244:9618?addrs=188.185.70.244-9618+[2001-1458-d00-7--100-2ee]-9618&alias=bigbird10.cern.ch&noUDP&sock=schedd_7001_aea1>
...
040 (3336021.006.000) 01/19 12:19:50 Started transferring input files
	Transferring to host: <188.184.163.98:9618?addrs=188.184.163.98-9618+[2001-1458-301-4d--100-5c]-9618&alias=b7s12p3960.cern.ch&noUDP&sock=slot1_14_4315_0ec9_33041>
...
040 (3336021.006.000) 01/19 12:19:50 Finished transferring input files
...
001 (3336021.006.000) 01/19 12:19:51 Job executing on host: <188.184.163.98:9618?addrs=188.184.163.98-9618+[2001-1458-301-4d--100-5c]-9618&alias=b7s12p3960.cern.ch&noUDP&sock=startd_4141_f5c5>
...
006 (3336021.006.000) 01/19 12:20:00 Image size of job updated: 320156
	155  -  MemoryUsage of job (MB)
	157848  -  ResidentSetSize of job (KB)
...
006 (3336021.006.000) 01/19 12:25:01 Image size of job updated: 1728156
	267  -  MemoryUsage of job (MB)
	272488  -  ResidentSetSize of job (KB)
...
040 (3336021.006.000) 01/19 12:28:03 Started transferring output files
...
040 (3336021.006.000) 01/19 12:28:03 Finished transferring output files
...
005 (3336021.006.000) 01/19 12:28:03 Job terminated.
	(1) Normal termination (return value 0)
		Usr 0 00:00:32, Sys 0 00:00:04  -  Run Remote Usage
		Usr 0 00:00:00, Sys 0 00:00:00  -  Run Local Usage
		Usr 0 00:00:32, Sys 0 00:00:04  -  Total Remote Usage
		Usr 0 00:00:00, Sys 0 00:00:00  -  Total Local Usage
	1300  -  Run Bytes Sent By Job
	11206  -  Run Bytes Received By Job
	1300  -  Total Bytes Sent By Job
	11206  -  Total Bytes Received By Job
	Partitionable Resources :    Usage  Request Allocated 
	   Cpus                 :     0.03        4         4 
	   Disk (KB)            :    36           1   2715951 
	   Memory (MB)          :   267        8000      8000 

	Job terminated of its own accord at 2022-01-19T11:28:03Z.
...
