000 (3294120.008.000) 01/10 14:43:38 Job submitted from host: <188.185.70.244:9618?addrs=188.185.70.244-9618+[2001-1458-d00-7--100-2ee]-9618&alias=bigbird10.cern.ch&noUDP&sock=schedd_7001_aea1>
...
040 (3294120.008.000) 01/10 14:48:02 Started transferring input files
	Transferring to host: <128.142.59.86:9618?addrs=128.142.59.86-9618+[2001-1458-301-21--100-55]-9618&alias=b7s04p2139.cern.ch&noUDP&sock=slot1_9_3600_468b_24929>
...
040 (3294120.008.000) 01/10 14:48:02 Finished transferring input files
...
001 (3294120.008.000) 01/10 14:48:03 Job executing on host: <128.142.59.86:9618?addrs=128.142.59.86-9618+[2001-1458-301-21--100-55]-9618&alias=b7s04p2139.cern.ch&noUDP&sock=startd_2942_8bb7>
...
006 (3294120.008.000) 01/10 14:48:12 Image size of job updated: 243004
	186  -  MemoryUsage of job (MB)
	190000  -  ResidentSetSize of job (KB)
...
006 (3294120.008.000) 01/10 14:48:15 Image size of job updated: 1668752
	186  -  MemoryUsage of job (MB)
	190012  -  ResidentSetSize of job (KB)
...
040 (3294120.008.000) 01/10 14:48:15 Started transferring output files
...
040 (3294120.008.000) 01/10 14:48:15 Finished transferring output files
...
005 (3294120.008.000) 01/10 14:48:15 Job terminated.
	(1) Normal termination (return value 1)
		Usr 0 00:00:04, Sys 0 00:00:02  -  Run Remote Usage
		Usr 0 00:00:00, Sys 0 00:00:00  -  Run Local Usage
		Usr 0 00:00:04, Sys 0 00:00:02  -  Total Remote Usage
		Usr 0 00:00:00, Sys 0 00:00:00  -  Total Local Usage
	7531  -  Run Bytes Sent By Job
	10525  -  Run Bytes Received By Job
	7531  -  Total Bytes Sent By Job
	10525  -  Total Bytes Received By Job
	Partitionable Resources :    Usage  Request Allocated 
	   Cpus                 :                 4         4 
	   Disk (KB)            :       35        1    940764 
	   Memory (MB)          :      186     8000      8000 

	Job terminated of its own accord at 2022-01-10T13:48:15Z.
...
