000 (3293338.010.000) 01/10 13:03:42 Job submitted from host: <188.185.70.244:9618?addrs=188.185.70.244-9618+[2001-1458-d00-7--100-2ee]-9618&alias=bigbird10.cern.ch&noUDP&sock=schedd_7001_aea1>
...
040 (3293338.010.000) 01/10 13:07:10 Started transferring input files
	Transferring to host: <128.142.132.118:9618?addrs=128.142.132.118-9618+[2001-1458-301-5a--100-6a]-9618&alias=b7g12p2959.cern.ch&noUDP&sock=slot1_15_22559_9b2e_94930>
...
040 (3293338.010.000) 01/10 13:07:10 Finished transferring input files
...
001 (3293338.010.000) 01/10 13:07:11 Job executing on host: <128.142.132.118:9618?addrs=128.142.132.118-9618+[2001-1458-301-5a--100-6a]-9618&alias=b7g12p2959.cern.ch&noUDP&sock=startd_2493_91b1>
...
006 (3293338.010.000) 01/10 13:07:20 Image size of job updated: 259944
	121  -  MemoryUsage of job (MB)
	123660  -  ResidentSetSize of job (KB)
...
006 (3293338.010.000) 01/10 13:07:33 Image size of job updated: 1256176
	121  -  MemoryUsage of job (MB)
	123688  -  ResidentSetSize of job (KB)
...
040 (3293338.010.000) 01/10 13:07:33 Started transferring output files
...
040 (3293338.010.000) 01/10 13:07:33 Finished transferring output files
...
005 (3293338.010.000) 01/10 13:07:33 Job terminated.
	(1) Normal termination (return value 1)
		Usr 0 00:00:07, Sys 0 00:00:02  -  Run Remote Usage
		Usr 0 00:00:00, Sys 0 00:00:00  -  Run Local Usage
		Usr 0 00:00:07, Sys 0 00:00:02  -  Total Remote Usage
		Usr 0 00:00:00, Sys 0 00:00:00  -  Total Local Usage
	6273  -  Run Bytes Sent By Job
	10525  -  Run Bytes Received By Job
	6273  -  Total Bytes Sent By Job
	10525  -  Total Bytes Received By Job
	Partitionable Resources :    Usage  Request Allocated 
	   Cpus                 :                 4         4 
	   Disk (KB)            :       34        1   1463561 
	   Memory (MB)          :      121     8000      8000 

	Job terminated of its own accord at 2022-01-10T12:07:33Z.
...
