000 (3314882.009.000) 01/12 10:53:21 Job submitted from host: <188.185.70.244:9618?addrs=188.185.70.244-9618+[2001-1458-d00-7--100-2ee]-9618&alias=bigbird10.cern.ch&noUDP&sock=schedd_7001_aea1>
...
040 (3314882.009.000) 01/12 10:54:38 Started transferring input files
	Transferring to host: <128.142.61.65:9618?addrs=128.142.61.65-9618+[2001-1458-301-23--100-40]-9618&alias=b7s06p7861.cern.ch&noUDP&sock=slot1_9_3597_296b_26946>
...
040 (3314882.009.000) 01/12 10:54:38 Finished transferring input files
...
001 (3314882.009.000) 01/12 10:54:39 Job executing on host: <128.142.61.65:9618?addrs=128.142.61.65-9618+[2001-1458-301-23--100-40]-9618&alias=b7s06p7861.cern.ch&noUDP&sock=startd_2934_0ef5>
...
006 (3314882.009.000) 01/12 10:54:48 Image size of job updated: 1280728
	255  -  MemoryUsage of job (MB)
	260388  -  ResidentSetSize of job (KB)
...
006 (3314882.009.000) 01/12 10:59:49 Image size of job updated: 1727960
	267  -  MemoryUsage of job (MB)
	272920  -  ResidentSetSize of job (KB)
...
006 (3314882.009.000) 01/12 11:04:50 Image size of job updated: 1727960
	267  -  MemoryUsage of job (MB)
	273064  -  ResidentSetSize of job (KB)
...
006 (3314882.009.000) 01/12 11:09:50 Image size of job updated: 2271508
	698  -  MemoryUsage of job (MB)
	714148  -  ResidentSetSize of job (KB)
...
040 (3314882.009.000) 01/12 11:18:19 Started transferring output files
...
040 (3314882.009.000) 01/12 11:18:19 Finished transferring output files
...
004 (3314882.009.000) 01/12 11:18:19 Job was evicted.
	(0) CPU times
		Usr 0 00:01:28, Sys 0 00:00:05  -  Run Remote Usage
		Usr 0 00:00:00, Sys 0 00:00:00  -  Run Local Usage
	8842  -  Run Bytes Sent By Job
	10531  -  Run Bytes Received By Job
	Partitionable Resources :    Usage  Request Allocated 
	   Cpus                 :     0.05        4         4 
	   Disk (KB)            :    43           1   1319688 
	   Memory (MB)          :   698        8000      8000 
...
009 (3314882.009.000) 01/12 11:18:19 Job was aborted.
	via condor_rm (by user vdamante)
...
