000 (3273638.000.000) 12/17 12:21:47 Job submitted from host: <188.185.70.244:9618?addrs=188.185.70.244-9618+[2001-1458-d00-7--100-2ee]-9618&alias=bigbird10.cern.ch&noUDP&sock=schedd_2095_9300>
...
040 (3273638.000.000) 12/17 12:32:10 Started transferring input files
	Transferring to host: <128.142.58.124:9618?addrs=128.142.58.124-9618+[2001-1458-301-16--100-7b]-9618&alias=b7s03p8509.cern.ch&noUDP&sock=slot1_19_3186_933b_1050>
...
040 (3273638.000.000) 12/17 12:32:10 Finished transferring input files
...
001 (3273638.000.000) 12/17 12:32:11 Job executing on host: <128.142.58.124:9618?addrs=128.142.58.124-9618+[2001-1458-301-16--100-7b]-9618&alias=b7s03p8509.cern.ch&noUDP&sock=startd_2831_68b4>
...
006 (3273638.000.000) 12/17 12:32:20 Image size of job updated: 796392
	155  -  MemoryUsage of job (MB)
	157800  -  ResidentSetSize of job (KB)
...
006 (3273638.000.000) 12/17 12:37:21 Image size of job updated: 2576520
	1072  -  MemoryUsage of job (MB)
	1097296  -  ResidentSetSize of job (KB)
...
006 (3273638.000.000) 12/17 12:42:22 Image size of job updated: 2592904
	1088  -  MemoryUsage of job (MB)
	1113680  -  ResidentSetSize of job (KB)
...
006 (3273638.000.000) 12/17 12:47:22 Image size of job updated: 2900800
	1088  -  MemoryUsage of job (MB)
	1113680  -  ResidentSetSize of job (KB)
...
040 (3273638.000.000) 12/17 12:54:27 Started transferring output files
...
040 (3273638.000.000) 12/17 12:54:27 Finished transferring output files
...
005 (3273638.000.000) 12/17 12:54:27 Job terminated.
	(1) Normal termination (return value 1)
		Usr 0 00:11:44, Sys 0 00:00:06  -  Run Remote Usage
		Usr 0 00:00:00, Sys 0 00:00:00  -  Run Local Usage
		Usr 0 00:11:44, Sys 0 00:00:06  -  Total Remote Usage
		Usr 0 00:00:00, Sys 0 00:00:00  -  Total Local Usage
	39830  -  Run Bytes Sent By Job
	11180  -  Run Bytes Received By Job
	39830  -  Total Bytes Sent By Job
	11180  -  Total Bytes Received By Job
	Partitionable Resources :    Usage  Request Allocated 
	   Cpus                 :     0.01        4         4 
	   Disk (KB)            :    73           1   1066947 
	   Memory (MB)          :  1088        8000      8000 

	Job terminated of its own accord at 2021-12-17T11:54:27Z.
...
