000 (3315591.002.000) 01/12 17:36:24 Job submitted from host: <188.185.70.244:9618?addrs=188.185.70.244-9618+[2001-1458-d00-7--100-2ee]-9618&alias=bigbird10.cern.ch&noUDP&sock=schedd_7001_aea1>
...
040 (3315591.002.000) 01/13 01:06:20 Started transferring input files
	Transferring to host: <128.142.137.43:9618?addrs=128.142.137.43-9618+[2001-1458-301-5e--100-1f]-9618&alias=b7g19p0395.cern.ch&noUDP&sock=slot1_26_24881_aa4d_73112>
...
040 (3315591.002.000) 01/13 01:06:20 Finished transferring input files
...
001 (3315591.002.000) 01/13 01:06:21 Job executing on host: <128.142.137.43:9618?addrs=128.142.137.43-9618+[2001-1458-301-5e--100-1f]-9618&alias=b7g19p0395.cern.ch&noUDP&sock=startd_24838_616b>
...
006 (3315591.002.000) 01/13 01:06:30 Image size of job updated: 320136
	155  -  MemoryUsage of job (MB)
	157828  -  ResidentSetSize of job (KB)
...
006 (3315591.002.000) 01/13 01:11:31 Image size of job updated: 1727092
	267  -  MemoryUsage of job (MB)
	272720  -  ResidentSetSize of job (KB)
...
006 (3315591.002.000) 01/13 01:16:31 Image size of job updated: 1964060
	494  -  MemoryUsage of job (MB)
	505356  -  ResidentSetSize of job (KB)
...
006 (3315591.002.000) 01/13 01:31:33 Image size of job updated: 1964060
	494  -  MemoryUsage of job (MB)
	505360  -  ResidentSetSize of job (KB)
...
006 (3315591.002.000) 01/13 01:46:35 Image size of job updated: 2373728
	697  -  MemoryUsage of job (MB)
	713452  -  ResidentSetSize of job (KB)
...
006 (3315591.002.000) 01/13 01:56:35 Image size of job updated: 2373728
	697  -  MemoryUsage of job (MB)
	713456  -  ResidentSetSize of job (KB)
...
006 (3315591.002.000) 01/13 02:21:38 Image size of job updated: 2534640
	955  -  MemoryUsage of job (MB)
	977428  -  ResidentSetSize of job (KB)
...
006 (3315591.002.000) 01/13 02:31:38 Image size of job updated: 2534640
	955  -  MemoryUsage of job (MB)
	977432  -  ResidentSetSize of job (KB)
...
006 (3315591.002.000) 01/13 02:41:40 Image size of job updated: 2534640
	955  -  MemoryUsage of job (MB)
	977436  -  ResidentSetSize of job (KB)
...
006 (3315591.002.000) 01/13 03:01:41 Image size of job updated: 2833888
	1245  -  MemoryUsage of job (MB)
	1274316  -  ResidentSetSize of job (KB)
...
006 (3315591.002.000) 01/13 03:26:43 Image size of job updated: 2833888
	1245  -  MemoryUsage of job (MB)
	1274484  -  ResidentSetSize of job (KB)
...
006 (3315591.002.000) 01/13 03:31:44 Image size of job updated: 2833888
	1245  -  MemoryUsage of job (MB)
	1274488  -  ResidentSetSize of job (KB)
...
006 (3315591.002.000) 01/13 03:36:44 Image size of job updated: 2833888
	1245  -  MemoryUsage of job (MB)
	1274492  -  ResidentSetSize of job (KB)
...
006 (3315591.002.000) 01/13 03:51:46 Image size of job updated: 3146176
	1426  -  MemoryUsage of job (MB)
	1459492  -  ResidentSetSize of job (KB)
...
006 (3315591.002.000) 01/13 04:16:48 Image size of job updated: 3146176
	1426  -  MemoryUsage of job (MB)
	1459496  -  ResidentSetSize of job (KB)
...
006 (3315591.002.000) 01/13 04:26:50 Image size of job updated: 3474816
	1693  -  MemoryUsage of job (MB)
	1732760  -  ResidentSetSize of job (KB)
...
040 (3315591.002.000) 01/13 04:50:28 Started transferring output files
...
040 (3315591.002.000) 01/13 04:50:28 Finished transferring output files
...
005 (3315591.002.000) 01/13 04:50:28 Job terminated.
	(1) Normal termination (return value 0)
		Usr 0 00:16:03, Sys 0 00:01:01  -  Run Remote Usage
		Usr 0 00:00:00, Sys 0 00:00:00  -  Run Local Usage
		Usr 0 00:16:03, Sys 0 00:01:01  -  Total Remote Usage
		Usr 0 00:00:00, Sys 0 00:00:00  -  Total Local Usage
	10703  -  Run Bytes Sent By Job
	10530  -  Run Bytes Received By Job
	10703  -  Total Bytes Sent By Job
	10530  -  Total Bytes Received By Job
	Partitionable Resources :    Usage  Request Allocated 
	   Cpus                 :     0.05        4         4 
	   Disk (KB)            :    44           1   1601032 
	   Memory (MB)          :  1693        8000      8000 

	Job terminated of its own accord at 2022-01-13T03:50:28Z.
...
