000 (3322137.000.000) 01/17 17:43:18 Job submitted from host: <188.185.70.244:9618?addrs=188.185.70.244-9618+[2001-1458-d00-7--100-2ee]-9618&alias=bigbird10.cern.ch&noUDP&sock=schedd_7001_aea1>
...
040 (3322137.000.000) 01/17 18:07:52 Started transferring input files
	Transferring to host: <188.184.162.42:9618?addrs=188.184.162.42-9618+[2001-1458-301-4a--100-24]-9618&alias=b7s11p6807.cern.ch&noUDP&sock=slot1_9_3632_d28d_33910>
...
040 (3322137.000.000) 01/17 18:07:52 Finished transferring input files
...
001 (3322137.000.000) 01/17 18:07:53 Job executing on host: <188.184.162.42:9618?addrs=188.184.162.42-9618+[2001-1458-301-4a--100-24]-9618&alias=b7s11p6807.cern.ch&noUDP&sock=startd_3037_b536>
...
006 (3322137.000.000) 01/17 18:08:02 Image size of job updated: 639892
	155  -  MemoryUsage of job (MB)
	157840  -  ResidentSetSize of job (KB)
...
006 (3322137.000.000) 01/17 18:13:02 Image size of job updated: 1734532
	273  -  MemoryUsage of job (MB)
	279056  -  ResidentSetSize of job (KB)
...
040 (3322137.000.000) 01/17 18:15:50 Started transferring output files
...
040 (3322137.000.000) 01/17 18:15:50 Finished transferring output files
...
005 (3322137.000.000) 01/17 18:15:50 Job terminated.
	(1) Normal termination (return value 0)
		Usr 0 00:00:31, Sys 0 00:00:03  -  Run Remote Usage
		Usr 0 00:00:00, Sys 0 00:00:00  -  Run Local Usage
		Usr 0 00:00:31, Sys 0 00:00:03  -  Total Remote Usage
		Usr 0 00:00:00, Sys 0 00:00:00  -  Total Local Usage
	1306  -  Run Bytes Sent By Job
	10526  -  Run Bytes Received By Job
	1306  -  Total Bytes Sent By Job
	10526  -  Total Bytes Received By Job
	Partitionable Resources :    Usage  Request Allocated 
	   Cpus                 :                 4         4 
	   Disk (KB)            :       28        1   2929134 
	   Memory (MB)          :      273     8000      8000 

	Job terminated of its own accord at 2022-01-17T17:15:50Z.
...
