000 (3273640.000.000) 12/17 12:21:51 Job submitted from host: <188.185.70.244:9618?addrs=188.185.70.244-9618+[2001-1458-d00-7--100-2ee]-9618&alias=bigbird10.cern.ch&noUDP&sock=schedd_2095_9300>
...
040 (3273640.000.000) 12/17 12:32:11 Started transferring input files
	Transferring to host: <128.142.56.87:9618?addrs=128.142.56.87-9618+[2001-1458-301-6--100-56]-9618&alias=b7s01p0440.cern.ch&noUDP&sock=slot1_19_3192_cd7b_1187>
...
040 (3273640.000.000) 12/17 12:32:11 Finished transferring input files
...
001 (3273640.000.000) 12/17 12:32:12 Job executing on host: <128.142.56.87:9618?addrs=128.142.56.87-9618+[2001-1458-301-6--100-56]-9618&alias=b7s01p0440.cern.ch&noUDP&sock=startd_2807_f26e>
...
006 (3273640.000.000) 12/17 12:32:21 Image size of job updated: 396044
	155  -  MemoryUsage of job (MB)
	157840  -  ResidentSetSize of job (KB)
...
006 (3273640.000.000) 12/17 12:37:22 Image size of job updated: 1713660
	251  -  MemoryUsage of job (MB)
	256188  -  ResidentSetSize of job (KB)
...
006 (3273640.000.000) 12/17 12:42:22 Image size of job updated: 2580024
	1092  -  MemoryUsage of job (MB)
	1117196  -  ResidentSetSize of job (KB)
...
006 (3273640.000.000) 12/17 12:47:22 Image size of job updated: 2904300
	1092  -  MemoryUsage of job (MB)
	1117196  -  ResidentSetSize of job (KB)
...
040 (3273640.000.000) 12/17 13:45:11 Started transferring output files
...
040 (3273640.000.000) 12/17 13:45:11 Finished transferring output files
...
005 (3273640.000.000) 12/17 13:45:11 Job terminated.
	(1) Normal termination (return value 1)
		Usr 0 00:11:34, Sys 0 00:00:06  -  Run Remote Usage
		Usr 0 00:00:00, Sys 0 00:00:00  -  Run Local Usage
		Usr 0 00:11:34, Sys 0 00:00:06  -  Total Remote Usage
		Usr 0 00:00:00, Sys 0 00:00:00  -  Total Local Usage
	40826  -  Run Bytes Sent By Job
	11180  -  Run Bytes Received By Job
	40826  -  Total Bytes Sent By Job
	11180  -  Total Bytes Received By Job
	Partitionable Resources :    Usage  Request Allocated 
	   Cpus                 :        0        4         4 
	   Disk (KB)            :       74        1   1271460 
	   Memory (MB)          :     1092     8000      8000 

	Job terminated of its own accord at 2021-12-17T12:45:11Z.
...
000 (3275363.000.000) 12/20 16:34:00 Job submitted from host: <188.185.70.244:9618?addrs=188.185.70.244-9618+[2001-1458-d00-7--100-2ee]-9618&alias=bigbird10.cern.ch&noUDP&sock=schedd_2095_9300>
...
040 (3275363.000.000) 12/20 16:46:15 Started transferring input files
	Transferring to host: <128.142.60.43:9618?addrs=128.142.60.43-9618&alias=b7s05p4179.cern.ch&noUDP&sock=slot1_8_3601_faec_632>
...
040 (3275363.000.000) 12/20 16:46:15 Finished transferring input files
...
001 (3275363.000.000) 12/20 16:46:16 Job executing on host: <128.142.60.43:9618?addrs=128.142.60.43-9618&alias=b7s05p4179.cern.ch&noUDP&sock=startd_3538_5a29>
...
006 (3275363.000.000) 12/20 16:46:24 Image size of job updated: 1669132
	217  -  MemoryUsage of job (MB)
	222188  -  ResidentSetSize of job (KB)
...
006 (3275363.000.000) 12/20 16:51:24 Image size of job updated: 2572148
	1072  -  MemoryUsage of job (MB)
	1097528  -  ResidentSetSize of job (KB)
...
006 (3275363.000.000) 12/20 16:56:24 Image size of job updated: 2588532
	1088  -  MemoryUsage of job (MB)
	1113912  -  ResidentSetSize of job (KB)
...
040 (3275363.000.000) 12/20 17:12:33 Started transferring output files
...
040 (3275363.000.000) 12/20 17:12:35 Finished transferring output files
...
005 (3275363.000.000) 12/20 17:12:35 Job terminated.
	(1) Normal termination (return value 0)
		Usr 0 00:11:36, Sys 0 00:00:06  -  Run Remote Usage
		Usr 0 00:00:00, Sys 0 00:00:00  -  Run Local Usage
		Usr 0 00:11:36, Sys 0 00:00:06  -  Total Remote Usage
		Usr 0 00:00:00, Sys 0 00:00:00  -  Total Local Usage
	11687588  -  Run Bytes Sent By Job
	11180  -  Run Bytes Received By Job
	11687588  -  Total Bytes Sent By Job
	11180  -  Total Bytes Received By Job
	Partitionable Resources :    Usage  Request Allocated 
	   Cpus                 :     0.07        4         4 
	   Disk (KB)            : 11447           1   1267509 
	   Memory (MB)          :  1088        8000      8000 

	Job terminated of its own accord at 2021-12-20T16:12:33Z.
...
