000 (3322136.012.000) 01/17 17:42:57 Job submitted from host: <188.185.70.244:9618?addrs=188.185.70.244-9618+[2001-1458-d00-7--100-2ee]-9618&alias=bigbird10.cern.ch&noUDP&sock=schedd_7001_aea1>
...
040 (3322136.012.000) 01/17 18:09:31 Started transferring input files
	Transferring to host: <128.142.61.127:9618?addrs=128.142.61.127-9618+[2001-1458-301-23--100-7e]-9618&alias=b7s06p4472.cern.ch&noUDP&sock=slot1_12_5326_6612_37427>
...
040 (3322136.012.000) 01/17 18:09:31 Finished transferring input files
...
001 (3322136.012.000) 01/17 18:09:32 Job executing on host: <128.142.61.127:9618?addrs=128.142.61.127-9618+[2001-1458-301-23--100-7e]-9618&alias=b7s06p4472.cern.ch&noUDP&sock=startd_4913_7ce2>
...
006 (3322136.012.000) 01/17 18:09:40 Image size of job updated: 251948
	216  -  MemoryUsage of job (MB)
	220284  -  ResidentSetSize of job (KB)
...
006 (3322136.012.000) 01/17 18:14:40 Image size of job updated: 3088584
	1037  -  MemoryUsage of job (MB)
	1061516  -  ResidentSetSize of job (KB)
...
006 (3322136.012.000) 01/17 18:24:42 Image size of job updated: 3088584
	1037  -  MemoryUsage of job (MB)
	1061524  -  ResidentSetSize of job (KB)
...
006 (3322136.012.000) 01/17 18:34:43 Image size of job updated: 3969476
	1617  -  MemoryUsage of job (MB)
	1655096  -  ResidentSetSize of job (KB)
...
006 (3322136.012.000) 01/17 18:44:44 Image size of job updated: 3969476
	1617  -  MemoryUsage of job (MB)
	1655100  -  ResidentSetSize of job (KB)
...
006 (3322136.012.000) 01/17 18:49:44 Image size of job updated: 3969476
	1619  -  MemoryUsage of job (MB)
	1657380  -  ResidentSetSize of job (KB)
...
006 (3322136.012.000) 01/17 18:54:45 Image size of job updated: 4654020
	2233  -  MemoryUsage of job (MB)
	2285636  -  ResidentSetSize of job (KB)
...
006 (3322136.012.000) 01/17 19:04:46 Image size of job updated: 4654020
	2233  -  MemoryUsage of job (MB)
	2285644  -  ResidentSetSize of job (KB)
...
006 (3322136.012.000) 01/17 19:09:47 Image size of job updated: 4654020
	2235  -  MemoryUsage of job (MB)
	2288296  -  ResidentSetSize of job (KB)
...
006 (3322136.012.000) 01/17 19:14:48 Image size of job updated: 5812980
	3066  -  MemoryUsage of job (MB)
	3139060  -  ResidentSetSize of job (KB)
...
006 (3322136.012.000) 01/17 19:24:48 Image size of job updated: 5812980
	3066  -  MemoryUsage of job (MB)
	3139064  -  ResidentSetSize of job (KB)
...
006 (3322136.012.000) 01/17 19:34:50 Image size of job updated: 6085532
	4506  -  MemoryUsage of job (MB)
	4613168  -  ResidentSetSize of job (KB)
...
006 (3322136.012.000) 01/17 19:54:52 Image size of job updated: 6321844
	4739  -  MemoryUsage of job (MB)
	4852480  -  ResidentSetSize of job (KB)
...
006 (3322136.012.000) 01/17 19:59:52 Image size of job updated: 6928572
	4739  -  MemoryUsage of job (MB)
	4852480  -  ResidentSetSize of job (KB)
...
006 (3322136.012.000) 01/17 20:19:54 Image size of job updated: 7623032
	5172  -  MemoryUsage of job (MB)
	5296080  -  ResidentSetSize of job (KB)
...
006 (3322136.012.000) 01/17 20:34:56 Image size of job updated: 7623032
	5172  -  MemoryUsage of job (MB)
	5296088  -  ResidentSetSize of job (KB)
...
006 (3322136.012.000) 01/17 20:39:56 Image size of job updated: 9192080
	5859  -  MemoryUsage of job (MB)
	5998852  -  ResidentSetSize of job (KB)
...
006 (3322136.012.000) 01/17 20:49:57 Image size of job updated: 9192080
	5859  -  MemoryUsage of job (MB)
	5998856  -  ResidentSetSize of job (KB)
...
006 (3322136.012.000) 01/17 20:59:59 Image size of job updated: 9294388
	7644  -  MemoryUsage of job (MB)
	7826792  -  ResidentSetSize of job (KB)
...
006 (3322136.012.000) 01/17 21:25:02 Image size of job updated: 10133484
	8448  -  MemoryUsage of job (MB)
	8650484  -  ResidentSetSize of job (KB)
...
006 (3322136.012.000) 01/17 21:45:05 Image size of job updated: 10182436
	8515  -  MemoryUsage of job (MB)
	8718760  -  ResidentSetSize of job (KB)
...
006 (3322136.012.000) 01/17 21:50:05 Image size of job updated: 11011708
	8515  -  MemoryUsage of job (MB)
	8718760  -  ResidentSetSize of job (KB)
...
006 (3322136.012.000) 01/17 22:10:08 Image size of job updated: 11976056
	10245  -  MemoryUsage of job (MB)
	10490692  -  ResidentSetSize of job (KB)
...
006 (3322136.012.000) 01/17 22:35:11 Image size of job updated: 12820500
	11015  -  MemoryUsage of job (MB)
	11278612  -  ResidentSetSize of job (KB)
...
040 (3322136.012.000) 01/17 22:50:43 Started transferring output files
...
040 (3322136.012.000) 01/17 22:50:43 Finished transferring output files
...
005 (3322136.012.000) 01/17 22:50:43 Job terminated.
	(1) Normal termination (return value 0)
		Usr 0 01:44:14, Sys 0 00:02:04  -  Run Remote Usage
		Usr 0 00:00:00, Sys 0 00:00:00  -  Run Local Usage
		Usr 0 01:44:14, Sys 0 00:02:04  -  Total Remote Usage
		Usr 0 00:00:00, Sys 0 00:00:00  -  Total Local Usage
	1400  -  Run Bytes Sent By Job
	10523  -  Run Bytes Received By Job
	1400  -  Total Bytes Sent By Job
	10523  -  Total Bytes Received By Job
	Partitionable Resources :    Usage  Request Allocated 
	   Cpus                 :     0.12        4         4 
	   Disk (KB)            :    36           1   1372834 
	   Memory (MB)          : 11015        8000      8000 

	Job terminated of its own accord at 2022-01-17T21:50:43Z.
...
