000 (3335430.021.000) 01/18 23:49:58 Job submitted from host: <188.185.70.244:9618?addrs=188.185.70.244-9618+[2001-1458-d00-7--100-2ee]-9618&alias=bigbird10.cern.ch&noUDP&sock=schedd_7001_aea1>
...
040 (3335430.021.000) 01/19 02:48:32 Started transferring input files
	Transferring to host: <188.184.165.235:9618?addrs=188.184.165.235-9618+[2001-1458-301-51--100-e6]-9618&alias=b7s14p3984.cern.ch&noUDP&sock=slot1_6_3853_8976_33128>
...
040 (3335430.021.000) 01/19 02:48:32 Finished transferring input files
...
001 (3335430.021.000) 01/19 02:48:33 Job executing on host: <188.184.165.235:9618?addrs=188.184.165.235-9618+[2001-1458-301-51--100-e6]-9618&alias=b7s14p3984.cern.ch&noUDP&sock=startd_3112_26d1>
...
006 (3335430.021.000) 01/19 02:48:42 Image size of job updated: 320172
	155  -  MemoryUsage of job (MB)
	157880  -  ResidentSetSize of job (KB)
...
006 (3335430.021.000) 01/19 02:53:43 Image size of job updated: 2664680
	807  -  MemoryUsage of job (MB)
	826332  -  ResidentSetSize of job (KB)
...
006 (3335430.021.000) 01/19 02:58:43 Image size of job updated: 2664680
	807  -  MemoryUsage of job (MB)
	826336  -  ResidentSetSize of job (KB)
...
006 (3335430.021.000) 01/19 03:08:44 Image size of job updated: 2664680
	809  -  MemoryUsage of job (MB)
	827756  -  ResidentSetSize of job (KB)
...
006 (3335430.021.000) 01/19 03:13:45 Image size of job updated: 3167948
	1286  -  MemoryUsage of job (MB)
	1316200  -  ResidentSetSize of job (KB)
...
006 (3335430.021.000) 01/19 03:18:45 Image size of job updated: 3167948
	1286  -  MemoryUsage of job (MB)
	1316204  -  ResidentSetSize of job (KB)
...
006 (3335430.021.000) 01/19 03:23:46 Image size of job updated: 3580688
	2060  -  MemoryUsage of job (MB)
	2108544  -  ResidentSetSize of job (KB)
...
006 (3335430.021.000) 01/19 03:43:48 Image size of job updated: 4022244
	2095  -  MemoryUsage of job (MB)
	2144416  -  ResidentSetSize of job (KB)
...
006 (3335430.021.000) 01/19 03:58:49 Image size of job updated: 4491052
	2488  -  MemoryUsage of job (MB)
	2547624  -  ResidentSetSize of job (KB)
...
006 (3335430.021.000) 01/19 04:13:50 Image size of job updated: 4491052
	3049  -  MemoryUsage of job (MB)
	3121544  -  ResidentSetSize of job (KB)
...
006 (3335430.021.000) 01/19 04:18:51 Image size of job updated: 5263756
	3049  -  MemoryUsage of job (MB)
	3121544  -  ResidentSetSize of job (KB)
...
006 (3335430.021.000) 01/19 04:33:53 Image size of job updated: 5530652
	3367  -  MemoryUsage of job (MB)
	3447068  -  ResidentSetSize of job (KB)
...
006 (3335430.021.000) 01/19 04:43:53 Image size of job updated: 5530652
	3375  -  MemoryUsage of job (MB)
	3455008  -  ResidentSetSize of job (KB)
...
006 (3335430.021.000) 01/19 04:48:54 Image size of job updated: 6043272
	3878  -  MemoryUsage of job (MB)
	3970684  -  ResidentSetSize of job (KB)
...
006 (3335430.021.000) 01/19 04:58:54 Image size of job updated: 6043272
	3880  -  MemoryUsage of job (MB)
	3972328  -  ResidentSetSize of job (KB)
...
006 (3335430.021.000) 01/19 05:03:55 Image size of job updated: 6568212
	4342  -  MemoryUsage of job (MB)
	4446100  -  ResidentSetSize of job (KB)
...
040 (3335430.021.000) 01/19 05:14:39 Started transferring output files
...
040 (3335430.021.000) 01/19 05:14:39 Finished transferring output files
...
005 (3335430.021.000) 01/19 05:14:39 Job terminated.
	(1) Normal termination (return value 0)
		Usr 0 01:05:00, Sys 0 00:00:59  -  Run Remote Usage
		Usr 0 00:00:00, Sys 0 00:00:00  -  Run Local Usage
		Usr 0 01:05:00, Sys 0 00:00:59  -  Total Remote Usage
		Usr 0 00:00:00, Sys 0 00:00:00  -  Total Local Usage
	1303  -  Run Bytes Sent By Job
	11206  -  Run Bytes Received By Job
	1303  -  Total Bytes Sent By Job
	11206  -  Total Bytes Received By Job
	Partitionable Resources :    Usage  Request Allocated 
	   Cpus                 :     0.07        4         4 
	   Disk (KB)            :    36           1   3027149 
	   Memory (MB)          :  4342        8000      8000 

	Job terminated of its own accord at 2022-01-19T04:14:39Z.
...
