000 (3316947.022.000) 01/13 10:23:45 Job submitted from host: <188.185.70.244:9618?addrs=188.185.70.244-9618+[2001-1458-d00-7--100-2ee]-9618&alias=bigbird10.cern.ch&noUDP&sock=schedd_7001_aea1>
...
040 (3316947.022.000) 01/13 10:28:59 Started transferring input files
	Transferring to host: <188.184.162.162:9618?addrs=188.184.162.162-9618+[2001-1458-301-4a--100-9c]-9618&alias=b7s11p7116.cern.ch&noUDP&sock=slot1_2_3945_5bf9_2025>
...
040 (3316947.022.000) 01/13 10:28:59 Finished transferring input files
...
001 (3316947.022.000) 01/13 10:29:00 Job executing on host: <188.184.162.162:9618?addrs=188.184.162.162-9618+[2001-1458-301-4a--100-9c]-9618&alias=b7s11p7116.cern.ch&noUDP&sock=startd_3896_e911>
...
006 (3316947.022.000) 01/13 10:29:11 Image size of job updated: 234440
	4  -  MemoryUsage of job (MB)
	3568  -  ResidentSetSize of job (KB)
...
006 (3316947.022.000) 01/13 10:34:10 Image size of job updated: 1969160
	499  -  MemoryUsage of job (MB)
	510552  -  ResidentSetSize of job (KB)
...
006 (3316947.022.000) 01/13 10:39:10 Image size of job updated: 1969160
	499  -  MemoryUsage of job (MB)
	510556  -  ResidentSetSize of job (KB)
...
006 (3316947.022.000) 01/13 10:54:12 Image size of job updated: 2177792
	700  -  MemoryUsage of job (MB)
	716384  -  ResidentSetSize of job (KB)
...
006 (3316947.022.000) 01/13 11:09:14 Image size of job updated: 2531412
	962  -  MemoryUsage of job (MB)
	984500  -  ResidentSetSize of job (KB)
...
006 (3316947.022.000) 01/13 11:24:16 Image size of job updated: 2795048
	1138  -  MemoryUsage of job (MB)
	1165228  -  ResidentSetSize of job (KB)
...
006 (3316947.022.000) 01/13 11:44:18 Image size of job updated: 3136236
	1409  -  MemoryUsage of job (MB)
	1442048  -  ResidentSetSize of job (KB)
...
006 (3316947.022.000) 01/13 11:59:20 Image size of job updated: 3505016
	1685  -  MemoryUsage of job (MB)
	1724672  -  ResidentSetSize of job (KB)
...
006 (3316947.022.000) 01/13 12:14:21 Image size of job updated: 3870124
	2339  -  MemoryUsage of job (MB)
	2394456  -  ResidentSetSize of job (KB)
...
006 (3316947.022.000) 01/13 12:34:23 Image size of job updated: 4368740
	2444  -  MemoryUsage of job (MB)
	2502340  -  ResidentSetSize of job (KB)
...
006 (3316947.022.000) 01/13 12:44:25 Image size of job updated: 4368740
	2446  -  MemoryUsage of job (MB)
	2504164  -  ResidentSetSize of job (KB)
...
006 (3316947.022.000) 01/13 12:49:25 Image size of job updated: 4827520
	2878  -  MemoryUsage of job (MB)
	2946672  -  ResidentSetSize of job (KB)
...
040 (3316947.022.000) 01/13 12:58:38 Started transferring output files
...
040 (3316947.022.000) 01/13 12:58:38 Finished transferring output files
...
005 (3316947.022.000) 01/13 12:58:38 Job terminated.
	(1) Normal termination (return value 0)
		Usr 0 00:18:54, Sys 0 00:00:37  -  Run Remote Usage
		Usr 0 00:00:00, Sys 0 00:00:00  -  Run Local Usage
		Usr 0 00:18:54, Sys 0 00:00:37  -  Total Remote Usage
		Usr 0 00:00:00, Sys 0 00:00:00  -  Total Local Usage
	12188  -  Run Bytes Sent By Job
	10530  -  Run Bytes Received By Job
	12188  -  Total Bytes Sent By Job
	10530  -  Total Bytes Received By Job
	Partitionable Resources :    Usage  Request Allocated 
	   Cpus                 :     0.03        4         4 
	   Disk (KB)            :    45           1   2987858 
	   Memory (MB)          :  2878        8000      8000 

	Job terminated of its own accord at 2022-01-13T11:58:38Z.
...
