000 (3314656.025.000) 01/11 16:27:26 Job submitted from host: <188.185.70.244:9618?addrs=188.185.70.244-9618+[2001-1458-d00-7--100-2ee]-9618&alias=bigbird10.cern.ch&noUDP&sock=schedd_7001_aea1>
...
040 (3314656.025.000) 01/11 19:47:53 Started transferring input files
	Transferring to host: <128.142.131.69:9618?addrs=128.142.131.69-9618+[2001-1458-301-59--100-39]-9618&alias=b7g11p4881.cern.ch&noUDP&sock=slot1_15_24815_298a_73216>
...
040 (3314656.025.000) 01/11 19:47:53 Finished transferring input files
...
001 (3314656.025.000) 01/11 19:47:54 Job executing on host: <128.142.131.69:9618?addrs=128.142.131.69-9618+[2001-1458-301-59--100-39]-9618&alias=b7g11p4881.cern.ch&noUDP&sock=startd_24771_6c92>
...
006 (3314656.025.000) 01/11 19:48:03 Image size of job updated: 443068
	63  -  MemoryUsage of job (MB)
	64140  -  ResidentSetSize of job (KB)
...
006 (3314656.025.000) 01/11 19:53:04 Image size of job updated: 1734800
	275  -  MemoryUsage of job (MB)
	280628  -  ResidentSetSize of job (KB)
...
006 (3314656.025.000) 01/11 20:03:04 Image size of job updated: 2461348
	701  -  MemoryUsage of job (MB)
	717732  -  ResidentSetSize of job (KB)
...
006 (3314656.025.000) 01/11 20:38:07 Image size of job updated: 2461348
	751  -  MemoryUsage of job (MB)
	768704  -  ResidentSetSize of job (KB)
...
006 (3314656.025.000) 01/11 20:43:08 Image size of job updated: 3085280
	1069  -  MemoryUsage of job (MB)
	1093684  -  ResidentSetSize of job (KB)
...
006 (3314656.025.000) 01/11 21:08:11 Image size of job updated: 3290268
	1392  -  MemoryUsage of job (MB)
	1424660  -  ResidentSetSize of job (KB)
...
006 (3314656.025.000) 01/11 21:13:12 Image size of job updated: 3290268
	1392  -  MemoryUsage of job (MB)
	1424672  -  ResidentSetSize of job (KB)
...
006 (3314656.025.000) 01/11 21:18:12 Image size of job updated: 3746836
	2207  -  MemoryUsage of job (MB)
	2259960  -  ResidentSetSize of job (KB)
...
006 (3314656.025.000) 01/11 21:38:13 Image size of job updated: 4190984
	2277  -  MemoryUsage of job (MB)
	2331616  -  ResidentSetSize of job (KB)
...
006 (3314656.025.000) 01/11 21:53:15 Image size of job updated: 4350432
	2840  -  MemoryUsage of job (MB)
	2908024  -  ResidentSetSize of job (KB)
...
006 (3314656.025.000) 01/11 21:58:16 Image size of job updated: 4708256
	2840  -  MemoryUsage of job (MB)
	2908024  -  ResidentSetSize of job (KB)
...
006 (3314656.025.000) 01/11 22:13:17 Image size of job updated: 5271516
	3146  -  MemoryUsage of job (MB)
	3220724  -  ResidentSetSize of job (KB)
...
006 (3314656.025.000) 01/11 22:28:18 Image size of job updated: 5271516
	3149  -  MemoryUsage of job (MB)
	3223896  -  ResidentSetSize of job (KB)
...
006 (3314656.025.000) 01/11 22:33:19 Image size of job updated: 5881320
	3754  -  MemoryUsage of job (MB)
	3843228  -  ResidentSetSize of job (KB)
...
006 (3314656.025.000) 01/11 22:48:20 Image size of job updated: 5881320
	3755  -  MemoryUsage of job (MB)
	3844204  -  ResidentSetSize of job (KB)
...
006 (3314656.025.000) 01/11 22:53:21 Image size of job updated: 6456848
	4141  -  MemoryUsage of job (MB)
	4240292  -  ResidentSetSize of job (KB)
...
040 (3314656.025.000) 01/11 23:04:26 Started transferring output files
...
040 (3314656.025.000) 01/11 23:04:26 Finished transferring output files
...
005 (3314656.025.000) 01/11 23:04:26 Job terminated.
	(1) Normal termination (return value 0)
		Usr 0 00:42:37, Sys 0 00:01:02  -  Run Remote Usage
		Usr 0 00:00:00, Sys 0 00:00:00  -  Run Local Usage
		Usr 0 00:42:37, Sys 0 00:01:02  -  Total Remote Usage
		Usr 0 00:00:00, Sys 0 00:00:00  -  Total Local Usage
	19903  -  Run Bytes Sent By Job
	10522  -  Run Bytes Received By Job
	19903  -  Total Bytes Sent By Job
	10522  -  Total Bytes Received By Job
	Partitionable Resources :    Usage  Request Allocated 
	   Cpus                 :     0.02        4         4 
	   Disk (KB)            :    53           1   1518420 
	   Memory (MB)          :  4141        8000      8000 

	Job terminated of its own accord at 2022-01-11T22:04:26Z.
...
