000 (3315591.017.000) 01/12 17:36:24 Job submitted from host: <188.185.70.244:9618?addrs=188.185.70.244-9618+[2001-1458-d00-7--100-2ee]-9618&alias=bigbird10.cern.ch&noUDP&sock=schedd_7001_aea1>
...
040 (3315591.017.000) 01/13 01:06:20 Started transferring input files
	Transferring to host: <128.142.193.146:9618?addrs=128.142.193.146-9618+[2001-1458-301-8--100-e]-9618&alias=b7g21p0952.cern.ch&noUDP&sock=slot1_6_15432_fd6d_57644>
...
040 (3315591.017.000) 01/13 01:06:20 Finished transferring input files
...
001 (3315591.017.000) 01/13 01:06:21 Job executing on host: <128.142.193.146:9618?addrs=128.142.193.146-9618+[2001-1458-301-8--100-e]-9618&alias=b7g21p0952.cern.ch&noUDP&sock=startd_3662_67e8>
...
006 (3315591.017.000) 01/13 01:06:30 Image size of job updated: 251700
	155  -  MemoryUsage of job (MB)
	157852  -  ResidentSetSize of job (KB)
...
006 (3315591.017.000) 01/13 01:11:31 Image size of job updated: 2072652
	536  -  MemoryUsage of job (MB)
	548692  -  ResidentSetSize of job (KB)
...
006 (3315591.017.000) 01/13 01:16:31 Image size of job updated: 2072652
	536  -  MemoryUsage of job (MB)
	548704  -  ResidentSetSize of job (KB)
...
006 (3315591.017.000) 01/13 01:31:32 Image size of job updated: 2205736
	825  -  MemoryUsage of job (MB)
	844092  -  ResidentSetSize of job (KB)
...
006 (3315591.017.000) 01/13 01:36:32 Image size of job updated: 2220020
	825  -  MemoryUsage of job (MB)
	844092  -  ResidentSetSize of job (KB)
...
006 (3315591.017.000) 01/13 01:51:34 Image size of job updated: 2444476
	966  -  MemoryUsage of job (MB)
	988716  -  ResidentSetSize of job (KB)
...
006 (3315591.017.000) 01/13 02:11:35 Image size of job updated: 2783788
	1148  -  MemoryUsage of job (MB)
	1175304  -  ResidentSetSize of job (KB)
...
006 (3315591.017.000) 01/13 02:31:38 Image size of job updated: 3080568
	1649  -  MemoryUsage of job (MB)
	1688160  -  ResidentSetSize of job (KB)
...
006 (3315591.017.000) 01/13 02:36:39 Image size of job updated: 3305676
	1652  -  MemoryUsage of job (MB)
	1690868  -  ResidentSetSize of job (KB)
...
006 (3315591.017.000) 01/13 02:51:40 Image size of job updated: 3724172
	2192  -  MemoryUsage of job (MB)
	2243992  -  ResidentSetSize of job (KB)
...
040 (3315591.017.000) 01/13 03:09:34 Started transferring output files
...
040 (3315591.017.000) 01/13 03:09:34 Finished transferring output files
...
005 (3315591.017.000) 01/13 03:09:34 Job terminated.
	(1) Normal termination (return value 0)
		Usr 0 00:14:24, Sys 0 00:00:36  -  Run Remote Usage
		Usr 0 00:00:00, Sys 0 00:00:00  -  Run Local Usage
		Usr 0 00:14:24, Sys 0 00:00:36  -  Total Remote Usage
		Usr 0 00:00:00, Sys 0 00:00:00  -  Total Local Usage
	7181  -  Run Bytes Sent By Job
	10530  -  Run Bytes Received By Job
	7181  -  Total Bytes Sent By Job
	10530  -  Total Bytes Received By Job
	Partitionable Resources :    Usage  Request Allocated 
	   Cpus                 :     0.08        4         4 
	   Disk (KB)            :    41           1   1256268 
	   Memory (MB)          :  2192        8000      8000 

	Job terminated of its own accord at 2022-01-13T02:09:34Z.
...
