000 (3336021.008.000) 01/19 11:59:32 Job submitted from host: <188.185.70.244:9618?addrs=188.185.70.244-9618+[2001-1458-d00-7--100-2ee]-9618&alias=bigbird10.cern.ch&noUDP&sock=schedd_7001_aea1>
...
040 (3336021.008.000) 01/19 12:19:40 Started transferring input files
	Transferring to host: <188.184.162.167:9618?addrs=188.184.162.167-9618+[2001-1458-301-4a--100-a1]-9618&alias=b7s11p3060.cern.ch&noUDP&sock=slot1_34_4002_855c_32282>
...
040 (3336021.008.000) 01/19 12:19:40 Finished transferring input files
...
001 (3336021.008.000) 01/19 12:19:41 Job executing on host: <188.184.162.167:9618?addrs=188.184.162.167-9618+[2001-1458-301-4a--100-a1]-9618&alias=b7s11p3060.cern.ch&noUDP&sock=startd_3241_a288>
...
006 (3336021.008.000) 01/19 12:19:50 Image size of job updated: 256536
	119  -  MemoryUsage of job (MB)
	121568  -  ResidentSetSize of job (KB)
...
006 (3336021.008.000) 01/19 12:24:51 Image size of job updated: 1764352
	302  -  MemoryUsage of job (MB)
	308508  -  ResidentSetSize of job (KB)
...
006 (3336021.008.000) 01/19 12:29:51 Image size of job updated: 1764352
	302  -  MemoryUsage of job (MB)
	308512  -  ResidentSetSize of job (KB)
...
040 (3336021.008.000) 01/19 12:30:16 Started transferring output files
...
040 (3336021.008.000) 01/19 12:30:16 Finished transferring output files
...
005 (3336021.008.000) 01/19 12:30:16 Job terminated.
	(1) Normal termination (return value 0)
		Usr 0 00:00:34, Sys 0 00:00:04  -  Run Remote Usage
		Usr 0 00:00:00, Sys 0 00:00:00  -  Run Local Usage
		Usr 0 00:00:34, Sys 0 00:00:04  -  Total Remote Usage
		Usr 0 00:00:00, Sys 0 00:00:00  -  Total Local Usage
	1300  -  Run Bytes Sent By Job
	11206  -  Run Bytes Received By Job
	1300  -  Total Bytes Sent By Job
	11206  -  Total Bytes Received By Job
	Partitionable Resources :    Usage  Request Allocated 
	   Cpus                 :     0.03        4         4 
	   Disk (KB)            :    36           1   2333093 
	   Memory (MB)          :   302        8000      8000 

	Job terminated of its own accord at 2022-01-19T11:30:16Z.
...
