000 (3336021.020.000) 01/19 11:59:32 Job submitted from host: <188.185.70.244:9618?addrs=188.185.70.244-9618+[2001-1458-d00-7--100-2ee]-9618&alias=bigbird10.cern.ch&noUDP&sock=schedd_7001_aea1>
...
040 (3336021.020.000) 01/19 12:19:56 Started transferring input files
	Transferring to host: <128.142.59.152:9618?addrs=128.142.59.152-9618&alias=b7s04p6329.cern.ch&noUDP&sock=slot1_14_5870_b228_34043>
...
040 (3336021.020.000) 01/19 12:19:56 Finished transferring input files
...
001 (3336021.020.000) 01/19 12:19:57 Job executing on host: <128.142.59.152:9618?addrs=128.142.59.152-9618&alias=b7s04p6329.cern.ch&noUDP&sock=startd_5456_f0cf>
...
006 (3336021.020.000) 01/19 12:20:06 Image size of job updated: 320148
	155  -  MemoryUsage of job (MB)
	157836  -  ResidentSetSize of job (KB)
...
006 (3336021.020.000) 01/19 12:22:33 Image size of job updated: 1741980
	155  -  MemoryUsage of job (MB)
	157836  -  ResidentSetSize of job (KB)
...
040 (3336021.020.000) 01/19 12:22:33 Started transferring output files
...
040 (3336021.020.000) 01/19 12:22:33 Finished transferring output files
...
005 (3336021.020.000) 01/19 12:22:33 Job terminated.
	(1) Normal termination (return value 0)
		Usr 0 00:00:13, Sys 0 00:00:02  -  Run Remote Usage
		Usr 0 00:00:00, Sys 0 00:00:00  -  Run Local Usage
		Usr 0 00:00:13, Sys 0 00:00:02  -  Total Remote Usage
		Usr 0 00:00:00, Sys 0 00:00:00  -  Total Local Usage
	1303  -  Run Bytes Sent By Job
	11206  -  Run Bytes Received By Job
	1303  -  Total Bytes Sent By Job
	11206  -  Total Bytes Received By Job
	Partitionable Resources :    Usage  Request Allocated 
	   Cpus                 :     0.04        4         4 
	   Disk (KB)            :    35           1    946998 
	   Memory (MB)          :   155        8000      8000 

	Job terminated of its own accord at 2022-01-19T11:22:33Z.
...
