000 (3314898.000.000) 01/12 11:42:42 Job submitted from host: <188.185.70.244:9618?addrs=188.185.70.244-9618+[2001-1458-d00-7--100-2ee]-9618&alias=bigbird10.cern.ch&noUDP&sock=schedd_7001_aea1>
...
000 (3314931.000.000) 01/12 12:02:04 Job submitted from host: <188.185.70.244:9618?addrs=188.185.70.244-9618+[2001-1458-d00-7--100-2ee]-9618&alias=bigbird10.cern.ch&noUDP&sock=schedd_7001_aea1>
...
009 (3314898.000.000) 01/12 16:58:22 Job was aborted.
	via condor_rm (by user vdamante)
...
009 (3314931.000.000) 01/12 16:58:22 Job was aborted.
	via condor_rm (by user vdamante)
...
000 (3316956.000.000) 01/13 10:27:21 Job submitted from host: <188.185.70.244:9618?addrs=188.185.70.244-9618+[2001-1458-d00-7--100-2ee]-9618&alias=bigbird10.cern.ch&noUDP&sock=schedd_7001_aea1>
...
040 (3316956.000.000) 01/13 11:15:41 Started transferring input files
	Transferring to host: <128.142.58.128:9618?addrs=128.142.58.128-9618+[2001-1458-301-16--100-7f]-9618&alias=b7s03p3311.cern.ch&noUDP&sock=slot1_16_3185_dedb_26786>
...
040 (3316956.000.000) 01/13 11:15:41 Finished transferring input files
...
001 (3316956.000.000) 01/13 11:15:42 Job executing on host: <128.142.58.128:9618?addrs=128.142.58.128-9618+[2001-1458-301-16--100-7f]-9618&alias=b7s03p3311.cern.ch&noUDP&sock=startd_2802_8475>
...
006 (3316956.000.000) 01/13 11:15:51 Image size of job updated: 308640
	155  -  MemoryUsage of job (MB)
	157852  -  ResidentSetSize of job (KB)
...
006 (3316956.000.000) 01/13 11:20:52 Image size of job updated: 2304824
	734  -  MemoryUsage of job (MB)
	751512  -  ResidentSetSize of job (KB)
...
006 (3316956.000.000) 01/13 11:35:54 Image size of job updated: 2863224
	1079  -  MemoryUsage of job (MB)
	1104112  -  ResidentSetSize of job (KB)
...
006 (3316956.000.000) 01/13 11:45:55 Image size of job updated: 2863224
	1079  -  MemoryUsage of job (MB)
	1104120  -  ResidentSetSize of job (KB)
...
006 (3316956.000.000) 01/13 11:50:55 Image size of job updated: 3246668
	1384  -  MemoryUsage of job (MB)
	1416672  -  ResidentSetSize of job (KB)
...
006 (3316956.000.000) 01/13 12:05:56 Image size of job updated: 3419660
	1905  -  MemoryUsage of job (MB)
	1949740  -  ResidentSetSize of job (KB)
...
006 (3316956.000.000) 01/13 12:10:57 Image size of job updated: 3679060
	1905  -  MemoryUsage of job (MB)
	1949740  -  ResidentSetSize of job (KB)
...
006 (3316956.000.000) 01/13 12:25:58 Image size of job updated: 4103484
	2204  -  MemoryUsage of job (MB)
	2256096  -  ResidentSetSize of job (KB)
...
006 (3316956.000.000) 01/13 12:40:59 Image size of job updated: 4877164
	2771  -  MemoryUsage of job (MB)
	2836848  -  ResidentSetSize of job (KB)
...
006 (3316956.000.000) 01/13 12:56:01 Image size of job updated: 4877164
	2772  -  MemoryUsage of job (MB)
	2838276  -  ResidentSetSize of job (KB)
...
006 (3316956.000.000) 01/13 13:01:02 Image size of job updated: 5466160
	3299  -  MemoryUsage of job (MB)
	3377900  -  ResidentSetSize of job (KB)
...
006 (3316956.000.000) 01/13 13:16:03 Image size of job updated: 6191620
	4585  -  MemoryUsage of job (MB)
	4694292  -  ResidentSetSize of job (KB)
...
006 (3316956.000.000) 01/13 13:36:05 Image size of job updated: 6882996
	4585  -  MemoryUsage of job (MB)
	4694292  -  ResidentSetSize of job (KB)
...
040 (3316956.000.000) 01/13 13:49:46 Started transferring output files
...
040 (3316956.000.000) 01/13 13:49:46 Finished transferring output files
...
005 (3316956.000.000) 01/13 13:49:46 Job terminated.
	(1) Normal termination (return value 0)
		Usr 0 00:28:20, Sys 0 00:00:47  -  Run Remote Usage
		Usr 0 00:00:00, Sys 0 00:00:00  -  Run Local Usage
		Usr 0 00:28:20, Sys 0 00:00:47  -  Total Remote Usage
		Usr 0 00:00:00, Sys 0 00:00:00  -  Total Local Usage
	21000  -  Run Bytes Sent By Job
	10522  -  Run Bytes Received By Job
	21000  -  Total Bytes Sent By Job
	10522  -  Total Bytes Received By Job
	Partitionable Resources :    Usage  Request Allocated 
	   Cpus                 :     0.07        4         4 
	   Disk (KB)            :    54           1   1211181 
	   Memory (MB)          :  4585        8000      8000 

	Job terminated of its own accord at 2022-01-13T12:49:46Z.
...
000 (3317645.000.000) 01/14 10:41:21 Job submitted from host: <188.185.70.244:9618?addrs=188.185.70.244-9618+[2001-1458-d00-7--100-2ee]-9618&alias=bigbird10.cern.ch&noUDP&sock=schedd_7001_aea1>
...
040 (3317645.000.000) 01/14 14:11:09 Started transferring input files
	Transferring to host: <128.142.60.51:9618?addrs=128.142.60.51-9618+[2001-1458-301-22--100-32]-9618&alias=b7s05p4090.cern.ch&noUDP&sock=slot1_2_5485_6db8_32006>
...
040 (3317645.000.000) 01/14 14:11:09 Finished transferring input files
...
001 (3317645.000.000) 01/14 14:11:10 Job executing on host: <128.142.60.51:9618?addrs=128.142.60.51-9618+[2001-1458-301-22--100-32]-9618&alias=b7s05p4090.cern.ch&noUDP&sock=startd_5139_8149>
...
006 (3317645.000.000) 01/14 14:11:19 Image size of job updated: 382900
	275  -  MemoryUsage of job (MB)
	281400  -  ResidentSetSize of job (KB)
...
006 (3317645.000.000) 01/14 14:16:20 Image size of job updated: 2113316
	646  -  MemoryUsage of job (MB)
	661396  -  ResidentSetSize of job (KB)
...
006 (3317645.000.000) 01/14 14:26:21 Image size of job updated: 2113316
	646  -  MemoryUsage of job (MB)
	661476  -  ResidentSetSize of job (KB)
...
006 (3317645.000.000) 01/14 14:31:21 Image size of job updated: 2681196
	958  -  MemoryUsage of job (MB)
	980564  -  ResidentSetSize of job (KB)
...
006 (3317645.000.000) 01/14 14:36:22 Image size of job updated: 2681196
	958  -  MemoryUsage of job (MB)
	980568  -  ResidentSetSize of job (KB)
...
006 (3317645.000.000) 01/14 14:46:22 Image size of job updated: 3023684
	1262  -  MemoryUsage of job (MB)
	1291552  -  ResidentSetSize of job (KB)
...
006 (3317645.000.000) 01/14 15:01:24 Image size of job updated: 3392312
	1531  -  MemoryUsage of job (MB)
	1567360  -  ResidentSetSize of job (KB)
...
006 (3317645.000.000) 01/14 15:16:25 Image size of job updated: 3777668
	1838  -  MemoryUsage of job (MB)
	1881112  -  ResidentSetSize of job (KB)
...
006 (3317645.000.000) 01/14 15:31:27 Image size of job updated: 4120708
	2924  -  MemoryUsage of job (MB)
	2993392  -  ResidentSetSize of job (KB)
...
006 (3317645.000.000) 01/14 15:36:27 Image size of job updated: 4475048
	2924  -  MemoryUsage of job (MB)
	2993392  -  ResidentSetSize of job (KB)
...
006 (3317645.000.000) 01/14 15:51:29 Image size of job updated: 5048864
	2984  -  MemoryUsage of job (MB)
	3055088  -  ResidentSetSize of job (KB)
...
006 (3317645.000.000) 01/14 16:06:31 Image size of job updated: 5672280
	3501  -  MemoryUsage of job (MB)
	3584612  -  ResidentSetSize of job (KB)
...
006 (3317645.000.000) 01/14 16:36:33 Image size of job updated: 5672280
	3501  -  MemoryUsage of job (MB)
	3584620  -  ResidentSetSize of job (KB)
...
006 (3317645.000.000) 01/14 16:56:35 Image size of job updated: 5902956
	4331  -  MemoryUsage of job (MB)
	4434116  -  ResidentSetSize of job (KB)
...
006 (3317645.000.000) 01/14 17:01:36 Image size of job updated: 6328740
	4331  -  MemoryUsage of job (MB)
	4434116  -  ResidentSetSize of job (KB)
...
040 (3317645.000.000) 01/14 17:15:23 Started transferring output files
...
040 (3317645.000.000) 01/14 17:15:23 Finished transferring output files
...
005 (3317645.000.000) 01/14 17:15:23 Job terminated.
	(1) Normal termination (return value 0)
		Usr 0 00:21:49, Sys 0 00:00:39  -  Run Remote Usage
		Usr 0 00:00:00, Sys 0 00:00:00  -  Run Local Usage
		Usr 0 00:21:49, Sys 0 00:00:39  -  Total Remote Usage
		Usr 0 00:00:00, Sys 0 00:00:00  -  Total Local Usage
	2042  -  Run Bytes Sent By Job
	10522  -  Run Bytes Received By Job
	2042  -  Total Bytes Sent By Job
	10522  -  Total Bytes Received By Job
	Partitionable Resources :    Usage  Request Allocated 
	   Cpus                 :     0.03        4         4 
	   Disk (KB)            :    37           1   1171040 
	   Memory (MB)          :  4331        8000      8000 

	Job terminated of its own accord at 2022-01-14T16:15:23Z.
...
