000 (3314882.013.000) 01/12 10:53:21 Job submitted from host: <188.185.70.244:9618?addrs=188.185.70.244-9618+[2001-1458-d00-7--100-2ee]-9618&alias=bigbird10.cern.ch&noUDP&sock=schedd_7001_aea1>
...
040 (3314882.013.000) 01/12 10:54:13 Started transferring input files
	Transferring to host: <188.184.165.252:9618?addrs=188.184.165.252-9618+[2001-1458-301-51--100-f7]-9618&alias=b7s14p4360.cern.ch&noUDP&sock=slot1_25_3920_be98_25037>
...
040 (3314882.013.000) 01/12 10:54:13 Finished transferring input files
...
001 (3314882.013.000) 01/12 10:54:14 Job executing on host: <188.184.165.252:9618?addrs=188.184.165.252-9618+[2001-1458-301-51--100-f7]-9618&alias=b7s14p4360.cern.ch&noUDP&sock=startd_3266_c867>
...
006 (3314882.013.000) 01/12 10:54:23 Image size of job updated: 320136
	155  -  MemoryUsage of job (MB)
	157840  -  ResidentSetSize of job (KB)
...
006 (3314882.013.000) 01/12 10:59:24 Image size of job updated: 1728148
	268  -  MemoryUsage of job (MB)
	273724  -  ResidentSetSize of job (KB)
...
006 (3314882.013.000) 01/12 11:04:24 Image size of job updated: 2453372
	697  -  MemoryUsage of job (MB)
	713680  -  ResidentSetSize of job (KB)
...
006 (3314882.013.000) 01/12 11:09:24 Image size of job updated: 2453372
	697  -  MemoryUsage of job (MB)
	713688  -  ResidentSetSize of job (KB)
...
040 (3314882.013.000) 01/12 11:18:19 Started transferring output files
...
040 (3314882.013.000) 01/12 11:18:19 Finished transferring output files
...
004 (3314882.013.000) 01/12 11:18:19 Job was evicted.
	(0) CPU times
		Usr 0 00:02:09, Sys 0 00:00:07  -  Run Remote Usage
		Usr 0 00:00:00, Sys 0 00:00:00  -  Run Local Usage
	0  -  Run Bytes Sent By Job
	10531  -  Run Bytes Received By Job
	Partitionable Resources :    Usage  Request Allocated 
	   Cpus                 :     0.02        4         4 
	   Disk (KB)            :    34           1   2830921 
	   Memory (MB)          :   697        8000      8000 
...
009 (3314882.013.000) 01/12 11:18:19 Job was aborted.
	via condor_rm (by user vdamante)
...
