000 (3273631.000.000) 12/17 12:21:27 Job submitted from host: <188.185.70.244:9618?addrs=188.185.70.244-9618+[2001-1458-d00-7--100-2ee]-9618&alias=bigbird10.cern.ch&noUDP&sock=schedd_2095_9300>
...
040 (3273631.000.000) 12/17 12:32:08 Started transferring input files
	Transferring to host: <128.142.63.55:9618?addrs=128.142.63.55-9618&alias=b7s08p2360.cern.ch&noUDP&sock=slot1_2_3577_11eb_1071>
...
040 (3273631.000.000) 12/17 12:32:08 Finished transferring input files
...
001 (3273631.000.000) 12/17 12:32:09 Job executing on host: <128.142.63.55:9618?addrs=128.142.63.55-9618&alias=b7s08p2360.cern.ch&noUDP&sock=startd_2590_1a61>
...
006 (3273631.000.000) 12/17 12:32:18 Image size of job updated: 147840
	67  -  MemoryUsage of job (MB)
	68008  -  ResidentSetSize of job (KB)
...
006 (3273631.000.000) 12/17 12:37:19 Image size of job updated: 2577304
	1073  -  MemoryUsage of job (MB)
	1098072  -  ResidentSetSize of job (KB)
...
006 (3273631.000.000) 12/17 12:42:19 Image size of job updated: 2593688
	1089  -  MemoryUsage of job (MB)
	1114456  -  ResidentSetSize of job (KB)
...
006 (3273631.000.000) 12/17 12:47:19 Image size of job updated: 2901584
	1089  -  MemoryUsage of job (MB)
	1114456  -  ResidentSetSize of job (KB)
...
040 (3273631.000.000) 12/17 13:19:07 Started transferring output files
...
040 (3273631.000.000) 12/17 13:19:07 Finished transferring output files
...
005 (3273631.000.000) 12/17 13:19:08 Job terminated.
	(1) Normal termination (return value 1)
		Usr 0 00:13:58, Sys 0 00:00:08  -  Run Remote Usage
		Usr 0 00:00:00, Sys 0 00:00:00  -  Run Local Usage
		Usr 0 00:13:58, Sys 0 00:00:08  -  Total Remote Usage
		Usr 0 00:00:00, Sys 0 00:00:00  -  Total Local Usage
	41065  -  Run Bytes Sent By Job
	11180  -  Run Bytes Received By Job
	41065  -  Total Bytes Sent By Job
	11180  -  Total Bytes Received By Job
	Partitionable Resources :    Usage  Request Allocated 
	   Cpus                 :     0.02        4         4 
	   Disk (KB)            :    74           1   1191292 
	   Memory (MB)          :  1089        8000      8000 

	Job terminated of its own accord at 2021-12-17T12:19:07Z.
...
