000 (3322537.005.000) 01/17 18:39:11 Job submitted from host: <188.185.70.244:9618?addrs=188.185.70.244-9618+[2001-1458-d00-7--100-2ee]-9618&alias=bigbird10.cern.ch&noUDP&sock=schedd_7001_aea1>
...
040 (3322537.005.000) 01/17 19:27:55 Started transferring input files
	Transferring to host: <128.142.58.165:9618?addrs=128.142.58.165-9618+[2001-1458-301-16--100-a4]-9618&alias=b7s03p8220.cern.ch&noUDP&sock=slot1_5_6073_ba50_36415>
...
040 (3322537.005.000) 01/17 19:27:55 Finished transferring input files
...
001 (3322537.005.000) 01/17 19:27:56 Job executing on host: <128.142.58.165:9618?addrs=128.142.58.165-9618+[2001-1458-301-16--100-a4]-9618&alias=b7s03p8220.cern.ch&noUDP&sock=startd_6026_e9cb>
...
006 (3322537.005.000) 01/17 19:28:04 Image size of job updated: 320076
	183  -  MemoryUsage of job (MB)
	186412  -  ResidentSetSize of job (KB)
...
006 (3322537.005.000) 01/17 19:33:04 Image size of job updated: 1748536
	287  -  MemoryUsage of job (MB)
	293048  -  ResidentSetSize of job (KB)
...
040 (3322537.005.000) 01/17 19:46:54 Started transferring output files
...
040 (3322537.005.000) 01/17 19:46:54 Finished transferring output files
...
005 (3322537.005.000) 01/17 19:46:54 Job terminated.
	(1) Normal termination (return value 0)
		Usr 0 00:00:25, Sys 0 00:00:03  -  Run Remote Usage
		Usr 0 00:00:00, Sys 0 00:00:00  -  Run Local Usage
		Usr 0 00:00:25, Sys 0 00:00:03  -  Total Remote Usage
		Usr 0 00:00:00, Sys 0 00:00:00  -  Total Local Usage
	1406  -  Run Bytes Sent By Job
	10526  -  Run Bytes Received By Job
	1406  -  Total Bytes Sent By Job
	10526  -  Total Bytes Received By Job
	Partitionable Resources :    Usage  Request Allocated 
	   Cpus                 :     0.02        4         4 
	   Disk (KB)            :    36           1   1359806 
	   Memory (MB)          :   287        8000      8000 

	Job terminated of its own accord at 2022-01-17T18:46:54Z.
...
