000 (3275857.020.000) 12/22 11:21:47 Job submitted from host: <188.185.70.244:9618?addrs=188.185.70.244-9618+[2001-1458-d00-7--100-2ee]-9618&alias=bigbird10.cern.ch&noUDP&sock=schedd_2095_9300>
...
040 (3275857.020.000) 12/22 13:35:26 Started transferring input files
	Transferring to host: <128.142.63.17:9618?addrs=128.142.63.17-9618&alias=b7s08p1287.cern.ch&noUDP&sock=slot1_18_4653_3596_7116>
...
040 (3275857.020.000) 12/22 13:35:26 Finished transferring input files
...
001 (3275857.020.000) 12/22 13:35:27 Job executing on host: <128.142.63.17:9618?addrs=128.142.63.17-9618&alias=b7s08p1287.cern.ch&noUDP&sock=startd_4306_22e5>
...
006 (3275857.020.000) 12/22 13:35:36 Image size of job updated: 369024
	261  -  MemoryUsage of job (MB)
	266648  -  ResidentSetSize of job (KB)
...
006 (3275857.020.000) 12/22 13:35:54 Image size of job updated: 1730084
	261  -  MemoryUsage of job (MB)
	266804  -  ResidentSetSize of job (KB)
...
040 (3275857.020.000) 12/22 13:35:54 Started transferring output files
...
040 (3275857.020.000) 12/22 13:35:54 Finished transferring output files
...
005 (3275857.020.000) 12/22 13:35:54 Job terminated.
	(1) Normal termination (return value 0)
		Usr 0 00:00:11, Sys 0 00:00:02  -  Run Remote Usage
		Usr 0 00:00:00, Sys 0 00:00:00  -  Run Local Usage
		Usr 0 00:00:11, Sys 0 00:00:02  -  Total Remote Usage
		Usr 0 00:00:00, Sys 0 00:00:00  -  Total Local Usage
	3157  -  Run Bytes Sent By Job
	11186  -  Run Bytes Received By Job
	3157  -  Total Bytes Sent By Job
	11186  -  Total Bytes Received By Job
	Partitionable Resources :    Usage  Request Allocated 
	   Cpus                 :                 4         4 
	   Disk (KB)            :       31        1   1262492 
	   Memory (MB)          :      261     8000      8000 

	Job terminated of its own accord at 2021-12-22T12:35:54Z.
...
