000 (3335430.014.000) 01/18 23:49:58 Job submitted from host: <188.185.70.244:9618?addrs=188.185.70.244-9618+[2001-1458-d00-7--100-2ee]-9618&alias=bigbird10.cern.ch&noUDP&sock=schedd_7001_aea1>
...
040 (3335430.014.000) 01/19 02:45:01 Started transferring input files
	Transferring to host: <128.142.58.93:9618?addrs=128.142.58.93-9618+[2001-1458-301-16--100-5c]-9618&alias=b7s03p3960.cern.ch&noUDP&sock=slot1_28_6117_bad2_34723>
...
040 (3335430.014.000) 01/19 02:45:01 Finished transferring input files
...
001 (3335430.014.000) 01/19 02:45:02 Job executing on host: <128.142.58.93:9618?addrs=128.142.58.93-9618+[2001-1458-301-16--100-5c]-9618&alias=b7s03p3960.cern.ch&noUDP&sock=startd_6069_685d>
...
006 (3335430.014.000) 01/19 02:45:10 Image size of job updated: 249920
	155  -  MemoryUsage of job (MB)
	157864  -  ResidentSetSize of job (KB)
...
006 (3335430.014.000) 01/19 02:50:10 Image size of job updated: 1743164
	282  -  MemoryUsage of job (MB)
	287816  -  ResidentSetSize of job (KB)
...
006 (3335430.014.000) 01/19 02:55:11 Image size of job updated: 2660248
	803  -  MemoryUsage of job (MB)
	821916  -  ResidentSetSize of job (KB)
...
006 (3335430.014.000) 01/19 03:10:13 Image size of job updated: 2660248
	803  -  MemoryUsage of job (MB)
	821972  -  ResidentSetSize of job (KB)
...
006 (3335430.014.000) 01/19 03:15:14 Image size of job updated: 3117932
	1242  -  MemoryUsage of job (MB)
	1271196  -  ResidentSetSize of job (KB)
...
006 (3335430.014.000) 01/19 03:20:14 Image size of job updated: 3117932
	1242  -  MemoryUsage of job (MB)
	1271204  -  ResidentSetSize of job (KB)
...
006 (3335430.014.000) 01/19 03:30:15 Image size of job updated: 3234868
	1645  -  MemoryUsage of job (MB)
	1684412  -  ResidentSetSize of job (KB)
...
006 (3335430.014.000) 01/19 03:35:15 Image size of job updated: 3511716
	1645  -  MemoryUsage of job (MB)
	1684412  -  ResidentSetSize of job (KB)
...
006 (3335430.014.000) 01/19 03:55:17 Image size of job updated: 3925852
	2015  -  MemoryUsage of job (MB)
	2063024  -  ResidentSetSize of job (KB)
...
006 (3335430.014.000) 01/19 04:15:19 Image size of job updated: 3925852
	2508  -  MemoryUsage of job (MB)
	2568160  -  ResidentSetSize of job (KB)
...
006 (3335430.014.000) 01/19 04:20:20 Image size of job updated: 4395056
	2508  -  MemoryUsage of job (MB)
	2568160  -  ResidentSetSize of job (KB)
...
006 (3335430.014.000) 01/19 04:40:23 Image size of job updated: 4847332
	2781  -  MemoryUsage of job (MB)
	2847084  -  ResidentSetSize of job (KB)
...
006 (3335430.014.000) 01/19 05:00:24 Image size of job updated: 4847332
	2783  -  MemoryUsage of job (MB)
	2849548  -  ResidentSetSize of job (KB)
...
006 (3335430.014.000) 01/19 05:05:24 Image size of job updated: 5371052
	3267  -  MemoryUsage of job (MB)
	3345232  -  ResidentSetSize of job (KB)
...
006 (3335430.014.000) 01/19 05:25:27 Image size of job updated: 5851164
	3678  -  MemoryUsage of job (MB)
	3765760  -  ResidentSetSize of job (KB)
...
006 (3335430.014.000) 01/19 05:35:28 Image size of job updated: 5851164
	3678  -  MemoryUsage of job (MB)
	3765764  -  ResidentSetSize of job (KB)
...
006 (3335430.014.000) 01/19 05:45:29 Image size of job updated: 6357880
	4742  -  MemoryUsage of job (MB)
	4855388  -  ResidentSetSize of job (KB)
...
040 (3335430.014.000) 01/19 06:05:57 Started transferring output files
...
040 (3335430.014.000) 01/19 06:05:57 Finished transferring output files
...
005 (3335430.014.000) 01/19 06:05:57 Job terminated.
	(1) Normal termination (return value 0)
		Usr 0 00:35:05, Sys 0 00:00:50  -  Run Remote Usage
		Usr 0 00:00:00, Sys 0 00:00:00  -  Run Local Usage
		Usr 0 00:35:05, Sys 0 00:00:50  -  Total Remote Usage
		Usr 0 00:00:00, Sys 0 00:00:00  -  Total Local Usage
	3928  -  Run Bytes Sent By Job
	11206  -  Run Bytes Received By Job
	3928  -  Total Bytes Sent By Job
	11206  -  Total Bytes Received By Job
	Partitionable Resources :    Usage  Request Allocated 
	   Cpus                 :     0.02        4         4 
	   Disk (KB)            :    36           1   1098799 
	   Memory (MB)          :  4742        8000      8000 

	Job terminated of its own accord at 2022-01-19T05:05:57Z.
...
