000 (3314882.024.000) 01/12 10:53:21 Job submitted from host: <188.185.70.244:9618?addrs=188.185.70.244-9618+[2001-1458-d00-7--100-2ee]-9618&alias=bigbird10.cern.ch&noUDP&sock=schedd_7001_aea1>
...
040 (3314882.024.000) 01/12 10:54:17 Started transferring input files
	Transferring to host: <128.142.132.32:9618?addrs=128.142.132.32-9618+[2001-1458-301-5a--100-14]-9618&alias=b7g12p1867.cern.ch&noUDP&sock=slot1_6_22903_fc3c_98034>
...
040 (3314882.024.000) 01/12 10:54:17 Finished transferring input files
...
001 (3314882.024.000) 01/12 10:54:18 Job executing on host: <128.142.132.32:9618?addrs=128.142.132.32-9618+[2001-1458-301-5a--100-14]-9618&alias=b7g12p1867.cern.ch&noUDP&sock=startd_3007_215f>
...
006 (3314882.024.000) 01/12 10:54:27 Image size of job updated: 371432
	55  -  MemoryUsage of job (MB)
	56084  -  ResidentSetSize of job (KB)
...
006 (3314882.024.000) 01/12 10:59:28 Image size of job updated: 1769724
	384  -  MemoryUsage of job (MB)
	392472  -  ResidentSetSize of job (KB)
...
006 (3314882.024.000) 01/12 11:04:28 Image size of job updated: 2451124
	691  -  MemoryUsage of job (MB)
	707508  -  ResidentSetSize of job (KB)
...
006 (3314882.024.000) 01/12 11:14:29 Image size of job updated: 2897460
	1077  -  MemoryUsage of job (MB)
	1102512  -  ResidentSetSize of job (KB)
...
040 (3314882.024.000) 01/12 11:18:20 Started transferring output files
...
040 (3314882.024.000) 01/12 11:18:20 Finished transferring output files
...
004 (3314882.024.000) 01/12 11:18:20 Job was evicted.
	(0) CPU times
		Usr 0 00:06:03, Sys 0 00:00:09  -  Run Remote Usage
		Usr 0 00:00:00, Sys 0 00:00:00  -  Run Local Usage
	8252  -  Run Bytes Sent By Job
	10531  -  Run Bytes Received By Job
	Partitionable Resources :    Usage  Request Allocated 
	   Cpus                 :     0.44        4         4 
	   Disk (KB)            :    42           1   1446792 
	   Memory (MB)          :  1077        8000      8000 
...
009 (3314882.024.000) 01/12 11:18:21 Job was aborted.
	via condor_rm (by user vdamante)
...
