000 (3335536.000.000) 01/19 08:45:01 Job submitted from host: <188.185.70.244:9618?addrs=188.185.70.244-9618+[2001-1458-d00-7--100-2ee]-9618&alias=bigbird10.cern.ch&noUDP&sock=schedd_7001_aea1>
...
022 (3335536.000.000) 01/19 08:52:32 Job disconnected, attempting to reconnect
    Socket between submit and execute hosts closed unexpectedly
    Trying to reconnect to slot1_3@b7s05p9467.cern.ch <128.142.60.116:9618?addrs=128.142.60.116-9618&alias=b7s05p9467.cern.ch&noUDP&sock=startd_3946_34cd>
...
024 (3335536.000.000) 01/19 08:52:32 Job reconnection failed
    Job not found at execution machine
    Can not reconnect to slot1_3@b7s05p9467.cern.ch, rescheduling job
...
022 (3335536.000.000) 01/19 08:58:43 Job disconnected, attempting to reconnect
    Socket between submit and execute hosts closed unexpectedly
    Trying to reconnect to slot1_26@b7g24p6349.cern.ch <128.142.33.227:9618?addrs=128.142.33.227-9618+[2001-1458-301-39--100-20]-9618&alias=b7g24p6349.cern.ch&noUDP&sock=startd_4810_d6a1>
...
024 (3335536.000.000) 01/19 08:58:43 Job reconnection failed
    Job not found at execution machine
    Can not reconnect to slot1_26@b7g24p6349.cern.ch, rescheduling job
...
022 (3335536.000.000) 01/19 09:00:39 Job disconnected, attempting to reconnect
    Socket between submit and execute hosts closed unexpectedly
    Trying to reconnect to slot1_23@b7s14p4148.cern.ch <188.184.165.117:9618?addrs=188.184.165.117-9618+[2001-1458-301-51--100-70]-9618&alias=b7s14p4148.cern.ch&noUDP&sock=startd_4668_702e>
...
024 (3335536.000.000) 01/19 09:00:39 Job reconnection failed
    Job not found at execution machine
    Can not reconnect to slot1_23@b7s14p4148.cern.ch, rescheduling job
...
022 (3335536.000.000) 01/19 09:03:01 Job disconnected, attempting to reconnect
    Socket between submit and execute hosts closed unexpectedly
    Trying to reconnect to slot1_11@b7s01p7139.cern.ch <128.142.56.26:9618?addrs=128.142.56.26-9618+[2001-1458-301-6--100-19]-9618&alias=b7s01p7139.cern.ch&noUDP&sock=startd_5473_99eb>
...
024 (3335536.000.000) 01/19 09:03:01 Job reconnection failed
    Job not found at execution machine
    Can not reconnect to slot1_11@b7s01p7139.cern.ch, rescheduling job
...
040 (3335536.000.000) 01/19 09:03:07 Started transferring input files
	Transferring to host: <188.184.163.194:9618?addrs=188.184.163.194-9618+[2001-1458-301-4d--100-bc]-9618&alias=b7s12p4351.cern.ch&noUDP&sock=slot1_3_3578_c64b_33328>
...
040 (3335536.000.000) 01/19 09:03:07 Finished transferring input files
...
001 (3335536.000.000) 01/19 09:03:08 Job executing on host: <188.184.163.194:9618?addrs=188.184.163.194-9618+[2001-1458-301-4d--100-bc]-9618&alias=b7s12p4351.cern.ch&noUDP&sock=startd_3073_669f>
...
006 (3335536.000.000) 01/19 09:03:17 Image size of job updated: 1277896
	155  -  MemoryUsage of job (MB)
	157872  -  ResidentSetSize of job (KB)
...
006 (3335536.000.000) 01/19 09:08:18 Image size of job updated: 1743736
	284  -  MemoryUsage of job (MB)
	290580  -  ResidentSetSize of job (KB)
...
006 (3335536.000.000) 01/19 09:13:18 Image size of job updated: 2660564
	803  -  MemoryUsage of job (MB)
	822216  -  ResidentSetSize of job (KB)
...
006 (3335536.000.000) 01/19 09:23:19 Image size of job updated: 2660564
	804  -  MemoryUsage of job (MB)
	822292  -  ResidentSetSize of job (KB)
...
006 (3335536.000.000) 01/19 09:28:20 Image size of job updated: 2660564
	804  -  MemoryUsage of job (MB)
	822304  -  ResidentSetSize of job (KB)
...
006 (3335536.000.000) 01/19 09:33:20 Image size of job updated: 2660564
	804  -  MemoryUsage of job (MB)
	822308  -  ResidentSetSize of job (KB)
...
006 (3335536.000.000) 01/19 09:38:21 Image size of job updated: 2660564
	805  -  MemoryUsage of job (MB)
	823892  -  ResidentSetSize of job (KB)
...
006 (3335536.000.000) 01/19 09:43:22 Image size of job updated: 3118624
	1243  -  MemoryUsage of job (MB)
	1271892  -  ResidentSetSize of job (KB)
...
006 (3335536.000.000) 01/19 10:13:24 Image size of job updated: 3118624
	1243  -  MemoryUsage of job (MB)
	1271896  -  ResidentSetSize of job (KB)
...
006 (3335536.000.000) 01/19 10:23:25 Image size of job updated: 3815280
	2067  -  MemoryUsage of job (MB)
	2116412  -  ResidentSetSize of job (KB)
...
006 (3335536.000.000) 01/19 10:28:26 Image size of job updated: 3815280
	2069  -  MemoryUsage of job (MB)
	2118072  -  ResidentSetSize of job (KB)
...
006 (3335536.000.000) 01/19 10:33:27 Image size of job updated: 3815280
	2069  -  MemoryUsage of job (MB)
	2118076  -  ResidentSetSize of job (KB)
...
006 (3335536.000.000) 01/19 10:38:27 Image size of job updated: 3815280
	2069  -  MemoryUsage of job (MB)
	2118080  -  ResidentSetSize of job (KB)
...
006 (3335536.000.000) 01/19 11:18:31 Image size of job updated: 3815280
	2071  -  MemoryUsage of job (MB)
	2120240  -  ResidentSetSize of job (KB)
...
006 (3335536.000.000) 01/19 11:23:32 Image size of job updated: 4392188
	2338  -  MemoryUsage of job (MB)
	2393356  -  ResidentSetSize of job (KB)
...
040 (3335536.000.000) 01/19 11:47:32 Entered queue to transfer output files
...
040 (3335536.000.000) 01/19 11:47:50 Started transferring output files
...
040 (3335536.000.000) 01/19 11:47:54 Finished transferring output files
...
004 (3335536.000.000) 01/19 11:47:57 Job was evicted.
	(0) CPU times
		Usr 0 00:51:53, Sys 0 00:00:42  -  Run Remote Usage
		Usr 0 00:00:00, Sys 0 00:00:00  -  Run Local Usage
	0  -  Run Bytes Sent By Job
	11206  -  Run Bytes Received By Job
	Partitionable Resources :    Usage  Request Allocated 
	   Cpus                 :     0.02        4         4 
	   Disk (KB)            :    35           1   2860527 
	   Memory (MB)          :  2338        8000      8000 
...
009 (3335536.000.000) 01/19 11:48:02 Job was aborted.
	via condor_rm (by user vdamante)
...
