000 (3322136.022.000) 01/17 17:42:57 Job submitted from host: <188.185.70.244:9618?addrs=188.185.70.244-9618+[2001-1458-d00-7--100-2ee]-9618&alias=bigbird10.cern.ch&noUDP&sock=schedd_7001_aea1>
...
040 (3322136.022.000) 01/17 18:09:35 Started transferring input files
	Transferring to host: <128.142.63.11:9618?addrs=128.142.63.11-9618+[2001-1458-301-38--100-8]-9618&alias=b7s08p7663.cern.ch&noUDP&sock=slot1_19_3587_1dab_35857>
...
040 (3322136.022.000) 01/17 18:09:35 Finished transferring input files
...
001 (3322136.022.000) 01/17 18:09:36 Job executing on host: <128.142.63.11:9618?addrs=128.142.63.11-9618+[2001-1458-301-38--100-8]-9618&alias=b7s08p7663.cern.ch&noUDP&sock=startd_2916_b641>
...
006 (3322136.022.000) 01/17 18:09:45 Image size of job updated: 1699304
	265  -  MemoryUsage of job (MB)
	271004  -  ResidentSetSize of job (KB)
...
006 (3322136.022.000) 01/17 18:14:46 Image size of job updated: 3098916
	1046  -  MemoryUsage of job (MB)
	1070172  -  ResidentSetSize of job (KB)
...
006 (3322136.022.000) 01/17 18:24:46 Image size of job updated: 3098916
	1046  -  MemoryUsage of job (MB)
	1070176  -  ResidentSetSize of job (KB)
...
006 (3322136.022.000) 01/17 18:29:47 Image size of job updated: 3638148
	1538  -  MemoryUsage of job (MB)
	1574292  -  ResidentSetSize of job (KB)
...
006 (3322136.022.000) 01/17 18:34:47 Image size of job updated: 3638148
	1538  -  MemoryUsage of job (MB)
	1574296  -  ResidentSetSize of job (KB)
...
006 (3322136.022.000) 01/17 19:04:50 Image size of job updated: 4170424
	2079  -  MemoryUsage of job (MB)
	2128540  -  ResidentSetSize of job (KB)
...
006 (3322136.022.000) 01/17 19:29:52 Image size of job updated: 4170424
	2079  -  MemoryUsage of job (MB)
	2128544  -  ResidentSetSize of job (KB)
...
006 (3322136.022.000) 01/17 19:54:55 Image size of job updated: 4170424
	2079  -  MemoryUsage of job (MB)
	2128548  -  ResidentSetSize of job (KB)
...
006 (3322136.022.000) 01/17 19:59:56 Image size of job updated: 4684576
	2523  -  MemoryUsage of job (MB)
	2582812  -  ResidentSetSize of job (KB)
...
006 (3322136.022.000) 01/17 20:19:58 Image size of job updated: 5193728
	3641  -  MemoryUsage of job (MB)
	3727560  -  ResidentSetSize of job (KB)
...
006 (3322136.022.000) 01/17 20:39:59 Image size of job updated: 5800928
	3641  -  MemoryUsage of job (MB)
	3727560  -  ResidentSetSize of job (KB)
...
006 (3322136.022.000) 01/17 21:35:04 Image size of job updated: 6370892
	4730  -  MemoryUsage of job (MB)
	4842876  -  ResidentSetSize of job (KB)
...
040 (3322136.022.000) 01/17 23:09:54 Started transferring output files
...
040 (3322136.022.000) 01/17 23:09:54 Finished transferring output files
...
009 (3322136.022.000) 01/17 23:09:54 Job was aborted.
	Job removed by SYSTEM_PERIODIC_REMOVE due to wall time exceeded allowed max.
...
