000 (3335430.015.000) 01/18 23:49:58 Job submitted from host: <188.185.70.244:9618?addrs=188.185.70.244-9618+[2001-1458-d00-7--100-2ee]-9618&alias=bigbird10.cern.ch&noUDP&sock=schedd_7001_aea1>
...
040 (3335430.015.000) 01/19 02:48:32 Started transferring input files
	Transferring to host: <188.184.162.86:9618?addrs=188.184.162.86-9618+[2001-1458-301-4a--100-50]-9618&alias=b7s11p6407.cern.ch&noUDP&sock=slot1_21_4070_6edf_33892>
...
040 (3335430.015.000) 01/19 02:48:32 Finished transferring input files
...
001 (3335430.015.000) 01/19 02:48:33 Job executing on host: <188.184.162.86:9618?addrs=188.184.162.86-9618+[2001-1458-301-4a--100-50]-9618&alias=b7s11p6407.cern.ch&noUDP&sock=startd_3277_53f1>
...
006 (3335430.015.000) 01/19 02:48:42 Image size of job updated: 455032
	71  -  MemoryUsage of job (MB)
	71956  -  ResidentSetSize of job (KB)
...
006 (3335430.015.000) 01/19 02:53:43 Image size of job updated: 1732404
	272  -  MemoryUsage of job (MB)
	277800  -  ResidentSetSize of job (KB)
...
006 (3335430.015.000) 01/19 02:58:43 Image size of job updated: 2651184
	794  -  MemoryUsage of job (MB)
	812660  -  ResidentSetSize of job (KB)
...
006 (3335430.015.000) 01/19 03:08:44 Image size of job updated: 2651184
	794  -  MemoryUsage of job (MB)
	812840  -  ResidentSetSize of job (KB)
...
006 (3335430.015.000) 01/19 03:13:44 Image size of job updated: 2651184
	794  -  MemoryUsage of job (MB)
	812844  -  ResidentSetSize of job (KB)
...
006 (3335430.015.000) 01/19 03:23:45 Image size of job updated: 3088364
	1131  -  MemoryUsage of job (MB)
	1157724  -  ResidentSetSize of job (KB)
...
006 (3335430.015.000) 01/19 03:43:48 Image size of job updated: 3088364
	1132  -  MemoryUsage of job (MB)
	1159112  -  ResidentSetSize of job (KB)
...
006 (3335430.015.000) 01/19 03:48:48 Image size of job updated: 3474452
	1568  -  MemoryUsage of job (MB)
	1604888  -  ResidentSetSize of job (KB)
...
006 (3335430.015.000) 01/19 04:13:50 Image size of job updated: 3885844
	1986  -  MemoryUsage of job (MB)
	2033656  -  ResidentSetSize of job (KB)
...
006 (3335430.015.000) 01/19 04:38:52 Image size of job updated: 3885844
	1988  -  MemoryUsage of job (MB)
	2034856  -  ResidentSetSize of job (KB)
...
006 (3335430.015.000) 01/19 04:43:53 Image size of job updated: 4341444
	2383  -  MemoryUsage of job (MB)
	2439196  -  ResidentSetSize of job (KB)
...
006 (3335430.015.000) 01/19 05:03:56 Image size of job updated: 4341444
	2385  -  MemoryUsage of job (MB)
	2441644  -  ResidentSetSize of job (KB)
...
006 (3335430.015.000) 01/19 05:08:56 Image size of job updated: 4784844
	2774  -  MemoryUsage of job (MB)
	2839960  -  ResidentSetSize of job (KB)
...
006 (3335430.015.000) 01/19 05:33:58 Image size of job updated: 5303000
	3723  -  MemoryUsage of job (MB)
	3811548  -  ResidentSetSize of job (KB)
...
006 (3335430.015.000) 01/19 06:04:01 Image size of job updated: 5780000
	3723  -  MemoryUsage of job (MB)
	3811548  -  ResidentSetSize of job (KB)
...
006 (3335430.015.000) 01/19 06:29:03 Image size of job updated: 6281944
	4676  -  MemoryUsage of job (MB)
	4787696  -  ResidentSetSize of job (KB)
...
040 (3335430.015.000) 01/19 06:50:54 Started transferring output files
...
040 (3335430.015.000) 01/19 06:50:54 Finished transferring output files
...
005 (3335430.015.000) 01/19 06:50:54 Job terminated.
	(1) Normal termination (return value 0)
		Usr 0 01:06:44, Sys 0 00:01:06  -  Run Remote Usage
		Usr 0 00:00:00, Sys 0 00:00:00  -  Run Local Usage
		Usr 0 01:06:44, Sys 0 00:01:06  -  Total Remote Usage
		Usr 0 00:00:00, Sys 0 00:00:00  -  Total Local Usage
	3928  -  Run Bytes Sent By Job
	11206  -  Run Bytes Received By Job
	3928  -  Total Bytes Sent By Job
	11206  -  Total Bytes Received By Job
	Partitionable Resources :    Usage  Request Allocated 
	   Cpus                 :     0.11        4         4 
	   Disk (KB)            :    36           1   2777248 
	   Memory (MB)          :  4676        8000      8000 

	Job terminated of its own accord at 2022-01-19T05:50:54Z.
...
