000 (3295146.023.000) 01/10 15:19:52 Job submitted from host: <188.185.70.244:9618?addrs=188.185.70.244-9618+[2001-1458-d00-7--100-2ee]-9618&alias=bigbird10.cern.ch&noUDP&sock=schedd_7001_aea1>
...
040 (3295146.023.000) 01/10 15:32:24 Started transferring input files
	Transferring to host: <128.142.56.132:9618?addrs=128.142.56.132-9618&alias=b7s01p1865.cern.ch&noUDP&sock=slot1_11_3018_3434_24218>
...
040 (3295146.023.000) 01/10 15:32:24 Finished transferring input files
...
001 (3295146.023.000) 01/10 15:32:25 Job executing on host: <128.142.56.132:9618?addrs=128.142.56.132-9618&alias=b7s01p1865.cern.ch&noUDP&sock=startd_2582_9d9f>
...
006 (3295146.023.000) 01/10 15:32:34 Image size of job updated: 750532
	107  -  MemoryUsage of job (MB)
	108968  -  ResidentSetSize of job (KB)
...
006 (3295146.023.000) 01/10 15:36:09 Image size of job updated: 1731068
	107  -  MemoryUsage of job (MB)
	109012  -  ResidentSetSize of job (KB)
...
040 (3295146.023.000) 01/10 15:36:09 Started transferring output files
...
040 (3295146.023.000) 01/10 15:36:09 Finished transferring output files
...
005 (3295146.023.000) 01/10 15:36:09 Job terminated.
	(1) Normal termination (return value 0)
		Usr 0 00:00:13, Sys 0 00:00:02  -  Run Remote Usage
		Usr 0 00:00:00, Sys 0 00:00:00  -  Run Local Usage
		Usr 0 00:00:13, Sys 0 00:00:02  -  Total Remote Usage
		Usr 0 00:00:00, Sys 0 00:00:00  -  Total Local Usage
	4627  -  Run Bytes Sent By Job
	10525  -  Run Bytes Received By Job
	4627  -  Total Bytes Sent By Job
	10525  -  Total Bytes Received By Job
	Partitionable Resources :    Usage  Request Allocated 
	   Cpus                 :                 4         4 
	   Disk (KB)            :       31        1   1383895 
	   Memory (MB)          :      107     8000      8000 

	Job terminated of its own accord at 2022-01-10T14:36:09Z.
...
