000 (3273632.000.000) 12/17 12:21:32 Job submitted from host: <188.185.70.244:9618?addrs=188.185.70.244-9618+[2001-1458-d00-7--100-2ee]-9618&alias=bigbird10.cern.ch&noUDP&sock=schedd_2095_9300>
...
040 (3273632.000.000) 12/17 12:32:08 Started transferring input files
	Transferring to host: <128.142.59.28:9618?addrs=128.142.59.28-9618+[2001-1458-301-21--100-1b]-9618&alias=b7s04p6229.cern.ch&noUDP&sock=slot1_5_3582_97cb_1114>
...
040 (3273632.000.000) 12/17 12:32:08 Finished transferring input files
...
001 (3273632.000.000) 12/17 12:32:09 Job executing on host: <128.142.59.28:9618?addrs=128.142.59.28-9618+[2001-1458-301-21--100-1b]-9618&alias=b7s04p6229.cern.ch&noUDP&sock=startd_2924_3303>
...
006 (3273632.000.000) 12/17 12:32:18 Image size of job updated: 320104
	155  -  MemoryUsage of job (MB)
	157792  -  ResidentSetSize of job (KB)
...
006 (3273632.000.000) 12/17 12:37:19 Image size of job updated: 2575112
	1071  -  MemoryUsage of job (MB)
	1095880  -  ResidentSetSize of job (KB)
...
006 (3273632.000.000) 12/17 12:42:20 Image size of job updated: 2591496
	1087  -  MemoryUsage of job (MB)
	1112264  -  ResidentSetSize of job (KB)
...
006 (3273632.000.000) 12/17 12:47:20 Image size of job updated: 2937744
	1087  -  MemoryUsage of job (MB)
	1112264  -  ResidentSetSize of job (KB)
...
040 (3273632.000.000) 12/17 12:59:32 Started transferring output files
...
040 (3273632.000.000) 12/17 12:59:32 Finished transferring output files
...
005 (3273632.000.000) 12/17 12:59:32 Job terminated.
	(1) Normal termination (return value 1)
		Usr 0 00:13:03, Sys 0 00:00:07  -  Run Remote Usage
		Usr 0 00:00:00, Sys 0 00:00:00  -  Run Local Usage
		Usr 0 00:13:03, Sys 0 00:00:07  -  Total Remote Usage
		Usr 0 00:00:00, Sys 0 00:00:00  -  Total Local Usage
	45176  -  Run Bytes Sent By Job
	11180  -  Run Bytes Received By Job
	45176  -  Total Bytes Sent By Job
	11180  -  Total Bytes Received By Job
	Partitionable Resources :    Usage  Request Allocated 
	   Cpus                 :     0.07        4         4 
	   Disk (KB)            :    76           1   1310258 
	   Memory (MB)          :  1087        8000      8000 

	Job terminated of its own accord at 2021-12-17T11:59:32Z.
...
