000 (3316947.001.000) 01/13 10:23:45 Job submitted from host: <188.185.70.244:9618?addrs=188.185.70.244-9618+[2001-1458-d00-7--100-2ee]-9618&alias=bigbird10.cern.ch&noUDP&sock=schedd_7001_aea1>
...
040 (3316947.001.000) 01/13 10:27:35 Started transferring input files
	Transferring to host: <128.142.248.36:9618?addrs=128.142.248.36-9618+[2001-1458-301-73--100-114]-9618&alias=b7g23p9947.cern.ch&noUDP&sock=slot1_22_257095_6f70_111794>
...
040 (3316947.001.000) 01/13 10:27:35 Finished transferring input files
...
001 (3316947.001.000) 01/13 10:27:36 Job executing on host: <128.142.248.36:9618?addrs=128.142.248.36-9618+[2001-1458-301-73--100-114]-9618&alias=b7g23p9947.cern.ch&noUDP&sock=startd_134026_4444>
...
006 (3316947.001.000) 01/13 10:27:45 Image size of job updated: 320128
	155  -  MemoryUsage of job (MB)
	157816  -  ResidentSetSize of job (KB)
...
006 (3316947.001.000) 01/13 10:32:46 Image size of job updated: 1748708
	288  -  MemoryUsage of job (MB)
	294120  -  ResidentSetSize of job (KB)
...
006 (3316947.001.000) 01/13 10:42:47 Image size of job updated: 2009424
	538  -  MemoryUsage of job (MB)
	550200  -  ResidentSetSize of job (KB)
...
006 (3316947.001.000) 01/13 11:12:51 Image size of job updated: 2309580
	725  -  MemoryUsage of job (MB)
	741512  -  ResidentSetSize of job (KB)
...
006 (3316947.001.000) 01/13 11:17:51 Image size of job updated: 2309580
	725  -  MemoryUsage of job (MB)
	741516  -  ResidentSetSize of job (KB)
...
006 (3316947.001.000) 01/13 11:47:54 Image size of job updated: 2557240
	908  -  MemoryUsage of job (MB)
	928888  -  ResidentSetSize of job (KB)
...
006 (3316947.001.000) 01/13 12:12:57 Image size of job updated: 2557240
	908  -  MemoryUsage of job (MB)
	928892  -  ResidentSetSize of job (KB)
...
006 (3316947.001.000) 01/13 12:17:57 Image size of job updated: 2825328
	1153  -  MemoryUsage of job (MB)
	1180108  -  ResidentSetSize of job (KB)
...
006 (3316947.001.000) 01/13 12:43:00 Image size of job updated: 2825328
	1155  -  MemoryUsage of job (MB)
	1181840  -  ResidentSetSize of job (KB)
...
006 (3316947.001.000) 01/13 12:48:01 Image size of job updated: 3159440
	1427  -  MemoryUsage of job (MB)
	1460376  -  ResidentSetSize of job (KB)
...
006 (3316947.001.000) 01/13 13:08:03 Image size of job updated: 3159440
	1427  -  MemoryUsage of job (MB)
	1461012  -  ResidentSetSize of job (KB)
...
006 (3316947.001.000) 01/13 13:13:03 Image size of job updated: 3519104
	1703  -  MemoryUsage of job (MB)
	1743064  -  ResidentSetSize of job (KB)
...
006 (3316947.001.000) 01/13 13:38:06 Image size of job updated: 3872544
	1992  -  MemoryUsage of job (MB)
	2038828  -  ResidentSetSize of job (KB)
...
006 (3316947.001.000) 01/13 14:03:08 Image size of job updated: 3872544
	2006  -  MemoryUsage of job (MB)
	2054100  -  ResidentSetSize of job (KB)
...
006 (3316947.001.000) 01/13 14:08:09 Image size of job updated: 4325060
	2395  -  MemoryUsage of job (MB)
	2452024  -  ResidentSetSize of job (KB)
...
006 (3316947.001.000) 01/13 14:38:12 Image size of job updated: 4807288
	3084  -  MemoryUsage of job (MB)
	3157924  -  ResidentSetSize of job (KB)
...
006 (3316947.001.000) 01/13 14:53:14 Image size of job updated: 4807288
	3084  -  MemoryUsage of job (MB)
	3157928  -  ResidentSetSize of job (KB)
...
040 (3316947.001.000) 01/13 15:04:03 Started transferring output files
...
040 (3316947.001.000) 01/13 15:04:03 Finished transferring output files
...
005 (3316947.001.000) 01/13 15:04:03 Job terminated.
	(1) Normal termination (return value 0)
		Usr 0 00:24:55, Sys 0 00:01:01  -  Run Remote Usage
		Usr 0 00:00:00, Sys 0 00:00:00  -  Run Local Usage
		Usr 0 00:24:55, Sys 0 00:01:01  -  Total Remote Usage
		Usr 0 00:00:00, Sys 0 00:00:00  -  Total Local Usage
	14032  -  Run Bytes Sent By Job
	10530  -  Run Bytes Received By Job
	14032  -  Total Bytes Sent By Job
	10530  -  Total Bytes Received By Job
	Partitionable Resources :    Usage  Request Allocated 
	   Cpus                 :     0.08        4         4 
	   Disk (KB)            :    48           1   2930554 
	   Memory (MB)          :  3084        8000      8000 

	Job terminated of its own accord at 2022-01-13T14:04:03Z.
...
