000 (3315591.006.000) 01/12 17:36:24 Job submitted from host: <188.185.70.244:9618?addrs=188.185.70.244-9618+[2001-1458-d00-7--100-2ee]-9618&alias=bigbird10.cern.ch&noUDP&sock=schedd_7001_aea1>
...
040 (3315591.006.000) 01/13 01:06:22 Started transferring input files
	Transferring to host: <128.142.137.204:9618?addrs=128.142.137.204-9618+[2001-1458-301-5e--100-c0]-9618&alias=b7g19p0628.cern.ch&noUDP&sock=slot1_12_32298_9cda_74321>
...
040 (3315591.006.000) 01/13 01:06:22 Finished transferring input files
...
001 (3315591.006.000) 01/13 01:06:23 Job executing on host: <128.142.137.204:9618?addrs=128.142.137.204-9618+[2001-1458-301-5e--100-c0]-9618&alias=b7g19p0628.cern.ch&noUDP&sock=startd_32256_82f4>
...
006 (3315591.006.000) 01/13 01:06:31 Image size of job updated: 452256
	11  -  MemoryUsage of job (MB)
	11204  -  ResidentSetSize of job (KB)
...
006 (3315591.006.000) 01/13 01:11:31 Image size of job updated: 1987532
	517  -  MemoryUsage of job (MB)
	528976  -  ResidentSetSize of job (KB)
...
006 (3315591.006.000) 01/13 01:21:32 Image size of job updated: 1987532
	517  -  MemoryUsage of job (MB)
	528984  -  ResidentSetSize of job (KB)
...
006 (3315591.006.000) 01/13 01:46:35 Image size of job updated: 2170264
	691  -  MemoryUsage of job (MB)
	706748  -  ResidentSetSize of job (KB)
...
006 (3315591.006.000) 01/13 02:11:38 Image size of job updated: 2434056
	956  -  MemoryUsage of job (MB)
	978688  -  ResidentSetSize of job (KB)
...
006 (3315591.006.000) 01/13 02:21:39 Image size of job updated: 2434056
	956  -  MemoryUsage of job (MB)
	978696  -  ResidentSetSize of job (KB)
...
006 (3315591.006.000) 01/13 02:46:42 Image size of job updated: 2800852
	1142  -  MemoryUsage of job (MB)
	1169380  -  ResidentSetSize of job (KB)
...
006 (3315591.006.000) 01/13 03:31:46 Image size of job updated: 3138656
	1403  -  MemoryUsage of job (MB)
	1435832  -  ResidentSetSize of job (KB)
...
006 (3315591.006.000) 01/13 04:01:49 Image size of job updated: 3138656
	1404  -  MemoryUsage of job (MB)
	1437216  -  ResidentSetSize of job (KB)
...
006 (3315591.006.000) 01/13 04:06:49 Image size of job updated: 3466920
	1661  -  MemoryUsage of job (MB)
	1700196  -  ResidentSetSize of job (KB)
...
040 (3315591.006.000) 01/13 04:27:44 Started transferring output files
...
040 (3315591.006.000) 01/13 04:27:44 Finished transferring output files
...
005 (3315591.006.000) 01/13 04:27:44 Job terminated.
	(1) Normal termination (return value 0)
		Usr 0 00:14:32, Sys 0 00:00:57  -  Run Remote Usage
		Usr 0 00:00:00, Sys 0 00:00:00  -  Run Local Usage
		Usr 0 00:14:32, Sys 0 00:00:57  -  Total Remote Usage
		Usr 0 00:00:00, Sys 0 00:00:00  -  Total Local Usage
	9365  -  Run Bytes Sent By Job
	10530  -  Run Bytes Received By Job
	9365  -  Total Bytes Sent By Job
	10530  -  Total Bytes Received By Job
	Partitionable Resources :    Usage  Request Allocated 
	   Cpus                 :     0.02        4         4 
	   Disk (KB)            :    43           1   1527459 
	   Memory (MB)          :  1661        8000      8000 

	Job terminated of its own accord at 2022-01-13T03:27:44Z.
...
