000 (3322537.014.000) 01/17 18:39:11 Job submitted from host: <188.185.70.244:9618?addrs=188.185.70.244-9618+[2001-1458-d00-7--100-2ee]-9618&alias=bigbird10.cern.ch&noUDP&sock=schedd_7001_aea1>
...
040 (3322537.014.000) 01/17 19:51:19 Started transferring input files
	Transferring to host: <128.142.137.155:9618?addrs=128.142.137.155-9618+[2001-1458-301-5e--100-8f]-9618&alias=b7g19p3008.cern.ch&noUDP&sock=slot1_2_3573_406a_48429>
...
040 (3322537.014.000) 01/17 19:51:19 Finished transferring input files
...
001 (3322537.014.000) 01/17 19:51:20 Job executing on host: <128.142.137.155:9618?addrs=128.142.137.155-9618+[2001-1458-301-5e--100-8f]-9618&alias=b7g19p3008.cern.ch&noUDP&sock=startd_3128_2055>
...
006 (3322537.014.000) 01/17 19:51:28 Image size of job updated: 243400
	155  -  MemoryUsage of job (MB)
	157868  -  ResidentSetSize of job (KB)
...
006 (3322537.014.000) 01/17 19:56:28 Image size of job updated: 1727936
	266  -  MemoryUsage of job (MB)
	272320  -  ResidentSetSize of job (KB)
...
006 (3322537.014.000) 01/17 20:01:29 Image size of job updated: 1727936
	266  -  MemoryUsage of job (MB)
	272340  -  ResidentSetSize of job (KB)
...
040 (3322537.014.000) 01/17 20:03:51 Started transferring output files
...
040 (3322537.014.000) 01/17 20:03:51 Finished transferring output files
...
005 (3322537.014.000) 01/17 20:03:51 Job terminated.
	(1) Normal termination (return value 0)
		Usr 0 00:00:27, Sys 0 00:00:04  -  Run Remote Usage
		Usr 0 00:00:00, Sys 0 00:00:00  -  Run Local Usage
		Usr 0 00:00:27, Sys 0 00:00:04  -  Total Remote Usage
		Usr 0 00:00:00, Sys 0 00:00:00  -  Total Local Usage
	1406  -  Run Bytes Sent By Job
	10526  -  Run Bytes Received By Job
	1406  -  Total Bytes Sent By Job
	10526  -  Total Bytes Received By Job
	Partitionable Resources :    Usage  Request Allocated 
	   Cpus                 :     0.01        4         4 
	   Disk (KB)            :    35           1   1732608 
	   Memory (MB)          :   266        8000      8000 

	Job terminated of its own accord at 2022-01-17T19:03:50Z.
...
