000 (3274079.016.000) 12/17 17:40:34 Job submitted from host: <188.185.70.244:9618?addrs=188.185.70.244-9618+[2001-1458-d00-7--100-2ee]-9618&alias=bigbird10.cern.ch&noUDP&sock=schedd_2095_9300>
...
040 (3274079.016.000) 12/17 18:21:30 Started transferring input files
	Transferring to host: <188.184.164.104:9618?addrs=188.184.164.104-9618&alias=b7s13p6655.cern.ch&noUDP&sock=slot1_1_4583_e353_1233>
...
040 (3274079.016.000) 12/17 18:21:30 Finished transferring input files
...
001 (3274079.016.000) 12/17 18:21:31 Job executing on host: <188.184.164.104:9618?addrs=188.184.164.104-9618&alias=b7s13p6655.cern.ch&noUDP&sock=startd_4370_08f5>
...
006 (3274079.016.000) 12/17 18:21:40 Image size of job updated: 320120
	202  -  MemoryUsage of job (MB)
	205988  -  ResidentSetSize of job (KB)
...
006 (3274079.016.000) 12/17 18:26:41 Image size of job updated: 2583396
	1073  -  MemoryUsage of job (MB)
	1097760  -  ResidentSetSize of job (KB)
...
006 (3274079.016.000) 12/17 18:31:41 Image size of job updated: 2599780
	1089  -  MemoryUsage of job (MB)
	1114144  -  ResidentSetSize of job (KB)
...
006 (3274079.016.000) 12/17 18:36:42 Image size of job updated: 2907652
	1089  -  MemoryUsage of job (MB)
	1114144  -  ResidentSetSize of job (KB)
...
040 (3274079.016.000) 12/17 18:55:13 Started transferring output files
...
040 (3274079.016.000) 12/17 18:55:14 Finished transferring output files
...
005 (3274079.016.000) 12/17 18:55:14 Job terminated.
	(1) Normal termination (return value 0)
		Usr 0 00:14:17, Sys 0 00:00:11  -  Run Remote Usage
		Usr 0 00:00:00, Sys 0 00:00:00  -  Run Local Usage
		Usr 0 00:14:17, Sys 0 00:00:11  -  Total Remote Usage
		Usr 0 00:00:00, Sys 0 00:00:00  -  Total Local Usage
	11687311  -  Run Bytes Sent By Job
	11180  -  Run Bytes Received By Job
	11687311  -  Total Bytes Sent By Job
	11180  -  Total Bytes Received By Job
	Partitionable Resources :    Usage  Request Allocated 
	   Cpus                 :     0.05        4         4 
	   Disk (KB)            : 11448           1   3012065 
	   Memory (MB)          :  1089        8000      8000 

	Job terminated of its own accord at 2021-12-17T17:55:13Z.
...
