000 (3314656.003.000) 01/11 16:27:26 Job submitted from host: <188.185.70.244:9618?addrs=188.185.70.244-9618+[2001-1458-d00-7--100-2ee]-9618&alias=bigbird10.cern.ch&noUDP&sock=schedd_7001_aea1>
...
040 (3314656.003.000) 01/11 18:03:49 Started transferring input files
	Transferring to host: <128.142.57.73:9618?addrs=128.142.57.73-9618+[2001-1458-301-7--100-48]-9618&alias=b7s02p3789.cern.ch&noUDP&sock=slot1_32_3560_178a_27981>
...
040 (3314656.003.000) 01/11 18:03:49 Finished transferring input files
...
001 (3314656.003.000) 01/11 18:03:50 Job executing on host: <128.142.57.73:9618?addrs=128.142.57.73-9618+[2001-1458-301-7--100-48]-9618&alias=b7s02p3789.cern.ch&noUDP&sock=startd_2591_c9f9>
...
006 (3314656.003.000) 01/11 18:03:59 Image size of job updated: 269264
	155  -  MemoryUsage of job (MB)
	157824  -  ResidentSetSize of job (KB)
...
006 (3314656.003.000) 01/11 18:09:00 Image size of job updated: 1731164
	271  -  MemoryUsage of job (MB)
	276772  -  ResidentSetSize of job (KB)
...
006 (3314656.003.000) 01/11 18:14:01 Image size of job updated: 2460864
	696  -  MemoryUsage of job (MB)
	712256  -  ResidentSetSize of job (KB)
...
006 (3314656.003.000) 01/11 18:19:46 Image size of job updated: 2460864
	696  -  MemoryUsage of job (MB)
	712264  -  ResidentSetSize of job (KB)
...
006 (3314656.003.000) 01/11 18:34:03 Image size of job updated: 2460864
	696  -  MemoryUsage of job (MB)
	712268  -  ResidentSetSize of job (KB)
...
006 (3314656.003.000) 01/11 18:44:04 Image size of job updated: 2563508
	1047  -  MemoryUsage of job (MB)
	1071484  -  ResidentSetSize of job (KB)
...
006 (3314656.003.000) 01/11 19:04:06 Image size of job updated: 2563508
	1047  -  MemoryUsage of job (MB)
	1071488  -  ResidentSetSize of job (KB)
...
006 (3314656.003.000) 01/11 19:14:07 Image size of job updated: 3204320
	1330  -  MemoryUsage of job (MB)
	1361028  -  ResidentSetSize of job (KB)
...
006 (3314656.003.000) 01/11 20:34:16 Image size of job updated: 3204320
	1330  -  MemoryUsage of job (MB)
	1361032  -  ResidentSetSize of job (KB)
...
006 (3314656.003.000) 01/11 20:54:18 Image size of job updated: 3636036
	1719  -  MemoryUsage of job (MB)
	1760004  -  ResidentSetSize of job (KB)
...
006 (3314656.003.000) 01/11 21:29:21 Image size of job updated: 3636036
	1720  -  MemoryUsage of job (MB)
	1760360  -  ResidentSetSize of job (KB)
...
006 (3314656.003.000) 01/11 21:34:22 Image size of job updated: 4087220
	2177  -  MemoryUsage of job (MB)
	2229180  -  ResidentSetSize of job (KB)
...
006 (3314656.003.000) 01/11 21:39:23 Image size of job updated: 4087220
	2177  -  MemoryUsage of job (MB)
	2229184  -  ResidentSetSize of job (KB)
...
006 (3314656.003.000) 01/11 21:54:24 Image size of job updated: 4573256
	2576  -  MemoryUsage of job (MB)
	2637248  -  ResidentSetSize of job (KB)
...
006 (3314656.003.000) 01/11 22:29:27 Image size of job updated: 5182112
	2997  -  MemoryUsage of job (MB)
	3068528  -  ResidentSetSize of job (KB)
...
006 (3314656.003.000) 01/11 22:49:29 Image size of job updated: 5182112
	2997  -  MemoryUsage of job (MB)
	3068532  -  ResidentSetSize of job (KB)
...
006 (3314656.003.000) 01/11 22:59:30 Image size of job updated: 5182112
	3826  -  MemoryUsage of job (MB)
	3917556  -  ResidentSetSize of job (KB)
...
006 (3314656.003.000) 01/11 23:04:30 Image size of job updated: 5824804
	3826  -  MemoryUsage of job (MB)
	3917556  -  ResidentSetSize of job (KB)
...
006 (3314656.003.000) 01/11 23:34:33 Image size of job updated: 5992740
	4388  -  MemoryUsage of job (MB)
	4492532  -  ResidentSetSize of job (KB)
...
006 (3314656.003.000) 01/11 23:39:33 Image size of job updated: 6409488
	4388  -  MemoryUsage of job (MB)
	4492532  -  ResidentSetSize of job (KB)
...
040 (3314656.003.000) 01/12 00:06:01 Entered queue to transfer output files
...
040 (3314656.003.000) 01/12 00:06:16 Started transferring output files
...
040 (3314656.003.000) 01/12 00:06:16 Finished transferring output files
...
005 (3314656.003.000) 01/12 00:06:16 Job terminated.
	(1) Normal termination (return value 0)
		Usr 0 00:26:30, Sys 0 00:01:12  -  Run Remote Usage
		Usr 0 00:00:00, Sys 0 00:00:00  -  Run Local Usage
		Usr 0 00:26:30, Sys 0 00:01:12  -  Total Remote Usage
		Usr 0 00:00:00, Sys 0 00:00:00  -  Total Local Usage
	21931  -  Run Bytes Sent By Job
	10522  -  Run Bytes Received By Job
	21931  -  Total Bytes Sent By Job
	10522  -  Total Bytes Received By Job
	Partitionable Resources :    Usage  Request Allocated 
	   Cpus                 :     0.02        4         4 
	   Disk (KB)            :    55           1   1345382 
	   Memory (MB)          :  4388        8000      8000 

	Job terminated of its own accord at 2022-01-11T23:05:55Z.
...
