000 (3322137.006.000) 01/17 17:43:18 Job submitted from host: <188.185.70.244:9618?addrs=188.185.70.244-9618+[2001-1458-d00-7--100-2ee]-9618&alias=bigbird10.cern.ch&noUDP&sock=schedd_7001_aea1>
...
040 (3322137.006.000) 01/17 18:08:00 Started transferring input files
	Transferring to host: <128.142.60.113:9618?addrs=128.142.60.113-9618+[2001-1458-301-22--100-70]-9618&alias=b7s05p4025.cern.ch&noUDP&sock=slot1_5_6118_6f32_37214>
...
040 (3322137.006.000) 01/17 18:08:00 Finished transferring input files
...
001 (3322137.006.000) 01/17 18:08:01 Job executing on host: <128.142.60.113:9618?addrs=128.142.60.113-9618+[2001-1458-301-22--100-70]-9618&alias=b7s05p4025.cern.ch&noUDP&sock=startd_6071_c78e>
...
006 (3322137.006.000) 01/17 18:08:10 Image size of job updated: 315092
	151  -  MemoryUsage of job (MB)
	154536  -  ResidentSetSize of job (KB)
...
006 (3322137.006.000) 01/17 18:13:11 Image size of job updated: 1763096
	301  -  MemoryUsage of job (MB)
	307628  -  ResidentSetSize of job (KB)
...
006 (3322137.006.000) 01/17 18:15:33 Image size of job updated: 1763556
	301  -  MemoryUsage of job (MB)
	307628  -  ResidentSetSize of job (KB)
...
040 (3322137.006.000) 01/17 18:15:34 Started transferring output files
...
040 (3322137.006.000) 01/17 18:15:34 Finished transferring output files
...
005 (3322137.006.000) 01/17 18:15:34 Job terminated.
	(1) Normal termination (return value 0)
		Usr 0 00:00:26, Sys 0 00:00:03  -  Run Remote Usage
		Usr 0 00:00:00, Sys 0 00:00:00  -  Run Local Usage
		Usr 0 00:00:26, Sys 0 00:00:03  -  Total Remote Usage
		Usr 0 00:00:00, Sys 0 00:00:00  -  Total Local Usage
	1306  -  Run Bytes Sent By Job
	10526  -  Run Bytes Received By Job
	1306  -  Total Bytes Sent By Job
	10526  -  Total Bytes Received By Job
	Partitionable Resources :    Usage  Request Allocated 
	   Cpus                 :                 4         4 
	   Disk (KB)            :       28        1   1360768 
	   Memory (MB)          :      301     8000      8000 

	Job terminated of its own accord at 2022-01-17T17:15:33Z.
...
