000 (3273634.000.000) 12/17 12:21:39 Job submitted from host: <188.185.70.244:9618?addrs=188.185.70.244-9618+[2001-1458-d00-7--100-2ee]-9618&alias=bigbird10.cern.ch&noUDP&sock=schedd_2095_9300>
...
040 (3273634.000.000) 12/17 12:32:09 Started transferring input files
	Transferring to host: <188.184.162.52:9618?addrs=188.184.162.52-9618+[2001-1458-301-4a--100-2e]-9618&alias=b7s11p9755.cern.ch&noUDP&sock=slot1_10_3900_a718_910>
...
040 (3273634.000.000) 12/17 12:32:09 Finished transferring input files
...
001 (3273634.000.000) 12/17 12:32:10 Job executing on host: <188.184.162.52:9618?addrs=188.184.162.52-9618+[2001-1458-301-4a--100-2e]-9618&alias=b7s11p9755.cern.ch&noUDP&sock=startd_3091_bf54>
...
006 (3273634.000.000) 12/17 12:32:19 Image size of job updated: 460112
	155  -  MemoryUsage of job (MB)
	157804  -  ResidentSetSize of job (KB)
...
006 (3273634.000.000) 12/17 12:37:20 Image size of job updated: 2593404
	1090  -  MemoryUsage of job (MB)
	1116104  -  ResidentSetSize of job (KB)
...
006 (3273634.000.000) 12/17 12:42:20 Image size of job updated: 2609788
	1106  -  MemoryUsage of job (MB)
	1132488  -  ResidentSetSize of job (KB)
...
006 (3273634.000.000) 12/17 12:47:20 Image size of job updated: 2917680
	1106  -  MemoryUsage of job (MB)
	1132488  -  ResidentSetSize of job (KB)
...
040 (3273634.000.000) 12/17 13:05:18 Started transferring output files
...
040 (3273634.000.000) 12/17 13:05:18 Finished transferring output files
...
005 (3273634.000.000) 12/17 13:05:18 Job terminated.
	(1) Normal termination (return value 1)
		Usr 0 00:14:57, Sys 0 00:00:10  -  Run Remote Usage
		Usr 0 00:00:00, Sys 0 00:00:00  -  Run Local Usage
		Usr 0 00:14:57, Sys 0 00:00:10  -  Total Remote Usage
		Usr 0 00:00:00, Sys 0 00:00:00  -  Total Local Usage
	39302  -  Run Bytes Sent By Job
	11180  -  Run Bytes Received By Job
	39302  -  Total Bytes Sent By Job
	11180  -  Total Bytes Received By Job
	Partitionable Resources :    Usage  Request Allocated 
	   Cpus                 :     0.02        4         4 
	   Disk (KB)            :    73           1   2937070 
	   Memory (MB)          :  1106        8000      8000 

	Job terminated of its own accord at 2021-12-17T12:05:18Z.
...
