000 (3322137.018.000) 01/17 17:43:18 Job submitted from host: <188.185.70.244:9618?addrs=188.185.70.244-9618+[2001-1458-d00-7--100-2ee]-9618&alias=bigbird10.cern.ch&noUDP&sock=schedd_7001_aea1>
...
040 (3322137.018.000) 01/17 18:07:58 Started transferring input files
	Transferring to host: <128.142.63.11:9618?addrs=128.142.63.11-9618+[2001-1458-301-38--100-8]-9618&alias=b7s08p7663.cern.ch&noUDP&sock=slot1_19_3587_1dab_35854>
...
040 (3322137.018.000) 01/17 18:07:58 Finished transferring input files
...
001 (3322137.018.000) 01/17 18:07:59 Job executing on host: <128.142.63.11:9618?addrs=128.142.63.11-9618+[2001-1458-301-38--100-8]-9618&alias=b7s08p7663.cern.ch&noUDP&sock=startd_2916_b641>
...
006 (3322137.018.000) 01/17 18:08:08 Image size of job updated: 381120
	273  -  MemoryUsage of job (MB)
	279192  -  ResidentSetSize of job (KB)
...
006 (3322137.018.000) 01/17 18:09:35 Image size of job updated: 1749580
	273  -  MemoryUsage of job (MB)
	279208  -  ResidentSetSize of job (KB)
...
040 (3322137.018.000) 01/17 18:09:35 Started transferring output files
...
040 (3322137.018.000) 01/17 18:09:35 Finished transferring output files
...
005 (3322137.018.000) 01/17 18:09:35 Job terminated.
	(1) Normal termination (return value 0)
		Usr 0 00:00:19, Sys 0 00:00:02  -  Run Remote Usage
		Usr 0 00:00:00, Sys 0 00:00:00  -  Run Local Usage
		Usr 0 00:00:19, Sys 0 00:00:02  -  Total Remote Usage
		Usr 0 00:00:00, Sys 0 00:00:00  -  Total Local Usage
	1306  -  Run Bytes Sent By Job
	10526  -  Run Bytes Received By Job
	1306  -  Total Bytes Sent By Job
	10526  -  Total Bytes Received By Job
	Partitionable Resources :    Usage  Request Allocated 
	   Cpus                 :     0.17        4         4 
	   Disk (KB)            :    35           1   1299156 
	   Memory (MB)          :   273        8000      8000 

	Job terminated of its own accord at 2022-01-17T17:09:35Z.
...
