000 (3322137.011.000) 01/17 17:43:18 Job submitted from host: <188.185.70.244:9618?addrs=188.185.70.244-9618+[2001-1458-d00-7--100-2ee]-9618&alias=bigbird10.cern.ch&noUDP&sock=schedd_7001_aea1>
...
040 (3322137.011.000) 01/17 18:07:55 Started transferring input files
	Transferring to host: <128.142.56.52:9618?addrs=128.142.56.52-9618+[2001-1458-301-6--100-33]-9618&alias=b7s01p0520.cern.ch&noUDP&sock=slot1_8_3580_2f0b_36432>
...
040 (3322137.011.000) 01/17 18:07:55 Finished transferring input files
...
001 (3322137.011.000) 01/17 18:07:56 Job executing on host: <128.142.56.52:9618?addrs=128.142.56.52-9618+[2001-1458-301-6--100-33]-9618&alias=b7s01p0520.cern.ch&noUDP&sock=startd_2878_a5a7>
...
006 (3322137.011.000) 01/17 18:08:04 Image size of job updated: 304704
	155  -  MemoryUsage of job (MB)
	157872  -  ResidentSetSize of job (KB)
...
006 (3322137.011.000) 01/17 18:13:04 Image size of job updated: 1730232
	269  -  MemoryUsage of job (MB)
	275136  -  ResidentSetSize of job (KB)
...
040 (3322137.011.000) 01/17 18:15:00 Started transferring output files
...
040 (3322137.011.000) 01/17 18:15:00 Finished transferring output files
...
005 (3322137.011.000) 01/17 18:15:00 Job terminated.
	(1) Normal termination (return value 0)
		Usr 0 00:00:25, Sys 0 00:00:03  -  Run Remote Usage
		Usr 0 00:00:00, Sys 0 00:00:00  -  Run Local Usage
		Usr 0 00:00:25, Sys 0 00:00:03  -  Total Remote Usage
		Usr 0 00:00:00, Sys 0 00:00:00  -  Total Local Usage
	1306  -  Run Bytes Sent By Job
	10526  -  Run Bytes Received By Job
	1306  -  Total Bytes Sent By Job
	10526  -  Total Bytes Received By Job
	Partitionable Resources :    Usage  Request Allocated 
	   Cpus                 :     0.06        4         4 
	   Disk (KB)            :    35           1   1302031 
	   Memory (MB)          :   269        8000      8000 

	Job terminated of its own accord at 2022-01-17T17:15:00Z.
...
