000 (3314656.000.000) 01/11 16:27:26 Job submitted from host: <188.185.70.244:9618?addrs=188.185.70.244-9618+[2001-1458-d00-7--100-2ee]-9618&alias=bigbird10.cern.ch&noUDP&sock=schedd_7001_aea1>
...
022 (3314656.000.000) 01/11 18:03:48 Job disconnected, attempting to reconnect
    Socket between submit and execute hosts closed unexpectedly
    Trying to reconnect to slot1_4@b7s09p8953.cern.ch <188.184.160.60:9618?addrs=188.184.160.60-9618+[2001-1458-301-48--100-36]-9618&alias=b7s09p8953.cern.ch&noUDP&sock=startd_3093_1e84>
...
024 (3314656.000.000) 01/11 18:03:48 Job reconnection failed
    Job not found at execution machine
    Can not reconnect to slot1_4@b7s09p8953.cern.ch, rescheduling job
...
040 (3314656.000.000) 01/11 18:08:45 Started transferring input files
	Transferring to host: <128.142.60.119:9618?addrs=128.142.60.119-9618+[2001-1458-301-22--100-76]-9618&alias=b7s05p3845.cern.ch&noUDP&sock=slot1_12_3180_58fa_28859>
...
040 (3314656.000.000) 01/11 18:08:45 Finished transferring input files
...
001 (3314656.000.000) 01/11 18:08:46 Job executing on host: <128.142.60.119:9618?addrs=128.142.60.119-9618+[2001-1458-301-22--100-76]-9618&alias=b7s05p3845.cern.ch&noUDP&sock=startd_2812_6067>
...
006 (3314656.000.000) 01/11 18:08:54 Image size of job updated: 1256188
	195  -  MemoryUsage of job (MB)
	199332  -  ResidentSetSize of job (KB)
...
006 (3314656.000.000) 01/11 18:13:54 Image size of job updated: 2265356
	739  -  MemoryUsage of job (MB)
	756296  -  ResidentSetSize of job (KB)
...
006 (3314656.000.000) 01/11 18:38:57 Image size of job updated: 2937772
	1042  -  MemoryUsage of job (MB)
	1066836  -  ResidentSetSize of job (KB)
...
006 (3314656.000.000) 01/11 18:58:59 Image size of job updated: 3200088
	1343  -  MemoryUsage of job (MB)
	1374396  -  ResidentSetSize of job (KB)
...
006 (3314656.000.000) 01/11 19:03:59 Image size of job updated: 3200088
	1343  -  MemoryUsage of job (MB)
	1374400  -  ResidentSetSize of job (KB)
...
006 (3314656.000.000) 01/11 19:19:01 Image size of job updated: 3200088
	1343  -  MemoryUsage of job (MB)
	1374404  -  ResidentSetSize of job (KB)
...
006 (3314656.000.000) 01/11 19:39:03 Image size of job updated: 3666932
	1766  -  MemoryUsage of job (MB)
	1808108  -  ResidentSetSize of job (KB)
...
006 (3314656.000.000) 01/11 19:49:04 Image size of job updated: 3666932
	1766  -  MemoryUsage of job (MB)
	1808112  -  ResidentSetSize of job (KB)
...
006 (3314656.000.000) 01/11 20:14:07 Image size of job updated: 4125064
	2205  -  MemoryUsage of job (MB)
	2257912  -  ResidentSetSize of job (KB)
...
006 (3314656.000.000) 01/11 21:09:13 Image size of job updated: 4125064
	2209  -  MemoryUsage of job (MB)
	2261632  -  ResidentSetSize of job (KB)
...
006 (3314656.000.000) 01/11 21:14:13 Image size of job updated: 4604280
	2610  -  MemoryUsage of job (MB)
	2672488  -  ResidentSetSize of job (KB)
...
006 (3314656.000.000) 01/11 21:29:15 Image size of job updated: 4604280
	2610  -  MemoryUsage of job (MB)
	2672492  -  ResidentSetSize of job (KB)
...
006 (3314656.000.000) 01/11 21:34:15 Image size of job updated: 4604280
	2611  -  MemoryUsage of job (MB)
	2673316  -  ResidentSetSize of job (KB)
...
006 (3314656.000.000) 01/11 21:39:16 Image size of job updated: 5144968
	3059  -  MemoryUsage of job (MB)
	3131516  -  ResidentSetSize of job (KB)
...
006 (3314656.000.000) 01/11 21:54:18 Image size of job updated: 5144968
	3059  -  MemoryUsage of job (MB)
	3131976  -  ResidentSetSize of job (KB)
...
006 (3314656.000.000) 01/11 21:59:19 Image size of job updated: 5736052
	3545  -  MemoryUsage of job (MB)
	3629956  -  ResidentSetSize of job (KB)
...
006 (3314656.000.000) 01/11 22:19:21 Image size of job updated: 5736052
	3552  -  MemoryUsage of job (MB)
	3636280  -  ResidentSetSize of job (KB)
...
006 (3314656.000.000) 01/11 22:24:21 Image size of job updated: 6271676
	4034  -  MemoryUsage of job (MB)
	4129992  -  ResidentSetSize of job (KB)
...
040 (3314656.000.000) 01/11 22:42:53 Started transferring output files
...
040 (3314656.000.000) 01/11 22:42:53 Finished transferring output files
...
005 (3314656.000.000) 01/11 22:42:53 Job terminated.
	(1) Normal termination (return value 0)
		Usr 0 00:25:44, Sys 0 00:01:16  -  Run Remote Usage
		Usr 0 00:00:00, Sys 0 00:00:00  -  Run Local Usage
		Usr 0 00:25:44, Sys 0 00:01:16  -  Total Remote Usage
		Usr 0 00:00:00, Sys 0 00:00:00  -  Total Local Usage
	20236  -  Run Bytes Sent By Job
	10522  -  Run Bytes Received By Job
	20236  -  Total Bytes Sent By Job
	10522  -  Total Bytes Received By Job
	Partitionable Resources :    Usage  Request Allocated 
	   Cpus                 :     0.04        4         4 
	   Disk (KB)            :    54           1   1276239 
	   Memory (MB)          :  4034        8000      8000 

	Job terminated of its own accord at 2022-01-11T21:42:49Z.
...
