000 (3317653.000.000) 01/14 10:41:28 Job submitted from host: <188.185.70.244:9618?addrs=188.185.70.244-9618+[2001-1458-d00-7--100-2ee]-9618&alias=bigbird10.cern.ch&noUDP&sock=schedd_7001_aea1>
...
040 (3317653.000.000) 01/14 16:22:06 Started transferring input files
	Transferring to host: <128.142.131.176:9618?addrs=128.142.131.176-9618+[2001-1458-301-59--100-a4]-9618&alias=b7g11p3221.cern.ch&noUDP&sock=slot1_1_38341_73f0_75672>
...
040 (3317653.000.000) 01/14 16:22:06 Finished transferring input files
...
001 (3317653.000.000) 01/14 16:22:07 Job executing on host: <128.142.131.176:9618?addrs=128.142.131.176-9618+[2001-1458-301-59--100-a4]-9618&alias=b7g11p3221.cern.ch&noUDP&sock=startd_8069_3dc7>
...
006 (3317653.000.000) 01/14 16:22:16 Image size of job updated: 449436
	155  -  MemoryUsage of job (MB)
	157808  -  ResidentSetSize of job (KB)
...
006 (3317653.000.000) 01/14 16:27:17 Image size of job updated: 2312104
	634  -  MemoryUsage of job (MB)
	648200  -  ResidentSetSize of job (KB)
...
006 (3317653.000.000) 01/14 16:32:17 Image size of job updated: 2312104
	985  -  MemoryUsage of job (MB)
	1008564  -  ResidentSetSize of job (KB)
...
006 (3317653.000.000) 01/14 16:37:17 Image size of job updated: 2687152
	986  -  MemoryUsage of job (MB)
	1008780  -  ResidentSetSize of job (KB)
...
006 (3317653.000.000) 01/14 17:07:21 Image size of job updated: 3046652
	1268  -  MemoryUsage of job (MB)
	1297592  -  ResidentSetSize of job (KB)
...
006 (3317653.000.000) 01/14 17:42:23 Image size of job updated: 3397644
	1535  -  MemoryUsage of job (MB)
	1571048  -  ResidentSetSize of job (KB)
...
006 (3317653.000.000) 01/14 17:52:25 Image size of job updated: 3397644
	1535  -  MemoryUsage of job (MB)
	1571052  -  ResidentSetSize of job (KB)
...
006 (3317653.000.000) 01/14 18:17:28 Image size of job updated: 3857080
	1945  -  MemoryUsage of job (MB)
	1991596  -  ResidentSetSize of job (KB)
...
006 (3317653.000.000) 01/14 18:42:30 Image size of job updated: 3857080
	1946  -  MemoryUsage of job (MB)
	1991736  -  ResidentSetSize of job (KB)
...
006 (3317653.000.000) 01/14 18:47:30 Image size of job updated: 4273200
	2578  -  MemoryUsage of job (MB)
	2639128  -  ResidentSetSize of job (KB)
...
006 (3317653.000.000) 01/14 18:52:31 Image size of job updated: 4273200
	2578  -  MemoryUsage of job (MB)
	2639132  -  ResidentSetSize of job (KB)
...
006 (3317653.000.000) 01/14 19:12:34 Image size of job updated: 4273200
	2581  -  MemoryUsage of job (MB)
	2642716  -  ResidentSetSize of job (KB)
...
006 (3317653.000.000) 01/14 19:17:34 Image size of job updated: 4805392
	2817  -  MemoryUsage of job (MB)
	2884468  -  ResidentSetSize of job (KB)
...
006 (3317653.000.000) 01/14 19:42:36 Image size of job updated: 5439944
	3238  -  MemoryUsage of job (MB)
	3314796  -  ResidentSetSize of job (KB)
...
006 (3317653.000.000) 01/14 19:57:37 Image size of job updated: 5439944
	3239  -  MemoryUsage of job (MB)
	3315784  -  ResidentSetSize of job (KB)
...
006 (3317653.000.000) 01/14 20:02:38 Image size of job updated: 6045624
	4451  -  MemoryUsage of job (MB)
	4557248  -  ResidentSetSize of job (KB)
...
040 (3317653.000.000) 01/14 20:16:54 Started transferring output files
...
040 (3317653.000.000) 01/14 20:16:54 Finished transferring output files
...
005 (3317653.000.000) 01/14 20:16:54 Job terminated.
	(1) Normal termination (return value 0)
		Usr 0 00:34:03, Sys 0 00:00:48  -  Run Remote Usage
		Usr 0 00:00:00, Sys 0 00:00:00  -  Run Local Usage
		Usr 0 00:34:03, Sys 0 00:00:48  -  Total Remote Usage
		Usr 0 00:00:00, Sys 0 00:00:00  -  Total Local Usage
	2068  -  Run Bytes Sent By Job
	10522  -  Run Bytes Received By Job
	2068  -  Total Bytes Sent By Job
	10522  -  Total Bytes Received By Job
	Partitionable Resources :    Usage  Request Allocated 
	   Cpus                 :     0.01        4         4 
	   Disk (KB)            :    36           1   1304272 
	   Memory (MB)          :  4451        8000      8000 

	Job terminated of its own accord at 2022-01-14T19:16:54Z.
...
