000 (3322137.010.000) 01/17 17:43:18 Job submitted from host: <188.185.70.244:9618?addrs=188.185.70.244-9618+[2001-1458-d00-7--100-2ee]-9618&alias=bigbird10.cern.ch&noUDP&sock=schedd_7001_aea1>
...
040 (3322137.010.000) 01/17 18:07:55 Started transferring input files
	Transferring to host: <128.142.60.120:9618?addrs=128.142.60.120-9618+[2001-1458-301-22--100-77]-9618&alias=b7s05p5970.cern.ch&noUDP&sock=slot1_3_4915_cfe1_35972>
...
040 (3322137.010.000) 01/17 18:07:55 Finished transferring input files
...
001 (3322137.010.000) 01/17 18:07:56 Job executing on host: <128.142.60.120:9618?addrs=128.142.60.120-9618+[2001-1458-301-22--100-77]-9618&alias=b7s05p5970.cern.ch&noUDP&sock=startd_4564_1a54>
...
006 (3322137.010.000) 01/17 18:08:04 Image size of job updated: 361816
	274  -  MemoryUsage of job (MB)
	279848  -  ResidentSetSize of job (KB)
...
006 (3322137.010.000) 01/17 18:13:04 Image size of job updated: 1764516
	303  -  MemoryUsage of job (MB)
	309880  -  ResidentSetSize of job (KB)
...
040 (3322137.010.000) 01/17 18:15:29 Started transferring output files
...
040 (3322137.010.000) 01/17 18:15:29 Finished transferring output files
...
005 (3322137.010.000) 01/17 18:15:29 Job terminated.
	(1) Normal termination (return value 0)
		Usr 0 00:00:22, Sys 0 00:00:03  -  Run Remote Usage
		Usr 0 00:00:00, Sys 0 00:00:00  -  Run Local Usage
		Usr 0 00:00:22, Sys 0 00:00:03  -  Total Remote Usage
		Usr 0 00:00:00, Sys 0 00:00:00  -  Total Local Usage
	1306  -  Run Bytes Sent By Job
	10526  -  Run Bytes Received By Job
	1306  -  Total Bytes Sent By Job
	10526  -  Total Bytes Received By Job
	Partitionable Resources :    Usage  Request Allocated 
	   Cpus                 :     0.14        4         4 
	   Disk (KB)            :    35           1   1324549 
	   Memory (MB)          :   303        8000      8000 

	Job terminated of its own accord at 2022-01-17T17:15:29Z.
...
