000 (3314656.008.000) 01/11 16:27:26 Job submitted from host: <188.185.70.244:9618?addrs=188.185.70.244-9618+[2001-1458-d00-7--100-2ee]-9618&alias=bigbird10.cern.ch&noUDP&sock=schedd_7001_aea1>
...
040 (3314656.008.000) 01/11 19:36:40 Started transferring input files
	Transferring to host: <128.142.57.101:9618?addrs=128.142.57.101-9618+[2001-1458-301-7--100-64]-9618&alias=b7s02p4000.cern.ch&noUDP&sock=slot1_16_3849_b7f6_28150>
...
040 (3314656.008.000) 01/11 19:36:40 Finished transferring input files
...
001 (3314656.008.000) 01/11 19:36:41 Job executing on host: <128.142.57.101:9618?addrs=128.142.57.101-9618+[2001-1458-301-7--100-64]-9618&alias=b7s02p4000.cern.ch&noUDP&sock=startd_3271_3660>
...
006 (3314656.008.000) 01/11 19:36:49 Image size of job updated: 744464
	155  -  MemoryUsage of job (MB)
	157788  -  ResidentSetSize of job (KB)
...
006 (3314656.008.000) 01/11 19:41:49 Image size of job updated: 1756636
	295  -  MemoryUsage of job (MB)
	301252  -  ResidentSetSize of job (KB)
...
006 (3314656.008.000) 01/11 19:46:49 Image size of job updated: 1756636
	295  -  MemoryUsage of job (MB)
	301260  -  ResidentSetSize of job (KB)
...
006 (3314656.008.000) 01/11 19:56:50 Image size of job updated: 1756636
	295  -  MemoryUsage of job (MB)
	301272  -  ResidentSetSize of job (KB)
...
006 (3314656.008.000) 01/11 20:06:52 Image size of job updated: 2481752
	725  -  MemoryUsage of job (MB)
	741956  -  ResidentSetSize of job (KB)
...
006 (3314656.008.000) 01/11 20:31:54 Image size of job updated: 2481752
	725  -  MemoryUsage of job (MB)
	741960  -  ResidentSetSize of job (KB)
...
006 (3314656.008.000) 01/11 21:01:58 Image size of job updated: 2481752
	725  -  MemoryUsage of job (MB)
	741968  -  ResidentSetSize of job (KB)
...
006 (3314656.008.000) 01/11 21:06:58 Image size of job updated: 2648524
	1057  -  MemoryUsage of job (MB)
	1081656  -  ResidentSetSize of job (KB)
...
006 (3314656.008.000) 01/11 21:16:59 Image size of job updated: 2648524
	1057  -  MemoryUsage of job (MB)
	1081660  -  ResidentSetSize of job (KB)
...
006 (3314656.008.000) 01/11 21:21:59 Image size of job updated: 2648524
	1057  -  MemoryUsage of job (MB)
	1081664  -  ResidentSetSize of job (KB)
...
006 (3314656.008.000) 01/11 21:37:01 Image size of job updated: 3235256
	1357  -  MemoryUsage of job (MB)
	1389144  -  ResidentSetSize of job (KB)
...
006 (3314656.008.000) 01/11 21:42:02 Image size of job updated: 3235256
	1357  -  MemoryUsage of job (MB)
	1389148  -  ResidentSetSize of job (KB)
...
006 (3314656.008.000) 01/11 21:47:03 Image size of job updated: 3235256
	1357  -  MemoryUsage of job (MB)
	1389152  -  ResidentSetSize of job (KB)
...
006 (3314656.008.000) 01/11 21:52:03 Image size of job updated: 3235256
	1357  -  MemoryUsage of job (MB)
	1389156  -  ResidentSetSize of job (KB)
...
006 (3314656.008.000) 01/11 21:57:04 Image size of job updated: 3235256
	1358  -  MemoryUsage of job (MB)
	1389596  -  ResidentSetSize of job (KB)
...
006 (3314656.008.000) 01/11 22:02:05 Image size of job updated: 3704348
	1798  -  MemoryUsage of job (MB)
	1841056  -  ResidentSetSize of job (KB)
...
006 (3314656.008.000) 01/11 22:17:06 Image size of job updated: 3704348
	1798  -  MemoryUsage of job (MB)
	1841060  -  ResidentSetSize of job (KB)
...
006 (3314656.008.000) 01/11 22:27:06 Image size of job updated: 3704348
	1802  -  MemoryUsage of job (MB)
	1844712  -  ResidentSetSize of job (KB)
...
006 (3314656.008.000) 01/11 22:32:08 Image size of job updated: 4128948
	2438  -  MemoryUsage of job (MB)
	2496508  -  ResidentSetSize of job (KB)
...
006 (3314656.008.000) 01/11 22:57:10 Image size of job updated: 4272064
	2766  -  MemoryUsage of job (MB)
	2832264  -  ResidentSetSize of job (KB)
...
006 (3314656.008.000) 01/11 23:02:11 Image size of job updated: 4635752
	2766  -  MemoryUsage of job (MB)
	2832264  -  ResidentSetSize of job (KB)
...
006 (3314656.008.000) 01/11 23:32:13 Image size of job updated: 5187212
	3077  -  MemoryUsage of job (MB)
	3150280  -  ResidentSetSize of job (KB)
...
006 (3314656.008.000) 01/11 23:57:17 Image size of job updated: 5187212
	3077  -  MemoryUsage of job (MB)
	3150596  -  ResidentSetSize of job (KB)
...
006 (3314656.008.000) 01/12 00:02:17 Image size of job updated: 5787464
	3562  -  MemoryUsage of job (MB)
	3646628  -  ResidentSetSize of job (KB)
...
006 (3314656.008.000) 01/12 00:17:19 Image size of job updated: 5787464
	3562  -  MemoryUsage of job (MB)
	3646632  -  ResidentSetSize of job (KB)
...
006 (3314656.008.000) 01/12 00:32:21 Image size of job updated: 6355340
	4738  -  MemoryUsage of job (MB)
	4851624  -  ResidentSetSize of job (KB)
...
040 (3314656.008.000) 01/12 00:58:29 Started transferring output files
...
040 (3314656.008.000) 01/12 00:58:29 Finished transferring output files
...
005 (3314656.008.000) 01/12 00:58:29 Job terminated.
	(1) Normal termination (return value 0)
		Usr 0 00:30:36, Sys 0 00:00:42  -  Run Remote Usage
		Usr 0 00:00:00, Sys 0 00:00:00  -  Run Local Usage
		Usr 0 00:30:36, Sys 0 00:00:42  -  Total Remote Usage
		Usr 0 00:00:00, Sys 0 00:00:00  -  Total Local Usage
	20893  -  Run Bytes Sent By Job
	10522  -  Run Bytes Received By Job
	20893  -  Total Bytes Sent By Job
	10522  -  Total Bytes Received By Job
	Partitionable Resources :    Usage  Request Allocated 
	   Cpus                 :     0.02        4         4 
	   Disk (KB)            :    55           1   1367715 
	   Memory (MB)          :  4738        8000      8000 

	Job terminated of its own accord at 2022-01-11T23:58:29Z.
...
