000 (3335430.010.000) 01/18 23:49:58 Job submitted from host: <188.185.70.244:9618?addrs=188.185.70.244-9618+[2001-1458-d00-7--100-2ee]-9618&alias=bigbird10.cern.ch&noUDP&sock=schedd_7001_aea1>
...
040 (3335430.010.000) 01/19 02:16:26 Started transferring input files
	Transferring to host: <128.142.56.86:9618?addrs=128.142.56.86-9618+[2001-1458-301-6--100-55]-9618&alias=b7s01p8345.cern.ch&noUDP&sock=slot1_35_3590_3acb_33714>
...
040 (3335430.010.000) 01/19 02:16:26 Finished transferring input files
...
001 (3335430.010.000) 01/19 02:16:27 Job executing on host: <128.142.56.86:9618?addrs=128.142.56.86-9618+[2001-1458-301-6--100-55]-9618&alias=b7s01p8345.cern.ch&noUDP&sock=startd_2925_e29b>
...
006 (3335430.010.000) 01/19 02:16:36 Image size of job updated: 215980
	102  -  MemoryUsage of job (MB)
	103472  -  ResidentSetSize of job (KB)
...
006 (3335430.010.000) 01/19 02:21:37 Image size of job updated: 1750524
	289  -  MemoryUsage of job (MB)
	295936  -  ResidentSetSize of job (KB)
...
006 (3335430.010.000) 01/19 02:26:38 Image size of job updated: 2666164
	809  -  MemoryUsage of job (MB)
	827600  -  ResidentSetSize of job (KB)
...
006 (3335430.010.000) 01/19 02:51:41 Image size of job updated: 3103156
	1153  -  MemoryUsage of job (MB)
	1180208  -  ResidentSetSize of job (KB)
...
006 (3335430.010.000) 01/19 03:11:43 Image size of job updated: 3103156
	1153  -  MemoryUsage of job (MB)
	1180252  -  ResidentSetSize of job (KB)
...
006 (3335430.010.000) 01/19 03:16:44 Image size of job updated: 3103156
	1230  -  MemoryUsage of job (MB)
	1258740  -  ResidentSetSize of job (KB)
...
006 (3335430.010.000) 01/19 03:21:44 Image size of job updated: 3489224
	1586  -  MemoryUsage of job (MB)
	1623516  -  ResidentSetSize of job (KB)
...
006 (3335430.010.000) 01/19 03:46:47 Image size of job updated: 3900620
	2001  -  MemoryUsage of job (MB)
	2048408  -  ResidentSetSize of job (KB)
...
006 (3335430.010.000) 01/19 04:11:50 Image size of job updated: 4356232
	2370  -  MemoryUsage of job (MB)
	2426276  -  ResidentSetSize of job (KB)
...
006 (3335430.010.000) 01/19 04:31:51 Image size of job updated: 4356232
	2370  -  MemoryUsage of job (MB)
	2426280  -  ResidentSetSize of job (KB)
...
006 (3335430.010.000) 01/19 04:36:52 Image size of job updated: 4356232
	2372  -  MemoryUsage of job (MB)
	2428676  -  ResidentSetSize of job (KB)
...
006 (3335430.010.000) 01/19 04:41:53 Image size of job updated: 4801692
	2788  -  MemoryUsage of job (MB)
	2854624  -  ResidentSetSize of job (KB)
...
006 (3335430.010.000) 01/19 05:06:55 Image size of job updated: 5317768
	3197  -  MemoryUsage of job (MB)
	3273368  -  ResidentSetSize of job (KB)
...
006 (3335430.010.000) 01/19 05:31:58 Image size of job updated: 5317768
	3199  -  MemoryUsage of job (MB)
	3275428  -  ResidentSetSize of job (KB)
...
006 (3335430.010.000) 01/19 05:36:58 Image size of job updated: 5792732
	3682  -  MemoryUsage of job (MB)
	3769840  -  ResidentSetSize of job (KB)
...
006 (3335430.010.000) 01/19 06:02:02 Image size of job updated: 5792732
	3683  -  MemoryUsage of job (MB)
	3771212  -  ResidentSetSize of job (KB)
...
006 (3335430.010.000) 01/19 06:07:02 Image size of job updated: 6296724
	4082  -  MemoryUsage of job (MB)
	4179328  -  ResidentSetSize of job (KB)
...
006 (3335430.010.000) 01/19 06:27:04 Image size of job updated: 6296724
	4082  -  MemoryUsage of job (MB)
	4179332  -  ResidentSetSize of job (KB)
...
040 (3335430.010.000) 01/19 06:28:27 Started transferring output files
...
040 (3335430.010.000) 01/19 06:28:27 Finished transferring output files
...
005 (3335430.010.000) 01/19 06:28:27 Job terminated.
	(1) Normal termination (return value 0)
		Usr 0 00:39:29, Sys 0 00:00:52  -  Run Remote Usage
		Usr 0 00:00:00, Sys 0 00:00:00  -  Run Local Usage
		Usr 0 00:39:29, Sys 0 00:00:52  -  Total Remote Usage
		Usr 0 00:00:00, Sys 0 00:00:00  -  Total Local Usage
	3928  -  Run Bytes Sent By Job
	11206  -  Run Bytes Received By Job
	3928  -  Total Bytes Sent By Job
	11206  -  Total Bytes Received By Job
	Partitionable Resources :    Usage  Request Allocated 
	   Cpus                 :     0.02        4         4 
	   Disk (KB)            :    36           1    856643 
	   Memory (MB)          :  4082        8000      8000 

	Job terminated of its own accord at 2022-01-19T05:28:27Z.
...
