000 (3274079.006.000) 12/17 17:40:34 Job submitted from host: <188.185.70.244:9618?addrs=188.185.70.244-9618+[2001-1458-d00-7--100-2ee]-9618&alias=bigbird10.cern.ch&noUDP&sock=schedd_2095_9300>
...
040 (3274079.006.000) 12/17 18:12:46 Started transferring input files
	Transferring to host: <188.184.164.25:9618?addrs=188.184.164.25-9618+[2001-1458-301-4e--100-13]-9618&alias=b7s13p6037.cern.ch&noUDP&sock=slot1_10_3899_f2b8_1190>
...
040 (3274079.006.000) 12/17 18:12:46 Finished transferring input files
...
001 (3274079.006.000) 12/17 18:12:47 Job executing on host: <188.184.164.25:9618?addrs=188.184.164.25-9618+[2001-1458-301-4e--100-13]-9618&alias=b7s13p6037.cern.ch&noUDP&sock=startd_3242_5221>
...
006 (3274079.006.000) 12/17 18:12:55 Image size of job updated: 253256
	187  -  MemoryUsage of job (MB)
	190956  -  ResidentSetSize of job (KB)
...
006 (3274079.006.000) 12/17 18:17:55 Image size of job updated: 2586864
	1082  -  MemoryUsage of job (MB)
	1107688  -  ResidentSetSize of job (KB)
...
006 (3274079.006.000) 12/17 18:27:56 Image size of job updated: 2911108
	1082  -  MemoryUsage of job (MB)
	1107688  -  ResidentSetSize of job (KB)
...
040 (3274079.006.000) 12/17 18:56:43 Started transferring output files
...
040 (3274079.006.000) 12/17 18:56:44 Finished transferring output files
...
005 (3274079.006.000) 12/17 18:56:44 Job terminated.
	(1) Normal termination (return value 0)
		Usr 0 00:16:18, Sys 0 00:00:10  -  Run Remote Usage
		Usr 0 00:00:00, Sys 0 00:00:00  -  Run Local Usage
		Usr 0 00:16:18, Sys 0 00:00:10  -  Total Remote Usage
		Usr 0 00:00:00, Sys 0 00:00:00  -  Total Local Usage
	11688333  -  Run Bytes Sent By Job
	11180  -  Run Bytes Received By Job
	11688333  -  Total Bytes Sent By Job
	11180  -  Total Bytes Received By Job
	Partitionable Resources :    Usage  Request Allocated 
	   Cpus                 :     0.10        4         4 
	   Disk (KB)            : 11450           1   3081077 
	   Memory (MB)          :  1082        8000      8000 

	Job terminated of its own accord at 2021-12-17T17:56:43Z.
...
