000 (3317657.000.000) 01/14 10:41:31 Job submitted from host: <188.185.70.244:9618?addrs=188.185.70.244-9618+[2001-1458-d00-7--100-2ee]-9618&alias=bigbird10.cern.ch&noUDP&sock=schedd_7001_aea1>
...
040 (3317657.000.000) 01/14 16:22:07 Started transferring input files
	Transferring to host: <128.142.193.150:9618?addrs=128.142.193.150-9618+[2001-1458-301-8--100-12]-9618&alias=b7g21p0249.cern.ch&noUDP&sock=slot1_1_12921_c367_81694>
...
040 (3317657.000.000) 01/14 16:22:07 Finished transferring input files
...
001 (3317657.000.000) 01/14 16:22:08 Job executing on host: <128.142.193.150:9618?addrs=128.142.193.150-9618+[2001-1458-301-8--100-12]-9618&alias=b7g21p0249.cern.ch&noUDP&sock=startd_3378_9b02>
...
006 (3317657.000.000) 01/14 16:22:17 Image size of job updated: 320124
	155  -  MemoryUsage of job (MB)
	157812  -  ResidentSetSize of job (KB)
...
006 (3317657.000.000) 01/14 16:27:18 Image size of job updated: 2305796
	620  -  MemoryUsage of job (MB)
	634072  -  ResidentSetSize of job (KB)
...
006 (3317657.000.000) 01/14 16:32:18 Image size of job updated: 2305796
	620  -  MemoryUsage of job (MB)
	634080  -  ResidentSetSize of job (KB)
...
006 (3317657.000.000) 01/14 16:37:19 Image size of job updated: 2737336
	978  -  MemoryUsage of job (MB)
	1000600  -  ResidentSetSize of job (KB)
...
006 (3317657.000.000) 01/14 17:02:22 Image size of job updated: 3091064
	1258  -  MemoryUsage of job (MB)
	1288080  -  ResidentSetSize of job (KB)
...
006 (3317657.000.000) 01/14 17:07:22 Image size of job updated: 3462244
	1939  -  MemoryUsage of job (MB)
	1984756  -  ResidentSetSize of job (KB)
...
006 (3317657.000.000) 01/14 17:27:24 Image size of job updated: 3642980
	2388  -  MemoryUsage of job (MB)
	2444388  -  ResidentSetSize of job (KB)
...
006 (3317657.000.000) 01/14 17:32:25 Image size of job updated: 3910500
	2388  -  MemoryUsage of job (MB)
	2444656  -  ResidentSetSize of job (KB)
...
006 (3317657.000.000) 01/14 17:37:25 Image size of job updated: 4326888
	2635  -  MemoryUsage of job (MB)
	2697268  -  ResidentSetSize of job (KB)
...
006 (3317657.000.000) 01/14 17:42:25 Image size of job updated: 5066400
	3329  -  MemoryUsage of job (MB)
	3408484  -  ResidentSetSize of job (KB)
...
006 (3317657.000.000) 01/14 17:52:27 Image size of job updated: 5637044
	3329  -  MemoryUsage of job (MB)
	3408484  -  ResidentSetSize of job (KB)
...
006 (3317657.000.000) 01/14 17:57:27 Image size of job updated: 5958768
	3782  -  MemoryUsage of job (MB)
	3871820  -  ResidentSetSize of job (KB)
...
040 (3317657.000.000) 01/14 17:57:40 Started transferring output files
...
040 (3317657.000.000) 01/14 17:57:40 Finished transferring output files
...
005 (3317657.000.000) 01/14 17:57:40 Job terminated.
	(1) Normal termination (return value 0)
		Usr 0 00:27:36, Sys 0 00:00:39  -  Run Remote Usage
		Usr 0 00:00:00, Sys 0 00:00:00  -  Run Local Usage
		Usr 0 00:27:36, Sys 0 00:00:39  -  Total Remote Usage
		Usr 0 00:00:00, Sys 0 00:00:00  -  Total Local Usage
	1981  -  Run Bytes Sent By Job
	10522  -  Run Bytes Received By Job
	1981  -  Total Bytes Sent By Job
	10522  -  Total Bytes Received By Job
	Partitionable Resources :    Usage  Request Allocated 
	   Cpus                 :     0.25        4         4 
	   Disk (KB)            :    36           1   1350837 
	   Memory (MB)          :  3782        8000      8000 

	Job terminated of its own accord at 2022-01-14T16:57:40Z.
...
