000 (3274079.020.000) 12/17 17:40:34 Job submitted from host: <188.185.70.244:9618?addrs=188.185.70.244-9618+[2001-1458-d00-7--100-2ee]-9618&alias=bigbird10.cern.ch&noUDP&sock=schedd_2095_9300>
...
040 (3274079.020.000) 12/17 18:28:41 Started transferring input files
	Transferring to host: <188.184.162.175:9618?addrs=188.184.162.175-9618+[2001-1458-301-4a--100-a9]-9618&alias=b7s11p8417.cern.ch&noUDP&sock=slot1_12_4567_9d53_1265>
...
040 (3274079.020.000) 12/17 18:28:41 Finished transferring input files
...
001 (3274079.020.000) 12/17 18:28:42 Job executing on host: <188.184.162.175:9618?addrs=188.184.162.175-9618+[2001-1458-301-4a--100-a9]-9618&alias=b7s11p8417.cern.ch&noUDP&sock=startd_4386_0279>
...
006 (3274079.020.000) 12/17 18:28:50 Image size of job updated: 316604
	195  -  MemoryUsage of job (MB)
	199220  -  ResidentSetSize of job (KB)
...
006 (3274079.020.000) 12/17 18:33:50 Image size of job updated: 2569484
	1065  -  MemoryUsage of job (MB)
	1090252  -  ResidentSetSize of job (KB)
...
006 (3274079.020.000) 12/17 18:43:52 Image size of job updated: 3113904
	1065  -  MemoryUsage of job (MB)
	1090252  -  ResidentSetSize of job (KB)
...
040 (3274079.020.000) 12/17 18:53:20 Started transferring output files
...
040 (3274079.020.000) 12/17 18:53:21 Finished transferring output files
...
005 (3274079.020.000) 12/17 18:53:21 Job terminated.
	(1) Normal termination (return value 0)
		Usr 0 00:15:12, Sys 0 00:00:08  -  Run Remote Usage
		Usr 0 00:00:00, Sys 0 00:00:00  -  Run Local Usage
		Usr 0 00:15:12, Sys 0 00:00:08  -  Total Remote Usage
		Usr 0 00:00:00, Sys 0 00:00:00  -  Total Local Usage
	11687587  -  Run Bytes Sent By Job
	11180  -  Run Bytes Received By Job
	11687587  -  Total Bytes Sent By Job
	11180  -  Total Bytes Received By Job
	Partitionable Resources :    Usage  Request Allocated 
	   Cpus                 :     0.10        4         4 
	   Disk (KB)            : 11449           1   3011461 
	   Memory (MB)          :  1065        8000      8000 

	Job terminated of its own accord at 2021-12-17T17:53:20Z.
...
