000 (3293338.004.000) 01/10 13:03:42 Job submitted from host: <188.185.70.244:9618?addrs=188.185.70.244-9618+[2001-1458-d00-7--100-2ee]-9618&alias=bigbird10.cern.ch&noUDP&sock=schedd_7001_aea1>
...
040 (3293338.004.000) 01/10 13:07:08 Started transferring input files
	Transferring to host: <128.142.60.37:9618?addrs=128.142.60.37-9618&alias=b7s05p5051.cern.ch&noUDP&sock=slot1_17_3547_eea9_26165>
...
040 (3293338.004.000) 01/10 13:07:08 Finished transferring input files
...
001 (3293338.004.000) 01/10 13:07:09 Job executing on host: <128.142.60.37:9618?addrs=128.142.60.37-9618&alias=b7s05p5051.cern.ch&noUDP&sock=startd_3500_4990>
...
006 (3293338.004.000) 01/10 13:07:17 Image size of job updated: 221648
	155  -  MemoryUsage of job (MB)
	157752  -  ResidentSetSize of job (KB)
...
006 (3293338.004.000) 01/10 13:07:59 Image size of job updated: 1671408
	155  -  MemoryUsage of job (MB)
	157752  -  ResidentSetSize of job (KB)
...
040 (3293338.004.000) 01/10 13:08:00 Started transferring output files
...
040 (3293338.004.000) 01/10 13:08:00 Finished transferring output files
...
005 (3293338.004.000) 01/10 13:08:00 Job terminated.
	(1) Normal termination (return value 1)
		Usr 0 00:00:04, Sys 0 00:00:02  -  Run Remote Usage
		Usr 0 00:00:00, Sys 0 00:00:00  -  Run Local Usage
		Usr 0 00:00:04, Sys 0 00:00:02  -  Total Remote Usage
		Usr 0 00:00:00, Sys 0 00:00:00  -  Total Local Usage
	6525  -  Run Bytes Sent By Job
	10525  -  Run Bytes Received By Job
	6525  -  Total Bytes Sent By Job
	10525  -  Total Bytes Received By Job
	Partitionable Resources :    Usage  Request Allocated 
	   Cpus                 :                 4         4 
	   Disk (KB)            :       33        1   1355062 
	   Memory (MB)          :      155     8000      8000 

	Job terminated of its own accord at 2022-01-10T12:07:59Z.
...
