000 (3277185.009.000) 12/25 15:18:28 Job submitted from host: <188.185.70.244:9618?addrs=188.185.70.244-9618+[2001-1458-d00-7--100-2ee]-9618&alias=bigbird10.cern.ch&noUDP&sock=schedd_2095_9300>
...
040 (3277185.009.000) 12/25 15:20:10 Started transferring input files
	Transferring to host: <188.184.160.118:9618?addrs=188.184.160.118-9618+[2001-1458-301-48--100-70]-9618&alias=b7s09p5862.cern.ch&noUDP&sock=slot1_5_3275_489e_8356>
...
040 (3277185.009.000) 12/25 15:20:10 Finished transferring input files
...
001 (3277185.009.000) 12/25 15:20:11 Job executing on host: <188.184.160.118:9618?addrs=188.184.160.118-9618+[2001-1458-301-48--100-70]-9618&alias=b7s09p5862.cern.ch&noUDP&sock=startd_3011_dfc0>
...
006 (3277185.009.000) 12/25 15:20:20 Image size of job updated: 269268
	37  -  MemoryUsage of job (MB)
	37272  -  ResidentSetSize of job (KB)
...
006 (3277185.009.000) 12/25 15:23:23 Image size of job updated: 1733172
	37  -  MemoryUsage of job (MB)
	37272  -  ResidentSetSize of job (KB)
...
040 (3277185.009.000) 12/25 15:23:23 Started transferring output files
...
040 (3277185.009.000) 12/25 15:23:23 Finished transferring output files
...
005 (3277185.009.000) 12/25 15:23:23 Job terminated.
	(1) Normal termination (return value 0)
		Usr 0 00:00:39, Sys 0 00:00:04  -  Run Remote Usage
		Usr 0 00:00:00, Sys 0 00:00:00  -  Run Local Usage
		Usr 0 00:00:39, Sys 0 00:00:04  -  Total Remote Usage
		Usr 0 00:00:00, Sys 0 00:00:00  -  Total Local Usage
	23833  -  Run Bytes Sent By Job
	11214  -  Run Bytes Received By Job
	23833  -  Total Bytes Sent By Job
	11214  -  Total Bytes Received By Job
	Partitionable Resources :    Usage  Request Allocated 
	   Cpus                 :                 4         4 
	   Disk (KB)            :       50        1   1316092 
	   Memory (MB)          :       37     8000      8000 

	Job terminated of its own accord at 2021-12-25T14:23:23Z.
...
