000 (3322136.017.000) 01/17 17:42:57 Job submitted from host: <188.185.70.244:9618?addrs=188.185.70.244-9618+[2001-1458-d00-7--100-2ee]-9618&alias=bigbird10.cern.ch&noUDP&sock=schedd_7001_aea1>
...
040 (3322136.017.000) 01/17 18:07:50 Started transferring input files
	Transferring to host: <128.142.57.83:9618?addrs=128.142.57.83-9618+[2001-1458-301-7--100-52]-9618&alias=b7s02p6549.cern.ch&noUDP&sock=slot1_8_3612_bb0c_36652>
...
040 (3322136.017.000) 01/17 18:07:50 Finished transferring input files
...
001 (3322136.017.000) 01/17 18:07:51 Job executing on host: <128.142.57.83:9618?addrs=128.142.57.83-9618+[2001-1458-301-7--100-52]-9618&alias=b7s02p6549.cern.ch&noUDP&sock=startd_2956_260b>
...
006 (3322136.017.000) 01/17 18:08:00 Image size of job updated: 1289168
	172  -  MemoryUsage of job (MB)
	176108  -  ResidentSetSize of job (KB)
...
006 (3322136.017.000) 01/17 18:13:01 Image size of job updated: 3091220
	1039  -  MemoryUsage of job (MB)
	1063452  -  ResidentSetSize of job (KB)
...
006 (3322136.017.000) 01/17 18:23:01 Image size of job updated: 3091220
	1041  -  MemoryUsage of job (MB)
	1065108  -  ResidentSetSize of job (KB)
...
006 (3322136.017.000) 01/17 18:28:02 Image size of job updated: 3656972
	1533  -  MemoryUsage of job (MB)
	1569364  -  ResidentSetSize of job (KB)
...
006 (3322136.017.000) 01/17 18:38:03 Image size of job updated: 4419488
	2074  -  MemoryUsage of job (MB)
	2123324  -  ResidentSetSize of job (KB)
...
006 (3322136.017.000) 01/17 18:43:04 Image size of job updated: 4419488
	2074  -  MemoryUsage of job (MB)
	2123404  -  ResidentSetSize of job (KB)
...
006 (3322136.017.000) 01/17 19:58:12 Image size of job updated: 5235124
	3134  -  MemoryUsage of job (MB)
	3208624  -  ResidentSetSize of job (KB)
...
006 (3322136.017.000) 01/17 20:28:15 Image size of job updated: 5794920
	3474  -  MemoryUsage of job (MB)
	3557344  -  ResidentSetSize of job (KB)
...
006 (3322136.017.000) 01/17 20:38:17 Image size of job updated: 5913376
	4820  -  MemoryUsage of job (MB)
	4935652  -  ResidentSetSize of job (KB)
...
006 (3322136.017.000) 01/17 20:43:18 Image size of job updated: 6364872
	4820  -  MemoryUsage of job (MB)
	4935652  -  ResidentSetSize of job (KB)
...
006 (3322136.017.000) 01/17 22:13:28 Image size of job updated: 7631928
	4820  -  MemoryUsage of job (MB)
	4935652  -  ResidentSetSize of job (KB)
...
006 (3322136.017.000) 01/17 22:28:29 Image size of job updated: 8233324
	5229  -  MemoryUsage of job (MB)
	5353988  -  ResidentSetSize of job (KB)
...
040 (3322136.017.000) 01/17 23:08:10 Started transferring output files
...
040 (3322136.017.000) 01/17 23:08:10 Finished transferring output files
...
009 (3322136.017.000) 01/17 23:08:10 Job was aborted.
	Job removed by SYSTEM_PERIODIC_REMOVE due to wall time exceeded allowed max.
...
