000 (3274079.019.000) 12/17 17:40:34 Job submitted from host: <188.185.70.244:9618?addrs=188.185.70.244-9618+[2001-1458-d00-7--100-2ee]-9618&alias=bigbird10.cern.ch&noUDP&sock=schedd_2095_9300>
...
040 (3274079.019.000) 12/17 18:25:46 Started transferring input files
	Transferring to host: <128.142.137.91:9618?addrs=128.142.137.91-9618&alias=b7g19p8276.cern.ch&noUDP&sock=slot1_5_5779_9404_20590>
...
040 (3274079.019.000) 12/17 18:25:46 Finished transferring input files
...
001 (3274079.019.000) 12/17 18:25:47 Job executing on host: <128.142.137.91:9618?addrs=128.142.137.91-9618&alias=b7g19p8276.cern.ch&noUDP&sock=startd_4884_98a3>
...
006 (3274079.019.000) 12/17 18:25:56 Image size of job updated: 734076
	173  -  MemoryUsage of job (MB)
	176824  -  ResidentSetSize of job (KB)
...
006 (3274079.019.000) 12/17 18:30:57 Image size of job updated: 2569424
	1065  -  MemoryUsage of job (MB)
	1090180  -  ResidentSetSize of job (KB)
...
006 (3274079.019.000) 12/17 18:40:57 Image size of job updated: 2585808
	1365  -  MemoryUsage of job (MB)
	1396968  -  ResidentSetSize of job (KB)
...
006 (3274079.019.000) 12/17 18:45:59 Image size of job updated: 2893688
	1365  -  MemoryUsage of job (MB)
	1396968  -  ResidentSetSize of job (KB)
...
040 (3274079.019.000) 12/17 18:46:45 Started transferring output files
...
040 (3274079.019.000) 12/17 18:46:45 Finished transferring output files
...
005 (3274079.019.000) 12/17 18:46:45 Job terminated.
	(1) Normal termination (return value 0)
		Usr 0 00:17:03, Sys 0 00:00:09  -  Run Remote Usage
		Usr 0 00:00:00, Sys 0 00:00:00  -  Run Local Usage
		Usr 0 00:17:03, Sys 0 00:00:09  -  Total Remote Usage
		Usr 0 00:00:00, Sys 0 00:00:00  -  Total Local Usage
	11686573  -  Run Bytes Sent By Job
	11180  -  Run Bytes Received By Job
	11686573  -  Total Bytes Sent By Job
	11180  -  Total Bytes Received By Job
	Partitionable Resources :    Usage  Request Allocated 
	   Cpus                 :     1.00        4         4 
	   Disk (KB)            : 11447           1   1654691 
	   Memory (MB)          :  1365        8000      8000 

	Job terminated of its own accord at 2021-12-17T17:46:45Z.
...
