000 (3314656.005.000) 01/11 16:27:26 Job submitted from host: <188.185.70.244:9618?addrs=188.185.70.244-9618+[2001-1458-d00-7--100-2ee]-9618&alias=bigbird10.cern.ch&noUDP&sock=schedd_7001_aea1>
...
040 (3314656.005.000) 01/11 18:03:49 Started transferring input files
	Transferring to host: <128.142.57.73:9618?addrs=128.142.57.73-9618+[2001-1458-301-7--100-48]-9618&alias=b7s02p3789.cern.ch&noUDP&sock=slot1_33_3560_178a_27982>
...
040 (3314656.005.000) 01/11 18:03:49 Finished transferring input files
...
001 (3314656.005.000) 01/11 18:03:50 Job executing on host: <128.142.57.73:9618?addrs=128.142.57.73-9618+[2001-1458-301-7--100-48]-9618&alias=b7s02p3789.cern.ch&noUDP&sock=startd_2591_c9f9>
...
006 (3314656.005.000) 01/11 18:03:59 Image size of job updated: 269264
	155  -  MemoryUsage of job (MB)
	157828  -  ResidentSetSize of job (KB)
...
006 (3314656.005.000) 01/11 18:09:00 Image size of job updated: 2469852
	699  -  MemoryUsage of job (MB)
	715388  -  ResidentSetSize of job (KB)
...
006 (3314656.005.000) 01/11 18:14:01 Image size of job updated: 2469852
	699  -  MemoryUsage of job (MB)
	715400  -  ResidentSetSize of job (KB)
...
006 (3314656.005.000) 01/11 18:29:03 Image size of job updated: 2469852
	699  -  MemoryUsage of job (MB)
	715404  -  ResidentSetSize of job (KB)
...
006 (3314656.005.000) 01/11 18:34:03 Image size of job updated: 2942740
	1061  -  MemoryUsage of job (MB)
	1085492  -  ResidentSetSize of job (KB)
...
006 (3314656.005.000) 01/11 18:54:05 Image size of job updated: 3342380
	1328  -  MemoryUsage of job (MB)
	1359008  -  ResidentSetSize of job (KB)
...
006 (3314656.005.000) 01/11 19:44:10 Image size of job updated: 3342380
	1329  -  MemoryUsage of job (MB)
	1360532  -  ResidentSetSize of job (KB)
...
006 (3314656.005.000) 01/11 19:49:10 Image size of job updated: 3613400
	1708  -  MemoryUsage of job (MB)
	1748820  -  ResidentSetSize of job (KB)
...
006 (3314656.005.000) 01/11 20:09:12 Image size of job updated: 3613400
	1708  -  MemoryUsage of job (MB)
	1748824  -  ResidentSetSize of job (KB)
...
006 (3314656.005.000) 01/11 20:54:17 Image size of job updated: 3613400
	1711  -  MemoryUsage of job (MB)
	1751956  -  ResidentSetSize of job (KB)
...
006 (3314656.005.000) 01/11 20:59:17 Image size of job updated: 4044704
	2148  -  MemoryUsage of job (MB)
	2198984  -  ResidentSetSize of job (KB)
...
006 (3314656.005.000) 01/11 21:24:19 Image size of job updated: 4044704
	2148  -  MemoryUsage of job (MB)
	2199532  -  ResidentSetSize of job (KB)
...
006 (3314656.005.000) 01/11 21:29:20 Image size of job updated: 4614916
	2576  -  MemoryUsage of job (MB)
	2637752  -  ResidentSetSize of job (KB)
...
006 (3314656.005.000) 01/11 21:34:20 Image size of job updated: 4614916
	2576  -  MemoryUsage of job (MB)
	2637756  -  ResidentSetSize of job (KB)
...
006 (3314656.005.000) 01/11 21:49:22 Image size of job updated: 4614916
	2578  -  MemoryUsage of job (MB)
	2638964  -  ResidentSetSize of job (KB)
...
006 (3314656.005.000) 01/11 21:54:22 Image size of job updated: 5110648
	3043  -  MemoryUsage of job (MB)
	3115332  -  ResidentSetSize of job (KB)
...
006 (3314656.005.000) 01/11 22:14:24 Image size of job updated: 5110648
	3044  -  MemoryUsage of job (MB)
	3116604  -  ResidentSetSize of job (KB)
...
006 (3314656.005.000) 01/11 22:19:25 Image size of job updated: 5819160
	3648  -  MemoryUsage of job (MB)
	3735172  -  ResidentSetSize of job (KB)
...
006 (3314656.005.000) 01/11 22:39:27 Image size of job updated: 5819160
	3648  -  MemoryUsage of job (MB)
	3735176  -  ResidentSetSize of job (KB)
...
006 (3314656.005.000) 01/11 22:44:28 Image size of job updated: 6991016
	4078  -  MemoryUsage of job (MB)
	4175580  -  ResidentSetSize of job (KB)
...
040 (3314656.005.000) 01/11 23:05:55 Started transferring output files
...
040 (3314656.005.000) 01/11 23:05:55 Finished transferring output files
...
005 (3314656.005.000) 01/11 23:05:55 Job terminated.
	(1) Normal termination (return value 0)
		Usr 0 00:24:20, Sys 0 00:01:04  -  Run Remote Usage
		Usr 0 00:00:00, Sys 0 00:00:00  -  Run Local Usage
		Usr 0 00:24:20, Sys 0 00:01:04  -  Total Remote Usage
		Usr 0 00:00:00, Sys 0 00:00:00  -  Total Local Usage
	21688  -  Run Bytes Sent By Job
	10522  -  Run Bytes Received By Job
	21688  -  Total Bytes Sent By Job
	10522  -  Total Bytes Received By Job
	Partitionable Resources :    Usage  Request Allocated 
	   Cpus                 :     0.01        4         4 
	   Disk (KB)            :    55           1   1345381 
	   Memory (MB)          :  4078        8000      8000 

	Job terminated of its own accord at 2022-01-11T22:05:55Z.
...
