000 (3336021.000.000) 01/19 11:59:32 Job submitted from host: <188.185.70.244:9618?addrs=188.185.70.244-9618+[2001-1458-d00-7--100-2ee]-9618&alias=bigbird10.cern.ch&noUDP&sock=schedd_7001_aea1>
...
040 (3336021.000.000) 01/19 12:19:38 Started transferring input files
	Transferring to host: <188.184.160.23:9618?addrs=188.184.160.23-9618+[2001-1458-301-48--100-11]-9618&alias=b7s09p7826.cern.ch&noUDP&sock=slot1_10_3758_99d2_32662>
...
040 (3336021.000.000) 01/19 12:19:38 Finished transferring input files
...
001 (3336021.000.000) 01/19 12:19:39 Job executing on host: <188.184.160.23:9618?addrs=188.184.160.23-9618+[2001-1458-301-48--100-11]-9618&alias=b7s09p7826.cern.ch&noUDP&sock=startd_3077_2500>
...
006 (3336021.000.000) 01/19 12:19:48 Image size of job updated: 1256236
	155  -  MemoryUsage of job (MB)
	157840  -  ResidentSetSize of job (KB)
...
006 (3336021.000.000) 01/19 12:24:49 Image size of job updated: 1736692
	275  -  MemoryUsage of job (MB)
	281156  -  ResidentSetSize of job (KB)
...
040 (3336021.000.000) 01/19 12:26:17 Started transferring output files
...
040 (3336021.000.000) 01/19 12:26:17 Finished transferring output files
...
005 (3336021.000.000) 01/19 12:26:17 Job terminated.
	(1) Normal termination (return value 0)
		Usr 0 00:00:34, Sys 0 00:00:03  -  Run Remote Usage
		Usr 0 00:00:00, Sys 0 00:00:00  -  Run Local Usage
		Usr 0 00:00:34, Sys 0 00:00:03  -  Total Remote Usage
		Usr 0 00:00:00, Sys 0 00:00:00  -  Total Local Usage
	1300  -  Run Bytes Sent By Job
	11206  -  Run Bytes Received By Job
	1300  -  Total Bytes Sent By Job
	11206  -  Total Bytes Received By Job
	Partitionable Resources :    Usage  Request Allocated 
	   Cpus                 :     0.03        4         4 
	   Disk (KB)            :    36           1   1410961 
	   Memory (MB)          :   275        8000      8000 

	Job terminated of its own accord at 2022-01-19T11:26:16Z.
...
