000 (3314656.004.000) 01/11 16:27:26 Job submitted from host: <188.185.70.244:9618?addrs=188.185.70.244-9618+[2001-1458-d00-7--100-2ee]-9618&alias=bigbird10.cern.ch&noUDP&sock=schedd_7001_aea1>
...
040 (3314656.004.000) 01/11 18:03:49 Started transferring input files
	Transferring to host: <188.184.160.60:9618?addrs=188.184.160.60-9618+[2001-1458-301-48--100-36]-9618&alias=b7s09p8953.cern.ch&noUDP&sock=slot1_10_3334_dac1_25414>
...
040 (3314656.004.000) 01/11 18:03:49 Finished transferring input files
...
001 (3314656.004.000) 01/11 18:03:50 Job executing on host: <188.184.160.60:9618?addrs=188.184.160.60-9618+[2001-1458-301-48--100-36]-9618&alias=b7s09p8953.cern.ch&noUDP&sock=startd_3093_1e84>
...
006 (3314656.004.000) 01/11 18:03:59 Image size of job updated: 274468
	155  -  MemoryUsage of job (MB)
	157812  -  ResidentSetSize of job (KB)
...
006 (3314656.004.000) 01/11 18:09:00 Image size of job updated: 2471072
	708  -  MemoryUsage of job (MB)
	724984  -  ResidentSetSize of job (KB)
...
006 (3314656.004.000) 01/11 18:19:46 Image size of job updated: 2471072
	708  -  MemoryUsage of job (MB)
	724988  -  ResidentSetSize of job (KB)
...
006 (3314656.004.000) 01/11 18:29:02 Image size of job updated: 2854220
	1340  -  MemoryUsage of job (MB)
	1371468  -  ResidentSetSize of job (KB)
...
006 (3314656.004.000) 01/11 19:44:09 Image size of job updated: 3223248
	1363  -  MemoryUsage of job (MB)
	1394928  -  ResidentSetSize of job (KB)
...
006 (3314656.004.000) 01/11 20:14:12 Image size of job updated: 3423868
	1820  -  MemoryUsage of job (MB)
	1863160  -  ResidentSetSize of job (KB)
...
006 (3314656.004.000) 01/11 20:19:12 Image size of job updated: 3692316
	1820  -  MemoryUsage of job (MB)
	1863160  -  ResidentSetSize of job (KB)
...
006 (3314656.004.000) 01/11 20:39:15 Image size of job updated: 4123880
	2424  -  MemoryUsage of job (MB)
	2481916  -  ResidentSetSize of job (KB)
...
006 (3314656.004.000) 01/11 20:59:17 Image size of job updated: 4669460
	2661  -  MemoryUsage of job (MB)
	2724288  -  ResidentSetSize of job (KB)
...
006 (3314656.004.000) 01/11 21:19:20 Image size of job updated: 5165660
	3075  -  MemoryUsage of job (MB)
	3148776  -  ResidentSetSize of job (KB)
...
006 (3314656.004.000) 01/11 21:39:22 Image size of job updated: 5165660
	3593  -  MemoryUsage of job (MB)
	3679020  -  ResidentSetSize of job (KB)
...
006 (3314656.004.000) 01/11 21:44:22 Image size of job updated: 5772560
	3594  -  MemoryUsage of job (MB)
	3679860  -  ResidentSetSize of job (KB)
...
006 (3314656.004.000) 01/11 22:09:25 Image size of job updated: 6814208
	3990  -  MemoryUsage of job (MB)
	4084952  -  ResidentSetSize of job (KB)
...
040 (3314656.004.000) 01/11 22:26:50 Started transferring output files
...
040 (3314656.004.000) 01/11 22:26:50 Finished transferring output files
...
005 (3314656.004.000) 01/11 22:26:50 Job terminated.
	(1) Normal termination (return value 0)
		Usr 0 00:29:36, Sys 0 00:00:53  -  Run Remote Usage
		Usr 0 00:00:00, Sys 0 00:00:00  -  Run Local Usage
		Usr 0 00:29:36, Sys 0 00:00:53  -  Total Remote Usage
		Usr 0 00:00:00, Sys 0 00:00:00  -  Total Local Usage
	19689  -  Run Bytes Sent By Job
	10522  -  Run Bytes Received By Job
	19689  -  Total Bytes Sent By Job
	10522  -  Total Bytes Received By Job
	Partitionable Resources :    Usage  Request Allocated 
	   Cpus                 :     0.04        4         4 
	   Disk (KB)            :    53           1   1501082 
	   Memory (MB)          :  3990        8000      8000 

	Job terminated of its own accord at 2022-01-11T21:26:50Z.
...
