000 (3336021.016.000) 01/19 11:59:32 Job submitted from host: <188.185.70.244:9618?addrs=188.185.70.244-9618+[2001-1458-d00-7--100-2ee]-9618&alias=bigbird10.cern.ch&noUDP&sock=schedd_7001_aea1>
...
040 (3336021.016.000) 01/19 12:19:48 Started transferring input files
	Transferring to host: <128.142.58.110:9618?addrs=128.142.58.110-9618&alias=b7s03p3859.cern.ch&noUDP&sock=slot1_15_3635_efad_34508>
...
040 (3336021.016.000) 01/19 12:19:48 Finished transferring input files
...
001 (3336021.016.000) 01/19 12:19:49 Job executing on host: <128.142.58.110:9618?addrs=128.142.58.110-9618&alias=b7s03p3859.cern.ch&noUDP&sock=startd_2649_9277>
...
006 (3336021.016.000) 01/19 12:19:58 Image size of job updated: 429392
	155  -  MemoryUsage of job (MB)
	157888  -  ResidentSetSize of job (KB)
...
006 (3336021.016.000) 01/19 12:24:30 Image size of job updated: 1725104
	155  -  MemoryUsage of job (MB)
	157888  -  ResidentSetSize of job (KB)
...
040 (3336021.016.000) 01/19 12:24:30 Started transferring output files
...
040 (3336021.016.000) 01/19 12:24:30 Finished transferring output files
...
005 (3336021.016.000) 01/19 12:24:30 Job terminated.
	(1) Normal termination (return value 0)
		Usr 0 00:00:20, Sys 0 00:00:03  -  Run Remote Usage
		Usr 0 00:00:00, Sys 0 00:00:00  -  Run Local Usage
		Usr 0 00:00:20, Sys 0 00:00:03  -  Total Remote Usage
		Usr 0 00:00:00, Sys 0 00:00:00  -  Total Local Usage
	1300  -  Run Bytes Sent By Job
	11206  -  Run Bytes Received By Job
	1300  -  Total Bytes Sent By Job
	11206  -  Total Bytes Received By Job
	Partitionable Resources :    Usage  Request Allocated 
	   Cpus                 :     0.04        4         4 
	   Disk (KB)            :    35           1    804304 
	   Memory (MB)          :   155        8000      8000 

	Job terminated of its own accord at 2022-01-19T11:24:30Z.
...
