000 (3335532.000.000) 01/19 08:44:57 Job submitted from host: <188.185.70.244:9618?addrs=188.185.70.244-9618+[2001-1458-d00-7--100-2ee]-9618&alias=bigbird10.cern.ch&noUDP&sock=schedd_7001_aea1>
...
040 (3335532.000.000) 01/19 08:52:11 Started transferring input files
	Transferring to host: <188.184.164.80:9618?addrs=188.184.164.80-9618&alias=b7s13p2559.cern.ch&noUDP&sock=slot1_4_4531_3fd1_33650>
...
040 (3335532.000.000) 01/19 08:52:11 Finished transferring input files
...
001 (3335532.000.000) 01/19 08:52:12 Job executing on host: <188.184.164.80:9618?addrs=188.184.164.80-9618&alias=b7s13p2559.cern.ch&noUDP&sock=startd_4295_975b>
...
006 (3335532.000.000) 01/19 08:52:21 Image size of job updated: 208772
	98  -  MemoryUsage of job (MB)
	99616  -  ResidentSetSize of job (KB)
...
006 (3335532.000.000) 01/19 08:57:22 Image size of job updated: 1732540
	272  -  MemoryUsage of job (MB)
	277900  -  ResidentSetSize of job (KB)
...
006 (3335532.000.000) 01/19 09:02:22 Image size of job updated: 2649872
	793  -  MemoryUsage of job (MB)
	811328  -  ResidentSetSize of job (KB)
...
006 (3335532.000.000) 01/19 09:07:22 Image size of job updated: 2649872
	793  -  MemoryUsage of job (MB)
	811340  -  ResidentSetSize of job (KB)
...
006 (3335532.000.000) 01/19 09:22:24 Image size of job updated: 2649872
	794  -  MemoryUsage of job (MB)
	812332  -  ResidentSetSize of job (KB)
...
006 (3335532.000.000) 01/19 09:27:24 Image size of job updated: 2649872
	794  -  MemoryUsage of job (MB)
	812336  -  ResidentSetSize of job (KB)
...
006 (3335532.000.000) 01/19 09:32:25 Image size of job updated: 2649872
	794  -  MemoryUsage of job (MB)
	812348  -  ResidentSetSize of job (KB)
...
006 (3335532.000.000) 01/19 09:37:25 Image size of job updated: 2649872
	796  -  MemoryUsage of job (MB)
	814220  -  ResidentSetSize of job (KB)
...
006 (3335532.000.000) 01/19 09:42:25 Image size of job updated: 3109724
	1235  -  MemoryUsage of job (MB)
	1263788  -  ResidentSetSize of job (KB)
...
006 (3335532.000.000) 01/19 09:57:26 Image size of job updated: 3109724
	1235  -  MemoryUsage of job (MB)
	1263792  -  ResidentSetSize of job (KB)
...
006 (3335532.000.000) 01/19 10:22:30 Image size of job updated: 3109724
	1236  -  MemoryUsage of job (MB)
	1265460  -  ResidentSetSize of job (KB)
...
006 (3335532.000.000) 01/19 10:27:30 Image size of job updated: 3586448
	1683  -  MemoryUsage of job (MB)
	1722540  -  ResidentSetSize of job (KB)
...
006 (3335532.000.000) 01/19 10:52:33 Image size of job updated: 3586448
	1683  -  MemoryUsage of job (MB)
	1722544  -  ResidentSetSize of job (KB)
...
006 (3335532.000.000) 01/19 11:02:34 Image size of job updated: 3734932
	2223  -  MemoryUsage of job (MB)
	2275584  -  ResidentSetSize of job (KB)
...
006 (3335532.000.000) 01/19 11:07:34 Image size of job updated: 4249088
	2223  -  MemoryUsage of job (MB)
	2275584  -  ResidentSetSize of job (KB)
...
040 (3335532.000.000) 01/19 11:49:19 Entered queue to transfer output files
...
040 (3335532.000.000) 01/19 11:57:41 Finished transferring output files
...
004 (3335532.000.000) 01/19 11:58:45 Job was evicted.
	(0) CPU times
		Usr 0 01:05:57, Sys 0 00:00:45  -  Run Remote Usage
		Usr 0 00:00:00, Sys 0 00:00:00  -  Run Local Usage
	0  -  Run Bytes Sent By Job
	11206  -  Run Bytes Received By Job
	Partitionable Resources :    Usage  Request Allocated 
	   Cpus                 :     0.42        4         4 
	   Disk (KB)            :    34           1   2960864 
	   Memory (MB)          :  2223        8000      8000 
...
009 (3335532.000.000) 01/19 11:58:45 Job was aborted.
	via condor_rm (by user vdamante)
...
