000 (3335430.024.000) 01/18 23:49:58 Job submitted from host: <188.185.70.244:9618?addrs=188.185.70.244-9618+[2001-1458-d00-7--100-2ee]-9618&alias=bigbird10.cern.ch&noUDP&sock=schedd_7001_aea1>
...
040 (3335430.024.000) 01/19 02:48:33 Started transferring input files
	Transferring to host: <188.184.164.138:9618?addrs=188.184.164.138-9618+[2001-1458-301-4e--100-84]-9618&alias=b7s13p2355.cern.ch&noUDP&sock=slot1_4_4885_aca0_33014>
...
040 (3335430.024.000) 01/19 02:48:33 Finished transferring input files
...
001 (3335430.024.000) 01/19 02:48:34 Job executing on host: <188.184.164.138:9618?addrs=188.184.164.138-9618+[2001-1458-301-4e--100-84]-9618&alias=b7s13p2355.cern.ch&noUDP&sock=startd_4712_9e59>
...
006 (3335430.024.000) 01/19 02:48:43 Image size of job updated: 235244
	107  -  MemoryUsage of job (MB)
	109336  -  ResidentSetSize of job (KB)
...
006 (3335430.024.000) 01/19 02:53:44 Image size of job updated: 2646396
	790  -  MemoryUsage of job (MB)
	808076  -  ResidentSetSize of job (KB)
...
006 (3335430.024.000) 01/19 02:58:44 Image size of job updated: 2646396
	790  -  MemoryUsage of job (MB)
	808080  -  ResidentSetSize of job (KB)
...
006 (3335430.024.000) 01/19 03:08:45 Image size of job updated: 3276840
	1134  -  MemoryUsage of job (MB)
	1160252  -  ResidentSetSize of job (KB)
...
006 (3335430.024.000) 01/19 03:13:45 Image size of job updated: 3276840
	1135  -  MemoryUsage of job (MB)
	1161692  -  ResidentSetSize of job (KB)
...
006 (3335430.024.000) 01/19 03:18:45 Image size of job updated: 3468960
	1538  -  MemoryUsage of job (MB)
	1574564  -  ResidentSetSize of job (KB)
...
006 (3335430.024.000) 01/19 03:23:46 Image size of job updated: 3468960
	2079  -  MemoryUsage of job (MB)
	2128736  -  ResidentSetSize of job (KB)
...
006 (3335430.024.000) 01/19 03:28:46 Image size of job updated: 3880332
	2079  -  MemoryUsage of job (MB)
	2128736  -  ResidentSetSize of job (KB)
...
006 (3335430.024.000) 01/19 03:38:47 Image size of job updated: 4335864
	2801  -  MemoryUsage of job (MB)
	2867884  -  ResidentSetSize of job (KB)
...
006 (3335430.024.000) 01/19 03:48:48 Image size of job updated: 4779372
	2801  -  MemoryUsage of job (MB)
	2867884  -  ResidentSetSize of job (KB)
...
006 (3335430.024.000) 01/19 04:03:50 Image size of job updated: 5298524
	3188  -  MemoryUsage of job (MB)
	3264332  -  ResidentSetSize of job (KB)
...
006 (3335430.024.000) 01/19 04:13:52 Image size of job updated: 5298524
	3193  -  MemoryUsage of job (MB)
	3268964  -  ResidentSetSize of job (KB)
...
006 (3335430.024.000) 01/19 04:18:52 Image size of job updated: 5795600
	3605  -  MemoryUsage of job (MB)
	3691088  -  ResidentSetSize of job (KB)
...
006 (3335430.024.000) 01/19 04:28:54 Image size of job updated: 5795600
	3606  -  MemoryUsage of job (MB)
	3692460  -  ResidentSetSize of job (KB)
...
006 (3335430.024.000) 01/19 04:33:54 Image size of job updated: 6275332
	4019  -  MemoryUsage of job (MB)
	4114648  -  ResidentSetSize of job (KB)
...
040 (3335430.024.000) 01/19 04:41:22 Started transferring output files
...
040 (3335430.024.000) 01/19 04:41:22 Finished transferring output files
...
005 (3335430.024.000) 01/19 04:41:22 Job terminated.
	(1) Normal termination (return value 0)
		Usr 0 00:47:58, Sys 0 00:00:44  -  Run Remote Usage
		Usr 0 00:00:00, Sys 0 00:00:00  -  Run Local Usage
		Usr 0 00:47:58, Sys 0 00:00:44  -  Total Remote Usage
		Usr 0 00:00:00, Sys 0 00:00:00  -  Total Local Usage
	1303  -  Run Bytes Sent By Job
	11206  -  Run Bytes Received By Job
	1303  -  Total Bytes Sent By Job
	11206  -  Total Bytes Received By Job
	Partitionable Resources :    Usage  Request Allocated 
	   Cpus                 :     0.11        4         4 
	   Disk (KB)            :    36           1   2720275 
	   Memory (MB)          :  4019        8000      8000 

	Job terminated of its own accord at 2022-01-19T03:41:22Z.
...
