000 (3314882.010.000) 01/12 10:53:21 Job submitted from host: <188.185.70.244:9618?addrs=188.185.70.244-9618+[2001-1458-d00-7--100-2ee]-9618&alias=bigbird10.cern.ch&noUDP&sock=schedd_7001_aea1>
...
040 (3314882.010.000) 01/12 10:54:13 Started transferring input files
	Transferring to host: <128.142.57.40:9618?addrs=128.142.57.40-9618&alias=b7s02p9278.cern.ch&noUDP&sock=slot1_2_4908_e141_25444>
...
040 (3314882.010.000) 01/12 10:54:13 Finished transferring input files
...
001 (3314882.010.000) 01/12 10:54:14 Job executing on host: <128.142.57.40:9618?addrs=128.142.57.40-9618&alias=b7s02p9278.cern.ch&noUDP&sock=startd_4538_44de>
...
006 (3314882.010.000) 01/12 10:54:23 Image size of job updated: 459424
	1  -  MemoryUsage of job (MB)
	516  -  ResidentSetSize of job (KB)
...
006 (3314882.010.000) 01/12 10:59:25 Image size of job updated: 1740988
	280  -  MemoryUsage of job (MB)
	286636  -  ResidentSetSize of job (KB)
...
006 (3314882.010.000) 01/12 11:04:25 Image size of job updated: 2464000
	704  -  MemoryUsage of job (MB)
	720360  -  ResidentSetSize of job (KB)
...
040 (3314882.010.000) 01/12 11:18:19 Started transferring output files
...
040 (3314882.010.000) 01/12 11:18:19 Finished transferring output files
...
004 (3314882.010.000) 01/12 11:18:19 Job was evicted.
	(0) CPU times
		Usr 0 00:02:07, Sys 0 00:00:02  -  Run Remote Usage
		Usr 0 00:00:00, Sys 0 00:00:00  -  Run Local Usage
	0  -  Run Bytes Sent By Job
	10531  -  Run Bytes Received By Job
	Partitionable Resources :    Usage  Request Allocated 
	   Cpus                 :     0.04        4         4 
	   Disk (KB)            :    33           1   1315727 
	   Memory (MB)          :   704        8000      8000 
...
009 (3314882.010.000) 01/12 11:18:19 Job was aborted.
	via condor_rm (by user vdamante)
...
