000 (3275857.013.000) 12/22 11:21:47 Job submitted from host: <188.185.70.244:9618?addrs=188.185.70.244-9618+[2001-1458-d00-7--100-2ee]-9618&alias=bigbird10.cern.ch&noUDP&sock=schedd_2095_9300>
...
040 (3275857.013.000) 12/22 13:34:13 Started transferring input files
	Transferring to host: <128.142.58.29:9618?addrs=128.142.58.29-9618&alias=b7s03p2789.cern.ch&noUDP&sock=slot1_27_3568_ba8a_5571>
...
040 (3275857.013.000) 12/22 13:34:13 Finished transferring input files
...
001 (3275857.013.000) 12/22 13:34:14 Job executing on host: <128.142.58.29:9618?addrs=128.142.58.29-9618&alias=b7s03p2789.cern.ch&noUDP&sock=startd_2604_b4b4>
...
006 (3275857.013.000) 12/22 13:34:23 Image size of job updated: 394120
	286  -  MemoryUsage of job (MB)
	292612  -  ResidentSetSize of job (KB)
...
006 (3275857.013.000) 12/22 13:38:01 Image size of job updated: 1753488
	286  -  MemoryUsage of job (MB)
	292616  -  ResidentSetSize of job (KB)
...
040 (3275857.013.000) 12/22 13:38:01 Started transferring output files
...
040 (3275857.013.000) 12/22 13:38:01 Finished transferring output files
...
005 (3275857.013.000) 12/22 13:38:01 Job terminated.
	(1) Normal termination (return value 0)
		Usr 0 00:00:18, Sys 0 00:00:02  -  Run Remote Usage
		Usr 0 00:00:00, Sys 0 00:00:00  -  Run Local Usage
		Usr 0 00:00:18, Sys 0 00:00:02  -  Total Remote Usage
		Usr 0 00:00:00, Sys 0 00:00:00  -  Total Local Usage
	2641  -  Run Bytes Sent By Job
	11186  -  Run Bytes Received By Job
	2641  -  Total Bytes Sent By Job
	11186  -  Total Bytes Received By Job
	Partitionable Resources :    Usage  Request Allocated 
	   Cpus                 :                 4         4 
	   Disk (KB)            :       30        1   1107677 
	   Memory (MB)          :      286     8000      8000 

	Job terminated of its own accord at 2021-12-22T12:38:01Z.
...
