000 (3315591.020.000) 01/12 17:36:24 Job submitted from host: <188.185.70.244:9618?addrs=188.185.70.244-9618+[2001-1458-d00-7--100-2ee]-9618&alias=bigbird10.cern.ch&noUDP&sock=schedd_7001_aea1>
...
040 (3315591.020.000) 01/13 01:06:20 Started transferring input files
	Transferring to host: <188.184.165.129:9618?addrs=188.184.165.129-9618&alias=b7s14p7406.cern.ch&noUDP&sock=slot1_10_4248_d9a6_26779>
...
040 (3315591.020.000) 01/13 01:06:20 Finished transferring input files
...
001 (3315591.020.000) 01/13 01:06:21 Job executing on host: <188.184.165.129:9618?addrs=188.184.165.129-9618&alias=b7s14p7406.cern.ch&noUDP&sock=startd_4019_4737>
...
006 (3315591.020.000) 01/13 01:06:30 Image size of job updated: 1256208
	155  -  MemoryUsage of job (MB)
	157824  -  ResidentSetSize of job (KB)
...
006 (3315591.020.000) 01/13 01:11:31 Image size of job updated: 2140828
	515  -  MemoryUsage of job (MB)
	526420  -  ResidentSetSize of job (KB)
...
006 (3315591.020.000) 01/13 01:26:33 Image size of job updated: 2206432
	732  -  MemoryUsage of job (MB)
	748888  -  ResidentSetSize of job (KB)
...
006 (3315591.020.000) 01/13 01:41:34 Image size of job updated: 2524068
	956  -  MemoryUsage of job (MB)
	977928  -  ResidentSetSize of job (KB)
...
006 (3315591.020.000) 01/13 01:56:35 Image size of job updated: 2812600
	1233  -  MemoryUsage of job (MB)
	1262212  -  ResidentSetSize of job (KB)
...
006 (3315591.020.000) 01/13 02:06:36 Image size of job updated: 3149208
	1424  -  MemoryUsage of job (MB)
	1458000  -  ResidentSetSize of job (KB)
...
006 (3315591.020.000) 01/13 02:26:37 Image size of job updated: 3479972
	1674  -  MemoryUsage of job (MB)
	1713580  -  ResidentSetSize of job (KB)
...
040 (3315591.020.000) 01/13 02:36:13 Started transferring output files
...
040 (3315591.020.000) 01/13 02:36:14 Finished transferring output files
...
005 (3315591.020.000) 01/13 02:36:14 Job terminated.
	(1) Normal termination (return value 0)
		Usr 0 00:08:06, Sys 0 00:00:29  -  Run Remote Usage
		Usr 0 00:00:00, Sys 0 00:00:00  -  Run Local Usage
		Usr 0 00:08:06, Sys 0 00:00:29  -  Total Remote Usage
		Usr 0 00:00:00, Sys 0 00:00:00  -  Total Local Usage
	8692  -  Run Bytes Sent By Job
	10530  -  Run Bytes Received By Job
	8692  -  Total Bytes Sent By Job
	10530  -  Total Bytes Received By Job
	Partitionable Resources :    Usage  Request Allocated 
	   Cpus                 :     0.02        4         4 
	   Disk (KB)            :    42           1   3036404 
	   Memory (MB)          :  1674        8000      8000 

	Job terminated of its own accord at 2022-01-13T01:36:13Z.
...
