000 (3275838.012.000) 12/22 10:57:05 Job submitted from host: <188.185.70.244:9618?addrs=188.185.70.244-9618+[2001-1458-d00-7--100-2ee]-9618&alias=bigbird10.cern.ch&noUDP&sock=schedd_2095_9300>
...
040 (3275838.012.000) 12/22 11:15:39 Started transferring input files
	Transferring to host: <188.184.164.134:9618?addrs=188.184.164.134-9618+[2001-1458-301-4e--100-80]-9618&alias=b7s13p5735.cern.ch&noUDP&sock=slot1_5_3772_7712_46>
...
040 (3275838.012.000) 12/22 11:15:39 Finished transferring input files
...
001 (3275838.012.000) 12/22 11:15:40 Job executing on host: <188.184.164.134:9618?addrs=188.184.164.134-9618+[2001-1458-301-4e--100-80]-9618&alias=b7s13p5735.cern.ch&noUDP&sock=startd_3276_a459>
...
006 (3275838.012.000) 12/22 11:15:41 Image size of job updated: 788
	0  -  MemoryUsage of job (MB)
	0  -  ResidentSetSize of job (KB)
...
040 (3275838.012.000) 12/22 11:15:41 Started transferring output files
...
040 (3275838.012.000) 12/22 11:15:41 Finished transferring output files
...
005 (3275838.012.000) 12/22 11:15:41 Job terminated.
	(1) Normal termination (return value 1)
		Usr 0 00:00:00, Sys 0 00:00:00  -  Run Remote Usage
		Usr 0 00:00:00, Sys 0 00:00:00  -  Run Local Usage
		Usr 0 00:00:00, Sys 0 00:00:00  -  Total Remote Usage
		Usr 0 00:00:00, Sys 0 00:00:00  -  Total Local Usage
	195  -  Run Bytes Sent By Job
	11186  -  Run Bytes Received By Job
	195  -  Total Bytes Sent By Job
	11186  -  Total Bytes Received By Job
	Partitionable Resources :    Usage  Request Allocated 
	   Cpus                 :                 4         4 
	   Disk (KB)            :       28        1   3127894 
	   Memory (MB)          :        0     8000      8000 

	Job terminated of its own accord at 2021-12-22T10:15:41Z.
...
