000 (3322136.019.000) 01/17 17:42:57 Job submitted from host: <188.185.70.244:9618?addrs=188.185.70.244-9618+[2001-1458-d00-7--100-2ee]-9618&alias=bigbird10.cern.ch&noUDP&sock=schedd_7001_aea1>
...
040 (3322136.019.000) 01/17 18:07:50 Started transferring input files
	Transferring to host: <128.142.61.16:9618?addrs=128.142.61.16-9618+[2001-1458-301-23--100-f]-9618&alias=b7s06p6094.cern.ch&noUDP&sock=slot1_9_3641_29ed_34134>
...
040 (3322136.019.000) 01/17 18:07:50 Finished transferring input files
...
001 (3322136.019.000) 01/17 18:07:51 Job executing on host: <128.142.61.16:9618?addrs=128.142.61.16-9618+[2001-1458-301-23--100-f]-9618&alias=b7s06p6094.cern.ch&noUDP&sock=startd_3594_c377>
...
006 (3322136.019.000) 01/17 18:08:01 Image size of job updated: 1610456
	227  -  MemoryUsage of job (MB)
	231532  -  ResidentSetSize of job (KB)
...
006 (3322136.019.000) 01/17 18:13:02 Image size of job updated: 1785436
	327  -  MemoryUsage of job (MB)
	334336  -  ResidentSetSize of job (KB)
...
006 (3322136.019.000) 01/17 18:18:02 Image size of job updated: 3141280
	1042  -  MemoryUsage of job (MB)
	1066544  -  ResidentSetSize of job (KB)
...
006 (3322136.019.000) 01/17 18:28:03 Image size of job updated: 3637992
	1532  -  MemoryUsage of job (MB)
	1567784  -  ResidentSetSize of job (KB)
...
006 (3322136.019.000) 01/17 18:53:05 Image size of job updated: 4171692
	2080  -  MemoryUsage of job (MB)
	2129708  -  ResidentSetSize of job (KB)
...
006 (3322136.019.000) 01/17 19:33:09 Image size of job updated: 4686064
	2524  -  MemoryUsage of job (MB)
	2584220  -  ResidentSetSize of job (KB)
...
006 (3322136.019.000) 01/17 20:32:49 Image size of job updated: 5016048
	3418  -  MemoryUsage of job (MB)
	3499972  -  ResidentSetSize of job (KB)
...
006 (3322136.019.000) 01/17 21:31:39 Image size of job updated: 6372400
	3614  -  MemoryUsage of job (MB)
	3700676  -  ResidentSetSize of job (KB)
...
006 (3322136.019.000) 01/17 22:18:42 Image size of job updated: 6975368
	4673  -  MemoryUsage of job (MB)
	4784812  -  ResidentSetSize of job (KB)
...
040 (3322136.019.000) 01/17 23:08:09 Started transferring output files
...
040 (3322136.019.000) 01/17 23:08:09 Finished transferring output files
...
009 (3322136.019.000) 01/17 23:08:09 Job was aborted.
	Job removed by SYSTEM_PERIODIC_REMOVE due to wall time exceeded allowed max.
...
