000 (3277185.000.000) 12/25 15:18:28 Job submitted from host: <188.185.70.244:9618?addrs=188.185.70.244-9618+[2001-1458-d00-7--100-2ee]-9618&alias=bigbird10.cern.ch&noUDP&sock=schedd_2095_9300>
...
040 (3277185.000.000) 12/25 15:20:07 Started transferring input files
	Transferring to host: <188.184.163.119:9618?addrs=188.184.163.119-9618+[2001-1458-301-4d--100-71]-9618&alias=b7s12p1087.cern.ch&noUDP&sock=slot1_12_4526_b9f1_8760>
...
040 (3277185.000.000) 12/25 15:20:07 Finished transferring input files
...
001 (3277185.000.000) 12/25 15:20:08 Job executing on host: <188.184.163.119:9618?addrs=188.184.163.119-9618+[2001-1458-301-4d--100-71]-9618&alias=b7s12p1087.cern.ch&noUDP&sock=startd_4320_bd39>
...
006 (3277185.000.000) 12/25 15:20:17 Image size of job updated: 1298920
	155  -  MemoryUsage of job (MB)
	157752  -  ResidentSetSize of job (KB)
...
006 (3277185.000.000) 12/25 15:24:56 Image size of job updated: 1735072
	155  -  MemoryUsage of job (MB)
	157752  -  ResidentSetSize of job (KB)
...
040 (3277185.000.000) 12/25 15:24:56 Started transferring output files
...
040 (3277185.000.000) 12/25 15:24:56 Finished transferring output files
...
005 (3277185.000.000) 12/25 15:24:56 Job terminated.
	(1) Normal termination (return value 0)
		Usr 0 00:00:33, Sys 0 00:00:03  -  Run Remote Usage
		Usr 0 00:00:00, Sys 0 00:00:00  -  Run Local Usage
		Usr 0 00:00:33, Sys 0 00:00:03  -  Total Remote Usage
		Usr 0 00:00:00, Sys 0 00:00:00  -  Total Local Usage
	22596  -  Run Bytes Sent By Job
	11214  -  Run Bytes Received By Job
	22596  -  Total Bytes Sent By Job
	11214  -  Total Bytes Received By Job
	Partitionable Resources :    Usage  Request Allocated 
	   Cpus                 :                 4         4 
	   Disk (KB)            :       49        1   2922246 
	   Memory (MB)          :      155     8000      8000 

	Job terminated of its own accord at 2021-12-25T14:24:56Z.
...
