000 (3273642.000.000) 12/17 12:21:54 Job submitted from host: <188.185.70.244:9618?addrs=188.185.70.244-9618+[2001-1458-d00-7--100-2ee]-9618&alias=bigbird10.cern.ch&noUDP&sock=schedd_2095_9300>
...
040 (3273642.000.000) 12/17 12:32:12 Started transferring input files
	Transferring to host: <128.142.63.28:9618?addrs=128.142.63.28-9618+[2001-1458-301-38--100-19]-9618&alias=b7s08p7717.cern.ch&noUDP&sock=slot1_28_3579_7aab_970>
...
040 (3273642.000.000) 12/17 12:32:12 Finished transferring input files
...
001 (3273642.000.000) 12/17 12:32:13 Job executing on host: <128.142.63.28:9618?addrs=128.142.63.28-9618+[2001-1458-301-38--100-19]-9618&alias=b7s08p7717.cern.ch&noUDP&sock=startd_2923_836b>
...
006 (3273642.000.000) 12/17 12:32:22 Image size of job updated: 320100
	155  -  MemoryUsage of job (MB)
	157792  -  ResidentSetSize of job (KB)
...
006 (3273642.000.000) 12/17 12:37:23 Image size of job updated: 2583580
	1079  -  MemoryUsage of job (MB)
	1104352  -  ResidentSetSize of job (KB)
...
006 (3273642.000.000) 12/17 12:42:23 Image size of job updated: 2599964
	1095  -  MemoryUsage of job (MB)
	1120740  -  ResidentSetSize of job (KB)
...
006 (3273642.000.000) 12/17 12:46:07 Image size of job updated: 2907812
	1095  -  MemoryUsage of job (MB)
	1120740  -  ResidentSetSize of job (KB)
...
040 (3273642.000.000) 12/17 12:46:07 Started transferring output files
...
040 (3273642.000.000) 12/17 12:46:07 Finished transferring output files
...
005 (3273642.000.000) 12/17 12:46:07 Job terminated.
	(1) Normal termination (return value 1)
		Usr 0 00:11:56, Sys 0 00:00:05  -  Run Remote Usage
		Usr 0 00:00:00, Sys 0 00:00:00  -  Run Local Usage
		Usr 0 00:11:56, Sys 0 00:00:05  -  Total Remote Usage
		Usr 0 00:00:00, Sys 0 00:00:00  -  Total Local Usage
	40842  -  Run Bytes Sent By Job
	11180  -  Run Bytes Received By Job
	40842  -  Total Bytes Sent By Job
	11180  -  Total Bytes Received By Job
	Partitionable Resources :    Usage  Request Allocated 
	   Cpus                 :     1.00        4         4 
	   Disk (KB)            :    74           1   1320316 
	   Memory (MB)          :  1095        8000      8000 

	Job terminated of its own accord at 2021-12-17T11:46:07Z.
...
000 (3275364.000.000) 12/20 16:34:07 Job submitted from host: <188.185.70.244:9618?addrs=188.185.70.244-9618+[2001-1458-d00-7--100-2ee]-9618&alias=bigbird10.cern.ch&noUDP&sock=schedd_2095_9300>
...
040 (3275364.000.000) 12/20 16:46:15 Started transferring input files
	Transferring to host: <128.142.60.43:9618?addrs=128.142.60.43-9618&alias=b7s05p4179.cern.ch&noUDP&sock=slot1_10_3601_faec_633>
...
040 (3275364.000.000) 12/20 16:46:15 Finished transferring input files
...
001 (3275364.000.000) 12/20 16:46:16 Job executing on host: <128.142.60.43:9618?addrs=128.142.60.43-9618&alias=b7s05p4179.cern.ch&noUDP&sock=startd_3538_5a29>
...
006 (3275364.000.000) 12/20 16:46:24 Image size of job updated: 1641268
	190  -  MemoryUsage of job (MB)
	193584  -  ResidentSetSize of job (KB)
...
006 (3275364.000.000) 12/20 16:51:24 Image size of job updated: 2571972
	1073  -  MemoryUsage of job (MB)
	1098304  -  ResidentSetSize of job (KB)
...
006 (3275364.000.000) 12/20 16:56:25 Image size of job updated: 2588356
	1089  -  MemoryUsage of job (MB)
	1114688  -  ResidentSetSize of job (KB)
...
040 (3275364.000.000) 12/20 17:15:42 Started transferring output files
...
040 (3275364.000.000) 12/20 17:15:43 Finished transferring output files
...
005 (3275364.000.000) 12/20 17:15:43 Job terminated.
	(1) Normal termination (return value 0)
		Usr 0 00:11:14, Sys 0 00:00:08  -  Run Remote Usage
		Usr 0 00:00:00, Sys 0 00:00:00  -  Run Local Usage
		Usr 0 00:11:14, Sys 0 00:00:08  -  Total Remote Usage
		Usr 0 00:00:00, Sys 0 00:00:00  -  Total Local Usage
	11687587  -  Run Bytes Sent By Job
	11180  -  Run Bytes Received By Job
	11687587  -  Total Bytes Sent By Job
	11180  -  Total Bytes Received By Job
	Partitionable Resources :    Usage  Request Allocated 
	   Cpus                 :     0.01        4         4 
	   Disk (KB)            : 11447           1   1267509 
	   Memory (MB)          :  1089        8000      8000 

	Job terminated of its own accord at 2021-12-20T16:15:41Z.
...
