000 (3322537.004.000) 01/17 18:39:11 Job submitted from host: <188.185.70.244:9618?addrs=188.185.70.244-9618+[2001-1458-d00-7--100-2ee]-9618&alias=bigbird10.cern.ch&noUDP&sock=schedd_7001_aea1>
...
040 (3322537.004.000) 01/17 19:24:09 Entered queue to transfer input files
	Transferring to host: <128.142.63.88:9618?addrs=128.142.63.88-9618+[2001-1458-301-38--100-55]-9618&alias=b7s08p0077.cern.ch&noUDP&sock=slot1_20_4869_669f_38626>
...
040 (3322537.004.000) 01/17 19:27:52 Started transferring input files
	Seconds spent in queue: 223
...
040 (3322537.004.000) 01/17 19:27:52 Finished transferring input files
...
001 (3322537.004.000) 01/17 19:27:53 Job executing on host: <128.142.63.88:9618?addrs=128.142.63.88-9618+[2001-1458-301-38--100-55]-9618&alias=b7s08p0077.cern.ch&noUDP&sock=startd_4519_3c91>
...
006 (3322537.004.000) 01/17 19:28:01 Image size of job updated: 294912
	203  -  MemoryUsage of job (MB)
	206904  -  ResidentSetSize of job (KB)
...
006 (3322537.004.000) 01/17 19:33:01 Image size of job updated: 1760660
	274  -  MemoryUsage of job (MB)
	279880  -  ResidentSetSize of job (KB)
...
040 (3322537.004.000) 01/17 19:34:16 Started transferring output files
	Seconds spent in queue: 607
...
040 (3322537.004.000) 01/17 19:34:16 Finished transferring output files
...
005 (3322537.004.000) 01/17 19:34:16 Job terminated.
	(1) Normal termination (return value 0)
		Usr 0 00:00:21, Sys 0 00:00:02  -  Run Remote Usage
		Usr 0 00:00:00, Sys 0 00:00:00  -  Run Local Usage
		Usr 0 00:00:21, Sys 0 00:00:02  -  Total Remote Usage
		Usr 0 00:00:00, Sys 0 00:00:00  -  Total Local Usage
	1406  -  Run Bytes Sent By Job
	10526  -  Run Bytes Received By Job
	1406  -  Total Bytes Sent By Job
	10526  -  Total Bytes Received By Job
	Partitionable Resources :    Usage  Request Allocated 
	   Cpus                 :        0        4         4 
	   Disk (KB)            :       36        1   1203974 
	   Memory (MB)          :      274     8000      8000 

	Job terminated of its own accord at 2022-01-17T18:34:14Z.
...
