000 (3299772.020.000) 01/10 16:59:38 Job submitted from host: <188.185.70.244:9618?addrs=188.185.70.244-9618+[2001-1458-d00-7--100-2ee]-9618&alias=bigbird10.cern.ch&noUDP&sock=schedd_7001_aea1>
...
040 (3299772.020.000) 01/10 17:07:37 Started transferring input files
	Transferring to host: <188.185.105.175:9618?addrs=188.185.105.175-9618+[2001-1458-d00-3e--100-421]-9618&alias=b7g50s6432.cern.ch&noUDP&sock=slot1_5_8642_d219_55565>
...
040 (3299772.020.000) 01/10 17:07:37 Finished transferring input files
...
001 (3299772.020.000) 01/10 17:07:38 Job executing on host: <188.185.105.175:9618?addrs=188.185.105.175-9618+[2001-1458-d00-3e--100-421]-9618&alias=b7g50s6432.cern.ch&noUDP&sock=startd_8593_a967>
...
006 (3299772.020.000) 01/10 17:07:47 Image size of job updated: 744
	1  -  MemoryUsage of job (MB)
	512  -  ResidentSetSize of job (KB)
...
006 (3299772.020.000) 01/10 17:12:13 Image size of job updated: 1728832
	1  -  MemoryUsage of job (MB)
	512  -  ResidentSetSize of job (KB)
...
040 (3299772.020.000) 01/10 17:12:13 Started transferring output files
...
040 (3299772.020.000) 01/10 17:12:13 Finished transferring output files
...
005 (3299772.020.000) 01/10 17:12:13 Job terminated.
	(1) Normal termination (return value 0)
		Usr 0 00:00:15, Sys 0 00:00:02  -  Run Remote Usage
		Usr 0 00:00:00, Sys 0 00:00:00  -  Run Local Usage
		Usr 0 00:00:15, Sys 0 00:00:02  -  Total Remote Usage
		Usr 0 00:00:00, Sys 0 00:00:00  -  Total Local Usage
	4860  -  Run Bytes Sent By Job
	10525  -  Run Bytes Received By Job
	4860  -  Total Bytes Sent By Job
	10525  -  Total Bytes Received By Job
	Partitionable Resources :    Usage  Request Allocated 
	   Cpus                 :                 4         4 
	   Disk (KB)            :       31        1    567851 
	   Memory (MB)          :        1     8000      8000 

	Job terminated of its own accord at 2022-01-10T16:12:13Z.
...
