000 (3322537.006.000) 01/17 18:39:11 Job submitted from host: <188.185.70.244:9618?addrs=188.185.70.244-9618+[2001-1458-d00-7--100-2ee]-9618&alias=bigbird10.cern.ch&noUDP&sock=schedd_7001_aea1>
...
040 (3322537.006.000) 01/17 19:29:57 Entered queue to transfer input files
	Transferring to host: <128.142.57.22:9618?addrs=128.142.57.22-9618+[2001-1458-301-7--100-15]-9618&alias=b7s02p4264.cern.ch&noUDP&sock=slot1_4_3597_296b_35478>
...
040 (3322537.006.000) 01/17 19:42:17 Started transferring input files
	Seconds spent in queue: 740
...
040 (3322537.006.000) 01/17 19:42:17 Finished transferring input files
...
001 (3322537.006.000) 01/17 19:42:18 Job executing on host: <128.142.57.22:9618?addrs=128.142.57.22-9618+[2001-1458-301-7--100-15]-9618&alias=b7s02p4264.cern.ch&noUDP&sock=startd_2937_1dbe>
...
006 (3322537.006.000) 01/17 19:42:27 Image size of job updated: 291116
	202  -  MemoryUsage of job (MB)
	206828  -  ResidentSetSize of job (KB)
...
006 (3322537.006.000) 01/17 19:47:28 Image size of job updated: 1743540
	282  -  MemoryUsage of job (MB)
	288120  -  ResidentSetSize of job (KB)
...
006 (3322537.006.000) 01/17 19:57:28 Image size of job updated: 1744444
	284  -  MemoryUsage of job (MB)
	289800  -  ResidentSetSize of job (KB)
...
040 (3322537.006.000) 01/17 20:02:30 Started transferring output files
	Seconds spent in queue: 1953
...
040 (3322537.006.000) 01/17 20:02:30 Finished transferring output files
...
005 (3322537.006.000) 01/17 20:02:30 Job terminated.
	(1) Normal termination (return value 0)
		Usr 0 00:00:23, Sys 0 00:00:03  -  Run Remote Usage
		Usr 0 00:00:00, Sys 0 00:00:00  -  Run Local Usage
		Usr 0 00:00:23, Sys 0 00:00:03  -  Total Remote Usage
		Usr 0 00:00:00, Sys 0 00:00:00  -  Total Local Usage
	1406  -  Run Bytes Sent By Job
	10526  -  Run Bytes Received By Job
	1406  -  Total Bytes Sent By Job
	10526  -  Total Bytes Received By Job
	Partitionable Resources :    Usage  Request Allocated 
	   Cpus                 :     0.02        4         4 
	   Disk (KB)            :    36           1   1312049 
	   Memory (MB)          :   284        8000      8000 

	Job terminated of its own accord at 2022-01-17T19:02:30Z.
...
