000 (3314656.007.000) 01/11 16:27:26 Job submitted from host: <188.185.70.244:9618?addrs=188.185.70.244-9618+[2001-1458-d00-7--100-2ee]-9618&alias=bigbird10.cern.ch&noUDP&sock=schedd_7001_aea1>
...
040 (3314656.007.000) 01/11 18:08:45 Started transferring input files
	Transferring to host: <128.142.57.101:9618?addrs=128.142.57.101-9618+[2001-1458-301-7--100-64]-9618&alias=b7s02p4000.cern.ch&noUDP&sock=slot1_16_3849_b7f6_28062>
...
040 (3314656.007.000) 01/11 18:08:45 Finished transferring input files
...
001 (3314656.007.000) 01/11 18:08:46 Job executing on host: <128.142.57.101:9618?addrs=128.142.57.101-9618+[2001-1458-301-7--100-64]-9618&alias=b7s02p4000.cern.ch&noUDP&sock=startd_3271_3660>
...
006 (3314656.007.000) 01/11 18:08:55 Image size of job updated: 320120
	155  -  MemoryUsage of job (MB)
	157828  -  ResidentSetSize of job (KB)
...
006 (3314656.007.000) 01/11 18:13:56 Image size of job updated: 2277236
	698  -  MemoryUsage of job (MB)
	714224  -  ResidentSetSize of job (KB)
...
006 (3314656.007.000) 01/11 18:18:57 Image size of job updated: 2830744
	1045  -  MemoryUsage of job (MB)
	1069212  -  ResidentSetSize of job (KB)
...
006 (3314656.007.000) 01/11 18:23:57 Image size of job updated: 3180852
	1341  -  MemoryUsage of job (MB)
	1372648  -  ResidentSetSize of job (KB)
...
006 (3314656.007.000) 01/11 18:28:58 Image size of job updated: 3180852
	1341  -  MemoryUsage of job (MB)
	1372660  -  ResidentSetSize of job (KB)
...
006 (3314656.007.000) 01/11 18:33:59 Image size of job updated: 3628468
	1709  -  MemoryUsage of job (MB)
	1749480  -  ResidentSetSize of job (KB)
...
006 (3314656.007.000) 01/11 18:38:59 Image size of job updated: 4043044
	2146  -  MemoryUsage of job (MB)
	2196624  -  ResidentSetSize of job (KB)
...
006 (3314656.007.000) 01/11 18:43:59 Image size of job updated: 4043044
	2147  -  MemoryUsage of job (MB)
	2197752  -  ResidentSetSize of job (KB)
...
006 (3314656.007.000) 01/11 18:49:00 Image size of job updated: 4486856
	2539  -  MemoryUsage of job (MB)
	2599812  -  ResidentSetSize of job (KB)
...
006 (3314656.007.000) 01/11 18:54:00 Image size of job updated: 4981808
	2952  -  MemoryUsage of job (MB)
	3021852  -  ResidentSetSize of job (KB)
...
006 (3314656.007.000) 01/11 18:59:00 Image size of job updated: 4981808
	2954  -  MemoryUsage of job (MB)
	3024524  -  ResidentSetSize of job (KB)
...
006 (3314656.007.000) 01/11 19:04:01 Image size of job updated: 5583404
	3396  -  MemoryUsage of job (MB)
	3476764  -  ResidentSetSize of job (KB)
...
006 (3314656.007.000) 01/11 19:09:02 Image size of job updated: 6231352
	4555  -  MemoryUsage of job (MB)
	4663304  -  ResidentSetSize of job (KB)
...
040 (3314656.007.000) 01/11 19:36:39 Started transferring output files
...
040 (3314656.007.000) 01/11 19:36:39 Finished transferring output files
...
005 (3314656.007.000) 01/11 19:36:39 Job terminated.
	(1) Normal termination (return value 0)
		Usr 0 00:24:36, Sys 0 00:00:47  -  Run Remote Usage
		Usr 0 00:00:00, Sys 0 00:00:00  -  Run Local Usage
		Usr 0 00:24:36, Sys 0 00:00:47  -  Total Remote Usage
		Usr 0 00:00:00, Sys 0 00:00:00  -  Total Local Usage
	20278  -  Run Bytes Sent By Job
	10522  -  Run Bytes Received By Job
	20278  -  Total Bytes Sent By Job
	10522  -  Total Bytes Received By Job
	Partitionable Resources :    Usage  Request Allocated 
	   Cpus                 :        0        4         4 
	   Disk (KB)            :       54        1   1375358 
	   Memory (MB)          :     4555     8000      8000 

	Job terminated of its own accord at 2022-01-11T18:36:39Z.
...
