000 (3314882.006.000) 01/12 10:53:21 Job submitted from host: <188.185.70.244:9618?addrs=188.185.70.244-9618+[2001-1458-d00-7--100-2ee]-9618&alias=bigbird10.cern.ch&noUDP&sock=schedd_7001_aea1>
...
040 (3314882.006.000) 01/12 10:54:12 Started transferring input files
	Transferring to host: <188.184.162.131:9618?addrs=188.184.162.131-9618+[2001-1458-301-4a--100-7d]-9618&alias=b7s11p4417.cern.ch&noUDP&sock=slot1_18_3548_a309_26674>
...
040 (3314882.006.000) 01/12 10:54:12 Finished transferring input files
...
001 (3314882.006.000) 01/12 10:54:13 Job executing on host: <188.184.162.131:9618?addrs=188.184.162.131-9618+[2001-1458-301-4a--100-7d]-9618&alias=b7s11p4417.cern.ch&noUDP&sock=startd_2829_0983>
...
006 (3314882.006.000) 01/12 10:54:22 Image size of job updated: 1257564
	155  -  MemoryUsage of job (MB)
	157780  -  ResidentSetSize of job (KB)
...
006 (3314882.006.000) 01/12 10:59:23 Image size of job updated: 1747164
	286  -  MemoryUsage of job (MB)
	291924  -  ResidentSetSize of job (KB)
...
006 (3314882.006.000) 01/12 11:04:23 Image size of job updated: 1792476
	802  -  MemoryUsage of job (MB)
	820860  -  ResidentSetSize of job (KB)
...
006 (3314882.006.000) 01/12 11:09:24 Image size of job updated: 2473948
	802  -  MemoryUsage of job (MB)
	820860  -  ResidentSetSize of job (KB)
...
040 (3314882.006.000) 01/12 11:18:19 Started transferring output files
...
040 (3314882.006.000) 01/12 11:18:19 Finished transferring output files
...
004 (3314882.006.000) 01/12 11:18:19 Job was evicted.
	(0) CPU times
		Usr 0 00:02:23, Sys 0 00:00:08  -  Run Remote Usage
		Usr 0 00:00:00, Sys 0 00:00:00  -  Run Local Usage
	8342  -  Run Bytes Sent By Job
	10531  -  Run Bytes Received By Job
	Partitionable Resources :    Usage  Request Allocated 
	   Cpus                 :     0.14        4         4 
	   Disk (KB)            :    42           1   3000263 
	   Memory (MB)          :   802        8000      8000 
...
009 (3314882.006.000) 01/12 11:18:19 Job was aborted.
	via condor_rm (by user vdamante)
...
