000 (3277185.022.000) 12/25 15:18:28 Job submitted from host: <188.185.70.244:9618?addrs=188.185.70.244-9618+[2001-1458-d00-7--100-2ee]-9618&alias=bigbird10.cern.ch&noUDP&sock=schedd_2095_9300>
...
040 (3277185.022.000) 12/25 15:20:14 Started transferring input files
	Transferring to host: <188.184.162.191:9618?addrs=188.184.162.191-9618+[2001-1458-301-4a--100-b9]-9618&alias=b7s11p7398.cern.ch&noUDP&sock=slot1_1_4438_b8ee_9215>
...
040 (3277185.022.000) 12/25 15:20:14 Finished transferring input files
...
001 (3277185.022.000) 12/25 15:20:15 Job executing on host: <188.184.162.191:9618?addrs=188.184.162.191-9618+[2001-1458-301-4a--100-b9]-9618&alias=b7s11p7398.cern.ch&noUDP&sock=startd_4208_ea9d>
...
006 (3277185.022.000) 12/25 15:20:24 Image size of job updated: 320064
	155  -  MemoryUsage of job (MB)
	157752  -  ResidentSetSize of job (KB)
...
006 (3277185.022.000) 12/25 15:22:21 Image size of job updated: 1735008
	155  -  MemoryUsage of job (MB)
	157752  -  ResidentSetSize of job (KB)
...
040 (3277185.022.000) 12/25 15:22:21 Started transferring output files
...
040 (3277185.022.000) 12/25 15:22:21 Finished transferring output files
...
005 (3277185.022.000) 12/25 15:22:21 Job terminated.
	(1) Normal termination (return value 0)
		Usr 0 00:00:19, Sys 0 00:00:03  -  Run Remote Usage
		Usr 0 00:00:00, Sys 0 00:00:00  -  Run Local Usage
		Usr 0 00:00:19, Sys 0 00:00:03  -  Total Remote Usage
		Usr 0 00:00:00, Sys 0 00:00:00  -  Total Local Usage
	22605  -  Run Bytes Sent By Job
	11214  -  Run Bytes Received By Job
	22605  -  Total Bytes Sent By Job
	11214  -  Total Bytes Received By Job
	Partitionable Resources :    Usage  Request Allocated 
	   Cpus                 :                 4         4 
	   Disk (KB)            :       49        1   2922109 
	   Memory (MB)          :      155     8000      8000 

	Job terminated of its own accord at 2021-12-25T14:22:21Z.
...
