000 (3314656.011.000) 01/11 16:27:26 Job submitted from host: <188.185.70.244:9618?addrs=188.185.70.244-9618+[2001-1458-d00-7--100-2ee]-9618&alias=bigbird10.cern.ch&noUDP&sock=schedd_7001_aea1>
...
040 (3314656.011.000) 01/11 19:47:49 Started transferring input files
	Transferring to host: <128.142.60.55:9618?addrs=128.142.60.55-9618+[2001-1458-301-22--100-36]-9618&alias=b7s05p9312.cern.ch&noUDP&sock=slot1_1_3584_008b_25956>
...
040 (3314656.011.000) 01/11 19:47:49 Finished transferring input files
...
001 (3314656.011.000) 01/11 19:47:50 Job executing on host: <128.142.60.55:9618?addrs=128.142.60.55-9618+[2001-1458-301-22--100-36]-9618&alias=b7s05p9312.cern.ch&noUDP&sock=startd_3012_8f58>
...
006 (3314656.011.000) 01/11 19:47:59 Image size of job updated: 320104
	155  -  MemoryUsage of job (MB)
	157800  -  ResidentSetSize of job (KB)
...
006 (3314656.011.000) 01/11 19:53:00 Image size of job updated: 2453596
	698  -  MemoryUsage of job (MB)
	713956  -  ResidentSetSize of job (KB)
...
006 (3314656.011.000) 01/11 20:58:06 Image size of job updated: 2826484
	1042  -  MemoryUsage of job (MB)
	1066000  -  ResidentSetSize of job (KB)
...
006 (3314656.011.000) 01/11 21:33:11 Image size of job updated: 3192456
	1329  -  MemoryUsage of job (MB)
	1360264  -  ResidentSetSize of job (KB)
...
006 (3314656.011.000) 01/11 21:48:12 Image size of job updated: 3192456
	1329  -  MemoryUsage of job (MB)
	1360268  -  ResidentSetSize of job (KB)
...
006 (3314656.011.000) 01/11 22:03:14 Image size of job updated: 3192456
	1330  -  MemoryUsage of job (MB)
	1361504  -  ResidentSetSize of job (KB)
...
006 (3314656.011.000) 01/11 22:08:15 Image size of job updated: 3610340
	1846  -  MemoryUsage of job (MB)
	1889416  -  ResidentSetSize of job (KB)
...
006 (3314656.011.000) 01/11 22:38:18 Image size of job updated: 4045728
	2356  -  MemoryUsage of job (MB)
	2411988  -  ResidentSetSize of job (KB)
...
006 (3314656.011.000) 01/11 23:08:20 Image size of job updated: 4045728
	2356  -  MemoryUsage of job (MB)
	2412388  -  ResidentSetSize of job (KB)
...
006 (3314656.011.000) 01/11 23:13:22 Image size of job updated: 4557760
	2578  -  MemoryUsage of job (MB)
	2639536  -  ResidentSetSize of job (KB)
...
006 (3314656.011.000) 01/11 23:28:23 Image size of job updated: 4557760
	2578  -  MemoryUsage of job (MB)
	2639540  -  ResidentSetSize of job (KB)
...
006 (3314656.011.000) 01/11 23:43:24 Image size of job updated: 5337512
	3085  -  MemoryUsage of job (MB)
	3158572  -  ResidentSetSize of job (KB)
...
006 (3314656.011.000) 01/12 00:18:28 Image size of job updated: 6044180
	3740  -  MemoryUsage of job (MB)
	3829248  -  ResidentSetSize of job (KB)
...
006 (3314656.011.000) 01/12 00:48:31 Image size of job updated: 6044180
	3745  -  MemoryUsage of job (MB)
	3834744  -  ResidentSetSize of job (KB)
...
006 (3314656.011.000) 01/12 00:53:32 Image size of job updated: 6750236
	4415  -  MemoryUsage of job (MB)
	4520060  -  ResidentSetSize of job (KB)
...
040 (3314656.011.000) 01/12 01:21:58 Started transferring output files
...
040 (3314656.011.000) 01/12 01:21:58 Finished transferring output files
...
005 (3314656.011.000) 01/12 01:21:58 Job terminated.
	(1) Normal termination (return value 0)
		Usr 0 00:28:41, Sys 0 00:00:52  -  Run Remote Usage
		Usr 0 00:00:00, Sys 0 00:00:00  -  Run Local Usage
		Usr 0 00:28:41, Sys 0 00:00:52  -  Total Remote Usage
		Usr 0 00:00:00, Sys 0 00:00:00  -  Total Local Usage
	22123  -  Run Bytes Sent By Job
	10522  -  Run Bytes Received By Job
	22123  -  Total Bytes Sent By Job
	10522  -  Total Bytes Received By Job
	Partitionable Resources :    Usage  Request Allocated 
	   Cpus                 :     0.02        4         4 
	   Disk (KB)            :    55           1   1287006 
	   Memory (MB)          :  4415        8000      8000 

	Job terminated of its own accord at 2022-01-12T00:21:58Z.
...
