000 (3295146.002.000) 01/10 15:19:52 Job submitted from host: <188.185.70.244:9618?addrs=188.185.70.244-9618+[2001-1458-d00-7--100-2ee]-9618&alias=bigbird10.cern.ch&noUDP&sock=schedd_7001_aea1>
...
040 (3295146.002.000) 01/10 15:32:18 Started transferring input files
	Transferring to host: <188.184.162.34:9618?addrs=188.184.162.34-9618+[2001-1458-301-4a--100-1c]-9618&alias=b7s11p7595.cern.ch&noUDP&sock=slot1_21_3931_7eb9_23762>
...
040 (3295146.002.000) 01/10 15:32:18 Finished transferring input files
...
001 (3295146.002.000) 01/10 15:32:19 Job executing on host: <188.184.162.34:9618?addrs=188.184.162.34-9618+[2001-1458-301-4a--100-1c]-9618&alias=b7s11p7595.cern.ch&noUDP&sock=startd_3145_c971>
...
006 (3295146.002.000) 01/10 15:32:28 Image size of job updated: 268900
	114  -  MemoryUsage of job (MB)
	116700  -  ResidentSetSize of job (KB)
...
006 (3295146.002.000) 01/10 15:37:29 Image size of job updated: 1732300
	272  -  MemoryUsage of job (MB)
	277628  -  ResidentSetSize of job (KB)
...
040 (3295146.002.000) 01/10 15:38:40 Started transferring output files
...
040 (3295146.002.000) 01/10 15:38:40 Finished transferring output files
...
005 (3295146.002.000) 01/10 15:38:40 Job terminated.
	(1) Normal termination (return value 0)
		Usr 0 00:00:48, Sys 0 00:00:04  -  Run Remote Usage
		Usr 0 00:00:00, Sys 0 00:00:00  -  Run Local Usage
		Usr 0 00:00:48, Sys 0 00:00:04  -  Total Remote Usage
		Usr 0 00:00:00, Sys 0 00:00:00  -  Total Local Usage
	6627  -  Run Bytes Sent By Job
	10525  -  Run Bytes Received By Job
	6627  -  Total Bytes Sent By Job
	10525  -  Total Bytes Received By Job
	Partitionable Resources :    Usage  Request Allocated 
	   Cpus                 :                 4         4 
	   Disk (KB)            :       33        1   2930751 
	   Memory (MB)          :      272     8000      8000 

	Job terminated of its own accord at 2022-01-10T14:38:40Z.
...
