000 (3314656.010.000) 01/11 16:27:26 Job submitted from host: <188.185.70.244:9618?addrs=188.185.70.244-9618+[2001-1458-d00-7--100-2ee]-9618&alias=bigbird10.cern.ch&noUDP&sock=schedd_7001_aea1>
...
040 (3314656.010.000) 01/11 19:47:50 Started transferring input files
	Transferring to host: <128.142.33.200:9618?addrs=128.142.33.200-9618+[2001-1458-301-39--100-5]-9618&alias=b7g24p5933.cern.ch&noUDP&sock=slot1_11_50367_db99_109670>
...
040 (3314656.010.000) 01/11 19:47:50 Finished transferring input files
...
001 (3314656.010.000) 01/11 19:47:51 Job executing on host: <128.142.33.200:9618?addrs=128.142.33.200-9618+[2001-1458-301-39--100-5]-9618&alias=b7g24p5933.cern.ch&noUDP&sock=startd_4836_ac17>
...
006 (3314656.010.000) 01/11 19:48:00 Image size of job updated: 61508
	31  -  MemoryUsage of job (MB)
	31592  -  ResidentSetSize of job (KB)
...
006 (3314656.010.000) 01/11 19:53:01 Image size of job updated: 1731636
	267  -  MemoryUsage of job (MB)
	272592  -  ResidentSetSize of job (KB)
...
006 (3314656.010.000) 01/11 20:13:03 Image size of job updated: 2224152
	694  -  MemoryUsage of job (MB)
	710208  -  ResidentSetSize of job (KB)
...
006 (3314656.010.000) 01/11 20:38:05 Image size of job updated: 2224152
	694  -  MemoryUsage of job (MB)
	710220  -  ResidentSetSize of job (KB)
...
006 (3314656.010.000) 01/11 20:43:05 Image size of job updated: 2825476
	1042  -  MemoryUsage of job (MB)
	1066856  -  ResidentSetSize of job (KB)
...
006 (3314656.010.000) 01/11 21:13:08 Image size of job updated: 3191088
	1328  -  MemoryUsage of job (MB)
	1359384  -  ResidentSetSize of job (KB)
...
006 (3314656.010.000) 01/11 21:38:10 Image size of job updated: 3191088
	1330  -  MemoryUsage of job (MB)
	1361192  -  ResidentSetSize of job (KB)
...
006 (3314656.010.000) 01/11 21:43:11 Image size of job updated: 3621312
	1702  -  MemoryUsage of job (MB)
	1742464  -  ResidentSetSize of job (KB)
...
006 (3314656.010.000) 01/11 22:03:14 Image size of job updated: 3621312
	1702  -  MemoryUsage of job (MB)
	1742468  -  ResidentSetSize of job (KB)
...
006 (3314656.010.000) 01/11 22:08:17 Image size of job updated: 4037592
	2140  -  MemoryUsage of job (MB)
	2190556  -  ResidentSetSize of job (KB)
...
006 (3314656.010.000) 01/11 22:33:17 Image size of job updated: 4037592
	2141  -  MemoryUsage of job (MB)
	2192328  -  ResidentSetSize of job (KB)
...
006 (3314656.010.000) 01/11 22:38:18 Image size of job updated: 4932272
	2529  -  MemoryUsage of job (MB)
	2589468  -  ResidentSetSize of job (KB)
...
006 (3314656.010.000) 01/11 23:03:20 Image size of job updated: 5003348
	2951  -  MemoryUsage of job (MB)
	3021380  -  ResidentSetSize of job (KB)
...
006 (3314656.010.000) 01/11 23:28:22 Image size of job updated: 5003348
	2951  -  MemoryUsage of job (MB)
	3021384  -  ResidentSetSize of job (KB)
...
006 (3314656.010.000) 01/11 23:33:23 Image size of job updated: 5239612
	3668  -  MemoryUsage of job (MB)
	3755032  -  ResidentSetSize of job (KB)
...
006 (3314656.010.000) 01/11 23:38:23 Image size of job updated: 5690280
	3668  -  MemoryUsage of job (MB)
	3755032  -  ResidentSetSize of job (KB)
...
006 (3314656.010.000) 01/12 00:03:26 Image size of job updated: 6259024
	4664  -  MemoryUsage of job (MB)
	4775468  -  ResidentSetSize of job (KB)
...
040 (3314656.010.000) 01/12 00:29:12 Entered queue to transfer output files
...
040 (3314656.010.000) 01/12 00:29:33 Started transferring output files
...
040 (3314656.010.000) 01/12 00:29:34 Finished transferring output files
...
005 (3314656.010.000) 01/12 00:29:34 Job terminated.
	(1) Normal termination (return value 0)
		Usr 0 00:30:32, Sys 0 00:00:57  -  Run Remote Usage
		Usr 0 00:00:00, Sys 0 00:00:00  -  Run Local Usage
		Usr 0 00:30:32, Sys 0 00:00:57  -  Total Remote Usage
		Usr 0 00:00:00, Sys 0 00:00:00  -  Total Local Usage
	19431  -  Run Bytes Sent By Job
	10522  -  Run Bytes Received By Job
	19431  -  Total Bytes Sent By Job
	10522  -  Total Bytes Received By Job
	Partitionable Resources :    Usage  Request Allocated 
	   Cpus                 :     0.04        4         4 
	   Disk (KB)            :    53           1   2733085 
	   Memory (MB)          :  4664        8000      8000 

	Job terminated of its own accord at 2022-01-11T23:29:07Z.
...
