000 (3322136.000.000) 01/17 17:42:57 Job submitted from host: <188.185.70.244:9618?addrs=188.185.70.244-9618+[2001-1458-d00-7--100-2ee]-9618&alias=bigbird10.cern.ch&noUDP&sock=schedd_7001_aea1>
...
040 (3322136.000.000) 01/17 18:08:26 Started transferring input files
	Transferring to host: <128.142.58.165:9618?addrs=128.142.58.165-9618+[2001-1458-301-16--100-a4]-9618&alias=b7s03p8220.cern.ch&noUDP&sock=slot1_14_6073_ba50_36340>
...
040 (3322136.000.000) 01/17 18:08:26 Finished transferring input files
...
001 (3322136.000.000) 01/17 18:08:27 Job executing on host: <128.142.58.165:9618?addrs=128.142.58.165-9618+[2001-1458-301-16--100-a4]-9618&alias=b7s03p8220.cern.ch&noUDP&sock=startd_6026_e9cb>
...
006 (3322136.000.000) 01/17 18:08:36 Image size of job updated: 1521836
	256  -  MemoryUsage of job (MB)
	261484  -  ResidentSetSize of job (KB)
...
006 (3322136.000.000) 01/17 18:13:37 Image size of job updated: 2239668
	1250  -  MemoryUsage of job (MB)
	1279236  -  ResidentSetSize of job (KB)
...
006 (3322136.000.000) 01/17 18:18:38 Image size of job updated: 3095724
	1250  -  MemoryUsage of job (MB)
	1279236  -  ResidentSetSize of job (KB)
...
006 (3322136.000.000) 01/17 19:03:41 Image size of job updated: 3731036
	1554  -  MemoryUsage of job (MB)
	1590984  -  ResidentSetSize of job (KB)
...
006 (3322136.000.000) 01/17 19:53:46 Image size of job updated: 3731036
	1554  -  MemoryUsage of job (MB)
	1590988  -  ResidentSetSize of job (KB)
...
006 (3322136.000.000) 01/17 20:23:49 Image size of job updated: 4535880
	2766  -  MemoryUsage of job (MB)
	2832124  -  ResidentSetSize of job (KB)
...
006 (3322136.000.000) 01/17 21:53:57 Image size of job updated: 4978600
	2766  -  MemoryUsage of job (MB)
	2832124  -  ResidentSetSize of job (KB)
...
040 (3322136.000.000) 01/17 23:08:43 Started transferring output files
...
040 (3322136.000.000) 01/17 23:08:43 Finished transferring output files
...
009 (3322136.000.000) 01/17 23:08:43 Job was aborted.
	Job removed by SYSTEM_PERIODIC_REMOVE due to wall time exceeded allowed max.
...
