000 (3316947.002.000) 01/13 10:23:45 Job submitted from host: <188.185.70.244:9618?addrs=188.185.70.244-9618+[2001-1458-d00-7--100-2ee]-9618&alias=bigbird10.cern.ch&noUDP&sock=schedd_7001_aea1>
...
040 (3316947.002.000) 01/13 10:27:35 Started transferring input files
	Transferring to host: <128.142.128.149:9618?addrs=128.142.128.149-9618+[2001-1458-301-10--100-94]-9618&alias=b7g25p7638.cern.ch&noUDP&sock=slot1_24_3532_5d09_95227>
...
040 (3316947.002.000) 01/13 10:27:35 Finished transferring input files
...
001 (3316947.002.000) 01/13 10:27:36 Job executing on host: <128.142.128.149:9618?addrs=128.142.128.149-9618+[2001-1458-301-10--100-94]-9618&alias=b7g25p7638.cern.ch&noUDP&sock=startd_2898_5d8c>
...
006 (3316947.002.000) 01/13 10:27:45 Image size of job updated: 1219380
	155  -  MemoryUsage of job (MB)
	157852  -  ResidentSetSize of job (KB)
...
006 (3316947.002.000) 01/13 10:32:46 Image size of job updated: 1988336
	518  -  MemoryUsage of job (MB)
	529792  -  ResidentSetSize of job (KB)
...
006 (3316947.002.000) 01/13 11:07:50 Image size of job updated: 1988336
	518  -  MemoryUsage of job (MB)
	529796  -  ResidentSetSize of job (KB)
...
006 (3316947.002.000) 01/13 11:12:51 Image size of job updated: 2176420
	703  -  MemoryUsage of job (MB)
	719392  -  ResidentSetSize of job (KB)
...
006 (3316947.002.000) 01/13 11:42:53 Image size of job updated: 2176676
	704  -  MemoryUsage of job (MB)
	720428  -  ResidentSetSize of job (KB)
...
006 (3316947.002.000) 01/13 11:47:54 Image size of job updated: 2372084
	896  -  MemoryUsage of job (MB)
	916800  -  ResidentSetSize of job (KB)
...
006 (3316947.002.000) 01/13 12:12:56 Image size of job updated: 2698552
	1159  -  MemoryUsage of job (MB)
	1186260  -  ResidentSetSize of job (KB)
...
006 (3316947.002.000) 01/13 12:17:56 Image size of job updated: 2833536
	1159  -  MemoryUsage of job (MB)
	1186260  -  ResidentSetSize of job (KB)
...
006 (3316947.002.000) 01/13 12:42:59 Image size of job updated: 3148828
	1410  -  MemoryUsage of job (MB)
	1443568  -  ResidentSetSize of job (KB)
...
006 (3316947.002.000) 01/13 13:08:02 Image size of job updated: 3148828
	1412  -  MemoryUsage of job (MB)
	1445644  -  ResidentSetSize of job (KB)
...
006 (3316947.002.000) 01/13 13:13:02 Image size of job updated: 3271012
	1703  -  MemoryUsage of job (MB)
	1743520  -  ResidentSetSize of job (KB)
...
006 (3316947.002.000) 01/13 13:33:04 Image size of job updated: 3271012
	1703  -  MemoryUsage of job (MB)
	1743524  -  ResidentSetSize of job (KB)
...
006 (3316947.002.000) 01/13 13:38:05 Image size of job updated: 3859736
	1980  -  MemoryUsage of job (MB)
	2027104  -  ResidentSetSize of job (KB)
...
006 (3316947.002.000) 01/13 14:08:08 Image size of job updated: 4229792
	2478  -  MemoryUsage of job (MB)
	2536780  -  ResidentSetSize of job (KB)
...
006 (3316947.002.000) 01/13 14:43:12 Image size of job updated: 4714532
	2943  -  MemoryUsage of job (MB)
	3013184  -  ResidentSetSize of job (KB)
...
006 (3316947.002.000) 01/13 14:58:13 Image size of job updated: 4714532
	2943  -  MemoryUsage of job (MB)
	3013188  -  ResidentSetSize of job (KB)
...
040 (3316947.002.000) 01/13 15:13:34 Started transferring output files
...
040 (3316947.002.000) 01/13 15:13:34 Finished transferring output files
...
005 (3316947.002.000) 01/13 15:13:34 Job terminated.
	(1) Normal termination (return value 0)
		Usr 0 00:19:10, Sys 0 00:01:10  -  Run Remote Usage
		Usr 0 00:00:00, Sys 0 00:00:00  -  Run Local Usage
		Usr 0 00:19:10, Sys 0 00:01:10  -  Total Remote Usage
		Usr 0 00:00:00, Sys 0 00:00:00  -  Total Local Usage
	14248  -  Run Bytes Sent By Job
	10530  -  Run Bytes Received By Job
	14248  -  Total Bytes Sent By Job
	10530  -  Total Bytes Received By Job
	Partitionable Resources :    Usage  Request Allocated 
	   Cpus                 :     0.02        4         4 
	   Disk (KB)            :    48           1   2863089 
	   Memory (MB)          :  2943        8000      8000 

	Job terminated of its own accord at 2022-01-13T14:13:34Z.
...
