000 (3317648.000.000) 01/14 10:41:24 Job submitted from host: <188.185.70.244:9618?addrs=188.185.70.244-9618+[2001-1458-d00-7--100-2ee]-9618&alias=bigbird10.cern.ch&noUDP&sock=schedd_7001_aea1>
...
040 (3317648.000.000) 01/14 15:59:27 Started transferring input files
	Transferring to host: <188.184.165.117:9618?addrs=188.184.165.117-9618+[2001-1458-301-51--100-70]-9618&alias=b7s14p4148.cern.ch&noUDP&sock=slot1_7_4898_d580_28498>
...
040 (3317648.000.000) 01/14 15:59:27 Finished transferring input files
...
001 (3317648.000.000) 01/14 15:59:28 Job executing on host: <188.184.165.117:9618?addrs=188.184.165.117-9618+[2001-1458-301-51--100-70]-9618&alias=b7s14p4148.cern.ch&noUDP&sock=startd_4668_702e>
...
006 (3317648.000.000) 01/14 15:59:36 Image size of job updated: 320148
	155  -  MemoryUsage of job (MB)
	157848  -  ResidentSetSize of job (KB)
...
006 (3317648.000.000) 01/14 16:04:36 Image size of job updated: 2313276
	619  -  MemoryUsage of job (MB)
	632988  -  ResidentSetSize of job (KB)
...
006 (3317648.000.000) 01/14 16:24:37 Image size of job updated: 2313276
	619  -  MemoryUsage of job (MB)
	633148  -  ResidentSetSize of job (KB)
...
006 (3317648.000.000) 01/14 16:39:38 Image size of job updated: 2313276
	619  -  MemoryUsage of job (MB)
	633152  -  ResidentSetSize of job (KB)
...
006 (3317648.000.000) 01/14 16:59:40 Image size of job updated: 2666388
	934  -  MemoryUsage of job (MB)
	955784  -  ResidentSetSize of job (KB)
...
006 (3317648.000.000) 01/14 17:44:45 Image size of job updated: 2666388
	935  -  MemoryUsage of job (MB)
	956928  -  ResidentSetSize of job (KB)
...
006 (3317648.000.000) 01/14 17:49:46 Image size of job updated: 3016588
	1208  -  MemoryUsage of job (MB)
	1236040  -  ResidentSetSize of job (KB)
...
006 (3317648.000.000) 01/14 18:09:48 Image size of job updated: 3016588
	1208  -  MemoryUsage of job (MB)
	1236044  -  ResidentSetSize of job (KB)
...
006 (3317648.000.000) 01/14 18:34:49 Image size of job updated: 3016588
	1208  -  MemoryUsage of job (MB)
	1236456  -  ResidentSetSize of job (KB)
...
006 (3317648.000.000) 01/14 18:39:50 Image size of job updated: 3379720
	1490  -  MemoryUsage of job (MB)
	1525028  -  ResidentSetSize of job (KB)
...
006 (3317648.000.000) 01/14 19:19:55 Image size of job updated: 3797788
	1823  -  MemoryUsage of job (MB)
	1865972  -  ResidentSetSize of job (KB)
...
006 (3317648.000.000) 01/14 19:49:59 Image size of job updated: 4250096
	2513  -  MemoryUsage of job (MB)
	2572736  -  ResidentSetSize of job (KB)
...
006 (3317648.000.000) 01/14 20:10:00 Image size of job updated: 4250096
	2514  -  MemoryUsage of job (MB)
	2574148  -  ResidentSetSize of job (KB)
...
006 (3317648.000.000) 01/14 20:15:00 Image size of job updated: 4790200
	2786  -  MemoryUsage of job (MB)
	2851916  -  ResidentSetSize of job (KB)
...
006 (3317648.000.000) 01/14 20:35:03 Image size of job updated: 5428340
	3279  -  MemoryUsage of job (MB)
	3357180  -  ResidentSetSize of job (KB)
...
006 (3317648.000.000) 01/14 20:55:06 Image size of job updated: 5428340
	3280  -  MemoryUsage of job (MB)
	3357856  -  ResidentSetSize of job (KB)
...
006 (3317648.000.000) 01/14 21:00:06 Image size of job updated: 6038024
	3826  -  MemoryUsage of job (MB)
	3916848  -  ResidentSetSize of job (KB)
...
006 (3317648.000.000) 01/14 21:05:06 Image size of job updated: 6038024
	3826  -  MemoryUsage of job (MB)
	3916852  -  ResidentSetSize of job (KB)
...
006 (3317648.000.000) 01/14 21:10:07 Image size of job updated: 6038024
	3827  -  MemoryUsage of job (MB)
	3918516  -  ResidentSetSize of job (KB)
...
006 (3317648.000.000) 01/14 21:35:09 Image size of job updated: 6038024
	3827  -  MemoryUsage of job (MB)
	3918520  -  ResidentSetSize of job (KB)
...
040 (3317648.000.000) 01/14 21:37:41 Started transferring output files
...
040 (3317648.000.000) 01/14 21:37:41 Finished transferring output files
...
005 (3317648.000.000) 01/14 21:37:41 Job terminated.
	(1) Normal termination (return value 0)
		Usr 0 00:29:36, Sys 0 00:00:49  -  Run Remote Usage
		Usr 0 00:00:00, Sys 0 00:00:00  -  Run Local Usage
		Usr 0 00:29:36, Sys 0 00:00:49  -  Total Remote Usage
		Usr 0 00:00:00, Sys 0 00:00:00  -  Total Local Usage
	6895  -  Run Bytes Sent By Job
	10522  -  Run Bytes Received By Job
	6895  -  Total Bytes Sent By Job
	10522  -  Total Bytes Received By Job
	Partitionable Resources :    Usage  Request Allocated 
	   Cpus                 :     0.00        4         4 
	   Disk (KB)            :    38           1   2888717 
	   Memory (MB)          :  3827        8000      8000 

	Job terminated of its own accord at 2022-01-14T20:37:41Z.
...
