000 (3299772.009.000) 01/10 16:59:38 Job submitted from host: <188.185.70.244:9618?addrs=188.185.70.244-9618+[2001-1458-d00-7--100-2ee]-9618&alias=bigbird10.cern.ch&noUDP&sock=schedd_7001_aea1>
...
040 (3299772.009.000) 01/10 17:04:50 Started transferring input files
	Transferring to host: <128.142.61.99:9618?addrs=128.142.61.99-9618+[2001-1458-301-23--100-62]-9618&alias=b7s06p3874.cern.ch&noUDP&sock=slot1_15_3593_57eb_27219>
...
040 (3299772.009.000) 01/10 17:04:50 Finished transferring input files
...
001 (3299772.009.000) 01/10 17:04:51 Job executing on host: <128.142.61.99:9618?addrs=128.142.61.99-9618+[2001-1458-301-23--100-62]-9618&alias=b7s06p3874.cern.ch&noUDP&sock=startd_3025_7a13>
...
006 (3299772.009.000) 01/10 17:04:59 Image size of job updated: 705432
	208  -  MemoryUsage of job (MB)
	212960  -  ResidentSetSize of job (KB)
...
006 (3299772.009.000) 01/10 17:09:59 Image size of job updated: 1723484
	263  -  MemoryUsage of job (MB)
	268716  -  ResidentSetSize of job (KB)
...
040 (3299772.009.000) 01/10 17:11:11 Started transferring output files
...
040 (3299772.009.000) 01/10 17:11:11 Finished transferring output files
...
005 (3299772.009.000) 01/10 17:11:11 Job terminated.
	(1) Normal termination (return value 0)
		Usr 0 00:00:24, Sys 0 00:00:03  -  Run Remote Usage
		Usr 0 00:00:00, Sys 0 00:00:00  -  Run Local Usage
		Usr 0 00:00:24, Sys 0 00:00:03  -  Total Remote Usage
		Usr 0 00:00:00, Sys 0 00:00:00  -  Total Local Usage
	6105  -  Run Bytes Sent By Job
	10525  -  Run Bytes Received By Job
	6105  -  Total Bytes Sent By Job
	10525  -  Total Bytes Received By Job
	Partitionable Resources :    Usage  Request Allocated 
	   Cpus                 :                 4         4 
	   Disk (KB)            :       32        1   1317216 
	   Memory (MB)          :      263     8000      8000 

	Job terminated of its own accord at 2022-01-10T16:11:11Z.
...
