000 (3294120.014.000) 01/10 14:43:38 Job submitted from host: <188.185.70.244:9618?addrs=188.185.70.244-9618+[2001-1458-d00-7--100-2ee]-9618&alias=bigbird10.cern.ch&noUDP&sock=schedd_7001_aea1>
...
040 (3294120.014.000) 01/10 14:48:09 Started transferring input files
	Transferring to host: <128.142.57.144:9618?addrs=128.142.57.144-9618+[2001-1458-301-7--100-8f]-9618&alias=b7s02p6958.cern.ch&noUDP&sock=slot1_4_3582_97cb_24714>
...
040 (3294120.014.000) 01/10 14:48:09 Finished transferring input files
...
001 (3294120.014.000) 01/10 14:48:10 Job executing on host: <128.142.57.144:9618?addrs=128.142.57.144-9618+[2001-1458-301-7--100-8f]-9618&alias=b7s02p6958.cern.ch&noUDP&sock=startd_2874_e747>
...
006 (3294120.014.000) 01/10 14:48:19 Image size of job updated: 300632
	208  -  MemoryUsage of job (MB)
	212208  -  ResidentSetSize of job (KB)
...
006 (3294120.014.000) 01/10 14:48:19 Image size of job updated: 1600016
	208  -  MemoryUsage of job (MB)
	212928  -  ResidentSetSize of job (KB)
...
040 (3294120.014.000) 01/10 14:48:19 Started transferring output files
...
040 (3294120.014.000) 01/10 14:48:19 Finished transferring output files
...
005 (3294120.014.000) 01/10 14:48:19 Job terminated.
	(1) Normal termination (return value 1)
		Usr 0 00:00:03, Sys 0 00:00:02  -  Run Remote Usage
		Usr 0 00:00:00, Sys 0 00:00:00  -  Run Local Usage
		Usr 0 00:00:03, Sys 0 00:00:02  -  Total Remote Usage
		Usr 0 00:00:00, Sys 0 00:00:00  -  Total Local Usage
	7027  -  Run Bytes Sent By Job
	10525  -  Run Bytes Received By Job
	7027  -  Total Bytes Sent By Job
	10525  -  Total Bytes Received By Job
	Partitionable Resources :    Usage  Request Allocated 
	   Cpus                 :                 4         4 
	   Disk (KB)            :       34        1   1247965 
	   Memory (MB)          :      208     8000      8000 

	Job terminated of its own accord at 2022-01-10T13:48:19Z.
...
