000 (3273629.000.000) 12/17 12:21:25 Job submitted from host: <188.185.70.244:9618?addrs=188.185.70.244-9618+[2001-1458-d00-7--100-2ee]-9618&alias=bigbird10.cern.ch&noUDP&sock=schedd_2095_9300>
...
040 (3273629.000.000) 12/17 12:32:07 Started transferring input files
	Transferring to host: <188.184.160.35:9618?addrs=188.184.160.35-9618+[2001-1458-301-48--100-1d]-9618&alias=b7s09p4176.cern.ch&noUDP&sock=slot1_18_3326_37c0_1223>
...
040 (3273629.000.000) 12/17 12:32:07 Finished transferring input files
...
001 (3273629.000.000) 12/17 12:32:08 Job executing on host: <188.184.160.35:9618?addrs=188.184.160.35-9618+[2001-1458-301-48--100-1d]-9618&alias=b7s09p4176.cern.ch&noUDP&sock=startd_3000_5435>
...
006 (3273629.000.000) 12/17 12:32:17 Image size of job updated: 143152
	1  -  MemoryUsage of job (MB)
	732  -  ResidentSetSize of job (KB)
...
006 (3273629.000.000) 12/17 12:37:18 Image size of job updated: 1724712
	259  -  MemoryUsage of job (MB)
	264848  -  ResidentSetSize of job (KB)
...
006 (3273629.000.000) 12/17 12:42:18 Image size of job updated: 2591084
	1088  -  MemoryUsage of job (MB)
	1113412  -  ResidentSetSize of job (KB)
...
006 (3273629.000.000) 12/17 12:47:18 Image size of job updated: 2607468
	1104  -  MemoryUsage of job (MB)
	1129796  -  ResidentSetSize of job (KB)
...
006 (3273629.000.000) 12/17 12:52:19 Image size of job updated: 3089312
	1104  -  MemoryUsage of job (MB)
	1129796  -  ResidentSetSize of job (KB)
...
040 (3273629.000.000) 12/17 13:10:06 Started transferring output files
...
040 (3273629.000.000) 12/17 13:10:06 Finished transferring output files
...
005 (3273629.000.000) 12/17 13:10:06 Job terminated.
	(1) Normal termination (return value 1)
		Usr 0 00:19:20, Sys 0 00:00:07  -  Run Remote Usage
		Usr 0 00:00:00, Sys 0 00:00:00  -  Run Local Usage
		Usr 0 00:19:20, Sys 0 00:00:07  -  Total Remote Usage
		Usr 0 00:00:00, Sys 0 00:00:00  -  Total Local Usage
	41065  -  Run Bytes Sent By Job
	11180  -  Run Bytes Received By Job
	41065  -  Total Bytes Sent By Job
	11180  -  Total Bytes Received By Job
	Partitionable Resources :    Usage  Request Allocated 
	   Cpus                 :     0.14        4         4 
	   Disk (KB)            :    74           1   1282321 
	   Memory (MB)          :  1104        8000      8000 

	Job terminated of its own accord at 2021-12-17T12:10:06Z.
...
