000 (3273622.000.000) 12/17 12:21:15 Job submitted from host: <188.185.70.244:9618?addrs=188.185.70.244-9618+[2001-1458-d00-7--100-2ee]-9618&alias=bigbird10.cern.ch&noUDP&sock=schedd_2095_9300>
...
040 (3273622.000.000) 12/17 12:32:05 Started transferring input files
	Transferring to host: <128.142.58.88:9618?addrs=128.142.58.88-9618&alias=b7s03p7308.cern.ch&noUDP&sock=slot1_14_5794_25a5_1036>
...
040 (3273622.000.000) 12/17 12:32:05 Finished transferring input files
...
001 (3273622.000.000) 12/17 12:32:06 Job executing on host: <128.142.58.88:9618?addrs=128.142.58.88-9618&alias=b7s03p7308.cern.ch&noUDP&sock=startd_5365_85b1>
...
006 (3273622.000.000) 12/17 12:32:15 Image size of job updated: 721664
	151  -  MemoryUsage of job (MB)
	154552  -  ResidentSetSize of job (KB)
...
006 (3273622.000.000) 12/17 12:37:16 Image size of job updated: 2582404
	1079  -  MemoryUsage of job (MB)
	1104864  -  ResidentSetSize of job (KB)
...
006 (3273622.000.000) 12/17 12:42:16 Image size of job updated: 2598788
	1095  -  MemoryUsage of job (MB)
	1121248  -  ResidentSetSize of job (KB)
...
006 (3273622.000.000) 12/17 12:47:16 Image size of job updated: 2934580
	1095  -  MemoryUsage of job (MB)
	1121248  -  ResidentSetSize of job (KB)
...
040 (3273622.000.000) 12/17 13:08:05 Started transferring output files
...
040 (3273622.000.000) 12/17 13:08:05 Finished transferring output files
...
005 (3273622.000.000) 12/17 13:08:05 Job terminated.
	(1) Normal termination (return value 1)
		Usr 0 00:13:01, Sys 0 00:00:09  -  Run Remote Usage
		Usr 0 00:00:00, Sys 0 00:00:00  -  Run Local Usage
		Usr 0 00:13:01, Sys 0 00:00:09  -  Total Remote Usage
		Usr 0 00:00:00, Sys 0 00:00:00  -  Total Local Usage
	42326  -  Run Bytes Sent By Job
	11180  -  Run Bytes Received By Job
	42326  -  Total Bytes Sent By Job
	11180  -  Total Bytes Received By Job
	Partitionable Resources :    Usage  Request Allocated 
	   Cpus                 :     0.03        4         4 
	   Disk (KB)            :    75           1   1266163 
	   Memory (MB)          :  1095        8000      8000 

	Job terminated of its own accord at 2021-12-17T12:08:05Z.
...
000 (3318329.000.000) 01/14 16:30:30 Job submitted from host: <188.185.70.244:9618?addrs=188.185.70.244-9618+[2001-1458-d00-7--100-2ee]-9618&alias=bigbird10.cern.ch&noUDP&sock=schedd_7001_aea1>
...
040 (3318329.000.000) 01/14 20:02:02 Started transferring input files
	Transferring to host: <128.142.132.71:9618?addrs=128.142.132.71-9618+[2001-1458-301-5a--100-3b]-9618&alias=b7g12p3434.cern.ch&noUDP&sock=slot1_29_23230_62ea_100410>
...
040 (3318329.000.000) 01/14 20:02:02 Finished transferring input files
...
001 (3318329.000.000) 01/14 20:02:03 Job executing on host: <128.142.132.71:9618?addrs=128.142.132.71-9618+[2001-1458-301-5a--100-3b]-9618&alias=b7g12p3434.cern.ch&noUDP&sock=startd_37385_9434>
...
006 (3318329.000.000) 01/14 20:02:12 Image size of job updated: 277320
	186  -  MemoryUsage of job (MB)
	189836  -  ResidentSetSize of job (KB)
...
006 (3318329.000.000) 01/14 20:07:13 Image size of job updated: 2577376
	1073  -  MemoryUsage of job (MB)
	1098160  -  ResidentSetSize of job (KB)
...
006 (3318329.000.000) 01/14 20:12:13 Image size of job updated: 2593760
	1089  -  MemoryUsage of job (MB)
	1114544  -  ResidentSetSize of job (KB)
...
006 (3318329.000.000) 01/14 20:17:13 Image size of job updated: 2901652
	1089  -  MemoryUsage of job (MB)
	1114544  -  ResidentSetSize of job (KB)
...
040 (3318329.000.000) 01/14 20:38:59 Started transferring output files
...
040 (3318329.000.000) 01/14 20:38:59 Finished transferring output files
...
005 (3318329.000.000) 01/14 20:38:59 Job terminated.
	(1) Normal termination (return value 0)
		Usr 0 00:14:32, Sys 0 00:00:10  -  Run Remote Usage
		Usr 0 00:00:00, Sys 0 00:00:00  -  Run Local Usage
		Usr 0 00:14:32, Sys 0 00:00:10  -  Total Remote Usage
		Usr 0 00:00:00, Sys 0 00:00:00  -  Total Local Usage
	24123  -  Run Bytes Sent By Job
	10521  -  Run Bytes Received By Job
	24123  -  Total Bytes Sent By Job
	10521  -  Total Bytes Received By Job
	Partitionable Resources :    Usage  Request Allocated 
	   Cpus                 :     0.01        4         4 
	   Disk (KB)            :    58           1   1593136 
	   Memory (MB)          :  1089        8000      8000 

	Job terminated of its own accord at 2022-01-14T19:38:59Z.
...
