000 (3275857.003.000) 12/22 11:21:47 Job submitted from host: <188.185.70.244:9618?addrs=188.185.70.244-9618+[2001-1458-d00-7--100-2ee]-9618&alias=bigbird10.cern.ch&noUDP&sock=schedd_2095_9300>
...
040 (3275857.003.000) 12/22 13:33:17 Started transferring input files
	Transferring to host: <128.142.56.68:9618?addrs=128.142.56.68-9618&alias=b7s01p2709.cern.ch&noUDP&sock=slot1_19_5445_3eb6_6254>
...
040 (3275857.003.000) 12/22 13:33:17 Finished transferring input files
...
001 (3275857.003.000) 12/22 13:33:18 Job executing on host: <128.142.56.68:9618?addrs=128.142.56.68-9618&alias=b7s01p2709.cern.ch&noUDP&sock=startd_5085_772c>
...
006 (3275857.003.000) 12/22 13:33:27 Image size of job updated: 319604
	155  -  MemoryUsage of job (MB)
	157856  -  ResidentSetSize of job (KB)
...
006 (3275857.003.000) 12/22 13:38:28 Image size of job updated: 1723144
	264  -  MemoryUsage of job (MB)
	269900  -  ResidentSetSize of job (KB)
...
040 (3275857.003.000) 12/22 13:39:22 Started transferring output files
...
040 (3275857.003.000) 12/22 13:39:22 Finished transferring output files
...
005 (3275857.003.000) 12/22 13:39:22 Job terminated.
	(1) Normal termination (return value 0)
		Usr 0 00:00:24, Sys 0 00:00:03  -  Run Remote Usage
		Usr 0 00:00:00, Sys 0 00:00:00  -  Run Local Usage
		Usr 0 00:00:24, Sys 0 00:00:03  -  Total Remote Usage
		Usr 0 00:00:00, Sys 0 00:00:00  -  Total Local Usage
	4908  -  Run Bytes Sent By Job
	11186  -  Run Bytes Received By Job
	4908  -  Total Bytes Sent By Job
	11186  -  Total Bytes Received By Job
	Partitionable Resources :    Usage  Request Allocated 
	   Cpus                 :     0.11        4         4 
	   Disk (KB)            :    38           1   1354077 
	   Memory (MB)          :   264        8000      8000 

	Job terminated of its own accord at 2021-12-22T12:39:22Z.
...
