000 (3317651.000.000) 01/14 10:41:26 Job submitted from host: <188.185.70.244:9618?addrs=188.185.70.244-9618+[2001-1458-d00-7--100-2ee]-9618&alias=bigbird10.cern.ch&noUDP&sock=schedd_7001_aea1>
...
040 (3317651.000.000) 01/14 16:22:06 Started transferring input files
	Transferring to host: <128.142.131.175:9618?addrs=128.142.131.175-9618+[2001-1458-301-59--100-a3]-9618&alias=b7g11p1215.cern.ch&noUDP&sock=slot1_18_20601_049f_74969>
...
040 (3317651.000.000) 01/14 16:22:06 Finished transferring input files
...
001 (3317651.000.000) 01/14 16:22:07 Job executing on host: <128.142.131.175:9618?addrs=128.142.131.175-9618+[2001-1458-301-59--100-a3]-9618&alias=b7g11p1215.cern.ch&noUDP&sock=startd_8889_b170>
...
006 (3317651.000.000) 01/14 16:22:15 Image size of job updated: 96576
	57  -  MemoryUsage of job (MB)
	57420  -  ResidentSetSize of job (KB)
...
006 (3317651.000.000) 01/14 16:27:15 Image size of job updated: 2318624
	621  -  MemoryUsage of job (MB)
	635684  -  ResidentSetSize of job (KB)
...
006 (3317651.000.000) 01/14 17:17:21 Image size of job updated: 2694996
	953  -  MemoryUsage of job (MB)
	974988  -  ResidentSetSize of job (KB)
...
006 (3317651.000.000) 01/14 17:52:24 Image size of job updated: 3041528
	1231  -  MemoryUsage of job (MB)
	1260132  -  ResidentSetSize of job (KB)
...
006 (3317651.000.000) 01/14 18:22:28 Image size of job updated: 3424220
	1529  -  MemoryUsage of job (MB)
	1564680  -  ResidentSetSize of job (KB)
...
006 (3317651.000.000) 01/14 18:52:31 Image size of job updated: 3424220
	1529  -  MemoryUsage of job (MB)
	1564684  -  ResidentSetSize of job (KB)
...
006 (3317651.000.000) 01/14 18:57:32 Image size of job updated: 3424220
	1530  -  MemoryUsage of job (MB)
	1566592  -  ResidentSetSize of job (KB)
...
006 (3317651.000.000) 01/14 19:02:32 Image size of job updated: 3930072
	1993  -  MemoryUsage of job (MB)
	2040712  -  ResidentSetSize of job (KB)
...
006 (3317651.000.000) 01/14 19:32:36 Image size of job updated: 3930072
	1995  -  MemoryUsage of job (MB)
	2042456  -  ResidentSetSize of job (KB)
...
006 (3317651.000.000) 01/14 19:37:36 Image size of job updated: 4368076
	2662  -  MemoryUsage of job (MB)
	2725108  -  ResidentSetSize of job (KB)
...
006 (3317651.000.000) 01/14 19:57:38 Image size of job updated: 4368076
	2663  -  MemoryUsage of job (MB)
	2726432  -  ResidentSetSize of job (KB)
...
006 (3317651.000.000) 01/14 20:02:38 Image size of job updated: 4934892
	2903  -  MemoryUsage of job (MB)
	2972344  -  ResidentSetSize of job (KB)
...
006 (3317651.000.000) 01/14 20:22:40 Image size of job updated: 5473836
	3313  -  MemoryUsage of job (MB)
	3391716  -  ResidentSetSize of job (KB)
...
006 (3317651.000.000) 01/14 20:42:42 Image size of job updated: 5473836
	3315  -  MemoryUsage of job (MB)
	3394416  -  ResidentSetSize of job (KB)
...
006 (3317651.000.000) 01/14 20:47:43 Image size of job updated: 6092584
	3785  -  MemoryUsage of job (MB)
	3875428  -  ResidentSetSize of job (KB)
...
040 (3317651.000.000) 01/14 21:08:38 Started transferring output files
...
040 (3317651.000.000) 01/14 21:08:38 Finished transferring output files
...
005 (3317651.000.000) 01/14 21:08:38 Job terminated.
	(1) Normal termination (return value 0)
		Usr 0 00:32:34, Sys 0 00:01:06  -  Run Remote Usage
		Usr 0 00:00:00, Sys 0 00:00:00  -  Run Local Usage
		Usr 0 00:32:34, Sys 0 00:01:06  -  Total Remote Usage
		Usr 0 00:00:00, Sys 0 00:00:00  -  Total Local Usage
	6893  -  Run Bytes Sent By Job
	10522  -  Run Bytes Received By Job
	6893  -  Total Bytes Sent By Job
	10522  -  Total Bytes Received By Job
	Partitionable Resources :    Usage  Request Allocated 
	   Cpus                 :     0.02        4         4 
	   Disk (KB)            :    38           1   1640218 
	   Memory (MB)          :  3785        8000      8000 

	Job terminated of its own accord at 2022-01-14T20:08:38Z.
...
