000 (3315591.012.000) 01/12 17:36:24 Job submitted from host: <188.185.70.244:9618?addrs=188.185.70.244-9618+[2001-1458-d00-7--100-2ee]-9618&alias=bigbird10.cern.ch&noUDP&sock=schedd_7001_aea1>
...
040 (3315591.012.000) 01/13 01:06:19 Started transferring input files
	Transferring to host: <128.142.61.30:9618?addrs=128.142.61.30-9618&alias=b7s06p1081.cern.ch&noUDP&sock=slot1_13_5622_f51e_26378>
...
040 (3315591.012.000) 01/13 01:06:19 Finished transferring input files
...
001 (3315591.012.000) 01/13 01:06:20 Job executing on host: <128.142.61.30:9618?addrs=128.142.61.30-9618&alias=b7s06p1081.cern.ch&noUDP&sock=startd_5265_ee38>
...
006 (3315591.012.000) 01/13 01:06:29 Image size of job updated: 320124
	155  -  MemoryUsage of job (MB)
	157812  -  ResidentSetSize of job (KB)
...
006 (3315591.012.000) 01/13 01:11:30 Image size of job updated: 2008536
	539  -  MemoryUsage of job (MB)
	551412  -  ResidentSetSize of job (KB)
...
006 (3315591.012.000) 01/13 01:26:32 Image size of job updated: 2210736
	737  -  MemoryUsage of job (MB)
	754480  -  ResidentSetSize of job (KB)
...
006 (3315591.012.000) 01/13 01:41:33 Image size of job updated: 2446036
	969  -  MemoryUsage of job (MB)
	991828  -  ResidentSetSize of job (KB)
...
006 (3315591.012.000) 01/13 01:56:35 Image size of job updated: 2776504
	1148  -  MemoryUsage of job (MB)
	1175116  -  ResidentSetSize of job (KB)
...
006 (3315591.012.000) 01/13 02:01:36 Image size of job updated: 2776504
	1148  -  MemoryUsage of job (MB)
	1175124  -  ResidentSetSize of job (KB)
...
006 (3315591.012.000) 01/13 02:06:37 Image size of job updated: 2776504
	1148  -  MemoryUsage of job (MB)
	1175128  -  ResidentSetSize of job (KB)
...
006 (3315591.012.000) 01/13 02:11:37 Image size of job updated: 3309500
	1528  -  MemoryUsage of job (MB)
	1564240  -  ResidentSetSize of job (KB)
...
006 (3315591.012.000) 01/13 02:26:39 Image size of job updated: 3700464
	1853  -  MemoryUsage of job (MB)
	1896684  -  ResidentSetSize of job (KB)
...
006 (3315591.012.000) 01/13 02:31:39 Image size of job updated: 3700464
	1853  -  MemoryUsage of job (MB)
	1896768  -  ResidentSetSize of job (KB)
...
040 (3315591.012.000) 01/13 02:40:14 Started transferring output files
...
040 (3315591.012.000) 01/13 02:40:14 Finished transferring output files
...
005 (3315591.012.000) 01/13 02:40:14 Job terminated.
	(1) Normal termination (return value 0)
		Usr 0 00:08:36, Sys 0 00:00:27  -  Run Remote Usage
		Usr 0 00:00:00, Sys 0 00:00:00  -  Run Local Usage
		Usr 0 00:08:36, Sys 0 00:00:27  -  Total Remote Usage
		Usr 0 00:00:00, Sys 0 00:00:00  -  Total Local Usage
	8764  -  Run Bytes Sent By Job
	10530  -  Run Bytes Received By Job
	8764  -  Total Bytes Sent By Job
	10530  -  Total Bytes Received By Job
	Partitionable Resources :    Usage  Request Allocated 
	   Cpus                 :     0.06        4         4 
	   Disk (KB)            :    42           1   1258879 
	   Memory (MB)          :  1853        8000      8000 

	Job terminated of its own accord at 2022-01-13T01:40:14Z.
...
