000 (3316947.016.000) 01/13 10:23:45 Job submitted from host: <188.185.70.244:9618?addrs=188.185.70.244-9618+[2001-1458-d00-7--100-2ee]-9618&alias=bigbird10.cern.ch&noUDP&sock=schedd_7001_aea1>
...
040 (3316947.016.000) 01/13 10:27:40 Started transferring input files
	Transferring to host: <128.142.137.106:9618?addrs=128.142.137.106-9618+[2001-1458-301-5e--100-5e]-9618&alias=b7g19p5893.cern.ch&noUDP&sock=slot1_1_37554_f0b0_72390>
...
040 (3316947.016.000) 01/13 10:27:40 Finished transferring input files
...
001 (3316947.016.000) 01/13 10:27:41 Job executing on host: <128.142.137.106:9618?addrs=128.142.137.106-9618+[2001-1458-301-5e--100-5e]-9618&alias=b7g19p5893.cern.ch&noUDP&sock=startd_37512_b0bb>
...
006 (3316947.016.000) 01/13 10:27:50 Image size of job updated: 310960
	147  -  MemoryUsage of job (MB)
	150528  -  ResidentSetSize of job (KB)
...
006 (3316947.016.000) 01/13 10:32:51 Image size of job updated: 2054552
	497  -  MemoryUsage of job (MB)
	508860  -  ResidentSetSize of job (KB)
...
006 (3316947.016.000) 01/13 10:37:51 Image size of job updated: 2054552
	497  -  MemoryUsage of job (MB)
	508916  -  ResidentSetSize of job (KB)
...
006 (3316947.016.000) 01/13 10:42:51 Image size of job updated: 2054552
	497  -  MemoryUsage of job (MB)
	508928  -  ResidentSetSize of job (KB)
...
006 (3316947.016.000) 01/13 10:47:52 Image size of job updated: 2054552
	498  -  MemoryUsage of job (MB)
	508964  -  ResidentSetSize of job (KB)
...
006 (3316947.016.000) 01/13 10:52:53 Image size of job updated: 2054552
	805  -  MemoryUsage of job (MB)
	823856  -  ResidentSetSize of job (KB)
...
006 (3316947.016.000) 01/13 10:57:53 Image size of job updated: 2294432
	805  -  MemoryUsage of job (MB)
	823856  -  ResidentSetSize of job (KB)
...
006 (3316947.016.000) 01/13 11:12:55 Image size of job updated: 2527268
	950  -  MemoryUsage of job (MB)
	972464  -  ResidentSetSize of job (KB)
...
006 (3316947.016.000) 01/13 11:17:55 Image size of job updated: 2527268
	950  -  MemoryUsage of job (MB)
	972468  -  ResidentSetSize of job (KB)
...
006 (3316947.016.000) 01/13 11:22:56 Image size of job updated: 2527268
	950  -  MemoryUsage of job (MB)
	972480  -  ResidentSetSize of job (KB)
...
006 (3316947.016.000) 01/13 11:32:57 Image size of job updated: 2817524
	1145  -  MemoryUsage of job (MB)
	1172084  -  ResidentSetSize of job (KB)
...
006 (3316947.016.000) 01/13 11:37:58 Image size of job updated: 2817524
	1145  -  MemoryUsage of job (MB)
	1172088  -  ResidentSetSize of job (KB)
...
006 (3316947.016.000) 01/13 11:47:59 Image size of job updated: 2817524
	1147  -  MemoryUsage of job (MB)
	1173732  -  ResidentSetSize of job (KB)
...
006 (3316947.016.000) 01/13 11:52:59 Image size of job updated: 3128420
	1411  -  MemoryUsage of job (MB)
	1444268  -  ResidentSetSize of job (KB)
...
006 (3316947.016.000) 01/13 12:08:00 Image size of job updated: 3128420
	1412  -  MemoryUsage of job (MB)
	1445412  -  ResidentSetSize of job (KB)
...
006 (3316947.016.000) 01/13 12:13:01 Image size of job updated: 3461968
	1684  -  MemoryUsage of job (MB)
	1724136  -  ResidentSetSize of job (KB)
...
006 (3316947.016.000) 01/13 12:38:04 Image size of job updated: 3461968
	2090  -  MemoryUsage of job (MB)
	2139972  -  ResidentSetSize of job (KB)
...
006 (3316947.016.000) 01/13 12:43:04 Image size of job updated: 3815324
	2090  -  MemoryUsage of job (MB)
	2139972  -  ResidentSetSize of job (KB)
...
006 (3316947.016.000) 01/13 13:03:06 Image size of job updated: 4162428
	2618  -  MemoryUsage of job (MB)
	2680088  -  ResidentSetSize of job (KB)
...
006 (3316947.016.000) 01/13 13:38:11 Image size of job updated: 4629048
	2679  -  MemoryUsage of job (MB)
	2742624  -  ResidentSetSize of job (KB)
...
040 (3316947.016.000) 01/13 13:58:05 Started transferring output files
...
040 (3316947.016.000) 01/13 13:58:05 Finished transferring output files
...
005 (3316947.016.000) 01/13 13:58:05 Job terminated.
	(1) Normal termination (return value 0)
		Usr 0 00:25:07, Sys 0 00:00:59  -  Run Remote Usage
		Usr 0 00:00:00, Sys 0 00:00:00  -  Run Local Usage
		Usr 0 00:25:07, Sys 0 00:00:59  -  Total Remote Usage
		Usr 0 00:00:00, Sys 0 00:00:00  -  Total Local Usage
	12330  -  Run Bytes Sent By Job
	10530  -  Run Bytes Received By Job
	12330  -  Total Bytes Sent By Job
	10530  -  Total Bytes Received By Job
	Partitionable Resources :    Usage  Request Allocated 
	   Cpus                 :     0.03        4         4 
	   Disk (KB)            :    46           1   1458939 
	   Memory (MB)          :  2679        8000      8000 

	Job terminated of its own accord at 2022-01-13T12:58:05Z.
...
