000 (3314882.014.000) 01/12 10:53:21 Job submitted from host: <188.185.70.244:9618?addrs=188.185.70.244-9618+[2001-1458-d00-7--100-2ee]-9618&alias=bigbird10.cern.ch&noUDP&sock=schedd_7001_aea1>
...
040 (3314882.014.000) 01/12 10:54:14 Started transferring input files
	Transferring to host: <188.184.163.112:9618?addrs=188.184.163.112-9618+[2001-1458-301-4d--100-6a]-9618&alias=b7s12p8966.cern.ch&noUDP&sock=slot1_10_4458_d06e_26237>
...
040 (3314882.014.000) 01/12 10:54:14 Finished transferring input files
...
001 (3314882.014.000) 01/12 10:54:15 Job executing on host: <188.184.163.112:9618?addrs=188.184.163.112-9618+[2001-1458-301-4d--100-6a]-9618&alias=b7s12p8966.cern.ch&noUDP&sock=startd_4226_4352>
...
006 (3314882.014.000) 01/12 10:54:24 Image size of job updated: 320132
	155  -  MemoryUsage of job (MB)
	157832  -  ResidentSetSize of job (KB)
...
006 (3314882.014.000) 01/12 10:59:24 Image size of job updated: 1733224
	272  -  MemoryUsage of job (MB)
	278176  -  ResidentSetSize of job (KB)
...
006 (3314882.014.000) 01/12 11:04:24 Image size of job updated: 2612516
	702  -  MemoryUsage of job (MB)
	718224  -  ResidentSetSize of job (KB)
...
040 (3314882.014.000) 01/12 11:18:19 Started transferring output files
...
040 (3314882.014.000) 01/12 11:18:19 Finished transferring output files
...
004 (3314882.014.000) 01/12 11:18:19 Job was evicted.
	(0) CPU times
		Usr 0 00:02:11, Sys 0 00:00:08  -  Run Remote Usage
		Usr 0 00:00:00, Sys 0 00:00:00  -  Run Local Usage
	8219  -  Run Bytes Sent By Job
	10531  -  Run Bytes Received By Job
	Partitionable Resources :    Usage  Request Allocated 
	   Cpus                 :     0.03        4         4 
	   Disk (KB)            :    42           1   3077875 
	   Memory (MB)          :   702        8000      8000 
...
009 (3314882.014.000) 01/12 11:18:19 Job was aborted.
	via condor_rm (by user vdamante)
...
