000 (3275857.014.000) 12/22 11:21:47 Job submitted from host: <188.185.70.244:9618?addrs=188.185.70.244-9618+[2001-1458-d00-7--100-2ee]-9618&alias=bigbird10.cern.ch&noUDP&sock=schedd_2095_9300>
...
040 (3275857.014.000) 12/22 13:34:25 Started transferring input files
	Transferring to host: <128.142.56.154:9618?addrs=128.142.56.154-9618+[2001-1458-301-6--100-99]-9618&alias=b7s01p2419.cern.ch&noUDP&sock=slot1_13_3589_866b_6292>
...
040 (3275857.014.000) 12/22 13:34:25 Finished transferring input files
...
001 (3275857.014.000) 12/22 13:34:26 Job executing on host: <128.142.56.154:9618?addrs=128.142.56.154-9618+[2001-1458-301-6--100-99]-9618&alias=b7s01p2419.cern.ch&noUDP&sock=startd_2853_7fc9>
...
006 (3275857.014.000) 12/22 13:34:35 Image size of job updated: 304496
	214  -  MemoryUsage of job (MB)
	218140  -  ResidentSetSize of job (KB)
...
006 (3275857.014.000) 12/22 13:38:37 Image size of job updated: 1745052
	214  -  MemoryUsage of job (MB)
	218252  -  ResidentSetSize of job (KB)
...
040 (3275857.014.000) 12/22 13:38:37 Started transferring output files
...
040 (3275857.014.000) 12/22 13:38:37 Finished transferring output files
...
005 (3275857.014.000) 12/22 13:38:37 Job terminated.
	(1) Normal termination (return value 0)
		Usr 0 00:00:18, Sys 0 00:00:03  -  Run Remote Usage
		Usr 0 00:00:00, Sys 0 00:00:00  -  Run Local Usage
		Usr 0 00:00:18, Sys 0 00:00:03  -  Total Remote Usage
		Usr 0 00:00:00, Sys 0 00:00:00  -  Total Local Usage
	3396  -  Run Bytes Sent By Job
	11186  -  Run Bytes Received By Job
	3396  -  Total Bytes Sent By Job
	11186  -  Total Bytes Received By Job
	Partitionable Resources :    Usage  Request Allocated 
	   Cpus                 :                 4         4 
	   Disk (KB)            :       31        1   1218212 
	   Memory (MB)          :      214     8000      8000 

	Job terminated of its own accord at 2021-12-22T12:38:37Z.
...
