000 (3322137.020.000) 01/17 17:43:18 Job submitted from host: <188.185.70.244:9618?addrs=188.185.70.244-9618+[2001-1458-d00-7--100-2ee]-9618&alias=bigbird10.cern.ch&noUDP&sock=schedd_7001_aea1>
...
040 (3322137.020.000) 01/17 18:07:59 Started transferring input files
	Transferring to host: <128.142.58.108:9618?addrs=128.142.58.108-9618+[2001-1458-301-16--100-6b]-9618&alias=b7s03p4936.cern.ch&noUDP&sock=slot1_17_3601_faec_35571>
...
040 (3322137.020.000) 01/17 18:07:59 Finished transferring input files
...
001 (3322137.020.000) 01/17 18:08:00 Job executing on host: <128.142.58.108:9618?addrs=128.142.58.108-9618+[2001-1458-301-16--100-6b]-9618&alias=b7s03p4936.cern.ch&noUDP&sock=startd_2921_243a>
...
006 (3322137.020.000) 01/17 18:08:09 Image size of job updated: 294724
	155  -  MemoryUsage of job (MB)
	157872  -  ResidentSetSize of job (KB)
...
006 (3322137.020.000) 01/17 18:11:51 Image size of job updated: 1727360
	155  -  MemoryUsage of job (MB)
	157872  -  ResidentSetSize of job (KB)
...
040 (3322137.020.000) 01/17 18:11:51 Started transferring output files
...
040 (3322137.020.000) 01/17 18:11:51 Finished transferring output files
...
005 (3322137.020.000) 01/17 18:11:51 Job terminated.
	(1) Normal termination (return value 0)
		Usr 0 00:00:13, Sys 0 00:00:05  -  Run Remote Usage
		Usr 0 00:00:00, Sys 0 00:00:00  -  Run Local Usage
		Usr 0 00:00:13, Sys 0 00:00:05  -  Total Remote Usage
		Usr 0 00:00:00, Sys 0 00:00:00  -  Total Local Usage
	1309  -  Run Bytes Sent By Job
	10526  -  Run Bytes Received By Job
	1309  -  Total Bytes Sent By Job
	10526  -  Total Bytes Received By Job
	Partitionable Resources :    Usage  Request Allocated 
	   Cpus                 :     0.45        4         4 
	   Disk (KB)            :    35           1   1384770 
	   Memory (MB)          :   155        8000      8000 

	Job terminated of its own accord at 2022-01-17T17:11:51Z.
...
