000 (3315591.016.000) 01/12 17:36:24 Job submitted from host: <188.185.70.244:9618?addrs=188.185.70.244-9618+[2001-1458-d00-7--100-2ee]-9618&alias=bigbird10.cern.ch&noUDP&sock=schedd_7001_aea1>
...
040 (3315591.016.000) 01/13 01:06:20 Started transferring input files
	Transferring to host: <128.142.137.89:9618?addrs=128.142.137.89-9618+[2001-1458-301-5e--100-4d]-9618&alias=b7g19p4303.cern.ch&noUDP&sock=slot1_5_31554_65bc_72654>
...
040 (3315591.016.000) 01/13 01:06:20 Finished transferring input files
...
001 (3315591.016.000) 01/13 01:06:21 Job executing on host: <128.142.137.89:9618?addrs=128.142.137.89-9618+[2001-1458-301-5e--100-4d]-9618&alias=b7g19p4303.cern.ch&noUDP&sock=startd_31510_d14d>
...
006 (3315591.016.000) 01/13 01:06:30 Image size of job updated: 316628
	151  -  MemoryUsage of job (MB)
	154528  -  ResidentSetSize of job (KB)
...
006 (3315591.016.000) 01/13 01:11:31 Image size of job updated: 2050032
	492  -  MemoryUsage of job (MB)
	502956  -  ResidentSetSize of job (KB)
...
006 (3315591.016.000) 01/13 01:21:31 Image size of job updated: 2050032
	492  -  MemoryUsage of job (MB)
	503020  -  ResidentSetSize of job (KB)
...
006 (3315591.016.000) 01/13 01:26:32 Image size of job updated: 2050032
	492  -  MemoryUsage of job (MB)
	503060  -  ResidentSetSize of job (KB)
...
006 (3315591.016.000) 01/13 01:31:33 Image size of job updated: 2050032
	492  -  MemoryUsage of job (MB)
	503100  -  ResidentSetSize of job (KB)
...
006 (3315591.016.000) 01/13 01:36:33 Image size of job updated: 2337608
	708  -  MemoryUsage of job (MB)
	724816  -  ResidentSetSize of job (KB)
...
006 (3315591.016.000) 01/13 01:41:34 Image size of job updated: 2337608
	708  -  MemoryUsage of job (MB)
	724828  -  ResidentSetSize of job (KB)
...
006 (3315591.016.000) 01/13 01:56:35 Image size of job updated: 2521304
	944  -  MemoryUsage of job (MB)
	966356  -  ResidentSetSize of job (KB)
...
006 (3315591.016.000) 01/13 02:21:37 Image size of job updated: 2521304
	944  -  MemoryUsage of job (MB)
	966364  -  ResidentSetSize of job (KB)
...
006 (3315591.016.000) 01/13 02:26:37 Image size of job updated: 2521304
	947  -  MemoryUsage of job (MB)
	968780  -  ResidentSetSize of job (KB)
...
006 (3315591.016.000) 01/13 02:31:38 Image size of job updated: 2810752
	1139  -  MemoryUsage of job (MB)
	1165584  -  ResidentSetSize of job (KB)
...
006 (3315591.016.000) 01/13 02:51:40 Image size of job updated: 2810752
	1139  -  MemoryUsage of job (MB)
	1165588  -  ResidentSetSize of job (KB)
...
006 (3315591.016.000) 01/13 03:06:41 Image size of job updated: 3122104
	1405  -  MemoryUsage of job (MB)
	1438640  -  ResidentSetSize of job (KB)
...
006 (3315591.016.000) 01/13 03:26:43 Image size of job updated: 3122104
	1405  -  MemoryUsage of job (MB)
	1438648  -  ResidentSetSize of job (KB)
...
006 (3315591.016.000) 01/13 03:31:43 Image size of job updated: 3456136
	1678  -  MemoryUsage of job (MB)
	1717504  -  ResidentSetSize of job (KB)
...
006 (3315591.016.000) 01/13 03:41:44 Image size of job updated: 3456136
	1678  -  MemoryUsage of job (MB)
	1717508  -  ResidentSetSize of job (KB)
...
040 (3315591.016.000) 01/13 03:52:59 Started transferring output files
...
040 (3315591.016.000) 01/13 03:52:59 Finished transferring output files
...
005 (3315591.016.000) 01/13 03:52:59 Job terminated.
	(1) Normal termination (return value 0)
		Usr 0 00:13:09, Sys 0 00:00:41  -  Run Remote Usage
		Usr 0 00:00:00, Sys 0 00:00:00  -  Run Local Usage
		Usr 0 00:13:09, Sys 0 00:00:41  -  Total Remote Usage
		Usr 0 00:00:00, Sys 0 00:00:00  -  Total Local Usage
	8893  -  Run Bytes Sent By Job
	10530  -  Run Bytes Received By Job
	8893  -  Total Bytes Sent By Job
	10530  -  Total Bytes Received By Job
	Partitionable Resources :    Usage  Request Allocated 
	   Cpus                 :     0.02        4         4 
	   Disk (KB)            :    43           1   1538354 
	   Memory (MB)          :  1678        8000      8000 

	Job terminated of its own accord at 2022-01-13T02:52:59Z.
...
