000 (3322537.007.000) 01/17 18:39:11 Job submitted from host: <188.185.70.244:9618?addrs=188.185.70.244-9618+[2001-1458-d00-7--100-2ee]-9618&alias=bigbird10.cern.ch&noUDP&sock=schedd_7001_aea1>
...
040 (3322537.007.000) 01/17 19:30:13 Entered queue to transfer input files
	Transferring to host: <128.142.58.114:9618?addrs=128.142.58.114-9618+[2001-1458-301-16--100-71]-9618&alias=b7s03p8142.cern.ch&noUDP&sock=slot1_22_3583_4c2b_35841>
...
040 (3322537.007.000) 01/17 19:42:17 Started transferring input files
	Seconds spent in queue: 724
...
040 (3322537.007.000) 01/17 19:42:17 Finished transferring input files
...
001 (3322537.007.000) 01/17 19:42:18 Job executing on host: <128.142.58.114:9618?addrs=128.142.58.114-9618+[2001-1458-301-16--100-71]-9618&alias=b7s03p8142.cern.ch&noUDP&sock=startd_3012_8f58>
...
006 (3322537.007.000) 01/17 19:42:27 Image size of job updated: 1580256
	189  -  MemoryUsage of job (MB)
	193004  -  ResidentSetSize of job (KB)
...
006 (3322537.007.000) 01/17 19:47:28 Image size of job updated: 1734928
	273  -  MemoryUsage of job (MB)
	279176  -  ResidentSetSize of job (KB)
...
040 (3322537.007.000) 01/17 19:48:24 Started transferring output files
	Seconds spent in queue: 1091
...
040 (3322537.007.000) 01/17 19:48:24 Finished transferring output files
...
005 (3322537.007.000) 01/17 19:48:24 Job terminated.
	(1) Normal termination (return value 0)
		Usr 0 00:00:24, Sys 0 00:00:03  -  Run Remote Usage
		Usr 0 00:00:00, Sys 0 00:00:00  -  Run Local Usage
		Usr 0 00:00:24, Sys 0 00:00:03  -  Total Remote Usage
		Usr 0 00:00:00, Sys 0 00:00:00  -  Total Local Usage
	1406  -  Run Bytes Sent By Job
	10526  -  Run Bytes Received By Job
	1406  -  Total Bytes Sent By Job
	10526  -  Total Bytes Received By Job
	Partitionable Resources :    Usage  Request Allocated 
	   Cpus                 :        0        4         4 
	   Disk (KB)            :       36        1   1301343 
	   Memory (MB)          :      273     8000      8000 

	Job terminated of its own accord at 2022-01-17T18:48:24Z.
...
