000 (3277185.010.000) 12/25 15:18:28 Job submitted from host: <188.185.70.244:9618?addrs=188.185.70.244-9618+[2001-1458-d00-7--100-2ee]-9618&alias=bigbird10.cern.ch&noUDP&sock=schedd_2095_9300>
...
022 (3277185.010.000) 12/25 15:20:31 Job disconnected, attempting to reconnect
    Socket between submit and execute hosts closed unexpectedly
    Trying to reconnect to slot1_9@b7s13p5968.cern.ch <188.184.164.107:9618?addrs=188.184.164.107-9618+[2001-1458-301-4e--100-65]-9618&alias=b7s13p5968.cern.ch&noUDP&sock=startd_3265_18ce>
...
024 (3277185.010.000) 12/25 15:20:31 Job reconnection failed
    Job not found at execution machine
    Can not reconnect to slot1_9@b7s13p5968.cern.ch, rescheduling job
...
040 (3277185.010.000) 12/25 15:21:48 Started transferring input files
	Transferring to host: <188.184.162.61:9618?addrs=188.184.162.61-9618+[2001-1458-301-4a--100-37]-9618&alias=b7s11p1063.cern.ch&noUDP&sock=slot1_11_3537_e2e9_8639>
...
040 (3277185.010.000) 12/25 15:21:48 Finished transferring input files
...
001 (3277185.010.000) 12/25 15:21:49 Job executing on host: <188.184.162.61:9618?addrs=188.184.162.61-9618+[2001-1458-301-4a--100-37]-9618&alias=b7s11p1063.cern.ch&noUDP&sock=startd_2972_1f8f>
...
006 (3277185.010.000) 12/25 15:21:58 Image size of job updated: 1256944
	171  -  MemoryUsage of job (MB)
	174964  -  ResidentSetSize of job (KB)
...
006 (3277185.010.000) 12/25 15:26:31 Image size of job updated: 1734640
	171  -  MemoryUsage of job (MB)
	174984  -  ResidentSetSize of job (KB)
...
040 (3277185.010.000) 12/25 15:26:31 Started transferring output files
...
040 (3277185.010.000) 12/25 15:26:31 Finished transferring output files
...
005 (3277185.010.000) 12/25 15:26:31 Job terminated.
	(1) Normal termination (return value 0)
		Usr 0 00:00:34, Sys 0 00:00:03  -  Run Remote Usage
		Usr 0 00:00:00, Sys 0 00:00:00  -  Run Local Usage
		Usr 0 00:00:34, Sys 0 00:00:03  -  Total Remote Usage
		Usr 0 00:00:00, Sys 0 00:00:00  -  Total Local Usage
	22112  -  Run Bytes Sent By Job
	11214  -  Run Bytes Received By Job
	22112  -  Total Bytes Sent By Job
	11214  -  Total Bytes Received By Job
	Partitionable Resources :    Usage  Request Allocated 
	   Cpus                 :                 4         4 
	   Disk (KB)            :       50        1   2932296 
	   Memory (MB)          :      171     8000      8000 

	Job terminated of its own accord at 2021-12-25T14:26:31Z.
...
