000 (3277185.005.000) 12/25 15:18:28 Job submitted from host: <188.185.70.244:9618?addrs=188.185.70.244-9618+[2001-1458-d00-7--100-2ee]-9618&alias=bigbird10.cern.ch&noUDP&sock=schedd_2095_9300>
...
040 (3277185.005.000) 12/25 15:20:09 Started transferring input files
	Transferring to host: <188.184.165.198:9618?addrs=188.184.165.198-9618+[2001-1458-301-51--100-c1]-9618&alias=b7s14p3641.cern.ch&noUDP&sock=slot1_19_4763_b6db_8641>
...
040 (3277185.005.000) 12/25 15:20:09 Finished transferring input files
...
001 (3277185.005.000) 12/25 15:20:10 Job executing on host: <188.184.165.198:9618?addrs=188.184.165.198-9618+[2001-1458-301-51--100-c1]-9618&alias=b7s14p3641.cern.ch&noUDP&sock=startd_4548_20d1>
...
006 (3277185.005.000) 12/25 15:20:19 Image size of job updated: 320064
	155  -  MemoryUsage of job (MB)
	157756  -  ResidentSetSize of job (KB)
...
006 (3277185.005.000) 12/25 15:24:00 Image size of job updated: 1739048
	155  -  MemoryUsage of job (MB)
	157756  -  ResidentSetSize of job (KB)
...
040 (3277185.005.000) 12/25 15:24:00 Started transferring output files
...
040 (3277185.005.000) 12/25 15:24:00 Finished transferring output files
...
005 (3277185.005.000) 12/25 15:24:00 Job terminated.
	(1) Normal termination (return value 0)
		Usr 0 00:00:22, Sys 0 00:00:03  -  Run Remote Usage
		Usr 0 00:00:00, Sys 0 00:00:00  -  Run Local Usage
		Usr 0 00:00:22, Sys 0 00:00:03  -  Total Remote Usage
		Usr 0 00:00:00, Sys 0 00:00:00  -  Total Local Usage
	85132  -  Run Bytes Sent By Job
	11214  -  Run Bytes Received By Job
	85132  -  Total Bytes Sent By Job
	11214  -  Total Bytes Received By Job
	Partitionable Resources :    Usage  Request Allocated 
	   Cpus                 :                 4         4 
	   Disk (KB)            :      110        1   2986379 
	   Memory (MB)          :      155     8000      8000 

	Job terminated of its own accord at 2021-12-25T14:24:00Z.
...
