000 (3314882.023.000) 01/12 10:53:21 Job submitted from host: <188.185.70.244:9618?addrs=188.185.70.244-9618+[2001-1458-d00-7--100-2ee]-9618&alias=bigbird10.cern.ch&noUDP&sock=schedd_7001_aea1>
...
040 (3314882.023.000) 01/12 10:54:40 Started transferring input files
	Transferring to host: <128.142.60.112:9618?addrs=128.142.60.112-9618&alias=b7s05p0973.cern.ch&noUDP&sock=slot1_38_5323_48f2_26890>
...
040 (3314882.023.000) 01/12 10:54:40 Finished transferring input files
...
001 (3314882.023.000) 01/12 10:54:41 Job executing on host: <128.142.60.112:9618?addrs=128.142.60.112-9618&alias=b7s05p0973.cern.ch&noUDP&sock=startd_4927_1735>
...
006 (3314882.023.000) 01/12 10:54:50 Image size of job updated: 351768
	244  -  MemoryUsage of job (MB)
	249848  -  ResidentSetSize of job (KB)
...
006 (3314882.023.000) 01/12 10:59:51 Image size of job updated: 2278520
	698  -  MemoryUsage of job (MB)
	713868  -  ResidentSetSize of job (KB)
...
006 (3314882.023.000) 01/12 11:14:52 Image size of job updated: 3036964
	1056  -  MemoryUsage of job (MB)
	1081144  -  ResidentSetSize of job (KB)
...
040 (3314882.023.000) 01/12 11:18:20 Started transferring output files
...
040 (3314882.023.000) 01/12 11:18:20 Finished transferring output files
...
004 (3314882.023.000) 01/12 11:18:20 Job was evicted.
	(0) CPU times
		Usr 0 00:02:46, Sys 0 00:00:07  -  Run Remote Usage
		Usr 0 00:00:00, Sys 0 00:00:00  -  Run Local Usage
	8229  -  Run Bytes Sent By Job
	10531  -  Run Bytes Received By Job
	Partitionable Resources :    Usage  Request Allocated 
	   Cpus                 :     0.02        4         4 
	   Disk (KB)            :    42           1   1241372 
	   Memory (MB)          :  1056        8000      8000 
...
009 (3314882.023.000) 01/12 11:18:20 Job was aborted.
	via condor_rm (by user vdamante)
...
