000 (3314882.021.000) 01/12 10:53:21 Job submitted from host: <188.185.70.244:9618?addrs=188.185.70.244-9618+[2001-1458-d00-7--100-2ee]-9618&alias=bigbird10.cern.ch&noUDP&sock=schedd_7001_aea1>
...
040 (3314882.021.000) 01/12 10:54:16 Started transferring input files
	Transferring to host: <128.142.131.83:9618?addrs=128.142.131.83-9618+[2001-1458-301-59--100-47]-9618&alias=b7g11p5981.cern.ch&noUDP&sock=slot1_1_4007_0b3c_23020>
...
040 (3314882.021.000) 01/12 10:54:16 Finished transferring input files
...
001 (3314882.021.000) 01/12 10:54:17 Job executing on host: <128.142.131.83:9618?addrs=128.142.131.83-9618+[2001-1458-301-59--100-47]-9618&alias=b7g11p5981.cern.ch&noUDP&sock=startd_3196_c4c5>
...
006 (3314882.021.000) 01/12 10:54:26 Image size of job updated: 306572
	144  -  MemoryUsage of job (MB)
	147364  -  ResidentSetSize of job (KB)
...
006 (3314882.021.000) 01/12 10:59:27 Image size of job updated: 1731512
	271  -  MemoryUsage of job (MB)
	276956  -  ResidentSetSize of job (KB)
...
006 (3314882.021.000) 01/12 11:04:27 Image size of job updated: 2457724
	696  -  MemoryUsage of job (MB)
	712132  -  ResidentSetSize of job (KB)
...
006 (3314882.021.000) 01/12 11:14:28 Image size of job updated: 2830624
	1045  -  MemoryUsage of job (MB)
	1070000  -  ResidentSetSize of job (KB)
...
040 (3314882.021.000) 01/12 11:18:20 Started transferring output files
...
040 (3314882.021.000) 01/12 11:18:20 Finished transferring output files
...
004 (3314882.021.000) 01/12 11:18:20 Job was evicted.
	(0) CPU times
		Usr 0 00:04:14, Sys 0 00:00:11  -  Run Remote Usage
		Usr 0 00:00:00, Sys 0 00:00:00  -  Run Local Usage
	8200  -  Run Bytes Sent By Job
	10531  -  Run Bytes Received By Job
	Partitionable Resources :    Usage  Request Allocated 
	   Cpus                 :     0.02        4         4 
	   Disk (KB)            :    41           1   1593823 
	   Memory (MB)          :  1045        8000      8000 
...
009 (3314882.021.000) 01/12 11:18:21 Job was aborted.
	via condor_rm (by user vdamante)
...
