000 (3315591.011.000) 01/12 17:36:24 Job submitted from host: <188.185.70.244:9618?addrs=188.185.70.244-9618+[2001-1458-d00-7--100-2ee]-9618&alias=bigbird10.cern.ch&noUDP&sock=schedd_7001_aea1>
...
040 (3315591.011.000) 01/13 01:06:19 Started transferring input files
	Transferring to host: <128.142.60.40:9618?addrs=128.142.60.40-9618+[2001-1458-301-22--100-27]-9618&alias=b7s05p2552.cern.ch&noUDP&sock=slot1_11_4433_330d_26889>
...
040 (3315591.011.000) 01/13 01:06:19 Finished transferring input files
...
001 (3315591.011.000) 01/13 01:06:20 Job executing on host: <128.142.60.40:9618?addrs=128.142.60.40-9618+[2001-1458-301-22--100-27]-9618&alias=b7s05p2552.cern.ch&noUDP&sock=startd_4057_57d0>
...
006 (3315591.011.000) 01/13 01:06:29 Image size of job updated: 443196
	155  -  MemoryUsage of job (MB)
	157816  -  ResidentSetSize of job (KB)
...
006 (3315591.011.000) 01/13 01:11:30 Image size of job updated: 1724148
	264  -  MemoryUsage of job (MB)
	269388  -  ResidentSetSize of job (KB)
...
006 (3315591.011.000) 01/13 01:21:31 Image size of job updated: 2049720
	491  -  MemoryUsage of job (MB)
	502692  -  ResidentSetSize of job (KB)
...
006 (3315591.011.000) 01/13 01:41:32 Image size of job updated: 2049720
	491  -  MemoryUsage of job (MB)
	502732  -  ResidentSetSize of job (KB)
...
006 (3315591.011.000) 01/13 01:51:33 Image size of job updated: 2282588
	726  -  MemoryUsage of job (MB)
	743264  -  ResidentSetSize of job (KB)
...
006 (3315591.011.000) 01/13 02:26:36 Image size of job updated: 2421460
	944  -  MemoryUsage of job (MB)
	965744  -  ResidentSetSize of job (KB)
...
006 (3315591.011.000) 01/13 02:56:40 Image size of job updated: 2799336
	1136  -  MemoryUsage of job (MB)
	1163212  -  ResidentSetSize of job (KB)
...
006 (3315591.011.000) 01/13 03:16:41 Image size of job updated: 2935816
	1404  -  MemoryUsage of job (MB)
	1436920  -  ResidentSetSize of job (KB)
...
006 (3315591.011.000) 01/13 03:21:41 Image size of job updated: 2935816
	1406  -  MemoryUsage of job (MB)
	1439096  -  ResidentSetSize of job (KB)
...
006 (3315591.011.000) 01/13 03:26:42 Image size of job updated: 3464220
	1673  -  MemoryUsage of job (MB)
	1712308  -  ResidentSetSize of job (KB)
...
040 (3315591.011.000) 01/13 03:26:44 Started transferring output files
...
040 (3315591.011.000) 01/13 03:26:44 Finished transferring output files
...
005 (3315591.011.000) 01/13 03:26:44 Job terminated.
	(1) Normal termination (return value 0)
		Usr 0 00:09:32, Sys 0 00:00:38  -  Run Remote Usage
		Usr 0 00:00:00, Sys 0 00:00:00  -  Run Local Usage
		Usr 0 00:09:32, Sys 0 00:00:38  -  Total Remote Usage
		Usr 0 00:00:00, Sys 0 00:00:00  -  Total Local Usage
	10684  -  Run Bytes Sent By Job
	10530  -  Run Bytes Received By Job
	10684  -  Total Bytes Sent By Job
	10530  -  Total Bytes Received By Job
	Partitionable Resources :    Usage  Request Allocated 
	   Cpus                 :     0.24        4         4 
	   Disk (KB)            :    44           1   1057975 
	   Memory (MB)          :  1673        8000      8000 

	Job terminated of its own accord at 2022-01-13T02:26:44Z.
...
