000 (3314888.000.000) 01/12 10:53:41 Job submitted from host: <188.185.70.244:9618?addrs=188.185.70.244-9618+[2001-1458-d00-7--100-2ee]-9618&alias=bigbird10.cern.ch&noUDP&sock=schedd_7001_aea1>
...
040 (3314888.000.000) 01/12 10:55:14 Started transferring input files
	Transferring to host: <128.142.57.74:9618?addrs=128.142.57.74-9618+[2001-1458-301-7--100-49]-9618&alias=b7s02p6933.cern.ch&noUDP&sock=slot1_5_6024_33ee_26429>
...
040 (3314888.000.000) 01/12 10:55:14 Finished transferring input files
...
001 (3314888.000.000) 01/12 10:55:15 Job executing on host: <128.142.57.74:9618?addrs=128.142.57.74-9618+[2001-1458-301-7--100-49]-9618&alias=b7s02p6933.cern.ch&noUDP&sock=startd_5592_39b0>
...
006 (3314888.000.000) 01/12 10:55:23 Image size of job updated: 320104
	222  -  MemoryUsage of job (MB)
	227000  -  ResidentSetSize of job (KB)
...
006 (3314888.000.000) 01/12 10:55:23 Image size of job updated: 320104
	222  -  MemoryUsage of job (MB)
	227012  -  ResidentSetSize of job (KB)
...
040 (3314888.000.000) 01/12 10:55:23 Started transferring output files
...
040 (3314888.000.000) 01/12 10:55:23 Finished transferring output files
...
005 (3314888.000.000) 01/12 10:55:23 Job terminated.
	(1) Normal termination (return value 1)
		Usr 0 00:00:03, Sys 0 00:00:02  -  Run Remote Usage
		Usr 0 00:00:00, Sys 0 00:00:00  -  Run Local Usage
		Usr 0 00:00:03, Sys 0 00:00:02  -  Total Remote Usage
		Usr 0 00:00:00, Sys 0 00:00:00  -  Total Local Usage
	2435  -  Run Bytes Sent By Job
	10531  -  Run Bytes Received By Job
	2435  -  Total Bytes Sent By Job
	10531  -  Total Bytes Received By Job
	Partitionable Resources :    Usage  Request Allocated 
	   Cpus                 :                 4         4 
	   Disk (KB)            :       30        1   1263270 
	   Memory (MB)          :      222     8000      8000 

	Job terminated of its own accord at 2022-01-12T09:55:23Z.
...
