000 (3342148.015.000) 01/20 16:34:59 Job submitted from host: <188.185.70.244:9618?addrs=188.185.70.244-9618+[2001-1458-d00-7--100-2ee]-9618&alias=bigbird10.cern.ch&noUDP&sock=schedd_7001_aea1>
...
040 (3342148.015.000) 01/20 16:50:13 Entered queue to transfer input files
	Transferring to host: <128.142.132.105:9618?addrs=128.142.132.105-9618+[2001-1458-301-5a--100-5d]-9618&alias=b7g12p7125.cern.ch&noUDP&sock=slot1_11_3970_f95b_26571>
...
040 (3342148.015.000) 01/20 16:50:49 Started transferring input files
	Seconds spent in queue: 36
...
040 (3342148.015.000) 01/20 16:50:49 Finished transferring input files
...
001 (3342148.015.000) 01/20 16:50:50 Job executing on host: <128.142.132.105:9618?addrs=128.142.132.105-9618+[2001-1458-301-5a--100-5d]-9618&alias=b7g12p7125.cern.ch&noUDP&sock=startd_3310_f691>
...
006 (3342148.015.000) 01/20 16:50:58 Image size of job updated: 1219164
	155  -  MemoryUsage of job (MB)
	157852  -  ResidentSetSize of job (KB)
...
006 (3342148.015.000) 01/20 16:51:29 Image size of job updated: 1772480
	155  -  MemoryUsage of job (MB)
	157852  -  ResidentSetSize of job (KB)
...
040 (3342148.015.000) 01/20 16:51:35 Entered queue to transfer output files
...
040 (3342148.015.000) 01/20 16:55:17 Started transferring output files
	Seconds spent in queue: 304
...
040 (3342148.015.000) 01/20 16:55:17 Finished transferring output files
...
005 (3342148.015.000) 01/20 16:55:17 Job terminated.
	(1) Normal termination (return value 0)
		Usr 0 00:00:18, Sys 0 00:00:03  -  Run Remote Usage
		Usr 0 00:00:00, Sys 0 00:00:00  -  Run Local Usage
		Usr 0 00:00:18, Sys 0 00:00:03  -  Total Remote Usage
		Usr 0 00:00:00, Sys 0 00:00:00  -  Total Local Usage
	6268  -  Run Bytes Sent By Job
	11206  -  Run Bytes Received By Job
	6268  -  Total Bytes Sent By Job
	11206  -  Total Bytes Received By Job
	Partitionable Resources :    Usage  Request Allocated 
	   Cpus                 :                 4         4 
	   Disk (KB)            :       31        1   1597076 
	   Memory (MB)          :      155     8000      8000 

	Job terminated of its own accord at 2022-01-20T15:51:29Z.
...
