000 (3315597.005.000) 01/12 17:36:32 Job submitted from host: <188.185.70.244:9618?addrs=188.185.70.244-9618+[2001-1458-d00-7--100-2ee]-9618&alias=bigbird10.cern.ch&noUDP&sock=schedd_7001_aea1>
...
040 (3315597.005.000) 01/13 01:23:12 Started transferring input files
	Transferring to host: <188.184.160.78:9618?addrs=188.184.160.78-9618+[2001-1458-301-48--100-48]-9618&alias=b7s09p4809.cern.ch&noUDP&sock=slot1_13_3261_6b5e_27304>
...
040 (3315597.005.000) 01/13 01:23:12 Finished transferring input files
...
001 (3315597.005.000) 01/13 01:23:13 Job executing on host: <188.184.160.78:9618?addrs=188.184.160.78-9618+[2001-1458-301-48--100-48]-9618&alias=b7s09p4809.cern.ch&noUDP&sock=startd_2888_819a>
...
006 (3315597.005.000) 01/13 01:23:21 Image size of job updated: 269268
	155  -  MemoryUsage of job (MB)
	157808  -  ResidentSetSize of job (KB)
...
006 (3315597.005.000) 01/13 01:23:29 Image size of job updated: 1681408
	155  -  MemoryUsage of job (MB)
	157808  -  ResidentSetSize of job (KB)
...
040 (3315597.005.000) 01/13 01:23:29 Started transferring output files
...
040 (3315597.005.000) 01/13 01:23:29 Finished transferring output files
...
005 (3315597.005.000) 01/13 01:23:29 Job terminated.
	(1) Normal termination (return value 1)
		Usr 0 00:00:04, Sys 0 00:00:02  -  Run Remote Usage
		Usr 0 00:00:00, Sys 0 00:00:00  -  Run Local Usage
		Usr 0 00:00:04, Sys 0 00:00:02  -  Total Remote Usage
		Usr 0 00:00:00, Sys 0 00:00:00  -  Total Local Usage
	7451  -  Run Bytes Sent By Job
	10530  -  Run Bytes Received By Job
	7451  -  Total Bytes Sent By Job
	10530  -  Total Bytes Received By Job
	Partitionable Resources :    Usage  Request Allocated 
	   Cpus                 :                 4         4 
	   Disk (KB)            :       31        1   1419210 
	   Memory (MB)          :      155     8000      8000 

	Job terminated of its own accord at 2022-01-13T00:23:29Z.
...
