000 (3344069.006.000) 01/23 18:32:34 Job submitted from host: <188.185.70.244:9618?addrs=188.185.70.244-9618+[2001-1458-d00-7--100-2ee]-9618&alias=bigbird10.cern.ch&noUDP&sock=schedd_7001_aea1>
...
022 (3344069.006.000) 01/23 18:34:20 Job disconnected, attempting to reconnect
    Socket between submit and execute hosts closed unexpectedly
    Trying to reconnect to slot1_10@b7s02p6113.cern.ch <128.142.57.132:9618?addrs=128.142.57.132-9618&alias=b7s02p6113.cern.ch&noUDP&sock=startd_3553_a415>
...
024 (3344069.006.000) 01/23 18:34:20 Job reconnection failed
    Job not found at execution machine
    Can not reconnect to slot1_10@b7s02p6113.cern.ch, rescheduling job
...
022 (3344069.006.000) 01/23 18:34:48 Job disconnected, attempting to reconnect
    Socket between submit and execute hosts closed unexpectedly
    Trying to reconnect to slot1_5@b7s12p4239.cern.ch <188.184.163.182:9618?addrs=188.184.163.182-9618+[2001-1458-301-4d--100-b0]-9618&alias=b7s12p4239.cern.ch&noUDP&sock=startd_3871_c333>
...
024 (3344069.006.000) 01/23 18:34:48 Job reconnection failed
    Job not found at execution machine
    Can not reconnect to slot1_5@b7s12p4239.cern.ch, rescheduling job
...
040 (3344069.006.000) 01/23 18:34:49 Started transferring input files
	Transferring to host: <128.142.60.22:9618?addrs=128.142.60.22-9618+[2001-1458-301-22--100-15]-9618&alias=b7s05p5243.cern.ch&noUDP&sock=slot1_7_3578_c64b_41858>
...
040 (3344069.006.000) 01/23 18:34:49 Finished transferring input files
...
001 (3344069.006.000) 01/23 18:34:50 Job executing on host: <128.142.60.22:9618?addrs=128.142.60.22-9618+[2001-1458-301-22--100-15]-9618&alias=b7s05p5243.cern.ch&noUDP&sock=startd_2914_5710>
...
006 (3344069.006.000) 01/23 18:34:59 Image size of job updated: 362028
	253  -  MemoryUsage of job (MB)
	258872  -  ResidentSetSize of job (KB)
...
006 (3344069.006.000) 01/23 18:35:28 Image size of job updated: 1730804
	253  -  MemoryUsage of job (MB)
	258936  -  ResidentSetSize of job (KB)
...
040 (3344069.006.000) 01/23 18:35:29 Started transferring output files
...
040 (3344069.006.000) 01/23 18:35:29 Finished transferring output files
...
005 (3344069.006.000) 01/23 18:35:29 Job terminated.
	(1) Normal termination (return value 0)
		Usr 0 00:00:09, Sys 0 00:00:02  -  Run Remote Usage
		Usr 0 00:00:00, Sys 0 00:00:00  -  Run Local Usage
		Usr 0 00:00:09, Sys 0 00:00:02  -  Total Remote Usage
		Usr 0 00:00:00, Sys 0 00:00:00  -  Total Local Usage
	1237  -  Run Bytes Sent By Job
	11206  -  Run Bytes Received By Job
	1237  -  Total Bytes Sent By Job
	11206  -  Total Bytes Received By Job
	Partitionable Resources :    Usage  Request Allocated 
	   Cpus                 :                 4         4 
	   Disk (KB)            :       29        1   1326430 
	   Memory (MB)          :      253     8000      8000 

	Job terminated of its own accord at 2022-01-23T17:35:28Z.
...
