000 (3344069.015.000) 01/23 18:32:34 Job submitted from host: <188.185.70.244:9618?addrs=188.185.70.244-9618+[2001-1458-d00-7--100-2ee]-9618&alias=bigbird10.cern.ch&noUDP&sock=schedd_7001_aea1>
...
040 (3344069.015.000) 01/23 18:34:02 Started transferring input files
	Transferring to host: <128.142.57.113:9618?addrs=128.142.57.113-9618+[2001-1458-301-7--100-70]-9618&alias=b7s02p4192.cern.ch&noUDP&sock=slot1_38_3307_d4a0_44125>
...
040 (3344069.015.000) 01/23 18:34:02 Finished transferring input files
...
001 (3344069.015.000) 01/23 18:34:03 Job executing on host: <128.142.57.113:9618?addrs=128.142.57.113-9618+[2001-1458-301-7--100-70]-9618&alias=b7s02p4192.cern.ch&noUDP&sock=startd_2829_0983>
...
006 (3344069.015.000) 01/23 18:34:11 Image size of job updated: 1682632
	244  -  MemoryUsage of job (MB)
	249580  -  ResidentSetSize of job (KB)
...
006 (3344069.015.000) 01/23 18:34:21 Image size of job updated: 1682632
	244  -  MemoryUsage of job (MB)
	249652  -  ResidentSetSize of job (KB)
...
040 (3344069.015.000) 01/23 18:34:21 Started transferring output files
...
040 (3344069.015.000) 01/23 18:34:21 Finished transferring output files
...
005 (3344069.015.000) 01/23 18:34:22 Job terminated.
	(1) Normal termination (return value 0)
		Usr 0 00:00:11, Sys 0 00:00:02  -  Run Remote Usage
		Usr 0 00:00:00, Sys 0 00:00:00  -  Run Local Usage
		Usr 0 00:00:11, Sys 0 00:00:02  -  Total Remote Usage
		Usr 0 00:00:00, Sys 0 00:00:00  -  Total Local Usage
	6085  -  Run Bytes Sent By Job
	11206  -  Run Bytes Received By Job
	6085  -  Total Bytes Sent By Job
	11206  -  Total Bytes Received By Job
	Partitionable Resources :    Usage  Request Allocated 
	   Cpus                 :                 4         4 
	   Disk (KB)            :       31        1   1249002 
	   Memory (MB)          :      244     8000      8000 

	Job terminated of its own accord at 2022-01-23T17:34:21Z.
...
