000 (3315597.008.000) 01/12 17:36:32 Job submitted from host: <188.185.70.244:9618?addrs=188.185.70.244-9618+[2001-1458-d00-7--100-2ee]-9618&alias=bigbird10.cern.ch&noUDP&sock=schedd_7001_aea1>
...
040 (3315597.008.000) 01/13 01:23:13 Started transferring input files
	Transferring to host: <188.184.160.182:9618?addrs=188.184.160.182-9618+[2001-1458-301-48--100-b0]-9618&alias=b7s09p4497.cern.ch&noUDP&sock=slot1_12_174789_699d_538>
...
040 (3315597.008.000) 01/13 01:23:13 Finished transferring input files
...
001 (3315597.008.000) 01/13 01:23:14 Job executing on host: <188.184.160.182:9618?addrs=188.184.160.182-9618+[2001-1458-301-48--100-b0]-9618&alias=b7s09p4497.cern.ch&noUDP&sock=startd_174751_3ab4>
...
006 (3315597.008.000) 01/13 01:23:22 Image size of job updated: 749136
	130  -  MemoryUsage of job (MB)
	132812  -  ResidentSetSize of job (KB)
...
006 (3315597.008.000) 01/13 01:23:49 Image size of job updated: 1705992
	130  -  MemoryUsage of job (MB)
	132860  -  ResidentSetSize of job (KB)
...
040 (3315597.008.000) 01/13 01:23:49 Started transferring output files
...
040 (3315597.008.000) 01/13 01:23:49 Finished transferring output files
...
005 (3315597.008.000) 01/13 01:23:49 Job terminated.
	(1) Normal termination (return value 1)
		Usr 0 00:00:06, Sys 0 00:00:02  -  Run Remote Usage
		Usr 0 00:00:00, Sys 0 00:00:00  -  Run Local Usage
		Usr 0 00:00:06, Sys 0 00:00:02  -  Total Remote Usage
		Usr 0 00:00:00, Sys 0 00:00:00  -  Total Local Usage
	2844  -  Run Bytes Sent By Job
	10530  -  Run Bytes Received By Job
	2844  -  Total Bytes Sent By Job
	10530  -  Total Bytes Received By Job
	Partitionable Resources :    Usage  Request Allocated 
	   Cpus                 :                 4         4 
	   Disk (KB)            :       29        1   1423865 
	   Memory (MB)          :      130     8000      8000 

	Job terminated of its own accord at 2022-01-13T00:23:48Z.
...
