000 (3315597.003.000) 01/12 17:36:32 Job submitted from host: <188.185.70.244:9618?addrs=188.185.70.244-9618+[2001-1458-d00-7--100-2ee]-9618&alias=bigbird10.cern.ch&noUDP&sock=schedd_7001_aea1>
...
040 (3315597.003.000) 01/13 01:23:11 Started transferring input files
	Transferring to host: <188.184.160.78:9618?addrs=188.184.160.78-9618+[2001-1458-301-48--100-48]-9618&alias=b7s09p4809.cern.ch&noUDP&sock=slot1_10_3261_6b5e_27302>
...
040 (3315597.003.000) 01/13 01:23:11 Finished transferring input files
...
001 (3315597.003.000) 01/13 01:23:12 Job executing on host: <188.184.160.78:9618?addrs=188.184.160.78-9618+[2001-1458-301-48--100-48]-9618&alias=b7s09p4809.cern.ch&noUDP&sock=startd_2888_819a>
...
006 (3315597.003.000) 01/13 01:23:20 Image size of job updated: 269268
	155  -  MemoryUsage of job (MB)
	157804  -  ResidentSetSize of job (KB)
...
006 (3315597.003.000) 01/13 01:23:38 Image size of job updated: 1651872
	155  -  MemoryUsage of job (MB)
	157804  -  ResidentSetSize of job (KB)
...
040 (3315597.003.000) 01/13 01:23:38 Started transferring output files
...
040 (3315597.003.000) 01/13 01:23:38 Finished transferring output files
...
005 (3315597.003.000) 01/13 01:23:38 Job terminated.
	(1) Normal termination (return value 1)
		Usr 0 00:00:04, Sys 0 00:00:03  -  Run Remote Usage
		Usr 0 00:00:00, Sys 0 00:00:00  -  Run Local Usage
		Usr 0 00:00:04, Sys 0 00:00:03  -  Total Remote Usage
		Usr 0 00:00:00, Sys 0 00:00:00  -  Total Local Usage
	2603  -  Run Bytes Sent By Job
	10530  -  Run Bytes Received By Job
	2603  -  Total Bytes Sent By Job
	10530  -  Total Bytes Received By Job
	Partitionable Resources :    Usage  Request Allocated 
	   Cpus                 :                 4         4 
	   Disk (KB)            :       29        1   1419213 
	   Memory (MB)          :      155     8000      8000 

	Job terminated of its own accord at 2022-01-13T00:23:38Z.
...
