000 (3314666.003.000) 01/11 17:14:16 Job submitted from host: <188.185.70.244:9618?addrs=188.185.70.244-9618+[2001-1458-d00-7--100-2ee]-9618&alias=bigbird10.cern.ch&noUDP&sock=schedd_7001_aea1>
...
040 (3314666.003.000) 01/11 20:19:29 Started transferring input files
	Transferring to host: <128.142.59.79:9618?addrs=128.142.59.79-9618&alias=b7s04p7395.cern.ch&noUDP&sock=slot1_26_4927_4461_28906>
...
040 (3314666.003.000) 01/11 20:19:29 Finished transferring input files
...
001 (3314666.003.000) 01/11 20:19:30 Job executing on host: <128.142.59.79:9618?addrs=128.142.59.79-9618&alias=b7s04p7395.cern.ch&noUDP&sock=startd_4581_c371>
...
006 (3314666.003.000) 01/11 20:19:38 Image size of job updated: 457540
	211  -  MemoryUsage of job (MB)
	215668  -  ResidentSetSize of job (KB)
...
006 (3314666.003.000) 01/11 20:24:38 Image size of job updated: 2562060
	1059  -  MemoryUsage of job (MB)
	1083696  -  ResidentSetSize of job (KB)
...
006 (3314666.003.000) 01/11 20:29:39 Image size of job updated: 2578444
	1075  -  MemoryUsage of job (MB)
	1100080  -  ResidentSetSize of job (KB)
...
006 (3314666.003.000) 01/11 20:34:40 Image size of job updated: 2842768
	1075  -  MemoryUsage of job (MB)
	1100080  -  ResidentSetSize of job (KB)
...
040 (3314666.003.000) 01/11 21:04:12 Started transferring output files
...
040 (3314666.003.000) 01/11 21:04:13 Finished transferring output files
...
005 (3314666.003.000) 01/11 21:04:13 Job terminated.
	(1) Normal termination (return value 0)
		Usr 0 00:10:44, Sys 0 00:00:04  -  Run Remote Usage
		Usr 0 00:00:00, Sys 0 00:00:00  -  Run Local Usage
		Usr 0 00:10:44, Sys 0 00:00:04  -  Total Remote Usage
		Usr 0 00:00:00, Sys 0 00:00:00  -  Total Local Usage
	19530230  -  Run Bytes Sent By Job
	10522  -  Run Bytes Received By Job
	19530230  -  Total Bytes Sent By Job
	10522  -  Total Bytes Received By Job
	Partitionable Resources :    Usage  Request Allocated 
	   Cpus                 :     0.00        4         4 
	   Disk (KB)            : 19105           1   1277547 
	   Memory (MB)          :  1075        8000      8000 

	Job terminated of its own accord at 2022-01-11T20:04:12Z.
...
