000 (3344068.009.000) 01/23 18:32:25 Job submitted from host: <188.185.70.244:9618?addrs=188.185.70.244-9618+[2001-1458-d00-7--100-2ee]-9618&alias=bigbird10.cern.ch&noUDP&sock=schedd_7001_aea1>
...
040 (3344068.009.000) 01/23 18:33:51 Started transferring input files
	Transferring to host: <128.142.61.123:9618?addrs=128.142.61.123-9618+[2001-1458-301-23--100-7a]-9618&alias=b7s06p7679.cern.ch&noUDP&sock=slot1_12_6132_4c72_39517>
...
040 (3344068.009.000) 01/23 18:33:51 Finished transferring input files
...
001 (3344068.009.000) 01/23 18:33:52 Job executing on host: <128.142.61.123:9618?addrs=128.142.61.123-9618+[2001-1458-301-23--100-7a]-9618&alias=b7s06p7679.cern.ch&noUDP&sock=startd_6019_1ca1>
...
006 (3344068.009.000) 01/23 18:34:01 Image size of job updated: 1302956
	275  -  MemoryUsage of job (MB)
	281096  -  ResidentSetSize of job (KB)
...
006 (3344068.009.000) 01/23 18:34:10 Image size of job updated: 1757068
	275  -  MemoryUsage of job (MB)
	281160  -  ResidentSetSize of job (KB)
...
040 (3344068.009.000) 01/23 18:34:10 Started transferring output files
...
040 (3344068.009.000) 01/23 18:34:10 Finished transferring output files
...
005 (3344068.009.000) 01/23 18:34:10 Job terminated.
	(1) Normal termination (return value 0)
		Usr 0 00:00:11, Sys 0 00:00:02  -  Run Remote Usage
		Usr 0 00:00:00, Sys 0 00:00:00  -  Run Local Usage
		Usr 0 00:00:11, Sys 0 00:00:02  -  Total Remote Usage
		Usr 0 00:00:00, Sys 0 00:00:00  -  Total Local Usage
	6274  -  Run Bytes Sent By Job
	11209  -  Run Bytes Received By Job
	6274  -  Total Bytes Sent By Job
	11209  -  Total Bytes Received By Job
	Partitionable Resources :    Usage  Request Allocated 
	   Cpus                 :                 4         4 
	   Disk (KB)            :       32        1   1336793 
	   Memory (MB)          :      275     8000      8000 

	Job terminated of its own accord at 2022-01-23T17:34:10Z.
...
