000 (3344069.001.000) 01/23 18:32:34 Job submitted from host: <188.185.70.244:9618?addrs=188.185.70.244-9618+[2001-1458-d00-7--100-2ee]-9618&alias=bigbird10.cern.ch&noUDP&sock=schedd_7001_aea1>
...
022 (3344069.001.000) 01/23 18:34:19 Job disconnected, attempting to reconnect
    Socket between submit and execute hosts closed unexpectedly
    Trying to reconnect to slot1_11@b7s04p7620.cern.ch <128.142.59.43:9618?addrs=128.142.59.43-9618+[2001-1458-301-21--100-2a]-9618&alias=b7s04p7620.cern.ch&noUDP&sock=startd_2799_75ac>
...
024 (3344069.001.000) 01/23 18:34:19 Job reconnection failed
    Job not found at execution machine
    Can not reconnect to slot1_11@b7s04p7620.cern.ch, rescheduling job
...
040 (3344069.001.000) 01/23 18:34:26 Started transferring input files
	Transferring to host: <188.185.105.100:9618?addrs=188.185.105.100-9618+[2001-1458-d00-3e--100-250]-9618&alias=b7g50s6050.cern.ch&noUDP&sock=slot1_7_8721_7bbc_67794>
...
040 (3344069.001.000) 01/23 18:34:26 Finished transferring input files
...
001 (3344069.001.000) 01/23 18:34:27 Job executing on host: <188.185.105.100:9618?addrs=188.185.105.100-9618+[2001-1458-d00-3e--100-250]-9618&alias=b7g50s6050.cern.ch&noUDP&sock=startd_8600_7691>
...
006 (3344069.001.000) 01/23 18:34:35 Image size of job updated: 1256244
	192  -  MemoryUsage of job (MB)
	195632  -  ResidentSetSize of job (KB)
...
006 (3344069.001.000) 01/23 18:35:16 Image size of job updated: 1747196
	192  -  MemoryUsage of job (MB)
	195748  -  ResidentSetSize of job (KB)
...
040 (3344069.001.000) 01/23 18:35:16 Started transferring output files
...
040 (3344069.001.000) 01/23 18:35:16 Finished transferring output files
...
005 (3344069.001.000) 01/23 18:35:16 Job terminated.
	(1) Normal termination (return value 0)
		Usr 0 00:00:12, Sys 0 00:00:02  -  Run Remote Usage
		Usr 0 00:00:00, Sys 0 00:00:00  -  Run Local Usage
		Usr 0 00:00:12, Sys 0 00:00:02  -  Total Remote Usage
		Usr 0 00:00:00, Sys 0 00:00:00  -  Total Local Usage
	1237  -  Run Bytes Sent By Job
	11206  -  Run Bytes Received By Job
	1237  -  Total Bytes Sent By Job
	11206  -  Total Bytes Received By Job
	Partitionable Resources :    Usage  Request Allocated 
	   Cpus                 :                 4         4 
	   Disk (KB)            :       29        1    565940 
	   Memory (MB)          :      192     8000      8000 

	Job terminated of its own accord at 2022-01-23T17:35:16Z.
...
