000 (3314663.013.000) 01/11 17:12:55 Job submitted from host: <188.185.70.244:9618?addrs=188.185.70.244-9618+[2001-1458-d00-7--100-2ee]-9618&alias=bigbird10.cern.ch&noUDP&sock=schedd_7001_aea1>
...
040 (3314663.013.000) 01/11 20:19:17 Started transferring input files
	Transferring to host: <128.142.61.101:9618?addrs=128.142.61.101-9618+[2001-1458-301-23--100-64]-9618&alias=b7s06p3767.cern.ch&noUDP&sock=slot1_16_6129_2f52_28033>
...
040 (3314663.013.000) 01/11 20:19:17 Finished transferring input files
...
001 (3314663.013.000) 01/11 20:19:18 Job executing on host: <128.142.61.101:9618?addrs=128.142.61.101-9618+[2001-1458-301-23--100-64]-9618&alias=b7s06p3767.cern.ch&noUDP&sock=startd_5963_b353>
...
006 (3314663.013.000) 01/11 20:19:27 Image size of job updated: 1261128
	155  -  MemoryUsage of job (MB)
	157832  -  ResidentSetSize of job (KB)
...
006 (3314663.013.000) 01/11 20:19:44 Image size of job updated: 1280124
	155  -  MemoryUsage of job (MB)
	157832  -  ResidentSetSize of job (KB)
...
040 (3314663.013.000) 01/11 20:19:44 Started transferring output files
...
040 (3314663.013.000) 01/11 20:19:44 Finished transferring output files
...
005 (3314663.013.000) 01/11 20:19:44 Job terminated.
	(1) Normal termination (return value 1)
		Usr 0 00:00:02, Sys 0 00:00:02  -  Run Remote Usage
		Usr 0 00:00:00, Sys 0 00:00:00  -  Run Local Usage
		Usr 0 00:00:02, Sys 0 00:00:02  -  Total Remote Usage
		Usr 0 00:00:00, Sys 0 00:00:00  -  Total Local Usage
	665  -  Run Bytes Sent By Job
	10523  -  Run Bytes Received By Job
	665  -  Total Bytes Sent By Job
	10523  -  Total Bytes Received By Job
	Partitionable Resources :    Usage  Request Allocated 
	   Cpus                 :                 4         4 
	   Disk (KB)            :       27        1   1317429 
	   Memory (MB)          :      155     8000      8000 

	Job terminated of its own accord at 2022-01-11T19:19:44Z.
...
