000 (3316953.014.000) 01/13 10:23:52 Job submitted from host: <188.185.70.244:9618?addrs=188.185.70.244-9618+[2001-1458-d00-7--100-2ee]-9618&alias=bigbird10.cern.ch&noUDP&sock=schedd_7001_aea1>
...
040 (3316953.014.000) 01/13 11:15:36 Started transferring input files
	Transferring to host: <188.184.164.162:9618?addrs=188.184.164.162-9618&alias=b7s13p6881.cern.ch&noUDP&sock=slot1_5_3392_b883_27288>
...
040 (3316953.014.000) 01/13 11:15:36 Finished transferring input files
...
001 (3316953.014.000) 01/13 11:15:37 Job executing on host: <188.184.164.162:9618?addrs=188.184.164.162-9618&alias=b7s13p6881.cern.ch&noUDP&sock=startd_2786_8af1>
...
006 (3316953.014.000) 01/13 11:15:46 Image size of job updated: 442936
	129  -  MemoryUsage of job (MB)
	131152  -  ResidentSetSize of job (KB)
...
006 (3316953.014.000) 01/13 11:20:47 Image size of job updated: 2267132
	681  -  MemoryUsage of job (MB)
	696740  -  ResidentSetSize of job (KB)
...
006 (3316953.014.000) 01/13 11:25:47 Image size of job updated: 2570252
	883  -  MemoryUsage of job (MB)
	904164  -  ResidentSetSize of job (KB)
...
006 (3316953.014.000) 01/13 11:30:48 Image size of job updated: 2888972
	1154  -  MemoryUsage of job (MB)
	1180840  -  ResidentSetSize of job (KB)
...
006 (3316953.014.000) 01/13 11:35:49 Image size of job updated: 3236248
	1528  -  MemoryUsage of job (MB)
	1564572  -  ResidentSetSize of job (KB)
...
006 (3316953.014.000) 01/13 11:40:49 Image size of job updated: 3649428
	1769  -  MemoryUsage of job (MB)
	1811292  -  ResidentSetSize of job (KB)
...
006 (3316953.014.000) 01/13 11:45:49 Image size of job updated: 3649428
	1794  -  MemoryUsage of job (MB)
	1836156  -  ResidentSetSize of job (KB)
...
006 (3316953.014.000) 01/13 11:50:50 Image size of job updated: 4080080
	2143  -  MemoryUsage of job (MB)
	2193840  -  ResidentSetSize of job (KB)
...
006 (3316953.014.000) 01/13 11:55:50 Image size of job updated: 4537768
	2584  -  MemoryUsage of job (MB)
	2645856  -  ResidentSetSize of job (KB)
...
006 (3316953.014.000) 01/13 12:00:50 Image size of job updated: 4613824
	3088  -  MemoryUsage of job (MB)
	3161400  -  ResidentSetSize of job (KB)
...
006 (3316953.014.000) 01/13 12:05:51 Image size of job updated: 4613824
	3088  -  MemoryUsage of job (MB)
	3161408  -  ResidentSetSize of job (KB)
...
006 (3316953.014.000) 01/13 12:10:52 Image size of job updated: 4841244
	3095  -  MemoryUsage of job (MB)
	3168756  -  ResidentSetSize of job (KB)
...
040 (3316953.014.000) 01/13 12:11:07 Started transferring output files
...
040 (3316953.014.000) 01/13 12:11:08 Finished transferring output files
...
005 (3316953.014.000) 01/13 12:11:08 Job terminated.
	(1) Normal termination (return value 0)
		Usr 0 00:20:08, Sys 0 00:00:37  -  Run Remote Usage
		Usr 0 00:00:00, Sys 0 00:00:00  -  Run Local Usage
		Usr 0 00:20:08, Sys 0 00:00:37  -  Total Remote Usage
		Usr 0 00:00:00, Sys 0 00:00:00  -  Total Local Usage
	6301945  -  Run Bytes Sent By Job
	10530  -  Run Bytes Received By Job
	6301945  -  Total Bytes Sent By Job
	10530  -  Total Bytes Received By Job
	Partitionable Resources :    Usage  Request Allocated 
	   Cpus                 :     0.99        4         4 
	   Disk (KB)            :  6188           1   3034665 
	   Memory (MB)          :  3095        8000      8000 

	Job terminated of its own accord at 2022-01-13T11:11:07Z.
...
