000 (3342149.012.000) 01/20 16:35:04 Job submitted from host: <188.185.70.244:9618?addrs=188.185.70.244-9618+[2001-1458-d00-7--100-2ee]-9618&alias=bigbird10.cern.ch&noUDP&sock=schedd_7001_aea1>
...
040 (3342149.012.000) 01/20 16:53:17 Entered queue to transfer input files
	Transferring to host: <128.142.61.65:9618?addrs=128.142.61.65-9618+[2001-1458-301-23--100-40]-9618&alias=b7s06p7861.cern.ch&noUDP&sock=slot1_30_3597_296b_37056>
...
040 (3342149.012.000) 01/20 16:56:31 Started transferring input files
	Seconds spent in queue: 194
...
040 (3342149.012.000) 01/20 16:56:31 Finished transferring input files
...
001 (3342149.012.000) 01/20 16:56:32 Job executing on host: <128.142.61.65:9618?addrs=128.142.61.65-9618+[2001-1458-301-23--100-40]-9618&alias=b7s06p7861.cern.ch&noUDP&sock=startd_2934_0ef5>
...
006 (3342149.012.000) 01/20 16:56:40 Image size of job updated: 459976
	202  -  MemoryUsage of job (MB)
	206824  -  ResidentSetSize of job (KB)
...
006 (3342149.012.000) 01/20 16:59:03 Image size of job updated: 1732656
	202  -  MemoryUsage of job (MB)
	206836  -  ResidentSetSize of job (KB)
...
040 (3342149.012.000) 01/20 16:59:08 Entered queue to transfer output files
...
040 (3342149.012.000) 01/20 17:07:24 Started transferring output files
	Seconds spent in queue: 847
...
040 (3342149.012.000) 01/20 17:07:24 Finished transferring output files
...
005 (3342149.012.000) 01/20 17:07:24 Job terminated.
	(1) Normal termination (return value 0)
		Usr 0 00:00:12, Sys 0 00:00:03  -  Run Remote Usage
		Usr 0 00:00:00, Sys 0 00:00:00  -  Run Local Usage
		Usr 0 00:00:12, Sys 0 00:00:03  -  Total Remote Usage
		Usr 0 00:00:00, Sys 0 00:00:00  -  Total Local Usage
	1243  -  Run Bytes Sent By Job
	11209  -  Run Bytes Received By Job
	1243  -  Total Bytes Sent By Job
	11209  -  Total Bytes Received By Job
	Partitionable Resources :    Usage  Request Allocated 
	   Cpus                 :        0        4         4 
	   Disk (KB)            :       35        1   1343024 
	   Memory (MB)          :      202     8000      8000 

	Job terminated of its own accord at 2022-01-20T15:59:03Z.
...
