000 (3342541.000.000) 01/20 18:04:17 Job submitted from host: <188.185.70.244:9618?addrs=188.185.70.244-9618+[2001-1458-d00-7--100-2ee]-9618&alias=bigbird10.cern.ch&noUDP&sock=schedd_7001_aea1>
...
040 (3342541.000.000) 01/20 18:06:04 Started transferring input files
	Transferring to host: <128.142.131.77:9618?addrs=128.142.131.77-9618+[2001-1458-301-59--100-41]-9618&alias=b7g11p4635.cern.ch&noUDP&sock=slot1_2_21740_8bed_81281>
...
040 (3342541.000.000) 01/20 18:06:04 Finished transferring input files
...
001 (3342541.000.000) 01/20 18:06:05 Job executing on host: <128.142.131.77:9618?addrs=128.142.131.77-9618+[2001-1458-301-59--100-41]-9618&alias=b7g11p4635.cern.ch&noUDP&sock=startd_21698_9a09>
...
006 (3342541.000.000) 01/20 18:06:14 Image size of job updated: 320172
	155  -  MemoryUsage of job (MB)
	157860  -  ResidentSetSize of job (KB)
...
006 (3342541.000.000) 01/20 18:11:15 Image size of job updated: 1641324
	186  -  MemoryUsage of job (MB)
	189756  -  ResidentSetSize of job (KB)
...
006 (3342541.000.000) 01/20 18:16:15 Image size of job updated: 1641324
	186  -  MemoryUsage of job (MB)
	189824  -  ResidentSetSize of job (KB)
...
006 (3342541.000.000) 01/20 18:21:15 Image size of job updated: 1641324
	186  -  MemoryUsage of job (MB)
	189888  -  ResidentSetSize of job (KB)
...
006 (3342541.000.000) 01/20 18:26:16 Image size of job updated: 1641324
	186  -  MemoryUsage of job (MB)
	189956  -  ResidentSetSize of job (KB)
...
006 (3342541.000.000) 01/20 18:31:16 Image size of job updated: 1641324
	186  -  MemoryUsage of job (MB)
	190012  -  ResidentSetSize of job (KB)
...
006 (3342541.000.000) 01/20 18:33:22 Image size of job updated: 1730016
	186  -  MemoryUsage of job (MB)
	190012  -  ResidentSetSize of job (KB)
...
040 (3342541.000.000) 01/20 18:33:27 Entered queue to transfer output files
...
040 (3342541.000.000) 01/20 18:33:29 Started transferring output files
...
040 (3342541.000.000) 01/20 18:33:29 Finished transferring output files
...
005 (3342541.000.000) 01/20 18:33:29 Job terminated.
	(1) Normal termination (return value 0)
		Usr 0 00:00:13, Sys 0 00:00:03  -  Run Remote Usage
		Usr 0 00:00:00, Sys 0 00:00:00  -  Run Local Usage
		Usr 0 00:00:13, Sys 0 00:00:03  -  Total Remote Usage
		Usr 0 00:00:00, Sys 0 00:00:00  -  Total Local Usage
	1420  -  Run Bytes Sent By Job
	11206  -  Run Bytes Received By Job
	1420  -  Total Bytes Sent By Job
	11206  -  Total Bytes Received By Job
	Partitionable Resources :    Usage  Request Allocated 
	   Cpus                 :        0        4         4 
	   Disk (KB)            :       36        1   1650017 
	   Memory (MB)          :      186     8000      8000 

	Job terminated of its own accord at 2022-01-20T17:33:22Z.
...
