000 (3314663.005.000) 01/11 17:12:55 Job submitted from host: <188.185.70.244:9618?addrs=188.185.70.244-9618+[2001-1458-d00-7--100-2ee]-9618&alias=bigbird10.cern.ch&noUDP&sock=schedd_7001_aea1>
...
040 (3314663.005.000) 01/11 20:19:15 Started transferring input files
	Transferring to host: <128.142.63.14:9618?addrs=128.142.63.14-9618&alias=b7s08p4647.cern.ch&noUDP&sock=slot1_21_4486_8aef_27991>
...
040 (3314663.005.000) 01/11 20:19:15 Finished transferring input files
...
001 (3314663.005.000) 01/11 20:19:16 Job executing on host: <128.142.63.14:9618?addrs=128.142.63.14-9618&alias=b7s08p4647.cern.ch&noUDP&sock=startd_4123_9d10>
...
006 (3314663.005.000) 01/11 20:19:25 Image size of job updated: 320112
	155  -  MemoryUsage of job (MB)
	157816  -  ResidentSetSize of job (KB)
...
006 (3314663.005.000) 01/11 20:24:26 Image size of job updated: 1894040
	427  -  MemoryUsage of job (MB)
	437172  -  ResidentSetSize of job (KB)
...
006 (3314663.005.000) 01/11 20:54:29 Image size of job updated: 2010120
	540  -  MemoryUsage of job (MB)
	551940  -  ResidentSetSize of job (KB)
...
006 (3314663.005.000) 01/11 21:24:33 Image size of job updated: 2157140
	687  -  MemoryUsage of job (MB)
	703464  -  ResidentSetSize of job (KB)
...
006 (3314663.005.000) 01/11 21:54:35 Image size of job updated: 2340100
	814  -  MemoryUsage of job (MB)
	833244  -  ResidentSetSize of job (KB)
...
006 (3314663.005.000) 01/11 22:29:38 Image size of job updated: 2441832
	967  -  MemoryUsage of job (MB)
	989328  -  ResidentSetSize of job (KB)
...
006 (3314663.005.000) 01/11 22:59:41 Image size of job updated: 2657988
	1138  -  MemoryUsage of job (MB)
	1164972  -  ResidentSetSize of job (KB)
...
006 (3314663.005.000) 01/11 23:29:44 Image size of job updated: 2884844
	1364  -  MemoryUsage of job (MB)
	1396108  -  ResidentSetSize of job (KB)
...
006 (3314663.005.000) 01/12 00:04:47 Image size of job updated: 3402076
	1600  -  MemoryUsage of job (MB)
	1638160  -  ResidentSetSize of job (KB)
...
006 (3314663.005.000) 01/12 00:34:49 Image size of job updated: 3409920
	1851  -  MemoryUsage of job (MB)
	1895164  -  ResidentSetSize of job (KB)
...
006 (3314663.005.000) 01/12 01:09:53 Image size of job updated: 3697452
	2130  -  MemoryUsage of job (MB)
	2180564  -  ResidentSetSize of job (KB)
...
040 (3314663.005.000) 01/12 01:37:17 Started transferring output files
...
040 (3314663.005.000) 01/12 01:37:17 Finished transferring output files
...
005 (3314663.005.000) 01/12 01:37:17 Job terminated.
	(1) Normal termination (return value 0)
		Usr 0 00:05:55, Sys 0 00:00:18  -  Run Remote Usage
		Usr 0 00:00:00, Sys 0 00:00:00  -  Run Local Usage
		Usr 0 00:05:55, Sys 0 00:00:18  -  Total Remote Usage
		Usr 0 00:00:00, Sys 0 00:00:00  -  Total Local Usage
	183531  -  Run Bytes Sent By Job
	10523  -  Run Bytes Received By Job
	183531  -  Total Bytes Sent By Job
	10523  -  Total Bytes Received By Job
	Partitionable Resources :    Usage  Request Allocated 
	   Cpus                 :     0.00        4         4 
	   Disk (KB)            :   213           1   1318276 
	   Memory (MB)          :  2130        8000      8000 

	Job terminated of its own accord at 2022-01-12T00:37:17Z.
...
