000 (3314663.015.000) 01/11 17:12:55 Job submitted from host: <188.185.70.244:9618?addrs=188.185.70.244-9618+[2001-1458-d00-7--100-2ee]-9618&alias=bigbird10.cern.ch&noUDP&sock=schedd_7001_aea1>
...
040 (3314663.015.000) 01/11 20:19:18 Started transferring input files
	Transferring to host: <128.142.57.84:9618?addrs=128.142.57.84-9618&alias=b7s02p4931.cern.ch&noUDP&sock=slot1_11_5025_5125_28068>
...
040 (3314663.015.000) 01/11 20:19:18 Finished transferring input files
...
001 (3314663.015.000) 01/11 20:19:19 Job executing on host: <128.142.57.84:9618?addrs=128.142.57.84-9618&alias=b7s02p4931.cern.ch&noUDP&sock=startd_4639_8bef>
...
006 (3314663.015.000) 01/11 20:19:28 Image size of job updated: 1256188
	155  -  MemoryUsage of job (MB)
	157820  -  ResidentSetSize of job (KB)
...
006 (3314663.015.000) 01/11 20:24:29 Image size of job updated: 3093148
	1416  -  MemoryUsage of job (MB)
	1449256  -  ResidentSetSize of job (KB)
...
006 (3314663.015.000) 01/11 20:27:49 Image size of job updated: 4051552
	1416  -  MemoryUsage of job (MB)
	1449256  -  ResidentSetSize of job (KB)
...
040 (3314663.015.000) 01/11 20:27:50 Started transferring output files
...
040 (3314663.015.000) 01/11 20:27:50 Finished transferring output files
...
005 (3314663.015.000) 01/11 20:27:50 Job terminated.
	(1) Normal termination (return value 0)
		Usr 0 00:07:11, Sys 0 00:00:13  -  Run Remote Usage
		Usr 0 00:00:00, Sys 0 00:00:00  -  Run Local Usage
		Usr 0 00:07:11, Sys 0 00:00:13  -  Total Remote Usage
		Usr 0 00:00:00, Sys 0 00:00:00  -  Total Local Usage
	188569  -  Run Bytes Sent By Job
	10523  -  Run Bytes Received By Job
	188569  -  Total Bytes Sent By Job
	10523  -  Total Bytes Received By Job
	Partitionable Resources :    Usage  Request Allocated 
	   Cpus                 :     0.90        4         4 
	   Disk (KB)            :   215           1   1290993 
	   Memory (MB)          :  1416        8000      8000 

	Job terminated of its own accord at 2022-01-11T19:27:49Z.
...
