000 (3316953.002.000) 01/13 10:23:52 Job submitted from host: <188.185.70.244:9618?addrs=188.185.70.244-9618+[2001-1458-d00-7--100-2ee]-9618&alias=bigbird10.cern.ch&noUDP&sock=schedd_7001_aea1>
...
040 (3316953.002.000) 01/13 11:13:12 Started transferring input files
	Transferring to host: <128.142.57.25:9618?addrs=128.142.57.25-9618+[2001-1458-301-7--100-18]-9618&alias=b7s02p5905.cern.ch&noUDP&sock=slot1_25_3205_f65b_31112>
...
040 (3316953.002.000) 01/13 11:13:12 Finished transferring input files
...
001 (3316953.002.000) 01/13 11:13:13 Job executing on host: <128.142.57.25:9618?addrs=128.142.57.25-9618+[2001-1458-301-7--100-18]-9618&alias=b7s02p5905.cern.ch&noUDP&sock=startd_2833_c7e4>
...
006 (3316953.002.000) 01/13 11:13:22 Image size of job updated: 296500
	204  -  MemoryUsage of job (MB)
	207980  -  ResidentSetSize of job (KB)
...
006 (3316953.002.000) 01/13 11:18:23 Image size of job updated: 2091948
	567  -  MemoryUsage of job (MB)
	580136  -  ResidentSetSize of job (KB)
...
006 (3316953.002.000) 01/13 11:23:24 Image size of job updated: 2648340
	1116  -  MemoryUsage of job (MB)
	1142096  -  ResidentSetSize of job (KB)
...
006 (3316953.002.000) 01/13 11:28:24 Image size of job updated: 2872216
	1378  -  MemoryUsage of job (MB)
	1410892  -  ResidentSetSize of job (KB)
...
006 (3316953.002.000) 01/13 11:33:24 Image size of job updated: 3513824
	1650  -  MemoryUsage of job (MB)
	1689388  -  ResidentSetSize of job (KB)
...
006 (3316953.002.000) 01/13 11:38:25 Image size of job updated: 3922428
	2032  -  MemoryUsage of job (MB)
	2080428  -  ResidentSetSize of job (KB)
...
006 (3316953.002.000) 01/13 11:43:25 Image size of job updated: 4310532
	2398  -  MemoryUsage of job (MB)
	2455404  -  ResidentSetSize of job (KB)
...
006 (3316953.002.000) 01/13 11:48:25 Image size of job updated: 4310532
	2426  -  MemoryUsage of job (MB)
	2483576  -  ResidentSetSize of job (KB)
...
006 (3316953.002.000) 01/13 11:53:26 Image size of job updated: 4623992
	2658  -  MemoryUsage of job (MB)
	2721328  -  ResidentSetSize of job (KB)
...
040 (3316953.002.000) 01/13 11:54:26 Started transferring output files
...
040 (3316953.002.000) 01/13 11:54:26 Finished transferring output files
...
005 (3316953.002.000) 01/13 11:54:26 Job terminated.
	(1) Normal termination (return value 0)
		Usr 0 00:10:52, Sys 0 00:00:18  -  Run Remote Usage
		Usr 0 00:00:00, Sys 0 00:00:00  -  Run Local Usage
		Usr 0 00:10:52, Sys 0 00:00:18  -  Total Remote Usage
		Usr 0 00:00:00, Sys 0 00:00:00  -  Total Local Usage
	6302105  -  Run Bytes Sent By Job
	10530  -  Run Bytes Received By Job
	6302105  -  Total Bytes Sent By Job
	10530  -  Total Bytes Received By Job
	Partitionable Resources :    Usage  Request Allocated 
	   Cpus                 :     0.71        4         4 
	   Disk (KB)            :  6189           1   1317921 
	   Memory (MB)          :  2658        8000      8000 

	Job terminated of its own accord at 2022-01-13T10:54:26Z.
...
