000 (3316953.003.000) 01/13 10:23:52 Job submitted from host: <188.185.70.244:9618?addrs=188.185.70.244-9618+[2001-1458-d00-7--100-2ee]-9618&alias=bigbird10.cern.ch&noUDP&sock=schedd_7001_aea1>
...
040 (3316953.003.000) 01/13 11:13:38 Started transferring input files
	Transferring to host: <188.184.162.12:9618?addrs=188.184.162.12-9618+[2001-1458-301-4a--100-6]-9618&alias=b7s11p2319.cern.ch&noUDP&sock=slot1_29_3764_d412_27521>
...
040 (3316953.003.000) 01/13 11:13:38 Finished transferring input files
...
001 (3316953.003.000) 01/13 11:13:39 Job executing on host: <188.184.162.12:9618?addrs=188.184.162.12-9618+[2001-1458-301-4a--100-6]-9618&alias=b7s11p2319.cern.ch&noUDP&sock=startd_3159_63c4>
...
006 (3316953.003.000) 01/13 11:13:48 Image size of job updated: 164092
	160  -  MemoryUsage of job (MB)
	163240  -  ResidentSetSize of job (KB)
...
006 (3316953.003.000) 01/13 11:18:50 Image size of job updated: 2539924
	847  -  MemoryUsage of job (MB)
	867036  -  ResidentSetSize of job (KB)
...
006 (3316953.003.000) 01/13 11:23:50 Image size of job updated: 2858952
	1122  -  MemoryUsage of job (MB)
	1148536  -  ResidentSetSize of job (KB)
...
006 (3316953.003.000) 01/13 11:28:50 Image size of job updated: 3186288
	1394  -  MemoryUsage of job (MB)
	1426788  -  ResidentSetSize of job (KB)
...
006 (3316953.003.000) 01/13 11:33:51 Image size of job updated: 3960732
	2077  -  MemoryUsage of job (MB)
	2126708  -  ResidentSetSize of job (KB)
...
006 (3316953.003.000) 01/13 11:38:52 Image size of job updated: 4351000
	2446  -  MemoryUsage of job (MB)
	2504004  -  ResidentSetSize of job (KB)
...
006 (3316953.003.000) 01/13 11:43:52 Image size of job updated: 4851760
	2856  -  MemoryUsage of job (MB)
	2923968  -  ResidentSetSize of job (KB)
...
006 (3316953.003.000) 01/13 11:48:53 Image size of job updated: 4851760
	2886  -  MemoryUsage of job (MB)
	2954956  -  ResidentSetSize of job (KB)
...
040 (3316953.003.000) 01/13 11:51:56 Started transferring output files
...
040 (3316953.003.000) 01/13 11:51:56 Finished transferring output files
...
005 (3316953.003.000) 01/13 11:51:56 Job terminated.
	(1) Normal termination (return value 0)
		Usr 0 00:16:19, Sys 0 00:00:23  -  Run Remote Usage
		Usr 0 00:00:00, Sys 0 00:00:00  -  Run Local Usage
		Usr 0 00:16:19, Sys 0 00:00:23  -  Total Remote Usage
		Usr 0 00:00:00, Sys 0 00:00:00  -  Total Local Usage
	5538111  -  Run Bytes Sent By Job
	10530  -  Run Bytes Received By Job
	5538111  -  Total Bytes Sent By Job
	10530  -  Total Bytes Received By Job
	Partitionable Resources :    Usage  Request Allocated 
	   Cpus                 :     0.14        4         4 
	   Disk (KB)            :  5443           1   2966991 
	   Memory (MB)          :  2886        8000      8000 

	Job terminated of its own accord at 2022-01-13T10:51:55Z.
...
