000 (3344069.013.000) 01/23 18:32:34 Job submitted from host: <188.185.70.244:9618?addrs=188.185.70.244-9618+[2001-1458-d00-7--100-2ee]-9618&alias=bigbird10.cern.ch&noUDP&sock=schedd_7001_aea1>
...
022 (3344069.013.000) 01/23 18:34:23 Job disconnected, attempting to reconnect
    Socket between submit and execute hosts closed unexpectedly
    Trying to reconnect to slot1_34@b7s04p7620.cern.ch <128.142.59.43:9618?addrs=128.142.59.43-9618+[2001-1458-301-21--100-2a]-9618&alias=b7s04p7620.cern.ch&noUDP&sock=startd_2799_75ac>
...
024 (3344069.013.000) 01/23 18:34:23 Job reconnection failed
    Job not found at execution machine
    Can not reconnect to slot1_34@b7s04p7620.cern.ch, rescheduling job
...
040 (3344069.013.000) 01/23 18:34:39 Started transferring input files
	Transferring to host: <128.142.60.12:9618?addrs=128.142.60.12-9618+[2001-1458-301-22--100-b]-9618&alias=b7s05p2504.cern.ch&noUDP&sock=slot1_3_3421_2764_38352>
...
040 (3344069.013.000) 01/23 18:34:39 Finished transferring input files
...
001 (3344069.013.000) 01/23 18:34:40 Job executing on host: <128.142.60.12:9618?addrs=128.142.60.12-9618+[2001-1458-301-22--100-b]-9618&alias=b7s05p2504.cern.ch&noUDP&sock=startd_2874_e747>
...
006 (3344069.013.000) 01/23 18:34:49 Image size of job updated: 433364
	155  -  MemoryUsage of job (MB)
	157904  -  ResidentSetSize of job (KB)
...
040 (3344069.013.000) 01/23 18:34:54 Started transferring output files
...
040 (3344069.013.000) 01/23 18:34:54 Finished transferring output files
...
005 (3344069.013.000) 01/23 18:34:54 Job terminated.
	(1) Normal termination (return value 1)
		Usr 0 00:00:03, Sys 0 00:00:02  -  Run Remote Usage
		Usr 0 00:00:00, Sys 0 00:00:00  -  Run Local Usage
		Usr 0 00:00:03, Sys 0 00:00:02  -  Total Remote Usage
		Usr 0 00:00:00, Sys 0 00:00:00  -  Total Local Usage
	23939  -  Run Bytes Sent By Job
	11206  -  Run Bytes Received By Job
	23939  -  Total Bytes Sent By Job
	11206  -  Total Bytes Received By Job
	Partitionable Resources :    Usage  Request Allocated 
	   Cpus                 :                 4         4 
	   Disk (KB)            :       51        1   1181959 
	   Memory (MB)          :      155     8000      8000 

	Job terminated of its own accord at 2022-01-23T17:34:54Z.
...
