000 (3316953.011.000) 01/13 10:23:52 Job submitted from host: <188.185.70.244:9618?addrs=188.185.70.244-9618+[2001-1458-d00-7--100-2ee]-9618&alias=bigbird10.cern.ch&noUDP&sock=schedd_7001_aea1>
...
040 (3316953.011.000) 01/13 11:15:35 Started transferring input files
	Transferring to host: <188.184.165.184:9618?addrs=188.184.165.184-9618&alias=b7s14p1243.cern.ch&noUDP&sock=slot1_13_4425_900d_27694>
...
040 (3316953.011.000) 01/13 11:15:35 Finished transferring input files
...
001 (3316953.011.000) 01/13 11:15:36 Job executing on host: <188.184.165.184:9618?addrs=188.184.165.184-9618&alias=b7s14p1243.cern.ch&noUDP&sock=startd_4195_ffe2>
...
006 (3316953.011.000) 01/13 11:15:45 Image size of job updated: 372884
	110  -  MemoryUsage of job (MB)
	112060  -  ResidentSetSize of job (KB)
...
006 (3316953.011.000) 01/13 11:20:46 Image size of job updated: 2252336
	582  -  MemoryUsage of job (MB)
	595256  -  ResidentSetSize of job (KB)
...
006 (3316953.011.000) 01/13 11:25:46 Image size of job updated: 2661688
	864  -  MemoryUsage of job (MB)
	884296  -  ResidentSetSize of job (KB)
...
006 (3316953.011.000) 01/13 11:30:47 Image size of job updated: 2864936
	1129  -  MemoryUsage of job (MB)
	1155820  -  ResidentSetSize of job (KB)
...
006 (3316953.011.000) 01/13 11:35:48 Image size of job updated: 3200828
	1413  -  MemoryUsage of job (MB)
	1446492  -  ResidentSetSize of job (KB)
...
006 (3316953.011.000) 01/13 11:40:48 Image size of job updated: 3200828
	1414  -  MemoryUsage of job (MB)
	1447596  -  ResidentSetSize of job (KB)
...
006 (3316953.011.000) 01/13 11:45:48 Image size of job updated: 3552076
	1675  -  MemoryUsage of job (MB)
	1715060  -  ResidentSetSize of job (KB)
...
006 (3316953.011.000) 01/13 11:50:49 Image size of job updated: 3985636
	2084  -  MemoryUsage of job (MB)
	2132996  -  ResidentSetSize of job (KB)
...
006 (3316953.011.000) 01/13 11:55:49 Image size of job updated: 4089180
	2832  -  MemoryUsage of job (MB)
	2899824  -  ResidentSetSize of job (KB)
...
006 (3316953.011.000) 01/13 12:00:49 Image size of job updated: 4377000
	2832  -  MemoryUsage of job (MB)
	2899824  -  ResidentSetSize of job (KB)
...
006 (3316953.011.000) 01/13 12:05:50 Image size of job updated: 4888540
	2884  -  MemoryUsage of job (MB)
	2952496  -  ResidentSetSize of job (KB)
...
006 (3316953.011.000) 01/13 12:10:51 Image size of job updated: 4888540
	2885  -  MemoryUsage of job (MB)
	2953844  -  ResidentSetSize of job (KB)
...
006 (3316953.011.000) 01/13 12:15:51 Image size of job updated: 5719088
	3331  -  MemoryUsage of job (MB)
	3410256  -  ResidentSetSize of job (KB)
...
040 (3316953.011.000) 01/13 12:17:55 Started transferring output files
...
040 (3316953.011.000) 01/13 12:17:55 Finished transferring output files
...
005 (3316953.011.000) 01/13 12:17:56 Job terminated.
	(1) Normal termination (return value 0)
		Usr 0 00:27:45, Sys 0 00:00:37  -  Run Remote Usage
		Usr 0 00:00:00, Sys 0 00:00:00  -  Run Local Usage
		Usr 0 00:27:45, Sys 0 00:00:37  -  Total Remote Usage
		Usr 0 00:00:00, Sys 0 00:00:00  -  Total Local Usage
	5143631  -  Run Bytes Sent By Job
	10530  -  Run Bytes Received By Job
	5143631  -  Total Bytes Sent By Job
	10530  -  Total Bytes Received By Job
	Partitionable Resources :    Usage  Request Allocated 
	   Cpus                 :     0.10        4         4 
	   Disk (KB)            :  5056           1   2961021 
	   Memory (MB)          :  3331        8000      8000 

	Job terminated of its own accord at 2022-01-13T11:17:55Z.
...
