000 (3316932.015.000) 01/13 09:45:35 Job submitted from host: <188.185.70.244:9618?addrs=188.185.70.244-9618+[2001-1458-d00-7--100-2ee]-9618&alias=bigbird10.cern.ch&noUDP&sock=schedd_7001_aea1>
...
040 (3316932.015.000) 01/13 09:50:49 Started transferring input files
	Transferring to host: <128.142.33.224:9618?addrs=128.142.33.224-9618+[2001-1458-301-39--100-1d]-9618&alias=b7g24p5354.cern.ch&noUDP&sock=slot1_18_4232_93a5_11226>
...
040 (3316932.015.000) 01/13 09:50:49 Finished transferring input files
...
001 (3316932.015.000) 01/13 09:50:50 Job executing on host: <128.142.33.224:9618?addrs=128.142.33.224-9618+[2001-1458-301-39--100-1d]-9618&alias=b7g24p5354.cern.ch&noUDP&sock=startd_3312_55c2>
...
006 (3316932.015.000) 01/13 09:50:59 Image size of job updated: 320164
	155  -  MemoryUsage of job (MB)
	157868  -  ResidentSetSize of job (KB)
...
006 (3316932.015.000) 01/13 09:52:21 Image size of job updated: 1748064
	155  -  MemoryUsage of job (MB)
	157868  -  ResidentSetSize of job (KB)
...
040 (3316932.015.000) 01/13 09:52:21 Started transferring output files
...
040 (3316932.015.000) 01/13 09:52:21 Finished transferring output files
...
005 (3316932.015.000) 01/13 09:52:21 Job terminated.
	(1) Normal termination (return value 0)
		Usr 0 00:00:13, Sys 0 00:00:02  -  Run Remote Usage
		Usr 0 00:00:00, Sys 0 00:00:00  -  Run Local Usage
		Usr 0 00:00:13, Sys 0 00:00:02  -  Total Remote Usage
		Usr 0 00:00:00, Sys 0 00:00:00  -  Total Local Usage
	5149  -  Run Bytes Sent By Job
	10525  -  Run Bytes Received By Job
	5149  -  Total Bytes Sent By Job
	10525  -  Total Bytes Received By Job
	Partitionable Resources :    Usage  Request Allocated 
	   Cpus                 :                 4         4 
	   Disk (KB)            :       32        1   2899205 
	   Memory (MB)          :      155     8000      8000 

	Job terminated of its own accord at 2022-01-13T08:52:21Z.
...
