000 (3315597.009.000) 01/12 17:36:32 Job submitted from host: <188.185.70.244:9618?addrs=188.185.70.244-9618+[2001-1458-d00-7--100-2ee]-9618&alias=bigbird10.cern.ch&noUDP&sock=schedd_7001_aea1>
...
040 (3315597.009.000) 01/13 01:23:27 Started transferring input files
	Transferring to host: <128.142.59.93:9618?addrs=128.142.59.93-9618&alias=b7s04p6184.cern.ch&noUDP&sock=slot1_19_3621_126c_21416>
...
040 (3315597.009.000) 01/13 01:23:27 Finished transferring input files
...
001 (3315597.009.000) 01/13 01:23:28 Job executing on host: <128.142.59.93:9618?addrs=128.142.59.93-9618&alias=b7s04p6184.cern.ch&noUDP&sock=startd_3572_ac61>
...
006 (3315597.009.000) 01/13 01:23:37 Image size of job updated: 1676112
	0  -  MemoryUsage of job (MB)
	0  -  ResidentSetSize of job (KB)
...
040 (3315597.009.000) 01/13 01:23:37 Started transferring output files
...
040 (3315597.009.000) 01/13 01:23:37 Finished transferring output files
...
005 (3315597.009.000) 01/13 01:23:37 Job terminated.
	(1) Normal termination (return value 1)
		Usr 0 00:00:03, Sys 0 00:00:02  -  Run Remote Usage
		Usr 0 00:00:00, Sys 0 00:00:00  -  Run Local Usage
		Usr 0 00:00:03, Sys 0 00:00:02  -  Total Remote Usage
		Usr 0 00:00:00, Sys 0 00:00:00  -  Total Local Usage
	2603  -  Run Bytes Sent By Job
	10530  -  Run Bytes Received By Job
	2603  -  Total Bytes Sent By Job
	10530  -  Total Bytes Received By Job
	Partitionable Resources :    Usage  Request Allocated 
	   Cpus                 :                 4         4 
	   Disk (KB)            :       30        1   1272497 
	   Memory (MB)          :        0     8000      8000 

	Job terminated of its own accord at 2022-01-13T00:23:37Z.
...
