000 (3342148.002.000) 01/20 16:34:59 Job submitted from host: <188.185.70.244:9618?addrs=188.185.70.244-9618+[2001-1458-d00-7--100-2ee]-9618&alias=bigbird10.cern.ch&noUDP&sock=schedd_7001_aea1>
...
040 (3342148.002.000) 01/20 16:50:10 Entered queue to transfer input files
	Transferring to host: <128.142.132.27:9618?addrs=128.142.132.27-9618+[2001-1458-301-5a--100-f]-9618&alias=b7g12p9935.cern.ch&noUDP&sock=slot1_1_48978_2e81_106168>
...
040 (3342148.002.000) 01/20 16:50:49 Started transferring input files
	Seconds spent in queue: 39
...
040 (3342148.002.000) 01/20 16:50:49 Finished transferring input files
...
001 (3342148.002.000) 01/20 16:50:50 Job executing on host: <128.142.132.27:9618?addrs=128.142.132.27-9618+[2001-1458-301-5a--100-f]-9618&alias=b7g12p9935.cern.ch&noUDP&sock=startd_2121_6876>
...
006 (3342148.002.000) 01/20 16:50:58 Image size of job updated: 221872
	155  -  MemoryUsage of job (MB)
	157864  -  ResidentSetSize of job (KB)
...
006 (3342148.002.000) 01/20 16:51:34 Image size of job updated: 1750152
	155  -  MemoryUsage of job (MB)
	157864  -  ResidentSetSize of job (KB)
...
040 (3342148.002.000) 01/20 16:51:39 Entered queue to transfer output files
...
040 (3342148.002.000) 01/20 16:55:17 Started transferring output files
	Seconds spent in queue: 307
...
040 (3342148.002.000) 01/20 16:55:17 Finished transferring output files
...
005 (3342148.002.000) 01/20 16:55:17 Job terminated.
	(1) Normal termination (return value 0)
		Usr 0 00:00:14, Sys 0 00:00:03  -  Run Remote Usage
		Usr 0 00:00:00, Sys 0 00:00:00  -  Run Local Usage
		Usr 0 00:00:14, Sys 0 00:00:03  -  Total Remote Usage
		Usr 0 00:00:00, Sys 0 00:00:00  -  Total Local Usage
	1420  -  Run Bytes Sent By Job
	11206  -  Run Bytes Received By Job
	1420  -  Total Bytes Sent By Job
	11206  -  Total Bytes Received By Job
	Partitionable Resources :    Usage  Request Allocated 
	   Cpus                 :                 4         4 
	   Disk (KB)            :       29        1   1611394 
	   Memory (MB)          :      155     8000      8000 

	Job terminated of its own accord at 2022-01-20T15:51:34Z.
...
