000 (3314660.006.000) 01/11 17:12:18 Job submitted from host: <188.185.70.244:9618?addrs=188.185.70.244-9618+[2001-1458-d00-7--100-2ee]-9618&alias=bigbird10.cern.ch&noUDP&sock=schedd_7001_aea1>
...
040 (3314660.006.000) 01/11 20:18:59 Started transferring input files
	Transferring to host: <128.142.58.160:9618?addrs=128.142.58.160-9618+[2001-1458-301-16--100-9f]-9618&alias=b7s03p4729.cern.ch&noUDP&sock=slot1_7_3603_63ac_30125>
...
040 (3314660.006.000) 01/11 20:18:59 Finished transferring input files
...
001 (3314660.006.000) 01/11 20:19:00 Job executing on host: <128.142.58.160:9618?addrs=128.142.58.160-9618+[2001-1458-301-16--100-9f]-9618&alias=b7s03p4729.cern.ch&noUDP&sock=startd_3039_1467>
...
006 (3314660.006.000) 01/11 20:19:09 Image size of job updated: 285092
	10  -  MemoryUsage of job (MB)
	9872  -  ResidentSetSize of job (KB)
...
006 (3314660.006.000) 01/11 20:24:10 Image size of job updated: 1737624
	277  -  MemoryUsage of job (MB)
	282760  -  ResidentSetSize of job (KB)
...
040 (3314660.006.000) 01/11 20:26:35 Started transferring output files
...
040 (3314660.006.000) 01/11 20:26:35 Finished transferring output files
...
005 (3314660.006.000) 01/11 20:26:35 Job terminated.
	(1) Normal termination (return value 0)
		Usr 0 00:00:11, Sys 0 00:00:02  -  Run Remote Usage
		Usr 0 00:00:00, Sys 0 00:00:00  -  Run Local Usage
		Usr 0 00:00:11, Sys 0 00:00:02  -  Total Remote Usage
		Usr 0 00:00:00, Sys 0 00:00:00  -  Total Local Usage
	4980  -  Run Bytes Sent By Job
	10525  -  Run Bytes Received By Job
	4980  -  Total Bytes Sent By Job
	10525  -  Total Bytes Received By Job
	Partitionable Resources :    Usage  Request Allocated 
	   Cpus                 :     0.02        4         4 
	   Disk (KB)            :    39           1   1322466 
	   Memory (MB)          :   277        8000      8000 

	Job terminated of its own accord at 2022-01-11T19:26:35Z.
...
