000 (3338424.003.000) 01/19 19:04:04 Job submitted from host: <188.185.70.244:9618?addrs=188.185.70.244-9618+[2001-1458-d00-7--100-2ee]-9618&alias=bigbird10.cern.ch&noUDP&sock=schedd_7001_aea1>
...
040 (3338424.003.000) 01/19 21:15:21 Started transferring input files
	Transferring to host: <128.142.63.23:9618?addrs=128.142.63.23-9618+[2001-1458-301-38--100-14]-9618&alias=b7s08p5414.cern.ch&noUDP&sock=slot1_7_4979_e7e4_38237>
...
040 (3338424.003.000) 01/19 21:15:21 Finished transferring input files
...
001 (3338424.003.000) 01/19 21:15:22 Job executing on host: <128.142.63.23:9618?addrs=128.142.63.23-9618+[2001-1458-301-38--100-14]-9618&alias=b7s08p5414.cern.ch&noUDP&sock=startd_4641_eb1f>
...
006 (3338424.003.000) 01/19 21:15:31 Image size of job updated: 1256652
	155  -  MemoryUsage of job (MB)
	157892  -  ResidentSetSize of job (KB)
...
006 (3338424.003.000) 01/19 21:20:31 Image size of job updated: 1746448
	285  -  MemoryUsage of job (MB)
	291252  -  ResidentSetSize of job (KB)
...
006 (3338424.003.000) 01/19 21:25:31 Image size of job updated: 2568492
	695  -  MemoryUsage of job (MB)
	711248  -  ResidentSetSize of job (KB)
...
006 (3338424.003.000) 01/19 22:00:35 Image size of job updated: 2952592
	1030  -  MemoryUsage of job (MB)
	1054440  -  ResidentSetSize of job (KB)
...
006 (3338424.003.000) 01/19 22:35:39 Image size of job updated: 3160928
	1342  -  MemoryUsage of job (MB)
	1373472  -  ResidentSetSize of job (KB)
...
006 (3338424.003.000) 01/19 23:10:43 Image size of job updated: 3778528
	1726  -  MemoryUsage of job (MB)
	1766436  -  ResidentSetSize of job (KB)
...
006 (3338424.003.000) 01/19 23:45:47 Image size of job updated: 4185264
	2089  -  MemoryUsage of job (MB)
	2139020  -  ResidentSetSize of job (KB)
...
006 (3338424.003.000) 01/20 00:20:52 Image size of job updated: 4474488
	2488  -  MemoryUsage of job (MB)
	2546728  -  ResidentSetSize of job (KB)
...
006 (3338424.003.000) 01/20 01:00:56 Image size of job updated: 4474488
	2498  -  MemoryUsage of job (MB)
	2556956  -  ResidentSetSize of job (KB)
...
006 (3338424.003.000) 01/20 01:36:00 Image size of job updated: 5184656
	2757  -  MemoryUsage of job (MB)
	2823056  -  ResidentSetSize of job (KB)
...
006 (3338424.003.000) 01/20 02:11:04 Image size of job updated: 5184656
	2758  -  MemoryUsage of job (MB)
	2823568  -  ResidentSetSize of job (KB)
...
006 (3338424.003.000) 01/20 02:16:04 Image size of job updated: 5184656
	3032  -  MemoryUsage of job (MB)
	3104100  -  ResidentSetSize of job (KB)
...
040 (3338424.003.000) 01/20 02:47:29 Started transferring output files
...
040 (3338424.003.000) 01/20 02:47:29 Finished transferring output files
...
005 (3338424.003.000) 01/20 02:47:29 Job terminated.
	(1) Normal termination (return value 0)
		Usr 0 00:17:08, Sys 0 00:00:36  -  Run Remote Usage
		Usr 0 00:00:00, Sys 0 00:00:00  -  Run Local Usage
		Usr 0 00:17:08, Sys 0 00:00:36  -  Total Remote Usage
		Usr 0 00:00:00, Sys 0 00:00:00  -  Total Local Usage
	5311  -  Run Bytes Sent By Job
	11205  -  Run Bytes Received By Job
	5311  -  Total Bytes Sent By Job
	11205  -  Total Bytes Received By Job
	Partitionable Resources :    Usage  Request Allocated 
	   Cpus                 :     0.00        4         4 
	   Disk (KB)            :    39           1   1268299 
	   Memory (MB)          :  3032        8000      8000 

	Job terminated of its own accord at 2022-01-20T01:47:29Z.
...
