000 (3315587.001.000) 01/12 17:28:39 Job submitted from host: <188.185.70.244:9618?addrs=188.185.70.244-9618+[2001-1458-d00-7--100-2ee]-9618&alias=bigbird10.cern.ch&noUDP&sock=schedd_7001_aea1>
...
040 (3315587.001.000) 01/12 22:14:35 Started transferring input files
	Transferring to host: <128.142.61.146:9618?addrs=128.142.61.146-9618+[2001-1458-301-23--100-91]-9618&alias=b7s06p9400.cern.ch&noUDP&sock=slot1_12_3653_9e6e_23743>
...
040 (3315587.001.000) 01/12 22:14:35 Finished transferring input files
...
001 (3315587.001.000) 01/12 22:14:36 Job executing on host: <128.142.61.146:9618?addrs=128.142.61.146-9618+[2001-1458-301-23--100-91]-9618&alias=b7s06p9400.cern.ch&noUDP&sock=startd_2985_0a4a>
...
006 (3315587.001.000) 01/12 22:14:45 Image size of job updated: 666176
	13  -  MemoryUsage of job (MB)
	12460  -  ResidentSetSize of job (KB)
...
006 (3315587.001.000) 01/12 22:16:15 Image size of job updated: 1729600
	13  -  MemoryUsage of job (MB)
	12460  -  ResidentSetSize of job (KB)
...
040 (3315587.001.000) 01/12 22:16:15 Started transferring output files
...
040 (3315587.001.000) 01/12 22:16:15 Finished transferring output files
...
005 (3315587.001.000) 01/12 22:16:15 Job terminated.
	(1) Normal termination (return value 0)
		Usr 0 00:00:11, Sys 0 00:00:02  -  Run Remote Usage
		Usr 0 00:00:00, Sys 0 00:00:00  -  Run Local Usage
		Usr 0 00:00:11, Sys 0 00:00:02  -  Total Remote Usage
		Usr 0 00:00:00, Sys 0 00:00:00  -  Total Local Usage
	5149  -  Run Bytes Sent By Job
	10525  -  Run Bytes Received By Job
	5149  -  Total Bytes Sent By Job
	10525  -  Total Bytes Received By Job
	Partitionable Resources :    Usage  Request Allocated 
	   Cpus                 :     0.37        4         4 
	   Disk (KB)            :    39           1    484349 
	   Memory (MB)          :    13        8000      8000 

	Job terminated of its own accord at 2022-01-12T21:16:15Z.
...
