000 (3315587.002.000) 01/12 17:28:39 Job submitted from host: <188.185.70.244:9618?addrs=188.185.70.244-9618+[2001-1458-d00-7--100-2ee]-9618&alias=bigbird10.cern.ch&noUDP&sock=schedd_7001_aea1>
...
040 (3315587.002.000) 01/12 22:14:57 Started transferring input files
	Transferring to host: <128.142.61.141:9618?addrs=128.142.61.141-9618&alias=b7s06p8408.cern.ch&noUDP&sock=slot1_29_3626_984d_28406>
...
040 (3315587.002.000) 01/12 22:14:57 Finished transferring input files
...
001 (3315587.002.000) 01/12 22:14:58 Job executing on host: <128.142.61.141:9618?addrs=128.142.61.141-9618&alias=b7s06p8408.cern.ch&noUDP&sock=startd_3580_2923>
...
006 (3315587.002.000) 01/12 22:15:07 Image size of job updated: 4796
	3  -  MemoryUsage of job (MB)
	2892  -  ResidentSetSize of job (KB)
...
006 (3315587.002.000) 01/12 22:16:33 Image size of job updated: 1726148
	4  -  MemoryUsage of job (MB)
	3548  -  ResidentSetSize of job (KB)
...
040 (3315587.002.000) 01/12 22:16:33 Started transferring output files
...
040 (3315587.002.000) 01/12 22:16:33 Finished transferring output files
...
005 (3315587.002.000) 01/12 22:16:33 Job terminated.
	(1) Normal termination (return value 0)
		Usr 0 00:00:11, Sys 0 00:00:02  -  Run Remote Usage
		Usr 0 00:00:00, Sys 0 00:00:00  -  Run Local Usage
		Usr 0 00:00:11, Sys 0 00:00:02  -  Total Remote Usage
		Usr 0 00:00:00, Sys 0 00:00:00  -  Total Local Usage
	5149  -  Run Bytes Sent By Job
	10525  -  Run Bytes Received By Job
	5149  -  Total Bytes Sent By Job
	10525  -  Total Bytes Received By Job
	Partitionable Resources :    Usage  Request Allocated 
	   Cpus                 :                 4         4 
	   Disk (KB)            :       32        1    932289 
	   Memory (MB)          :        4     8000      8000 

	Job terminated of its own accord at 2022-01-12T21:16:33Z.
...
