000 (3314663.006.000) 01/11 17:12:55 Job submitted from host: <188.185.70.244:9618?addrs=188.185.70.244-9618+[2001-1458-d00-7--100-2ee]-9618&alias=bigbird10.cern.ch&noUDP&sock=schedd_7001_aea1>
...
040 (3314663.006.000) 01/11 20:19:15 Started transferring input files
	Transferring to host: <128.142.61.34:9618?addrs=128.142.61.34-9618+[2001-1458-301-23--100-21]-9618&alias=b7s06p3619.cern.ch&noUDP&sock=slot1_10_3557_fa6a_29238>
...
040 (3314663.006.000) 01/11 20:19:15 Finished transferring input files
...
001 (3314663.006.000) 01/11 20:19:16 Job executing on host: <128.142.61.34:9618?addrs=128.142.61.34-9618+[2001-1458-301-23--100-21]-9618&alias=b7s06p3619.cern.ch&noUDP&sock=startd_2896_fe5c>
...
006 (3314663.006.000) 01/11 20:19:25 Image size of job updated: 1256188
	155  -  MemoryUsage of job (MB)
	157848  -  ResidentSetSize of job (KB)
...
006 (3314663.006.000) 01/11 20:24:26 Image size of job updated: 1904432
	437  -  MemoryUsage of job (MB)
	447408  -  ResidentSetSize of job (KB)
...
006 (3314663.006.000) 01/11 20:39:28 Image size of job updated: 2023052
	554  -  MemoryUsage of job (MB)
	567000  -  ResidentSetSize of job (KB)
...
006 (3314663.006.000) 01/11 20:44:29 Image size of job updated: 2170220
	699  -  MemoryUsage of job (MB)
	715544  -  ResidentSetSize of job (KB)
...
006 (3314663.006.000) 01/11 20:54:29 Image size of job updated: 2277020
	805  -  MemoryUsage of job (MB)
	824232  -  ResidentSetSize of job (KB)
...
006 (3314663.006.000) 01/11 20:59:30 Image size of job updated: 2466216
	987  -  MemoryUsage of job (MB)
	1009700  -  ResidentSetSize of job (KB)
...
006 (3314663.006.000) 01/11 21:04:30 Image size of job updated: 2667940
	1180  -  MemoryUsage of job (MB)
	1207356  -  ResidentSetSize of job (KB)
...
006 (3314663.006.000) 01/11 21:09:30 Image size of job updated: 3011216
	1341  -  MemoryUsage of job (MB)
	1372592  -  ResidentSetSize of job (KB)
...
006 (3314663.006.000) 01/11 21:14:31 Image size of job updated: 3079400
	1574  -  MemoryUsage of job (MB)
	1611760  -  ResidentSetSize of job (KB)
...
006 (3314663.006.000) 01/11 21:19:32 Image size of job updated: 3381260
	1821  -  MemoryUsage of job (MB)
	1863748  -  ResidentSetSize of job (KB)
...
006 (3314663.006.000) 01/11 21:24:32 Image size of job updated: 3887800
	2093  -  MemoryUsage of job (MB)
	2143184  -  ResidentSetSize of job (KB)
...
040 (3314663.006.000) 01/11 21:27:07 Started transferring output files
...
040 (3314663.006.000) 01/11 21:27:07 Finished transferring output files
...
005 (3314663.006.000) 01/11 21:27:07 Job terminated.
	(1) Normal termination (return value 0)
		Usr 0 00:05:49, Sys 0 00:00:13  -  Run Remote Usage
		Usr 0 00:00:00, Sys 0 00:00:00  -  Run Local Usage
		Usr 0 00:05:49, Sys 0 00:00:13  -  Total Remote Usage
		Usr 0 00:00:00, Sys 0 00:00:00  -  Total Local Usage
	183215  -  Run Bytes Sent By Job
	10523  -  Run Bytes Received By Job
	183215  -  Total Bytes Sent By Job
	10523  -  Total Bytes Received By Job
	Partitionable Resources :    Usage  Request Allocated 
	   Cpus                 :     0.04        4         4 
	   Disk (KB)            :   213           1   1297732 
	   Memory (MB)          :  2093        8000      8000 

	Job terminated of its own accord at 2022-01-11T20:27:07Z.
...
