000 (3316953.010.000) 01/13 10:23:52 Job submitted from host: <188.185.70.244:9618?addrs=188.185.70.244-9618+[2001-1458-d00-7--100-2ee]-9618&alias=bigbird10.cern.ch&noUDP&sock=schedd_7001_aea1>
...
040 (3316953.010.000) 01/13 11:15:34 Started transferring input files
	Transferring to host: <188.184.164.198:9618?addrs=188.184.164.198-9618+[2001-1458-301-4e--100-c0]-9618&alias=b7s13p5421.cern.ch&noUDP&sock=slot1_14_4902_a700_27144>
...
040 (3316953.010.000) 01/13 11:15:34 Finished transferring input files
...
001 (3316953.010.000) 01/13 11:15:35 Job executing on host: <188.184.164.198:9618?addrs=188.184.164.198-9618+[2001-1458-301-4e--100-c0]-9618&alias=b7s13p5421.cern.ch&noUDP&sock=startd_4712_9e59>
...
006 (3316953.010.000) 01/13 11:15:44 Image size of job updated: 269268
	15  -  MemoryUsage of job (MB)
	14724  -  ResidentSetSize of job (KB)
...
006 (3316953.010.000) 01/13 11:20:45 Image size of job updated: 2240372
	569  -  MemoryUsage of job (MB)
	582300  -  ResidentSetSize of job (KB)
...
006 (3316953.010.000) 01/13 11:35:47 Image size of job updated: 2544028
	847  -  MemoryUsage of job (MB)
	867080  -  ResidentSetSize of job (KB)
...
006 (3316953.010.000) 01/13 11:45:48 Image size of job updated: 2544028
	848  -  MemoryUsage of job (MB)
	867516  -  ResidentSetSize of job (KB)
...
006 (3316953.010.000) 01/13 11:50:49 Image size of job updated: 2862984
	1123  -  MemoryUsage of job (MB)
	1149652  -  ResidentSetSize of job (KB)
...
006 (3316953.010.000) 01/13 11:55:49 Image size of job updated: 2862984
	1123  -  MemoryUsage of job (MB)
	1149812  -  ResidentSetSize of job (KB)
...
006 (3316953.010.000) 01/13 12:00:49 Image size of job updated: 3268164
	1407  -  MemoryUsage of job (MB)
	1440228  -  ResidentSetSize of job (KB)
...
006 (3316953.010.000) 01/13 12:10:50 Image size of job updated: 3629236
	1874  -  MemoryUsage of job (MB)
	1918760  -  ResidentSetSize of job (KB)
...
006 (3316953.010.000) 01/13 12:20:51 Image size of job updated: 3629236
	1875  -  MemoryUsage of job (MB)
	1919568  -  ResidentSetSize of job (KB)
...
006 (3316953.010.000) 01/13 12:25:51 Image size of job updated: 4067624
	2179  -  MemoryUsage of job (MB)
	2230516  -  ResidentSetSize of job (KB)
...
006 (3316953.010.000) 01/13 12:30:51 Image size of job updated: 4067624
	2179  -  MemoryUsage of job (MB)
	2230600  -  ResidentSetSize of job (KB)
...
006 (3316953.010.000) 01/13 12:35:52 Image size of job updated: 4551060
	2587  -  MemoryUsage of job (MB)
	2648328  -  ResidentSetSize of job (KB)
...
006 (3316953.010.000) 01/13 12:45:52 Image size of job updated: 5043904
	2997  -  MemoryUsage of job (MB)
	3068860  -  ResidentSetSize of job (KB)
...
006 (3316953.010.000) 01/13 12:55:53 Image size of job updated: 5043904
	2999  -  MemoryUsage of job (MB)
	3070168  -  ResidentSetSize of job (KB)
...
006 (3316953.010.000) 01/13 13:00:53 Image size of job updated: 5580900
	3430  -  MemoryUsage of job (MB)
	3512096  -  ResidentSetSize of job (KB)
...
040 (3316953.010.000) 01/13 13:05:28 Started transferring output files
...
040 (3316953.010.000) 01/13 13:05:28 Finished transferring output files
...
005 (3316953.010.000) 01/13 13:05:28 Job terminated.
	(1) Normal termination (return value 0)
		Usr 0 00:28:08, Sys 0 00:00:41  -  Run Remote Usage
		Usr 0 00:00:00, Sys 0 00:00:00  -  Run Local Usage
		Usr 0 00:28:08, Sys 0 00:00:41  -  Total Remote Usage
		Usr 0 00:00:00, Sys 0 00:00:00  -  Total Local Usage
	5143963  -  Run Bytes Sent By Job
	10530  -  Run Bytes Received By Job
	5143963  -  Total Bytes Sent By Job
	10530  -  Total Bytes Received By Job
	Partitionable Resources :    Usage  Request Allocated 
	   Cpus                 :     0.96        4         4 
	   Disk (KB)            :  5057           1   2994847 
	   Memory (MB)          :  3430        8000      8000 

	Job terminated of its own accord at 2022-01-13T12:05:28Z.
...
