000 (3316953.006.000) 01/13 10:23:52 Job submitted from host: <188.185.70.244:9618?addrs=188.185.70.244-9618+[2001-1458-d00-7--100-2ee]-9618&alias=bigbird10.cern.ch&noUDP&sock=schedd_7001_aea1>
...
040 (3316953.006.000) 01/13 11:15:34 Started transferring input files
	Transferring to host: <188.184.160.113:9618?addrs=188.184.160.113-9618+[2001-1458-301-48--100-6b]-9618&alias=b7s09p8687.cern.ch&noUDP&sock=slot1_15_3435_04a5_27552>
...
040 (3316953.006.000) 01/13 11:15:34 Finished transferring input files
...
001 (3316953.006.000) 01/13 11:15:35 Job executing on host: <188.184.160.113:9618?addrs=188.184.160.113-9618+[2001-1458-301-48--100-6b]-9618&alias=b7s09p8687.cern.ch&noUDP&sock=startd_3110_c7a0>
...
006 (3316953.006.000) 01/13 11:15:43 Image size of job updated: 722700
	132  -  MemoryUsage of job (MB)
	135104  -  ResidentSetSize of job (KB)
...
006 (3316953.006.000) 01/13 11:20:43 Image size of job updated: 2035476
	568  -  MemoryUsage of job (MB)
	581372  -  ResidentSetSize of job (KB)
...
006 (3316953.006.000) 01/13 11:25:44 Image size of job updated: 2541328
	843  -  MemoryUsage of job (MB)
	862492  -  ResidentSetSize of job (KB)
...
006 (3316953.006.000) 01/13 11:30:45 Image size of job updated: 2848936
	1113  -  MemoryUsage of job (MB)
	1139336  -  ResidentSetSize of job (KB)
...
006 (3316953.006.000) 01/13 11:35:45 Image size of job updated: 2848936
	1114  -  MemoryUsage of job (MB)
	1139848  -  ResidentSetSize of job (KB)
...
006 (3316953.006.000) 01/13 11:40:46 Image size of job updated: 2866852
	1373  -  MemoryUsage of job (MB)
	1405464  -  ResidentSetSize of job (KB)
...
006 (3316953.006.000) 01/13 11:45:47 Image size of job updated: 3094988
	1373  -  MemoryUsage of job (MB)
	1405464  -  ResidentSetSize of job (KB)
...
006 (3316953.006.000) 01/13 11:50:47 Image size of job updated: 3533632
	1792  -  MemoryUsage of job (MB)
	1834660  -  ResidentSetSize of job (KB)
...
006 (3316953.006.000) 01/13 11:55:47 Image size of job updated: 4093888
	2037  -  MemoryUsage of job (MB)
	2085072  -  ResidentSetSize of job (KB)
...
006 (3316953.006.000) 01/13 12:00:48 Image size of job updated: 4273792
	2366  -  MemoryUsage of job (MB)
	2422668  -  ResidentSetSize of job (KB)
...
006 (3316953.006.000) 01/13 12:05:48 Image size of job updated: 4293352
	3039  -  MemoryUsage of job (MB)
	3111896  -  ResidentSetSize of job (KB)
...
040 (3316953.006.000) 01/13 12:09:24 Started transferring output files
...
040 (3316953.006.000) 01/13 12:09:26 Finished transferring output files
...
005 (3316953.006.000) 01/13 12:09:26 Job terminated.
	(1) Normal termination (return value 0)
		Usr 0 00:14:08, Sys 0 00:00:21  -  Run Remote Usage
		Usr 0 00:00:00, Sys 0 00:00:00  -  Run Local Usage
		Usr 0 00:14:08, Sys 0 00:00:21  -  Total Remote Usage
		Usr 0 00:00:00, Sys 0 00:00:00  -  Total Local Usage
	10643509  -  Run Bytes Sent By Job
	10530  -  Run Bytes Received By Job
	10643509  -  Total Bytes Sent By Job
	10530  -  Total Bytes Received By Job
	Partitionable Resources :    Usage  Request Allocated 
	   Cpus                 :     0.09        4         4 
	   Disk (KB)            : 10428           1   1365832 
	   Memory (MB)          :  3039        8000      8000 

	Job terminated of its own accord at 2022-01-13T11:09:24Z.
...
