000 (3314663.010.000) 01/11 17:12:55 Job submitted from host: <188.185.70.244:9618?addrs=188.185.70.244-9618+[2001-1458-d00-7--100-2ee]-9618&alias=bigbird10.cern.ch&noUDP&sock=schedd_7001_aea1>
...
040 (3314663.010.000) 01/11 20:19:17 Started transferring input files
	Transferring to host: <128.142.59.83:9618?addrs=128.142.59.83-9618&alias=b7s04p9097.cern.ch&noUDP&sock=slot1_18_3567_062a_23144>
...
040 (3314663.010.000) 01/11 20:19:17 Finished transferring input files
...
001 (3314663.010.000) 01/11 20:19:18 Job executing on host: <128.142.59.83:9618?addrs=128.142.59.83-9618&alias=b7s04p9097.cern.ch&noUDP&sock=startd_2692_110a>
...
006 (3314663.010.000) 01/11 20:19:26 Image size of job updated: 278336
	132  -  MemoryUsage of job (MB)
	134436  -  ResidentSetSize of job (KB)
...
006 (3314663.010.000) 01/11 20:24:26 Image size of job updated: 1905072
	438  -  MemoryUsage of job (MB)
	447904  -  ResidentSetSize of job (KB)
...
006 (3314663.010.000) 01/11 20:29:27 Image size of job updated: 2016924
	548  -  MemoryUsage of job (MB)
	560956  -  ResidentSetSize of job (KB)
...
006 (3314663.010.000) 01/11 20:44:28 Image size of job updated: 2166056
	695  -  MemoryUsage of job (MB)
	711040  -  ResidentSetSize of job (KB)
...
006 (3314663.010.000) 01/11 20:54:30 Image size of job updated: 2349516
	826  -  MemoryUsage of job (MB)
	845336  -  ResidentSetSize of job (KB)
...
006 (3314663.010.000) 01/11 20:59:30 Image size of job updated: 2594916
	1003  -  MemoryUsage of job (MB)
	1026052  -  ResidentSetSize of job (KB)
...
006 (3314663.010.000) 01/11 21:09:32 Image size of job updated: 2842964
	1244  -  MemoryUsage of job (MB)
	1273768  -  ResidentSetSize of job (KB)
...
006 (3314663.010.000) 01/11 21:14:32 Image size of job updated: 2842964
	1246  -  MemoryUsage of job (MB)
	1275444  -  ResidentSetSize of job (KB)
...
006 (3314663.010.000) 01/11 21:19:32 Image size of job updated: 3001268
	1456  -  MemoryUsage of job (MB)
	1490508  -  ResidentSetSize of job (KB)
...
006 (3314663.010.000) 01/11 21:24:33 Image size of job updated: 3443616
	1716  -  MemoryUsage of job (MB)
	1756796  -  ResidentSetSize of job (KB)
...
006 (3314663.010.000) 01/11 21:34:33 Image size of job updated: 3783500
	2015  -  MemoryUsage of job (MB)
	2063176  -  ResidentSetSize of job (KB)
...
006 (3314663.010.000) 01/11 21:39:34 Image size of job updated: 3945916
	2618  -  MemoryUsage of job (MB)
	2679944  -  ResidentSetSize of job (KB)
...
006 (3314663.010.000) 01/11 21:44:34 Image size of job updated: 4142852
	2618  -  MemoryUsage of job (MB)
	2679944  -  ResidentSetSize of job (KB)
...
040 (3314663.010.000) 01/11 21:46:40 Started transferring output files
...
040 (3314663.010.000) 01/11 21:46:40 Finished transferring output files
...
005 (3314663.010.000) 01/11 21:46:40 Job terminated.
	(1) Normal termination (return value 0)
		Usr 0 00:09:04, Sys 0 00:00:19  -  Run Remote Usage
		Usr 0 00:00:00, Sys 0 00:00:00  -  Run Local Usage
		Usr 0 00:09:04, Sys 0 00:00:19  -  Total Remote Usage
		Usr 0 00:00:00, Sys 0 00:00:00  -  Total Local Usage
	183797  -  Run Bytes Sent By Job
	10523  -  Run Bytes Received By Job
	183797  -  Total Bytes Sent By Job
	10523  -  Total Bytes Received By Job
	Partitionable Resources :    Usage  Request Allocated 
	   Cpus                 :     0.93        4         4 
	   Disk (KB)            :   213           1   1292997 
	   Memory (MB)          :  2618        8000      8000 

	Job terminated of its own accord at 2022-01-11T20:46:40Z.
...
