000 (3338409.013.000) 01/19 18:49:34 Job submitted from host: <188.185.70.244:9618?addrs=188.185.70.244-9618+[2001-1458-d00-7--100-2ee]-9618&alias=bigbird10.cern.ch&noUDP&sock=schedd_7001_aea1>
...
040 (3338409.013.000) 01/19 18:58:01 Started transferring input files
	Transferring to host: <128.142.60.86:9618?addrs=128.142.60.86-9618+[2001-1458-301-22--100-55]-9618&alias=b7s05p5871.cern.ch&noUDP&sock=slot1_6_3614_23cc_37825>
...
040 (3338409.013.000) 01/19 18:58:01 Finished transferring input files
...
001 (3338409.013.000) 01/19 18:58:02 Job executing on host: <128.142.60.86:9618?addrs=128.142.60.86-9618+[2001-1458-301-22--100-55]-9618&alias=b7s05p5871.cern.ch&noUDP&sock=startd_2880_04d8>
...
006 (3338409.013.000) 01/19 18:58:11 Image size of job updated: 1264816
	155  -  MemoryUsage of job (MB)
	157872  -  ResidentSetSize of job (KB)
...
006 (3338409.013.000) 01/19 18:59:22 Image size of job updated: 1657580
	155  -  MemoryUsage of job (MB)
	157872  -  ResidentSetSize of job (KB)
...
040 (3338409.013.000) 01/19 18:59:22 Started transferring output files
...
040 (3338409.013.000) 01/19 18:59:22 Finished transferring output files
...
005 (3338409.013.000) 01/19 18:59:23 Job terminated.
	(1) Normal termination (return value 1)
		Usr 0 00:00:03, Sys 0 00:00:02  -  Run Remote Usage
		Usr 0 00:00:00, Sys 0 00:00:00  -  Run Local Usage
		Usr 0 00:00:03, Sys 0 00:00:02  -  Total Remote Usage
		Usr 0 00:00:00, Sys 0 00:00:00  -  Total Local Usage
	23938  -  Run Bytes Sent By Job
	11205  -  Run Bytes Received By Job
	23938  -  Total Bytes Sent By Job
	11205  -  Total Bytes Received By Job
	Partitionable Resources :    Usage  Request Allocated 
	   Cpus                 :                 4         4 
	   Disk (KB)            :       51        1   1346161 
	   Memory (MB)          :      155     8000      8000 

	Job terminated of its own accord at 2022-01-19T17:59:22Z.
...
