000 (3314888.004.000) 01/12 10:53:41 Job submitted from host: <188.185.70.244:9618?addrs=188.185.70.244-9618+[2001-1458-d00-7--100-2ee]-9618&alias=bigbird10.cern.ch&noUDP&sock=schedd_7001_aea1>
...
040 (3314888.004.000) 01/12 10:55:16 Started transferring input files
	Transferring to host: <128.142.56.91:9618?addrs=128.142.56.91-9618&alias=b7s01p5298.cern.ch&noUDP&sock=slot1_13_3575_a92a_26138>
...
040 (3314888.004.000) 01/12 10:55:16 Finished transferring input files
...
001 (3314888.004.000) 01/12 10:55:17 Job executing on host: <128.142.56.91:9618?addrs=128.142.56.91-9618&alias=b7s01p5298.cern.ch&noUDP&sock=startd_2607_c37d>
...
006 (3314888.004.000) 01/12 10:55:25 Image size of job updated: 319980
	179  -  MemoryUsage of job (MB)
	182684  -  ResidentSetSize of job (KB)
...
006 (3314888.004.000) 01/12 10:55:27 Image size of job updated: 319980
	179  -  MemoryUsage of job (MB)
	182868  -  ResidentSetSize of job (KB)
...
040 (3314888.004.000) 01/12 10:55:27 Started transferring output files
...
040 (3314888.004.000) 01/12 10:55:27 Finished transferring output files
...
005 (3314888.004.000) 01/12 10:55:27 Job terminated.
	(1) Normal termination (return value 1)
		Usr 0 00:00:03, Sys 0 00:00:02  -  Run Remote Usage
		Usr 0 00:00:00, Sys 0 00:00:00  -  Run Local Usage
		Usr 0 00:00:03, Sys 0 00:00:02  -  Total Remote Usage
		Usr 0 00:00:00, Sys 0 00:00:00  -  Total Local Usage
	2679  -  Run Bytes Sent By Job
	10531  -  Run Bytes Received By Job
	2679  -  Total Bytes Sent By Job
	10531  -  Total Bytes Received By Job
	Partitionable Resources :    Usage  Request Allocated 
	   Cpus                 :                 4         4 
	   Disk (KB)            :       30        1   1307274 
	   Memory (MB)          :      179     8000      8000 

	Job terminated of its own accord at 2022-01-12T09:55:27Z.
...
