000 (3315587.013.000) 01/12 17:28:39 Job submitted from host: <188.185.70.244:9618?addrs=188.185.70.244-9618+[2001-1458-d00-7--100-2ee]-9618&alias=bigbird10.cern.ch&noUDP&sock=schedd_7001_aea1>
...
040 (3315587.013.000) 01/12 22:18:53 Started transferring input files
	Transferring to host: <128.142.61.18:9618?addrs=128.142.61.18-9618+[2001-1458-301-23--100-11]-9618&alias=b7s06p9853.cern.ch&noUDP&sock=slot1_40_3632_d28d_23116>
...
040 (3315587.013.000) 01/12 22:18:53 Finished transferring input files
...
001 (3315587.013.000) 01/12 22:18:54 Job executing on host: <128.142.61.18:9618?addrs=128.142.61.18-9618+[2001-1458-301-23--100-11]-9618&alias=b7s06p9853.cern.ch&noUDP&sock=startd_3584_e784>
...
006 (3315587.013.000) 01/12 22:19:03 Image size of job updated: 1256208
	203  -  MemoryUsage of job (MB)
	207288  -  ResidentSetSize of job (KB)
...
006 (3315587.013.000) 01/12 22:20:25 Image size of job updated: 1665080
	203  -  MemoryUsage of job (MB)
	207288  -  ResidentSetSize of job (KB)
...
040 (3315587.013.000) 01/12 22:20:25 Started transferring output files
...
040 (3315587.013.000) 01/12 22:20:25 Finished transferring output files
...
005 (3315587.013.000) 01/12 22:20:25 Job terminated.
	(1) Normal termination (return value 1)
		Usr 0 00:00:03, Sys 0 00:00:02  -  Run Remote Usage
		Usr 0 00:00:00, Sys 0 00:00:00  -  Run Local Usage
		Usr 0 00:00:03, Sys 0 00:00:02  -  Total Remote Usage
		Usr 0 00:00:00, Sys 0 00:00:00  -  Total Local Usage
	24160  -  Run Bytes Sent By Job
	10525  -  Run Bytes Received By Job
	24160  -  Total Bytes Sent By Job
	10525  -  Total Bytes Received By Job
	Partitionable Resources :    Usage  Request Allocated 
	   Cpus                 :                 4         4 
	   Disk (KB)            :       51        1    540459 
	   Memory (MB)          :      203     8000      8000 

	Job terminated of its own accord at 2022-01-12T21:20:25Z.
...
