000 (3316932.011.000) 01/13 09:45:35 Job submitted from host: <188.185.70.244:9618?addrs=188.185.70.244-9618+[2001-1458-d00-7--100-2ee]-9618&alias=bigbird10.cern.ch&noUDP&sock=schedd_7001_aea1>
...
040 (3316932.011.000) 01/13 09:50:48 Started transferring input files
	Transferring to host: <188.184.160.69:9618?addrs=188.184.160.69-9618&alias=b7s09p4360.cern.ch&noUDP&sock=slot1_4_4658_bb76_26894>
...
040 (3316932.011.000) 01/13 09:50:48 Finished transferring input files
...
001 (3316932.011.000) 01/13 09:50:49 Job executing on host: <188.184.160.69:9618?addrs=188.184.160.69-9618&alias=b7s09p4360.cern.ch&noUDP&sock=startd_4413_8787>
...
006 (3316932.011.000) 01/13 09:50:58 Image size of job updated: 281376
	134  -  MemoryUsage of job (MB)
	136676  -  ResidentSetSize of job (KB)
...
006 (3316932.011.000) 01/13 09:55:59 Image size of job updated: 1726864
	268  -  MemoryUsage of job (MB)
	273652  -  ResidentSetSize of job (KB)
...
040 (3316932.011.000) 01/13 10:05:25 Started transferring output files
...
040 (3316932.011.000) 01/13 10:05:25 Finished transferring output files
...
005 (3316932.011.000) 01/13 10:05:25 Job terminated.
	(1) Normal termination (return value 0)
		Usr 0 00:00:19, Sys 0 00:00:03  -  Run Remote Usage
		Usr 0 00:00:00, Sys 0 00:00:00  -  Run Local Usage
		Usr 0 00:00:19, Sys 0 00:00:03  -  Total Remote Usage
		Usr 0 00:00:00, Sys 0 00:00:00  -  Total Local Usage
	5149  -  Run Bytes Sent By Job
	10525  -  Run Bytes Received By Job
	5149  -  Total Bytes Sent By Job
	10525  -  Total Bytes Received By Job
	Partitionable Resources :    Usage  Request Allocated 
	   Cpus                 :     0.01        4         4 
	   Disk (KB)            :    38           1   1367806 
	   Memory (MB)          :   268        8000      8000 

	Job terminated of its own accord at 2022-01-13T09:05:25Z.
...
