000 (3344068.003.000) 01/23 18:32:25 Job submitted from host: <188.185.70.244:9618?addrs=188.185.70.244-9618+[2001-1458-d00-7--100-2ee]-9618&alias=bigbird10.cern.ch&noUDP&sock=schedd_7001_aea1>
...
040 (3344068.003.000) 01/23 18:32:59 Started transferring input files
	Transferring to host: <128.142.61.123:9618?addrs=128.142.61.123-9618+[2001-1458-301-23--100-7a]-9618&alias=b7s06p7679.cern.ch&noUDP&sock=slot1_12_6132_4c72_39515>
...
040 (3344068.003.000) 01/23 18:32:59 Finished transferring input files
...
001 (3344068.003.000) 01/23 18:33:00 Job executing on host: <128.142.61.123:9618?addrs=128.142.61.123-9618+[2001-1458-301-23--100-7a]-9618&alias=b7s06p7679.cern.ch&noUDP&sock=startd_6019_1ca1>
...
006 (3344068.003.000) 01/23 18:33:09 Image size of job updated: 1679420
	252  -  MemoryUsage of job (MB)
	257864  -  ResidentSetSize of job (KB)
...
006 (3344068.003.000) 01/23 18:33:51 Image size of job updated: 1729372
	252  -  MemoryUsage of job (MB)
	257896  -  ResidentSetSize of job (KB)
...
040 (3344068.003.000) 01/23 18:33:51 Started transferring output files
...
040 (3344068.003.000) 01/23 18:33:51 Finished transferring output files
...
005 (3344068.003.000) 01/23 18:33:51 Job terminated.
	(1) Normal termination (return value 0)
		Usr 0 00:00:09, Sys 0 00:00:02  -  Run Remote Usage
		Usr 0 00:00:00, Sys 0 00:00:00  -  Run Local Usage
		Usr 0 00:00:09, Sys 0 00:00:02  -  Total Remote Usage
		Usr 0 00:00:00, Sys 0 00:00:00  -  Total Local Usage
	1426  -  Run Bytes Sent By Job
	11209  -  Run Bytes Received By Job
	1426  -  Total Bytes Sent By Job
	11209  -  Total Bytes Received By Job
	Partitionable Resources :    Usage  Request Allocated 
	   Cpus                 :                 4         4 
	   Disk (KB)            :       29        1   1334897 
	   Memory (MB)          :      252     8000      8000 

	Job terminated of its own accord at 2022-01-23T17:33:51Z.
...
