000 (3321556.011.000) 01/17 16:54:46 Job submitted from host: <188.185.70.244:9618?addrs=188.185.70.244-9618+[2001-1458-d00-7--100-2ee]-9618&alias=bigbird10.cern.ch&noUDP&sock=schedd_7001_aea1>
...
040 (3321556.011.000) 01/17 16:57:30 Started transferring input files
	Transferring to host: <128.142.60.64:9618?addrs=128.142.60.64-9618+[2001-1458-301-22--100-3f]-9618&alias=b7s05p9861.cern.ch&noUDP&sock=slot1_16_3204_41fb_16452>
...
040 (3321556.011.000) 01/17 16:57:30 Finished transferring input files
...
001 (3321556.011.000) 01/17 16:57:31 Job executing on host: <128.142.60.64:9618?addrs=128.142.60.64-9618+[2001-1458-301-22--100-3f]-9618&alias=b7s05p9861.cern.ch&noUDP&sock=startd_2852_d031>
...
006 (3321556.011.000) 01/17 16:57:39 Image size of job updated: 201880
	177  -  MemoryUsage of job (MB)
	180688  -  ResidentSetSize of job (KB)
...
006 (3321556.011.000) 01/17 17:02:39 Image size of job updated: 2261960
	693  -  MemoryUsage of job (MB)
	709328  -  ResidentSetSize of job (KB)
...
006 (3321556.011.000) 01/17 17:07:40 Image size of job updated: 2767996
	995  -  MemoryUsage of job (MB)
	1018840  -  ResidentSetSize of job (KB)
...
006 (3321556.011.000) 01/17 17:12:41 Image size of job updated: 3131104
	1260  -  MemoryUsage of job (MB)
	1290092  -  ResidentSetSize of job (KB)
...
006 (3321556.011.000) 01/17 17:17:41 Image size of job updated: 3575328
	1691  -  MemoryUsage of job (MB)
	1731372  -  ResidentSetSize of job (KB)
...
006 (3321556.011.000) 01/17 17:22:41 Image size of job updated: 3975276
	2072  -  MemoryUsage of job (MB)
	2120784  -  ResidentSetSize of job (KB)
...
006 (3321556.011.000) 01/17 17:27:42 Image size of job updated: 4444632
	2469  -  MemoryUsage of job (MB)
	2528168  -  ResidentSetSize of job (KB)
...
006 (3321556.011.000) 01/17 17:32:42 Image size of job updated: 4899044
	2833  -  MemoryUsage of job (MB)
	2900608  -  ResidentSetSize of job (KB)
...
006 (3321556.011.000) 01/17 17:37:42 Image size of job updated: 5384140
	3258  -  MemoryUsage of job (MB)
	3335704  -  ResidentSetSize of job (KB)
...
006 (3321556.011.000) 01/17 17:42:43 Image size of job updated: 5407308
	3864  -  MemoryUsage of job (MB)
	3956184  -  ResidentSetSize of job (KB)
...
006 (3321556.011.000) 01/17 17:47:03 Image size of job updated: 5846700
	3864  -  MemoryUsage of job (MB)
	3956184  -  ResidentSetSize of job (KB)
...
040 (3321556.011.000) 01/17 17:47:03 Started transferring output files
...
040 (3321556.011.000) 01/17 17:47:03 Finished transferring output files
...
005 (3321556.011.000) 01/17 17:47:03 Job terminated.
	(1) Normal termination (return value 0)
		Usr 0 00:21:28, Sys 0 00:00:26  -  Run Remote Usage
		Usr 0 00:00:00, Sys 0 00:00:00  -  Run Local Usage
		Usr 0 00:21:28, Sys 0 00:00:26  -  Total Remote Usage
		Usr 0 00:00:00, Sys 0 00:00:00  -  Total Local Usage
	1162  -  Run Bytes Sent By Job
	10522  -  Run Bytes Received By Job
	1162  -  Total Bytes Sent By Job
	10522  -  Total Bytes Received By Job
	Partitionable Resources :    Usage  Request Allocated 
	   Cpus                 :     0.06        4         4 
	   Disk (KB)            :    35           1   1247646 
	   Memory (MB)          :  3864        8000      8000 

	Job terminated of its own accord at 2022-01-17T16:47:03Z.
...
