000 (3344069.009.000) 01/23 18:32:34 Job submitted from host: <188.185.70.244:9618?addrs=188.185.70.244-9618+[2001-1458-d00-7--100-2ee]-9618&alias=bigbird10.cern.ch&noUDP&sock=schedd_7001_aea1>
...
040 (3344069.009.000) 01/23 18:34:00 Started transferring input files
	Transferring to host: <128.142.58.71:9618?addrs=128.142.58.71-9618+[2001-1458-301-16--100-46]-9618&alias=b7s03p7214.cern.ch&noUDP&sock=slot1_31_63945_c981_10084>
...
040 (3344069.009.000) 01/23 18:34:00 Finished transferring input files
...
001 (3344069.009.000) 01/23 18:34:01 Job executing on host: <128.142.58.71:9618?addrs=128.142.58.71-9618+[2001-1458-301-16--100-46]-9618&alias=b7s03p7214.cern.ch&noUDP&sock=startd_63907_7704>
...
006 (3344069.009.000) 01/23 18:34:10 Image size of job updated: 1256248
	155  -  MemoryUsage of job (MB)
	157904  -  ResidentSetSize of job (KB)
...
006 (3344069.009.000) 01/23 18:35:44 Image size of job updated: 1727940
	155  -  MemoryUsage of job (MB)
	157904  -  ResidentSetSize of job (KB)
...
040 (3344069.009.000) 01/23 18:35:44 Started transferring output files
...
040 (3344069.009.000) 01/23 18:35:44 Finished transferring output files
...
005 (3344069.009.000) 01/23 18:35:44 Job terminated.
	(1) Normal termination (return value 0)
		Usr 0 00:00:12, Sys 0 00:00:02  -  Run Remote Usage
		Usr 0 00:00:00, Sys 0 00:00:00  -  Run Local Usage
		Usr 0 00:00:12, Sys 0 00:00:02  -  Total Remote Usage
		Usr 0 00:00:00, Sys 0 00:00:00  -  Total Local Usage
	1237  -  Run Bytes Sent By Job
	11206  -  Run Bytes Received By Job
	1237  -  Total Bytes Sent By Job
	11206  -  Total Bytes Received By Job
	Partitionable Resources :    Usage  Request Allocated 
	   Cpus                 :                 4         4 
	   Disk (KB)            :       28        1   1249401 
	   Memory (MB)          :      155     8000      8000 

	Job terminated of its own accord at 2022-01-23T17:35:44Z.
...
