000 (3315587.012.000) 01/12 17:28:39 Job submitted from host: <188.185.70.244:9618?addrs=188.185.70.244-9618+[2001-1458-d00-7--100-2ee]-9618&alias=bigbird10.cern.ch&noUDP&sock=schedd_7001_aea1>
...
040 (3315587.012.000) 01/12 22:18:45 Started transferring input files
	Transferring to host: <128.142.61.13:9618?addrs=128.142.61.13-9618&alias=b7s06p9290.cern.ch&noUDP&sock=slot1_7_3570_234a_11036>
...
040 (3315587.012.000) 01/12 22:18:45 Finished transferring input files
...
001 (3315587.012.000) 01/12 22:18:46 Job executing on host: <128.142.61.13:9618?addrs=128.142.61.13-9618&alias=b7s06p9290.cern.ch&noUDP&sock=startd_3522_60a5>
...
006 (3315587.012.000) 01/12 22:18:55 Image size of job updated: 61752
	32  -  MemoryUsage of job (MB)
	31772  -  ResidentSetSize of job (KB)
...
006 (3315587.012.000) 01/12 22:20:36 Image size of job updated: 1730760
	32  -  MemoryUsage of job (MB)
	31852  -  ResidentSetSize of job (KB)
...
040 (3315587.012.000) 01/12 22:20:36 Started transferring output files
...
040 (3315587.012.000) 01/12 22:20:36 Finished transferring output files
...
005 (3315587.012.000) 01/12 22:20:36 Job terminated.
	(1) Normal termination (return value 0)
		Usr 0 00:00:14, Sys 0 00:00:02  -  Run Remote Usage
		Usr 0 00:00:00, Sys 0 00:00:00  -  Run Local Usage
		Usr 0 00:00:14, Sys 0 00:00:02  -  Total Remote Usage
		Usr 0 00:00:00, Sys 0 00:00:00  -  Total Local Usage
	5368  -  Run Bytes Sent By Job
	10525  -  Run Bytes Received By Job
	5368  -  Total Bytes Sent By Job
	10525  -  Total Bytes Received By Job
	Partitionable Resources :    Usage  Request Allocated 
	   Cpus                 :                 4         4 
	   Disk (KB)            :       32        1    403801 
	   Memory (MB)          :       32     8000      8000 

	Job terminated of its own accord at 2022-01-12T21:20:36Z.
...
