000 (3338424.007.000) 01/19 19:04:04 Job submitted from host: <188.185.70.244:9618?addrs=188.185.70.244-9618+[2001-1458-d00-7--100-2ee]-9618&alias=bigbird10.cern.ch&noUDP&sock=schedd_7001_aea1>
...
040 (3338424.007.000) 01/19 21:15:22 Started transferring input files
	Transferring to host: <188.184.165.130:9618?addrs=188.184.165.130-9618+[2001-1458-301-51--100-7d]-9618&alias=b7s14p7623.cern.ch&noUDP&sock=slot1_7_3513_f9e8_10825>
...
040 (3338424.007.000) 01/19 21:15:22 Finished transferring input files
...
001 (3338424.007.000) 01/19 21:15:23 Job executing on host: <188.184.165.130:9618?addrs=188.184.165.130-9618+[2001-1458-301-51--100-7d]-9618&alias=b7s14p7623.cern.ch&noUDP&sock=startd_3160_135d>
...
006 (3338424.007.000) 01/19 21:15:31 Image size of job updated: 207448
	175  -  MemoryUsage of job (MB)
	179088  -  ResidentSetSize of job (KB)
...
006 (3338424.007.000) 01/19 21:20:31 Image size of job updated: 2433488
	686  -  MemoryUsage of job (MB)
	702216  -  ResidentSetSize of job (KB)
...
006 (3338424.007.000) 01/19 21:25:32 Image size of job updated: 2841420
	1031  -  MemoryUsage of job (MB)
	1055480  -  ResidentSetSize of job (KB)
...
006 (3338424.007.000) 01/19 21:30:33 Image size of job updated: 3186904
	1686  -  MemoryUsage of job (MB)
	1725576  -  ResidentSetSize of job (KB)
...
006 (3338424.007.000) 01/19 21:40:34 Image size of job updated: 3631428
	1686  -  MemoryUsage of job (MB)
	1725576  -  ResidentSetSize of job (KB)
...
006 (3338424.007.000) 01/19 21:45:34 Image size of job updated: 4039056
	2080  -  MemoryUsage of job (MB)
	2129804  -  ResidentSetSize of job (KB)
...
006 (3338424.007.000) 01/19 21:55:36 Image size of job updated: 4039056
	2081  -  MemoryUsage of job (MB)
	2130276  -  ResidentSetSize of job (KB)
...
006 (3338424.007.000) 01/19 22:00:36 Image size of job updated: 4523872
	2530  -  MemoryUsage of job (MB)
	2590392  -  ResidentSetSize of job (KB)
...
006 (3338424.007.000) 01/19 22:15:37 Image size of job updated: 5054996
	2916  -  MemoryUsage of job (MB)
	2985956  -  ResidentSetSize of job (KB)
...
006 (3338424.007.000) 01/19 22:25:38 Image size of job updated: 5054996
	2918  -  MemoryUsage of job (MB)
	2987056  -  ResidentSetSize of job (KB)
...
006 (3338424.007.000) 01/19 22:30:39 Image size of job updated: 5601400
	3373  -  MemoryUsage of job (MB)
	3453748  -  ResidentSetSize of job (KB)
...
006 (3338424.007.000) 01/19 22:40:39 Image size of job updated: 6090652
	3818  -  MemoryUsage of job (MB)
	3909036  -  ResidentSetSize of job (KB)
...
040 (3338424.007.000) 01/19 22:46:09 Started transferring output files
...
040 (3338424.007.000) 01/19 22:46:09 Finished transferring output files
...
005 (3338424.007.000) 01/19 22:46:09 Job terminated.
	(1) Normal termination (return value 0)
		Usr 0 00:23:50, Sys 0 00:00:34  -  Run Remote Usage
		Usr 0 00:00:00, Sys 0 00:00:00  -  Run Local Usage
		Usr 0 00:23:50, Sys 0 00:00:34  -  Total Remote Usage
		Usr 0 00:00:00, Sys 0 00:00:00  -  Total Local Usage
	5311  -  Run Bytes Sent By Job
	11205  -  Run Bytes Received By Job
	5311  -  Total Bytes Sent By Job
	11205  -  Total Bytes Received By Job
	Partitionable Resources :    Usage  Request Allocated 
	   Cpus                 :     0.45        4         4 
	   Disk (KB)            :    40           1   2522405 
	   Memory (MB)          :  3818        8000      8000 

	Job terminated of its own accord at 2022-01-19T21:46:09Z.
...
