000 (3315587.008.000) 01/12 17:28:39 Job submitted from host: <188.185.70.244:9618?addrs=188.185.70.244-9618+[2001-1458-d00-7--100-2ee]-9618&alias=bigbird10.cern.ch&noUDP&sock=schedd_7001_aea1>
...
040 (3315587.008.000) 01/12 22:18:09 Started transferring input files
	Transferring to host: <128.142.61.57:9618?addrs=128.142.61.57-9618&alias=b7s06p9082.cern.ch&noUDP&sock=slot1_1_3173_6a5a_3310>
...
040 (3315587.008.000) 01/12 22:18:09 Finished transferring input files
...
001 (3315587.008.000) 01/12 22:18:10 Job executing on host: <128.142.61.57:9618?addrs=128.142.61.57-9618&alias=b7s06p9082.cern.ch&noUDP&sock=startd_2541_7e3d>
...
006 (3315587.008.000) 01/12 22:18:19 Image size of job updated: 37272
	34  -  MemoryUsage of job (MB)
	34788  -  ResidentSetSize of job (KB)
...
006 (3315587.008.000) 01/12 22:20:22 Image size of job updated: 1736264
	35  -  MemoryUsage of job (MB)
	35584  -  ResidentSetSize of job (KB)
...
040 (3315587.008.000) 01/12 22:20:22 Started transferring output files
...
040 (3315587.008.000) 01/12 22:20:22 Finished transferring output files
...
005 (3315587.008.000) 01/12 22:20:22 Job terminated.
	(1) Normal termination (return value 0)
		Usr 0 00:00:23, Sys 0 00:00:03  -  Run Remote Usage
		Usr 0 00:00:00, Sys 0 00:00:00  -  Run Local Usage
		Usr 0 00:00:23, Sys 0 00:00:03  -  Total Remote Usage
		Usr 0 00:00:00, Sys 0 00:00:00  -  Total Local Usage
	10238  -  Run Bytes Sent By Job
	10525  -  Run Bytes Received By Job
	10238  -  Total Bytes Sent By Job
	10525  -  Total Bytes Received By Job
	Partitionable Resources :    Usage  Request Allocated 
	   Cpus                 :                 4         4 
	   Disk (KB)            :       35        1   1365124 
	   Memory (MB)          :       35     8000      8000 

	Job terminated of its own accord at 2022-01-12T21:20:22Z.
...
