000 (3344068.007.000) 01/23 18:32:25 Job submitted from host: <188.185.70.244:9618?addrs=188.185.70.244-9618+[2001-1458-d00-7--100-2ee]-9618&alias=bigbird10.cern.ch&noUDP&sock=schedd_7001_aea1>
...
040 (3344068.007.000) 01/23 18:33:32 Started transferring input files
	Transferring to host: <128.142.131.97:9618?addrs=128.142.131.97-9618+[2001-1458-301-59--100-55]-9618&alias=b7g11p0690.cern.ch&noUDP&sock=slot1_4_1445_e214_86033>
...
040 (3344068.007.000) 01/23 18:33:32 Finished transferring input files
...
001 (3344068.007.000) 01/23 18:33:33 Job executing on host: <128.142.131.97:9618?addrs=128.142.131.97-9618+[2001-1458-301-59--100-55]-9618&alias=b7g11p0690.cern.ch&noUDP&sock=startd_1396_1e4c>
...
006 (3344068.007.000) 01/23 18:33:42 Image size of job updated: 264300
	186  -  MemoryUsage of job (MB)
	189472  -  ResidentSetSize of job (KB)
...
006 (3344068.007.000) 01/23 18:33:52 Image size of job updated: 1714168
	186  -  MemoryUsage of job (MB)
	189476  -  ResidentSetSize of job (KB)
...
040 (3344068.007.000) 01/23 18:33:52 Started transferring output files
...
040 (3344068.007.000) 01/23 18:33:52 Finished transferring output files
...
005 (3344068.007.000) 01/23 18:33:52 Job terminated.
	(1) Normal termination (return value 0)
		Usr 0 00:00:12, Sys 0 00:00:02  -  Run Remote Usage
		Usr 0 00:00:00, Sys 0 00:00:00  -  Run Local Usage
		Usr 0 00:00:12, Sys 0 00:00:02  -  Total Remote Usage
		Usr 0 00:00:00, Sys 0 00:00:00  -  Total Local Usage
	6274  -  Run Bytes Sent By Job
	11209  -  Run Bytes Received By Job
	6274  -  Total Bytes Sent By Job
	11209  -  Total Bytes Received By Job
	Partitionable Resources :    Usage  Request Allocated 
	   Cpus                 :                 4         4 
	   Disk (KB)            :       32        1   1670337 
	   Memory (MB)          :      186     8000      8000 

	Job terminated of its own accord at 2022-01-23T17:33:52Z.
...
