000 (3342149.006.000) 01/20 16:35:04 Job submitted from host: <188.185.70.244:9618?addrs=188.185.70.244-9618+[2001-1458-d00-7--100-2ee]-9618&alias=bigbird10.cern.ch&noUDP&sock=schedd_7001_aea1>
...
040 (3342149.006.000) 01/20 16:53:17 Entered queue to transfer input files
	Transferring to host: <128.142.61.123:9618?addrs=128.142.61.123-9618+[2001-1458-301-23--100-7a]-9618&alias=b7s06p7679.cern.ch&noUDP&sock=slot1_9_6132_4c72_36274>
...
040 (3342149.006.000) 01/20 16:56:31 Started transferring input files
	Seconds spent in queue: 194
...
040 (3342149.006.000) 01/20 16:56:31 Finished transferring input files
...
001 (3342149.006.000) 01/20 16:56:32 Job executing on host: <128.142.61.123:9618?addrs=128.142.61.123-9618+[2001-1458-301-23--100-7a]-9618&alias=b7s06p7679.cern.ch&noUDP&sock=startd_6019_1ca1>
...
006 (3342149.006.000) 01/20 16:56:40 Image size of job updated: 1249748
	205  -  MemoryUsage of job (MB)
	209240  -  ResidentSetSize of job (KB)
...
006 (3342149.006.000) 01/20 16:56:52 Image size of job updated: 1747080
	205  -  MemoryUsage of job (MB)
	209280  -  ResidentSetSize of job (KB)
...
040 (3342149.006.000) 01/20 16:56:57 Entered queue to transfer output files
...
040 (3342149.006.000) 01/20 16:57:24 Started transferring output files
	Seconds spent in queue: 247
...
040 (3342149.006.000) 01/20 16:57:24 Finished transferring output files
...
005 (3342149.006.000) 01/20 16:57:24 Job terminated.
	(1) Normal termination (return value 0)
		Usr 0 00:00:09, Sys 0 00:00:02  -  Run Remote Usage
		Usr 0 00:00:00, Sys 0 00:00:00  -  Run Local Usage
		Usr 0 00:00:09, Sys 0 00:00:02  -  Total Remote Usage
		Usr 0 00:00:00, Sys 0 00:00:00  -  Total Local Usage
	1243  -  Run Bytes Sent By Job
	11209  -  Run Bytes Received By Job
	1243  -  Total Bytes Sent By Job
	11209  -  Total Bytes Received By Job
	Partitionable Resources :    Usage  Request Allocated 
	   Cpus                 :     0.03        4         4 
	   Disk (KB)            :    36           1   1305649 
	   Memory (MB)          :   205        8000      8000 

	Job terminated of its own accord at 2022-01-20T15:56:52Z.
...
