000 (3342149.013.000) 01/20 16:35:04 Job submitted from host: <188.185.70.244:9618?addrs=188.185.70.244-9618+[2001-1458-d00-7--100-2ee]-9618&alias=bigbird10.cern.ch&noUDP&sock=schedd_7001_aea1>
...
040 (3342149.013.000) 01/20 16:55:21 Entered queue to transfer input files
	Transferring to host: <128.142.132.59:9618?addrs=128.142.132.59-9618+[2001-1458-301-5a--100-2f]-9618&alias=b7g12p0087.cern.ch&noUDP&sock=slot1_9_22894_a4dc_104887>
...
040 (3342149.013.000) 01/20 16:56:31 Started transferring input files
	Seconds spent in queue: 70
...
040 (3342149.013.000) 01/20 16:56:31 Finished transferring input files
...
001 (3342149.013.000) 01/20 16:56:32 Job executing on host: <128.142.132.59:9618?addrs=128.142.132.59-9618+[2001-1458-301-5a--100-2f]-9618&alias=b7g12p0087.cern.ch&noUDP&sock=startd_2306_4d7b>
...
006 (3342149.013.000) 01/20 16:56:40 Image size of job updated: 320208
	164  -  MemoryUsage of job (MB)
	167532  -  ResidentSetSize of job (KB)
...
006 (3342149.013.000) 01/20 16:56:42 Image size of job updated: 1591960
	164  -  MemoryUsage of job (MB)
	167688  -  ResidentSetSize of job (KB)
...
040 (3342149.013.000) 01/20 16:56:47 Entered queue to transfer output files
...
040 (3342149.013.000) 01/20 16:57:24 Started transferring output files
	Seconds spent in queue: 123
...
040 (3342149.013.000) 01/20 16:57:24 Finished transferring output files
...
005 (3342149.013.000) 01/20 16:57:24 Job terminated.
	(1) Normal termination (return value 1)
		Usr 0 00:00:05, Sys 0 00:00:02  -  Run Remote Usage
		Usr 0 00:00:00, Sys 0 00:00:00  -  Run Local Usage
		Usr 0 00:00:05, Sys 0 00:00:02  -  Total Remote Usage
		Usr 0 00:00:00, Sys 0 00:00:00  -  Total Local Usage
	23942  -  Run Bytes Sent By Job
	11209  -  Run Bytes Received By Job
	23942  -  Total Bytes Sent By Job
	11209  -  Total Bytes Received By Job
	Partitionable Resources :    Usage  Request Allocated 
	   Cpus                 :                 4         4 
	   Disk (KB)            :       52        1   1621961 
	   Memory (MB)          :      164     8000      8000 

	Job terminated of its own accord at 2022-01-20T15:56:42Z.
...
