000 (3314660.004.000) 01/11 17:12:18 Job submitted from host: <188.185.70.244:9618?addrs=188.185.70.244-9618+[2001-1458-d00-7--100-2ee]-9618&alias=bigbird10.cern.ch&noUDP&sock=schedd_7001_aea1>
...
040 (3314660.004.000) 01/11 20:18:59 Started transferring input files
	Transferring to host: <128.142.63.101:9618?addrs=128.142.63.101-9618&alias=b7s08p4175.cern.ch&noUDP&sock=slot1_18_4595_57d4_30045>
...
040 (3314660.004.000) 01/11 20:18:59 Finished transferring input files
...
001 (3314660.004.000) 01/11 20:19:00 Job executing on host: <128.142.63.101:9618?addrs=128.142.63.101-9618&alias=b7s08p4175.cern.ch&noUDP&sock=startd_4236_1f44>
...
006 (3314660.004.000) 01/11 20:19:08 Image size of job updated: 309844
	147  -  MemoryUsage of job (MB)
	149696  -  ResidentSetSize of job (KB)
...
006 (3314660.004.000) 01/11 20:24:08 Image size of job updated: 1756476
	295  -  MemoryUsage of job (MB)
	301508  -  ResidentSetSize of job (KB)
...
006 (3314660.004.000) 01/11 20:34:10 Image size of job updated: 1756476
	295  -  MemoryUsage of job (MB)
	301512  -  ResidentSetSize of job (KB)
...
006 (3314660.004.000) 01/11 20:38:47 Image size of job updated: 1756484
	295  -  MemoryUsage of job (MB)
	301512  -  ResidentSetSize of job (KB)
...
040 (3314660.004.000) 01/11 20:38:47 Started transferring output files
...
040 (3314660.004.000) 01/11 20:38:47 Finished transferring output files
...
005 (3314660.004.000) 01/11 20:38:47 Job terminated.
	(1) Normal termination (return value 0)
		Usr 0 00:00:33, Sys 0 00:00:03  -  Run Remote Usage
		Usr 0 00:00:00, Sys 0 00:00:00  -  Run Local Usage
		Usr 0 00:00:33, Sys 0 00:00:03  -  Total Remote Usage
		Usr 0 00:00:00, Sys 0 00:00:00  -  Total Local Usage
	5223  -  Run Bytes Sent By Job
	10525  -  Run Bytes Received By Job
	5223  -  Total Bytes Sent By Job
	10525  -  Total Bytes Received By Job
	Partitionable Resources :    Usage  Request Allocated 
	   Cpus                 :     0.04        4         4 
	   Disk (KB)            :    38           1   1347868 
	   Memory (MB)          :   295        8000      8000 

	Job terminated of its own accord at 2022-01-11T19:38:47Z.
...
