000 (3314666.004.000) 01/11 17:14:16 Job submitted from host: <188.185.70.244:9618?addrs=188.185.70.244-9618+[2001-1458-d00-7--100-2ee]-9618&alias=bigbird10.cern.ch&noUDP&sock=schedd_7001_aea1>
...
040 (3314666.004.000) 01/11 20:19:29 Started transferring input files
	Transferring to host: <128.142.56.123:9618?addrs=128.142.56.123-9618+[2001-1458-301-6--100-7a]-9618&alias=b7s01p0177.cern.ch&noUDP&sock=slot1_25_3627_4cad_29552>
...
040 (3314666.004.000) 01/11 20:19:29 Finished transferring input files
...
001 (3314666.004.000) 01/11 20:19:30 Job executing on host: <128.142.56.123:9618?addrs=128.142.56.123-9618+[2001-1458-301-6--100-7a]-9618&alias=b7s01p0177.cern.ch&noUDP&sock=startd_2994_36a4>
...
006 (3314666.004.000) 01/11 20:19:38 Image size of job updated: 707904
	192  -  MemoryUsage of job (MB)
	196420  -  ResidentSetSize of job (KB)
...
006 (3314666.004.000) 01/11 20:24:38 Image size of job updated: 2542312
	1039  -  MemoryUsage of job (MB)
	1063672  -  ResidentSetSize of job (KB)
...
006 (3314666.004.000) 01/11 20:29:39 Image size of job updated: 2822992
	1039  -  MemoryUsage of job (MB)
	1063672  -  ResidentSetSize of job (KB)
...
040 (3314666.004.000) 01/11 21:04:38 Started transferring output files
...
040 (3314666.004.000) 01/11 21:04:39 Finished transferring output files
...
005 (3314666.004.000) 01/11 21:04:39 Job terminated.
	(1) Normal termination (return value 0)
		Usr 0 00:10:09, Sys 0 00:00:06  -  Run Remote Usage
		Usr 0 00:00:00, Sys 0 00:00:00  -  Run Local Usage
		Usr 0 00:10:09, Sys 0 00:00:06  -  Total Remote Usage
		Usr 0 00:00:00, Sys 0 00:00:00  -  Total Local Usage
	19530472  -  Run Bytes Sent By Job
	10522  -  Run Bytes Received By Job
	19530472  -  Total Bytes Sent By Job
	10522  -  Total Bytes Received By Job
	Partitionable Resources :    Usage  Request Allocated 
	   Cpus                 :     0.02        4         4 
	   Disk (KB)            : 19106           1   1272062 
	   Memory (MB)          :  1039        8000      8000 

	Job terminated of its own accord at 2022-01-11T20:04:38Z.
...
