000 (3344069.005.000) 01/23 18:32:34 Job submitted from host: <188.185.70.244:9618?addrs=188.185.70.244-9618+[2001-1458-d00-7--100-2ee]-9618&alias=bigbird10.cern.ch&noUDP&sock=schedd_7001_aea1>
...
022 (3344069.005.000) 01/23 18:34:20 Job disconnected, attempting to reconnect
    Socket between submit and execute hosts closed unexpectedly
    Trying to reconnect to slot1_10@b7s08p1649.cern.ch <128.142.63.54:9618?addrs=128.142.63.54-9618+[2001-1458-301-38--100-33]-9618&alias=b7s08p1649.cern.ch&noUDP&sock=startd_2970_c05e>
...
024 (3344069.005.000) 01/23 18:34:28 Job reconnection failed
    Job not found at execution machine
    Can not reconnect to slot1_10@b7s08p1649.cern.ch, rescheduling job
...
040 (3344069.005.000) 01/23 18:34:32 Started transferring input files
	Transferring to host: <128.142.57.147:9618?addrs=128.142.57.147-9618+[2001-1458-301-7--100-92]-9618&alias=b7s02p5602.cern.ch&noUDP&sock=slot1_14_3611_06ac_44501>
...
040 (3344069.005.000) 01/23 18:34:32 Finished transferring input files
...
001 (3344069.005.000) 01/23 18:34:33 Job executing on host: <128.142.57.147:9618?addrs=128.142.57.147-9618+[2001-1458-301-7--100-92]-9618&alias=b7s02p5602.cern.ch&noUDP&sock=startd_2950_0879>
...
006 (3344069.005.000) 01/23 18:34:41 Image size of job updated: 1599308
	240  -  MemoryUsage of job (MB)
	245736  -  ResidentSetSize of job (KB)
...
006 (3344069.005.000) 01/23 18:34:46 Image size of job updated: 1599308
	241  -  MemoryUsage of job (MB)
	245876  -  ResidentSetSize of job (KB)
...
040 (3344069.005.000) 01/23 18:34:46 Started transferring output files
...
040 (3344069.005.000) 01/23 18:34:46 Finished transferring output files
...
005 (3344069.005.000) 01/23 18:34:46 Job terminated.
	(1) Normal termination (return value 0)
		Usr 0 00:00:08, Sys 0 00:00:02  -  Run Remote Usage
		Usr 0 00:00:00, Sys 0 00:00:00  -  Run Local Usage
		Usr 0 00:00:08, Sys 0 00:00:02  -  Total Remote Usage
		Usr 0 00:00:00, Sys 0 00:00:00  -  Total Local Usage
	6085  -  Run Bytes Sent By Job
	11206  -  Run Bytes Received By Job
	6085  -  Total Bytes Sent By Job
	11206  -  Total Bytes Received By Job
	Partitionable Resources :    Usage  Request Allocated 
	   Cpus                 :                 4         4 
	   Disk (KB)            :       32        1   1340394 
	   Memory (MB)          :      241     8000      8000 

	Job terminated of its own accord at 2022-01-23T17:34:46Z.
...
