000 (3315587.010.000) 01/12 17:28:39 Job submitted from host: <188.185.70.244:9618?addrs=188.185.70.244-9618+[2001-1458-d00-7--100-2ee]-9618&alias=bigbird10.cern.ch&noUDP&sock=schedd_7001_aea1>
...
040 (3315587.010.000) 01/12 22:18:33 Started transferring input files
	Transferring to host: <128.142.61.45:9618?addrs=128.142.61.45-9618+[2001-1458-301-23--100-2c]-9618&alias=b7s06p9155.cern.ch&noUDP&sock=slot1_25_5381_26b4_5699>
...
040 (3315587.010.000) 01/12 22:18:33 Finished transferring input files
...
001 (3315587.010.000) 01/12 22:18:34 Job executing on host: <128.142.61.45:9618?addrs=128.142.61.45-9618+[2001-1458-301-23--100-2c]-9618&alias=b7s06p9155.cern.ch&noUDP&sock=startd_5010_0592>
...
006 (3315587.010.000) 01/12 22:18:42 Image size of job updated: 396044
	10  -  MemoryUsage of job (MB)
	9700  -  ResidentSetSize of job (KB)
...
006 (3315587.010.000) 01/12 22:19:57 Image size of job updated: 1734956
	10  -  MemoryUsage of job (MB)
	9700  -  ResidentSetSize of job (KB)
...
040 (3315587.010.000) 01/12 22:19:57 Started transferring output files
...
040 (3315587.010.000) 01/12 22:19:57 Finished transferring output files
...
005 (3315587.010.000) 01/12 22:19:57 Job terminated.
	(1) Normal termination (return value 0)
		Usr 0 00:00:14, Sys 0 00:00:02  -  Run Remote Usage
		Usr 0 00:00:00, Sys 0 00:00:00  -  Run Local Usage
		Usr 0 00:00:14, Sys 0 00:00:02  -  Total Remote Usage
		Usr 0 00:00:00, Sys 0 00:00:00  -  Total Local Usage
	9997  -  Run Bytes Sent By Job
	10525  -  Run Bytes Received By Job
	9997  -  Total Bytes Sent By Job
	10525  -  Total Bytes Received By Job
	Partitionable Resources :    Usage  Request Allocated 
	   Cpus                 :                 4         4 
	   Disk (KB)            :       35        1    578803 
	   Memory (MB)          :       10     8000      8000 

	Job terminated of its own accord at 2022-01-12T21:19:57Z.
...
