000 (3342149.014.000) 01/20 16:35:04 Job submitted from host: <188.185.70.244:9618?addrs=188.185.70.244-9618+[2001-1458-d00-7--100-2ee]-9618&alias=bigbird10.cern.ch&noUDP&sock=schedd_7001_aea1>
...
040 (3342149.014.000) 01/20 16:55:21 Entered queue to transfer input files
	Transferring to host: <188.184.164.109:9618?addrs=188.184.164.109-9618+[2001-1458-301-4e--100-67]-9618&alias=b7s13p4594.cern.ch&noUDP&sock=slot1_40_3991_c53b_12718>
...
040 (3342149.014.000) 01/20 16:56:31 Started transferring input files
	Seconds spent in queue: 70
...
040 (3342149.014.000) 01/20 16:56:31 Finished transferring input files
...
001 (3342149.014.000) 01/20 16:56:32 Job executing on host: <188.184.164.109:9618?addrs=188.184.164.109-9618+[2001-1458-301-4e--100-67]-9618&alias=b7s13p4594.cern.ch&noUDP&sock=startd_3943_2604>
...
006 (3342149.014.000) 01/20 16:56:40 Image size of job updated: 313080
	191  -  MemoryUsage of job (MB)
	194960  -  ResidentSetSize of job (KB)
...
006 (3342149.014.000) 01/20 16:58:54 Image size of job updated: 1736564
	191  -  MemoryUsage of job (MB)
	195012  -  ResidentSetSize of job (KB)
...
040 (3342149.014.000) 01/20 16:58:59 Entered queue to transfer output files
...
040 (3342149.014.000) 01/20 17:07:23 Started transferring output files
	Seconds spent in queue: 722
...
040 (3342149.014.000) 01/20 17:07:23 Finished transferring output files
...
005 (3342149.014.000) 01/20 17:07:23 Job terminated.
	(1) Normal termination (return value 0)
		Usr 0 00:00:17, Sys 0 00:00:02  -  Run Remote Usage
		Usr 0 00:00:00, Sys 0 00:00:00  -  Run Local Usage
		Usr 0 00:00:17, Sys 0 00:00:02  -  Total Remote Usage
		Usr 0 00:00:00, Sys 0 00:00:00  -  Total Local Usage
	1243  -  Run Bytes Sent By Job
	11209  -  Run Bytes Received By Job
	1243  -  Total Bytes Sent By Job
	11209  -  Total Bytes Received By Job
	Partitionable Resources :    Usage  Request Allocated 
	   Cpus                 :        0        4         4 
	   Disk (KB)            :       37        1   2937560 
	   Memory (MB)          :      191     8000      8000 

	Job terminated of its own accord at 2022-01-20T15:58:54Z.
...
