000 (3316932.012.000) 01/13 09:45:35 Job submitted from host: <188.185.70.244:9618?addrs=188.185.70.244-9618+[2001-1458-d00-7--100-2ee]-9618&alias=bigbird10.cern.ch&noUDP&sock=schedd_7001_aea1>
...
040 (3316932.012.000) 01/13 09:50:48 Started transferring input files
	Transferring to host: <188.184.163.139:9618?addrs=188.184.163.139-9618+[2001-1458-301-4d--100-85]-9618&alias=b7s12p3916.cern.ch&noUDP&sock=slot1_3_4853_209e_26669>
...
040 (3316932.012.000) 01/13 09:50:48 Finished transferring input files
...
001 (3316932.012.000) 01/13 09:50:49 Job executing on host: <188.184.163.139:9618?addrs=188.184.163.139-9618+[2001-1458-301-4d--100-85]-9618&alias=b7s12p3916.cern.ch&noUDP&sock=startd_4660_f36c>
...
006 (3316932.012.000) 01/13 09:50:58 Image size of job updated: 413412
	63  -  MemoryUsage of job (MB)
	64308  -  ResidentSetSize of job (KB)
...
006 (3316932.012.000) 01/13 09:51:41 Image size of job updated: 1736032
	63  -  MemoryUsage of job (MB)
	64308  -  ResidentSetSize of job (KB)
...
040 (3316932.012.000) 01/13 09:51:41 Started transferring output files
...
040 (3316932.012.000) 01/13 09:51:41 Finished transferring output files
...
005 (3316932.012.000) 01/13 09:51:41 Job terminated.
	(1) Normal termination (return value 0)
		Usr 0 00:00:20, Sys 0 00:00:03  -  Run Remote Usage
		Usr 0 00:00:00, Sys 0 00:00:00  -  Run Local Usage
		Usr 0 00:00:20, Sys 0 00:00:03  -  Total Remote Usage
		Usr 0 00:00:00, Sys 0 00:00:00  -  Total Local Usage
	10216  -  Run Bytes Sent By Job
	10525  -  Run Bytes Received By Job
	10216  -  Total Bytes Sent By Job
	10525  -  Total Bytes Received By Job
	Partitionable Resources :    Usage  Request Allocated 
	   Cpus                 :                 4         4 
	   Disk (KB)            :       34        1   3055450 
	   Memory (MB)          :       63     8000      8000 

	Job terminated of its own accord at 2022-01-13T08:51:41Z.
...
