000 (3342148.000.000) 01/20 16:34:59 Job submitted from host: <188.185.70.244:9618?addrs=188.185.70.244-9618+[2001-1458-d00-7--100-2ee]-9618&alias=bigbird10.cern.ch&noUDP&sock=schedd_7001_aea1>
...
040 (3342148.000.000) 01/20 16:50:10 Entered queue to transfer input files
	Transferring to host: <128.142.131.132:9618?addrs=128.142.131.132-9618+[2001-1458-301-59--100-78]-9618&alias=b7g11p3722.cern.ch&noUDP&sock=slot1_6_3595_c0ab_81641>
...
040 (3342148.000.000) 01/20 16:50:49 Started transferring input files
	Seconds spent in queue: 39
...
040 (3342148.000.000) 01/20 16:50:49 Finished transferring input files
...
001 (3342148.000.000) 01/20 16:50:50 Job executing on host: <128.142.131.132:9618?addrs=128.142.131.132-9618+[2001-1458-301-59--100-78]-9618&alias=b7g11p3722.cern.ch&noUDP&sock=startd_450_3db5>
...
006 (3342148.000.000) 01/20 16:50:58 Image size of job updated: 236576
	151  -  MemoryUsage of job (MB)
	154572  -  ResidentSetSize of job (KB)
...
006 (3342148.000.000) 01/20 16:55:58 Image size of job updated: 1638932
	183  -  MemoryUsage of job (MB)
	187352  -  ResidentSetSize of job (KB)
...
006 (3342148.000.000) 01/20 17:00:59 Image size of job updated: 1638932
	184  -  MemoryUsage of job (MB)
	187400  -  ResidentSetSize of job (KB)
...
006 (3342148.000.000) 01/20 17:06:00 Image size of job updated: 1638932
	184  -  MemoryUsage of job (MB)
	187436  -  ResidentSetSize of job (KB)
...
006 (3342148.000.000) 01/20 17:11:00 Image size of job updated: 1638932
	184  -  MemoryUsage of job (MB)
	187476  -  ResidentSetSize of job (KB)
...
006 (3342148.000.000) 01/20 17:16:01 Image size of job updated: 1638932
	184  -  MemoryUsage of job (MB)
	187512  -  ResidentSetSize of job (KB)
...
006 (3342148.000.000) 01/20 17:21:02 Image size of job updated: 1638932
	184  -  MemoryUsage of job (MB)
	187552  -  ResidentSetSize of job (KB)
...
040 (3342148.000.000) 01/20 17:21:26 Entered queue to transfer output files
...
040 (3342148.000.000) 01/20 17:23:26 Started transferring output files
	Seconds spent in queue: 1996
...
040 (3342148.000.000) 01/20 17:23:26 Finished transferring output files
...
005 (3342148.000.000) 01/20 17:23:26 Job terminated.
	(1) Normal termination (return value 1)
		Usr 0 00:00:05, Sys 0 00:00:03  -  Run Remote Usage
		Usr 0 00:00:00, Sys 0 00:00:00  -  Run Local Usage
		Usr 0 00:00:05, Sys 0 00:00:03  -  Total Remote Usage
		Usr 0 00:00:00, Sys 0 00:00:00  -  Total Local Usage
	718  -  Run Bytes Sent By Job
	11206  -  Run Bytes Received By Job
	718  -  Total Bytes Sent By Job
	11206  -  Total Bytes Received By Job
	Partitionable Resources :    Usage  Request Allocated 
	   Cpus                 :        0        4         4 
	   Disk (KB)            :       35        1   1688738 
	   Memory (MB)          :      184     8000      8000 

	Job terminated of its own accord at 2022-01-20T16:21:21Z.
...
