000 (3314666.015.000) 01/11 17:14:16 Job submitted from host: <188.185.70.244:9618?addrs=188.185.70.244-9618+[2001-1458-d00-7--100-2ee]-9618&alias=bigbird10.cern.ch&noUDP&sock=schedd_7001_aea1>
...
040 (3314666.015.000) 01/11 20:19:33 Started transferring input files
	Transferring to host: <128.142.63.63:9618?addrs=128.142.63.63-9618&alias=b7s08p3733.cern.ch&noUDP&sock=slot1_27_4785_371c_29512>
...
040 (3314666.015.000) 01/11 20:19:33 Finished transferring input files
...
001 (3314666.015.000) 01/11 20:19:34 Job executing on host: <128.142.63.63:9618?addrs=128.142.63.63-9618&alias=b7s08p3733.cern.ch&noUDP&sock=startd_4431_e03c>
...
006 (3314666.015.000) 01/11 20:19:43 Image size of job updated: 318520
	219  -  MemoryUsage of job (MB)
	223356  -  ResidentSetSize of job (KB)
...
006 (3314666.015.000) 01/11 20:24:44 Image size of job updated: 2540932
	1038  -  MemoryUsage of job (MB)
	1062292  -  ResidentSetSize of job (KB)
...
006 (3314666.015.000) 01/11 20:29:44 Image size of job updated: 2557316
	1038  -  MemoryUsage of job (MB)
	1062292  -  ResidentSetSize of job (KB)
...
040 (3314666.015.000) 01/11 20:43:52 Started transferring output files
...
040 (3314666.015.000) 01/11 20:43:54 Finished transferring output files
...
005 (3314666.015.000) 01/11 20:43:54 Job terminated.
	(1) Normal termination (return value 0)
		Usr 0 00:09:42, Sys 0 00:00:05  -  Run Remote Usage
		Usr 0 00:00:00, Sys 0 00:00:00  -  Run Local Usage
		Usr 0 00:09:42, Sys 0 00:00:05  -  Total Remote Usage
		Usr 0 00:00:00, Sys 0 00:00:00  -  Total Local Usage
	19522310  -  Run Bytes Sent By Job
	10522  -  Run Bytes Received By Job
	19522310  -  Total Bytes Sent By Job
	10522  -  Total Bytes Received By Job
	Partitionable Resources :    Usage  Request Allocated 
	   Cpus                 :     0.00        4         4 
	   Disk (KB)            : 19098           1   1241649 
	   Memory (MB)          :  1038        8000      8000 

	Job terminated of its own accord at 2022-01-11T19:43:52Z.
...
