000 (3316908.000.000) 01/13 09:37:19 Job submitted from host: <188.185.70.244:9618?addrs=188.185.70.244-9618+[2001-1458-d00-7--100-2ee]-9618&alias=bigbird10.cern.ch&noUDP&sock=schedd_7001_aea1>
...
040 (3316908.000.000) 01/13 09:38:56 Started transferring input files
	Transferring to host: <128.142.60.118:9618?addrs=128.142.60.118-9618+[2001-1458-301-22--100-75]-9618&alias=b7s05p8679.cern.ch&noUDP&sock=slot1_4_3600_468b_29645>
...
040 (3316908.000.000) 01/13 09:38:56 Finished transferring input files
...
001 (3316908.000.000) 01/13 09:38:57 Job executing on host: <128.142.60.118:9618?addrs=128.142.60.118-9618+[2001-1458-301-22--100-75]-9618&alias=b7s05p8679.cern.ch&noUDP&sock=startd_2935_be8d>
...
006 (3316908.000.000) 01/13 09:39:07 Image size of job updated: 320164
	155  -  MemoryUsage of job (MB)
	157856  -  ResidentSetSize of job (KB)
...
006 (3316908.000.000) 01/13 09:44:07 Image size of job updated: 2534844
	1033  -  MemoryUsage of job (MB)
	1057760  -  ResidentSetSize of job (KB)
...
006 (3316908.000.000) 01/13 09:49:07 Image size of job updated: 2815532
	1033  -  MemoryUsage of job (MB)
	1057760  -  ResidentSetSize of job (KB)
...
040 (3316908.000.000) 01/13 09:50:06 Started transferring output files
...
040 (3316908.000.000) 01/13 09:50:07 Finished transferring output files
...
005 (3316908.000.000) 01/13 09:50:07 Job terminated.
	(1) Normal termination (return value 0)
		Usr 0 00:09:01, Sys 0 00:00:04  -  Run Remote Usage
		Usr 0 00:00:00, Sys 0 00:00:00  -  Run Local Usage
		Usr 0 00:09:01, Sys 0 00:00:04  -  Total Remote Usage
		Usr 0 00:00:00, Sys 0 00:00:00  -  Total Local Usage
	19530398  -  Run Bytes Sent By Job
	10522  -  Run Bytes Received By Job
	19530398  -  Total Bytes Sent By Job
	10522  -  Total Bytes Received By Job
	Partitionable Resources :    Usage  Request Allocated 
	   Cpus                 :     1.00        4         4 
	   Disk (KB)            : 19106           1   1297216 
	   Memory (MB)          :  1033        8000      8000 

	Job terminated of its own accord at 2022-01-13T08:50:06Z.
...
