000 (3342149.015.000) 01/20 16:35:04 Job submitted from host: <188.185.70.244:9618?addrs=188.185.70.244-9618+[2001-1458-d00-7--100-2ee]-9618&alias=bigbird10.cern.ch&noUDP&sock=schedd_7001_aea1>
...
040 (3342149.015.000) 01/20 16:55:21 Entered queue to transfer input files
	Transferring to host: <128.142.61.145:9618?addrs=128.142.61.145-9618+[2001-1458-301-23--100-90]-9618&alias=b7s06p8186.cern.ch&noUDP&sock=slot1_18_3646_afcd_36771>
...
040 (3342149.015.000) 01/20 16:56:31 Started transferring input files
	Seconds spent in queue: 70
...
040 (3342149.015.000) 01/20 16:56:31 Finished transferring input files
...
001 (3342149.015.000) 01/20 16:56:32 Job executing on host: <128.142.61.145:9618?addrs=128.142.61.145-9618+[2001-1458-301-23--100-90]-9618&alias=b7s06p8186.cern.ch&noUDP&sock=startd_2980_9c50>
...
006 (3342149.015.000) 01/20 16:56:40 Image size of job updated: 542044
	218  -  MemoryUsage of job (MB)
	222712  -  ResidentSetSize of job (KB)
...
006 (3342149.015.000) 01/20 16:57:06 Image size of job updated: 1749488
	218  -  MemoryUsage of job (MB)
	222816  -  ResidentSetSize of job (KB)
...
040 (3342149.015.000) 01/20 16:57:11 Entered queue to transfer output files
...
040 (3342149.015.000) 01/20 16:57:24 Started transferring output files
	Seconds spent in queue: 123
...
040 (3342149.015.000) 01/20 16:57:24 Finished transferring output files
...
005 (3342149.015.000) 01/20 16:57:24 Job terminated.
	(1) Normal termination (return value 0)
		Usr 0 00:00:12, Sys 0 00:00:02  -  Run Remote Usage
		Usr 0 00:00:00, Sys 0 00:00:00  -  Run Local Usage
		Usr 0 00:00:12, Sys 0 00:00:02  -  Total Remote Usage
		Usr 0 00:00:00, Sys 0 00:00:00  -  Total Local Usage
	1243  -  Run Bytes Sent By Job
	11209  -  Run Bytes Received By Job
	1243  -  Total Bytes Sent By Job
	11209  -  Total Bytes Received By Job
	Partitionable Resources :    Usage  Request Allocated 
	   Cpus                 :                 4         4 
	   Disk (KB)            :       29        1   1296564 
	   Memory (MB)          :      218     8000      8000 

	Job terminated of its own accord at 2022-01-20T15:57:06Z.
...
