000 (3338409.007.000) 01/19 18:49:34 Job submitted from host: <188.185.70.244:9618?addrs=188.185.70.244-9618+[2001-1458-d00-7--100-2ee]-9618&alias=bigbird10.cern.ch&noUDP&sock=schedd_7001_aea1>
...
040 (3338409.007.000) 01/19 18:57:59 Started transferring input files
	Transferring to host: <128.142.63.100:9618?addrs=128.142.63.100-9618+[2001-1458-301-38--100-61]-9618&alias=b7s08p7111.cern.ch&noUDP&sock=slot1_5_4898_d580_41666>
...
040 (3338409.007.000) 01/19 18:57:59 Finished transferring input files
...
001 (3338409.007.000) 01/19 18:58:00 Job executing on host: <128.142.63.100:9618?addrs=128.142.63.100-9618+[2001-1458-301-38--100-61]-9618&alias=b7s08p7111.cern.ch&noUDP&sock=startd_4539_f476>
...
006 (3338409.007.000) 01/19 18:58:09 Image size of job updated: 1256228
	185  -  MemoryUsage of job (MB)
	188508  -  ResidentSetSize of job (KB)
...
006 (3338409.007.000) 01/19 19:03:02 Image size of job updated: 2077192
	185  -  MemoryUsage of job (MB)
	188508  -  ResidentSetSize of job (KB)
...
040 (3338409.007.000) 01/19 19:03:02 Started transferring output files
...
040 (3338409.007.000) 01/19 19:03:02 Finished transferring output files
...
004 (3338409.007.000) 01/19 19:03:02 Job was evicted.
	(0) CPU times
		Usr 0 00:01:46, Sys 0 00:00:04  -  Run Remote Usage
		Usr 0 00:00:00, Sys 0 00:00:00  -  Run Local Usage
	0  -  Run Bytes Sent By Job
	11205  -  Run Bytes Received By Job
	Partitionable Resources :    Usage  Request Allocated 
	   Cpus                 :     0.61        4         4 
	   Disk (KB)            :    34           1   1265333 
	   Memory (MB)          :   185        8000      8000 
...
009 (3338409.007.000) 01/19 19:03:02 Job was aborted.
	via condor_rm (by user vdamante)
...
