000 (3314660.002.000) 01/11 17:12:18 Job submitted from host: <188.185.70.244:9618?addrs=188.185.70.244-9618+[2001-1458-d00-7--100-2ee]-9618&alias=bigbird10.cern.ch&noUDP&sock=schedd_7001_aea1>
...
040 (3314660.002.000) 01/11 20:18:59 Started transferring input files
	Transferring to host: <128.142.61.132:9618?addrs=128.142.61.132-9618+[2001-1458-301-23--100-83]-9618&alias=b7s06p5839.cern.ch&noUDP&sock=slot1_6_6129_2f52_28981>
...
040 (3314660.002.000) 01/11 20:18:59 Finished transferring input files
...
001 (3314660.002.000) 01/11 20:19:00 Job executing on host: <128.142.61.132:9618?addrs=128.142.61.132-9618+[2001-1458-301-23--100-83]-9618&alias=b7s06p5839.cern.ch&noUDP&sock=startd_5804_a3c4>
...
006 (3314660.002.000) 01/11 20:19:08 Image size of job updated: 285052
	135  -  MemoryUsage of job (MB)
	137488  -  ResidentSetSize of job (KB)
...
006 (3314660.002.000) 01/11 20:19:58 Image size of job updated: 1754044
	135  -  MemoryUsage of job (MB)
	137664  -  ResidentSetSize of job (KB)
...
040 (3314660.002.000) 01/11 20:19:58 Started transferring output files
...
040 (3314660.002.000) 01/11 20:19:58 Finished transferring output files
...
005 (3314660.002.000) 01/11 20:19:58 Job terminated.
	(1) Normal termination (return value 0)
		Usr 0 00:00:10, Sys 0 00:00:02  -  Run Remote Usage
		Usr 0 00:00:00, Sys 0 00:00:00  -  Run Local Usage
		Usr 0 00:00:10, Sys 0 00:00:02  -  Total Remote Usage
		Usr 0 00:00:00, Sys 0 00:00:00  -  Total Local Usage
	4980  -  Run Bytes Sent By Job
	10525  -  Run Bytes Received By Job
	4980  -  Total Bytes Sent By Job
	10525  -  Total Bytes Received By Job
	Partitionable Resources :    Usage  Request Allocated 
	   Cpus                 :                 4         4 
	   Disk (KB)            :       31        1   1293637 
	   Memory (MB)          :      135     8000      8000 

	Job terminated of its own accord at 2022-01-11T19:19:58Z.
...
