000 (3338424.009.000) 01/19 19:04:04 Job submitted from host: <188.185.70.244:9618?addrs=188.185.70.244-9618+[2001-1458-d00-7--100-2ee]-9618&alias=bigbird10.cern.ch&noUDP&sock=schedd_7001_aea1>
...
040 (3338424.009.000) 01/19 21:19:44 Started transferring input files
	Transferring to host: <128.142.193.157:9618?addrs=128.142.193.157-9618+[2001-1458-301-8--100-19]-9618&alias=b7g21p2019.cern.ch&noUDP&sock=slot1_1_3413_8464_49731>
...
040 (3338424.009.000) 01/19 21:19:44 Finished transferring input files
...
001 (3338424.009.000) 01/19 21:19:45 Job executing on host: <128.142.193.157:9618?addrs=128.142.193.157-9618+[2001-1458-301-8--100-19]-9618&alias=b7g21p2019.cern.ch&noUDP&sock=startd_3322_31b4>
...
006 (3338424.009.000) 01/19 21:19:54 Image size of job updated: 319396
	182  -  MemoryUsage of job (MB)
	186236  -  ResidentSetSize of job (KB)
...
006 (3338424.009.000) 01/19 21:24:55 Image size of job updated: 2429740
	683  -  MemoryUsage of job (MB)
	698728  -  ResidentSetSize of job (KB)
...
006 (3338424.009.000) 01/19 21:34:56 Image size of job updated: 2806496
	1017  -  MemoryUsage of job (MB)
	1040720  -  ResidentSetSize of job (KB)
...
006 (3338424.009.000) 01/19 21:49:57 Image size of job updated: 3148656
	1287  -  MemoryUsage of job (MB)
	1316896  -  ResidentSetSize of job (KB)
...
006 (3338424.009.000) 01/19 22:20:01 Image size of job updated: 3588728
	1700  -  MemoryUsage of job (MB)
	1739880  -  ResidentSetSize of job (KB)
...
006 (3338424.009.000) 01/19 22:40:03 Image size of job updated: 3970988
	2075  -  MemoryUsage of job (MB)
	2124392  -  ResidentSetSize of job (KB)
...
006 (3338424.009.000) 01/19 22:55:05 Image size of job updated: 4441164
	2907  -  MemoryUsage of job (MB)
	2976528  -  ResidentSetSize of job (KB)
...
006 (3338424.009.000) 01/19 23:55:10 Image size of job updated: 4749132
	2907  -  MemoryUsage of job (MB)
	2976528  -  ResidentSetSize of job (KB)
...
006 (3338424.009.000) 01/20 00:10:12 Image size of job updated: 5805796
	2956  -  MemoryUsage of job (MB)
	3026572  -  ResidentSetSize of job (KB)
...
040 (3338424.009.000) 01/20 01:28:16 Started transferring output files
...
040 (3338424.009.000) 01/20 01:28:17 Finished transferring output files
...
005 (3338424.009.000) 01/20 01:28:17 Job terminated.
	(1) Normal termination (return value 0)
		Usr 0 00:36:23, Sys 0 00:00:58  -  Run Remote Usage
		Usr 0 00:00:00, Sys 0 00:00:00  -  Run Local Usage
		Usr 0 00:36:23, Sys 0 00:00:58  -  Total Remote Usage
		Usr 0 00:00:00, Sys 0 00:00:00  -  Total Local Usage
	5311  -  Run Bytes Sent By Job
	11205  -  Run Bytes Received By Job
	5311  -  Total Bytes Sent By Job
	11205  -  Total Bytes Received By Job
	Partitionable Resources :    Usage  Request Allocated 
	   Cpus                 :     0.00        4         4 
	   Disk (KB)            :    41           1   1386661 
	   Memory (MB)          :  2956        8000      8000 

	Job terminated of its own accord at 2022-01-20T00:28:16Z.
...
