000 (3314660.014.000) 01/11 17:12:19 Job submitted from host: <188.185.70.244:9618?addrs=188.185.70.244-9618+[2001-1458-d00-7--100-2ee]-9618&alias=bigbird10.cern.ch&noUDP&sock=schedd_7001_aea1>
...
040 (3314660.014.000) 01/11 20:19:03 Started transferring input files
	Transferring to host: <188.184.160.103:9618?addrs=188.184.160.103-9618+[2001-1458-301-48--100-61]-9618&alias=b7s09p6129.cern.ch&noUDP&sock=slot1_5_3269_0e5e_27819>
...
040 (3314660.014.000) 01/11 20:19:03 Finished transferring input files
...
001 (3314660.014.000) 01/11 20:19:04 Job executing on host: <188.184.160.103:9618?addrs=188.184.160.103-9618+[2001-1458-301-48--100-61]-9618&alias=b7s09p6129.cern.ch&noUDP&sock=startd_3028_88dc>
...
006 (3314660.014.000) 01/11 20:19:12 Image size of job updated: 746732
	155  -  MemoryUsage of job (MB)
	157832  -  ResidentSetSize of job (KB)
...
006 (3314660.014.000) 01/11 20:20:36 Image size of job updated: 1732316
	155  -  MemoryUsage of job (MB)
	157832  -  ResidentSetSize of job (KB)
...
040 (3314660.014.000) 01/11 20:20:36 Started transferring output files
...
040 (3314660.014.000) 01/11 20:20:36 Finished transferring output files
...
005 (3314660.014.000) 01/11 20:20:36 Job terminated.
	(1) Normal termination (return value 0)
		Usr 0 00:00:15, Sys 0 00:00:02  -  Run Remote Usage
		Usr 0 00:00:00, Sys 0 00:00:00  -  Run Local Usage
		Usr 0 00:00:15, Sys 0 00:00:02  -  Total Remote Usage
		Usr 0 00:00:00, Sys 0 00:00:00  -  Total Local Usage
	4987  -  Run Bytes Sent By Job
	10525  -  Run Bytes Received By Job
	4987  -  Total Bytes Sent By Job
	10525  -  Total Bytes Received By Job
	Partitionable Resources :    Usage  Request Allocated 
	   Cpus                 :                 4         4 
	   Disk (KB)            :       31        1   1446329 
	   Memory (MB)          :      155     8000      8000 

	Job terminated of its own accord at 2022-01-11T19:20:36Z.
...
