000 (3316932.014.000) 01/13 09:45:35 Job submitted from host: <188.185.70.244:9618?addrs=188.185.70.244-9618+[2001-1458-d00-7--100-2ee]-9618&alias=bigbird10.cern.ch&noUDP&sock=schedd_7001_aea1>
...
040 (3316932.014.000) 01/13 09:50:48 Started transferring input files
	Transferring to host: <188.185.105.168:9618?addrs=188.185.105.168-9618+[2001-1458-d00-3e--100-2cf]-9618&alias=b7g50s2797.cern.ch&noUDP&sock=slot1_2_8664_5259_56897>
...
040 (3316932.014.000) 01/13 09:50:48 Finished transferring input files
...
001 (3316932.014.000) 01/13 09:50:49 Job executing on host: <188.185.105.168:9618?addrs=188.185.105.168-9618+[2001-1458-d00-3e--100-2cf]-9618&alias=b7g50s2797.cern.ch&noUDP&sock=startd_8617_1fad>
...
006 (3316932.014.000) 01/13 09:50:57 Image size of job updated: 708
	1  -  MemoryUsage of job (MB)
	508  -  ResidentSetSize of job (KB)
...
006 (3316932.014.000) 01/13 09:52:14 Image size of job updated: 1733160
	1  -  MemoryUsage of job (MB)
	508  -  ResidentSetSize of job (KB)
...
040 (3316932.014.000) 01/13 09:52:14 Started transferring output files
...
040 (3316932.014.000) 01/13 09:52:14 Finished transferring output files
...
005 (3316932.014.000) 01/13 09:52:14 Job terminated.
	(1) Normal termination (return value 0)
		Usr 0 00:00:15, Sys 0 00:00:02  -  Run Remote Usage
		Usr 0 00:00:00, Sys 0 00:00:00  -  Run Local Usage
		Usr 0 00:00:15, Sys 0 00:00:02  -  Total Remote Usage
		Usr 0 00:00:00, Sys 0 00:00:00  -  Total Local Usage
	5156  -  Run Bytes Sent By Job
	10525  -  Run Bytes Received By Job
	5156  -  Total Bytes Sent By Job
	10525  -  Total Bytes Received By Job
	Partitionable Resources :    Usage  Request Allocated 
	   Cpus                 :                 4         4 
	   Disk (KB)            :       31        1    554211 
	   Memory (MB)          :        1     8000      8000 

	Job terminated of its own accord at 2022-01-13T08:52:14Z.
...
