Running with following options: 
 channel = eTau 
 machine = lxplus 
 prodMode = GluGlu 
 sample = Radion 
 year = 2016 
 nTriggers = -1 
 iter = baseline 
 nEvts = -1 
 mass_points = [350] 
 best_path_baseline =  
 verbose = 0 
 reco = True 
 
evaluating for mass 350
['root://xrootd-cms.infn.it///store/mc/RunIISummer16NanoAODv7/GluGluToRadionToHHTo2B2Tau_M-350_narrow_13TeV-madgraph/NANOAODSIM/PUMoriond17_Nano02Apr2020_102X_mcRun2_asymptotic_v8-v1/120000/B66B7B94-AD62-C44A-BC4A-92B3DFF77745.root']
filtering for channel eTau
filtered for channel eTau
before any filling, baseline path are [] 

['HLT_Ele32_WPTight_Gsf', 'HLT_Ele35_WPTight_Gsf', 'HLT_Ele24_eta2p1_WPTight_Gsf_LooseChargedIsoPFTauHPS30_eta2p1_CrossL1']
current baseline path are ['HLT_Ele25_eta2p1_WPTight_Gsf'] 

nTriggers=1, best_paths_baseline=['HLT_Ele25_eta2p1_WPTight_Gsf'], best_paths=['HLT_Ele25_eta2p1_WPTight_Gsf'] 

current paths = [('HLT_Ele25_eta2p1_WPTight_Gsf', 1.0)] 
 HLT_Ele25_eta2p1_WPTight_Gsf == 1 
[(' HLT_Ele25_eta2p1_WPTight_Gsf == 1 ', 0.6923076923076923, 0.16317848796612633)]
nPaths = 1 
best_paths_dict 
 {'M-350': {'best_paths': [' HLT_Ele25_eta2p1_WPTight_Gsf == 1 '], 'best_eff': [0.6923076923076923], 'best_eff_err': [0.16317848796612633]}}
dict name = /afs/cern.ch/work/v/vdamante/public//analysis/output/GluGlu_Radion_eTau_2016//With_baseline//GluGlu_Radion_eTau_allEvts_350Masses.json
