Running with following options: 
 channel = eTau 
 machine = lxplus 
 prodMode = GluGlu 
 sample = Radion 
 year = 2016 
 nTriggers = -1 
 iter = baseline 
 nEvts = -1 
 mass_points = [300] 
 best_path_baseline =  
 verbose = 0 
 reco = True 
 
evaluating for mass 300
['root://xrootd-cms.infn.it///store/mc/RunIISummer16NanoAODv7/GluGluToRadionToHHTo2B2Tau_M-300_narrow_13TeV-madgraph/NANOAODSIM/PUMoriond17_Nano02Apr2020_102X_mcRun2_asymptotic_v8_ext1-v1/110000/860DC6B9-D4C5-114C-A7B7-C742285BFCD2.root', 'root://xrootd-cms.infn.it///store/mc/RunIISummer16NanoAODv7/GluGluToRadionToHHTo2B2Tau_M-300_narrow_13TeV-madgraph/NANOAODSIM/PUMoriond17_Nano02Apr2020_102X_mcRun2_asymptotic_v8_ext1-v1/110000/B9699414-BD90-B446-81D5-C26E951EF7CB.root']
filtering for channel eTau
filtered for channel eTau
before any filling, baseline path are [] 

['HLT_Ele32_WPTight_Gsf', 'HLT_Ele35_WPTight_Gsf', 'HLT_Ele24_eta2p1_WPTight_Gsf_LooseChargedIsoPFTauHPS30_eta2p1_CrossL1']
current baseline path are ['HLT_Ele25_eta2p1_WPTight_Gsf'] 

nTriggers=1, best_paths_baseline=['HLT_Ele25_eta2p1_WPTight_Gsf'], best_paths=['HLT_Ele25_eta2p1_WPTight_Gsf'] 

current paths = [('HLT_Ele25_eta2p1_WPTight_Gsf', 1.0)] 
 HLT_Ele25_eta2p1_WPTight_Gsf == 1 
[(' HLT_Ele25_eta2p1_WPTight_Gsf == 1 ', 0.496, 0.06299206299209449)]
nPaths = 1 
best_paths_dict 
 {'M-300': {'best_paths': [' HLT_Ele25_eta2p1_WPTight_Gsf == 1 '], 'best_eff': [0.496], 'best_eff_err': [0.06299206299209449]}}
dict name = /afs/cern.ch/work/v/vdamante/public//analysis/output/GluGlu_Radion_eTau_2016//With_baseline//GluGlu_Radion_eTau_allEvts_300Masses.json
