Running with following options: 
 channel = eTau 
 machine = lxplus 
 prodMode = GluGlu 
 sample = Radion 
 year = 2016 
 nTriggers = 9 
 iter = iter_0Baseline 
 nEvts = -1 
 mass_points = [600] 
 best_path_baseline =  
 verbose = 0 
 reco = True 
 
evaluating for mass 600
['root://xrootd-cms.infn.it///store/mc/RunIISummer16NanoAODv7/GluGluToRadionToHHTo2B2Tau_M-600_narrow_13TeV-madgraph/NANOAODSIM/PUMoriond17_Nano02Apr2020_102X_mcRun2_asymptotic_v8-v1/100000/22711988-C1E9-2F48-807E-08C10FED4836.root', 'root://xrootd-cms.infn.it///store/mc/RunIISummer16NanoAODv7/GluGluToRadionToHHTo2B2Tau_M-600_narrow_13TeV-madgraph/NANOAODSIM/PUMoriond17_Nano02Apr2020_102X_mcRun2_asymptotic_v8-v1/100000/CE60EEA2-F084-3148-83F7-1E00C12B61D0.root']
filtering for channel eTau
filtered for channel eTau
before any filling, baseline path are [] 

['HLT_Ele32_WPTight_Gsf', 'HLT_Ele35_WPTight_Gsf', 'HLT_Ele24_eta2p1_WPTight_Gsf_LooseChargedIsoPFTauHPS30_eta2p1_CrossL1']
current baseline path are ['HLT_Ele25_eta2p1_WPTight_Gsf_v'] 

nTriggers=9, best_paths_baseline=['HLT_Ele25_eta2p1_WPTight_Gsf_v'], best_paths=['HLT_Ele25_eta2p1_WPTight_Gsf_v'] 

