Running with following options: 
 channel = muTau 
 machine = lxplus 
 prodMode = GluGlu 
 sample = Radion 
 year = 2016 
 nTriggers = 10 
 iter = iter_0Baseline 
 nEvts = -1 
 mass_points = [400] 
 best_path_baseline =  
 verbose = 0 
 reco = True 
 
evaluating for mass 400
['root://xrootd-cms.infn.it///store/mc/RunIISummer16NanoAODv7/GluGluToRadionToHHTo2B2Tau_M-400_narrow_13TeV-madgraph/NANOAODSIM/PUMoriond17_Nano02Apr2020_102X_mcRun2_asymptotic_v8_ext1-v1/70000/E1323743-DC2C-8E42-9A64-3F46F269E83D.root', 'root://xrootd-cms.infn.it///store/mc/RunIISummer16NanoAODv7/GluGluToRadionToHHTo2B2Tau_M-400_narrow_13TeV-madgraph/NANOAODSIM/PUMoriond17_Nano02Apr2020_102X_mcRun2_asymptotic_v8_ext1-v1/70000/B55CECC4-E3A0-A34C-BF14-513EF252EB3D.root']
filtering for channel muTau
filtered for channel muTau
current baseline path are ['HLT_IsoMu22', 'HLT_IsoMu22_eta2p1', 'HLT_IsoTkMu22', 'HLT_IsoTkMu22_eta2p1', 'HLT_IsoMu19_eta2p1_LooseIsoPFTau20', 'HLT_IsoMu19_eta2p1_LooseIsoPFTau20_SingleL1']
nTriggers=10, best_paths_baseline=['HLT_IsoMu22', 'HLT_IsoMu22_eta2p1', 'HLT_IsoTkMu22', 'HLT_IsoTkMu22_eta2p1', 'HLT_IsoMu19_eta2p1_LooseIsoPFTau20', 'HLT_IsoMu19_eta2p1_LooseIsoPFTau20_SingleL1'], best_paths=['HLT_IsoMu22', 'HLT_IsoMu22_eta2p1', 'HLT_IsoTkMu22', 'HLT_IsoTkMu22_eta2p1', 'HLT_IsoMu19_eta2p1_LooseIsoPFTau20', 'HLT_IsoMu19_eta2p1_LooseIsoPFTau20_SingleL1'] 

current paths = [('HLT_IsoMu22', 0.7948999177406088), ('HLT_IsoMu22_eta2p1', 0.9224019742253908), ('HLT_IsoTkMu22', 0.7948999177406088), ('HLT_IsoTkMu22_eta2p1', 0.9224019742253908), ('HLT_IsoMu19_eta2p1_LooseIsoPFTau20', 1.0), ('HLT_IsoMu19_eta2p1_LooseIsoPFTau20_SingleL1', 1.0)] 
all l1 seeds are 0 for the path HLT_IsoMu22
nEvt is 0
all l1 seeds are 0 for the path HLT_IsoMu22
nEvt is 0
all l1 seeds are 0 for the path HLT_IsoMu22
nEvt is 0
all l1 seeds are 0 for the path HLT_IsoMu22
nEvt is 0
all l1 seeds are 0 for the path HLT_IsoMu22
nEvt is 0
all l1 seeds are 0 for the path HLT_IsoMu22
nEvt is 0
[]
