Running with following options: 
 channel = muTau 
 machine = lxplus 
 prodMode = GluGlu 
 sample = Radion 
 year = 2018 
 nTriggers = 9 
 iter = iter_1 
 nEvts = -1 
 mass_points = [700] 
 best_path_baseline =  
 verbose = 0 
 reco = True 
 
evaluating for mass 700
filtering for channel muTau
filtered for channel muTau
before any filling, baseline path are [] 

best_paths_dict 
 {'M-700': {'best_paths': [' HLT_IsoMu24 == 1  ||  HLT_IsoMu27 == 1  ||  HLT_IsoMu20_eta2p1_LooseChargedIsoPFTauHPS27_eta2p1_CrossL1 == 1  ||  HLT_Mu50 == 1  ||  HLT_MonoCentralPFJet80_PFMETNoMu120_PFMHTNoMu120_IDTight == 1  ||  HLT_MediumChargedIsoPFTau180HighPtRelaxedIso_Trk50_eta2p1 == 1 ', 'HLT_DoubleMu4_Mass3p8_DZ_PFHT350', 'HLT_Mu18_Mu9_SameSign', 'HLT_Mu17_Photon30_IsoCaloId', 'HLT_Mu27_Ele37_CaloIdL_MW', 'HLT_PFMET120_PFMHT120_IDTight', 'HLT_PFHT330PT30_QuadPFJet_75_60_45_40_TriplePFBTagDeepCSV_4p5', 'HLT_QuadPFJet103_88_75_15_DoublePFBTagDeepCSV_1p3_7p7_VBF1', 'HLT_DoubleL2Mu23NoVtx_2Cha', 'HLT_Mu23_Mu12_DZ'], 'best_eff': [0.9284146041274641, 0.9627750383128114, 0.9766070204414421, 0.9807499649295592, 0.9829091132868067, 0.9850682616440541, 0.9870520577749239, 0.9888608325326732, 0.9892115369854287, 0.9893104621093664], 'best_eff_err': [0.04291960471051513, 0.04370661200734209, 0.044019454132754966, 0.044112724582577444, 0.04416125558242972, 0.04420973330766686, 0.04425422717175494, 0.044294756590079046, 0.04430261057254434, 0.04430482573659815]}}
dict name = /afs/cern.ch/work/v/vdamante/public//analysis/output/GluGlu_Radion_muTau_2018//With_iter_1//GluGlu_Radion_muTau_allEvts_700Masses.json
