Running with following options: 
 channel = muTau 
 machine = lxplus 
 prodMode = GluGlu 
 sample = Radion 
 year = 2018 
 nTriggers = 9 
 iter = iter_1 
 nEvts = -1 
 mass_points = [500] 
 best_path_baseline =  
 verbose = 0 
 reco = True 
 
evaluating for mass 500
['root://xrootd-cms.infn.it///store/mc/RunIIAutumn18NanoAODv7/GluGluToRadionToHHTo2B2Tau_M-500_narrow_TuneCP5_PSWeights_13TeV-madgraph-pythia8/NANOAODSIM/Nano02Apr2020_102X_upgrade2018_realistic_v21-v1/260000/E99A0807-9999-BC49-8ABC-D9EDCC9956FC.root', 'root://xrootd-cms.infn.it///store/mc/RunIIAutumn18NanoAODv7/GluGluToRadionToHHTo2B2Tau_M-500_narrow_TuneCP5_PSWeights_13TeV-madgraph-pythia8/NANOAODSIM/Nano02Apr2020_102X_upgrade2018_realistic_v21-v1/70000/53A3E043-42E3-1040-B49E-F58EA8CDD34F.root', 'root://xrootd-cms.infn.it///store/mc/RunIIAutumn18NanoAODv7/GluGluToRadionToHHTo2B2Tau_M-500_narrow_TuneCP5_PSWeights_13TeV-madgraph-pythia8/NANOAODSIM/Nano02Apr2020_102X_upgrade2018_realistic_v21-v1/100000/61EEFB95-38E3-EC4B-8FB8-C742620965E5.root', 'root://xrootd-cms.infn.it///store/mc/RunIIAutumn18NanoAODv7/GluGluToRadionToHHTo2B2Tau_M-500_narrow_TuneCP5_PSWeights_13TeV-madgraph-pythia8/NANOAODSIM/Nano02Apr2020_102X_upgrade2018_realistic_v21-v1/260000/B225BD8D-D899-6D48-BB1A-0ACC23C67D8E.root', 'root://xrootd-cms.infn.it///store/mc/RunIIAutumn18NanoAODv7/GluGluToRadionToHHTo2B2Tau_M-500_narrow_TuneCP5_PSWeights_13TeV-madgraph-pythia8/NANOAODSIM/Nano02Apr2020_102X_upgrade2018_realistic_v21-v1/260000/F3C9155A-CF64-2D4B-ADC4-25A4888DF7A1.root', 'root://xrootd-cms.infn.it///store/mc/RunIIAutumn18NanoAODv7/GluGluToRadionToHHTo2B2Tau_M-500_narrow_TuneCP5_PSWeights_13TeV-madgraph-pythia8/NANOAODSIM/Nano02Apr2020_102X_upgrade2018_realistic_v21-v1/120000/7A193BF6-21F4-1045-9039-BE11CC049E10.root']
filtering for channel muTau
filtered for channel muTau
current baseline path are ['HLT_IsoMu24', 'HLT_IsoMu27', 'HLT_IsoMu20_eta2p1_LooseChargedIsoPFTauHPS27_eta2p1_CrossL1', 'HLT_MonoCentralPFJet80_PFMETNoMu120_PFMHTNoMu120_IDTight', 'HLT_Mu37_TkMu27', 'HLT_MediumChargedIsoPFTau180HighPtRelaxedIso_Trk50_eta2p1', 'HLT_DoubleMediumChargedIsoPFTauHPS35_Trk1_eta2p1_Reg']
nTriggers=9, best_paths_baseline=['HLT_IsoMu24', 'HLT_IsoMu27', 'HLT_IsoMu20_eta2p1_LooseChargedIsoPFTauHPS27_eta2p1_CrossL1', 'HLT_MonoCentralPFJet80_PFMETNoMu120_PFMHTNoMu120_IDTight', 'HLT_Mu37_TkMu27', 'HLT_MediumChargedIsoPFTau180HighPtRelaxedIso_Trk50_eta2p1', 'HLT_DoubleMediumChargedIsoPFTauHPS35_Trk1_eta2p1_Reg'], best_paths=['HLT_IsoMu24', 'HLT_IsoMu27', 'HLT_IsoMu20_eta2p1_LooseChargedIsoPFTauHPS27_eta2p1_CrossL1', 'HLT_MonoCentralPFJet80_PFMETNoMu120_PFMHTNoMu120_IDTight', 'HLT_Mu37_TkMu27', 'HLT_MediumChargedIsoPFTau180HighPtRelaxedIso_Trk50_eta2p1', 'HLT_DoubleMediumChargedIsoPFTauHPS35_Trk1_eta2p1_Reg'] 

current paths = [('HLT_IsoMu24', 0.999666499916625), ('HLT_IsoMu27', 0.9998332499583126), ('HLT_IsoMu20_eta2p1_LooseChargedIsoPFTauHPS27_eta2p1_CrossL1', 0.9998332499583126), ('HLT_MonoCentralPFJet80_PFMETNoMu120_PFMHTNoMu120_IDTight', 0.9998332499583126), ('HLT_Mu37_TkMu27', 0.9998332499583126), ('HLT_MediumChargedIsoPFTau180HighPtRelaxedIso_Trk50_eta2p1', 0.9998332499583126), ('HLT_DoubleMediumChargedIsoPFTauHPS35_Trk1_eta2p1_Reg', 0.9998332499583126)] 
 HLT_IsoMu24 == 1 
 HLT_IsoMu24 == 1  ||  HLT_IsoMu27 == 1 
 HLT_IsoMu24 == 1  ||  HLT_IsoMu27 == 1  ||  HLT_IsoMu20_eta2p1_LooseChargedIsoPFTauHPS27_eta2p1_CrossL1 == 1 
 HLT_IsoMu24 == 1  ||  HLT_IsoMu27 == 1  ||  HLT_IsoMu20_eta2p1_LooseChargedIsoPFTauHPS27_eta2p1_CrossL1 == 1  ||  HLT_MonoCentralPFJet80_PFMETNoMu120_PFMHTNoMu120_IDTight == 1 
 HLT_IsoMu24 == 1  ||  HLT_IsoMu27 == 1  ||  HLT_IsoMu20_eta2p1_LooseChargedIsoPFTauHPS27_eta2p1_CrossL1 == 1  ||  HLT_MonoCentralPFJet80_PFMETNoMu120_PFMHTNoMu120_IDTight == 1  ||  HLT_Mu37_TkMu27 == 1 
 HLT_IsoMu24 == 1  ||  HLT_IsoMu27 == 1  ||  HLT_IsoMu20_eta2p1_LooseChargedIsoPFTauHPS27_eta2p1_CrossL1 == 1  ||  HLT_MonoCentralPFJet80_PFMETNoMu120_PFMHTNoMu120_IDTight == 1  ||  HLT_Mu37_TkMu27 == 1  ||  HLT_MediumChargedIsoPFTau180HighPtRelaxedIso_Trk50_eta2p1 == 1 
 HLT_IsoMu24 == 1  ||  HLT_IsoMu27 == 1  ||  HLT_IsoMu20_eta2p1_LooseChargedIsoPFTauHPS27_eta2p1_CrossL1 == 1  ||  HLT_MonoCentralPFJet80_PFMETNoMu120_PFMHTNoMu120_IDTight == 1  ||  HLT_Mu37_TkMu27 == 1  ||  HLT_MediumChargedIsoPFTau180HighPtRelaxedIso_Trk50_eta2p1 == 1  ||  HLT_DoubleMediumChargedIsoPFTauHPS35_Trk1_eta2p1_Reg == 1 
[(' HLT_IsoMu24 == 1  ||  HLT_IsoMu27 == 1  ||  HLT_IsoMu20_eta2p1_LooseChargedIsoPFTauHPS27_eta2p1_CrossL1 == 1  ||  HLT_MonoCentralPFJet80_PFMETNoMu120_PFMHTNoMu120_IDTight == 1  ||  HLT_Mu37_TkMu27 == 1  ||  HLT_MediumChargedIsoPFTau180HighPtRelaxedIso_Trk50_eta2p1 == 1  ||  HLT_DoubleMediumChargedIsoPFTauHPS35_Trk1_eta2p1_Reg == 1 ', 0.9108043367193506, 0.045601117924676506), (' HLT_IsoMu24 == 1  ||  HLT_IsoMu27 == 1  ||  HLT_IsoMu20_eta2p1_LooseChargedIsoPFTauHPS27_eta2p1_CrossL1 == 1  ||  HLT_MonoCentralPFJet80_PFMETNoMu120_PFMHTNoMu120_IDTight == 1  ||  HLT_Mu37_TkMu27 == 1  ||  HLT_MediumChargedIsoPFTau180HighPtRelaxedIso_Trk50_eta2p1 == 1  ||  HLT_DoubleMediumChargedIsoPFTauHPS35_Trk1_eta2p1_Reg == 1 ', 0.9108043367193506, 0.045601117924676506), (' HLT_IsoMu24 == 1  ||  HLT_IsoMu27 == 1  ||  HLT_IsoMu20_eta2p1_LooseChargedIsoPFTauHPS27_eta2p1_CrossL1 == 1  ||  HLT_MonoCentralPFJet80_PFMETNoMu120_PFMHTNoMu120_IDTight == 1  ||  HLT_Mu37_TkMu27 == 1  ||  HLT_MediumChargedIsoPFTau180HighPtRelaxedIso_Trk50_eta2p1 == 1  ||  HLT_DoubleMediumChargedIsoPFTauHPS35_Trk1_eta2p1_Reg == 1 ', 0.9108043367193506, 0.045601117924676506), (' HLT_IsoMu24 == 1  ||  HLT_IsoMu27 == 1  ||  HLT_IsoMu20_eta2p1_LooseChargedIsoPFTauHPS27_eta2p1_CrossL1 == 1  ||  HLT_MonoCentralPFJet80_PFMETNoMu120_PFMHTNoMu120_IDTight == 1  ||  HLT_Mu37_TkMu27 == 1  ||  HLT_MediumChargedIsoPFTau180HighPtRelaxedIso_Trk50_eta2p1 == 1  ||  HLT_DoubleMediumChargedIsoPFTauHPS35_Trk1_eta2p1_Reg == 1 ', 0.9108043367193506, 0.045601117924676506), (' HLT_IsoMu24 == 1  ||  HLT_IsoMu27 == 1  ||  HLT_IsoMu20_eta2p1_LooseChargedIsoPFTauHPS27_eta2p1_CrossL1 == 1  ||  HLT_MonoCentralPFJet80_PFMETNoMu120_PFMHTNoMu120_IDTight == 1  ||  HLT_Mu37_TkMu27 == 1  ||  HLT_MediumChargedIsoPFTau180HighPtRelaxedIso_Trk50_eta2p1 == 1  ||  HLT_DoubleMediumChargedIsoPFTauHPS35_Trk1_eta2p1_Reg == 1 ', 0.9108043367193506, 0.045601117924676506), (' HLT_IsoMu24 == 1  ||  HLT_IsoMu27 == 1  ||  HLT_IsoMu20_eta2p1_LooseChargedIsoPFTauHPS27_eta2p1_CrossL1 == 1  ||  HLT_MonoCentralPFJet80_PFMETNoMu120_PFMHTNoMu120_IDTight == 1  ||  HLT_Mu37_TkMu27 == 1  ||  HLT_MediumChargedIsoPFTau180HighPtRelaxedIso_Trk50_eta2p1 == 1  ||  HLT_DoubleMediumChargedIsoPFTauHPS35_Trk1_eta2p1_Reg == 1 ', 0.9108043367193506, 0.045601117924676506), (' HLT_IsoMu24 == 1  ||  HLT_IsoMu27 == 1  ||  HLT_IsoMu20_eta2p1_LooseChargedIsoPFTauHPS27_eta2p1_CrossL1 == 1  ||  HLT_MonoCentralPFJet80_PFMETNoMu120_PFMHTNoMu120_IDTight == 1  ||  HLT_Mu37_TkMu27 == 1  ||  HLT_MediumChargedIsoPFTau180HighPtRelaxedIso_Trk50_eta2p1 == 1  ||  HLT_DoubleMediumChargedIsoPFTauHPS35_Trk1_eta2p1_Reg == 1 ', 0.9108043367193506, 0.045601117924676506)]
nPaths = 7 
entro in while 
0 ['HLT_IsoMu24', 'HLT_IsoMu27', 'HLT_IsoMu20_eta2p1_LooseChargedIsoPFTauHPS27_eta2p1_CrossL1', 'HLT_MonoCentralPFJet80_PFMETNoMu120_PFMHTNoMu120_IDTight', 'HLT_Mu37_TkMu27', 'HLT_MediumChargedIsoPFTau180HighPtRelaxedIso_Trk50_eta2p1', 'HLT_DoubleMediumChargedIsoPFTauHPS35_Trk1_eta2p1_Reg']
all l1 seeds are 0 for the path HLT_Dimuon0_Upsilon_Muon_L1_TM0
all l1 seeds are 0 for the path HLT_Dimuon0_Upsilon_Muon_L1_TM0
all l1 seeds are 0 for the path HLT_Dimuon0_Upsilon_Muon_L1_TM0
all l1 seeds are 0 for the path HLT_Dimuon0_Upsilon_Muon_L1_TM0
all l1 seeds are 0 for the path HLT_Dimuon0_Upsilon_Muon_L1_TM0
all l1 seeds are 0 for the path HLT_Dimuon0_Upsilon_Muon_L1_TM0
all l1 seeds are 0 for the path HLT_Dimuon0_Upsilon_Muon_L1_TM0
all l1 seeds are 0 for the path HLT_Dimuon0_Upsilon_Muon_L1_TM0
entro in while 
1 ['HLT_IsoMu24', 'HLT_IsoMu27', 'HLT_IsoMu20_eta2p1_LooseChargedIsoPFTauHPS27_eta2p1_CrossL1', 'HLT_MonoCentralPFJet80_PFMETNoMu120_PFMHTNoMu120_IDTight', 'HLT_Mu37_TkMu27', 'HLT_MediumChargedIsoPFTau180HighPtRelaxedIso_Trk50_eta2p1', 'HLT_DoubleMediumChargedIsoPFTauHPS35_Trk1_eta2p1_Reg', 'HLT_Mu18_Mu9_SameSign']
all l1 seeds are 0 for the path HLT_Dimuon0_Upsilon_Muon_L1_TM0
all l1 seeds are 0 for the path HLT_Dimuon0_Upsilon_Muon_L1_TM0
all l1 seeds are 0 for the path HLT_Dimuon0_Upsilon_Muon_L1_TM0
all l1 seeds are 0 for the path HLT_Dimuon0_Upsilon_Muon_L1_TM0
all l1 seeds are 0 for the path HLT_Dimuon0_Upsilon_Muon_L1_TM0
all l1 seeds are 0 for the path HLT_Dimuon0_Upsilon_Muon_L1_TM0
all l1 seeds are 0 for the path HLT_Dimuon0_Upsilon_Muon_L1_TM0
all l1 seeds are 0 for the path HLT_Dimuon0_Upsilon_Muon_L1_TM0
all l1 seeds are 0 for the path HLT_Dimuon0_Upsilon_Muon_L1_TM0
entro in while 
2 ['HLT_IsoMu24', 'HLT_IsoMu27', 'HLT_IsoMu20_eta2p1_LooseChargedIsoPFTauHPS27_eta2p1_CrossL1', 'HLT_MonoCentralPFJet80_PFMETNoMu120_PFMHTNoMu120_IDTight', 'HLT_Mu37_TkMu27', 'HLT_MediumChargedIsoPFTau180HighPtRelaxedIso_Trk50_eta2p1', 'HLT_DoubleMediumChargedIsoPFTauHPS35_Trk1_eta2p1_Reg', 'HLT_Mu18_Mu9_SameSign', 'HLT_Mu50']
all l1 seeds are 0 for the path HLT_Dimuon0_Upsilon_Muon_L1_TM0
all l1 seeds are 0 for the path HLT_Dimuon0_Upsilon_Muon_L1_TM0
all l1 seeds are 0 for the path HLT_Dimuon0_Upsilon_Muon_L1_TM0
all l1 seeds are 0 for the path HLT_Dimuon0_Upsilon_Muon_L1_TM0
all l1 seeds are 0 for the path HLT_Dimuon0_Upsilon_Muon_L1_TM0
all l1 seeds are 0 for the path HLT_Dimuon0_Upsilon_Muon_L1_TM0
all l1 seeds are 0 for the path HLT_Dimuon0_Upsilon_Muon_L1_TM0
all l1 seeds are 0 for the path HLT_Dimuon0_Upsilon_Muon_L1_TM0
all l1 seeds are 0 for the path HLT_Dimuon0_Upsilon_Muon_L1_TM0
all l1 seeds are 0 for the path HLT_Dimuon0_Upsilon_Muon_L1_TM0
entro in while 
3 ['HLT_IsoMu24', 'HLT_IsoMu27', 'HLT_IsoMu20_eta2p1_LooseChargedIsoPFTauHPS27_eta2p1_CrossL1', 'HLT_MonoCentralPFJet80_PFMETNoMu120_PFMHTNoMu120_IDTight', 'HLT_Mu37_TkMu27', 'HLT_MediumChargedIsoPFTau180HighPtRelaxedIso_Trk50_eta2p1', 'HLT_DoubleMediumChargedIsoPFTauHPS35_Trk1_eta2p1_Reg', 'HLT_Mu18_Mu9_SameSign', 'HLT_Mu50', 'HLT_DoubleL2Mu23NoVtx_2Cha']
all l1 seeds are 0 for the path HLT_Dimuon0_Upsilon_Muon_L1_TM0
all l1 seeds are 0 for the path HLT_Dimuon0_Upsilon_Muon_L1_TM0
all l1 seeds are 0 for the path HLT_Dimuon0_Upsilon_Muon_L1_TM0
all l1 seeds are 0 for the path HLT_Dimuon0_Upsilon_Muon_L1_TM0
all l1 seeds are 0 for the path HLT_Dimuon0_Upsilon_Muon_L1_TM0
all l1 seeds are 0 for the path HLT_Dimuon0_Upsilon_Muon_L1_TM0
all l1 seeds are 0 for the path HLT_Dimuon0_Upsilon_Muon_L1_TM0
all l1 seeds are 0 for the path HLT_Dimuon0_Upsilon_Muon_L1_TM0
all l1 seeds are 0 for the path HLT_Dimuon0_Upsilon_Muon_L1_TM0
all l1 seeds are 0 for the path HLT_Dimuon0_Upsilon_Muon_L1_TM0
all l1 seeds are 0 for the path HLT_Dimuon0_Upsilon_Muon_L1_TM0
entro in while 
4 ['HLT_IsoMu24', 'HLT_IsoMu27', 'HLT_IsoMu20_eta2p1_LooseChargedIsoPFTauHPS27_eta2p1_CrossL1', 'HLT_MonoCentralPFJet80_PFMETNoMu120_PFMHTNoMu120_IDTight', 'HLT_Mu37_TkMu27', 'HLT_MediumChargedIsoPFTau180HighPtRelaxedIso_Trk50_eta2p1', 'HLT_DoubleMediumChargedIsoPFTauHPS35_Trk1_eta2p1_Reg', 'HLT_Mu18_Mu9_SameSign', 'HLT_Mu50', 'HLT_DoubleL2Mu23NoVtx_2Cha', 'HLT_Mu17_TrkIsoVVL_Mu8_TrkIsoVVL_DZ_Mass3p8']
all l1 seeds are 0 for the path HLT_Dimuon0_Upsilon_Muon_L1_TM0
all l1 seeds are 0 for the path HLT_Dimuon0_Upsilon_Muon_L1_TM0
all l1 seeds are 0 for the path HLT_Dimuon0_Upsilon_Muon_L1_TM0
all l1 seeds are 0 for the path HLT_Dimuon0_Upsilon_Muon_L1_TM0
all l1 seeds are 0 for the path HLT_Dimuon0_Upsilon_Muon_L1_TM0
all l1 seeds are 0 for the path HLT_Dimuon0_Upsilon_Muon_L1_TM0
all l1 seeds are 0 for the path HLT_Dimuon0_Upsilon_Muon_L1_TM0
all l1 seeds are 0 for the path HLT_Dimuon0_Upsilon_Muon_L1_TM0
all l1 seeds are 0 for the path HLT_Dimuon0_Upsilon_Muon_L1_TM0
all l1 seeds are 0 for the path HLT_Dimuon0_Upsilon_Muon_L1_TM0
all l1 seeds are 0 for the path HLT_Dimuon0_Upsilon_Muon_L1_TM0
all l1 seeds are 0 for the path HLT_Dimuon0_Upsilon_Muon_L1_TM0
entro in while 
5 ['HLT_IsoMu24', 'HLT_IsoMu27', 'HLT_IsoMu20_eta2p1_LooseChargedIsoPFTauHPS27_eta2p1_CrossL1', 'HLT_MonoCentralPFJet80_PFMETNoMu120_PFMHTNoMu120_IDTight', 'HLT_Mu37_TkMu27', 'HLT_MediumChargedIsoPFTau180HighPtRelaxedIso_Trk50_eta2p1', 'HLT_DoubleMediumChargedIsoPFTauHPS35_Trk1_eta2p1_Reg', 'HLT_Mu18_Mu9_SameSign', 'HLT_Mu50', 'HLT_DoubleL2Mu23NoVtx_2Cha', 'HLT_Mu17_TrkIsoVVL_Mu8_TrkIsoVVL_DZ_Mass3p8', 'HLT_DoubleMu4_Mass3p8_DZ_PFHT350']
all l1 seeds are 0 for the path HLT_Dimuon0_Upsilon_Muon_L1_TM0
all l1 seeds are 0 for the path HLT_Dimuon0_Upsilon_Muon_L1_TM0
all l1 seeds are 0 for the path HLT_Dimuon0_Upsilon_Muon_L1_TM0
all l1 seeds are 0 for the path HLT_Dimuon0_Upsilon_Muon_L1_TM0
all l1 seeds are 0 for the path HLT_Dimuon0_Upsilon_Muon_L1_TM0
all l1 seeds are 0 for the path HLT_Dimuon0_Upsilon_Muon_L1_TM0
all l1 seeds are 0 for the path HLT_Dimuon0_Upsilon_Muon_L1_TM0
all l1 seeds are 0 for the path HLT_Dimuon0_Upsilon_Muon_L1_TM0
all l1 seeds are 0 for the path HLT_Dimuon0_Upsilon_Muon_L1_TM0
all l1 seeds are 0 for the path HLT_Dimuon0_Upsilon_Muon_L1_TM0
all l1 seeds are 0 for the path HLT_Dimuon0_Upsilon_Muon_L1_TM0
all l1 seeds are 0 for the path HLT_Dimuon0_Upsilon_Muon_L1_TM0
all l1 seeds are 0 for the path HLT_Dimuon0_Upsilon_Muon_L1_TM0
entro in while 
6 ['HLT_IsoMu24', 'HLT_IsoMu27', 'HLT_IsoMu20_eta2p1_LooseChargedIsoPFTauHPS27_eta2p1_CrossL1', 'HLT_MonoCentralPFJet80_PFMETNoMu120_PFMHTNoMu120_IDTight', 'HLT_Mu37_TkMu27', 'HLT_MediumChargedIsoPFTau180HighPtRelaxedIso_Trk50_eta2p1', 'HLT_DoubleMediumChargedIsoPFTauHPS35_Trk1_eta2p1_Reg', 'HLT_Mu18_Mu9_SameSign', 'HLT_Mu50', 'HLT_DoubleL2Mu23NoVtx_2Cha', 'HLT_Mu17_TrkIsoVVL_Mu8_TrkIsoVVL_DZ_Mass3p8', 'HLT_DoubleMu4_Mass3p8_DZ_PFHT350', 'HLT_Mu20_TkMu0_Phi']
all l1 seeds are 0 for the path HLT_Dimuon0_Upsilon_Muon_L1_TM0
all l1 seeds are 0 for the path HLT_Dimuon0_Upsilon_Muon_L1_TM0
all l1 seeds are 0 for the path HLT_Dimuon0_Upsilon_Muon_L1_TM0
all l1 seeds are 0 for the path HLT_Dimuon0_Upsilon_Muon_L1_TM0
all l1 seeds are 0 for the path HLT_Dimuon0_Upsilon_Muon_L1_TM0
all l1 seeds are 0 for the path HLT_Dimuon0_Upsilon_Muon_L1_TM0
all l1 seeds are 0 for the path HLT_Dimuon0_Upsilon_Muon_L1_TM0
all l1 seeds are 0 for the path HLT_Dimuon0_Upsilon_Muon_L1_TM0
all l1 seeds are 0 for the path HLT_Dimuon0_Upsilon_Muon_L1_TM0
all l1 seeds are 0 for the path HLT_Dimuon0_Upsilon_Muon_L1_TM0
all l1 seeds are 0 for the path HLT_Dimuon0_Upsilon_Muon_L1_TM0
all l1 seeds are 0 for the path HLT_Dimuon0_Upsilon_Muon_L1_TM0
all l1 seeds are 0 for the path HLT_Dimuon0_Upsilon_Muon_L1_TM0
all l1 seeds are 0 for the path HLT_Dimuon0_Upsilon_Muon_L1_TM0
entro in while 
7 ['HLT_IsoMu24', 'HLT_IsoMu27', 'HLT_IsoMu20_eta2p1_LooseChargedIsoPFTauHPS27_eta2p1_CrossL1', 'HLT_MonoCentralPFJet80_PFMETNoMu120_PFMHTNoMu120_IDTight', 'HLT_Mu37_TkMu27', 'HLT_MediumChargedIsoPFTau180HighPtRelaxedIso_Trk50_eta2p1', 'HLT_DoubleMediumChargedIsoPFTauHPS35_Trk1_eta2p1_Reg', 'HLT_Mu18_Mu9_SameSign', 'HLT_Mu50', 'HLT_DoubleL2Mu23NoVtx_2Cha', 'HLT_Mu17_TrkIsoVVL_Mu8_TrkIsoVVL_DZ_Mass3p8', 'HLT_DoubleMu4_Mass3p8_DZ_PFHT350', 'HLT_Mu20_TkMu0_Phi', 'HLT_Mu12_DoublePhoton20']
all l1 seeds are 0 for the path HLT_Dimuon0_Upsilon_Muon_L1_TM0
all l1 seeds are 0 for the path HLT_Dimuon0_Upsilon_Muon_L1_TM0
all l1 seeds are 0 for the path HLT_Dimuon0_Upsilon_Muon_L1_TM0
all l1 seeds are 0 for the path HLT_Dimuon0_Upsilon_Muon_L1_TM0
all l1 seeds are 0 for the path HLT_Dimuon0_Upsilon_Muon_L1_TM0
all l1 seeds are 0 for the path HLT_Dimuon0_Upsilon_Muon_L1_TM0
all l1 seeds are 0 for the path HLT_Dimuon0_Upsilon_Muon_L1_TM0
all l1 seeds are 0 for the path HLT_Dimuon0_Upsilon_Muon_L1_TM0
all l1 seeds are 0 for the path HLT_Dimuon0_Upsilon_Muon_L1_TM0
all l1 seeds are 0 for the path HLT_Dimuon0_Upsilon_Muon_L1_TM0
all l1 seeds are 0 for the path HLT_Dimuon0_Upsilon_Muon_L1_TM0
all l1 seeds are 0 for the path HLT_Dimuon0_Upsilon_Muon_L1_TM0
all l1 seeds are 0 for the path HLT_Dimuon0_Upsilon_Muon_L1_TM0
all l1 seeds are 0 for the path HLT_Dimuon0_Upsilon_Muon_L1_TM0
all l1 seeds are 0 for the path HLT_Dimuon0_Upsilon_Muon_L1_TM0
entro in while 
8 ['HLT_IsoMu24', 'HLT_IsoMu27', 'HLT_IsoMu20_eta2p1_LooseChargedIsoPFTauHPS27_eta2p1_CrossL1', 'HLT_MonoCentralPFJet80_PFMETNoMu120_PFMHTNoMu120_IDTight', 'HLT_Mu37_TkMu27', 'HLT_MediumChargedIsoPFTau180HighPtRelaxedIso_Trk50_eta2p1', 'HLT_DoubleMediumChargedIsoPFTauHPS35_Trk1_eta2p1_Reg', 'HLT_Mu18_Mu9_SameSign', 'HLT_Mu50', 'HLT_DoubleL2Mu23NoVtx_2Cha', 'HLT_Mu17_TrkIsoVVL_Mu8_TrkIsoVVL_DZ_Mass3p8', 'HLT_DoubleMu4_Mass3p8_DZ_PFHT350', 'HLT_Mu20_TkMu0_Phi', 'HLT_Mu12_DoublePhoton20', 'HLT_Mu23_Mu12_DZ']
all l1 seeds are 0 for the path HLT_Dimuon0_Upsilon_Muon_L1_TM0
all l1 seeds are 0 for the path HLT_Dimuon0_Upsilon_Muon_L1_TM0
all l1 seeds are 0 for the path HLT_Dimuon0_Upsilon_Muon_L1_TM0
all l1 seeds are 0 for the path HLT_Dimuon0_Upsilon_Muon_L1_TM0
all l1 seeds are 0 for the path HLT_Dimuon0_Upsilon_Muon_L1_TM0
all l1 seeds are 0 for the path HLT_Dimuon0_Upsilon_Muon_L1_TM0
all l1 seeds are 0 for the path HLT_Dimuon0_Upsilon_Muon_L1_TM0
all l1 seeds are 0 for the path HLT_Dimuon0_Upsilon_Muon_L1_TM0
all l1 seeds are 0 for the path HLT_Dimuon0_Upsilon_Muon_L1_TM0
all l1 seeds are 0 for the path HLT_Dimuon0_Upsilon_Muon_L1_TM0
all l1 seeds are 0 for the path HLT_Dimuon0_Upsilon_Muon_L1_TM0
all l1 seeds are 0 for the path HLT_Dimuon0_Upsilon_Muon_L1_TM0
all l1 seeds are 0 for the path HLT_Dimuon0_Upsilon_Muon_L1_TM0
all l1 seeds are 0 for the path HLT_Dimuon0_Upsilon_Muon_L1_TM0
all l1 seeds are 0 for the path HLT_Dimuon0_Upsilon_Muon_L1_TM0
all l1 seeds are 0 for the path HLT_Dimuon0_Upsilon_Muon_L1_TM0
best_paths_dict 
 {'M-500': {'best_paths': [' HLT_IsoMu24 == 1  ||  HLT_IsoMu27 == 1  ||  HLT_IsoMu20_eta2p1_LooseChargedIsoPFTauHPS27_eta2p1_CrossL1 == 1  ||  HLT_MonoCentralPFJet80_PFMETNoMu120_PFMHTNoMu120_IDTight == 1  ||  HLT_Mu37_TkMu27 == 1  ||  HLT_MediumChargedIsoPFTau180HighPtRelaxedIso_Trk50_eta2p1 == 1  ||  HLT_DoubleMediumChargedIsoPFTauHPS35_Trk1_eta2p1_Reg == 1 ', 'HLT_Mu18_Mu9_SameSign', 'HLT_Mu50', 'HLT_DoubleL2Mu23NoVtx_2Cha', 'HLT_Mu17_TrkIsoVVL_Mu8_TrkIsoVVL_DZ_Mass3p8', 'HLT_DoubleMu4_Mass3p8_DZ_PFHT350', 'HLT_Mu20_TkMu0_Phi', 'HLT_Mu12_DoublePhoton20', 'HLT_Mu23_Mu12_DZ', 'HLT_AK8PFJet140'], 'best_eff': [0.9108043367193506, 0.9541768601195599, 0.9701559303243734, 0.9815706940228134, 0.9884192476755913, 0.99258114597634, 0.992782921140939, 0.9929846963055381, 0.9930985279550006, 0.9931003248960891], 'best_eff_err': [0.045601117924676506, 0.046674253952346444, 0.047063445235691226, 0.04733950762087884, 0.047504367683730196, 0.04760427501754419, 0.04760911334857813, 0.047613951187961065, 0.0476166802427488, 0.047616723322225864]}}
dict name = /afs/cern.ch/work/v/vdamante/public//analysis/output/GluGlu_Radion_muTau_2018//With_iter_1//GluGlu_Radion_muTau_allEvts_500Masses.json
