Running with following options: 
 channel = muTau 
 machine = lxplus 
 prodMode = GluGlu 
 sample = Radion 
 year = 2018 
 nTriggers = 9 
 iter = iter_0Baseline 
 nEvts = -1 
 mass_points = [450] 
 best_path_baseline =  
 verbose = 0 
 reco = True 
 
evaluating for mass 450
['root://xrootd-cms.infn.it///store/mc/RunIIAutumn18NanoAODv7/GluGluToRadionToHHTo2B2Tau_M-450_narrow_TuneCP5_PSWeights_13TeV-madgraph-pythia8/NANOAODSIM/Nano02Apr2020_102X_upgrade2018_realistic_v21-v1/100000/FC510EB3-DB09-1042-AE31-10CD8F199AAA.root', 'root://xrootd-cms.infn.it///store/mc/RunIIAutumn18NanoAODv7/GluGluToRadionToHHTo2B2Tau_M-450_narrow_TuneCP5_PSWeights_13TeV-madgraph-pythia8/NANOAODSIM/Nano02Apr2020_102X_upgrade2018_realistic_v21-v1/100000/0473EB7C-FFF9-C94C-BA95-AFE3091D48D7.root', 'root://xrootd-cms.infn.it///store/mc/RunIIAutumn18NanoAODv7/GluGluToRadionToHHTo2B2Tau_M-450_narrow_TuneCP5_PSWeights_13TeV-madgraph-pythia8/NANOAODSIM/Nano02Apr2020_102X_upgrade2018_realistic_v21-v1/110000/F6D0923F-F900-7648-8292-1B077DDC6DAD.root', 'root://xrootd-cms.infn.it///store/mc/RunIIAutumn18NanoAODv7/GluGluToRadionToHHTo2B2Tau_M-450_narrow_TuneCP5_PSWeights_13TeV-madgraph-pythia8/NANOAODSIM/Nano02Apr2020_102X_upgrade2018_realistic_v21-v1/70000/F65FF5A7-49CF-9B48-9F6F-C7ACC3118A72.root', 'root://xrootd-cms.infn.it///store/mc/RunIIAutumn18NanoAODv7/GluGluToRadionToHHTo2B2Tau_M-450_narrow_TuneCP5_PSWeights_13TeV-madgraph-pythia8/NANOAODSIM/Nano02Apr2020_102X_upgrade2018_realistic_v21-v1/100000/888AA5DD-A0E9-1541-913E-3CEBC74E7DC5.root', 'root://xrootd-cms.infn.it///store/mc/RunIIAutumn18NanoAODv7/GluGluToRadionToHHTo2B2Tau_M-450_narrow_TuneCP5_PSWeights_13TeV-madgraph-pythia8/NANOAODSIM/Nano02Apr2020_102X_upgrade2018_realistic_v21-v1/130000/5F6B8F0D-24A3-1343-9AFF-9260C1F517C3.root', 'root://xrootd-cms.infn.it///store/mc/RunIIAutumn18NanoAODv7/GluGluToRadionToHHTo2B2Tau_M-450_narrow_TuneCP5_PSWeights_13TeV-madgraph-pythia8/NANOAODSIM/Nano02Apr2020_102X_upgrade2018_realistic_v21-v1/60000/F558E5A9-D41B-1748-A724-1B973E066FE0.root', 'root://xrootd-cms.infn.it///store/mc/RunIIAutumn18NanoAODv7/GluGluToRadionToHHTo2B2Tau_M-450_narrow_TuneCP5_PSWeights_13TeV-madgraph-pythia8/NANOAODSIM/Nano02Apr2020_102X_upgrade2018_realistic_v21-v1/130000/CD8053CD-B939-2341-9FC8-2508DE075095.root', 'root://xrootd-cms.infn.it///store/mc/RunIIAutumn18NanoAODv7/GluGluToRadionToHHTo2B2Tau_M-450_narrow_TuneCP5_PSWeights_13TeV-madgraph-pythia8/NANOAODSIM/Nano02Apr2020_102X_upgrade2018_realistic_v21-v1/100000/101D5A09-D181-1745-A89C-607071DA8B53.root', 'root://xrootd-cms.infn.it///store/mc/RunIIAutumn18NanoAODv7/GluGluToRadionToHHTo2B2Tau_M-450_narrow_TuneCP5_PSWeights_13TeV-madgraph-pythia8/NANOAODSIM/Nano02Apr2020_102X_upgrade2018_realistic_v21-v1/60000/0304E046-0508-6143-BCD6-507897165127.root', 'root://xrootd-cms.infn.it///store/mc/RunIIAutumn18NanoAODv7/GluGluToRadionToHHTo2B2Tau_M-450_narrow_TuneCP5_PSWeights_13TeV-madgraph-pythia8/NANOAODSIM/Nano02Apr2020_102X_upgrade2018_realistic_v21-v1/60000/43838FC2-9B54-2B42-AE67-E59A3075EBE9.root', 'root://xrootd-cms.infn.it///store/mc/RunIIAutumn18NanoAODv7/GluGluToRadionToHHTo2B2Tau_M-450_narrow_TuneCP5_PSWeights_13TeV-madgraph-pythia8/NANOAODSIM/Nano02Apr2020_102X_upgrade2018_realistic_v21-v1/110000/597A6AD2-EE2F-094F-9975-033F092C9839.root', 'root://xrootd-cms.infn.it///store/mc/RunIIAutumn18NanoAODv7/GluGluToRadionToHHTo2B2Tau_M-450_narrow_TuneCP5_PSWeights_13TeV-madgraph-pythia8/NANOAODSIM/Nano02Apr2020_102X_upgrade2018_realistic_v21-v1/120000/CAC6F383-6906-AE4A-AB1F-108759F7B0A1.root']
filtering for channel muTau
filtered for channel muTau
before any filling, baseline path are [] 

['HLT_Ele32_WPTight_Gsf', 'HLT_Ele35_WPTight_Gsf', 'HLT_Ele24_eta2p1_WPTight_Gsf_LooseChargedIsoPFTauHPS30_eta2p1_CrossL1']
current baseline path are ['HLT_IsoMu24', 'HLT_IsoMu27', 'HLT_IsoMu20_eta2p1_LooseChargedIsoPFTauHPS27_eta2p1_CrossL1'] 

nTriggers=9, best_paths_baseline=['HLT_IsoMu24', 'HLT_IsoMu27', 'HLT_IsoMu20_eta2p1_LooseChargedIsoPFTauHPS27_eta2p1_CrossL1'], best_paths=['HLT_IsoMu24', 'HLT_IsoMu27', 'HLT_IsoMu20_eta2p1_LooseChargedIsoPFTauHPS27_eta2p1_CrossL1'] 

current paths = [('HLT_IsoMu24', 0.999666499916625), ('HLT_IsoMu27', 0.9998332499583126), ('HLT_IsoMu20_eta2p1_LooseChargedIsoPFTauHPS27_eta2p1_CrossL1', 0.9998332499583126)] 
 HLT_IsoMu24 == 1 
 HLT_IsoMu24 == 1  ||  HLT_IsoMu27 == 1 
 HLT_IsoMu24 == 1  ||  HLT_IsoMu27 == 1  ||  HLT_IsoMu20_eta2p1_LooseChargedIsoPFTauHPS27_eta2p1_CrossL1 == 1 
[(' HLT_IsoMu24 == 1  ||  HLT_IsoMu27 == 1  ||  HLT_IsoMu20_eta2p1_LooseChargedIsoPFTauHPS27_eta2p1_CrossL1 == 1 ', 0.7670264870997578, 0.04335858484944435), (' HLT_IsoMu24 == 1  ||  HLT_IsoMu27 == 1  ||  HLT_IsoMu20_eta2p1_LooseChargedIsoPFTauHPS27_eta2p1_CrossL1 == 1 ', 0.7670264870997578, 0.04335858484944435), (' HLT_IsoMu24 == 1  ||  HLT_IsoMu27 == 1  ||  HLT_IsoMu20_eta2p1_LooseChargedIsoPFTauHPS27_eta2p1_CrossL1 == 1 ', 0.7670264870997578, 0.04335858484944435)]
nPaths = 3 
entro in while 
3 ['HLT_IsoMu24', 'HLT_IsoMu27', 'HLT_IsoMu20_eta2p1_LooseChargedIsoPFTauHPS27_eta2p1_CrossL1']
all l1 seeds are 0 for the path HLT_Dimuon0_Upsilon_Muon_L1_TM0
all l1 seeds are 0 for the path HLT_Dimuon0_Upsilon_Muon_L1_TM0
all l1 seeds are 0 for the path HLT_Dimuon0_Upsilon_Muon_L1_TM0
all l1 seeds are 0 for the path HLT_Dimuon0_Upsilon_Muon_L1_TM0
entro in while 
4 ['HLT_IsoMu24', 'HLT_IsoMu27', 'HLT_IsoMu20_eta2p1_LooseChargedIsoPFTauHPS27_eta2p1_CrossL1', 'HLT_Mu18_Mu9_SameSign']
all l1 seeds are 0 for the path HLT_Dimuon0_Upsilon_Muon_L1_TM0
all l1 seeds are 0 for the path HLT_Dimuon0_Upsilon_Muon_L1_TM0
all l1 seeds are 0 for the path HLT_Dimuon0_Upsilon_Muon_L1_TM0
all l1 seeds are 0 for the path HLT_Dimuon0_Upsilon_Muon_L1_TM0
all l1 seeds are 0 for the path HLT_Dimuon0_Upsilon_Muon_L1_TM0
entro in while 
5 ['HLT_IsoMu24', 'HLT_IsoMu27', 'HLT_IsoMu20_eta2p1_LooseChargedIsoPFTauHPS27_eta2p1_CrossL1', 'HLT_Mu18_Mu9_SameSign', 'HLT_DoubleL2Mu23NoVtx_2Cha_CosmicSeed']
all l1 seeds are 0 for the path HLT_Dimuon0_Upsilon_Muon_L1_TM0
all l1 seeds are 0 for the path HLT_Dimuon0_Upsilon_Muon_L1_TM0
all l1 seeds are 0 for the path HLT_Dimuon0_Upsilon_Muon_L1_TM0
all l1 seeds are 0 for the path HLT_Dimuon0_Upsilon_Muon_L1_TM0
all l1 seeds are 0 for the path HLT_Dimuon0_Upsilon_Muon_L1_TM0
all l1 seeds are 0 for the path HLT_Dimuon0_Upsilon_Muon_L1_TM0
entro in while 
6 ['HLT_IsoMu24', 'HLT_IsoMu27', 'HLT_IsoMu20_eta2p1_LooseChargedIsoPFTauHPS27_eta2p1_CrossL1', 'HLT_Mu18_Mu9_SameSign', 'HLT_DoubleL2Mu23NoVtx_2Cha_CosmicSeed', 'HLT_Mu50']
all l1 seeds are 0 for the path HLT_Dimuon0_Upsilon_Muon_L1_TM0
all l1 seeds are 0 for the path HLT_Dimuon0_Upsilon_Muon_L1_TM0
all l1 seeds are 0 for the path HLT_Dimuon0_Upsilon_Muon_L1_TM0
all l1 seeds are 0 for the path HLT_Dimuon0_Upsilon_Muon_L1_TM0
all l1 seeds are 0 for the path HLT_Dimuon0_Upsilon_Muon_L1_TM0
all l1 seeds are 0 for the path HLT_Dimuon0_Upsilon_Muon_L1_TM0
all l1 seeds are 0 for the path HLT_Dimuon0_Upsilon_Muon_L1_TM0
entro in while 
7 ['HLT_IsoMu24', 'HLT_IsoMu27', 'HLT_IsoMu20_eta2p1_LooseChargedIsoPFTauHPS27_eta2p1_CrossL1', 'HLT_Mu18_Mu9_SameSign', 'HLT_DoubleL2Mu23NoVtx_2Cha_CosmicSeed', 'HLT_Mu50', 'HLT_Mu17_TrkIsoVVL_Mu8_TrkIsoVVL_DZ_Mass3p8']
all l1 seeds are 0 for the path HLT_Dimuon0_Upsilon_Muon_L1_TM0
all l1 seeds are 0 for the path HLT_Dimuon0_Upsilon_Muon_L1_TM0
all l1 seeds are 0 for the path HLT_Dimuon0_Upsilon_Muon_L1_TM0
all l1 seeds are 0 for the path HLT_Dimuon0_Upsilon_Muon_L1_TM0
all l1 seeds are 0 for the path HLT_Dimuon0_Upsilon_Muon_L1_TM0
all l1 seeds are 0 for the path HLT_Dimuon0_Upsilon_Muon_L1_TM0
all l1 seeds are 0 for the path HLT_Dimuon0_Upsilon_Muon_L1_TM0
all l1 seeds are 0 for the path HLT_Dimuon0_Upsilon_Muon_L1_TM0
entro in while 
8 ['HLT_IsoMu24', 'HLT_IsoMu27', 'HLT_IsoMu20_eta2p1_LooseChargedIsoPFTauHPS27_eta2p1_CrossL1', 'HLT_Mu18_Mu9_SameSign', 'HLT_DoubleL2Mu23NoVtx_2Cha_CosmicSeed', 'HLT_Mu50', 'HLT_Mu17_TrkIsoVVL_Mu8_TrkIsoVVL_DZ_Mass3p8', 'HLT_DoubleMediumChargedIsoPFTauHPS35_Trk1_eta2p1_Reg']
all l1 seeds are 0 for the path HLT_Dimuon0_Upsilon_Muon_L1_TM0
all l1 seeds are 0 for the path HLT_Dimuon0_Upsilon_Muon_L1_TM0
all l1 seeds are 0 for the path HLT_Dimuon0_Upsilon_Muon_L1_TM0
all l1 seeds are 0 for the path HLT_Dimuon0_Upsilon_Muon_L1_TM0
all l1 seeds are 0 for the path HLT_Dimuon0_Upsilon_Muon_L1_TM0
all l1 seeds are 0 for the path HLT_Dimuon0_Upsilon_Muon_L1_TM0
all l1 seeds are 0 for the path HLT_Dimuon0_Upsilon_Muon_L1_TM0
all l1 seeds are 0 for the path HLT_Dimuon0_Upsilon_Muon_L1_TM0
all l1 seeds are 0 for the path HLT_Dimuon0_Upsilon_Muon_L1_TM0
best_paths_dict 
 {'M-450': {'best_paths': [' HLT_IsoMu24 == 1  ||  HLT_IsoMu27 == 1  ||  HLT_IsoMu20_eta2p1_LooseChargedIsoPFTauHPS27_eta2p1_CrossL1 == 1 ', 'HLT_Mu18_Mu9_SameSign', 'HLT_DoubleL2Mu23NoVtx_2Cha_CosmicSeed', 'HLT_Mu50', 'HLT_Mu17_TrkIsoVVL_Mu8_TrkIsoVVL_DZ_Mass3p8', 'HLT_DoubleMediumChargedIsoPFTauHPS35_Trk1_eta2p1_Reg', 'HLT_MonoCentralPFJet80_PFMETNoMu120_PFMHTNoMu120_IDTight'], 'best_eff': [0.7670264870997578, 0.8724014785170368, 0.918962340647449, 0.9361171598871345, 0.9434692836614402, 0.9483704270435889, 0.9532715704257375], 'best_eff_err': [0.04335858484944435, 0.04624109555291606, 0.047459021039813636, 0.04789994575826718, 0.04808767737015868, 0.048212418744398904, 0.048336838203528194]}}
dict name = /afs/cern.ch/work/v/vdamante/public//analysis/output/GluGlu_Radion_muTau_2018//With_iter_0Baseline//GluGlu_Radion_muTau_allEvts_450Masses.json
