Running with following options: 
 channel = muTau 
 machine = lxplus 
 prodMode = GluGlu 
 sample = Radion 
 year = 2018 
 nTriggers = 9 
 iter = iter_0 
 nEvts = -1 
 mass_points = [320] 
 best_path_baseline =  
 verbose = 0 
 reco = True 
 
evaluating for mass 320
filtering for channel muTau
filtered for channel muTau
before any filling, baseline path are [] 

best_paths_dict 
 {'M-320': {'best_paths': ['HLT_IsoMu20_eta2p1_LooseChargedIsoPFTauHPS27_eta2p1_CrossL1', 'HLT_DoubleL2Mu23NoVtx_2Cha', 'HLT_IsoMu24', 'HLT_Mu17_TrkIsoVVL_Mu8_TrkIsoVVL_DZ_Mass3p8', 'HLT_Mu18_Mu9_SameSign', 'HLT_Mu50', 'HLT_MonoCentralPFJet80_PFMETNoMu120_PFMHTNoMu120_IDTight', 'HLT_Mu12_DoublePhoton20', 'HLT_DoubleL2Mu25NoVtx_2Cha_CosmicSeed_Eta2p4'], 'best_eff': [0.5314428986264912, 0.7160967871323041, 0.7926478254142071, 0.8466951193314354, 0.878222895231397, 0.9007446666276051, 0.9142559267621767, 0.9232641846448718, 0.9321049413595653], 'best_eff_err': [0.04892736382383543, 0.05679490473007827, 0.05975354131818462, 0.061757120876627894, 0.06289641474304251, 0.0636977896652031, 0.06417374806235153, 0.06448912837510291, 0.06479715199779285]}}
dict name = /afs/cern.ch/work/v/vdamante/public//analysis/output/GluGlu_Radion_muTau_2018//With_iter_0//GluGlu_Radion_muTau_allEvts_320Masses.json
