000 (3277184.003.000) 12/25 15:18:23 Job submitted from host: <188.185.70.244:9618?addrs=188.185.70.244-9618+[2001-1458-d00-7--100-2ee]-9618&alias=bigbird10.cern.ch&noUDP&sock=schedd_2095_9300>
...
022 (3277184.003.000) 12/25 15:20:20 Job disconnected, attempting to reconnect
    Socket between submit and execute hosts closed unexpectedly
    Trying to reconnect to slot1_34@b7s11p4763.cern.ch <188.184.162.230:9618?addrs=188.184.162.230-9618+[2001-1458-301-4a--100-e0]-9618&alias=b7s11p4763.cern.ch&noUDP&sock=startd_4468_413d>
...
024 (3277184.003.000) 12/25 15:20:20 Job reconnection failed
    Job not found at execution machine
    Can not reconnect to slot1_34@b7s11p4763.cern.ch, rescheduling job
...
040 (3277184.003.000) 12/25 15:20:59 Started transferring input files
	Transferring to host: <188.184.163.12:9618?addrs=188.184.163.12-9618+[2001-1458-301-4d--100-6]-9618&alias=b7s12p0906.cern.ch&noUDP&sock=slot1_22_3892_0417_8072>
...
040 (3277184.003.000) 12/25 15:20:59 Finished transferring input files
...
001 (3277184.003.000) 12/25 15:21:00 Job executing on host: <188.184.163.12:9618?addrs=188.184.163.12-9618+[2001-1458-301-4d--100-6]-9618&alias=b7s12p0906.cern.ch&noUDP&sock=startd_3073_669f>
...
006 (3277184.003.000) 12/25 15:21:08 Image size of job updated: 280176
	194  -  MemoryUsage of job (MB)
	198256  -  ResidentSetSize of job (KB)
...
006 (3277184.003.000) 12/25 15:26:02 Image size of job updated: 1736720
	194  -  MemoryUsage of job (MB)
	198256  -  ResidentSetSize of job (KB)
...
040 (3277184.003.000) 12/25 15:26:02 Started transferring output files
...
040 (3277184.003.000) 12/25 15:26:02 Finished transferring output files
...
005 (3277184.003.000) 12/25 15:26:02 Job terminated.
	(1) Normal termination (return value 0)
		Usr 0 00:00:36, Sys 0 00:00:03  -  Run Remote Usage
		Usr 0 00:00:00, Sys 0 00:00:00  -  Run Local Usage
		Usr 0 00:00:36, Sys 0 00:00:03  -  Total Remote Usage
		Usr 0 00:00:00, Sys 0 00:00:00  -  Total Local Usage
	24642  -  Run Bytes Sent By Job
	11213  -  Run Bytes Received By Job
	24642  -  Total Bytes Sent By Job
	11213  -  Total Bytes Received By Job
	Partitionable Resources :    Usage  Request Allocated 
	   Cpus                 :                 4         4 
	   Disk (KB)            :       52        1   2970031 
	   Memory (MB)          :      194     8000      8000 

	Job terminated of its own accord at 2021-12-25T14:26:02Z.
...
