000 (3335431.012.000) 01/18 23:50:11 Job submitted from host: <188.185.70.244:9618?addrs=188.185.70.244-9618+[2001-1458-d00-7--100-2ee]-9618&alias=bigbird10.cern.ch&noUDP&sock=schedd_7001_aea1>
...
040 (3335431.012.000) 01/19 02:48:38 Started transferring input files
	Transferring to host: <128.142.59.133:9618?addrs=128.142.59.133-9618&alias=b7s04p7137.cern.ch&noUDP&sock=slot1_13_4885_aca0_33582>
...
040 (3335431.012.000) 01/19 02:48:38 Finished transferring input files
...
001 (3335431.012.000) 01/19 02:48:39 Job executing on host: <128.142.59.133:9618?addrs=128.142.59.133-9618&alias=b7s04p7137.cern.ch&noUDP&sock=startd_4535_3615>
...
006 (3335431.012.000) 01/19 02:48:48 Image size of job updated: 320160
	155  -  MemoryUsage of job (MB)
	157852  -  ResidentSetSize of job (KB)
...
006 (3335431.012.000) 01/19 02:53:49 Image size of job updated: 2974916
	1259  -  MemoryUsage of job (MB)
	1288908  -  ResidentSetSize of job (KB)
...
006 (3335431.012.000) 01/19 03:13:51 Image size of job updated: 3508944
	1516  -  MemoryUsage of job (MB)
	1551612  -  ResidentSetSize of job (KB)
...
006 (3335431.012.000) 01/19 03:28:52 Image size of job updated: 3508944
	1518  -  MemoryUsage of job (MB)
	1553872  -  ResidentSetSize of job (KB)
...
006 (3335431.012.000) 01/19 03:33:52 Image size of job updated: 4174868
	2011  -  MemoryUsage of job (MB)
	2058500  -  ResidentSetSize of job (KB)
...
006 (3335431.012.000) 01/19 03:48:53 Image size of job updated: 4453620
	2928  -  MemoryUsage of job (MB)
	2997652  -  ResidentSetSize of job (KB)
...
006 (3335431.012.000) 01/19 03:53:53 Image size of job updated: 4842468
	2928  -  MemoryUsage of job (MB)
	2997652  -  ResidentSetSize of job (KB)
...
006 (3335431.012.000) 01/19 04:08:55 Image size of job updated: 5065100
	3385  -  MemoryUsage of job (MB)
	3465704  -  ResidentSetSize of job (KB)
...
006 (3335431.012.000) 01/19 04:13:56 Image size of job updated: 5501408
	3385  -  MemoryUsage of job (MB)
	3465704  -  ResidentSetSize of job (KB)
...
006 (3335431.012.000) 01/19 04:28:57 Image size of job updated: 5769252
	4091  -  MemoryUsage of job (MB)
	4188368  -  ResidentSetSize of job (KB)
...
006 (3335431.012.000) 01/19 04:33:58 Image size of job updated: 6227256
	4091  -  MemoryUsage of job (MB)
	4188744  -  ResidentSetSize of job (KB)
...
006 (3335431.012.000) 01/19 04:49:00 Image size of job updated: 6453712
	4849  -  MemoryUsage of job (MB)
	4965092  -  ResidentSetSize of job (KB)
...
006 (3335431.012.000) 01/19 04:54:01 Image size of job updated: 6986136
	4849  -  MemoryUsage of job (MB)
	4965092  -  ResidentSetSize of job (KB)
...
006 (3335431.012.000) 01/19 05:09:03 Image size of job updated: 7224696
	5618  -  MemoryUsage of job (MB)
	5752772  -  ResidentSetSize of job (KB)
...
006 (3335431.012.000) 01/19 05:14:03 Image size of job updated: 7719320
	5618  -  MemoryUsage of job (MB)
	5752772  -  ResidentSetSize of job (KB)
...
006 (3335431.012.000) 01/19 05:34:05 Image size of job updated: 8477416
	6036  -  MemoryUsage of job (MB)
	6179848  -  ResidentSetSize of job (KB)
...
040 (3335431.012.000) 01/19 05:46:40 Started transferring output files
...
040 (3335431.012.000) 01/19 05:46:40 Finished transferring output files
...
005 (3335431.012.000) 01/19 05:46:40 Job terminated.
	(1) Normal termination (return value 0)
		Usr 0 00:53:27, Sys 0 00:00:54  -  Run Remote Usage
		Usr 0 00:00:00, Sys 0 00:00:00  -  Run Local Usage
		Usr 0 00:53:27, Sys 0 00:00:54  -  Total Remote Usage
		Usr 0 00:00:00, Sys 0 00:00:00  -  Total Local Usage
	1368  -  Run Bytes Sent By Job
	11205  -  Run Bytes Received By Job
	1368  -  Total Bytes Sent By Job
	11205  -  Total Bytes Received By Job
	Partitionable Resources :    Usage  Request Allocated 
	   Cpus                 :     0.06        4         4 
	   Disk (KB)            :    35           1   1134693 
	   Memory (MB)          :  6036        8000      8000 

	Job terminated of its own accord at 2022-01-19T04:46:40Z.
...
