000 (3275856.016.000) 12/22 11:21:46 Job submitted from host: <188.185.70.244:9618?addrs=188.185.70.244-9618+[2001-1458-d00-7--100-2ee]-9618&alias=bigbird10.cern.ch&noUDP&sock=schedd_2095_9300>
...
040 (3275856.016.000) 12/22 13:33:13 Started transferring input files
	Transferring to host: <128.142.63.97:9618?addrs=128.142.63.97-9618+[2001-1458-301-38--100-5e]-9618&alias=b7s08p9190.cern.ch&noUDP&sock=slot1_29_6028_056e_6656>
...
040 (3275856.016.000) 12/22 13:33:13 Finished transferring input files
...
001 (3275856.016.000) 12/22 13:33:14 Job executing on host: <128.142.63.97:9618?addrs=128.142.63.97-9618+[2001-1458-301-38--100-5e]-9618&alias=b7s08p9190.cern.ch&noUDP&sock=startd_5620_6e57>
...
006 (3275856.016.000) 12/22 13:33:23 Image size of job updated: 1256208
	155  -  MemoryUsage of job (MB)
	157856  -  ResidentSetSize of job (KB)
...
006 (3275856.016.000) 12/22 13:35:29 Image size of job updated: 1751040
	155  -  MemoryUsage of job (MB)
	157856  -  ResidentSetSize of job (KB)
...
040 (3275856.016.000) 12/22 13:35:29 Started transferring output files
...
040 (3275856.016.000) 12/22 13:35:29 Finished transferring output files
...
005 (3275856.016.000) 12/22 13:35:29 Job terminated.
	(1) Normal termination (return value 0)
		Usr 0 00:00:18, Sys 0 00:00:03  -  Run Remote Usage
		Usr 0 00:00:00, Sys 0 00:00:00  -  Run Local Usage
		Usr 0 00:00:18, Sys 0 00:00:03  -  Total Remote Usage
		Usr 0 00:00:00, Sys 0 00:00:00  -  Total Local Usage
	3413  -  Run Bytes Sent By Job
	11185  -  Run Bytes Received By Job
	3413  -  Total Bytes Sent By Job
	11185  -  Total Bytes Received By Job
	Partitionable Resources :    Usage  Request Allocated 
	   Cpus                 :                 4         4 
	   Disk (KB)            :       30        1   1211714 
	   Memory (MB)          :      155     8000      8000 

	Job terminated of its own accord at 2021-12-22T12:35:29Z.
...
