000 (3322543.001.000) 01/17 18:39:25 Job submitted from host: <188.185.70.244:9618?addrs=188.185.70.244-9618+[2001-1458-d00-7--100-2ee]-9618&alias=bigbird10.cern.ch&noUDP&sock=schedd_7001_aea1>
...
040 (3322543.001.000) 01/17 20:05:35 Started transferring input files
	Transferring to host: <128.142.58.38:9618?addrs=128.142.58.38-9618&alias=b7s03p9637.cern.ch&noUDP&sock=slot1_17_5173_98ab_31791>
...
040 (3322543.001.000) 01/17 20:05:35 Finished transferring input files
...
001 (3322543.001.000) 01/17 20:05:36 Job executing on host: <128.142.58.38:9618?addrs=128.142.58.38-9618&alias=b7s03p9637.cern.ch&noUDP&sock=startd_4661_a304>
...
006 (3322543.001.000) 01/17 20:05:44 Image size of job updated: 319432
	187  -  MemoryUsage of job (MB)
	191376  -  ResidentSetSize of job (KB)
...
006 (3322543.001.000) 01/17 20:10:44 Image size of job updated: 1731916
	271  -  MemoryUsage of job (MB)
	277076  -  ResidentSetSize of job (KB)
...
006 (3322543.001.000) 01/17 20:15:44 Image size of job updated: 2770012
	859  -  MemoryUsage of job (MB)
	879604  -  ResidentSetSize of job (KB)
...
006 (3322543.001.000) 01/17 20:30:46 Image size of job updated: 2770012
	859  -  MemoryUsage of job (MB)
	879616  -  ResidentSetSize of job (KB)
...
006 (3322543.001.000) 01/17 20:50:48 Image size of job updated: 2770012
	860  -  MemoryUsage of job (MB)
	879620  -  ResidentSetSize of job (KB)
...
006 (3322543.001.000) 01/17 21:00:49 Image size of job updated: 3251436
	1488  -  MemoryUsage of job (MB)
	1523432  -  ResidentSetSize of job (KB)
...
006 (3322543.001.000) 01/17 22:20:57 Image size of job updated: 3251436
	1488  -  MemoryUsage of job (MB)
	1523436  -  ResidentSetSize of job (KB)
...
006 (3322543.001.000) 01/17 23:36:04 Image size of job updated: 3697964
	1786  -  MemoryUsage of job (MB)
	1828528  -  ResidentSetSize of job (KB)
...
006 (3322543.001.000) 01/17 23:46:06 Image size of job updated: 3697964
	1786  -  MemoryUsage of job (MB)
	1828532  -  ResidentSetSize of job (KB)
...
040 (3322543.001.000) 01/18 01:05:59 Started transferring output files
...
040 (3322543.001.000) 01/18 01:05:59 Finished transferring output files
...
009 (3322543.001.000) 01/18 01:05:59 Job was aborted.
	Job removed by SYSTEM_PERIODIC_REMOVE due to wall time exceeded allowed max.
...
