000 (3317022.021.000) 01/13 15:49:41 Job submitted from host: <188.185.70.244:9618?addrs=188.185.70.244-9618+[2001-1458-d00-7--100-2ee]-9618&alias=bigbird10.cern.ch&noUDP&sock=schedd_7001_aea1>
...
040 (3317022.021.000) 01/13 15:57:05 Started transferring input files
	Transferring to host: <188.184.160.75:9618?addrs=188.184.160.75-9618+[2001-1458-301-48--100-45]-9618&alias=b7s09p5072.cern.ch&noUDP&sock=slot1_13_3246_d9bd_28208>
...
040 (3317022.021.000) 01/13 15:57:05 Finished transferring input files
...
001 (3317022.021.000) 01/13 15:57:06 Job executing on host: <188.184.160.75:9618?addrs=188.184.160.75-9618+[2001-1458-301-48--100-45]-9618&alias=b7s09p5072.cern.ch&noUDP&sock=startd_3018_acea>
...
006 (3317022.021.000) 01/13 15:57:15 Image size of job updated: 269264
	1  -  MemoryUsage of job (MB)
	512  -  ResidentSetSize of job (KB)
...
006 (3317022.021.000) 01/13 16:02:16 Image size of job updated: 1742332
	281  -  MemoryUsage of job (MB)
	287684  -  ResidentSetSize of job (KB)
...
006 (3317022.021.000) 01/13 16:07:16 Image size of job updated: 1742332
	281  -  MemoryUsage of job (MB)
	287704  -  ResidentSetSize of job (KB)
...
006 (3317022.021.000) 01/13 16:22:17 Image size of job updated: 2417144
	692  -  MemoryUsage of job (MB)
	707852  -  ResidentSetSize of job (KB)
...
006 (3317022.021.000) 01/13 16:37:18 Image size of job updated: 2417144
	692  -  MemoryUsage of job (MB)
	707864  -  ResidentSetSize of job (KB)
...
006 (3317022.021.000) 01/13 17:07:21 Image size of job updated: 2844928
	1037  -  MemoryUsage of job (MB)
	1061184  -  ResidentSetSize of job (KB)
...
006 (3317022.021.000) 01/13 17:22:22 Image size of job updated: 2844928
	1037  -  MemoryUsage of job (MB)
	1061188  -  ResidentSetSize of job (KB)
...
006 (3317022.021.000) 01/13 17:27:23 Image size of job updated: 2844928
	1532  -  MemoryUsage of job (MB)
	1568148  -  ResidentSetSize of job (KB)
...
006 (3317022.021.000) 01/13 17:32:23 Image size of job updated: 3234496
	1532  -  MemoryUsage of job (MB)
	1568148  -  ResidentSetSize of job (KB)
...
006 (3317022.021.000) 01/13 17:57:27 Image size of job updated: 3767376
	1854  -  MemoryUsage of job (MB)
	1898192  -  ResidentSetSize of job (KB)
...
006 (3317022.021.000) 01/13 18:12:28 Image size of job updated: 3767376
	1854  -  MemoryUsage of job (MB)
	1898196  -  ResidentSetSize of job (KB)
...
006 (3317022.021.000) 01/13 18:22:29 Image size of job updated: 3767376
	1855  -  MemoryUsage of job (MB)
	1899408  -  ResidentSetSize of job (KB)
...
006 (3317022.021.000) 01/13 18:27:30 Image size of job updated: 4232928
	2329  -  MemoryUsage of job (MB)
	2384892  -  ResidentSetSize of job (KB)
...
006 (3317022.021.000) 01/13 18:32:31 Image size of job updated: 4232928
	2334  -  MemoryUsage of job (MB)
	2389212  -  ResidentSetSize of job (KB)
...
006 (3317022.021.000) 01/13 18:37:31 Image size of job updated: 4783888
	2752  -  MemoryUsage of job (MB)
	2817132  -  ResidentSetSize of job (KB)
...
006 (3317022.021.000) 01/13 18:47:32 Image size of job updated: 5335012
	3779  -  MemoryUsage of job (MB)
	3868732  -  ResidentSetSize of job (KB)
...
006 (3317022.021.000) 01/13 19:17:34 Image size of job updated: 5966796
	3779  -  MemoryUsage of job (MB)
	3868732  -  ResidentSetSize of job (KB)
...
006 (3317022.021.000) 01/13 20:07:39 Image size of job updated: 6617892
	5001  -  MemoryUsage of job (MB)
	5120840  -  ResidentSetSize of job (KB)
...
040 (3317022.021.000) 01/13 20:42:26 Started transferring output files
...
040 (3317022.021.000) 01/13 20:42:26 Finished transferring output files
...
005 (3317022.021.000) 01/13 20:42:26 Job terminated.
	(1) Normal termination (return value 0)
		Usr 0 00:31:12, Sys 0 00:00:40  -  Run Remote Usage
		Usr 0 00:00:00, Sys 0 00:00:00  -  Run Local Usage
		Usr 0 00:31:12, Sys 0 00:00:40  -  Total Remote Usage
		Usr 0 00:00:00, Sys 0 00:00:00  -  Total Local Usage
	18205  -  Run Bytes Sent By Job
	10521  -  Run Bytes Received By Job
	18205  -  Total Bytes Sent By Job
	10521  -  Total Bytes Received By Job
	Partitionable Resources :    Usage  Request Allocated 
	   Cpus                 :     0.00        4         4 
	   Disk (KB)            :    52           1   1190869 
	   Memory (MB)          :  5001        8000      8000 

	Job terminated of its own accord at 2022-01-13T19:42:26Z.
...
