000 (3273602.000.000) 12/17 12:17:45 Job submitted from host: <188.185.70.244:9618?addrs=188.185.70.244-9618+[2001-1458-d00-7--100-2ee]-9618&alias=bigbird10.cern.ch&noUDP&sock=schedd_2095_9300>
...
040 (3273602.000.000) 12/17 12:31:42 Started transferring input files
	Transferring to host: <188.184.162.188:9618?addrs=188.184.162.188-9618+[2001-1458-301-4a--100-b6]-9618&alias=b7s11p2067.cern.ch&noUDP&sock=slot1_11_3903_c438_913>
...
040 (3273602.000.000) 12/17 12:31:42 Finished transferring input files
...
001 (3273602.000.000) 12/17 12:31:43 Job executing on host: <188.184.162.188:9618?addrs=188.184.162.188-9618+[2001-1458-301-4a--100-b6]-9618&alias=b7s11p2067.cern.ch&noUDP&sock=startd_3127_70bc>
...
006 (3273602.000.000) 12/17 12:31:52 Image size of job updated: 788980
	155  -  MemoryUsage of job (MB)
	157800  -  ResidentSetSize of job (KB)
...
006 (3273602.000.000) 12/17 12:36:53 Image size of job updated: 2591188
	1087  -  MemoryUsage of job (MB)
	1112892  -  ResidentSetSize of job (KB)
...
006 (3273602.000.000) 12/17 12:46:53 Image size of job updated: 2915456
	1087  -  MemoryUsage of job (MB)
	1112892  -  ResidentSetSize of job (KB)
...
040 (3273602.000.000) 12/17 12:53:47 Started transferring output files
...
040 (3273602.000.000) 12/17 12:53:47 Finished transferring output files
...
005 (3273602.000.000) 12/17 12:53:47 Job terminated.
	(1) Normal termination (return value 1)
		Usr 0 00:14:55, Sys 0 00:00:08  -  Run Remote Usage
		Usr 0 00:00:00, Sys 0 00:00:00  -  Run Local Usage
		Usr 0 00:14:55, Sys 0 00:00:08  -  Total Remote Usage
		Usr 0 00:00:00, Sys 0 00:00:00  -  Total Local Usage
	39316  -  Run Bytes Sent By Job
	11179  -  Run Bytes Received By Job
	39316  -  Total Bytes Sent By Job
	11179  -  Total Bytes Received By Job
	Partitionable Resources :    Usage  Request Allocated 
	   Cpus                 :     0.17        4         4 
	   Disk (KB)            :    73           1   3020171 
	   Memory (MB)          :  1087        8000      8000 

	Job terminated of its own accord at 2021-12-17T11:53:47Z.
...
