000 (3336047.018.000) 01/19 12:01:53 Job submitted from host: <188.185.70.244:9618?addrs=188.185.70.244-9618+[2001-1458-d00-7--100-2ee]-9618&alias=bigbird10.cern.ch&noUDP&sock=schedd_7001_aea1>
...
040 (3336047.018.000) 01/19 12:21:17 Started transferring input files
	Transferring to host: <188.184.162.89:9618?addrs=188.184.162.89-9618+[2001-1458-301-4a--100-53]-9618&alias=b7s11p7697.cern.ch&noUDP&sock=slot1_18_3906_e158_34459>
...
040 (3336047.018.000) 01/19 12:21:17 Finished transferring input files
...
001 (3336047.018.000) 01/19 12:21:18 Job executing on host: <188.184.162.89:9618?addrs=188.184.162.89-9618+[2001-1458-301-4a--100-53]-9618&alias=b7s11p7697.cern.ch&noUDP&sock=startd_3096_2d4d>
...
006 (3336047.018.000) 01/19 12:21:27 Image size of job updated: 99736
	59  -  MemoryUsage of job (MB)
	59724  -  ResidentSetSize of job (KB)
...
006 (3336047.018.000) 01/19 12:26:28 Image size of job updated: 1726756
	266  -  MemoryUsage of job (MB)
	272280  -  ResidentSetSize of job (KB)
...
040 (3336047.018.000) 01/19 12:26:31 Started transferring output files
...
040 (3336047.018.000) 01/19 12:26:31 Finished transferring output files
...
005 (3336047.018.000) 01/19 12:26:31 Job terminated.
	(1) Normal termination (return value 0)
		Usr 0 00:00:31, Sys 0 00:00:03  -  Run Remote Usage
		Usr 0 00:00:00, Sys 0 00:00:00  -  Run Local Usage
		Usr 0 00:00:31, Sys 0 00:00:03  -  Total Remote Usage
		Usr 0 00:00:00, Sys 0 00:00:00  -  Total Local Usage
	1368  -  Run Bytes Sent By Job
	11205  -  Run Bytes Received By Job
	1368  -  Total Bytes Sent By Job
	11205  -  Total Bytes Received By Job
	Partitionable Resources :    Usage  Request Allocated 
	   Cpus                 :     0.07        4         4 
	   Disk (KB)            :    36           1   3001413 
	   Memory (MB)          :   266        8000      8000 

	Job terminated of its own accord at 2022-01-19T11:26:31Z.
...
