000 (3334478.007.000) 01/18 09:54:40 Job submitted from host: <188.185.70.244:9618?addrs=188.185.70.244-9618+[2001-1458-d00-7--100-2ee]-9618&alias=bigbird10.cern.ch&noUDP&sock=schedd_7001_aea1>
...
040 (3334478.007.000) 01/18 14:56:36 Started transferring input files
	Transferring to host: <188.184.160.98:9618?addrs=188.184.160.98-9618+[2001-1458-301-48--100-5c]-9618&alias=b7s09p7412.cern.ch&noUDP&sock=slot1_18_3264_887e_34581>
...
040 (3334478.007.000) 01/18 14:56:36 Finished transferring input files
...
001 (3334478.007.000) 01/18 14:56:37 Job executing on host: <188.184.160.98:9618?addrs=188.184.160.98-9618+[2001-1458-301-48--100-5c]-9618&alias=b7s09p7412.cern.ch&noUDP&sock=startd_3117_94ca>
...
006 (3334478.007.000) 01/18 14:56:45 Image size of job updated: 269348
	185  -  MemoryUsage of job (MB)
	188776  -  ResidentSetSize of job (KB)
...
006 (3334478.007.000) 01/18 14:57:05 Image size of job updated: 1641768
	185  -  MemoryUsage of job (MB)
	188776  -  ResidentSetSize of job (KB)
...
040 (3334478.007.000) 01/18 14:57:05 Started transferring output files
...
040 (3334478.007.000) 01/18 14:57:05 Finished transferring output files
...
005 (3334478.007.000) 01/18 14:57:05 Job terminated.
	(1) Normal termination (return value 1)
		Usr 0 00:00:07, Sys 0 00:00:02  -  Run Remote Usage
		Usr 0 00:00:00, Sys 0 00:00:00  -  Run Local Usage
		Usr 0 00:00:07, Sys 0 00:00:02  -  Total Remote Usage
		Usr 0 00:00:00, Sys 0 00:00:00  -  Total Local Usage
	1291  -  Run Bytes Sent By Job
	10522  -  Run Bytes Received By Job
	1291  -  Total Bytes Sent By Job
	10522  -  Total Bytes Received By Job
	Partitionable Resources :    Usage  Request Allocated 
	   Cpus                 :                 4         4 
	   Disk (KB)            :       29        1   1429320 
	   Memory (MB)          :      185     8000      8000 

	Job terminated of its own accord at 2022-01-18T13:57:05Z.
...
