000 (3275832.011.000) 12/22 10:47:45 Job submitted from host: <188.185.70.244:9618?addrs=188.185.70.244-9618+[2001-1458-d00-7--100-2ee]-9618&alias=bigbird10.cern.ch&noUDP&sock=schedd_2095_9300>
...
040 (3275832.011.000) 12/22 10:58:50 Started transferring input files
	Transferring to host: <188.184.162.138:9618?addrs=188.184.162.138-9618+[2001-1458-301-4a--100-84]-9618&alias=b7s11p6024.cern.ch&noUDP&sock=slot1_6_3982_6ddb_5621>
...
040 (3275832.011.000) 12/22 10:58:50 Finished transferring input files
...
001 (3275832.011.000) 12/22 10:58:51 Job executing on host: <188.184.162.138:9618?addrs=188.184.162.138-9618+[2001-1458-301-4a--100-84]-9618&alias=b7s11p6024.cern.ch&noUDP&sock=startd_3155_a563>
...
006 (3275832.011.000) 12/22 10:58:54 Image size of job updated: 457544
	0  -  MemoryUsage of job (MB)
	0  -  ResidentSetSize of job (KB)
...
040 (3275832.011.000) 12/22 10:58:54 Started transferring output files
...
040 (3275832.011.000) 12/22 10:58:54 Finished transferring output files
...
005 (3275832.011.000) 12/22 10:58:54 Job terminated.
	(1) Normal termination (return value 1)
		Usr 0 00:00:01, Sys 0 00:00:00  -  Run Remote Usage
		Usr 0 00:00:00, Sys 0 00:00:00  -  Run Local Usage
		Usr 0 00:00:01, Sys 0 00:00:00  -  Total Remote Usage
		Usr 0 00:00:00, Sys 0 00:00:00  -  Total Local Usage
	195  -  Run Bytes Sent By Job
	11179  -  Run Bytes Received By Job
	195  -  Total Bytes Sent By Job
	11179  -  Total Bytes Received By Job
	Partitionable Resources :    Usage  Request Allocated 
	   Cpus                 :                 4         4 
	   Disk (KB)            :       28        1   2927783 
	   Memory (MB)          :        0     8000      8000 

	Job terminated of its own accord at 2021-12-22T09:58:54Z.
...
