000 (3275853.016.000) 12/22 11:21:42 Job submitted from host: <188.185.70.244:9618?addrs=188.185.70.244-9618+[2001-1458-d00-7--100-2ee]-9618&alias=bigbird10.cern.ch&noUDP&sock=schedd_2095_9300>
...
040 (3275853.016.000) 12/22 11:45:39 Started transferring input files
	Transferring to host: <188.184.165.41:9618?addrs=188.184.165.41-9618+[2001-1458-301-51--100-24]-9618&alias=b7s14p3231.cern.ch&noUDP&sock=slot1_13_3861_2c76_5164>
...
040 (3275853.016.000) 12/22 11:45:39 Finished transferring input files
...
001 (3275853.016.000) 12/22 11:45:40 Job executing on host: <188.184.165.41:9618?addrs=188.184.165.41-9618+[2001-1458-301-51--100-24]-9618&alias=b7s14p3231.cern.ch&noUDP&sock=startd_3291_ee45>
...
006 (3275853.016.000) 12/22 11:45:49 Image size of job updated: 1256208
	155  -  MemoryUsage of job (MB)
	157860  -  ResidentSetSize of job (KB)
...
006 (3275853.016.000) 12/22 11:47:29 Image size of job updated: 1731244
	155  -  MemoryUsage of job (MB)
	157860  -  ResidentSetSize of job (KB)
...
040 (3275853.016.000) 12/22 11:47:29 Started transferring output files
...
040 (3275853.016.000) 12/22 11:47:29 Finished transferring output files
...
005 (3275853.016.000) 12/22 11:47:29 Job terminated.
	(1) Normal termination (return value 0)
		Usr 0 00:00:29, Sys 0 00:00:03  -  Run Remote Usage
		Usr 0 00:00:00, Sys 0 00:00:00  -  Run Local Usage
		Usr 0 00:00:29, Sys 0 00:00:03  -  Total Remote Usage
		Usr 0 00:00:00, Sys 0 00:00:00  -  Total Local Usage
	9178  -  Run Bytes Sent By Job
	11179  -  Run Bytes Received By Job
	9178  -  Total Bytes Sent By Job
	11179  -  Total Bytes Received By Job
	Partitionable Resources :    Usage  Request Allocated 
	   Cpus                 :                 4         4 
	   Disk (KB)            :       37        1   2863292 
	   Memory (MB)          :      155     8000      8000 

	Job terminated of its own accord at 2021-12-22T10:47:29Z.
...
