000 (3336047.007.000) 01/19 12:01:53 Job submitted from host: <188.185.70.244:9618?addrs=188.185.70.244-9618+[2001-1458-d00-7--100-2ee]-9618&alias=bigbird10.cern.ch&noUDP&sock=schedd_7001_aea1>
...
040 (3336047.007.000) 01/19 12:21:13 Started transferring input files
	Transferring to host: <188.184.165.42:9618?addrs=188.184.165.42-9618+[2001-1458-301-51--100-25]-9618&alias=b7s14p5850.cern.ch&noUDP&sock=slot1_7_4571_6ed3_33461>
...
040 (3336047.007.000) 01/19 12:21:13 Finished transferring input files
...
001 (3336047.007.000) 01/19 12:21:14 Job executing on host: <188.184.165.42:9618?addrs=188.184.165.42-9618+[2001-1458-301-51--100-25]-9618&alias=b7s14p5850.cern.ch&noUDP&sock=startd_4384_a348>
...
006 (3336047.007.000) 01/19 12:21:23 Image size of job updated: 320152
	155  -  MemoryUsage of job (MB)
	157836  -  ResidentSetSize of job (KB)
...
006 (3336047.007.000) 01/19 12:26:24 Image size of job updated: 1747636
	278  -  MemoryUsage of job (MB)
	284100  -  ResidentSetSize of job (KB)
...
040 (3336047.007.000) 01/19 12:28:16 Started transferring output files
...
040 (3336047.007.000) 01/19 12:28:16 Finished transferring output files
...
005 (3336047.007.000) 01/19 12:28:16 Job terminated.
	(1) Normal termination (return value 0)
		Usr 0 00:00:32, Sys 0 00:00:03  -  Run Remote Usage
		Usr 0 00:00:00, Sys 0 00:00:00  -  Run Local Usage
		Usr 0 00:00:32, Sys 0 00:00:03  -  Total Remote Usage
		Usr 0 00:00:00, Sys 0 00:00:00  -  Total Local Usage
	1368  -  Run Bytes Sent By Job
	11205  -  Run Bytes Received By Job
	1368  -  Total Bytes Sent By Job
	11205  -  Total Bytes Received By Job
	Partitionable Resources :    Usage  Request Allocated 
	   Cpus                 :     0.06        4         4 
	   Disk (KB)            :    36           1   2968028 
	   Memory (MB)          :   278        8000      8000 

	Job terminated of its own accord at 2022-01-19T11:28:16Z.
...
