000 (3295144.000.000) 01/10 15:19:50 Job submitted from host: <188.185.70.244:9618?addrs=188.185.70.244-9618+[2001-1458-d00-7--100-2ee]-9618&alias=bigbird10.cern.ch&noUDP&sock=schedd_7001_aea1>
...
040 (3295144.000.000) 01/10 15:26:23 Started transferring input files
	Transferring to host: <188.184.162.49:9618?addrs=188.184.162.49-9618+[2001-1458-301-4a--100-2b]-9618&alias=b7s11p5932.cern.ch&noUDP&sock=slot1_17_4301_3188_23825>
...
040 (3295144.000.000) 01/10 15:26:23 Finished transferring input files
...
001 (3295144.000.000) 01/10 15:26:24 Job executing on host: <188.184.162.49:9618?addrs=188.184.162.49-9618+[2001-1458-301-4a--100-2b]-9618&alias=b7s11p5932.cern.ch&noUDP&sock=startd_4071_f224>
...
006 (3295144.000.000) 01/10 15:26:33 Image size of job updated: 5212
	4  -  MemoryUsage of job (MB)
	3696  -  ResidentSetSize of job (KB)
...
006 (3295144.000.000) 01/10 15:31:33 Image size of job updated: 1750088
	288  -  MemoryUsage of job (MB)
	294720  -  ResidentSetSize of job (KB)
...
040 (3295144.000.000) 01/10 15:34:07 Started transferring output files
...
040 (3295144.000.000) 01/10 15:34:07 Finished transferring output files
...
005 (3295144.000.000) 01/10 15:34:07 Job terminated.
	(1) Normal termination (return value 0)
		Usr 0 00:00:49, Sys 0 00:00:03  -  Run Remote Usage
		Usr 0 00:00:00, Sys 0 00:00:00  -  Run Local Usage
		Usr 0 00:00:49, Sys 0 00:00:03  -  Total Remote Usage
		Usr 0 00:00:00, Sys 0 00:00:00  -  Total Local Usage
	4970  -  Run Bytes Sent By Job
	10524  -  Run Bytes Received By Job
	4970  -  Total Bytes Sent By Job
	10524  -  Total Bytes Received By Job
	Partitionable Resources :    Usage  Request Allocated 
	   Cpus                 :     0.28        4         4 
	   Disk (KB)            :    40           1   2898861 
	   Memory (MB)          :   288        8000      8000 

	Job terminated of its own accord at 2022-01-10T14:34:07Z.
...
