000 (3315590.002.000) 01/12 17:36:22 Job submitted from host: <188.185.70.244:9618?addrs=188.185.70.244-9618+[2001-1458-d00-7--100-2ee]-9618&alias=bigbird10.cern.ch&noUDP&sock=schedd_7001_aea1>
...
040 (3315590.002.000) 01/12 22:58:24 Started transferring input files
	Transferring to host: <128.142.61.138:9618?addrs=128.142.61.138-9618+[2001-1458-301-23--100-89]-9618&alias=b7s06p2835.cern.ch&noUDP&sock=slot1_6_3611_06ac_26633>
...
040 (3315590.002.000) 01/12 22:58:24 Finished transferring input files
...
001 (3315590.002.000) 01/12 22:58:25 Job executing on host: <128.142.61.138:9618?addrs=128.142.61.138-9618+[2001-1458-301-23--100-89]-9618&alias=b7s06p2835.cern.ch&noUDP&sock=startd_2950_0879>
...
006 (3315590.002.000) 01/12 22:58:34 Image size of job updated: 1231788
	151  -  MemoryUsage of job (MB)
	154516  -  ResidentSetSize of job (KB)
...
006 (3315590.002.000) 01/12 23:03:35 Image size of job updated: 2116948
	538  -  MemoryUsage of job (MB)
	550808  -  ResidentSetSize of job (KB)
...
006 (3315590.002.000) 01/12 23:28:37 Image size of job updated: 2396388
	768  -  MemoryUsage of job (MB)
	786248  -  ResidentSetSize of job (KB)
...
006 (3315590.002.000) 01/12 23:48:40 Image size of job updated: 2396388
	1200  -  MemoryUsage of job (MB)
	1228700  -  ResidentSetSize of job (KB)
...
006 (3315590.002.000) 01/12 23:53:41 Image size of job updated: 2695364
	1200  -  MemoryUsage of job (MB)
	1228700  -  ResidentSetSize of job (KB)
...
006 (3315590.002.000) 01/13 00:13:42 Image size of job updated: 3054156
	1327  -  MemoryUsage of job (MB)
	1357928  -  ResidentSetSize of job (KB)
...
006 (3315590.002.000) 01/13 00:38:45 Image size of job updated: 3451592
	1638  -  MemoryUsage of job (MB)
	1676488  -  ResidentSetSize of job (KB)
...
006 (3315590.002.000) 01/13 01:03:47 Image size of job updated: 3853188
	1954  -  MemoryUsage of job (MB)
	2000756  -  ResidentSetSize of job (KB)
...
006 (3315590.002.000) 01/13 01:13:48 Image size of job updated: 3853188
	1954  -  MemoryUsage of job (MB)
	2000760  -  ResidentSetSize of job (KB)
...
040 (3315590.002.000) 01/13 01:30:26 Started transferring output files
...
040 (3315590.002.000) 01/13 01:30:26 Finished transferring output files
...
005 (3315590.002.000) 01/13 01:30:26 Job terminated.
	(1) Normal termination (return value 0)
		Usr 0 00:12:20, Sys 0 00:00:30  -  Run Remote Usage
		Usr 0 00:00:00, Sys 0 00:00:00  -  Run Local Usage
		Usr 0 00:12:20, Sys 0 00:00:30  -  Total Remote Usage
		Usr 0 00:00:00, Sys 0 00:00:00  -  Total Local Usage
	11595  -  Run Bytes Sent By Job
	10529  -  Run Bytes Received By Job
	11595  -  Total Bytes Sent By Job
	10529  -  Total Bytes Received By Job
	Partitionable Resources :    Usage  Request Allocated 
	   Cpus                 :     0.06        4         4 
	   Disk (KB)            :    45           1   1288096 
	   Memory (MB)          :  1954        8000      8000 

	Job terminated of its own accord at 2022-01-13T00:30:26Z.
...
