000 (3314657.020.000) 01/11 16:27:32 Job submitted from host: <188.185.70.244:9618?addrs=188.185.70.244-9618+[2001-1458-d00-7--100-2ee]-9618&alias=bigbird10.cern.ch&noUDP&sock=schedd_7001_aea1>
...
040 (3314657.020.000) 01/11 20:00:32 Started transferring input files
	Transferring to host: <128.142.57.51:9618?addrs=128.142.57.51-9618&alias=b7s02p1335.cern.ch&noUDP&sock=slot1_5_4693_6498_24608>
...
040 (3314657.020.000) 01/11 20:00:32 Finished transferring input files
...
001 (3314657.020.000) 01/11 20:00:33 Job executing on host: <128.142.57.51:9618?addrs=128.142.57.51-9618&alias=b7s02p1335.cern.ch&noUDP&sock=startd_4344_337f>
...
006 (3314657.020.000) 01/11 20:00:42 Image size of job updated: 727080
	155  -  MemoryUsage of job (MB)
	157788  -  ResidentSetSize of job (KB)
...
006 (3314657.020.000) 01/11 20:05:43 Image size of job updated: 2057492
	618  -  MemoryUsage of job (MB)
	632136  -  ResidentSetSize of job (KB)
...
006 (3314657.020.000) 01/11 20:10:43 Image size of job updated: 2559736
	742  -  MemoryUsage of job (MB)
	759492  -  ResidentSetSize of job (KB)
...
006 (3314657.020.000) 01/11 20:15:43 Image size of job updated: 2559736
	742  -  MemoryUsage of job (MB)
	759496  -  ResidentSetSize of job (KB)
...
006 (3314657.020.000) 01/11 20:25:45 Image size of job updated: 2968880
	1151  -  MemoryUsage of job (MB)
	1178456  -  ResidentSetSize of job (KB)
...
006 (3314657.020.000) 01/11 20:55:49 Image size of job updated: 3379228
	1500  -  MemoryUsage of job (MB)
	1535124  -  ResidentSetSize of job (KB)
...
006 (3314657.020.000) 01/11 21:10:50 Image size of job updated: 3379228
	1501  -  MemoryUsage of job (MB)
	1536564  -  ResidentSetSize of job (KB)
...
006 (3314657.020.000) 01/11 21:15:51 Image size of job updated: 3882632
	1956  -  MemoryUsage of job (MB)
	2002284  -  ResidentSetSize of job (KB)
...
006 (3314657.020.000) 01/11 21:20:51 Image size of job updated: 3882632
	1956  -  MemoryUsage of job (MB)
	2002288  -  ResidentSetSize of job (KB)
...
006 (3314657.020.000) 01/11 21:30:53 Image size of job updated: 4495908
	2474  -  MemoryUsage of job (MB)
	2532980  -  ResidentSetSize of job (KB)
...
006 (3314657.020.000) 01/11 21:40:54 Image size of job updated: 4495908
	2474  -  MemoryUsage of job (MB)
	2533028  -  ResidentSetSize of job (KB)
...
006 (3314657.020.000) 01/11 21:45:55 Image size of job updated: 4667652
	3509  -  MemoryUsage of job (MB)
	3592796  -  ResidentSetSize of job (KB)
...
006 (3314657.020.000) 01/11 21:50:55 Image size of job updated: 5059728
	3509  -  MemoryUsage of job (MB)
	3592796  -  ResidentSetSize of job (KB)
...
006 (3314657.020.000) 01/11 22:05:57 Image size of job updated: 5684728
	3509  -  MemoryUsage of job (MB)
	3592796  -  ResidentSetSize of job (KB)
...
006 (3314657.020.000) 01/11 22:20:58 Image size of job updated: 5913708
	4590  -  MemoryUsage of job (MB)
	4699840  -  ResidentSetSize of job (KB)
...
006 (3314657.020.000) 01/11 22:25:58 Image size of job updated: 6339480
	4590  -  MemoryUsage of job (MB)
	4699840  -  ResidentSetSize of job (KB)
...
006 (3314657.020.000) 01/11 22:41:00 Image size of job updated: 7424696
	4590  -  MemoryUsage of job (MB)
	4699840  -  ResidentSetSize of job (KB)
...
040 (3314657.020.000) 01/11 22:51:13 Started transferring output files
...
040 (3314657.020.000) 01/11 22:51:14 Finished transferring output files
...
005 (3314657.020.000) 01/11 22:51:14 Job terminated.
	(1) Normal termination (return value 0)
		Usr 0 00:32:04, Sys 0 00:00:44  -  Run Remote Usage
		Usr 0 00:00:00, Sys 0 00:00:00  -  Run Local Usage
		Usr 0 00:32:04, Sys 0 00:00:44  -  Total Remote Usage
		Usr 0 00:00:00, Sys 0 00:00:00  -  Total Local Usage
	21180  -  Run Bytes Sent By Job
	10521  -  Run Bytes Received By Job
	21180  -  Total Bytes Sent By Job
	10521  -  Total Bytes Received By Job
	Partitionable Resources :    Usage  Request Allocated 
	   Cpus                 :     0.04        4         4 
	   Disk (KB)            :    54           1   1273134 
	   Memory (MB)          :  4590        8000      8000 

	Job terminated of its own accord at 2022-01-11T21:51:11Z.
...
