000 (3274080.023.000) 12/17 17:40:44 Job submitted from host: <188.185.70.244:9618?addrs=188.185.70.244-9618+[2001-1458-d00-7--100-2ee]-9618&alias=bigbird10.cern.ch&noUDP&sock=schedd_2095_9300>
...
040 (3274080.023.000) 12/17 18:28:51 Started transferring input files
	Transferring to host: <188.184.165.160:9618?addrs=188.184.165.160-9618+[2001-1458-301-51--100-9b]-9618&alias=b7s14p1431.cern.ch&noUDP&sock=slot1_10_3894_6cd7_1158>
...
040 (3274080.023.000) 12/17 18:28:51 Finished transferring input files
...
001 (3274080.023.000) 12/17 18:28:52 Job executing on host: <188.184.165.160:9618?addrs=188.184.165.160-9618+[2001-1458-301-51--100-9b]-9618&alias=b7s14p1431.cern.ch&noUDP&sock=startd_3152_969b>
...
006 (3274080.023.000) 12/17 18:29:01 Image size of job updated: 556460
	155  -  MemoryUsage of job (MB)
	157808  -  ResidentSetSize of job (KB)
...
006 (3274080.023.000) 12/17 18:34:02 Image size of job updated: 2576916
	1072  -  MemoryUsage of job (MB)
	1097700  -  ResidentSetSize of job (KB)
...
006 (3274080.023.000) 12/17 18:44:03 Image size of job updated: 2901172
	1072  -  MemoryUsage of job (MB)
	1097700  -  ResidentSetSize of job (KB)
...
040 (3274080.023.000) 12/17 19:01:47 Started transferring output files
...
040 (3274080.023.000) 12/17 19:01:48 Finished transferring output files
...
005 (3274080.023.000) 12/17 19:01:48 Job terminated.
	(1) Normal termination (return value 0)
		Usr 0 00:14:09, Sys 0 00:00:08  -  Run Remote Usage
		Usr 0 00:00:00, Sys 0 00:00:00  -  Run Local Usage
		Usr 0 00:14:09, Sys 0 00:00:08  -  Total Remote Usage
		Usr 0 00:00:00, Sys 0 00:00:00  -  Total Local Usage
	11687583  -  Run Bytes Sent By Job
	11179  -  Run Bytes Received By Job
	11687583  -  Total Bytes Sent By Job
	11179  -  Total Bytes Received By Job
	Partitionable Resources :    Usage  Request Allocated 
	   Cpus                 :     0.00        4         4 
	   Disk (KB)            : 11448           1   2955891 
	   Memory (MB)          :  1072        8000      8000 

	Job terminated of its own accord at 2021-12-17T18:01:47Z.
...
