000 (3277184.024.000) 12/25 15:18:23 Job submitted from host: <188.185.70.244:9618?addrs=188.185.70.244-9618+[2001-1458-d00-7--100-2ee]-9618&alias=bigbird10.cern.ch&noUDP&sock=schedd_2095_9300>
...
040 (3277184.024.000) 12/25 15:20:13 Started transferring input files
	Transferring to host: <188.184.162.34:9618?addrs=188.184.162.34-9618+[2001-1458-301-4a--100-1c]-9618&alias=b7s11p7595.cern.ch&noUDP&sock=slot1_10_3931_7eb9_8398>
...
040 (3277184.024.000) 12/25 15:20:13 Finished transferring input files
...
001 (3277184.024.000) 12/25 15:20:14 Job executing on host: <188.184.162.34:9618?addrs=188.184.162.34-9618+[2001-1458-301-4a--100-1c]-9618&alias=b7s11p7595.cern.ch&noUDP&sock=startd_3145_c971>
...
006 (3277184.024.000) 12/25 15:20:23 Image size of job updated: 437164
	119  -  MemoryUsage of job (MB)
	121252  -  ResidentSetSize of job (KB)
...
006 (3277184.024.000) 12/25 15:22:47 Image size of job updated: 1733580
	119  -  MemoryUsage of job (MB)
	121252  -  ResidentSetSize of job (KB)
...
040 (3277184.024.000) 12/25 15:22:47 Started transferring output files
...
040 (3277184.024.000) 12/25 15:22:47 Finished transferring output files
...
005 (3277184.024.000) 12/25 15:22:47 Job terminated.
	(1) Normal termination (return value 0)
		Usr 0 00:00:19, Sys 0 00:00:03  -  Run Remote Usage
		Usr 0 00:00:00, Sys 0 00:00:00  -  Run Local Usage
		Usr 0 00:00:19, Sys 0 00:00:03  -  Total Remote Usage
		Usr 0 00:00:00, Sys 0 00:00:00  -  Total Local Usage
	22306  -  Run Bytes Sent By Job
	11213  -  Run Bytes Received By Job
	22306  -  Total Bytes Sent By Job
	11213  -  Total Bytes Received By Job
	Partitionable Resources :    Usage  Request Allocated 
	   Cpus                 :                 4         4 
	   Disk (KB)            :       49        1   3084143 
	   Memory (MB)          :      119     8000      8000 

	Job terminated of its own accord at 2021-12-25T14:22:47Z.
...
