000 (3275856.025.000) 12/22 11:21:46 Job submitted from host: <188.185.70.244:9618?addrs=188.185.70.244-9618+[2001-1458-d00-7--100-2ee]-9618&alias=bigbird10.cern.ch&noUDP&sock=schedd_2095_9300>
...
040 (3275856.025.000) 12/22 13:33:16 Started transferring input files
	Transferring to host: <128.142.56.154:9618?addrs=128.142.56.154-9618+[2001-1458-301-6--100-99]-9618&alias=b7s01p2419.cern.ch&noUDP&sock=slot1_17_3589_866b_6287>
...
040 (3275856.025.000) 12/22 13:33:16 Finished transferring input files
...
001 (3275856.025.000) 12/22 13:33:17 Job executing on host: <128.142.56.154:9618?addrs=128.142.56.154-9618+[2001-1458-301-6--100-99]-9618&alias=b7s01p2419.cern.ch&noUDP&sock=startd_2853_7fc9>
...
006 (3275856.025.000) 12/22 13:33:25 Image size of job updated: 542208
	155  -  MemoryUsage of job (MB)
	157820  -  ResidentSetSize of job (KB)
...
006 (3275856.025.000) 12/22 13:35:14 Image size of job updated: 1729940
	155  -  MemoryUsage of job (MB)
	157820  -  ResidentSetSize of job (KB)
...
040 (3275856.025.000) 12/22 13:35:14 Started transferring output files
...
040 (3275856.025.000) 12/22 13:35:14 Finished transferring output files
...
005 (3275856.025.000) 12/22 13:35:14 Job terminated.
	(1) Normal termination (return value 0)
		Usr 0 00:00:14, Sys 0 00:00:03  -  Run Remote Usage
		Usr 0 00:00:00, Sys 0 00:00:00  -  Run Local Usage
		Usr 0 00:00:14, Sys 0 00:00:03  -  Total Remote Usage
		Usr 0 00:00:00, Sys 0 00:00:00  -  Total Local Usage
	3172  -  Run Bytes Sent By Job
	11185  -  Run Bytes Received By Job
	3172  -  Total Bytes Sent By Job
	11185  -  Total Bytes Received By Job
	Partitionable Resources :    Usage  Request Allocated 
	   Cpus                 :                 4         4 
	   Disk (KB)            :       30        1   1221058 
	   Memory (MB)          :      155     8000      8000 

	Job terminated of its own accord at 2021-12-22T12:35:14Z.
...
