000 (3294119.009.000) 01/10 14:43:34 Job submitted from host: <188.185.70.244:9618?addrs=188.185.70.244-9618+[2001-1458-d00-7--100-2ee]-9618&alias=bigbird10.cern.ch&noUDP&sock=schedd_7001_aea1>
...
040 (3294119.009.000) 01/10 14:47:21 Started transferring input files
	Transferring to host: <128.142.59.86:9618?addrs=128.142.59.86-9618+[2001-1458-301-21--100-55]-9618&alias=b7s04p2139.cern.ch&noUDP&sock=slot1_9_3600_468b_24927>
...
040 (3294119.009.000) 01/10 14:47:21 Finished transferring input files
...
001 (3294119.009.000) 01/10 14:47:22 Job executing on host: <128.142.59.86:9618?addrs=128.142.59.86-9618+[2001-1458-301-21--100-55]-9618&alias=b7s04p2139.cern.ch&noUDP&sock=startd_2942_8bb7>
...
006 (3294119.009.000) 01/10 14:47:31 Image size of job updated: 1252508
	155  -  MemoryUsage of job (MB)
	157756  -  ResidentSetSize of job (KB)
...
006 (3294119.009.000) 01/10 14:47:49 Image size of job updated: 1256180
	155  -  MemoryUsage of job (MB)
	157756  -  ResidentSetSize of job (KB)
...
040 (3294119.009.000) 01/10 14:47:49 Started transferring output files
...
040 (3294119.009.000) 01/10 14:47:49 Finished transferring output files
...
005 (3294119.009.000) 01/10 14:47:49 Job terminated.
	(1) Normal termination (return value 1)
		Usr 0 00:00:03, Sys 0 00:00:02  -  Run Remote Usage
		Usr 0 00:00:00, Sys 0 00:00:00  -  Run Local Usage
		Usr 0 00:00:03, Sys 0 00:00:02  -  Total Remote Usage
		Usr 0 00:00:00, Sys 0 00:00:00  -  Total Local Usage
	8251  -  Run Bytes Sent By Job
	10524  -  Run Bytes Received By Job
	8251  -  Total Bytes Sent By Job
	10524  -  Total Bytes Received By Job
	Partitionable Resources :    Usage  Request Allocated 
	   Cpus                 :                 4         4 
	   Disk (KB)            :       35        1    943060 
	   Memory (MB)          :      155     8000      8000 

	Job terminated of its own accord at 2022-01-10T13:47:49Z.
...
