000 (3275856.014.000) 12/22 11:21:46 Job submitted from host: <188.185.70.244:9618?addrs=188.185.70.244-9618+[2001-1458-d00-7--100-2ee]-9618&alias=bigbird10.cern.ch&noUDP&sock=schedd_2095_9300>
...
040 (3275856.014.000) 12/22 13:33:12 Started transferring input files
	Transferring to host: <128.142.61.104:9618?addrs=128.142.61.104-9618&alias=b7s06p4298.cern.ch&noUDP&sock=slot1_9_4776_dfbb_5938>
...
040 (3275856.014.000) 12/22 13:33:12 Finished transferring input files
...
001 (3275856.014.000) 12/22 13:33:13 Job executing on host: <128.142.61.104:9618?addrs=128.142.61.104-9618&alias=b7s06p4298.cern.ch&noUDP&sock=startd_4430_30a4>
...
006 (3275856.014.000) 12/22 13:33:21 Image size of job updated: 708328
	155  -  MemoryUsage of job (MB)
	157812  -  ResidentSetSize of job (KB)
...
006 (3275856.014.000) 12/22 13:36:59 Image size of job updated: 1725932
	155  -  MemoryUsage of job (MB)
	157812  -  ResidentSetSize of job (KB)
...
040 (3275856.014.000) 12/22 13:36:59 Started transferring output files
...
040 (3275856.014.000) 12/22 13:36:59 Finished transferring output files
...
005 (3275856.014.000) 12/22 13:37:00 Job terminated.
	(1) Normal termination (return value 0)
		Usr 0 00:00:17, Sys 0 00:00:03  -  Run Remote Usage
		Usr 0 00:00:00, Sys 0 00:00:00  -  Run Local Usage
		Usr 0 00:00:17, Sys 0 00:00:03  -  Total Remote Usage
		Usr 0 00:00:00, Sys 0 00:00:00  -  Total Local Usage
	3410  -  Run Bytes Sent By Job
	11185  -  Run Bytes Received By Job
	3410  -  Total Bytes Sent By Job
	11185  -  Total Bytes Received By Job
	Partitionable Resources :    Usage  Request Allocated 
	   Cpus                 :                 4         4 
	   Disk (KB)            :       30        1    726739 
	   Memory (MB)          :      155     8000      8000 

	Job terminated of its own accord at 2021-12-22T12:36:59Z.
...
