000 (3294119.014.000) 01/10 14:43:34 Job submitted from host: <188.185.70.244:9618?addrs=188.185.70.244-9618+[2001-1458-d00-7--100-2ee]-9618&alias=bigbird10.cern.ch&noUDP&sock=schedd_7001_aea1>
...
040 (3294119.014.000) 01/10 14:47:27 Started transferring input files
	Transferring to host: <128.142.248.18:9618?addrs=128.142.248.18-9618+[2001-1458-301-73--100-102]-9618&alias=b7g23p9786.cern.ch&noUDP&sock=slot1_7_263954_38a7_112087>
...
040 (3294119.014.000) 01/10 14:47:27 Finished transferring input files
...
001 (3294119.014.000) 01/10 14:47:28 Job executing on host: <128.142.248.18:9618?addrs=128.142.248.18-9618+[2001-1458-301-73--100-102]-9618&alias=b7g23p9786.cern.ch&noUDP&sock=startd_133889_4bcb>
...
006 (3294119.014.000) 01/10 14:47:36 Image size of job updated: 706916
	131  -  MemoryUsage of job (MB)
	133896  -  ResidentSetSize of job (KB)
...
006 (3294119.014.000) 01/10 14:47:47 Image size of job updated: 706916
	131  -  MemoryUsage of job (MB)
	134032  -  ResidentSetSize of job (KB)
...
040 (3294119.014.000) 01/10 14:47:47 Started transferring output files
...
040 (3294119.014.000) 01/10 14:47:47 Finished transferring output files
...
005 (3294119.014.000) 01/10 14:47:47 Job terminated.
	(1) Normal termination (return value 1)
		Usr 0 00:00:07, Sys 0 00:00:02  -  Run Remote Usage
		Usr 0 00:00:00, Sys 0 00:00:00  -  Run Local Usage
		Usr 0 00:00:07, Sys 0 00:00:02  -  Total Remote Usage
		Usr 0 00:00:00, Sys 0 00:00:00  -  Total Local Usage
	7244  -  Run Bytes Sent By Job
	10524  -  Run Bytes Received By Job
	7244  -  Total Bytes Sent By Job
	10524  -  Total Bytes Received By Job
	Partitionable Resources :    Usage  Request Allocated 
	   Cpus                 :                 4         4 
	   Disk (KB)            :       35        1   2973247 
	   Memory (MB)          :      131     8000      8000 

	Job terminated of its own accord at 2022-01-10T13:47:47Z.
...
