000 (3297397.012.000) 01/10 16:20:06 Job submitted from host: <188.185.70.244:9618?addrs=188.185.70.244-9618+[2001-1458-d00-7--100-2ee]-9618&alias=bigbird10.cern.ch&noUDP&sock=schedd_7001_aea1>
...
040 (3297397.012.000) 01/10 16:50:26 Started transferring input files
	Transferring to host: <188.184.162.145:9618?addrs=188.184.162.145-9618+[2001-1458-301-4a--100-8b]-9618&alias=b7s11p3235.cern.ch&noUDP&sock=slot1_6_3986_3f5b_24757>
...
040 (3297397.012.000) 01/10 16:50:26 Finished transferring input files
...
001 (3297397.012.000) 01/10 16:50:27 Job executing on host: <188.184.162.145:9618?addrs=188.184.162.145-9618+[2001-1458-301-4a--100-8b]-9618&alias=b7s11p3235.cern.ch&noUDP&sock=startd_3328_4f46>
...
006 (3297397.012.000) 01/10 16:50:35 Image size of job updated: 790824
	155  -  MemoryUsage of job (MB)
	157824  -  ResidentSetSize of job (KB)
...
006 (3297397.012.000) 01/10 16:53:02 Image size of job updated: 1726628
	155  -  MemoryUsage of job (MB)
	157824  -  ResidentSetSize of job (KB)
...
040 (3297397.012.000) 01/10 16:53:02 Started transferring output files
...
040 (3297397.012.000) 01/10 16:53:02 Finished transferring output files
...
005 (3297397.012.000) 01/10 16:53:02 Job terminated.
	(1) Normal termination (return value 0)
		Usr 0 00:00:27, Sys 0 00:00:03  -  Run Remote Usage
		Usr 0 00:00:00, Sys 0 00:00:00  -  Run Local Usage
		Usr 0 00:00:27, Sys 0 00:00:03  -  Total Remote Usage
		Usr 0 00:00:00, Sys 0 00:00:00  -  Total Local Usage
	5483  -  Run Bytes Sent By Job
	10524  -  Run Bytes Received By Job
	5483  -  Total Bytes Sent By Job
	10524  -  Total Bytes Received By Job
	Partitionable Resources :    Usage  Request Allocated 
	   Cpus                 :     0.16        4         4 
	   Disk (KB)            :    40           1   2875116 
	   Memory (MB)          :   155        8000      8000 

	Job terminated of its own accord at 2022-01-10T15:53:02Z.
...
