000 (3293337.023.000) 01/10 13:03:40 Job submitted from host: <188.185.70.244:9618?addrs=188.185.70.244-9618+[2001-1458-d00-7--100-2ee]-9618&alias=bigbird10.cern.ch&noUDP&sock=schedd_7001_aea1>
...
040 (3293337.023.000) 01/10 13:07:07 Started transferring input files
	Transferring to host: <188.184.160.183:9618?addrs=188.184.160.183-9618+[2001-1458-301-48--100-b1]-9618&alias=b7s09p9243.cern.ch&noUDP&sock=slot1_16_3248_427d_24968>
...
040 (3293337.023.000) 01/10 13:07:07 Finished transferring input files
...
001 (3293337.023.000) 01/10 13:07:08 Job executing on host: <188.184.160.183:9618?addrs=188.184.160.183-9618+[2001-1458-301-48--100-b1]-9618&alias=b7s09p9243.cern.ch&noUDP&sock=startd_2672_5925>
...
006 (3293337.023.000) 01/10 13:07:18 Image size of job updated: 453420
	155  -  MemoryUsage of job (MB)
	157760  -  ResidentSetSize of job (KB)
...
006 (3293337.023.000) 01/10 13:07:47 Image size of job updated: 1680508
	155  -  MemoryUsage of job (MB)
	157760  -  ResidentSetSize of job (KB)
...
040 (3293337.023.000) 01/10 13:07:47 Started transferring output files
...
040 (3293337.023.000) 01/10 13:07:47 Finished transferring output files
...
005 (3293337.023.000) 01/10 13:07:47 Job terminated.
	(1) Normal termination (return value 1)
		Usr 0 00:00:06, Sys 0 00:00:03  -  Run Remote Usage
		Usr 0 00:00:00, Sys 0 00:00:00  -  Run Local Usage
		Usr 0 00:00:06, Sys 0 00:00:03  -  Total Remote Usage
		Usr 0 00:00:00, Sys 0 00:00:00  -  Total Local Usage
	7005  -  Run Bytes Sent By Job
	10524  -  Run Bytes Received By Job
	7005  -  Total Bytes Sent By Job
	10524  -  Total Bytes Received By Job
	Partitionable Resources :    Usage  Request Allocated 
	   Cpus                 :                 4         4 
	   Disk (KB)            :       33        1   1252612 
	   Memory (MB)          :      155     8000      8000 

	Job terminated of its own accord at 2022-01-10T12:07:47Z.
...
