000 (3295144.006.000) 01/10 15:19:50 Job submitted from host: <188.185.70.244:9618?addrs=188.185.70.244-9618+[2001-1458-d00-7--100-2ee]-9618&alias=bigbird10.cern.ch&noUDP&sock=schedd_7001_aea1>
...
040 (3295144.006.000) 01/10 15:26:52 Started transferring input files
	Transferring to host: <188.184.162.230:9618?addrs=188.184.162.230-9618+[2001-1458-301-4a--100-e0]-9618&alias=b7s11p4763.cern.ch&noUDP&sock=slot1_4_4695_cd58_23610>
...
040 (3295144.006.000) 01/10 15:26:52 Finished transferring input files
...
001 (3295144.006.000) 01/10 15:26:53 Job executing on host: <188.184.162.230:9618?addrs=188.184.162.230-9618+[2001-1458-301-4a--100-e0]-9618&alias=b7s11p4763.cern.ch&noUDP&sock=startd_4468_413d>
...
006 (3295144.006.000) 01/10 15:27:02 Image size of job updated: 1230212
	155  -  MemoryUsage of job (MB)
	157776  -  ResidentSetSize of job (KB)
...
006 (3295144.006.000) 01/10 15:32:03 Image size of job updated: 1726680
	266  -  MemoryUsage of job (MB)
	271956  -  ResidentSetSize of job (KB)
...
006 (3295144.006.000) 01/10 15:34:52 Image size of job updated: 1727496
	266  -  MemoryUsage of job (MB)
	271956  -  ResidentSetSize of job (KB)
...
040 (3295144.006.000) 01/10 15:34:52 Started transferring output files
...
040 (3295144.006.000) 01/10 15:34:52 Finished transferring output files
...
005 (3295144.006.000) 01/10 15:34:52 Job terminated.
	(1) Normal termination (return value 0)
		Usr 0 00:00:30, Sys 0 00:00:03  -  Run Remote Usage
		Usr 0 00:00:00, Sys 0 00:00:00  -  Run Local Usage
		Usr 0 00:00:30, Sys 0 00:00:03  -  Total Remote Usage
		Usr 0 00:00:00, Sys 0 00:00:00  -  Total Local Usage
	5727  -  Run Bytes Sent By Job
	10524  -  Run Bytes Received By Job
	5727  -  Total Bytes Sent By Job
	10524  -  Total Bytes Received By Job
	Partitionable Resources :    Usage  Request Allocated 
	   Cpus                 :        0        4         4 
	   Disk (KB)            :       39        1   2917294 
	   Memory (MB)          :      266     8000      8000 

	Job terminated of its own accord at 2022-01-10T14:34:52Z.
...
