000 (3297397.014.000) 01/10 16:20:06 Job submitted from host: <188.185.70.244:9618?addrs=188.185.70.244-9618+[2001-1458-d00-7--100-2ee]-9618&alias=bigbird10.cern.ch&noUDP&sock=schedd_7001_aea1>
...
040 (3297397.014.000) 01/10 16:50:35 Started transferring input files
	Transferring to host: <128.142.59.41:9618?addrs=128.142.59.41-9618&alias=b7s04p9986.cern.ch&noUDP&sock=slot1_2_4416_38ad_27561>
...
040 (3297397.014.000) 01/10 16:50:35 Finished transferring input files
...
001 (3297397.014.000) 01/10 16:50:36 Job executing on host: <128.142.59.41:9618?addrs=128.142.59.41-9618&alias=b7s04p9986.cern.ch&noUDP&sock=startd_4073_5154>
...
006 (3297397.014.000) 01/10 16:50:45 Image size of job updated: 300644
	102  -  MemoryUsage of job (MB)
	103628  -  ResidentSetSize of job (KB)
...
006 (3297397.014.000) 01/10 16:55:06 Image size of job updated: 1746652
	102  -  MemoryUsage of job (MB)
	103908  -  ResidentSetSize of job (KB)
...
040 (3297397.014.000) 01/10 16:55:06 Started transferring output files
...
040 (3297397.014.000) 01/10 16:55:06 Finished transferring output files
...
005 (3297397.014.000) 01/10 16:55:06 Job terminated.
	(1) Normal termination (return value 0)
		Usr 0 00:00:20, Sys 0 00:00:03  -  Run Remote Usage
		Usr 0 00:00:00, Sys 0 00:00:00  -  Run Local Usage
		Usr 0 00:00:20, Sys 0 00:00:03  -  Total Remote Usage
		Usr 0 00:00:00, Sys 0 00:00:00  -  Total Local Usage
	5490  -  Run Bytes Sent By Job
	10524  -  Run Bytes Received By Job
	5490  -  Total Bytes Sent By Job
	10524  -  Total Bytes Received By Job
	Partitionable Resources :    Usage  Request Allocated 
	   Cpus                 :                 4         4 
	   Disk (KB)            :       32        1   1007013 
	   Memory (MB)          :      102     8000      8000 

	Job terminated of its own accord at 2022-01-10T15:55:06Z.
...
