000 (3293337.002.000) 01/10 13:03:40 Job submitted from host: <188.185.70.244:9618?addrs=188.185.70.244-9618+[2001-1458-d00-7--100-2ee]-9618&alias=bigbird10.cern.ch&noUDP&sock=schedd_7001_aea1>
...
040 (3293337.002.000) 01/10 13:06:41 Started transferring input files
	Transferring to host: <128.142.132.118:9618?addrs=128.142.132.118-9618+[2001-1458-301-5a--100-6a]-9618&alias=b7g12p2959.cern.ch&noUDP&sock=slot1_15_22559_9b2e_94929>
...
040 (3293337.002.000) 01/10 13:06:41 Finished transferring input files
...
001 (3293337.002.000) 01/10 13:06:42 Job executing on host: <128.142.132.118:9618?addrs=128.142.132.118-9618+[2001-1458-301-5a--100-6a]-9618&alias=b7g12p2959.cern.ch&noUDP&sock=startd_2493_91b1>
...
006 (3293337.002.000) 01/10 13:06:51 Image size of job updated: 170564
	73  -  MemoryUsage of job (MB)
	74148  -  ResidentSetSize of job (KB)
...
006 (3293337.002.000) 01/10 13:07:05 Image size of job updated: 1259216
	73  -  MemoryUsage of job (MB)
	74452  -  ResidentSetSize of job (KB)
...
040 (3293337.002.000) 01/10 13:07:05 Started transferring output files
...
040 (3293337.002.000) 01/10 13:07:05 Finished transferring output files
...
005 (3293337.002.000) 01/10 13:07:05 Job terminated.
	(1) Normal termination (return value 1)
		Usr 0 00:00:06, Sys 0 00:00:02  -  Run Remote Usage
		Usr 0 00:00:00, Sys 0 00:00:00  -  Run Local Usage
		Usr 0 00:00:06, Sys 0 00:00:02  -  Total Remote Usage
		Usr 0 00:00:00, Sys 0 00:00:00  -  Total Local Usage
	9006  -  Run Bytes Sent By Job
	10524  -  Run Bytes Received By Job
	9006  -  Total Bytes Sent By Job
	10524  -  Total Bytes Received By Job
	Partitionable Resources :    Usage  Request Allocated 
	   Cpus                 :     0.07        4         4 
	   Disk (KB)            :    44           1   1463705 
	   Memory (MB)          :    73        8000      8000 

	Job terminated of its own accord at 2022-01-10T12:07:05Z.
...
