000 (3322543.016.000) 01/17 18:39:25 Job submitted from host: <188.185.70.244:9618?addrs=188.185.70.244-9618+[2001-1458-d00-7--100-2ee]-9618&alias=bigbird10.cern.ch&noUDP&sock=schedd_7001_aea1>
...
040 (3322543.016.000) 01/17 22:06:05 Started transferring input files
	Transferring to host: <128.142.61.38:9618?addrs=128.142.61.38-9618&alias=b7s06p8377.cern.ch&noUDP&sock=slot1_9_3632_d28d_32851>
...
040 (3322543.016.000) 01/17 22:06:05 Finished transferring input files
...
001 (3322543.016.000) 01/17 22:06:06 Job executing on host: <128.142.61.38:9618?addrs=128.142.61.38-9618&alias=b7s06p8377.cern.ch&noUDP&sock=startd_2637_5754>
...
006 (3322543.016.000) 01/17 22:06:15 Image size of job updated: 396044
	155  -  MemoryUsage of job (MB)
	157868  -  ResidentSetSize of job (KB)
...
006 (3322543.016.000) 01/17 22:11:16 Image size of job updated: 1738760
	272  -  MemoryUsage of job (MB)
	278044  -  ResidentSetSize of job (KB)
...
006 (3322543.016.000) 01/17 22:16:17 Image size of job updated: 2777240
	860  -  MemoryUsage of job (MB)
	880588  -  ResidentSetSize of job (KB)
...
006 (3322543.016.000) 01/17 22:21:17 Image size of job updated: 2777240
	860  -  MemoryUsage of job (MB)
	880592  -  ResidentSetSize of job (KB)
...
006 (3322543.016.000) 01/17 22:26:17 Image size of job updated: 2777240
	860  -  MemoryUsage of job (MB)
	880600  -  ResidentSetSize of job (KB)
...
006 (3322543.016.000) 01/17 22:36:19 Image size of job updated: 2777240
	1626  -  MemoryUsage of job (MB)
	1664676  -  ResidentSetSize of job (KB)
...
006 (3322543.016.000) 01/17 22:41:19 Image size of job updated: 3508732
	1626  -  MemoryUsage of job (MB)
	1664676  -  ResidentSetSize of job (KB)
...
006 (3322543.016.000) 01/17 23:06:22 Image size of job updated: 4415408
	2336  -  MemoryUsage of job (MB)
	2391060  -  ResidentSetSize of job (KB)
...
006 (3322543.016.000) 01/17 23:26:24 Image size of job updated: 4415408
	2339  -  MemoryUsage of job (MB)
	2394588  -  ResidentSetSize of job (KB)
...
006 (3322543.016.000) 01/17 23:31:25 Image size of job updated: 4746232
	2628  -  MemoryUsage of job (MB)
	2690084  -  ResidentSetSize of job (KB)
...
006 (3322543.016.000) 01/17 23:51:27 Image size of job updated: 4746232
	2628  -  MemoryUsage of job (MB)
	2690360  -  ResidentSetSize of job (KB)
...
006 (3322543.016.000) 01/17 23:56:27 Image size of job updated: 5326712
	3045  -  MemoryUsage of job (MB)
	3117520  -  ResidentSetSize of job (KB)
...
006 (3322543.016.000) 01/18 00:11:29 Image size of job updated: 5326712
	3049  -  MemoryUsage of job (MB)
	3121756  -  ResidentSetSize of job (KB)
...
006 (3322543.016.000) 01/18 00:16:30 Image size of job updated: 6001044
	4362  -  MemoryUsage of job (MB)
	4466404  -  ResidentSetSize of job (KB)
...
006 (3322543.016.000) 01/18 01:01:33 Image size of job updated: 6711424
	4362  -  MemoryUsage of job (MB)
	4466404  -  ResidentSetSize of job (KB)
...
006 (3322543.016.000) 01/18 01:31:36 Image size of job updated: 7414736
	4960  -  MemoryUsage of job (MB)
	5078568  -  ResidentSetSize of job (KB)
...
006 (3322543.016.000) 01/18 02:21:42 Image size of job updated: 7414736
	4963  -  MemoryUsage of job (MB)
	5081292  -  ResidentSetSize of job (KB)
...
006 (3322543.016.000) 01/18 02:26:42 Image size of job updated: 8119084
	5719  -  MemoryUsage of job (MB)
	5855628  -  ResidentSetSize of job (KB)
...
040 (3322543.016.000) 01/18 02:40:25 Started transferring output files
...
040 (3322543.016.000) 01/18 02:40:25 Finished transferring output files
...
005 (3322543.016.000) 01/18 02:40:25 Job terminated.
	(1) Normal termination (return value 0)
		Usr 0 00:54:01, Sys 0 00:01:03  -  Run Remote Usage
		Usr 0 00:00:00, Sys 0 00:00:00  -  Run Local Usage
		Usr 0 00:54:01, Sys 0 00:01:03  -  Total Remote Usage
		Usr 0 00:00:00, Sys 0 00:00:00  -  Total Local Usage
	1368  -  Run Bytes Sent By Job
	10522  -  Run Bytes Received By Job
	1368  -  Total Bytes Sent By Job
	10522  -  Total Bytes Received By Job
	Partitionable Resources :    Usage  Request Allocated 
	   Cpus                 :     0.14        4         4 
	   Disk (KB)            :    34           1   1293665 
	   Memory (MB)          :  5719        8000      8000 

	Job terminated of its own accord at 2022-01-18T01:40:25Z.
...
