000 (3322543.021.000) 01/17 18:39:25 Job submitted from host: <188.185.70.244:9618?addrs=188.185.70.244-9618+[2001-1458-d00-7--100-2ee]-9618&alias=bigbird10.cern.ch&noUDP&sock=schedd_7001_aea1>
...
040 (3322543.021.000) 01/17 23:07:22 Started transferring input files
	Transferring to host: <188.184.165.167:9618?addrs=188.184.165.167-9618&alias=b7s14p8920.cern.ch&noUDP&sock=slot1_3_3469_f966_31896>
...
040 (3322543.021.000) 01/17 23:07:22 Finished transferring input files
...
001 (3322543.021.000) 01/17 23:07:23 Job executing on host: <188.184.165.167:9618?addrs=188.184.165.167-9618&alias=b7s14p8920.cern.ch&noUDP&sock=startd_2839_e576>
...
006 (3322543.021.000) 01/17 23:07:32 Image size of job updated: 271952
	129  -  MemoryUsage of job (MB)
	131672  -  ResidentSetSize of job (KB)
...
006 (3322543.021.000) 01/17 23:12:33 Image size of job updated: 1729936
	269  -  MemoryUsage of job (MB)
	275176  -  ResidentSetSize of job (KB)
...
006 (3322543.021.000) 01/17 23:17:33 Image size of job updated: 1729936
	269  -  MemoryUsage of job (MB)
	275192  -  ResidentSetSize of job (KB)
...
006 (3322543.021.000) 01/17 23:32:35 Image size of job updated: 1784188
	319  -  MemoryUsage of job (MB)
	326156  -  ResidentSetSize of job (KB)
...
006 (3322543.021.000) 01/17 23:37:35 Image size of job updated: 2768720
	858  -  MemoryUsage of job (MB)
	878356  -  ResidentSetSize of job (KB)
...
006 (3322543.021.000) 01/17 23:47:37 Image size of job updated: 2768720
	858  -  MemoryUsage of job (MB)
	878368  -  ResidentSetSize of job (KB)
...
006 (3322543.021.000) 01/18 02:12:51 Image size of job updated: 2768720
	860  -  MemoryUsage of job (MB)
	879772  -  ResidentSetSize of job (KB)
...
006 (3322543.021.000) 01/18 02:17:51 Image size of job updated: 3248372
	1346  -  MemoryUsage of job (MB)
	1377288  -  ResidentSetSize of job (KB)
...
006 (3322543.021.000) 01/18 02:27:52 Image size of job updated: 3694612
	2171  -  MemoryUsage of job (MB)
	2222116  -  ResidentSetSize of job (KB)
...
006 (3322543.021.000) 01/18 02:37:53 Image size of job updated: 4209440
	2209  -  MemoryUsage of job (MB)
	2261096  -  ResidentSetSize of job (KB)
...
006 (3322543.021.000) 01/18 02:42:54 Image size of job updated: 4209440
	2210  -  MemoryUsage of job (MB)
	2262544  -  ResidentSetSize of job (KB)
...
006 (3322543.021.000) 01/18 02:47:55 Image size of job updated: 4690300
	2659  -  MemoryUsage of job (MB)
	2722140  -  ResidentSetSize of job (KB)
...
006 (3322543.021.000) 01/18 02:52:55 Image size of job updated: 4813548
	3258  -  MemoryUsage of job (MB)
	3336080  -  ResidentSetSize of job (KB)
...
006 (3322543.021.000) 01/18 02:57:56 Image size of job updated: 5226552
	3258  -  MemoryUsage of job (MB)
	3336080  -  ResidentSetSize of job (KB)
...
006 (3322543.021.000) 01/18 03:02:57 Image size of job updated: 5815952
	4224  -  MemoryUsage of job (MB)
	4324604  -  ResidentSetSize of job (KB)
...
006 (3322543.021.000) 01/18 03:12:57 Image size of job updated: 6605836
	4792  -  MemoryUsage of job (MB)
	4906620  -  ResidentSetSize of job (KB)
...
006 (3322543.021.000) 01/18 03:22:59 Image size of job updated: 7250684
	4792  -  MemoryUsage of job (MB)
	4906620  -  ResidentSetSize of job (KB)
...
040 (3322543.021.000) 01/18 03:25:54 Started transferring output files
...
040 (3322543.021.000) 01/18 03:25:54 Finished transferring output files
...
005 (3322543.021.000) 01/18 03:25:54 Job terminated.
	(1) Normal termination (return value 0)
		Usr 0 00:54:54, Sys 0 00:00:48  -  Run Remote Usage
		Usr 0 00:00:00, Sys 0 00:00:00  -  Run Local Usage
		Usr 0 00:54:54, Sys 0 00:00:48  -  Total Remote Usage
		Usr 0 00:00:00, Sys 0 00:00:00  -  Total Local Usage
	1371  -  Run Bytes Sent By Job
	10522  -  Run Bytes Received By Job
	1371  -  Total Bytes Sent By Job
	10522  -  Total Bytes Received By Job
	Partitionable Resources :    Usage  Request Allocated 
	   Cpus                 :     0.24        4         4 
	   Disk (KB)            :    35           1   3027634 
	   Memory (MB)          :  4792        8000      8000 

	Job terminated of its own accord at 2022-01-18T02:25:54Z.
...
