000 (3274080.015.000) 12/17 17:40:44 Job submitted from host: <188.185.70.244:9618?addrs=188.185.70.244-9618+[2001-1458-d00-7--100-2ee]-9618&alias=bigbird10.cern.ch&noUDP&sock=schedd_2095_9300>
...
040 (3274080.015.000) 12/17 18:28:50 Started transferring input files
	Transferring to host: <188.184.162.109:9618?addrs=188.184.162.109-9618+[2001-1458-301-4a--100-67]-9618&alias=b7s11p6578.cern.ch&noUDP&sock=slot1_10_3521_9ce8_1123>
...
040 (3274080.015.000) 12/17 18:28:50 Finished transferring input files
...
001 (3274080.015.000) 12/17 18:28:51 Job executing on host: <188.184.162.109:9618?addrs=188.184.162.109-9618+[2001-1458-301-4a--100-67]-9618&alias=b7s11p6578.cern.ch&noUDP&sock=startd_3010_3028>
...
006 (3274080.015.000) 12/17 18:28:59 Image size of job updated: 263444
	124  -  MemoryUsage of job (MB)
	126804  -  ResidentSetSize of job (KB)
...
006 (3274080.015.000) 12/17 18:33:59 Image size of job updated: 2580176
	1076  -  MemoryUsage of job (MB)
	1100964  -  ResidentSetSize of job (KB)
...
006 (3274080.015.000) 12/17 18:44:01 Image size of job updated: 2904408
	1076  -  MemoryUsage of job (MB)
	1100964  -  ResidentSetSize of job (KB)
...
040 (3274080.015.000) 12/17 19:01:19 Started transferring output files
...
040 (3274080.015.000) 12/17 19:01:19 Finished transferring output files
...
005 (3274080.015.000) 12/17 19:01:19 Job terminated.
	(1) Normal termination (return value 0)
		Usr 0 00:15:10, Sys 0 00:00:09  -  Run Remote Usage
		Usr 0 00:00:00, Sys 0 00:00:00  -  Run Local Usage
		Usr 0 00:15:10, Sys 0 00:00:09  -  Total Remote Usage
		Usr 0 00:00:00, Sys 0 00:00:00  -  Total Local Usage
	11687067  -  Run Bytes Sent By Job
	11179  -  Run Bytes Received By Job
	11687067  -  Total Bytes Sent By Job
	11179  -  Total Bytes Received By Job
	Partitionable Resources :    Usage  Request Allocated 
	   Cpus                 :     0.09        4         4 
	   Disk (KB)            : 11447           1   2942276 
	   Memory (MB)          :  1076        8000      8000 

	Job terminated of its own accord at 2021-12-17T18:01:18Z.
...
