000 (3334478.003.000) 01/18 09:54:40 Job submitted from host: <188.185.70.244:9618?addrs=188.185.70.244-9618+[2001-1458-d00-7--100-2ee]-9618&alias=bigbird10.cern.ch&noUDP&sock=schedd_7001_aea1>
...
040 (3334478.003.000) 01/18 13:51:45 Started transferring input files
	Transferring to host: <188.184.160.98:9618?addrs=188.184.160.98-9618+[2001-1458-301-48--100-5c]-9618&alias=b7s09p7412.cern.ch&noUDP&sock=slot1_5_3264_887e_34539>
...
040 (3334478.003.000) 01/18 13:51:45 Finished transferring input files
...
001 (3334478.003.000) 01/18 13:51:46 Job executing on host: <188.184.160.98:9618?addrs=188.184.160.98-9618+[2001-1458-301-48--100-5c]-9618&alias=b7s09p7412.cern.ch&noUDP&sock=startd_3117_94ca>
...
006 (3334478.003.000) 01/18 13:51:54 Image size of job updated: 1293944
	190  -  MemoryUsage of job (MB)
	194308  -  ResidentSetSize of job (KB)
...
006 (3334478.003.000) 01/18 13:52:37 Image size of job updated: 1646368
	190  -  MemoryUsage of job (MB)
	194308  -  ResidentSetSize of job (KB)
...
040 (3334478.003.000) 01/18 13:52:37 Started transferring output files
...
040 (3334478.003.000) 01/18 13:52:37 Finished transferring output files
...
005 (3334478.003.000) 01/18 13:52:37 Job terminated.
	(1) Normal termination (return value 1)
		Usr 0 00:00:10, Sys 0 00:00:02  -  Run Remote Usage
		Usr 0 00:00:00, Sys 0 00:00:00  -  Run Local Usage
		Usr 0 00:00:10, Sys 0 00:00:02  -  Total Remote Usage
		Usr 0 00:00:00, Sys 0 00:00:00  -  Total Local Usage
	1711  -  Run Bytes Sent By Job
	10522  -  Run Bytes Received By Job
	1711  -  Total Bytes Sent By Job
	10522  -  Total Bytes Received By Job
	Partitionable Resources :    Usage  Request Allocated 
	   Cpus                 :                 4         4 
	   Disk (KB)            :       29        1   1435283 
	   Memory (MB)          :      190     8000      8000 

	Job terminated of its own accord at 2022-01-18T12:52:37Z.
...
