000 (3322543.008.000) 01/17 18:39:25 Job submitted from host: <188.185.70.244:9618?addrs=188.185.70.244-9618+[2001-1458-d00-7--100-2ee]-9618&alias=bigbird10.cern.ch&noUDP&sock=schedd_7001_aea1>
...
040 (3322543.008.000) 01/17 20:09:05 Started transferring input files
	Transferring to host: <128.142.131.186:9618?addrs=128.142.131.186-9618+[2001-1458-301-59--100-ae]-9618&alias=b7g11p1735.cern.ch&noUDP&sock=slot1_2_47855_ed33_78953>
...
040 (3322543.008.000) 01/17 20:09:05 Finished transferring input files
...
001 (3322543.008.000) 01/17 20:09:06 Job executing on host: <128.142.131.186:9618?addrs=128.142.131.186-9618+[2001-1458-301-59--100-ae]-9618&alias=b7g11p1735.cern.ch&noUDP&sock=startd_43115_e1e0>
...
006 (3322543.008.000) 01/17 20:09:15 Image size of job updated: 655076
	183  -  MemoryUsage of job (MB)
	186664  -  ResidentSetSize of job (KB)
...
006 (3322543.008.000) 01/17 20:14:16 Image size of job updated: 1733544
	274  -  MemoryUsage of job (MB)
	279968  -  ResidentSetSize of job (KB)
...
006 (3322543.008.000) 01/17 20:19:17 Image size of job updated: 2767472
	857  -  MemoryUsage of job (MB)
	876888  -  ResidentSetSize of job (KB)
...
006 (3322543.008.000) 01/17 20:24:17 Image size of job updated: 2767472
	857  -  MemoryUsage of job (MB)
	876900  -  ResidentSetSize of job (KB)
...
006 (3322543.008.000) 01/17 21:04:21 Image size of job updated: 2767472
	857  -  MemoryUsage of job (MB)
	876912  -  ResidentSetSize of job (KB)
...
006 (3322543.008.000) 01/17 21:09:21 Image size of job updated: 3253976
	1351  -  MemoryUsage of job (MB)
	1382960  -  ResidentSetSize of job (KB)
...
006 (3322543.008.000) 01/17 21:54:26 Image size of job updated: 3700476
	1779  -  MemoryUsage of job (MB)
	1821020  -  ResidentSetSize of job (KB)
...
040 (3322543.008.000) 01/18 01:09:23 Started transferring output files
...
040 (3322543.008.000) 01/18 01:09:23 Finished transferring output files
...
009 (3322543.008.000) 01/18 01:09:23 Job was aborted.
	Job removed by SYSTEM_PERIODIC_REMOVE due to wall time exceeded allowed max.
...
