000 (3295144.002.000) 01/10 15:19:50 Job submitted from host: <188.185.70.244:9618?addrs=188.185.70.244-9618+[2001-1458-d00-7--100-2ee]-9618&alias=bigbird10.cern.ch&noUDP&sock=schedd_7001_aea1>
...
040 (3295144.002.000) 01/10 15:26:52 Started transferring input files
	Transferring to host: <188.184.160.101:9618?addrs=188.184.160.101-9618+[2001-1458-301-48--100-5f]-9618&alias=b7s09p9884.cern.ch&noUDP&sock=slot1_8_3683_c1af_24633>
...
040 (3295144.002.000) 01/10 15:26:52 Finished transferring input files
...
001 (3295144.002.000) 01/10 15:26:53 Job executing on host: <188.184.160.101:9618?addrs=188.184.160.101-9618+[2001-1458-301-48--100-5f]-9618&alias=b7s09p9884.cern.ch&noUDP&sock=startd_3239_4358>
...
006 (3295144.002.000) 01/10 15:27:02 Image size of job updated: 24612
	10  -  MemoryUsage of job (MB)
	10200  -  ResidentSetSize of job (KB)
...
006 (3295144.002.000) 01/10 15:32:02 Image size of job updated: 1737552
	277  -  MemoryUsage of job (MB)
	283060  -  ResidentSetSize of job (KB)
...
040 (3295144.002.000) 01/10 15:36:09 Started transferring output files
...
040 (3295144.002.000) 01/10 15:36:09 Finished transferring output files
...
005 (3295144.002.000) 01/10 15:36:09 Job terminated.
	(1) Normal termination (return value 0)
		Usr 0 00:00:43, Sys 0 00:00:03  -  Run Remote Usage
		Usr 0 00:00:00, Sys 0 00:00:00  -  Run Local Usage
		Usr 0 00:00:43, Sys 0 00:00:03  -  Total Remote Usage
		Usr 0 00:00:00, Sys 0 00:00:00  -  Total Local Usage
	6982  -  Run Bytes Sent By Job
	10524  -  Run Bytes Received By Job
	6982  -  Total Bytes Sent By Job
	10524  -  Total Bytes Received By Job
	Partitionable Resources :    Usage  Request Allocated 
	   Cpus                 :                 4         4 
	   Disk (KB)            :       33        1   1355064 
	   Memory (MB)          :      277     8000      8000 

	Job terminated of its own accord at 2022-01-10T14:36:09Z.
...
