000 (3293337.006.000) 01/10 13:03:40 Job submitted from host: <188.185.70.244:9618?addrs=188.185.70.244-9618+[2001-1458-d00-7--100-2ee]-9618&alias=bigbird10.cern.ch&noUDP&sock=schedd_7001_aea1>
...
040 (3293337.006.000) 01/10 13:07:01 Started transferring input files
	Transferring to host: <188.184.160.175:9618?addrs=188.184.160.175-9618+[2001-1458-301-48--100-a9]-9618&alias=b7s09p9738.cern.ch&noUDP&sock=slot1_29_3331_bda1_25066>
...
040 (3293337.006.000) 01/10 13:07:01 Finished transferring input files
...
001 (3293337.006.000) 01/10 13:07:02 Job executing on host: <188.184.160.175:9618?addrs=188.184.160.175-9618+[2001-1458-301-48--100-a9]-9618&alias=b7s09p9738.cern.ch&noUDP&sock=startd_2774_4fce>
...
006 (3293337.006.000) 01/10 13:07:11 Image size of job updated: 455032
	29  -  MemoryUsage of job (MB)
	29156  -  ResidentSetSize of job (KB)
...
006 (3293337.006.000) 01/10 13:07:51 Image size of job updated: 1256172
	29  -  MemoryUsage of job (MB)
	29348  -  ResidentSetSize of job (KB)
...
040 (3293337.006.000) 01/10 13:07:52 Started transferring output files
...
040 (3293337.006.000) 01/10 13:07:52 Finished transferring output files
...
005 (3293337.006.000) 01/10 13:07:52 Job terminated.
	(1) Normal termination (return value 1)
		Usr 0 00:00:07, Sys 0 00:00:03  -  Run Remote Usage
		Usr 0 00:00:00, Sys 0 00:00:00  -  Run Local Usage
		Usr 0 00:00:07, Sys 0 00:00:03  -  Total Remote Usage
		Usr 0 00:00:00, Sys 0 00:00:00  -  Total Local Usage
	7751  -  Run Bytes Sent By Job
	10524  -  Run Bytes Received By Job
	7751  -  Total Bytes Sent By Job
	10524  -  Total Bytes Received By Job
	Partitionable Resources :    Usage  Request Allocated 
	   Cpus                 :                 4         4 
	   Disk (KB)            :       34        1   1420915 
	   Memory (MB)          :       29     8000      8000 

	Job terminated of its own accord at 2022-01-10T12:07:51Z.
...
