000 (3317022.022.000) 01/13 15:49:41 Job submitted from host: <188.185.70.244:9618?addrs=188.185.70.244-9618+[2001-1458-d00-7--100-2ee]-9618&alias=bigbird10.cern.ch&noUDP&sock=schedd_7001_aea1>
...
040 (3317022.022.000) 01/13 15:57:05 Started transferring input files
	Transferring to host: <188.184.165.78:9618?addrs=188.184.165.78-9618+[2001-1458-301-51--100-49]-9618&alias=b7s14p4434.cern.ch&noUDP&sock=slot1_9_4808_6bbd_27142>
...
040 (3317022.022.000) 01/13 15:57:05 Finished transferring input files
...
001 (3317022.022.000) 01/13 15:57:06 Job executing on host: <188.184.165.78:9618?addrs=188.184.165.78-9618+[2001-1458-301-51--100-49]-9618&alias=b7s14p4434.cern.ch&noUDP&sock=startd_4595_5dc4>
...
006 (3317022.022.000) 01/13 15:57:15 Image size of job updated: 320112
	155  -  MemoryUsage of job (MB)
	157804  -  ResidentSetSize of job (KB)
...
006 (3317022.022.000) 01/13 16:02:16 Image size of job updated: 1727944
	267  -  MemoryUsage of job (MB)
	273112  -  ResidentSetSize of job (KB)
...
006 (3317022.022.000) 01/13 16:07:16 Image size of job updated: 1727944
	267  -  MemoryUsage of job (MB)
	273120  -  ResidentSetSize of job (KB)
...
006 (3317022.022.000) 01/13 16:12:17 Image size of job updated: 1727944
	267  -  MemoryUsage of job (MB)
	273128  -  ResidentSetSize of job (KB)
...
006 (3317022.022.000) 01/13 16:17:18 Image size of job updated: 1727944
	267  -  MemoryUsage of job (MB)
	273140  -  ResidentSetSize of job (KB)
...
006 (3317022.022.000) 01/13 16:22:18 Image size of job updated: 2402108
	673  -  MemoryUsage of job (MB)
	688560  -  ResidentSetSize of job (KB)
...
006 (3317022.022.000) 01/13 17:07:22 Image size of job updated: 2805652
	1009  -  MemoryUsage of job (MB)
	1032456  -  ResidentSetSize of job (KB)
...
006 (3317022.022.000) 01/13 17:17:22 Image size of job updated: 2805652
	1009  -  MemoryUsage of job (MB)
	1032460  -  ResidentSetSize of job (KB)
...
006 (3317022.022.000) 01/13 17:32:24 Image size of job updated: 2805652
	1009  -  MemoryUsage of job (MB)
	1033048  -  ResidentSetSize of job (KB)
...
006 (3317022.022.000) 01/13 17:37:25 Image size of job updated: 3192912
	1478  -  MemoryUsage of job (MB)
	1512796  -  ResidentSetSize of job (KB)
...
006 (3317022.022.000) 01/13 18:07:28 Image size of job updated: 3685628
	1835  -  MemoryUsage of job (MB)
	1878852  -  ResidentSetSize of job (KB)
...
006 (3317022.022.000) 01/13 18:12:29 Image size of job updated: 3685628
	1835  -  MemoryUsage of job (MB)
	1878856  -  ResidentSetSize of job (KB)
...
006 (3317022.022.000) 01/13 18:22:30 Image size of job updated: 3685628
	1838  -  MemoryUsage of job (MB)
	1882084  -  ResidentSetSize of job (KB)
...
006 (3317022.022.000) 01/13 18:27:31 Image size of job updated: 4178472
	2268  -  MemoryUsage of job (MB)
	2321848  -  ResidentSetSize of job (KB)
...
006 (3317022.022.000) 01/13 18:32:32 Image size of job updated: 4178472
	2268  -  MemoryUsage of job (MB)
	2321864  -  ResidentSetSize of job (KB)
...
006 (3317022.022.000) 01/13 18:37:32 Image size of job updated: 4178472
	2269  -  MemoryUsage of job (MB)
	2322696  -  ResidentSetSize of job (KB)
...
006 (3317022.022.000) 01/13 18:42:32 Image size of job updated: 4697964
	2693  -  MemoryUsage of job (MB)
	2756960  -  ResidentSetSize of job (KB)
...
006 (3317022.022.000) 01/13 18:52:33 Image size of job updated: 4697964
	2694  -  MemoryUsage of job (MB)
	2758152  -  ResidentSetSize of job (KB)
...
006 (3317022.022.000) 01/13 18:57:33 Image size of job updated: 5241912
	3177  -  MemoryUsage of job (MB)
	3253120  -  ResidentSetSize of job (KB)
...
006 (3317022.022.000) 01/13 19:12:35 Image size of job updated: 5241912
	3177  -  MemoryUsage of job (MB)
	3253124  -  ResidentSetSize of job (KB)
...
006 (3317022.022.000) 01/13 19:52:40 Image size of job updated: 5241912
	3177  -  MemoryUsage of job (MB)
	3253128  -  ResidentSetSize of job (KB)
...
006 (3317022.022.000) 01/13 19:57:40 Image size of job updated: 5241912
	3184  -  MemoryUsage of job (MB)
	3260152  -  ResidentSetSize of job (KB)
...
006 (3317022.022.000) 01/13 20:02:40 Image size of job updated: 5862368
	3690  -  MemoryUsage of job (MB)
	3777588  -  ResidentSetSize of job (KB)
...
006 (3317022.022.000) 01/13 20:27:44 Image size of job updated: 5862368
	3690  -  MemoryUsage of job (MB)
	3777592  -  ResidentSetSize of job (KB)
...
006 (3317022.022.000) 01/13 20:32:44 Image size of job updated: 5862368
	3690  -  MemoryUsage of job (MB)
	3778168  -  ResidentSetSize of job (KB)
...
006 (3317022.022.000) 01/13 20:37:44 Image size of job updated: 6494288
	4897  -  MemoryUsage of job (MB)
	5013896  -  ResidentSetSize of job (KB)
...
040 (3317022.022.000) 01/13 21:18:23 Started transferring output files
...
040 (3317022.022.000) 01/13 21:18:23 Finished transferring output files
...
005 (3317022.022.000) 01/13 21:18:23 Job terminated.
	(1) Normal termination (return value 0)
		Usr 0 00:31:47, Sys 0 00:00:45  -  Run Remote Usage
		Usr 0 00:00:00, Sys 0 00:00:00  -  Run Local Usage
		Usr 0 00:31:47, Sys 0 00:00:45  -  Total Remote Usage
		Usr 0 00:00:00, Sys 0 00:00:00  -  Total Local Usage
	18721  -  Run Bytes Sent By Job
	10521  -  Run Bytes Received By Job
	18721  -  Total Bytes Sent By Job
	10521  -  Total Bytes Received By Job
	Partitionable Resources :    Usage  Request Allocated 
	   Cpus                 :     0.02        4         4 
	   Disk (KB)            :    52           1   2796924 
	   Memory (MB)          :  4897        8000      8000 

	Job terminated of its own accord at 2022-01-13T20:18:22Z.
...
