000 (3318326.000.000) 01/14 16:30:17 Job submitted from host: <188.185.70.244:9618?addrs=188.185.70.244-9618+[2001-1458-d00-7--100-2ee]-9618&alias=bigbird10.cern.ch&noUDP&sock=schedd_7001_aea1>
...
040 (3318326.000.000) 01/14 18:45:37 Started transferring input files
	Transferring to host: <128.142.131.123:9618?addrs=128.142.131.123-9618+[2001-1458-301-59--100-6f]-9618&alias=b7g11p4375.cern.ch&noUDP&sock=slot1_3_48598_6ff1_75344>
...
040 (3318326.000.000) 01/14 18:45:37 Finished transferring input files
...
001 (3318326.000.000) 01/14 18:45:38 Job executing on host: <128.142.131.123:9618?addrs=128.142.131.123-9618+[2001-1458-301-59--100-6f]-9618&alias=b7g11p4375.cern.ch&noUDP&sock=startd_48554_957c>
...
006 (3318326.000.000) 01/14 18:45:47 Image size of job updated: 450104
	162  -  MemoryUsage of job (MB)
	165404  -  ResidentSetSize of job (KB)
...
006 (3318326.000.000) 01/14 18:50:48 Image size of job updated: 1731956
	271  -  MemoryUsage of job (MB)
	276892  -  ResidentSetSize of job (KB)
...
006 (3318326.000.000) 01/14 18:55:48 Image size of job updated: 2113648
	576  -  MemoryUsage of job (MB)
	589720  -  ResidentSetSize of job (KB)
...
006 (3318326.000.000) 01/14 19:35:53 Image size of job updated: 2113648
	579  -  MemoryUsage of job (MB)
	592728  -  ResidentSetSize of job (KB)
...
006 (3318326.000.000) 01/14 19:40:54 Image size of job updated: 2404936
	785  -  MemoryUsage of job (MB)
	803564  -  ResidentSetSize of job (KB)
...
006 (3318326.000.000) 01/14 20:05:55 Image size of job updated: 2670104
	1061  -  MemoryUsage of job (MB)
	1085880  -  ResidentSetSize of job (KB)
...
006 (3318326.000.000) 01/14 20:25:58 Image size of job updated: 2970056
	1297  -  MemoryUsage of job (MB)
	1327508  -  ResidentSetSize of job (KB)
...
006 (3318326.000.000) 01/14 20:51:00 Image size of job updated: 3358076
	1583  -  MemoryUsage of job (MB)
	1620488  -  ResidentSetSize of job (KB)
...
006 (3318326.000.000) 01/14 20:56:00 Image size of job updated: 3358076
	1583  -  MemoryUsage of job (MB)
	1620492  -  ResidentSetSize of job (KB)
...
006 (3318326.000.000) 01/14 21:06:02 Image size of job updated: 3358076
	1583  -  MemoryUsage of job (MB)
	1620496  -  ResidentSetSize of job (KB)
...
006 (3318326.000.000) 01/14 21:11:02 Image size of job updated: 3358076
	1583  -  MemoryUsage of job (MB)
	1620544  -  ResidentSetSize of job (KB)
...
006 (3318326.000.000) 01/14 21:16:03 Image size of job updated: 3735844
	1918  -  MemoryUsage of job (MB)
	1963036  -  ResidentSetSize of job (KB)
...
006 (3318326.000.000) 01/14 21:21:04 Image size of job updated: 3735844
	1918  -  MemoryUsage of job (MB)
	1963052  -  ResidentSetSize of job (KB)
...
040 (3318326.000.000) 01/14 21:30:26 Started transferring output files
...
040 (3318326.000.000) 01/14 21:30:27 Finished transferring output files
...
005 (3318326.000.000) 01/14 21:30:27 Job terminated.
	(1) Normal termination (return value 0)
		Usr 0 00:19:35, Sys 0 00:00:38  -  Run Remote Usage
		Usr 0 00:00:00, Sys 0 00:00:00  -  Run Local Usage
		Usr 0 00:19:35, Sys 0 00:00:38  -  Total Remote Usage
		Usr 0 00:00:00, Sys 0 00:00:00  -  Total Local Usage
	3225776  -  Run Bytes Sent By Job
	10523  -  Run Bytes Received By Job
	3225776  -  Total Bytes Sent By Job
	10523  -  Total Bytes Received By Job
	Partitionable Resources :    Usage  Request Allocated 
	   Cpus                 :     0.10        4         4 
	   Disk (KB)            :  3185           1   1506942 
	   Memory (MB)          :  1918        8000      8000 

	Job terminated of its own accord at 2022-01-14T20:30:26Z.
...
