000 (3294119.021.000) 01/10 14:43:34 Job submitted from host: <188.185.70.244:9618?addrs=188.185.70.244-9618+[2001-1458-d00-7--100-2ee]-9618&alias=bigbird10.cern.ch&noUDP&sock=schedd_7001_aea1>
...
040 (3294119.021.000) 01/10 14:47:45 Started transferring input files
	Transferring to host: <128.142.61.57:9618?addrs=128.142.61.57-9618&alias=b7s06p9082.cern.ch&noUDP&sock=slot1_14_3173_6a5a_901>
...
040 (3294119.021.000) 01/10 14:47:45 Finished transferring input files
...
001 (3294119.021.000) 01/10 14:47:46 Job executing on host: <128.142.61.57:9618?addrs=128.142.61.57-9618&alias=b7s06p9082.cern.ch&noUDP&sock=startd_2541_7e3d>
...
006 (3294119.021.000) 01/10 14:47:54 Image size of job updated: 728924
	208  -  MemoryUsage of job (MB)
	212636  -  ResidentSetSize of job (KB)
...
040 (3294119.021.000) 01/10 14:47:54 Started transferring output files
...
040 (3294119.021.000) 01/10 14:47:54 Finished transferring output files
...
005 (3294119.021.000) 01/10 14:47:55 Job terminated.
	(1) Normal termination (return value 1)
		Usr 0 00:00:03, Sys 0 00:00:02  -  Run Remote Usage
		Usr 0 00:00:00, Sys 0 00:00:00  -  Run Local Usage
		Usr 0 00:00:03, Sys 0 00:00:02  -  Total Remote Usage
		Usr 0 00:00:00, Sys 0 00:00:00  -  Total Local Usage
	5992  -  Run Bytes Sent By Job
	10524  -  Run Bytes Received By Job
	5992  -  Total Bytes Sent By Job
	10524  -  Total Bytes Received By Job
	Partitionable Resources :    Usage  Request Allocated 
	   Cpus                 :                 4         4 
	   Disk (KB)            :       32        1   1368604 
	   Memory (MB)          :      208     8000      8000 

	Job terminated of its own accord at 2022-01-10T13:47:54Z.
...
