000 (3297397.025.000) 01/10 16:20:06 Job submitted from host: <188.185.70.244:9618?addrs=188.185.70.244-9618+[2001-1458-d00-7--100-2ee]-9618&alias=bigbird10.cern.ch&noUDP&sock=schedd_7001_aea1>
...
040 (3297397.025.000) 01/10 16:50:39 Started transferring input files
	Transferring to host: <188.184.160.78:9618?addrs=188.184.160.78-9618+[2001-1458-301-48--100-48]-9618&alias=b7s09p4809.cern.ch&noUDP&sock=slot1_9_3261_6b5e_24820>
...
040 (3297397.025.000) 01/10 16:50:39 Finished transferring input files
...
001 (3297397.025.000) 01/10 16:50:40 Job executing on host: <188.184.160.78:9618?addrs=188.184.160.78-9618+[2001-1458-301-48--100-48]-9618&alias=b7s09p4809.cern.ch&noUDP&sock=startd_2888_819a>
...
006 (3297397.025.000) 01/10 16:50:49 Image size of job updated: 35536
	16  -  MemoryUsage of job (MB)
	15460  -  ResidentSetSize of job (KB)
...
006 (3297397.025.000) 01/10 16:54:35 Image size of job updated: 1725732
	16  -  MemoryUsage of job (MB)
	16136  -  ResidentSetSize of job (KB)
...
040 (3297397.025.000) 01/10 16:54:36 Started transferring output files
...
040 (3297397.025.000) 01/10 16:54:36 Finished transferring output files
...
005 (3297397.025.000) 01/10 16:54:36 Job terminated.
	(1) Normal termination (return value 0)
		Usr 0 00:00:21, Sys 0 00:00:02  -  Run Remote Usage
		Usr 0 00:00:00, Sys 0 00:00:00  -  Run Local Usage
		Usr 0 00:00:21, Sys 0 00:00:02  -  Total Remote Usage
		Usr 0 00:00:00, Sys 0 00:00:00  -  Total Local Usage
	5245  -  Run Bytes Sent By Job
	10524  -  Run Bytes Received By Job
	5245  -  Total Bytes Sent By Job
	10524  -  Total Bytes Received By Job
	Partitionable Resources :    Usage  Request Allocated 
	   Cpus                 :                 4         4 
	   Disk (KB)            :       32        1   1470847 
	   Memory (MB)          :       16     8000      8000 

	Job terminated of its own accord at 2022-01-10T15:54:35Z.
...
