000 (3314881.014.000) 01/12 10:53:19 Job submitted from host: <188.185.70.244:9618?addrs=188.185.70.244-9618+[2001-1458-d00-7--100-2ee]-9618&alias=bigbird10.cern.ch&noUDP&sock=schedd_7001_aea1>
...
040 (3314881.014.000) 01/12 10:54:07 Started transferring input files
	Transferring to host: <188.184.162.109:9618?addrs=188.184.162.109-9618+[2001-1458-301-4a--100-67]-9618&alias=b7s11p6578.cern.ch&noUDP&sock=slot1_13_3521_9ce8_25622>
...
040 (3314881.014.000) 01/12 10:54:07 Finished transferring input files
...
001 (3314881.014.000) 01/12 10:54:08 Job executing on host: <188.184.162.109:9618?addrs=188.184.162.109-9618+[2001-1458-301-4a--100-67]-9618&alias=b7s11p6578.cern.ch&noUDP&sock=startd_3010_3028>
...
006 (3314881.014.000) 01/12 10:54:16 Image size of job updated: 143152
	63  -  MemoryUsage of job (MB)
	64088  -  ResidentSetSize of job (KB)
...
006 (3314881.014.000) 01/12 10:59:16 Image size of job updated: 1734888
	274  -  MemoryUsage of job (MB)
	279620  -  ResidentSetSize of job (KB)
...
006 (3314881.014.000) 01/12 11:04:17 Image size of job updated: 2765180
	744  -  MemoryUsage of job (MB)
	761520  -  ResidentSetSize of job (KB)
...
040 (3314881.014.000) 01/12 11:18:18 Started transferring output files
...
040 (3314881.014.000) 01/12 11:18:18 Finished transferring output files
...
004 (3314881.014.000) 01/12 11:18:18 Job was evicted.
	(0) CPU times
		Usr 0 00:03:19, Sys 0 00:00:08  -  Run Remote Usage
		Usr 0 00:00:00, Sys 0 00:00:00  -  Run Local Usage
	8305  -  Run Bytes Sent By Job
	10530  -  Run Bytes Received By Job
	Partitionable Resources :    Usage  Request Allocated 
	   Cpus                 :     0.08        4         4 
	   Disk (KB)            :    42           1   2999060 
	   Memory (MB)          :   744        8000      8000 
...
009 (3314881.014.000) 01/12 11:18:18 Job was aborted.
	via condor_rm (by user vdamante)
...
