000 (3322543.010.000) 01/17 18:39:25 Job submitted from host: <188.185.70.244:9618?addrs=188.185.70.244-9618+[2001-1458-d00-7--100-2ee]-9618&alias=bigbird10.cern.ch&noUDP&sock=schedd_7001_aea1>
...
040 (3322543.010.000) 01/17 20:14:19 Started transferring input files
	Transferring to host: <128.142.61.40:9618?addrs=128.142.61.40-9618+[2001-1458-301-23--100-27]-9618&alias=b7s06p2019.cern.ch&noUDP&sock=slot1_15_3571_d7aa_32580>
...
040 (3322543.010.000) 01/17 20:14:19 Finished transferring input files
...
001 (3322543.010.000) 01/17 20:14:20 Job executing on host: <128.142.61.40:9618?addrs=128.142.61.40-9618+[2001-1458-301-23--100-27]-9618&alias=b7s06p2019.cern.ch&noUDP&sock=startd_2916_b641>
...
006 (3322543.010.000) 01/17 20:14:29 Image size of job updated: 1288280
	182  -  MemoryUsage of job (MB)
	186340  -  ResidentSetSize of job (KB)
...
006 (3322543.010.000) 01/17 20:19:30 Image size of job updated: 1763416
	303  -  MemoryUsage of job (MB)
	309408  -  ResidentSetSize of job (KB)
...
006 (3322543.010.000) 01/17 20:24:30 Image size of job updated: 2764564
	854  -  MemoryUsage of job (MB)
	874176  -  ResidentSetSize of job (KB)
...
006 (3322543.010.000) 01/17 20:59:35 Image size of job updated: 2764564
	854  -  MemoryUsage of job (MB)
	874180  -  ResidentSetSize of job (KB)
...
006 (3322543.010.000) 01/17 21:04:36 Image size of job updated: 3250724
	1488  -  MemoryUsage of job (MB)
	1522712  -  ResidentSetSize of job (KB)
...
006 (3322543.010.000) 01/17 23:54:56 Image size of job updated: 3696996
	1789  -  MemoryUsage of job (MB)
	1831484  -  ResidentSetSize of job (KB)
...
006 (3322543.010.000) 01/17 23:59:56 Image size of job updated: 3696996
	1789  -  MemoryUsage of job (MB)
	1831492  -  ResidentSetSize of job (KB)
...
040 (3322543.010.000) 01/18 01:14:35 Started transferring output files
...
040 (3322543.010.000) 01/18 01:14:35 Finished transferring output files
...
009 (3322543.010.000) 01/18 01:14:35 Job was aborted.
	Job removed by SYSTEM_PERIODIC_REMOVE due to wall time exceeded allowed max.
...
