000 (3275853.013.000) 12/22 11:21:42 Job submitted from host: <188.185.70.244:9618?addrs=188.185.70.244-9618+[2001-1458-d00-7--100-2ee]-9618&alias=bigbird10.cern.ch&noUDP&sock=schedd_2095_9300>
...
040 (3275853.013.000) 12/22 11:42:14 Started transferring input files
	Transferring to host: <188.184.163.132:9618?addrs=188.184.163.132-9618+[2001-1458-301-4d--100-7e]-9618&alias=b7s12p2507.cern.ch&noUDP&sock=slot1_13_3943_f339_5582>
...
040 (3275853.013.000) 12/22 11:42:14 Finished transferring input files
...
001 (3275853.013.000) 12/22 11:42:15 Job executing on host: <188.184.163.132:9618?addrs=188.184.163.132-9618+[2001-1458-301-4d--100-7e]-9618&alias=b7s12p2507.cern.ch&noUDP&sock=startd_3379_4a9a>
...
006 (3275853.013.000) 12/22 11:42:24 Image size of job updated: 1256208
	179  -  MemoryUsage of job (MB)
	182948  -  ResidentSetSize of job (KB)
...
006 (3275853.013.000) 12/22 11:47:25 Image size of job updated: 1738196
	279  -  MemoryUsage of job (MB)
	285244  -  ResidentSetSize of job (KB)
...
040 (3275853.013.000) 12/22 11:49:47 Started transferring output files
...
040 (3275853.013.000) 12/22 11:49:47 Finished transferring output files
...
005 (3275853.013.000) 12/22 11:49:47 Job terminated.
	(1) Normal termination (return value 0)
		Usr 0 00:00:27, Sys 0 00:00:03  -  Run Remote Usage
		Usr 0 00:00:00, Sys 0 00:00:00  -  Run Local Usage
		Usr 0 00:00:27, Sys 0 00:00:03  -  Total Remote Usage
		Usr 0 00:00:00, Sys 0 00:00:00  -  Total Local Usage
	8431  -  Run Bytes Sent By Job
	11179  -  Run Bytes Received By Job
	8431  -  Total Bytes Sent By Job
	11179  -  Total Bytes Received By Job
	Partitionable Resources :    Usage  Request Allocated 
	   Cpus                 :     0.01        4         4 
	   Disk (KB)            :    44           1   2443089 
	   Memory (MB)          :   279        8000      8000 

	Job terminated of its own accord at 2021-12-22T10:49:47Z.
...
