000 (3275856.022.000) 12/22 11:21:46 Job submitted from host: <188.185.70.244:9618?addrs=188.185.70.244-9618+[2001-1458-d00-7--100-2ee]-9618&alias=bigbird10.cern.ch&noUDP&sock=schedd_2095_9300>
...
040 (3275856.022.000) 12/22 13:33:15 Started transferring input files
	Transferring to host: <128.142.57.123:9618?addrs=128.142.57.123-9618+[2001-1458-301-7--100-7a]-9618&alias=b7s02p6534.cern.ch&noUDP&sock=slot1_12_3558_aeca_6681>
...
040 (3275856.022.000) 12/22 13:33:15 Finished transferring input files
...
001 (3275856.022.000) 12/22 13:33:16 Job executing on host: <128.142.57.123:9618?addrs=128.142.57.123-9618+[2001-1458-301-7--100-7a]-9618&alias=b7s02p6534.cern.ch&noUDP&sock=startd_2828_59eb>
...
006 (3275856.022.000) 12/22 13:33:24 Image size of job updated: 705712
	221  -  MemoryUsage of job (MB)
	226008  -  ResidentSetSize of job (KB)
...
006 (3275856.022.000) 12/22 13:34:09 Image size of job updated: 1734876
	221  -  MemoryUsage of job (MB)
	226024  -  ResidentSetSize of job (KB)
...
040 (3275856.022.000) 12/22 13:34:10 Started transferring output files
...
040 (3275856.022.000) 12/22 13:34:10 Finished transferring output files
...
005 (3275856.022.000) 12/22 13:34:10 Job terminated.
	(1) Normal termination (return value 0)
		Usr 0 00:00:13, Sys 0 00:00:02  -  Run Remote Usage
		Usr 0 00:00:00, Sys 0 00:00:00  -  Run Local Usage
		Usr 0 00:00:13, Sys 0 00:00:02  -  Total Remote Usage
		Usr 0 00:00:00, Sys 0 00:00:00  -  Total Local Usage
	3169  -  Run Bytes Sent By Job
	11185  -  Run Bytes Received By Job
	3169  -  Total Bytes Sent By Job
	11185  -  Total Bytes Received By Job
	Partitionable Resources :    Usage  Request Allocated 
	   Cpus                 :     0.13        4         4 
	   Disk (KB)            :    37           1   1268944 
	   Memory (MB)          :   221        8000      8000 

	Job terminated of its own accord at 2021-12-22T12:34:09Z.
...
