000 (3316946.004.000) 01/13 10:23:44 Job submitted from host: <188.185.70.244:9618?addrs=188.185.70.244-9618+[2001-1458-d00-7--100-2ee]-9618&alias=bigbird10.cern.ch&noUDP&sock=schedd_7001_aea1>
...
040 (3316946.004.000) 01/13 10:27:27 Started transferring input files
	Transferring to host: <188.184.162.86:9618?addrs=188.184.162.86-9618+[2001-1458-301-4a--100-50]-9618&alias=b7s11p6407.cern.ch&noUDP&sock=slot1_22_4070_6edf_27756>
...
040 (3316946.004.000) 01/13 10:27:27 Finished transferring input files
...
001 (3316946.004.000) 01/13 10:27:28 Job executing on host: <188.184.162.86:9618?addrs=188.184.162.86-9618+[2001-1458-301-4a--100-50]-9618&alias=b7s11p6407.cern.ch&noUDP&sock=startd_3277_53f1>
...
006 (3316946.004.000) 01/13 10:27:37 Image size of job updated: 1252552
	155  -  MemoryUsage of job (MB)
	157808  -  ResidentSetSize of job (KB)
...
006 (3316946.004.000) 01/13 10:32:38 Image size of job updated: 1737876
	277  -  MemoryUsage of job (MB)
	283464  -  ResidentSetSize of job (KB)
...
006 (3316946.004.000) 01/13 10:37:38 Image size of job updated: 2120100
	581  -  MemoryUsage of job (MB)
	594564  -  ResidentSetSize of job (KB)
...
006 (3316946.004.000) 01/13 10:42:38 Image size of job updated: 2120100
	581  -  MemoryUsage of job (MB)
	594620  -  ResidentSetSize of job (KB)
...
006 (3316946.004.000) 01/13 10:47:39 Image size of job updated: 2120100
	581  -  MemoryUsage of job (MB)
	594632  -  ResidentSetSize of job (KB)
...
006 (3316946.004.000) 01/13 10:52:40 Image size of job updated: 2120100
	582  -  MemoryUsage of job (MB)
	595516  -  ResidentSetSize of job (KB)
...
006 (3316946.004.000) 01/13 10:57:40 Image size of job updated: 2279080
	771  -  MemoryUsage of job (MB)
	788572  -  ResidentSetSize of job (KB)
...
006 (3316946.004.000) 01/13 11:12:42 Image size of job updated: 2680592
	1027  -  MemoryUsage of job (MB)
	1051096  -  ResidentSetSize of job (KB)
...
006 (3316946.004.000) 01/13 11:22:43 Image size of job updated: 2680592
	1029  -  MemoryUsage of job (MB)
	1053688  -  ResidentSetSize of job (KB)
...
006 (3316946.004.000) 01/13 11:27:43 Image size of job updated: 3030716
	1314  -  MemoryUsage of job (MB)
	1344620  -  ResidentSetSize of job (KB)
...
006 (3316946.004.000) 01/13 11:32:43 Image size of job updated: 3030716
	1314  -  MemoryUsage of job (MB)
	1344624  -  ResidentSetSize of job (KB)
...
006 (3316946.004.000) 01/13 11:42:45 Image size of job updated: 3440868
	1638  -  MemoryUsage of job (MB)
	1677100  -  ResidentSetSize of job (KB)
...
006 (3316946.004.000) 01/13 11:57:47 Image size of job updated: 3440868
	1653  -  MemoryUsage of job (MB)
	1692332  -  ResidentSetSize of job (KB)
...
006 (3316946.004.000) 01/13 12:02:47 Image size of job updated: 3854096
	1937  -  MemoryUsage of job (MB)
	1982972  -  ResidentSetSize of job (KB)
...
006 (3316946.004.000) 01/13 12:17:48 Image size of job updated: 4296380
	2374  -  MemoryUsage of job (MB)
	2430580  -  ResidentSetSize of job (KB)
...
006 (3316946.004.000) 01/13 12:32:50 Image size of job updated: 4818572
	2855  -  MemoryUsage of job (MB)
	2923320  -  ResidentSetSize of job (KB)
...
006 (3316946.004.000) 01/13 12:57:52 Image size of job updated: 5402512
	3341  -  MemoryUsage of job (MB)
	3420300  -  ResidentSetSize of job (KB)
...
040 (3316946.004.000) 01/13 13:14:13 Started transferring output files
...
040 (3316946.004.000) 01/13 13:14:13 Finished transferring output files
...
005 (3316946.004.000) 01/13 13:14:13 Job terminated.
	(1) Normal termination (return value 0)
		Usr 0 00:24:21, Sys 0 00:00:45  -  Run Remote Usage
		Usr 0 00:00:00, Sys 0 00:00:00  -  Run Local Usage
		Usr 0 00:24:21, Sys 0 00:00:45  -  Total Remote Usage
		Usr 0 00:00:00, Sys 0 00:00:00  -  Total Local Usage
	13192  -  Run Bytes Sent By Job
	10529  -  Run Bytes Received By Job
	13192  -  Total Bytes Sent By Job
	10529  -  Total Bytes Received By Job
	Partitionable Resources :    Usage  Request Allocated 
	   Cpus                 :     0.03        4         4 
	   Disk (KB)            :    47           1   2861764 
	   Memory (MB)          :  3341        8000      8000 

	Job terminated of its own accord at 2022-01-13T12:14:13Z.
...
