000 (3273603.000.000) 12/17 12:17:47 Job submitted from host: <188.185.70.244:9618?addrs=188.185.70.244-9618+[2001-1458-d00-7--100-2ee]-9618&alias=bigbird10.cern.ch&noUDP&sock=schedd_2095_9300>
...
040 (3273603.000.000) 12/17 12:31:43 Started transferring input files
	Transferring to host: <128.142.61.124:9618?addrs=128.142.61.124-9618&alias=b7s06p0917.cern.ch&noUDP&sock=slot1_13_3136_5879_886>
...
040 (3273603.000.000) 12/17 12:31:43 Finished transferring input files
...
001 (3273603.000.000) 12/17 12:31:44 Job executing on host: <128.142.61.124:9618?addrs=128.142.61.124-9618&alias=b7s06p0917.cern.ch&noUDP&sock=startd_2571_1214>
...
006 (3273603.000.000) 12/17 12:31:53 Image size of job updated: 371444
	118  -  MemoryUsage of job (MB)
	120180  -  ResidentSetSize of job (KB)
...
006 (3273603.000.000) 12/17 12:36:54 Image size of job updated: 2582360
	1078  -  MemoryUsage of job (MB)
	1103140  -  ResidentSetSize of job (KB)
...
006 (3273603.000.000) 12/17 12:41:55 Image size of job updated: 2598744
	1094  -  MemoryUsage of job (MB)
	1119524  -  ResidentSetSize of job (KB)
...
006 (3273603.000.000) 12/17 12:46:55 Image size of job updated: 3035156
	1094  -  MemoryUsage of job (MB)
	1119524  -  ResidentSetSize of job (KB)
...
040 (3273603.000.000) 12/17 13:00:07 Started transferring output files
...
040 (3273603.000.000) 12/17 13:00:07 Finished transferring output files
...
005 (3273603.000.000) 12/17 13:00:07 Job terminated.
	(1) Normal termination (return value 1)
		Usr 0 00:12:14, Sys 0 00:00:06  -  Run Remote Usage
		Usr 0 00:00:00, Sys 0 00:00:00  -  Run Local Usage
		Usr 0 00:12:14, Sys 0 00:00:06  -  Total Remote Usage
		Usr 0 00:00:00, Sys 0 00:00:00  -  Total Local Usage
	39822  -  Run Bytes Sent By Job
	11179  -  Run Bytes Received By Job
	39822  -  Total Bytes Sent By Job
	11179  -  Total Bytes Received By Job
	Partitionable Resources :    Usage  Request Allocated 
	   Cpus                 :     0.02        4         4 
	   Disk (KB)            :    73           1   1281218 
	   Memory (MB)          :  1094        8000      8000 

	Job terminated of its own accord at 2021-12-17T12:00:07Z.
...
