000 (3318321.000.000) 01/14 16:26:25 Job submitted from host: <188.185.70.244:9618?addrs=188.185.70.244-9618+[2001-1458-d00-7--100-2ee]-9618&alias=bigbird10.cern.ch&noUDP&sock=schedd_7001_aea1>
...
040 (3318321.000.000) 01/14 17:46:57 Started transferring input files
	Transferring to host: <128.142.61.47:9618?addrs=128.142.61.47-9618+[2001-1458-301-23--100-2e]-9618&alias=b7s06p0935.cern.ch&noUDP&sock=slot1_15_4964_5643_28403>
...
040 (3318321.000.000) 01/14 17:46:57 Finished transferring input files
...
001 (3318321.000.000) 01/14 17:46:58 Job executing on host: <128.142.61.47:9618?addrs=128.142.61.47-9618+[2001-1458-301-23--100-2e]-9618&alias=b7s06p0935.cern.ch&noUDP&sock=startd_4608_487f>
...
006 (3318321.000.000) 01/14 17:47:06 Image size of job updated: 320172
	155  -  MemoryUsage of job (MB)
	157872  -  ResidentSetSize of job (KB)
...
006 (3318321.000.000) 01/14 17:52:06 Image size of job updated: 1748040
	287  -  MemoryUsage of job (MB)
	293176  -  ResidentSetSize of job (KB)
...
006 (3318321.000.000) 01/14 17:57:06 Image size of job updated: 2050660
	550  -  MemoryUsage of job (MB)
	563144  -  ResidentSetSize of job (KB)
...
006 (3318321.000.000) 01/14 18:02:07 Image size of job updated: 2050660
	550  -  MemoryUsage of job (MB)
	563148  -  ResidentSetSize of job (KB)
...
006 (3318321.000.000) 01/14 18:17:08 Image size of job updated: 2050660
	550  -  MemoryUsage of job (MB)
	563156  -  ResidentSetSize of job (KB)
...
006 (3318321.000.000) 01/14 18:47:11 Image size of job updated: 2420276
	786  -  MemoryUsage of job (MB)
	804736  -  ResidentSetSize of job (KB)
...
006 (3318321.000.000) 01/14 18:57:12 Image size of job updated: 2420276
	786  -  MemoryUsage of job (MB)
	804748  -  ResidentSetSize of job (KB)
...
006 (3318321.000.000) 01/14 19:02:12 Image size of job updated: 2420276
	786  -  MemoryUsage of job (MB)
	804752  -  ResidentSetSize of job (KB)
...
006 (3318321.000.000) 01/14 19:07:13 Image size of job updated: 2420276
	786  -  MemoryUsage of job (MB)
	804756  -  ResidentSetSize of job (KB)
...
006 (3318321.000.000) 01/14 19:12:14 Image size of job updated: 2711296
	1036  -  MemoryUsage of job (MB)
	1060732  -  ResidentSetSize of job (KB)
...
006 (3318321.000.000) 01/14 19:47:18 Image size of job updated: 2850880
	1340  -  MemoryUsage of job (MB)
	1371296  -  ResidentSetSize of job (KB)
...
006 (3318321.000.000) 01/14 20:07:19 Image size of job updated: 2891696
	1747  -  MemoryUsage of job (MB)
	1788468  -  ResidentSetSize of job (KB)
...
006 (3318321.000.000) 01/14 20:12:19 Image size of job updated: 3503704
	1747  -  MemoryUsage of job (MB)
	1788468  -  ResidentSetSize of job (KB)
...
006 (3318321.000.000) 01/14 20:32:22 Image size of job updated: 3688424
	2164  -  MemoryUsage of job (MB)
	2215732  -  ResidentSetSize of job (KB)
...
006 (3318321.000.000) 01/14 20:37:23 Image size of job updated: 3888136
	2164  -  MemoryUsage of job (MB)
	2215732  -  ResidentSetSize of job (KB)
...
006 (3318321.000.000) 01/14 21:02:25 Image size of job updated: 4400464
	2500  -  MemoryUsage of job (MB)
	2559916  -  ResidentSetSize of job (KB)
...
006 (3318321.000.000) 01/14 21:07:26 Image size of job updated: 4400464
	2500  -  MemoryUsage of job (MB)
	2559956  -  ResidentSetSize of job (KB)
...
006 (3318321.000.000) 01/14 21:12:26 Image size of job updated: 4400464
	2504  -  MemoryUsage of job (MB)
	2563276  -  ResidentSetSize of job (KB)
...
006 (3318321.000.000) 01/14 21:17:26 Image size of job updated: 4879432
	2937  -  MemoryUsage of job (MB)
	3007452  -  ResidentSetSize of job (KB)
...
006 (3318321.000.000) 01/14 21:32:28 Image size of job updated: 5480168
	3418  -  MemoryUsage of job (MB)
	3499776  -  ResidentSetSize of job (KB)
...
040 (3318321.000.000) 01/14 21:51:07 Entered queue to transfer output files
...
040 (3318321.000.000) 01/14 21:51:09 Started transferring output files
...
040 (3318321.000.000) 01/14 21:51:10 Finished transferring output files
...
005 (3318321.000.000) 01/14 21:51:10 Job terminated.
	(1) Normal termination (return value 0)
		Usr 0 00:20:11, Sys 0 00:00:40  -  Run Remote Usage
		Usr 0 00:00:00, Sys 0 00:00:00  -  Run Local Usage
		Usr 0 00:20:11, Sys 0 00:00:40  -  Total Remote Usage
		Usr 0 00:00:00, Sys 0 00:00:00  -  Total Local Usage
	2563  -  Run Bytes Sent By Job
	10529  -  Run Bytes Received By Job
	2563  -  Total Bytes Sent By Job
	10529  -  Total Bytes Received By Job
	Partitionable Resources :    Usage  Request Allocated 
	   Cpus                 :     0.02        4         4 
	   Disk (KB)            :    37           1   1275657 
	   Memory (MB)          :  3418        8000      8000 

	Job terminated of its own accord at 2022-01-14T20:51:02Z.
...
