000 (3273582.000.000) 12/17 12:16:54 Job submitted from host: <188.185.70.244:9618?addrs=188.185.70.244-9618+[2001-1458-d00-7--100-2ee]-9618&alias=bigbird10.cern.ch&noUDP&sock=schedd_2095_9300>
...
040 (3273582.000.000) 12/17 12:27:01 Started transferring input files
	Transferring to host: <128.142.60.64:9618?addrs=128.142.60.64-9618&alias=b7s05p9861.cern.ch&noUDP&sock=slot1_3_4750_8dfa_1104>
...
040 (3273582.000.000) 12/17 12:27:01 Finished transferring input files
...
001 (3273582.000.000) 12/17 12:27:02 Job executing on host: <128.142.60.64:9618?addrs=128.142.60.64-9618&alias=b7s05p9861.cern.ch&noUDP&sock=startd_4405_0ac6>
...
006 (3273582.000.000) 12/17 12:27:10 Image size of job updated: 1256200
	190  -  MemoryUsage of job (MB)
	193680  -  ResidentSetSize of job (KB)
...
006 (3273582.000.000) 12/17 12:32:10 Image size of job updated: 2580040
	1076  -  MemoryUsage of job (MB)
	1100812  -  ResidentSetSize of job (KB)
...
006 (3273582.000.000) 12/17 12:37:11 Image size of job updated: 2596424
	1092  -  MemoryUsage of job (MB)
	1117196  -  ResidentSetSize of job (KB)
...
006 (3273582.000.000) 12/17 12:42:12 Image size of job updated: 2904308
	1092  -  MemoryUsage of job (MB)
	1117196  -  ResidentSetSize of job (KB)
...
040 (3273582.000.000) 12/17 12:57:45 Started transferring output files
...
040 (3273582.000.000) 12/17 12:57:45 Finished transferring output files
...
005 (3273582.000.000) 12/17 12:57:45 Job terminated.
	(1) Normal termination (return value 1)
		Usr 0 00:12:02, Sys 0 00:00:08  -  Run Remote Usage
		Usr 0 00:00:00, Sys 0 00:00:00  -  Run Local Usage
		Usr 0 00:12:02, Sys 0 00:00:08  -  Total Remote Usage
		Usr 0 00:00:00, Sys 0 00:00:00  -  Total Local Usage
	40829  -  Run Bytes Sent By Job
	11179  -  Run Bytes Received By Job
	40829  -  Total Bytes Sent By Job
	11179  -  Total Bytes Received By Job
	Partitionable Resources :    Usage  Request Allocated 
	   Cpus                 :     0.09        4         4 
	   Disk (KB)            :    73           1   1195325 
	   Memory (MB)          :  1092        8000      8000 

	Job terminated of its own accord at 2021-12-17T11:57:45Z.
...
