000 (3317022.025.000) 01/13 15:49:41 Job submitted from host: <188.185.70.244:9618?addrs=188.185.70.244-9618+[2001-1458-d00-7--100-2ee]-9618&alias=bigbird10.cern.ch&noUDP&sock=schedd_7001_aea1>
...
040 (3317022.025.000) 01/13 15:57:06 Started transferring input files
	Transferring to host: <128.142.131.142:9618?addrs=128.142.131.142-9618+[2001-1458-301-59--100-82]-9618&alias=b7g11p6015.cern.ch&noUDP&sock=slot1_2_45747_a65d_74968>
...
040 (3317022.025.000) 01/13 15:57:06 Finished transferring input files
...
001 (3317022.025.000) 01/13 15:57:07 Job executing on host: <128.142.131.142:9618?addrs=128.142.131.142-9618+[2001-1458-301-59--100-82]-9618&alias=b7g11p6015.cern.ch&noUDP&sock=startd_45705_682a>
...
006 (3317022.025.000) 01/13 15:57:16 Image size of job updated: 320108
	155  -  MemoryUsage of job (MB)
	157804  -  ResidentSetSize of job (KB)
...
006 (3317022.025.000) 01/13 16:02:17 Image size of job updated: 1727512
	267  -  MemoryUsage of job (MB)
	272948  -  ResidentSetSize of job (KB)
...
006 (3317022.025.000) 01/13 16:12:18 Image size of job updated: 2402280
	677  -  MemoryUsage of job (MB)
	693128  -  ResidentSetSize of job (KB)
...
006 (3317022.025.000) 01/13 16:57:22 Image size of job updated: 2598252
	1297  -  MemoryUsage of job (MB)
	1327560  -  ResidentSetSize of job (KB)
...
006 (3317022.025.000) 01/13 17:02:23 Image size of job updated: 2807456
	1297  -  MemoryUsage of job (MB)
	1327560  -  ResidentSetSize of job (KB)
...
006 (3317022.025.000) 01/13 17:17:24 Image size of job updated: 3270232
	1734  -  MemoryUsage of job (MB)
	1774952  -  ResidentSetSize of job (KB)
...
006 (3317022.025.000) 01/13 17:37:27 Image size of job updated: 3714952
	1816  -  MemoryUsage of job (MB)
	1859172  -  ResidentSetSize of job (KB)
...
006 (3317022.025.000) 01/13 18:02:29 Image size of job updated: 3714952
	1818  -  MemoryUsage of job (MB)
	1861052  -  ResidentSetSize of job (KB)
...
006 (3317022.025.000) 01/13 18:07:30 Image size of job updated: 4176384
	2265  -  MemoryUsage of job (MB)
	2319132  -  ResidentSetSize of job (KB)
...
006 (3317022.025.000) 01/13 18:22:31 Image size of job updated: 4358856
	2827  -  MemoryUsage of job (MB)
	2894692  -  ResidentSetSize of job (KB)
...
006 (3317022.025.000) 01/13 18:27:32 Image size of job updated: 5068172
	2937  -  MemoryUsage of job (MB)
	3007028  -  ResidentSetSize of job (KB)
...
006 (3317022.025.000) 01/13 18:32:32 Image size of job updated: 5068172
	2938  -  MemoryUsage of job (MB)
	3007848  -  ResidentSetSize of job (KB)
...
006 (3317022.025.000) 01/13 18:37:32 Image size of job updated: 5251492
	3201  -  MemoryUsage of job (MB)
	3277236  -  ResidentSetSize of job (KB)
...
006 (3317022.025.000) 01/13 18:47:34 Image size of job updated: 5251492
	3201  -  MemoryUsage of job (MB)
	3277432  -  ResidentSetSize of job (KB)
...
006 (3317022.025.000) 01/13 18:52:34 Image size of job updated: 5846436
	3651  -  MemoryUsage of job (MB)
	3737660  -  ResidentSetSize of job (KB)
...
006 (3317022.025.000) 01/13 19:22:37 Image size of job updated: 5846436
	3651  -  MemoryUsage of job (MB)
	3737664  -  ResidentSetSize of job (KB)
...
006 (3317022.025.000) 01/13 19:42:39 Image size of job updated: 5846436
	3657  -  MemoryUsage of job (MB)
	3744528  -  ResidentSetSize of job (KB)
...
006 (3317022.025.000) 01/13 19:47:40 Image size of job updated: 6462892
	4216  -  MemoryUsage of job (MB)
	4316600  -  ResidentSetSize of job (KB)
...
006 (3317022.025.000) 01/13 19:57:41 Image size of job updated: 6462892
	4216  -  MemoryUsage of job (MB)
	4316604  -  ResidentSetSize of job (KB)
...
040 (3317022.025.000) 01/13 20:05:13 Started transferring output files
...
040 (3317022.025.000) 01/13 20:05:13 Finished transferring output files
...
005 (3317022.025.000) 01/13 20:05:13 Job terminated.
	(1) Normal termination (return value 0)
		Usr 0 00:38:12, Sys 0 00:00:45  -  Run Remote Usage
		Usr 0 00:00:00, Sys 0 00:00:00  -  Run Local Usage
		Usr 0 00:38:12, Sys 0 00:00:45  -  Total Remote Usage
		Usr 0 00:00:00, Sys 0 00:00:00  -  Total Local Usage
	18644  -  Run Bytes Sent By Job
	10521  -  Run Bytes Received By Job
	18644  -  Total Bytes Sent By Job
	10521  -  Total Bytes Received By Job
	Partitionable Resources :    Usage  Request Allocated 
	   Cpus                 :        0        4         4 
	   Disk (KB)            :       52        1   1638378 
	   Memory (MB)          :     4216     8000      8000 

	Job terminated of its own accord at 2022-01-13T19:05:13Z.
...
