000 (3314881.023.000) 01/12 10:53:19 Job submitted from host: <188.185.70.244:9618?addrs=188.185.70.244-9618+[2001-1458-d00-7--100-2ee]-9618&alias=bigbird10.cern.ch&noUDP&sock=schedd_7001_aea1>
...
040 (3314881.023.000) 01/12 10:54:08 Started transferring input files
	Transferring to host: <128.142.59.153:9618?addrs=128.142.59.153-9618&alias=b7s04p8425.cern.ch&noUDP&sock=slot1_6_4192_64a4_26077>
...
040 (3314881.023.000) 01/12 10:54:08 Finished transferring input files
...
001 (3314881.023.000) 01/12 10:54:10 Job executing on host: <128.142.59.153:9618?addrs=128.142.59.153-9618&alias=b7s04p8425.cern.ch&noUDP&sock=startd_3852_bae6>
...
006 (3314881.023.000) 01/12 10:54:18 Image size of job updated: 747132
	155  -  MemoryUsage of job (MB)
	157800  -  ResidentSetSize of job (KB)
...
006 (3314881.023.000) 01/12 10:59:18 Image size of job updated: 1762604
	303  -  MemoryUsage of job (MB)
	309972  -  ResidentSetSize of job (KB)
...
006 (3314881.023.000) 01/12 11:04:18 Image size of job updated: 2533332
	743  -  MemoryUsage of job (MB)
	760556  -  ResidentSetSize of job (KB)
...
006 (3314881.023.000) 01/12 11:14:20 Image size of job updated: 2963232
	1130  -  MemoryUsage of job (MB)
	1156536  -  ResidentSetSize of job (KB)
...
040 (3314881.023.000) 01/12 11:18:18 Started transferring output files
...
040 (3314881.023.000) 01/12 11:18:18 Finished transferring output files
...
004 (3314881.023.000) 01/12 11:18:18 Job was evicted.
	(0) CPU times
		Usr 0 00:03:34, Sys 0 00:00:09  -  Run Remote Usage
		Usr 0 00:00:00, Sys 0 00:00:00  -  Run Local Usage
	8406  -  Run Bytes Sent By Job
	10530  -  Run Bytes Received By Job
	Partitionable Resources :    Usage  Request Allocated 
	   Cpus                 :     0.06        4         4 
	   Disk (KB)            :    41           1   1269621 
	   Memory (MB)          :  1130        8000      8000 
...
009 (3314881.023.000) 01/12 11:18:18 Job was aborted.
	via condor_rm (by user vdamante)
...
