000 (3314657.007.000) 01/11 16:27:32 Job submitted from host: <188.185.70.244:9618?addrs=188.185.70.244-9618+[2001-1458-d00-7--100-2ee]-9618&alias=bigbird10.cern.ch&noUDP&sock=schedd_7001_aea1>
...
040 (3314657.007.000) 01/11 20:02:23 Started transferring input files
	Transferring to host: <128.142.131.106:9618?addrs=128.142.131.106-9618+[2001-1458-301-59--100-5e]-9618&alias=b7g11p7958.cern.ch&noUDP&sock=slot1_20_8028_33c0_69982>
...
040 (3314657.007.000) 01/11 20:02:23 Finished transferring input files
...
001 (3314657.007.000) 01/11 20:02:24 Job executing on host: <128.142.131.106:9618?addrs=128.142.131.106-9618+[2001-1458-301-59--100-5e]-9618&alias=b7g11p7958.cern.ch&noUDP&sock=startd_7133_3922>
...
006 (3314657.007.000) 01/11 20:02:33 Image size of job updated: 320104
	155  -  MemoryUsage of job (MB)
	157796  -  ResidentSetSize of job (KB)
...
006 (3314657.007.000) 01/11 20:07:34 Image size of job updated: 1726712
	265  -  MemoryUsage of job (MB)
	271300  -  ResidentSetSize of job (KB)
...
006 (3314657.007.000) 01/11 20:12:35 Image size of job updated: 2528868
	737  -  MemoryUsage of job (MB)
	754516  -  ResidentSetSize of job (KB)
...
006 (3314657.007.000) 01/11 20:22:35 Image size of job updated: 2528868
	737  -  MemoryUsage of job (MB)
	754580  -  ResidentSetSize of job (KB)
...
006 (3314657.007.000) 01/11 20:27:36 Image size of job updated: 2528868
	737  -  MemoryUsage of job (MB)
	754592  -  ResidentSetSize of job (KB)
...
006 (3314657.007.000) 01/11 20:37:36 Image size of job updated: 2528868
	892  -  MemoryUsage of job (MB)
	912888  -  ResidentSetSize of job (KB)
...
006 (3314657.007.000) 01/11 20:42:37 Image size of job updated: 2968456
	1168  -  MemoryUsage of job (MB)
	1195476  -  ResidentSetSize of job (KB)
...
006 (3314657.007.000) 01/11 20:57:39 Image size of job updated: 2968456
	1168  -  MemoryUsage of job (MB)
	1195484  -  ResidentSetSize of job (KB)
...
006 (3314657.007.000) 01/11 21:02:40 Image size of job updated: 3454828
	1617  -  MemoryUsage of job (MB)
	1655128  -  ResidentSetSize of job (KB)
...
006 (3314657.007.000) 01/11 21:17:41 Image size of job updated: 3454828
	1617  -  MemoryUsage of job (MB)
	1655744  -  ResidentSetSize of job (KB)
...
006 (3314657.007.000) 01/11 21:22:42 Image size of job updated: 3917724
	2020  -  MemoryUsage of job (MB)
	2067948  -  ResidentSetSize of job (KB)
...
006 (3314657.007.000) 01/11 21:27:42 Image size of job updated: 3917724
	2020  -  MemoryUsage of job (MB)
	2067952  -  ResidentSetSize of job (KB)
...
006 (3314657.007.000) 01/11 21:32:43 Image size of job updated: 3917724
	2021  -  MemoryUsage of job (MB)
	2068548  -  ResidentSetSize of job (KB)
...
006 (3314657.007.000) 01/11 21:37:44 Image size of job updated: 4629496
	2709  -  MemoryUsage of job (MB)
	2773520  -  ResidentSetSize of job (KB)
...
006 (3314657.007.000) 01/11 22:02:46 Image size of job updated: 5029504
	3484  -  MemoryUsage of job (MB)
	3566604  -  ResidentSetSize of job (KB)
...
006 (3314657.007.000) 01/11 22:22:49 Image size of job updated: 5623704
	3484  -  MemoryUsage of job (MB)
	3566604  -  ResidentSetSize of job (KB)
...
006 (3314657.007.000) 01/11 22:37:50 Image size of job updated: 6336776
	3975  -  MemoryUsage of job (MB)
	4069692  -  ResidentSetSize of job (KB)
...
006 (3314657.007.000) 01/11 22:42:51 Image size of job updated: 6336776
	3982  -  MemoryUsage of job (MB)
	4077152  -  ResidentSetSize of job (KB)
...
006 (3314657.007.000) 01/11 22:47:51 Image size of job updated: 7335112
	5332  -  MemoryUsage of job (MB)
	5459652  -  ResidentSetSize of job (KB)
...
040 (3314657.007.000) 01/11 23:02:19 Entered queue to transfer output files
...
040 (3314657.007.000) 01/11 23:02:20 Started transferring output files
...
040 (3314657.007.000) 01/11 23:02:20 Finished transferring output files
...
005 (3314657.007.000) 01/11 23:02:20 Job terminated.
	(1) Normal termination (return value 0)
		Usr 0 00:52:07, Sys 0 00:01:11  -  Run Remote Usage
		Usr 0 00:00:00, Sys 0 00:00:00  -  Run Local Usage
		Usr 0 00:52:07, Sys 0 00:01:11  -  Total Remote Usage
		Usr 0 00:00:00, Sys 0 00:00:00  -  Total Local Usage
	21786  -  Run Bytes Sent By Job
	10521  -  Run Bytes Received By Job
	21786  -  Total Bytes Sent By Job
	10521  -  Total Bytes Received By Job
	Partitionable Resources :    Usage  Request Allocated 
	   Cpus                 :     0.07        4         4 
	   Disk (KB)            :    55           1   1523478 
	   Memory (MB)          :  5332        8000      8000 

	Job terminated of its own accord at 2022-01-11T22:02:14Z.
...
