000 (3314881.022.000) 01/12 10:53:19 Job submitted from host: <188.185.70.244:9618?addrs=188.185.70.244-9618+[2001-1458-d00-7--100-2ee]-9618&alias=bigbird10.cern.ch&noUDP&sock=schedd_7001_aea1>
...
040 (3314881.022.000) 01/12 10:54:10 Started transferring input files
	Transferring to host: <188.184.165.111:9618?addrs=188.184.165.111-9618&alias=b7s14p8168.cern.ch&noUDP&sock=slot1_5_4390_e6ec_26246>
...
040 (3314881.022.000) 01/12 10:54:10 Finished transferring input files
...
001 (3314881.022.000) 01/12 10:54:11 Job executing on host: <188.184.165.111:9618?addrs=188.184.165.111-9618&alias=b7s14p8168.cern.ch&noUDP&sock=startd_4220_25c0>
...
006 (3314881.022.000) 01/12 10:54:19 Image size of job updated: 395520
	95  -  MemoryUsage of job (MB)
	96664  -  ResidentSetSize of job (KB)
...
006 (3314881.022.000) 01/12 10:59:19 Image size of job updated: 1738576
	278  -  MemoryUsage of job (MB)
	283792  -  ResidentSetSize of job (KB)
...
006 (3314881.022.000) 01/12 11:04:20 Image size of job updated: 2540532
	749  -  MemoryUsage of job (MB)
	766080  -  ResidentSetSize of job (KB)
...
006 (3314881.022.000) 01/12 11:09:20 Image size of job updated: 2540532
	749  -  MemoryUsage of job (MB)
	766088  -  ResidentSetSize of job (KB)
...
006 (3314881.022.000) 01/12 11:14:20 Image size of job updated: 2540532
	754  -  MemoryUsage of job (MB)
	771544  -  ResidentSetSize of job (KB)
...
006 (3314881.022.000) 01/12 11:18:18 Image size of job updated: 2969388
	754  -  MemoryUsage of job (MB)
	771548  -  ResidentSetSize of job (KB)
...
040 (3314881.022.000) 01/12 11:18:18 Started transferring output files
...
040 (3314881.022.000) 01/12 11:18:18 Finished transferring output files
...
004 (3314881.022.000) 01/12 11:18:18 Job was evicted.
	(0) CPU times
		Usr 0 00:05:44, Sys 0 00:00:09  -  Run Remote Usage
		Usr 0 00:00:00, Sys 0 00:00:00  -  Run Local Usage
	8410  -  Run Bytes Sent By Job
	10530  -  Run Bytes Received By Job
	Partitionable Resources :    Usage  Request Allocated 
	   Cpus                 :     0.97        4         4 
	   Disk (KB)            :    42           1   3028641 
	   Memory (MB)          :   754        8000      8000 
...
009 (3314881.022.000) 01/12 11:18:18 Job was aborted.
	via condor_rm (by user vdamante)
...
