000 (3297397.024.000) 01/10 16:20:06 Job submitted from host: <188.185.70.244:9618?addrs=188.185.70.244-9618+[2001-1458-d00-7--100-2ee]-9618&alias=bigbird10.cern.ch&noUDP&sock=schedd_7001_aea1>
...
040 (3297397.024.000) 01/10 16:50:39 Started transferring input files
	Transferring to host: <128.142.60.43:9618?addrs=128.142.60.43-9618&alias=b7s05p4179.cern.ch&noUDP&sock=slot1_21_3601_faec_23569>
...
040 (3297397.024.000) 01/10 16:50:39 Finished transferring input files
...
001 (3297397.024.000) 01/10 16:50:40 Job executing on host: <128.142.60.43:9618?addrs=128.142.60.43-9618&alias=b7s05p4179.cern.ch&noUDP&sock=startd_3538_5a29>
...
006 (3297397.024.000) 01/10 16:50:49 Image size of job updated: 1256976
	155  -  MemoryUsage of job (MB)
	157772  -  ResidentSetSize of job (KB)
...
006 (3297397.024.000) 01/10 16:52:20 Image size of job updated: 1730432
	155  -  MemoryUsage of job (MB)
	157772  -  ResidentSetSize of job (KB)
...
040 (3297397.024.000) 01/10 16:52:20 Started transferring output files
...
040 (3297397.024.000) 01/10 16:52:20 Finished transferring output files
...
005 (3297397.024.000) 01/10 16:52:21 Job terminated.
	(1) Normal termination (return value 0)
		Usr 0 00:00:11, Sys 0 00:00:02  -  Run Remote Usage
		Usr 0 00:00:00, Sys 0 00:00:00  -  Run Local Usage
		Usr 0 00:00:11, Sys 0 00:00:02  -  Total Remote Usage
		Usr 0 00:00:00, Sys 0 00:00:00  -  Total Local Usage
	4733  -  Run Bytes Sent By Job
	10524  -  Run Bytes Received By Job
	4733  -  Total Bytes Sent By Job
	10524  -  Total Bytes Received By Job
	Partitionable Resources :    Usage  Request Allocated 
	   Cpus                 :                 4         4 
	   Disk (KB)            :       31        1    857326 
	   Memory (MB)          :      155     8000      8000 

	Job terminated of its own accord at 2022-01-10T15:52:20Z.
...
