000 (3314881.002.000) 01/12 10:53:19 Job submitted from host: <188.185.70.244:9618?addrs=188.185.70.244-9618+[2001-1458-d00-7--100-2ee]-9618&alias=bigbird10.cern.ch&noUDP&sock=schedd_7001_aea1>
...
040 (3314881.002.000) 01/12 10:54:37 Started transferring input files
	Transferring to host: <128.142.132.177:9618?addrs=128.142.132.177-9618+[2001-1458-301-5a--100-a5]-9618&alias=b7g12p4229.cern.ch&noUDP&sock=slot1_2_8388_dace_37688>
...
040 (3314881.002.000) 01/12 10:54:37 Finished transferring input files
...
001 (3314881.002.000) 01/12 10:54:38 Job executing on host: <128.142.132.177:9618?addrs=128.142.132.177-9618+[2001-1458-301-5a--100-a5]-9618&alias=b7g12p4229.cern.ch&noUDP&sock=startd_7703_321d>
...
006 (3314881.002.000) 01/12 10:54:47 Image size of job updated: 1299592
	184  -  MemoryUsage of job (MB)
	188360  -  ResidentSetSize of job (KB)
...
006 (3314881.002.000) 01/12 10:59:48 Image size of job updated: 1728860
	268  -  MemoryUsage of job (MB)
	274344  -  ResidentSetSize of job (KB)
...
006 (3314881.002.000) 01/12 11:09:49 Image size of job updated: 2531612
	740  -  MemoryUsage of job (MB)
	757216  -  ResidentSetSize of job (KB)
...
040 (3314881.002.000) 01/12 11:18:16 Started transferring output files
...
040 (3314881.002.000) 01/12 11:18:16 Finished transferring output files
...
004 (3314881.002.000) 01/12 11:18:16 Job was evicted.
	(0) CPU times
		Usr 0 00:02:58, Sys 0 00:00:07  -  Run Remote Usage
		Usr 0 00:00:00, Sys 0 00:00:00  -  Run Local Usage
	10067  -  Run Bytes Sent By Job
	10530  -  Run Bytes Received By Job
	Partitionable Resources :    Usage  Request Allocated 
	   Cpus                 :     0.03        4         4 
	   Disk (KB)            :    44           1   1590994 
	   Memory (MB)          :   740        8000      8000 
...
009 (3314881.002.000) 01/12 11:18:16 Job was aborted.
	via condor_rm (by user vdamante)
...
