000 (3314881.017.000) 01/12 10:53:19 Job submitted from host: <188.185.70.244:9618?addrs=188.185.70.244-9618+[2001-1458-d00-7--100-2ee]-9618&alias=bigbird10.cern.ch&noUDP&sock=schedd_7001_aea1>
...
040 (3314881.017.000) 01/12 10:54:07 Started transferring input files
	Transferring to host: <128.142.59.50:9618?addrs=128.142.59.50-9618+[2001-1458-301-21--100-31]-9618&alias=b7s04p0830.cern.ch&noUDP&sock=slot1_2_4746_bc7a_26356>
...
040 (3314881.017.000) 01/12 10:54:07 Finished transferring input files
...
001 (3314881.017.000) 01/12 10:54:08 Job executing on host: <128.142.59.50:9618?addrs=128.142.59.50-9618+[2001-1458-301-21--100-31]-9618&alias=b7s04p0830.cern.ch&noUDP&sock=startd_4393_cfa3>
...
006 (3314881.017.000) 01/12 10:54:17 Image size of job updated: 1256192
	155  -  MemoryUsage of job (MB)
	157840  -  ResidentSetSize of job (KB)
...
006 (3314881.017.000) 01/12 10:59:18 Image size of job updated: 2552116
	761  -  MemoryUsage of job (MB)
	778584  -  ResidentSetSize of job (KB)
...
006 (3314881.017.000) 01/12 11:09:18 Image size of job updated: 2993568
	1160  -  MemoryUsage of job (MB)
	1187264  -  ResidentSetSize of job (KB)
...
006 (3314881.017.000) 01/12 11:14:19 Image size of job updated: 2993568
	1160  -  MemoryUsage of job (MB)
	1187368  -  ResidentSetSize of job (KB)
...
006 (3314881.017.000) 01/12 11:18:18 Image size of job updated: 3506860
	1160  -  MemoryUsage of job (MB)
	1187368  -  ResidentSetSize of job (KB)
...
040 (3314881.017.000) 01/12 11:18:18 Started transferring output files
...
040 (3314881.017.000) 01/12 11:18:18 Finished transferring output files
...
004 (3314881.017.000) 01/12 11:18:18 Job was evicted.
	(0) CPU times
		Usr 0 00:05:27, Sys 0 00:00:09  -  Run Remote Usage
		Usr 0 00:00:00, Sys 0 00:00:00  -  Run Local Usage
	8217  -  Run Bytes Sent By Job
	10530  -  Run Bytes Received By Job
	Partitionable Resources :    Usage  Request Allocated 
	   Cpus                 :     0.04        4         4 
	   Disk (KB)            :    42           1   1255054 
	   Memory (MB)          :  1160        8000      8000 
...
009 (3314881.017.000) 01/12 11:18:18 Job was aborted.
	via condor_rm (by user vdamante)
...
