000 (3274080.014.000) 12/17 17:40:44 Job submitted from host: <188.185.70.244:9618?addrs=188.185.70.244-9618+[2001-1458-d00-7--100-2ee]-9618&alias=bigbird10.cern.ch&noUDP&sock=schedd_2095_9300>
...
040 (3274080.014.000) 12/17 18:28:49 Started transferring input files
	Transferring to host: <188.184.164.201:9618?addrs=188.184.164.201-9618+[2001-1458-301-4e--100-c3]-9618&alias=b7s13p8130.cern.ch&noUDP&sock=slot1_15_4493_7990_1241>
...
040 (3274080.014.000) 12/17 18:28:49 Finished transferring input files
...
001 (3274080.014.000) 12/17 18:28:50 Job executing on host: <188.184.164.201:9618?addrs=188.184.164.201-9618+[2001-1458-301-4e--100-c3]-9618&alias=b7s13p8130.cern.ch&noUDP&sock=startd_4301_b4ec>
...
006 (3274080.014.000) 12/17 18:28:58 Image size of job updated: 316616
	151  -  MemoryUsage of job (MB)
	154516  -  ResidentSetSize of job (KB)
...
006 (3274080.014.000) 12/17 18:33:58 Image size of job updated: 2600424
	1095  -  MemoryUsage of job (MB)
	1121200  -  ResidentSetSize of job (KB)
...
006 (3274080.014.000) 12/17 18:38:59 Image size of job updated: 2616808
	1111  -  MemoryUsage of job (MB)
	1137584  -  ResidentSetSize of job (KB)
...
006 (3274080.014.000) 12/17 18:44:00 Image size of job updated: 2956716
	1111  -  MemoryUsage of job (MB)
	1137584  -  ResidentSetSize of job (KB)
...
040 (3274080.014.000) 12/17 19:00:16 Started transferring output files
...
040 (3274080.014.000) 12/17 19:00:16 Finished transferring output files
...
005 (3274080.014.000) 12/17 19:00:16 Job terminated.
	(1) Normal termination (return value 0)
		Usr 0 00:13:56, Sys 0 00:00:08  -  Run Remote Usage
		Usr 0 00:00:00, Sys 0 00:00:00  -  Run Local Usage
		Usr 0 00:13:56, Sys 0 00:00:08  -  Total Remote Usage
		Usr 0 00:00:00, Sys 0 00:00:00  -  Total Local Usage
	11687305  -  Run Bytes Sent By Job
	11179  -  Run Bytes Received By Job
	11687305  -  Total Bytes Sent By Job
	11179  -  Total Bytes Received By Job
	Partitionable Resources :    Usage  Request Allocated 
	   Cpus                 :     0.02        4         4 
	   Disk (KB)            : 11448           1   2982940 
	   Memory (MB)          :  1111        8000      8000 

	Job terminated of its own accord at 2021-12-17T18:00:16Z.
...
