000 (3322541.003.000) 01/17 18:39:18 Job submitted from host: <188.185.70.244:9618?addrs=188.185.70.244-9618+[2001-1458-d00-7--100-2ee]-9618&alias=bigbird10.cern.ch&noUDP&sock=schedd_7001_aea1>
...
040 (3322541.003.000) 01/17 19:52:54 Started transferring input files
	Transferring to host: <188.184.165.22:9618?addrs=188.184.165.22-9618+[2001-1458-301-51--100-11]-9618&alias=b7s14p3823.cern.ch&noUDP&sock=slot1_9_3422_dbc4_31594>
...
040 (3322541.003.000) 01/17 19:52:54 Finished transferring input files
...
001 (3322541.003.000) 01/17 19:52:55 Job executing on host: <188.184.165.22:9618?addrs=188.184.165.22-9618+[2001-1458-301-51--100-11]-9618&alias=b7s14p3823.cern.ch&noUDP&sock=startd_3042_2330>
...
006 (3322541.003.000) 01/17 19:53:04 Image size of job updated: 320184
	155  -  MemoryUsage of job (MB)
	157880  -  ResidentSetSize of job (KB)
...
006 (3322541.003.000) 01/17 19:58:05 Image size of job updated: 1731400
	270  -  MemoryUsage of job (MB)
	275896  -  ResidentSetSize of job (KB)
...
006 (3322541.003.000) 01/17 20:03:05 Image size of job updated: 1731400
	272  -  MemoryUsage of job (MB)
	278104  -  ResidentSetSize of job (KB)
...
040 (3322541.003.000) 01/17 20:03:42 Started transferring output files
...
040 (3322541.003.000) 01/17 20:03:42 Finished transferring output files
...
005 (3322541.003.000) 01/17 20:03:43 Job terminated.
	(1) Normal termination (return value 0)
		Usr 0 00:00:33, Sys 0 00:00:03  -  Run Remote Usage
		Usr 0 00:00:00, Sys 0 00:00:00  -  Run Local Usage
		Usr 0 00:00:33, Sys 0 00:00:03  -  Total Remote Usage
		Usr 0 00:00:00, Sys 0 00:00:00  -  Total Local Usage
	1498  -  Run Bytes Sent By Job
	10525  -  Run Bytes Received By Job
	1498  -  Total Bytes Sent By Job
	10525  -  Total Bytes Received By Job
	Partitionable Resources :    Usage  Request Allocated 
	   Cpus                 :     0.02        4         4 
	   Disk (KB)            :    35           1   2999803 
	   Memory (MB)          :   272        8000      8000 

	Job terminated of its own accord at 2022-01-17T19:03:42Z.
...
