000 (3335431.022.000) 01/18 23:50:11 Job submitted from host: <188.185.70.244:9618?addrs=188.185.70.244-9618+[2001-1458-d00-7--100-2ee]-9618&alias=bigbird10.cern.ch&noUDP&sock=schedd_7001_aea1>
...
040 (3335431.022.000) 01/19 02:48:35 Started transferring input files
	Transferring to host: <128.142.131.162:9618?addrs=128.142.131.162-9618+[2001-1458-301-59--100-96]-9618&alias=b7g11p4229.cern.ch&noUDP&sock=slot1_8_12241_a44b_79808>
...
040 (3335431.022.000) 01/19 02:48:35 Finished transferring input files
...
001 (3335431.022.000) 01/19 02:48:36 Job executing on host: <128.142.131.162:9618?addrs=128.142.131.162-9618+[2001-1458-301-59--100-96]-9618&alias=b7g11p4229.cern.ch&noUDP&sock=startd_5182_ffdc>
...
006 (3335431.022.000) 01/19 02:48:45 Image size of job updated: 705480
	155  -  MemoryUsage of job (MB)
	157892  -  ResidentSetSize of job (KB)
...
006 (3335431.022.000) 01/19 02:53:46 Image size of job updated: 2768240
	858  -  MemoryUsage of job (MB)
	877944  -  ResidentSetSize of job (KB)
...
006 (3335431.022.000) 01/19 02:58:46 Image size of job updated: 2768240
	858  -  MemoryUsage of job (MB)
	877952  -  ResidentSetSize of job (KB)
...
006 (3335431.022.000) 01/19 03:08:47 Image size of job updated: 3723380
	1400  -  MemoryUsage of job (MB)
	1433032  -  ResidentSetSize of job (KB)
...
006 (3335431.022.000) 01/19 03:18:48 Image size of job updated: 3723380
	1400  -  MemoryUsage of job (MB)
	1433036  -  ResidentSetSize of job (KB)
...
006 (3335431.022.000) 01/19 03:23:49 Image size of job updated: 3723380
	1401  -  MemoryUsage of job (MB)
	1433720  -  ResidentSetSize of job (KB)
...
006 (3335431.022.000) 01/19 03:28:50 Image size of job updated: 3875192
	1864  -  MemoryUsage of job (MB)
	1908604  -  ResidentSetSize of job (KB)
...
006 (3335431.022.000) 01/19 03:38:50 Image size of job updated: 3875192
	1868  -  MemoryUsage of job (MB)
	1912660  -  ResidentSetSize of job (KB)
...
006 (3335431.022.000) 01/19 03:43:51 Image size of job updated: 4407160
	2363  -  MemoryUsage of job (MB)
	2419244  -  ResidentSetSize of job (KB)
...
006 (3335431.022.000) 01/19 03:58:52 Image size of job updated: 5191904
	2839  -  MemoryUsage of job (MB)
	2906676  -  ResidentSetSize of job (KB)
...
006 (3335431.022.000) 01/19 04:13:54 Image size of job updated: 5191904
	3599  -  MemoryUsage of job (MB)
	3685332  -  ResidentSetSize of job (KB)
...
006 (3335431.022.000) 01/19 04:18:55 Image size of job updated: 5544652
	3599  -  MemoryUsage of job (MB)
	3685332  -  ResidentSetSize of job (KB)
...
006 (3335431.022.000) 01/19 04:33:56 Image size of job updated: 6492356
	3876  -  MemoryUsage of job (MB)
	3968036  -  ResidentSetSize of job (KB)
...
006 (3335431.022.000) 01/19 04:48:57 Image size of job updated: 6492356
	4763  -  MemoryUsage of job (MB)
	4876524  -  ResidentSetSize of job (KB)
...
006 (3335431.022.000) 01/19 04:53:58 Image size of job updated: 6782028
	4763  -  MemoryUsage of job (MB)
	4876524  -  ResidentSetSize of job (KB)
...
006 (3335431.022.000) 01/19 05:09:00 Image size of job updated: 7415996
	4955  -  MemoryUsage of job (MB)
	5072936  -  ResidentSetSize of job (KB)
...
040 (3335431.022.000) 01/19 05:20:15 Started transferring output files
...
040 (3335431.022.000) 01/19 05:20:15 Finished transferring output files
...
005 (3335431.022.000) 01/19 05:20:15 Job terminated.
	(1) Normal termination (return value 0)
		Usr 0 00:52:44, Sys 0 00:00:53  -  Run Remote Usage
		Usr 0 00:00:00, Sys 0 00:00:00  -  Run Local Usage
		Usr 0 00:52:44, Sys 0 00:00:53  -  Total Remote Usage
		Usr 0 00:00:00, Sys 0 00:00:00  -  Total Local Usage
	1371  -  Run Bytes Sent By Job
	11205  -  Run Bytes Received By Job
	1371  -  Total Bytes Sent By Job
	11205  -  Total Bytes Received By Job
	Partitionable Resources :    Usage  Request Allocated 
	   Cpus                 :     0.14        4         4 
	   Disk (KB)            :    36           1   1460432 
	   Memory (MB)          :  4955        8000      8000 

	Job terminated of its own accord at 2022-01-19T04:20:15Z.
...
