000 (3275856.017.000) 12/22 11:21:46 Job submitted from host: <188.185.70.244:9618?addrs=188.185.70.244-9618+[2001-1458-d00-7--100-2ee]-9618&alias=bigbird10.cern.ch&noUDP&sock=schedd_2095_9300>
...
040 (3275856.017.000) 12/22 13:33:13 Started transferring input files
	Transferring to host: <128.142.63.60:9618?addrs=128.142.63.60-9618&alias=b7s08p9123.cern.ch&noUDP&sock=slot1_10_3183_761b_6588>
...
040 (3275856.017.000) 12/22 13:33:13 Finished transferring input files
...
001 (3275856.017.000) 12/22 13:33:14 Job executing on host: <128.142.63.60:9618?addrs=128.142.63.60-9618&alias=b7s08p9123.cern.ch&noUDP&sock=startd_2556_c829>
...
006 (3275856.017.000) 12/22 13:33:23 Image size of job updated: 1256208
	155  -  MemoryUsage of job (MB)
	157860  -  ResidentSetSize of job (KB)
...
006 (3275856.017.000) 12/22 13:37:35 Image size of job updated: 1737024
	155  -  MemoryUsage of job (MB)
	157860  -  ResidentSetSize of job (KB)
...
040 (3275856.017.000) 12/22 13:37:35 Started transferring output files
...
040 (3275856.017.000) 12/22 13:37:35 Finished transferring output files
...
005 (3275856.017.000) 12/22 13:37:35 Job terminated.
	(1) Normal termination (return value 0)
		Usr 0 00:00:19, Sys 0 00:00:03  -  Run Remote Usage
		Usr 0 00:00:00, Sys 0 00:00:00  -  Run Local Usage
		Usr 0 00:00:19, Sys 0 00:00:03  -  Total Remote Usage
		Usr 0 00:00:00, Sys 0 00:00:00  -  Total Local Usage
	1649  -  Run Bytes Sent By Job
	11185  -  Run Bytes Received By Job
	1649  -  Total Bytes Sent By Job
	11185  -  Total Bytes Received By Job
	Partitionable Resources :    Usage  Request Allocated 
	   Cpus                 :                 4         4 
	   Disk (KB)            :       28        1    979361 
	   Memory (MB)          :      155     8000      8000 

	Job terminated of its own accord at 2021-12-22T12:37:35Z.
...
