000 (3322541.002.000) 01/17 18:39:18 Job submitted from host: <188.185.70.244:9618?addrs=188.185.70.244-9618+[2001-1458-d00-7--100-2ee]-9618&alias=bigbird10.cern.ch&noUDP&sock=schedd_7001_aea1>
...
040 (3322541.002.000) 01/17 19:52:08 Started transferring input files
	Transferring to host: <128.142.137.157:9618?addrs=128.142.137.157-9618+[2001-1458-301-5e--100-91]-9618&alias=b7g19p0118.cern.ch&noUDP&sock=slot1_4_25365_afe1_79362>
...
040 (3322541.002.000) 01/17 19:52:08 Finished transferring input files
...
001 (3322541.002.000) 01/17 19:52:09 Job executing on host: <128.142.137.157:9618?addrs=128.142.137.157-9618+[2001-1458-301-5e--100-91]-9618&alias=b7g19p0118.cern.ch&noUDP&sock=startd_43100_97f4>
...
006 (3322541.002.000) 01/17 19:52:18 Image size of job updated: 275016
	189  -  MemoryUsage of job (MB)
	192980  -  ResidentSetSize of job (KB)
...
006 (3322541.002.000) 01/17 19:57:19 Image size of job updated: 1732928
	273  -  MemoryUsage of job (MB)
	278624  -  ResidentSetSize of job (KB)
...
006 (3322541.002.000) 01/17 20:02:19 Image size of job updated: 1732928
	273  -  MemoryUsage of job (MB)
	278628  -  ResidentSetSize of job (KB)
...
040 (3322541.002.000) 01/17 20:05:40 Started transferring output files
...
040 (3322541.002.000) 01/17 20:05:40 Finished transferring output files
...
005 (3322541.002.000) 01/17 20:05:40 Job terminated.
	(1) Normal termination (return value 0)
		Usr 0 00:00:38, Sys 0 00:00:04  -  Run Remote Usage
		Usr 0 00:00:00, Sys 0 00:00:00  -  Run Local Usage
		Usr 0 00:00:38, Sys 0 00:00:04  -  Total Remote Usage
		Usr 0 00:00:00, Sys 0 00:00:00  -  Total Local Usage
	1498  -  Run Bytes Sent By Job
	10525  -  Run Bytes Received By Job
	1498  -  Total Bytes Sent By Job
	10525  -  Total Bytes Received By Job
	Partitionable Resources :    Usage  Request Allocated 
	   Cpus                 :     0.03        4         4 
	   Disk (KB)            :    36           1   1586894 
	   Memory (MB)          :   273        8000      8000 

	Job terminated of its own accord at 2022-01-17T19:05:40Z.
...
