000 (3322543.023.000) 01/17 18:39:25 Job submitted from host: <188.185.70.244:9618?addrs=188.185.70.244-9618+[2001-1458-d00-7--100-2ee]-9618&alias=bigbird10.cern.ch&noUDP&sock=schedd_7001_aea1>
...
040 (3322543.023.000) 01/17 22:09:09 Started transferring input files
	Transferring to host: <188.184.164.20:9618?addrs=188.184.164.20-9618&alias=b7s13p8566.cern.ch&noUDP&sock=slot1_6_4410_fe6c_31167>
...
040 (3322543.023.000) 01/17 22:09:09 Finished transferring input files
...
001 (3322543.023.000) 01/17 22:09:10 Job executing on host: <188.184.164.20:9618?addrs=188.184.164.20-9618&alias=b7s13p8566.cern.ch&noUDP&sock=startd_4180_b5f6>
...
006 (3322543.023.000) 01/17 22:09:19 Image size of job updated: 320152
	155  -  MemoryUsage of job (MB)
	157844  -  ResidentSetSize of job (KB)
...
006 (3322543.023.000) 01/17 22:14:20 Image size of job updated: 2762916
	828  -  MemoryUsage of job (MB)
	847828  -  ResidentSetSize of job (KB)
...
006 (3322543.023.000) 01/17 22:19:21 Image size of job updated: 3329912
	1397  -  MemoryUsage of job (MB)
	1430172  -  ResidentSetSize of job (KB)
...
006 (3322543.023.000) 01/18 00:54:37 Image size of job updated: 3329912
	1398  -  MemoryUsage of job (MB)
	1430944  -  ResidentSetSize of job (KB)
...
006 (3322543.023.000) 01/18 00:59:37 Image size of job updated: 3878744
	1860  -  MemoryUsage of job (MB)
	1904224  -  ResidentSetSize of job (KB)
...
006 (3322543.023.000) 01/18 01:04:37 Image size of job updated: 4402876
	2359  -  MemoryUsage of job (MB)
	2414884  -  ResidentSetSize of job (KB)
...
006 (3322543.023.000) 01/18 01:09:38 Image size of job updated: 4402876
	2384  -  MemoryUsage of job (MB)
	2440204  -  ResidentSetSize of job (KB)
...
006 (3322543.023.000) 01/18 01:14:39 Image size of job updated: 5217420
	2773  -  MemoryUsage of job (MB)
	2838844  -  ResidentSetSize of job (KB)
...
006 (3322543.023.000) 01/18 01:19:39 Image size of job updated: 5540348
	3952  -  MemoryUsage of job (MB)
	4046180  -  ResidentSetSize of job (KB)
...
006 (3322543.023.000) 01/18 01:29:41 Image size of job updated: 6487936
	3952  -  MemoryUsage of job (MB)
	4046180  -  ResidentSetSize of job (KB)
...
006 (3322543.023.000) 01/18 01:34:41 Image size of job updated: 6487936
	4734  -  MemoryUsage of job (MB)
	4846944  -  ResidentSetSize of job (KB)
...
006 (3322543.023.000) 01/18 01:39:41 Image size of job updated: 6777776
	4734  -  MemoryUsage of job (MB)
	4846944  -  ResidentSetSize of job (KB)
...
006 (3322543.023.000) 01/18 01:49:42 Image size of job updated: 7411780
	5782  -  MemoryUsage of job (MB)
	5920588  -  ResidentSetSize of job (KB)
...
040 (3322543.023.000) 01/18 02:02:36 Started transferring output files
...
040 (3322543.023.000) 01/18 02:02:36 Finished transferring output files
...
005 (3322543.023.000) 01/18 02:02:36 Job terminated.
	(1) Normal termination (return value 0)
		Usr 0 00:48:40, Sys 0 00:00:51  -  Run Remote Usage
		Usr 0 00:00:00, Sys 0 00:00:00  -  Run Local Usage
		Usr 0 00:48:40, Sys 0 00:00:51  -  Total Remote Usage
		Usr 0 00:00:00, Sys 0 00:00:00  -  Total Local Usage
	1371  -  Run Bytes Sent By Job
	10522  -  Run Bytes Received By Job
	1371  -  Total Bytes Sent By Job
	10522  -  Total Bytes Received By Job
	Partitionable Resources :    Usage  Request Allocated 
	   Cpus                 :     0.03        4         4 
	   Disk (KB)            :    34           1   3027183 
	   Memory (MB)          :  5782        8000      8000 

	Job terminated of its own accord at 2022-01-18T01:02:36Z.
...
