000 (3317022.005.000) 01/13 15:49:41 Job submitted from host: <188.185.70.244:9618?addrs=188.185.70.244-9618+[2001-1458-d00-7--100-2ee]-9618&alias=bigbird10.cern.ch&noUDP&sock=schedd_7001_aea1>
...
040 (3317022.005.000) 01/13 15:56:59 Started transferring input files
	Transferring to host: <128.142.60.79:9618?addrs=128.142.60.79-9618+[2001-1458-301-22--100-4e]-9618&alias=b7s05p9762.cern.ch&noUDP&sock=slot1_17_3626_984d_27078>
...
040 (3317022.005.000) 01/13 15:56:59 Finished transferring input files
...
001 (3317022.005.000) 01/13 15:57:00 Job executing on host: <128.142.60.79:9618?addrs=128.142.60.79-9618+[2001-1458-301-22--100-4e]-9618&alias=b7s05p9762.cern.ch&noUDP&sock=startd_3061_2b7c>
...
006 (3317022.005.000) 01/13 15:57:09 Image size of job updated: 1256208
	155  -  MemoryUsage of job (MB)
	157840  -  ResidentSetSize of job (KB)
...
006 (3317022.005.000) 01/13 16:02:10 Image size of job updated: 1759196
	280  -  MemoryUsage of job (MB)
	286428  -  ResidentSetSize of job (KB)
...
006 (3317022.005.000) 01/13 16:07:10 Image size of job updated: 1759196
	280  -  MemoryUsage of job (MB)
	286480  -  ResidentSetSize of job (KB)
...
006 (3317022.005.000) 01/13 16:12:10 Image size of job updated: 2413652
	690  -  MemoryUsage of job (MB)
	706100  -  ResidentSetSize of job (KB)
...
006 (3317022.005.000) 01/13 17:12:16 Image size of job updated: 2836344
	1063  -  MemoryUsage of job (MB)
	1087660  -  ResidentSetSize of job (KB)
...
006 (3317022.005.000) 01/13 17:27:17 Image size of job updated: 2836344
	1063  -  MemoryUsage of job (MB)
	1087664  -  ResidentSetSize of job (KB)
...
006 (3317022.005.000) 01/13 18:07:22 Image size of job updated: 3213332
	1389  -  MemoryUsage of job (MB)
	1421796  -  ResidentSetSize of job (KB)
...
006 (3317022.005.000) 01/13 18:27:24 Image size of job updated: 3213332
	1389  -  MemoryUsage of job (MB)
	1421800  -  ResidentSetSize of job (KB)
...
006 (3317022.005.000) 01/13 18:32:24 Image size of job updated: 3672240
	1806  -  MemoryUsage of job (MB)
	1848584  -  ResidentSetSize of job (KB)
...
006 (3317022.005.000) 01/13 18:47:26 Image size of job updated: 4343624
	2274  -  MemoryUsage of job (MB)
	2327952  -  ResidentSetSize of job (KB)
...
006 (3317022.005.000) 01/13 18:52:27 Image size of job updated: 4343624
	2274  -  MemoryUsage of job (MB)
	2327956  -  ResidentSetSize of job (KB)
...
006 (3317022.005.000) 01/13 18:57:28 Image size of job updated: 4691032
	3150  -  MemoryUsage of job (MB)
	3224952  -  ResidentSetSize of job (KB)
...
006 (3317022.005.000) 01/13 19:02:28 Image size of job updated: 5388656
	3285  -  MemoryUsage of job (MB)
	3362840  -  ResidentSetSize of job (KB)
...
006 (3317022.005.000) 01/13 19:07:28 Image size of job updated: 6257280
	4677  -  MemoryUsage of job (MB)
	4788284  -  ResidentSetSize of job (KB)
...
006 (3317022.005.000) 01/13 19:08:20 Image size of job updated: 6687876
	4677  -  MemoryUsage of job (MB)
	4788284  -  ResidentSetSize of job (KB)
...
040 (3317022.005.000) 01/13 19:08:20 Started transferring output files
...
040 (3317022.005.000) 01/13 19:08:20 Finished transferring output files
...
005 (3317022.005.000) 01/13 19:08:20 Job terminated.
	(1) Normal termination (return value 0)
		Usr 0 00:23:07, Sys 0 00:00:34  -  Run Remote Usage
		Usr 0 00:00:00, Sys 0 00:00:00  -  Run Local Usage
		Usr 0 00:23:07, Sys 0 00:00:34  -  Total Remote Usage
		Usr 0 00:00:00, Sys 0 00:00:00  -  Total Local Usage
	36571  -  Run Bytes Sent By Job
	10521  -  Run Bytes Received By Job
	36571  -  Total Bytes Sent By Job
	10521  -  Total Bytes Received By Job
	Partitionable Resources :    Usage  Request Allocated 
	   Cpus                 :     0.98        4         4 
	   Disk (KB)            :    69           1   1004777 
	   Memory (MB)          :  4677        8000      8000 

	Job terminated of its own accord at 2022-01-13T18:08:20Z.
...
