000 (3295144.005.000) 01/10 15:19:50 Job submitted from host: <188.185.70.244:9618?addrs=188.185.70.244-9618+[2001-1458-d00-7--100-2ee]-9618&alias=bigbird10.cern.ch&noUDP&sock=schedd_7001_aea1>
...
040 (3295144.005.000) 01/10 15:26:52 Started transferring input files
	Transferring to host: <188.184.165.117:9618?addrs=188.184.165.117-9618+[2001-1458-301-51--100-70]-9618&alias=b7s14p4148.cern.ch&noUDP&sock=slot1_12_4898_d580_24315>
...
040 (3295144.005.000) 01/10 15:26:52 Finished transferring input files
...
001 (3295144.005.000) 01/10 15:26:53 Job executing on host: <188.184.165.117:9618?addrs=188.184.165.117-9618+[2001-1458-301-51--100-70]-9618&alias=b7s14p4148.cern.ch&noUDP&sock=startd_4668_702e>
...
006 (3295144.005.000) 01/10 15:27:02 Image size of job updated: 34828
	15  -  MemoryUsage of job (MB)
	14932  -  ResidentSetSize of job (KB)
...
006 (3295144.005.000) 01/10 15:32:03 Image size of job updated: 1731988
	273  -  MemoryUsage of job (MB)
	278588  -  ResidentSetSize of job (KB)
...
006 (3295144.005.000) 01/10 15:32:10 Image size of job updated: 1731996
	273  -  MemoryUsage of job (MB)
	278588  -  ResidentSetSize of job (KB)
...
040 (3295144.005.000) 01/10 15:32:10 Started transferring output files
...
040 (3295144.005.000) 01/10 15:32:10 Finished transferring output files
...
005 (3295144.005.000) 01/10 15:32:10 Job terminated.
	(1) Normal termination (return value 0)
		Usr 0 00:00:34, Sys 0 00:00:02  -  Run Remote Usage
		Usr 0 00:00:00, Sys 0 00:00:00  -  Run Local Usage
		Usr 0 00:00:34, Sys 0 00:00:02  -  Total Remote Usage
		Usr 0 00:00:00, Sys 0 00:00:00  -  Total Local Usage
	6469  -  Run Bytes Sent By Job
	10524  -  Run Bytes Received By Job
	6469  -  Total Bytes Sent By Job
	10524  -  Total Bytes Received By Job
	Partitionable Resources :    Usage  Request Allocated 
	   Cpus                 :     0.00        4         4 
	   Disk (KB)            :    40           1   2694626 
	   Memory (MB)          :   273        8000      8000 

	Job terminated of its own accord at 2022-01-10T14:32:10Z.
...
