000 (3295144.007.000) 01/10 15:19:50 Job submitted from host: <188.185.70.244:9618?addrs=188.185.70.244-9618+[2001-1458-d00-7--100-2ee]-9618&alias=bigbird10.cern.ch&noUDP&sock=schedd_7001_aea1>
...
040 (3295144.007.000) 01/10 15:26:54 Started transferring input files
	Transferring to host: <128.142.59.82:9618?addrs=128.142.59.82-9618+[2001-1458-301-21--100-51]-9618&alias=b7s04p3746.cern.ch&noUDP&sock=slot1_9_3597_296b_25471>
...
040 (3295144.007.000) 01/10 15:26:54 Finished transferring input files
...
001 (3295144.007.000) 01/10 15:26:55 Job executing on host: <128.142.59.82:9618?addrs=128.142.59.82-9618+[2001-1458-301-21--100-51]-9618&alias=b7s04p3746.cern.ch&noUDP&sock=startd_2934_0ef5>
...
006 (3295144.007.000) 01/10 15:27:04 Image size of job updated: 305948
	144  -  MemoryUsage of job (MB)
	146888  -  ResidentSetSize of job (KB)
...
006 (3295144.007.000) 01/10 15:31:25 Image size of job updated: 1738500
	144  -  MemoryUsage of job (MB)
	147060  -  ResidentSetSize of job (KB)
...
040 (3295144.007.000) 01/10 15:31:25 Started transferring output files
...
040 (3295144.007.000) 01/10 15:31:25 Finished transferring output files
...
005 (3295144.007.000) 01/10 15:31:25 Job terminated.
	(1) Normal termination (return value 0)
		Usr 0 00:00:25, Sys 0 00:00:02  -  Run Remote Usage
		Usr 0 00:00:00, Sys 0 00:00:00  -  Run Local Usage
		Usr 0 00:00:25, Sys 0 00:00:02  -  Total Remote Usage
		Usr 0 00:00:00, Sys 0 00:00:00  -  Total Local Usage
	5227  -  Run Bytes Sent By Job
	10524  -  Run Bytes Received By Job
	5227  -  Total Bytes Sent By Job
	10524  -  Total Bytes Received By Job
	Partitionable Resources :    Usage  Request Allocated 
	   Cpus                 :        0        4         4 
	   Disk (KB)            :       39        1   1347749 
	   Memory (MB)          :      144     8000      8000 

	Job terminated of its own accord at 2022-01-10T14:31:25Z.
...
