000 (3336047.011.000) 01/19 12:01:53 Job submitted from host: <188.185.70.244:9618?addrs=188.185.70.244-9618+[2001-1458-d00-7--100-2ee]-9618&alias=bigbird10.cern.ch&noUDP&sock=schedd_7001_aea1>
...
040 (3336047.011.000) 01/19 12:21:16 Started transferring input files
	Transferring to host: <128.142.61.14:9618?addrs=128.142.61.14-9618+[2001-1458-301-23--100-d]-9618&alias=b7s06p0992.cern.ch&noUDP&sock=slot1_11_3438_21c5_33726>
...
040 (3336047.011.000) 01/19 12:21:16 Finished transferring input files
...
001 (3336047.011.000) 01/19 12:21:17 Job executing on host: <128.142.61.14:9618?addrs=128.142.61.14-9618+[2001-1458-301-23--100-d]-9618&alias=b7s06p0992.cern.ch&noUDP&sock=startd_2798_c614>
...
006 (3336047.011.000) 01/19 12:21:26 Image size of job updated: 320188
	155  -  MemoryUsage of job (MB)
	157884  -  ResidentSetSize of job (KB)
...
006 (3336047.011.000) 01/19 12:26:27 Image size of job updated: 1727704
	267  -  MemoryUsage of job (MB)
	272516  -  ResidentSetSize of job (KB)
...
006 (3336047.011.000) 01/19 12:31:28 Image size of job updated: 1727704
	268  -  MemoryUsage of job (MB)
	274248  -  ResidentSetSize of job (KB)
...
006 (3336047.011.000) 01/19 12:36:28 Image size of job updated: 1727704
	268  -  MemoryUsage of job (MB)
	274256  -  ResidentSetSize of job (KB)
...
040 (3336047.011.000) 01/19 12:56:12 Started transferring output files
...
040 (3336047.011.000) 01/19 12:56:12 Finished transferring output files
...
005 (3336047.011.000) 01/19 12:56:12 Job terminated.
	(1) Normal termination (return value 0)
		Usr 0 00:00:25, Sys 0 00:00:03  -  Run Remote Usage
		Usr 0 00:00:00, Sys 0 00:00:00  -  Run Local Usage
		Usr 0 00:00:25, Sys 0 00:00:03  -  Total Remote Usage
		Usr 0 00:00:00, Sys 0 00:00:00  -  Total Local Usage
	1368  -  Run Bytes Sent By Job
	11205  -  Run Bytes Received By Job
	1368  -  Total Bytes Sent By Job
	11205  -  Total Bytes Received By Job
	Partitionable Resources :    Usage  Request Allocated 
	   Cpus                 :        0        4         4 
	   Disk (KB)            :       36        1    808083 
	   Memory (MB)          :      268     8000      8000 

	Job terminated of its own accord at 2022-01-19T11:56:12Z.
...
