000 (3277184.006.000) 12/25 15:18:23 Job submitted from host: <188.185.70.244:9618?addrs=188.185.70.244-9618+[2001-1458-d00-7--100-2ee]-9618&alias=bigbird10.cern.ch&noUDP&sock=schedd_2095_9300>
...
040 (3277184.006.000) 12/25 15:20:01 Started transferring input files
	Transferring to host: <188.184.163.186:9618?addrs=188.184.163.186-9618+[2001-1458-301-4d--100-b4]-9618&alias=b7s12p5468.cern.ch&noUDP&sock=slot1_4_4137_a401_8809>
...
040 (3277184.006.000) 12/25 15:20:01 Finished transferring input files
...
001 (3277184.006.000) 12/25 15:20:02 Job executing on host: <188.184.163.186:9618?addrs=188.184.163.186-9618+[2001-1458-301-4d--100-b4]-9618&alias=b7s12p5468.cern.ch&noUDP&sock=startd_3949_4396>
...
006 (3277184.006.000) 12/25 15:20:11 Image size of job updated: 459832
	102  -  MemoryUsage of job (MB)
	103860  -  ResidentSetSize of job (KB)
...
006 (3277184.006.000) 12/25 15:24:31 Image size of job updated: 1747848
	102  -  MemoryUsage of job (MB)
	103996  -  ResidentSetSize of job (KB)
...
040 (3277184.006.000) 12/25 15:24:31 Started transferring output files
...
040 (3277184.006.000) 12/25 15:24:31 Finished transferring output files
...
005 (3277184.006.000) 12/25 15:24:31 Job terminated.
	(1) Normal termination (return value 0)
		Usr 0 00:00:36, Sys 0 00:00:04  -  Run Remote Usage
		Usr 0 00:00:00, Sys 0 00:00:00  -  Run Local Usage
		Usr 0 00:00:36, Sys 0 00:00:04  -  Total Remote Usage
		Usr 0 00:00:00, Sys 0 00:00:00  -  Total Local Usage
	23617  -  Run Bytes Sent By Job
	11213  -  Run Bytes Received By Job
	23617  -  Total Bytes Sent By Job
	11213  -  Total Bytes Received By Job
	Partitionable Resources :    Usage  Request Allocated 
	   Cpus                 :                 4         4 
	   Disk (KB)            :       50        1   2798161 
	   Memory (MB)          :      102     8000      8000 

	Job terminated of its own accord at 2021-12-25T14:24:31Z.
...
