000 (3317022.004.000) 01/13 15:49:41 Job submitted from host: <188.185.70.244:9618?addrs=188.185.70.244-9618+[2001-1458-d00-7--100-2ee]-9618&alias=bigbird10.cern.ch&noUDP&sock=schedd_7001_aea1>
...
040 (3317022.004.000) 01/13 15:56:59 Started transferring input files
	Transferring to host: <128.142.56.90:9618?addrs=128.142.56.90-9618+[2001-1458-301-6--100-59]-9618&alias=b7s01p9716.cern.ch&noUDP&sock=slot1_11_5391_3274_27950>
...
040 (3317022.004.000) 01/13 15:56:59 Finished transferring input files
...
001 (3317022.004.000) 01/13 15:57:00 Job executing on host: <128.142.56.90:9618?addrs=128.142.56.90-9618+[2001-1458-301-6--100-59]-9618&alias=b7s01p9716.cern.ch&noUDP&sock=startd_4859_72c5>
...
006 (3317022.004.000) 01/13 15:57:09 Image size of job updated: 305768
	144  -  MemoryUsage of job (MB)
	146772  -  ResidentSetSize of job (KB)
...
006 (3317022.004.000) 01/13 16:02:10 Image size of job updated: 1868404
	776  -  MemoryUsage of job (MB)
	794500  -  ResidentSetSize of job (KB)
...
006 (3317022.004.000) 01/13 16:07:10 Image size of job updated: 2419500
	776  -  MemoryUsage of job (MB)
	794500  -  ResidentSetSize of job (KB)
...
006 (3317022.004.000) 01/13 16:22:11 Image size of job updated: 2836860
	1040  -  MemoryUsage of job (MB)
	1064904  -  ResidentSetSize of job (KB)
...
006 (3317022.004.000) 01/13 16:27:11 Image size of job updated: 2836860
	1040  -  MemoryUsage of job (MB)
	1064908  -  ResidentSetSize of job (KB)
...
006 (3317022.004.000) 01/13 16:32:12 Image size of job updated: 2836860
	1040  -  MemoryUsage of job (MB)
	1064920  -  ResidentSetSize of job (KB)
...
006 (3317022.004.000) 01/13 16:42:13 Image size of job updated: 3239864
	1357  -  MemoryUsage of job (MB)
	1389312  -  ResidentSetSize of job (KB)
...
006 (3317022.004.000) 01/13 16:57:15 Image size of job updated: 3239864
	1370  -  MemoryUsage of job (MB)
	1402168  -  ResidentSetSize of job (KB)
...
006 (3317022.004.000) 01/13 17:02:15 Image size of job updated: 3689764
	1778  -  MemoryUsage of job (MB)
	1820316  -  ResidentSetSize of job (KB)
...
006 (3317022.004.000) 01/13 17:17:16 Image size of job updated: 4349100
	2602  -  MemoryUsage of job (MB)
	2663608  -  ResidentSetSize of job (KB)
...
006 (3317022.004.000) 01/13 17:37:18 Image size of job updated: 4739356
	2969  -  MemoryUsage of job (MB)
	3039388  -  ResidentSetSize of job (KB)
...
006 (3317022.004.000) 01/13 17:57:21 Image size of job updated: 5347836
	3250  -  MemoryUsage of job (MB)
	3327684  -  ResidentSetSize of job (KB)
...
006 (3317022.004.000) 01/13 18:17:22 Image size of job updated: 5921764
	4347  -  MemoryUsage of job (MB)
	4451172  -  ResidentSetSize of job (KB)
...
006 (3317022.004.000) 01/13 18:37:24 Image size of job updated: 6847372
	4347  -  MemoryUsage of job (MB)
	4451172  -  ResidentSetSize of job (KB)
...
040 (3317022.004.000) 01/13 18:52:45 Started transferring output files
...
040 (3317022.004.000) 01/13 18:52:46 Finished transferring output files
...
005 (3317022.004.000) 01/13 18:52:46 Job terminated.
	(1) Normal termination (return value 0)
		Usr 0 00:28:00, Sys 0 00:00:45  -  Run Remote Usage
		Usr 0 00:00:00, Sys 0 00:00:00  -  Run Local Usage
		Usr 0 00:28:00, Sys 0 00:00:45  -  Total Remote Usage
		Usr 0 00:00:00, Sys 0 00:00:00  -  Total Local Usage
	19230  -  Run Bytes Sent By Job
	10521  -  Run Bytes Received By Job
	19230  -  Total Bytes Sent By Job
	10521  -  Total Bytes Received By Job
	Partitionable Resources :    Usage  Request Allocated 
	   Cpus                 :     0.02        4         4 
	   Disk (KB)            :    53           1   1239107 
	   Memory (MB)          :  4347        8000      8000 

	Job terminated of its own accord at 2022-01-13T17:52:45Z.
...
