000 (3317022.000.000) 01/13 15:49:41 Job submitted from host: <188.185.70.244:9618?addrs=188.185.70.244-9618+[2001-1458-d00-7--100-2ee]-9618&alias=bigbird10.cern.ch&noUDP&sock=schedd_7001_aea1>
...
040 (3317022.000.000) 01/13 15:56:58 Started transferring input files
	Transferring to host: <128.142.137.97:9618?addrs=128.142.137.97-9618+[2001-1458-301-5e--100-55]-9618&alias=b7g19p1130.cern.ch&noUDP&sock=slot1_2_42206_b1ed_74235>
...
040 (3317022.000.000) 01/13 15:56:58 Finished transferring input files
...
001 (3317022.000.000) 01/13 15:56:59 Job executing on host: <128.142.137.97:9618?addrs=128.142.137.97-9618+[2001-1458-301-5e--100-55]-9618&alias=b7g19p1130.cern.ch&noUDP&sock=startd_42163_e3b6>
...
006 (3317022.000.000) 01/13 15:57:10 Image size of job updated: 320116
	155  -  MemoryUsage of job (MB)
	157804  -  ResidentSetSize of job (KB)
...
006 (3317022.000.000) 01/13 16:02:11 Image size of job updated: 1734860
	274  -  MemoryUsage of job (MB)
	279740  -  ResidentSetSize of job (KB)
...
006 (3317022.000.000) 01/13 16:07:11 Image size of job updated: 1734860
	274  -  MemoryUsage of job (MB)
	279880  -  ResidentSetSize of job (KB)
...
006 (3317022.000.000) 01/13 16:12:11 Image size of job updated: 1734860
	274  -  MemoryUsage of job (MB)
	279884  -  ResidentSetSize of job (KB)
...
006 (3317022.000.000) 01/13 16:17:12 Image size of job updated: 1768568
	309  -  MemoryUsage of job (MB)
	315848  -  ResidentSetSize of job (KB)
...
006 (3317022.000.000) 01/13 16:22:12 Image size of job updated: 2407336
	682  -  MemoryUsage of job (MB)
	698204  -  ResidentSetSize of job (KB)
...
006 (3317022.000.000) 01/13 17:12:17 Image size of job updated: 2407336
	682  -  MemoryUsage of job (MB)
	698208  -  ResidentSetSize of job (KB)
...
006 (3317022.000.000) 01/13 17:22:19 Image size of job updated: 2407336
	923  -  MemoryUsage of job (MB)
	944428  -  ResidentSetSize of job (KB)
...
006 (3317022.000.000) 01/13 17:27:19 Image size of job updated: 2830764
	1056  -  MemoryUsage of job (MB)
	1080804  -  ResidentSetSize of job (KB)
...
006 (3317022.000.000) 01/13 18:07:22 Image size of job updated: 2830764
	1058  -  MemoryUsage of job (MB)
	1082780  -  ResidentSetSize of job (KB)
...
006 (3317022.000.000) 01/13 18:12:23 Image size of job updated: 3232036
	1430  -  MemoryUsage of job (MB)
	1463520  -  ResidentSetSize of job (KB)
...
006 (3317022.000.000) 01/13 18:22:23 Image size of job updated: 3232036
	1430  -  MemoryUsage of job (MB)
	1463524  -  ResidentSetSize of job (KB)
...
006 (3317022.000.000) 01/13 18:32:25 Image size of job updated: 3716644
	1766  -  MemoryUsage of job (MB)
	1807532  -  ResidentSetSize of job (KB)
...
006 (3317022.000.000) 01/13 18:47:27 Image size of job updated: 3716644
	1766  -  MemoryUsage of job (MB)
	1807536  -  ResidentSetSize of job (KB)
...
006 (3317022.000.000) 01/13 18:52:27 Image size of job updated: 4199832
	2651  -  MemoryUsage of job (MB)
	2714104  -  ResidentSetSize of job (KB)
...
006 (3317022.000.000) 01/13 20:12:34 Image size of job updated: 4778184
	3007  -  MemoryUsage of job (MB)
	3078548  -  ResidentSetSize of job (KB)
...
006 (3317022.000.000) 01/13 21:07:39 Image size of job updated: 5354320
	3802  -  MemoryUsage of job (MB)
	3892400  -  ResidentSetSize of job (KB)
...
006 (3317022.000.000) 01/13 21:52:44 Image size of job updated: 5957232
	4358  -  MemoryUsage of job (MB)
	4462412  -  ResidentSetSize of job (KB)
...
006 (3317022.000.000) 01/13 22:22:47 Image size of job updated: 6589308
	4358  -  MemoryUsage of job (MB)
	4462412  -  ResidentSetSize of job (KB)
...
040 (3317022.000.000) 01/13 22:39:49 Started transferring output files
...
040 (3317022.000.000) 01/13 22:39:49 Finished transferring output files
...
005 (3317022.000.000) 01/13 22:39:49 Job terminated.
	(1) Normal termination (return value 0)
		Usr 0 00:48:27, Sys 0 00:01:15  -  Run Remote Usage
		Usr 0 00:00:00, Sys 0 00:00:00  -  Run Local Usage
		Usr 0 00:48:27, Sys 0 00:01:15  -  Total Remote Usage
		Usr 0 00:00:00, Sys 0 00:00:00  -  Total Local Usage
	19436  -  Run Bytes Sent By Job
	10521  -  Run Bytes Received By Job
	19436  -  Total Bytes Sent By Job
	10521  -  Total Bytes Received By Job
	Partitionable Resources :    Usage  Request Allocated 
	   Cpus                 :     0.03        4         4 
	   Disk (KB)            :    53           1   1261150 
	   Memory (MB)          :  4358        8000      8000 

	Job terminated of its own accord at 2022-01-13T21:39:49Z.
...
