000 (3322541.024.000) 01/17 18:39:18 Job submitted from host: <188.185.70.244:9618?addrs=188.185.70.244-9618+[2001-1458-d00-7--100-2ee]-9618&alias=bigbird10.cern.ch&noUDP&sock=schedd_7001_aea1>
...
040 (3322541.024.000) 01/17 20:04:20 Started transferring input files
	Transferring to host: <128.142.57.22:9618?addrs=128.142.57.22-9618+[2001-1458-301-7--100-15]-9618&alias=b7s02p4264.cern.ch&noUDP&sock=slot1_4_3597_296b_35505>
...
040 (3322541.024.000) 01/17 20:04:20 Finished transferring input files
...
001 (3322541.024.000) 01/17 20:04:21 Job executing on host: <128.142.57.22:9618?addrs=128.142.57.22-9618+[2001-1458-301-7--100-15]-9618&alias=b7s02p4264.cern.ch&noUDP&sock=startd_2937_1dbe>
...
006 (3322541.024.000) 01/17 20:04:29 Image size of job updated: 378932
	186  -  MemoryUsage of job (MB)
	190136  -  ResidentSetSize of job (KB)
...
006 (3322541.024.000) 01/17 20:08:22 Image size of job updated: 1727056
	186  -  MemoryUsage of job (MB)
	190140  -  ResidentSetSize of job (KB)
...
040 (3322541.024.000) 01/17 20:08:22 Started transferring output files
...
040 (3322541.024.000) 01/17 20:08:22 Finished transferring output files
...
005 (3322541.024.000) 01/17 20:08:22 Job terminated.
	(1) Normal termination (return value 0)
		Usr 0 00:00:11, Sys 0 00:00:02  -  Run Remote Usage
		Usr 0 00:00:00, Sys 0 00:00:00  -  Run Local Usage
		Usr 0 00:00:11, Sys 0 00:00:02  -  Total Remote Usage
		Usr 0 00:00:00, Sys 0 00:00:00  -  Total Local Usage
	1501  -  Run Bytes Sent By Job
	10525  -  Run Bytes Received By Job
	1501  -  Total Bytes Sent By Job
	10525  -  Total Bytes Received By Job
	Partitionable Resources :    Usage  Request Allocated 
	   Cpus                 :                 4         4 
	   Disk (KB)            :       29        1   1245530 
	   Memory (MB)          :      186     8000      8000 

	Job terminated of its own accord at 2022-01-17T19:08:22Z.
...
