000 (3322543.011.000) 01/17 18:39:25 Job submitted from host: <188.185.70.244:9618?addrs=188.185.70.244-9618+[2001-1458-d00-7--100-2ee]-9618&alias=bigbird10.cern.ch&noUDP&sock=schedd_7001_aea1>
...
040 (3322543.011.000) 01/17 20:30:17 Started transferring input files
	Transferring to host: <128.142.61.71:9618?addrs=128.142.61.71-9618+[2001-1458-301-23--100-46]-9618&alias=b7s06p6152.cern.ch&noUDP&sock=slot1_2_3631_1e2d_34057>
...
040 (3322543.011.000) 01/17 20:30:17 Finished transferring input files
...
001 (3322543.011.000) 01/17 20:30:18 Job executing on host: <128.142.61.71:9618?addrs=128.142.61.71-9618+[2001-1458-301-23--100-46]-9618&alias=b7s06p6152.cern.ch&noUDP&sock=startd_3564_2fa0>
...
006 (3322543.011.000) 01/17 20:30:27 Image size of job updated: 796428
	160  -  MemoryUsage of job (MB)
	163344  -  ResidentSetSize of job (KB)
...
006 (3322543.011.000) 01/17 20:35:28 Image size of job updated: 1749204
	269  -  MemoryUsage of job (MB)
	275420  -  ResidentSetSize of job (KB)
...
006 (3322543.011.000) 01/17 20:40:28 Image size of job updated: 2768980
	859  -  MemoryUsage of job (MB)
	878648  -  ResidentSetSize of job (KB)
...
006 (3322543.011.000) 01/17 21:00:30 Image size of job updated: 2768980
	859  -  MemoryUsage of job (MB)
	878652  -  ResidentSetSize of job (KB)
...
006 (3322543.011.000) 01/17 21:15:32 Image size of job updated: 2768980
	859  -  MemoryUsage of job (MB)
	878656  -  ResidentSetSize of job (KB)
...
006 (3322543.011.000) 01/17 22:25:39 Image size of job updated: 2768980
	859  -  MemoryUsage of job (MB)
	878660  -  ResidentSetSize of job (KB)
...
006 (3322543.011.000) 01/17 23:30:45 Image size of job updated: 3294828
	1771  -  MemoryUsage of job (MB)
	1813360  -  ResidentSetSize of job (KB)
...
006 (3322543.011.000) 01/18 00:30:51 Image size of job updated: 4044052
	2099  -  MemoryUsage of job (MB)
	2149180  -  ResidentSetSize of job (KB)
...
006 (3322543.011.000) 01/18 00:35:51 Image size of job updated: 4044052
	2102  -  MemoryUsage of job (MB)
	2151844  -  ResidentSetSize of job (KB)
...
006 (3322543.011.000) 01/18 00:40:51 Image size of job updated: 4421152
	2380  -  MemoryUsage of job (MB)
	2436980  -  ResidentSetSize of job (KB)
...
040 (3322543.011.000) 01/18 01:30:34 Started transferring output files
...
040 (3322543.011.000) 01/18 01:30:34 Finished transferring output files
...
009 (3322543.011.000) 01/18 01:30:35 Job was aborted.
	Job removed by SYSTEM_PERIODIC_REMOVE due to wall time exceeded allowed max.
...
