000 (3314657.015.000) 01/11 16:27:32 Job submitted from host: <188.185.70.244:9618?addrs=188.185.70.244-9618+[2001-1458-d00-7--100-2ee]-9618&alias=bigbird10.cern.ch&noUDP&sock=schedd_7001_aea1>
...
040 (3314657.015.000) 01/11 20:00:32 Started transferring input files
	Transferring to host: <128.142.56.75:9618?addrs=128.142.56.75-9618+[2001-1458-301-6--100-4a]-9618&alias=b7s01p4222.cern.ch&noUDP&sock=slot1_7_3588_d20b_25890>
...
040 (3314657.015.000) 01/11 20:00:32 Finished transferring input files
...
001 (3314657.015.000) 01/11 20:00:33 Job executing on host: <128.142.56.75:9618?addrs=128.142.56.75-9618+[2001-1458-301-6--100-4a]-9618&alias=b7s01p4222.cern.ch&noUDP&sock=startd_3008_d0f7>
...
006 (3314657.015.000) 01/11 20:00:42 Image size of job updated: 1256192
	155  -  MemoryUsage of job (MB)
	157792  -  ResidentSetSize of job (KB)
...
006 (3314657.015.000) 01/11 20:05:43 Image size of job updated: 1734180
	265  -  MemoryUsage of job (MB)
	271236  -  ResidentSetSize of job (KB)
...
006 (3314657.015.000) 01/11 20:10:43 Image size of job updated: 2384324
	738  -  MemoryUsage of job (MB)
	755392  -  ResidentSetSize of job (KB)
...
006 (3314657.015.000) 01/11 20:40:47 Image size of job updated: 2384324
	738  -  MemoryUsage of job (MB)
	755396  -  ResidentSetSize of job (KB)
...
006 (3314657.015.000) 01/11 20:55:48 Image size of job updated: 2384324
	749  -  MemoryUsage of job (MB)
	766184  -  ResidentSetSize of job (KB)
...
006 (3314657.015.000) 01/11 21:00:48 Image size of job updated: 3137556
	1169  -  MemoryUsage of job (MB)
	1196172  -  ResidentSetSize of job (KB)
...
006 (3314657.015.000) 01/11 21:20:50 Image size of job updated: 3137556
	1169  -  MemoryUsage of job (MB)
	1196456  -  ResidentSetSize of job (KB)
...
006 (3314657.015.000) 01/11 21:25:51 Image size of job updated: 3491656
	1612  -  MemoryUsage of job (MB)
	1649912  -  ResidentSetSize of job (KB)
...
006 (3314657.015.000) 01/11 21:40:53 Image size of job updated: 3491656
	1612  -  MemoryUsage of job (MB)
	1650020  -  ResidentSetSize of job (KB)
...
006 (3314657.015.000) 01/11 21:45:54 Image size of job updated: 3958572
	2043  -  MemoryUsage of job (MB)
	2091780  -  ResidentSetSize of job (KB)
...
006 (3314657.015.000) 01/11 21:50:54 Image size of job updated: 3958572
	2043  -  MemoryUsage of job (MB)
	2091784  -  ResidentSetSize of job (KB)
...
006 (3314657.015.000) 01/11 22:05:56 Image size of job updated: 4702016
	2917  -  MemoryUsage of job (MB)
	2986256  -  ResidentSetSize of job (KB)
...
006 (3314657.015.000) 01/11 22:25:57 Image size of job updated: 4702016
	2920  -  MemoryUsage of job (MB)
	2989196  -  ResidentSetSize of job (KB)
...
006 (3314657.015.000) 01/11 22:30:58 Image size of job updated: 5371556
	3449  -  MemoryUsage of job (MB)
	3531100  -  ResidentSetSize of job (KB)
...
006 (3314657.015.000) 01/11 22:46:00 Image size of job updated: 5371556
	3449  -  MemoryUsage of job (MB)
	3531104  -  ResidentSetSize of job (KB)
...
006 (3314657.015.000) 01/11 22:56:01 Image size of job updated: 6425632
	3873  -  MemoryUsage of job (MB)
	3965644  -  ResidentSetSize of job (KB)
...
006 (3314657.015.000) 01/11 23:16:03 Image size of job updated: 6918852
	5305  -  MemoryUsage of job (MB)
	5431480  -  ResidentSetSize of job (KB)
...
006 (3314657.015.000) 01/11 23:41:06 Image size of job updated: 7690120
	5305  -  MemoryUsage of job (MB)
	5431480  -  ResidentSetSize of job (KB)
...
040 (3314657.015.000) 01/12 00:00:18 Entered queue to transfer output files
...
040 (3314657.015.000) 01/12 00:00:18 Started transferring output files
...
040 (3314657.015.000) 01/12 00:00:18 Finished transferring output files
...
005 (3314657.015.000) 01/12 00:00:18 Job terminated.
	(1) Normal termination (return value 0)
		Usr 0 00:34:40, Sys 0 00:00:46  -  Run Remote Usage
		Usr 0 00:00:00, Sys 0 00:00:00  -  Run Local Usage
		Usr 0 00:34:40, Sys 0 00:00:46  -  Total Remote Usage
		Usr 0 00:00:00, Sys 0 00:00:00  -  Total Local Usage
	25421  -  Run Bytes Sent By Job
	10521  -  Run Bytes Received By Job
	25421  -  Total Bytes Sent By Job
	10521  -  Total Bytes Received By Job
	Partitionable Resources :    Usage  Request Allocated 
	   Cpus                 :     0.05        4         4 
	   Disk (KB)            :    56           1   1259028 
	   Memory (MB)          :  5305        8000      8000 

	Job terminated of its own accord at 2022-01-11T23:00:13Z.
...
