000 (3273608.000.000) 12/17 12:17:53 Job submitted from host: <188.185.70.244:9618?addrs=188.185.70.244-9618+[2001-1458-d00-7--100-2ee]-9618&alias=bigbird10.cern.ch&noUDP&sock=schedd_2095_9300>
...
040 (3273608.000.000) 12/17 12:31:43 Started transferring input files
	Transferring to host: <128.142.60.35:9618?addrs=128.142.60.35-9618+[2001-1458-301-22--100-22]-9618&alias=b7s05p3390.cern.ch&noUDP&sock=slot1_7_4435_9bcd_987>
...
040 (3273608.000.000) 12/17 12:31:43 Finished transferring input files
...
001 (3273608.000.000) 12/17 12:31:44 Job executing on host: <128.142.60.35:9618?addrs=128.142.60.35-9618+[2001-1458-301-22--100-22]-9618&alias=b7s05p3390.cern.ch&noUDP&sock=startd_3997_3022>
...
006 (3273608.000.000) 12/17 12:31:53 Image size of job updated: 716312
	155  -  MemoryUsage of job (MB)
	157796  -  ResidentSetSize of job (KB)
...
006 (3273608.000.000) 12/17 12:36:53 Image size of job updated: 2574968
	1071  -  MemoryUsage of job (MB)
	1096040  -  ResidentSetSize of job (KB)
...
006 (3273608.000.000) 12/17 12:41:54 Image size of job updated: 2591352
	1087  -  MemoryUsage of job (MB)
	1112424  -  ResidentSetSize of job (KB)
...
040 (3273608.000.000) 12/17 13:29:19 Started transferring output files
...
040 (3273608.000.000) 12/17 13:29:19 Finished transferring output files
...
005 (3273608.000.000) 12/17 13:29:19 Job terminated.
	(1) Normal termination (return value 1)
		Usr 0 00:11:11, Sys 0 00:00:06  -  Run Remote Usage
		Usr 0 00:00:00, Sys 0 00:00:00  -  Run Local Usage
		Usr 0 00:11:11, Sys 0 00:00:06  -  Total Remote Usage
		Usr 0 00:00:00, Sys 0 00:00:00  -  Total Local Usage
	40823  -  Run Bytes Sent By Job
	11179  -  Run Bytes Received By Job
	40823  -  Total Bytes Sent By Job
	11179  -  Total Bytes Received By Job
	Partitionable Resources :    Usage  Request Allocated 
	   Cpus                 :        0        4         4 
	   Disk (KB)            :       74        1   1327798 
	   Memory (MB)          :     1087     8000      8000 

	Job terminated of its own accord at 2021-12-17T12:29:19Z.
...
