000 (3275853.007.000) 12/22 11:21:42 Job submitted from host: <188.185.70.244:9618?addrs=188.185.70.244-9618+[2001-1458-d00-7--100-2ee]-9618&alias=bigbird10.cern.ch&noUDP&sock=schedd_2095_9300>
...
040 (3275853.007.000) 12/22 11:36:05 Started transferring input files
	Transferring to host: <128.142.58.79:9618?addrs=128.142.58.79-9618&alias=b7s03p1923.cern.ch&noUDP&sock=slot1_13_3594_0c4b_5764>
...
040 (3275853.007.000) 12/22 11:36:05 Finished transferring input files
...
001 (3275853.007.000) 12/22 11:36:06 Job executing on host: <128.142.58.79:9618?addrs=128.142.58.79-9618&alias=b7s03p1923.cern.ch&noUDP&sock=startd_2558_2759>
...
006 (3275853.007.000) 12/22 11:36:14 Image size of job updated: 294240
	200  -  MemoryUsage of job (MB)
	204148  -  ResidentSetSize of job (KB)
...
006 (3275853.007.000) 12/22 11:39:11 Image size of job updated: 1729236
	200  -  MemoryUsage of job (MB)
	204432  -  ResidentSetSize of job (KB)
...
040 (3275853.007.000) 12/22 11:39:11 Started transferring output files
...
040 (3275853.007.000) 12/22 11:39:11 Finished transferring output files
...
005 (3275853.007.000) 12/22 11:39:11 Job terminated.
	(1) Normal termination (return value 0)
		Usr 0 00:00:21, Sys 0 00:00:02  -  Run Remote Usage
		Usr 0 00:00:00, Sys 0 00:00:00  -  Run Local Usage
		Usr 0 00:00:21, Sys 0 00:00:02  -  Total Remote Usage
		Usr 0 00:00:00, Sys 0 00:00:00  -  Total Local Usage
	9187  -  Run Bytes Sent By Job
	11179  -  Run Bytes Received By Job
	9187  -  Total Bytes Sent By Job
	11179  -  Total Bytes Received By Job
	Partitionable Resources :    Usage  Request Allocated 
	   Cpus                 :                 4         4 
	   Disk (KB)            :       37        1   1230890 
	   Memory (MB)          :      200     8000      8000 

	Job terminated of its own accord at 2021-12-22T10:39:11Z.
...
