000 (3274080.013.000) 12/17 17:40:44 Job submitted from host: <188.185.70.244:9618?addrs=188.185.70.244-9618+[2001-1458-d00-7--100-2ee]-9618&alias=bigbird10.cern.ch&noUDP&sock=schedd_2095_9300>
...
040 (3274080.013.000) 12/17 18:28:49 Started transferring input files
	Transferring to host: <188.184.165.69:9618?addrs=188.184.165.69-9618+[2001-1458-301-51--100-40]-9618&alias=b7s14p3493.cern.ch&noUDP&sock=slot1_6_3974_cadb_1273>
...
040 (3274080.013.000) 12/17 18:28:49 Finished transferring input files
...
001 (3274080.013.000) 12/17 18:28:50 Job executing on host: <188.184.165.69:9618?addrs=188.184.165.69-9618+[2001-1458-301-51--100-40]-9618&alias=b7s14p3493.cern.ch&noUDP&sock=startd_3321_821c>
...
006 (3274080.013.000) 12/17 18:28:58 Image size of job updated: 447156
	26  -  MemoryUsage of job (MB)
	26000  -  ResidentSetSize of job (KB)
...
006 (3274080.013.000) 12/17 18:33:58 Image size of job updated: 1740952
	279  -  MemoryUsage of job (MB)
	285500  -  ResidentSetSize of job (KB)
...
006 (3274080.013.000) 12/17 18:38:59 Image size of job updated: 2607320
	1105  -  MemoryUsage of job (MB)
	1130896  -  ResidentSetSize of job (KB)
...
006 (3274080.013.000) 12/17 18:43:59 Image size of job updated: 2623704
	1121  -  MemoryUsage of job (MB)
	1147280  -  ResidentSetSize of job (KB)
...
006 (3274080.013.000) 12/17 18:48:59 Image size of job updated: 2931596
	1121  -  MemoryUsage of job (MB)
	1147280  -  ResidentSetSize of job (KB)
...
040 (3274080.013.000) 12/17 19:07:44 Started transferring output files
...
040 (3274080.013.000) 12/17 19:07:45 Finished transferring output files
...
005 (3274080.013.000) 12/17 19:07:45 Job terminated.
	(1) Normal termination (return value 0)
		Usr 0 00:19:51, Sys 0 00:00:09  -  Run Remote Usage
		Usr 0 00:00:00, Sys 0 00:00:00  -  Run Local Usage
		Usr 0 00:19:51, Sys 0 00:00:09  -  Total Remote Usage
		Usr 0 00:00:00, Sys 0 00:00:00  -  Total Local Usage
	11687066  -  Run Bytes Sent By Job
	11179  -  Run Bytes Received By Job
	11687066  -  Total Bytes Sent By Job
	11179  -  Total Bytes Received By Job
	Partitionable Resources :    Usage  Request Allocated 
	   Cpus                 :     0.04        4         4 
	   Disk (KB)            : 11448           1   3052780 
	   Memory (MB)          :  1121        8000      8000 

	Job terminated of its own accord at 2021-12-17T18:07:44Z.
...
