000 (3318320.000.000) 01/14 16:24:32 Job submitted from host: <188.185.70.244:9618?addrs=188.185.70.244-9618+[2001-1458-d00-7--100-2ee]-9618&alias=bigbird10.cern.ch&noUDP&sock=schedd_7001_aea1>
...
040 (3318320.000.000) 01/14 17:33:39 Started transferring input files
	Transferring to host: <128.142.56.44:9618?addrs=128.142.56.44-9618+[2001-1458-301-6--100-2b]-9618&alias=b7s01p7499.cern.ch&noUDP&sock=slot1_21_3603_63ac_28468>
...
040 (3318320.000.000) 01/14 17:33:39 Finished transferring input files
...
001 (3318320.000.000) 01/14 17:33:40 Job executing on host: <128.142.56.44:9618?addrs=128.142.56.44-9618+[2001-1458-301-6--100-2b]-9618&alias=b7s01p7499.cern.ch&noUDP&sock=startd_2827_aa53>
...
006 (3318320.000.000) 01/14 17:33:48 Image size of job updated: 320176
	155  -  MemoryUsage of job (MB)
	157876  -  ResidentSetSize of job (KB)
...
006 (3318320.000.000) 01/14 17:38:48 Image size of job updated: 1902284
	435  -  MemoryUsage of job (MB)
	445172  -  ResidentSetSize of job (KB)
...
006 (3318320.000.000) 01/14 17:43:49 Image size of job updated: 1902284
	435  -  MemoryUsage of job (MB)
	445284  -  ResidentSetSize of job (KB)
...
006 (3318320.000.000) 01/14 17:48:50 Image size of job updated: 2067120
	592  -  MemoryUsage of job (MB)
	605224  -  ResidentSetSize of job (KB)
...
006 (3318320.000.000) 01/14 18:33:54 Image size of job updated: 2067120
	592  -  MemoryUsage of job (MB)
	605236  -  ResidentSetSize of job (KB)
...
006 (3318320.000.000) 01/14 18:38:55 Image size of job updated: 2279392
	806  -  MemoryUsage of job (MB)
	824376  -  ResidentSetSize of job (KB)
...
006 (3318320.000.000) 01/14 19:18:58 Image size of job updated: 2526800
	933  -  MemoryUsage of job (MB)
	954420  -  ResidentSetSize of job (KB)
...
006 (3318320.000.000) 01/14 19:23:59 Image size of job updated: 2526800
	933  -  MemoryUsage of job (MB)
	954428  -  ResidentSetSize of job (KB)
...
006 (3318320.000.000) 01/14 19:54:01 Image size of job updated: 2938556
	1217  -  MemoryUsage of job (MB)
	1245800  -  ResidentSetSize of job (KB)
...
006 (3318320.000.000) 01/14 20:14:04 Image size of job updated: 3151460
	1455  -  MemoryUsage of job (MB)
	1489232  -  ResidentSetSize of job (KB)
...
006 (3318320.000.000) 01/14 20:39:07 Image size of job updated: 3547548
	1774  -  MemoryUsage of job (MB)
	1815920  -  ResidentSetSize of job (KB)
...
006 (3318320.000.000) 01/14 20:59:10 Image size of job updated: 3977208
	2159  -  MemoryUsage of job (MB)
	2210464  -  ResidentSetSize of job (KB)
...
006 (3318320.000.000) 01/14 21:24:13 Image size of job updated: 4554984
	2514  -  MemoryUsage of job (MB)
	2573580  -  ResidentSetSize of job (KB)
...
040 (3318320.000.000) 01/14 21:42:29 Entered queue to transfer output files
...
040 (3318320.000.000) 01/14 21:44:00 Started transferring output files
...
040 (3318320.000.000) 01/14 21:44:00 Finished transferring output files
...
005 (3318320.000.000) 01/14 21:44:00 Job terminated.
	(1) Normal termination (return value 0)
		Usr 0 00:13:36, Sys 0 00:00:38  -  Run Remote Usage
		Usr 0 00:00:00, Sys 0 00:00:00  -  Run Local Usage
		Usr 0 00:13:36, Sys 0 00:00:38  -  Total Remote Usage
		Usr 0 00:00:00, Sys 0 00:00:00  -  Total Local Usage
	1834  -  Run Bytes Sent By Job
	10521  -  Run Bytes Received By Job
	1834  -  Total Bytes Sent By Job
	10521  -  Total Bytes Received By Job
	Partitionable Resources :    Usage  Request Allocated 
	   Cpus                 :     0.07        4         4 
	   Disk (KB)            :    35           1   1237706 
	   Memory (MB)          :  2514        8000      8000 

	Job terminated of its own accord at 2022-01-14T20:42:24Z.
...
