000 (3298994.013.000) 01/10 16:46:13 Job submitted from host: <188.185.70.244:9618?addrs=188.185.70.244-9618+[2001-1458-d00-7--100-2ee]-9618&alias=bigbird10.cern.ch&noUDP&sock=schedd_7001_aea1>
...
040 (3298994.013.000) 01/10 16:52:49 Started transferring input files
	Transferring to host: <128.142.56.73:9618?addrs=128.142.56.73-9618&alias=b7s01p3383.cern.ch&noUDP&sock=slot1_14_5174_4d0b_28837>
...
040 (3298994.013.000) 01/10 16:52:49 Finished transferring input files
...
001 (3298994.013.000) 01/10 16:52:50 Job executing on host: <128.142.56.73:9618?addrs=128.142.56.73-9618&alias=b7s01p3383.cern.ch&noUDP&sock=startd_4820_b293>
...
006 (3298994.013.000) 01/10 16:52:58 Image size of job updated: 320084
	201  -  MemoryUsage of job (MB)
	205588  -  ResidentSetSize of job (KB)
...
006 (3298994.013.000) 01/10 16:56:39 Image size of job updated: 1724452
	201  -  MemoryUsage of job (MB)
	205716  -  ResidentSetSize of job (KB)
...
040 (3298994.013.000) 01/10 16:56:39 Started transferring output files
...
040 (3298994.013.000) 01/10 16:56:39 Finished transferring output files
...
005 (3298994.013.000) 01/10 16:56:39 Job terminated.
	(1) Normal termination (return value 0)
		Usr 0 00:00:19, Sys 0 00:00:03  -  Run Remote Usage
		Usr 0 00:00:00, Sys 0 00:00:00  -  Run Local Usage
		Usr 0 00:00:19, Sys 0 00:00:03  -  Total Remote Usage
		Usr 0 00:00:00, Sys 0 00:00:00  -  Total Local Usage
	4721  -  Run Bytes Sent By Job
	10524  -  Run Bytes Received By Job
	4721  -  Total Bytes Sent By Job
	10524  -  Total Bytes Received By Job
	Partitionable Resources :    Usage  Request Allocated 
	   Cpus                 :                 4         4 
	   Disk (KB)            :       32        1    959853 
	   Memory (MB)          :      201     8000      8000 

	Job terminated of its own accord at 2022-01-10T15:56:39Z.
...
