000 (3317022.023.000) 01/13 15:49:41 Job submitted from host: <188.185.70.244:9618?addrs=188.185.70.244-9618+[2001-1458-d00-7--100-2ee]-9618&alias=bigbird10.cern.ch&noUDP&sock=schedd_7001_aea1>
...
040 (3317022.023.000) 01/13 15:57:06 Started transferring input files
	Transferring to host: <188.184.165.98:9618?addrs=188.184.165.98-9618+[2001-1458-301-51--100-5d]-9618&alias=b7s14p9792.cern.ch&noUDP&sock=slot1_20_3507_bfa8_26908>
...
040 (3317022.023.000) 01/13 15:57:06 Finished transferring input files
...
001 (3317022.023.000) 01/13 15:57:07 Job executing on host: <188.184.165.98:9618?addrs=188.184.165.98-9618+[2001-1458-301-51--100-5d]-9618&alias=b7s14p9792.cern.ch&noUDP&sock=startd_3124_61f4>
...
006 (3317022.023.000) 01/13 15:57:16 Image size of job updated: 320144
	155  -  MemoryUsage of job (MB)
	157844  -  ResidentSetSize of job (KB)
...
006 (3317022.023.000) 01/13 16:02:17 Image size of job updated: 1735728
	275  -  MemoryUsage of job (MB)
	281024  -  ResidentSetSize of job (KB)
...
006 (3317022.023.000) 01/13 16:07:17 Image size of job updated: 1735728
	275  -  MemoryUsage of job (MB)
	281040  -  ResidentSetSize of job (KB)
...
006 (3317022.023.000) 01/13 16:12:18 Image size of job updated: 2410024
	915  -  MemoryUsage of job (MB)
	936468  -  ResidentSetSize of job (KB)
...
006 (3317022.023.000) 01/13 17:02:23 Image size of job updated: 2814604
	1032  -  MemoryUsage of job (MB)
	1056104  -  ResidentSetSize of job (KB)
...
006 (3317022.023.000) 01/13 17:07:24 Image size of job updated: 2814604
	1032  -  MemoryUsage of job (MB)
	1056108  -  ResidentSetSize of job (KB)
...
006 (3317022.023.000) 01/13 17:27:26 Image size of job updated: 2814604
	1032  -  MemoryUsage of job (MB)
	1056696  -  ResidentSetSize of job (KB)
...
006 (3317022.023.000) 01/13 17:32:26 Image size of job updated: 3221024
	1374  -  MemoryUsage of job (MB)
	1406832  -  ResidentSetSize of job (KB)
...
006 (3317022.023.000) 01/13 17:52:28 Image size of job updated: 3221024
	1374  -  MemoryUsage of job (MB)
	1406836  -  ResidentSetSize of job (KB)
...
006 (3317022.023.000) 01/13 17:57:29 Image size of job updated: 3708884
	1828  -  MemoryUsage of job (MB)
	1871624  -  ResidentSetSize of job (KB)
...
006 (3317022.023.000) 01/13 18:22:32 Image size of job updated: 4192540
	2271  -  MemoryUsage of job (MB)
	2324836  -  ResidentSetSize of job (KB)
...
006 (3317022.023.000) 01/13 18:27:32 Image size of job updated: 4192540
	2272  -  MemoryUsage of job (MB)
	2326496  -  ResidentSetSize of job (KB)
...
006 (3317022.023.000) 01/13 19:47:41 Image size of job updated: 4734832
	3194  -  MemoryUsage of job (MB)
	3269748  -  ResidentSetSize of job (KB)
...
006 (3317022.023.000) 01/13 20:17:45 Image size of job updated: 5318752
	3245  -  MemoryUsage of job (MB)
	3322800  -  ResidentSetSize of job (KB)
...
006 (3317022.023.000) 01/13 20:57:49 Image size of job updated: 5318752
	3246  -  MemoryUsage of job (MB)
	3322884  -  ResidentSetSize of job (KB)
...
006 (3317022.023.000) 01/13 21:02:50 Image size of job updated: 5908284
	3662  -  MemoryUsage of job (MB)
	3748904  -  ResidentSetSize of job (KB)
...
006 (3317022.023.000) 01/13 21:17:51 Image size of job updated: 5908284
	3662  -  MemoryUsage of job (MB)
	3748908  -  ResidentSetSize of job (KB)
...
006 (3317022.023.000) 01/13 21:27:51 Image size of job updated: 5908284
	3669  -  MemoryUsage of job (MB)
	3756092  -  ResidentSetSize of job (KB)
...
006 (3317022.023.000) 01/13 21:32:52 Image size of job updated: 6860068
	4599  -  MemoryUsage of job (MB)
	4708728  -  ResidentSetSize of job (KB)
...
040 (3317022.023.000) 01/13 21:48:33 Started transferring output files
...
040 (3317022.023.000) 01/13 21:48:33 Finished transferring output files
...
005 (3317022.023.000) 01/13 21:48:33 Job terminated.
	(1) Normal termination (return value 0)
		Usr 0 00:32:34, Sys 0 00:00:42  -  Run Remote Usage
		Usr 0 00:00:00, Sys 0 00:00:00  -  Run Local Usage
		Usr 0 00:32:34, Sys 0 00:00:42  -  Total Remote Usage
		Usr 0 00:00:00, Sys 0 00:00:00  -  Total Local Usage
	18892  -  Run Bytes Sent By Job
	10521  -  Run Bytes Received By Job
	18892  -  Total Bytes Sent By Job
	10521  -  Total Bytes Received By Job
	Partitionable Resources :    Usage  Request Allocated 
	   Cpus                 :     0.03        4         4 
	   Disk (KB)            :    52           1   2679207 
	   Memory (MB)          :  4599        8000      8000 

	Job terminated of its own accord at 2022-01-13T20:48:32Z.
...
