000 (3275832.018.000) 12/22 10:47:45 Job submitted from host: <188.185.70.244:9618?addrs=188.185.70.244-9618+[2001-1458-d00-7--100-2ee]-9618&alias=bigbird10.cern.ch&noUDP&sock=schedd_2095_9300>
...
040 (3275832.018.000) 12/22 10:58:57 Started transferring input files
	Transferring to host: <128.142.137.136:9618?addrs=128.142.137.136-9618+[2001-1458-301-5e--100-7c]-9618&alias=b7g19p4737.cern.ch&noUDP&sock=slot1_12_25757_e2f0_55674>
...
040 (3275832.018.000) 12/22 10:58:57 Finished transferring input files
...
001 (3275832.018.000) 12/22 10:58:58 Job executing on host: <128.142.137.136:9618?addrs=128.142.137.136-9618+[2001-1458-301-5e--100-7c]-9618&alias=b7g19p4737.cern.ch&noUDP&sock=startd_4459_14e3>
...
006 (3275832.018.000) 12/22 10:59:01 Image size of job updated: 1
	0  -  MemoryUsage of job (MB)
	0  -  ResidentSetSize of job (KB)
...
040 (3275832.018.000) 12/22 10:59:01 Started transferring output files
...
040 (3275832.018.000) 12/22 10:59:01 Finished transferring output files
...
005 (3275832.018.000) 12/22 10:59:01 Job terminated.
	(1) Normal termination (return value 1)
		Usr 0 00:00:01, Sys 0 00:00:00  -  Run Remote Usage
		Usr 0 00:00:00, Sys 0 00:00:00  -  Run Local Usage
		Usr 0 00:00:01, Sys 0 00:00:00  -  Total Remote Usage
		Usr 0 00:00:00, Sys 0 00:00:00  -  Total Local Usage
	195  -  Run Bytes Sent By Job
	11179  -  Run Bytes Received By Job
	195  -  Total Bytes Sent By Job
	11179  -  Total Bytes Received By Job
	Partitionable Resources :    Usage  Request Allocated 
	   Cpus                 :                 4         4 
	   Disk (KB)            :       28        1   1547623 
	   Memory (MB)          :        0     8000      8000 

	Job terminated of its own accord at 2021-12-22T09:59:01Z.
...
