000 (3315590.021.000) 01/12 17:36:22 Job submitted from host: <188.185.70.244:9618?addrs=188.185.70.244-9618+[2001-1458-d00-7--100-2ee]-9618&alias=bigbird10.cern.ch&noUDP&sock=schedd_7001_aea1>
...
040 (3315590.021.000) 01/13 01:06:15 Started transferring input files
	Transferring to host: <128.142.59.116:9618?addrs=128.142.59.116-9618+[2001-1458-301-21--100-73]-9618&alias=b7s04p1998.cern.ch&noUDP&sock=slot1_4_3638_0ccd_25789>
...
040 (3315590.021.000) 01/13 01:06:15 Finished transferring input files
...
001 (3315590.021.000) 01/13 01:06:16 Job executing on host: <128.142.59.116:9618?addrs=128.142.59.116-9618+[2001-1458-301-21--100-73]-9618&alias=b7s04p1998.cern.ch&noUDP&sock=startd_2938_cd56>
...
006 (3315590.021.000) 01/13 01:06:24 Image size of job updated: 143152
	1  -  MemoryUsage of job (MB)
	508  -  ResidentSetSize of job (KB)
...
006 (3315590.021.000) 01/13 01:11:24 Image size of job updated: 2029968
	534  -  MemoryUsage of job (MB)
	546508  -  ResidentSetSize of job (KB)
...
006 (3315590.021.000) 01/13 01:16:25 Image size of job updated: 2029968
	534  -  MemoryUsage of job (MB)
	546516  -  ResidentSetSize of job (KB)
...
006 (3315590.021.000) 01/13 01:26:26 Image size of job updated: 2264844
	756  -  MemoryUsage of job (MB)
	773548  -  ResidentSetSize of job (KB)
...
006 (3315590.021.000) 01/13 01:31:26 Image size of job updated: 2264844
	756  -  MemoryUsage of job (MB)
	773552  -  ResidentSetSize of job (KB)
...
006 (3315590.021.000) 01/13 01:36:27 Image size of job updated: 2264844
	757  -  MemoryUsage of job (MB)
	774500  -  ResidentSetSize of job (KB)
...
006 (3315590.021.000) 01/13 01:41:27 Image size of job updated: 2968956
	1283  -  MemoryUsage of job (MB)
	1313160  -  ResidentSetSize of job (KB)
...
006 (3315590.021.000) 01/13 01:51:28 Image size of job updated: 3575832
	1574  -  MemoryUsage of job (MB)
	1611168  -  ResidentSetSize of job (KB)
...
006 (3315590.021.000) 01/13 01:56:29 Image size of job updated: 3923016
	1865  -  MemoryUsage of job (MB)
	1909136  -  ResidentSetSize of job (KB)
...
040 (3315590.021.000) 01/13 01:57:34 Started transferring output files
...
040 (3315590.021.000) 01/13 01:57:34 Finished transferring output files
...
005 (3315590.021.000) 01/13 01:57:34 Job terminated.
	(1) Normal termination (return value 0)
		Usr 0 00:08:31, Sys 0 00:00:20  -  Run Remote Usage
		Usr 0 00:00:00, Sys 0 00:00:00  -  Run Local Usage
		Usr 0 00:08:31, Sys 0 00:00:20  -  Total Remote Usage
		Usr 0 00:00:00, Sys 0 00:00:00  -  Total Local Usage
	8321  -  Run Bytes Sent By Job
	10529  -  Run Bytes Received By Job
	8321  -  Total Bytes Sent By Job
	10529  -  Total Bytes Received By Job
	Partitionable Resources :    Usage  Request Allocated 
	   Cpus                 :     0.02        4         4 
	   Disk (KB)            :    42           1   1309217 
	   Memory (MB)          :  1865        8000      8000 

	Job terminated of its own accord at 2022-01-13T00:57:34Z.
...
