000 (3322541.004.000) 01/17 18:39:18 Job submitted from host: <188.185.70.244:9618?addrs=188.185.70.244-9618+[2001-1458-d00-7--100-2ee]-9618&alias=bigbird10.cern.ch&noUDP&sock=schedd_7001_aea1>
...
040 (3322541.004.000) 01/17 19:53:10 Started transferring input files
	Transferring to host: <128.142.132.102:9618?addrs=128.142.132.102-9618+[2001-1458-301-5a--100-5a]-9618&alias=b7g12p9652.cern.ch&noUDP&sock=slot1_2_3203_8d9b_3716>
...
040 (3322541.004.000) 01/17 19:53:10 Finished transferring input files
...
001 (3322541.004.000) 01/17 19:53:11 Job executing on host: <128.142.132.102:9618?addrs=128.142.132.102-9618+[2001-1458-301-5a--100-5a]-9618&alias=b7g12p9652.cern.ch&noUDP&sock=startd_2945_9a80>
...
006 (3322541.004.000) 01/17 19:53:20 Image size of job updated: 296804
	212  -  MemoryUsage of job (MB)
	216256  -  ResidentSetSize of job (KB)
...
006 (3322541.004.000) 01/17 19:58:21 Image size of job updated: 1763780
	296  -  MemoryUsage of job (MB)
	302452  -  ResidentSetSize of job (KB)
...
040 (3322541.004.000) 01/17 19:59:27 Started transferring output files
...
040 (3322541.004.000) 01/17 19:59:27 Finished transferring output files
...
005 (3322541.004.000) 01/17 19:59:27 Job terminated.
	(1) Normal termination (return value 0)
		Usr 0 00:00:30, Sys 0 00:00:03  -  Run Remote Usage
		Usr 0 00:00:00, Sys 0 00:00:00  -  Run Local Usage
		Usr 0 00:00:30, Sys 0 00:00:03  -  Total Remote Usage
		Usr 0 00:00:00, Sys 0 00:00:00  -  Total Local Usage
	1498  -  Run Bytes Sent By Job
	10525  -  Run Bytes Received By Job
	1498  -  Total Bytes Sent By Job
	10525  -  Total Bytes Received By Job
	Partitionable Resources :    Usage  Request Allocated 
	   Cpus                 :     0.00        4         4 
	   Disk (KB)            :    36           1   1705901 
	   Memory (MB)          :   296        8000      8000 

	Job terminated of its own accord at 2022-01-17T18:59:27Z.
...
