000 (3298994.001.000) 01/10 16:46:13 Job submitted from host: <188.185.70.244:9618?addrs=188.185.70.244-9618+[2001-1458-d00-7--100-2ee]-9618&alias=bigbird10.cern.ch&noUDP&sock=schedd_7001_aea1>
...
040 (3298994.001.000) 01/10 16:50:40 Started transferring input files
	Transferring to host: <128.142.61.60:9618?addrs=128.142.61.60-9618+[2001-1458-301-23--100-3b]-9618&alias=b7s06p4675.cern.ch&noUDP&sock=slot1_1_3197_535b_26750>
...
040 (3298994.001.000) 01/10 16:50:40 Finished transferring input files
...
001 (3298994.001.000) 01/10 16:50:41 Job executing on host: <128.142.61.60:9618?addrs=128.142.61.60-9618+[2001-1458-301-23--100-3b]-9618&alias=b7s06p4675.cern.ch&noUDP&sock=startd_2831_68b4>
...
006 (3298994.001.000) 01/10 16:50:50 Image size of job updated: 396044
	23  -  MemoryUsage of job (MB)
	23552  -  ResidentSetSize of job (KB)
...
006 (3298994.001.000) 01/10 16:55:51 Image size of job updated: 1732604
	272  -  MemoryUsage of job (MB)
	278288  -  ResidentSetSize of job (KB)
...
040 (3298994.001.000) 01/10 16:56:54 Started transferring output files
...
040 (3298994.001.000) 01/10 16:56:54 Finished transferring output files
...
005 (3298994.001.000) 01/10 16:56:54 Job terminated.
	(1) Normal termination (return value 0)
		Usr 0 00:00:29, Sys 0 00:00:02  -  Run Remote Usage
		Usr 0 00:00:00, Sys 0 00:00:00  -  Run Local Usage
		Usr 0 00:00:29, Sys 0 00:00:02  -  Total Remote Usage
		Usr 0 00:00:00, Sys 0 00:00:00  -  Total Local Usage
	6739  -  Run Bytes Sent By Job
	10524  -  Run Bytes Received By Job
	6739  -  Total Bytes Sent By Job
	10524  -  Total Bytes Received By Job
	Partitionable Resources :    Usage  Request Allocated 
	   Cpus                 :                 4         4 
	   Disk (KB)            :       33        1   1243180 
	   Memory (MB)          :      272     8000      8000 

	Job terminated of its own accord at 2022-01-10T15:56:54Z.
...
