000 (3315590.013.000) 01/12 17:36:22 Job submitted from host: <188.185.70.244:9618?addrs=188.185.70.244-9618+[2001-1458-d00-7--100-2ee]-9618&alias=bigbird10.cern.ch&noUDP&sock=schedd_7001_aea1>
...
040 (3315590.013.000) 01/13 00:38:05 Started transferring input files
	Transferring to host: <128.142.57.100:9618?addrs=128.142.57.100-9618+[2001-1458-301-7--100-63]-9618&alias=b7s02p6433.cern.ch&noUDP&sock=slot1_1_3586_694b_30899>
...
040 (3315590.013.000) 01/13 00:38:05 Finished transferring input files
...
001 (3315590.013.000) 01/13 00:38:06 Job executing on host: <128.142.57.100:9618?addrs=128.142.57.100-9618+[2001-1458-301-7--100-63]-9618&alias=b7s02p6433.cern.ch&noUDP&sock=startd_2921_243a>
...
006 (3315590.013.000) 01/13 00:38:15 Image size of job updated: 320120
	155  -  MemoryUsage of job (MB)
	157816  -  ResidentSetSize of job (KB)
...
006 (3315590.013.000) 01/13 00:43:16 Image size of job updated: 1724616
	264  -  MemoryUsage of job (MB)
	270272  -  ResidentSetSize of job (KB)
...
006 (3315590.013.000) 01/13 00:48:16 Image size of job updated: 1999680
	529  -  MemoryUsage of job (MB)
	541664  -  ResidentSetSize of job (KB)
...
006 (3315590.013.000) 01/13 00:53:16 Image size of job updated: 1999680
	529  -  MemoryUsage of job (MB)
	541672  -  ResidentSetSize of job (KB)
...
006 (3315590.013.000) 01/13 01:08:18 Image size of job updated: 2391600
	762  -  MemoryUsage of job (MB)
	779932  -  ResidentSetSize of job (KB)
...
006 (3315590.013.000) 01/13 01:23:20 Image size of job updated: 2391600
	763  -  MemoryUsage of job (MB)
	780348  -  ResidentSetSize of job (KB)
...
006 (3315590.013.000) 01/13 01:28:20 Image size of job updated: 2693328
	1017  -  MemoryUsage of job (MB)
	1040984  -  ResidentSetSize of job (KB)
...
006 (3315590.013.000) 01/13 01:48:23 Image size of job updated: 3200116
	1313  -  MemoryUsage of job (MB)
	1344508  -  ResidentSetSize of job (KB)
...
006 (3315590.013.000) 01/13 02:03:24 Image size of job updated: 3200116
	1324  -  MemoryUsage of job (MB)
	1355040  -  ResidentSetSize of job (KB)
...
006 (3315590.013.000) 01/13 02:08:25 Image size of job updated: 3247684
	1605  -  MemoryUsage of job (MB)
	1642756  -  ResidentSetSize of job (KB)
...
006 (3315590.013.000) 01/13 02:18:26 Image size of job updated: 3247684
	1605  -  MemoryUsage of job (MB)
	1642760  -  ResidentSetSize of job (KB)
...
006 (3315590.013.000) 01/13 02:28:27 Image size of job updated: 3908872
	2039  -  MemoryUsage of job (MB)
	2086960  -  ResidentSetSize of job (KB)
...
040 (3315590.013.000) 01/13 02:45:11 Started transferring output files
...
040 (3315590.013.000) 01/13 02:45:11 Finished transferring output files
...
005 (3315590.013.000) 01/13 02:45:12 Job terminated.
	(1) Normal termination (return value 0)
		Usr 0 00:09:17, Sys 0 00:00:37  -  Run Remote Usage
		Usr 0 00:00:00, Sys 0 00:00:00  -  Run Local Usage
		Usr 0 00:09:17, Sys 0 00:00:37  -  Total Remote Usage
		Usr 0 00:00:00, Sys 0 00:00:00  -  Total Local Usage
	8856  -  Run Bytes Sent By Job
	10529  -  Run Bytes Received By Job
	8856  -  Total Bytes Sent By Job
	10529  -  Total Bytes Received By Job
	Partitionable Resources :    Usage  Request Allocated 
	   Cpus                 :     0.06        4         4 
	   Disk (KB)            :    42           1   1219434 
	   Memory (MB)          :  2039        8000      8000 

	Job terminated of its own accord at 2022-01-13T01:45:11Z.
...
