000 (3297397.005.000) 01/10 16:20:06 Job submitted from host: <188.185.70.244:9618?addrs=188.185.70.244-9618+[2001-1458-d00-7--100-2ee]-9618&alias=bigbird10.cern.ch&noUDP&sock=schedd_7001_aea1>
...
040 (3297397.005.000) 01/10 16:40:11 Started transferring input files
	Transferring to host: <128.142.56.23:9618?addrs=128.142.56.23-9618+[2001-1458-301-6--100-16]-9618&alias=b7s01p7843.cern.ch&noUDP&sock=slot1_2_5541_e2ba_24514>
...
040 (3297397.005.000) 01/10 16:40:11 Finished transferring input files
...
001 (3297397.005.000) 01/10 16:40:12 Job executing on host: <128.142.56.23:9618?addrs=128.142.56.23-9618+[2001-1458-301-6--100-16]-9618&alias=b7s01p7843.cern.ch&noUDP&sock=startd_5130_54ef>
...
006 (3297397.005.000) 01/10 16:40:20 Image size of job updated: 252216
	115  -  MemoryUsage of job (MB)
	117752  -  ResidentSetSize of job (KB)
...
006 (3297397.005.000) 01/10 16:44:08 Image size of job updated: 1748204
	115  -  MemoryUsage of job (MB)
	117752  -  ResidentSetSize of job (KB)
...
040 (3297397.005.000) 01/10 16:44:08 Started transferring output files
...
040 (3297397.005.000) 01/10 16:44:09 Finished transferring output files
...
005 (3297397.005.000) 01/10 16:44:09 Job terminated.
	(1) Normal termination (return value 0)
		Usr 0 00:00:25, Sys 0 00:00:02  -  Run Remote Usage
		Usr 0 00:00:00, Sys 0 00:00:00  -  Run Local Usage
		Usr 0 00:00:25, Sys 0 00:00:02  -  Total Remote Usage
		Usr 0 00:00:00, Sys 0 00:00:00  -  Total Local Usage
	6469  -  Run Bytes Sent By Job
	10524  -  Run Bytes Received By Job
	6469  -  Total Bytes Sent By Job
	10524  -  Total Bytes Received By Job
	Partitionable Resources :    Usage  Request Allocated 
	   Cpus                 :                 4         4 
	   Disk (KB)            :       34        1   1106402 
	   Memory (MB)          :      115     8000      8000 

	Job terminated of its own accord at 2022-01-10T15:44:08Z.
...
