000 (3275853.011.000) 12/22 11:21:42 Job submitted from host: <188.185.70.244:9618?addrs=188.185.70.244-9618+[2001-1458-d00-7--100-2ee]-9618&alias=bigbird10.cern.ch&noUDP&sock=schedd_2095_9300>
...
040 (3275853.011.000) 12/22 11:40:36 Started transferring input files
	Transferring to host: <128.142.137.53:9618?addrs=128.142.137.53-9618+[2001-1458-301-5e--100-29]-9618&alias=b7g19p7156.cern.ch&noUDP&sock=slot1_16_3284_9fff_6607>
...
040 (3275853.011.000) 12/22 11:40:36 Finished transferring input files
...
001 (3275853.011.000) 12/22 11:40:37 Job executing on host: <128.142.137.53:9618?addrs=128.142.137.53-9618+[2001-1458-301-5e--100-29]-9618&alias=b7g19p7156.cern.ch&noUDP&sock=startd_3052_ff22>
...
006 (3275853.011.000) 12/22 11:40:46 Image size of job updated: 708
	1  -  MemoryUsage of job (MB)
	708  -  ResidentSetSize of job (KB)
...
006 (3275853.011.000) 12/22 11:45:47 Image size of job updated: 1734736
	273  -  MemoryUsage of job (MB)
	278808  -  ResidentSetSize of job (KB)
...
040 (3275853.011.000) 12/22 11:47:59 Started transferring output files
...
040 (3275853.011.000) 12/22 11:48:00 Finished transferring output files
...
005 (3275853.011.000) 12/22 11:48:00 Job terminated.
	(1) Normal termination (return value 0)
		Usr 0 00:00:37, Sys 0 00:00:04  -  Run Remote Usage
		Usr 0 00:00:00, Sys 0 00:00:00  -  Run Local Usage
		Usr 0 00:00:37, Sys 0 00:00:04  -  Total Remote Usage
		Usr 0 00:00:00, Sys 0 00:00:00  -  Total Local Usage
	10959  -  Run Bytes Sent By Job
	11179  -  Run Bytes Received By Job
	10959  -  Total Bytes Sent By Job
	11179  -  Total Bytes Received By Job
	Partitionable Resources :    Usage  Request Allocated 
	   Cpus                 :     0.00        4         4 
	   Disk (KB)            :    45           1   1625663 
	   Memory (MB)          :   273        8000      8000 

	Job terminated of its own accord at 2021-12-22T10:47:59Z.
...
