000 (3275837.003.000) 12/22 10:57:04 Job submitted from host: <188.185.70.244:9618?addrs=188.185.70.244-9618+[2001-1458-d00-7--100-2ee]-9618&alias=bigbird10.cern.ch&noUDP&sock=schedd_2095_9300>
...
040 (3275837.003.000) 12/22 11:04:33 Started transferring input files
	Transferring to host: <128.142.131.164:9618?addrs=128.142.131.164-9618+[2001-1458-301-59--100-98]-9618&alias=b7g11p8159.cern.ch&noUDP&sock=slot1_6_11913_893e_55267>
...
040 (3275837.003.000) 12/22 11:04:33 Finished transferring input files
...
001 (3275837.003.000) 12/22 11:04:34 Job executing on host: <128.142.131.164:9618?addrs=128.142.131.164-9618+[2001-1458-301-59--100-98]-9618&alias=b7g11p8159.cern.ch&noUDP&sock=startd_11870_6942>
...
006 (3275837.003.000) 12/22 11:04:36 Image size of job updated: 453584
	0  -  MemoryUsage of job (MB)
	0  -  ResidentSetSize of job (KB)
...
040 (3275837.003.000) 12/22 11:04:36 Started transferring output files
...
040 (3275837.003.000) 12/22 11:04:36 Finished transferring output files
...
005 (3275837.003.000) 12/22 11:04:36 Job terminated.
	(1) Normal termination (return value 1)
		Usr 0 00:00:01, Sys 0 00:00:00  -  Run Remote Usage
		Usr 0 00:00:00, Sys 0 00:00:00  -  Run Local Usage
		Usr 0 00:00:01, Sys 0 00:00:00  -  Total Remote Usage
		Usr 0 00:00:00, Sys 0 00:00:00  -  Total Local Usage
	195  -  Run Bytes Sent By Job
	11185  -  Run Bytes Received By Job
	195  -  Total Bytes Sent By Job
	11185  -  Total Bytes Received By Job
	Partitionable Resources :    Usage  Request Allocated 
	   Cpus                 :                 4         4 
	   Disk (KB)            :       28        1   1590665 
	   Memory (MB)          :        0     8000      8000 

	Job terminated of its own accord at 2021-12-22T10:04:36Z.
...
