000 (3293337.013.000) 01/10 13:03:40 Job submitted from host: <188.185.70.244:9618?addrs=188.185.70.244-9618+[2001-1458-d00-7--100-2ee]-9618&alias=bigbird10.cern.ch&noUDP&sock=schedd_7001_aea1>
...
040 (3293337.013.000) 01/10 13:07:03 Started transferring input files
	Transferring to host: <128.142.60.37:9618?addrs=128.142.60.37-9618&alias=b7s05p5051.cern.ch&noUDP&sock=slot1_14_3547_eea9_26162>
...
040 (3293337.013.000) 01/10 13:07:03 Finished transferring input files
...
001 (3293337.013.000) 01/10 13:07:04 Job executing on host: <128.142.60.37:9618?addrs=128.142.60.37-9618&alias=b7s05p5051.cern.ch&noUDP&sock=startd_3500_4990>
...
006 (3293337.013.000) 01/10 13:07:12 Image size of job updated: 569020
	137  -  MemoryUsage of job (MB)
	139388  -  ResidentSetSize of job (KB)
...
006 (3293337.013.000) 01/10 13:07:59 Image size of job updated: 1261692
	137  -  MemoryUsage of job (MB)
	139392  -  ResidentSetSize of job (KB)
...
040 (3293337.013.000) 01/10 13:07:59 Started transferring output files
...
040 (3293337.013.000) 01/10 13:07:59 Finished transferring output files
...
005 (3293337.013.000) 01/10 13:07:59 Job terminated.
	(1) Normal termination (return value 1)
		Usr 0 00:00:04, Sys 0 00:00:02  -  Run Remote Usage
		Usr 0 00:00:00, Sys 0 00:00:00  -  Run Local Usage
		Usr 0 00:00:04, Sys 0 00:00:02  -  Total Remote Usage
		Usr 0 00:00:00, Sys 0 00:00:00  -  Total Local Usage
	6489  -  Run Bytes Sent By Job
	10524  -  Run Bytes Received By Job
	6489  -  Total Bytes Sent By Job
	10524  -  Total Bytes Received By Job
	Partitionable Resources :    Usage  Request Allocated 
	   Cpus                 :                 4         4 
	   Disk (KB)            :       33        1   1355062 
	   Memory (MB)          :      137     8000      8000 

	Job terminated of its own accord at 2022-01-10T12:07:59Z.
...
