000 (3315590.018.000) 01/12 17:36:22 Job submitted from host: <188.185.70.244:9618?addrs=188.185.70.244-9618+[2001-1458-d00-7--100-2ee]-9618&alias=bigbird10.cern.ch&noUDP&sock=schedd_7001_aea1>
...
040 (3315590.018.000) 01/13 00:38:06 Started transferring input files
	Transferring to host: <128.142.61.49:9618?addrs=128.142.61.49-9618+[2001-1458-301-23--100-30]-9618&alias=b7s06p3803.cern.ch&noUDP&sock=slot1_2_5468_7357_31664>
...
040 (3315590.018.000) 01/13 00:38:06 Finished transferring input files
...
001 (3315590.018.000) 01/13 00:38:07 Job executing on host: <128.142.61.49:9618?addrs=128.142.61.49-9618+[2001-1458-301-23--100-30]-9618&alias=b7s06p3803.cern.ch&noUDP&sock=startd_4935_93f7>
...
006 (3315590.018.000) 01/13 00:38:16 Image size of job updated: 96588
	57  -  MemoryUsage of job (MB)
	57544  -  ResidentSetSize of job (KB)
...
006 (3315590.018.000) 01/13 00:43:17 Image size of job updated: 2135992
	550  -  MemoryUsage of job (MB)
	562204  -  ResidentSetSize of job (KB)
...
006 (3315590.018.000) 01/13 01:03:18 Image size of job updated: 2298652
	782  -  MemoryUsage of job (MB)
	800192  -  ResidentSetSize of job (KB)
...
006 (3315590.018.000) 01/13 01:28:21 Image size of job updated: 2722996
	1037  -  MemoryUsage of job (MB)
	1061144  -  ResidentSetSize of job (KB)
...
006 (3315590.018.000) 01/13 01:48:23 Image size of job updated: 3066044
	1333  -  MemoryUsage of job (MB)
	1364712  -  ResidentSetSize of job (KB)
...
006 (3315590.018.000) 01/13 02:08:25 Image size of job updated: 3429096
	1631  -  MemoryUsage of job (MB)
	1669228  -  ResidentSetSize of job (KB)
...
006 (3315590.018.000) 01/13 02:28:27 Image size of job updated: 3609196
	1962  -  MemoryUsage of job (MB)
	2008216  -  ResidentSetSize of job (KB)
...
006 (3315590.018.000) 01/13 02:38:27 Image size of job updated: 3609196
	1962  -  MemoryUsage of job (MB)
	2008220  -  ResidentSetSize of job (KB)
...
040 (3315590.018.000) 01/13 02:44:57 Started transferring output files
...
040 (3315590.018.000) 01/13 02:44:57 Finished transferring output files
...
005 (3315590.018.000) 01/13 02:44:57 Job terminated.
	(1) Normal termination (return value 0)
		Usr 0 00:08:33, Sys 0 00:00:27  -  Run Remote Usage
		Usr 0 00:00:00, Sys 0 00:00:00  -  Run Local Usage
		Usr 0 00:08:33, Sys 0 00:00:27  -  Total Remote Usage
		Usr 0 00:00:00, Sys 0 00:00:00  -  Total Local Usage
	13091  -  Run Bytes Sent By Job
	10529  -  Run Bytes Received By Job
	13091  -  Total Bytes Sent By Job
	10529  -  Total Bytes Received By Job
	Partitionable Resources :    Usage  Request Allocated 
	   Cpus                 :     0.04        4         4 
	   Disk (KB)            :    44           1   1308295 
	   Memory (MB)          :  1962        8000      8000 

	Job terminated of its own accord at 2022-01-13T01:44:57Z.
...
