000 (3298994.008.000) 01/10 16:46:13 Job submitted from host: <188.185.70.244:9618?addrs=188.185.70.244-9618+[2001-1458-d00-7--100-2ee]-9618&alias=bigbird10.cern.ch&noUDP&sock=schedd_7001_aea1>
...
040 (3298994.008.000) 01/10 16:51:40 Started transferring input files
	Transferring to host: <128.142.59.33:9618?addrs=128.142.59.33-9618+[2001-1458-301-21--100-20]-9618&alias=b7s04p7269.cern.ch&noUDP&sock=slot1_3_3178_f03a_25239>
...
040 (3298994.008.000) 01/10 16:51:40 Finished transferring input files
...
001 (3298994.008.000) 01/10 16:51:41 Job executing on host: <128.142.59.33:9618?addrs=128.142.59.33-9618+[2001-1458-301-21--100-20]-9618&alias=b7s04p7269.cern.ch&noUDP&sock=startd_2808_a206>
...
006 (3298994.008.000) 01/10 16:51:49 Image size of job updated: 304592
	188  -  MemoryUsage of job (MB)
	191912  -  ResidentSetSize of job (KB)
...
006 (3298994.008.000) 01/10 16:56:38 Image size of job updated: 1738128
	188  -  MemoryUsage of job (MB)
	191940  -  ResidentSetSize of job (KB)
...
040 (3298994.008.000) 01/10 16:56:38 Started transferring output files
...
040 (3298994.008.000) 01/10 16:56:38 Finished transferring output files
...
005 (3298994.008.000) 01/10 16:56:38 Job terminated.
	(1) Normal termination (return value 0)
		Usr 0 00:00:25, Sys 0 00:00:03  -  Run Remote Usage
		Usr 0 00:00:00, Sys 0 00:00:00  -  Run Local Usage
		Usr 0 00:00:25, Sys 0 00:00:03  -  Total Remote Usage
		Usr 0 00:00:00, Sys 0 00:00:00  -  Total Local Usage
	5994  -  Run Bytes Sent By Job
	10524  -  Run Bytes Received By Job
	5994  -  Total Bytes Sent By Job
	10524  -  Total Bytes Received By Job
	Partitionable Resources :    Usage  Request Allocated 
	   Cpus                 :     0.07        4         4 
	   Disk (KB)            :    41           1   1223657 
	   Memory (MB)          :   188        8000      8000 

	Job terminated of its own accord at 2022-01-10T15:56:38Z.
...
