000 (3322541.005.000) 01/17 18:39:18 Job submitted from host: <188.185.70.244:9618?addrs=188.185.70.244-9618+[2001-1458-d00-7--100-2ee]-9618&alias=bigbird10.cern.ch&noUDP&sock=schedd_7001_aea1>
...
040 (3322541.005.000) 01/17 19:53:36 Started transferring input files
	Transferring to host: <128.142.131.63:9618?addrs=128.142.131.63-9618+[2001-1458-301-59--100-33]-9618&alias=b7g11p6724.cern.ch&noUDP&sock=slot1_2_3812_a614_39514>
...
040 (3322541.005.000) 01/17 19:53:36 Finished transferring input files
...
001 (3322541.005.000) 01/17 19:53:37 Job executing on host: <128.142.131.63:9618?addrs=128.142.131.63-9618+[2001-1458-301-59--100-33]-9618&alias=b7g11p6724.cern.ch&noUDP&sock=startd_3248_6fb2>
...
006 (3322541.005.000) 01/17 19:53:46 Image size of job updated: 447156
	203  -  MemoryUsage of job (MB)
	207240  -  ResidentSetSize of job (KB)
...
006 (3322541.005.000) 01/17 19:58:47 Image size of job updated: 1748400
	288  -  MemoryUsage of job (MB)
	294856  -  ResidentSetSize of job (KB)
...
006 (3322541.005.000) 01/17 20:03:48 Image size of job updated: 1748400
	288  -  MemoryUsage of job (MB)
	294860  -  ResidentSetSize of job (KB)
...
040 (3322541.005.000) 01/17 20:04:36 Started transferring output files
...
040 (3322541.005.000) 01/17 20:04:36 Finished transferring output files
...
005 (3322541.005.000) 01/17 20:04:36 Job terminated.
	(1) Normal termination (return value 1)
		Usr 0 00:00:30, Sys 0 00:00:04  -  Run Remote Usage
		Usr 0 00:00:00, Sys 0 00:00:00  -  Run Local Usage
		Usr 0 00:00:30, Sys 0 00:00:04  -  Total Remote Usage
		Usr 0 00:00:00, Sys 0 00:00:00  -  Total Local Usage
	3191  -  Run Bytes Sent By Job
	10525  -  Run Bytes Received By Job
	3191  -  Total Bytes Sent By Job
	10525  -  Total Bytes Received By Job
	Partitionable Resources :    Usage  Request Allocated 
	   Cpus                 :     0.07        4         4 
	   Disk (KB)            :    38           1   1526850 
	   Memory (MB)          :   288        8000      8000 

	Job terminated of its own accord at 2022-01-17T19:04:36Z.
...
