000 (3322541.016.000) 01/17 18:39:18 Job submitted from host: <188.185.70.244:9618?addrs=188.185.70.244-9618+[2001-1458-d00-7--100-2ee]-9618&alias=bigbird10.cern.ch&noUDP&sock=schedd_7001_aea1>
...
040 (3322541.016.000) 01/17 20:01:02 Started transferring input files
	Transferring to host: <128.142.131.186:9618?addrs=128.142.131.186-9618+[2001-1458-301-59--100-ae]-9618&alias=b7g11p1735.cern.ch&noUDP&sock=slot1_31_47855_ed33_78944>
...
040 (3322541.016.000) 01/17 20:01:02 Finished transferring input files
...
001 (3322541.016.000) 01/17 20:01:03 Job executing on host: <128.142.131.186:9618?addrs=128.142.131.186-9618+[2001-1458-301-59--100-ae]-9618&alias=b7g11p1735.cern.ch&noUDP&sock=startd_43115_e1e0>
...
006 (3322541.016.000) 01/17 20:01:11 Image size of job updated: 1256228
	171  -  MemoryUsage of job (MB)
	174764  -  ResidentSetSize of job (KB)
...
006 (3322541.016.000) 01/17 20:06:11 Image size of job updated: 1762384
	278  -  MemoryUsage of job (MB)
	284524  -  ResidentSetSize of job (KB)
...
040 (3322541.016.000) 01/17 20:07:46 Started transferring output files
...
040 (3322541.016.000) 01/17 20:07:46 Finished transferring output files
...
005 (3322541.016.000) 01/17 20:07:46 Job terminated.
	(1) Normal termination (return value 0)
		Usr 0 00:00:29, Sys 0 00:00:04  -  Run Remote Usage
		Usr 0 00:00:00, Sys 0 00:00:00  -  Run Local Usage
		Usr 0 00:00:29, Sys 0 00:00:04  -  Total Remote Usage
		Usr 0 00:00:00, Sys 0 00:00:00  -  Total Local Usage
	1498  -  Run Bytes Sent By Job
	10525  -  Run Bytes Received By Job
	1498  -  Total Bytes Sent By Job
	10525  -  Total Bytes Received By Job
	Partitionable Resources :    Usage  Request Allocated 
	   Cpus                 :     0.07        4         4 
	   Disk (KB)            :    36           1   1614510 
	   Memory (MB)          :   278        8000      8000 

	Job terminated of its own accord at 2022-01-17T19:07:46Z.
...
