000 (3294119.002.000) 01/10 14:43:34 Job submitted from host: <188.185.70.244:9618?addrs=188.185.70.244-9618+[2001-1458-d00-7--100-2ee]-9618&alias=bigbird10.cern.ch&noUDP&sock=schedd_7001_aea1>
...
040 (3294119.002.000) 01/10 14:47:04 Started transferring input files
	Transferring to host: <128.142.248.18:9618?addrs=128.142.248.18-9618+[2001-1458-301-73--100-102]-9618&alias=b7g23p9786.cern.ch&noUDP&sock=slot1_7_263954_38a7_112085>
...
040 (3294119.002.000) 01/10 14:47:04 Finished transferring input files
...
001 (3294119.002.000) 01/10 14:47:05 Job executing on host: <128.142.248.18:9618?addrs=128.142.248.18-9618+[2001-1458-301-73--100-102]-9618&alias=b7g23p9786.cern.ch&noUDP&sock=startd_133889_4bcb>
...
006 (3294119.002.000) 01/10 14:47:13 Image size of job updated: 304220
	143  -  MemoryUsage of job (MB)
	145624  -  ResidentSetSize of job (KB)
...
006 (3294119.002.000) 01/10 14:47:26 Image size of job updated: 1275156
	143  -  MemoryUsage of job (MB)
	145672  -  ResidentSetSize of job (KB)
...
040 (3294119.002.000) 01/10 14:47:26 Started transferring output files
...
040 (3294119.002.000) 01/10 14:47:26 Finished transferring output files
...
005 (3294119.002.000) 01/10 14:47:26 Job terminated.
	(1) Normal termination (return value 1)
		Usr 0 00:00:07, Sys 0 00:00:03  -  Run Remote Usage
		Usr 0 00:00:00, Sys 0 00:00:00  -  Run Local Usage
		Usr 0 00:00:07, Sys 0 00:00:03  -  Total Remote Usage
		Usr 0 00:00:00, Sys 0 00:00:00  -  Total Local Usage
	9006  -  Run Bytes Sent By Job
	10524  -  Run Bytes Received By Job
	9006  -  Total Bytes Sent By Job
	10524  -  Total Bytes Received By Job
	Partitionable Resources :    Usage  Request Allocated 
	   Cpus                 :                 4         4 
	   Disk (KB)            :       36        1   2973333 
	   Memory (MB)          :      143     8000      8000 

	Job terminated of its own accord at 2022-01-10T13:47:26Z.
...
