000 (3275856.007.000) 12/22 11:21:46 Job submitted from host: <188.185.70.244:9618?addrs=188.185.70.244-9618+[2001-1458-d00-7--100-2ee]-9618&alias=bigbird10.cern.ch&noUDP&sock=schedd_2095_9300>
...
040 (3275856.007.000) 12/22 13:33:12 Started transferring input files
	Transferring to host: <128.142.63.97:9618?addrs=128.142.63.97-9618+[2001-1458-301-38--100-5e]-9618&alias=b7s08p9190.cern.ch&noUDP&sock=slot1_20_6028_056e_6655>
...
040 (3275856.007.000) 12/22 13:33:12 Finished transferring input files
...
001 (3275856.007.000) 12/22 13:33:13 Job executing on host: <128.142.63.97:9618?addrs=128.142.63.97-9618+[2001-1458-301-38--100-5e]-9618&alias=b7s08p9190.cern.ch&noUDP&sock=startd_5620_6e57>
...
006 (3275856.007.000) 12/22 13:33:21 Image size of job updated: 1256212
	155  -  MemoryUsage of job (MB)
	157860  -  ResidentSetSize of job (KB)
...
006 (3275856.007.000) 12/22 13:38:21 Image size of job updated: 1737256
	276  -  MemoryUsage of job (MB)
	282524  -  ResidentSetSize of job (KB)
...
040 (3275856.007.000) 12/22 13:42:56 Started transferring output files
...
040 (3275856.007.000) 12/22 13:42:56 Finished transferring output files
...
005 (3275856.007.000) 12/22 13:42:56 Job terminated.
	(1) Normal termination (return value 0)
		Usr 0 00:00:22, Sys 0 00:00:03  -  Run Remote Usage
		Usr 0 00:00:00, Sys 0 00:00:00  -  Run Local Usage
		Usr 0 00:00:22, Sys 0 00:00:03  -  Total Remote Usage
		Usr 0 00:00:00, Sys 0 00:00:00  -  Total Local Usage
	3410  -  Run Bytes Sent By Job
	11185  -  Run Bytes Received By Job
	3410  -  Total Bytes Sent By Job
	11185  -  Total Bytes Received By Job
	Partitionable Resources :    Usage  Request Allocated 
	   Cpus                 :     0.06        4         4 
	   Disk (KB)            :    38           1   1211720 
	   Memory (MB)          :   276        8000      8000 

	Job terminated of its own accord at 2021-12-22T12:42:56Z.
...
