000 (3335431.013.000) 01/18 23:50:11 Job submitted from host: <188.185.70.244:9618?addrs=188.185.70.244-9618+[2001-1458-d00-7--100-2ee]-9618&alias=bigbird10.cern.ch&noUDP&sock=schedd_7001_aea1>
...
040 (3335431.013.000) 01/19 02:48:37 Started transferring input files
	Transferring to host: <128.142.59.48:9618?addrs=128.142.59.48-9618+[2001-1458-301-21--100-2f]-9618&alias=b7s04p2230.cern.ch&noUDP&sock=slot1_17_3567_062a_33509>
...
040 (3335431.013.000) 01/19 02:48:37 Finished transferring input files
...
001 (3335431.013.000) 01/19 02:48:38 Job executing on host: <128.142.59.48:9618?addrs=128.142.59.48-9618+[2001-1458-301-21--100-2f]-9618&alias=b7s04p2230.cern.ch&noUDP&sock=startd_2872_8816>
...
006 (3335431.013.000) 01/19 02:48:47 Image size of job updated: 1256692
	200  -  MemoryUsage of job (MB)
	204600  -  ResidentSetSize of job (KB)
...
006 (3335431.013.000) 01/19 02:53:48 Image size of job updated: 1761716
	308  -  MemoryUsage of job (MB)
	314748  -  ResidentSetSize of job (KB)
...
006 (3335431.013.000) 01/19 02:58:48 Image size of job updated: 2785200
	874  -  MemoryUsage of job (MB)
	894836  -  ResidentSetSize of job (KB)
...
006 (3335431.013.000) 01/19 03:03:48 Image size of job updated: 2785200
	874  -  MemoryUsage of job (MB)
	894840  -  ResidentSetSize of job (KB)
...
006 (3335431.013.000) 01/19 03:08:49 Image size of job updated: 2785200
	875  -  MemoryUsage of job (MB)
	895012  -  ResidentSetSize of job (KB)
...
006 (3335431.013.000) 01/19 03:23:50 Image size of job updated: 3516744
	1522  -  MemoryUsage of job (MB)
	1557884  -  ResidentSetSize of job (KB)
...
006 (3335431.013.000) 01/19 03:43:53 Image size of job updated: 3705920
	2198  -  MemoryUsage of job (MB)
	2250212  -  ResidentSetSize of job (KB)
...
006 (3335431.013.000) 01/19 03:48:54 Image size of job updated: 4145328
	2368  -  MemoryUsage of job (MB)
	2423940  -  ResidentSetSize of job (KB)
...
006 (3335431.013.000) 01/19 04:08:55 Image size of job updated: 4822044
	2729  -  MemoryUsage of job (MB)
	2794356  -  ResidentSetSize of job (KB)
...
006 (3335431.013.000) 01/19 04:33:58 Image size of job updated: 5454040
	3117  -  MemoryUsage of job (MB)
	3191440  -  ResidentSetSize of job (KB)
...
006 (3335431.013.000) 01/19 04:54:00 Image size of job updated: 5454040
	3117  -  MemoryUsage of job (MB)
	3191456  -  ResidentSetSize of job (KB)
...
006 (3335431.013.000) 01/19 04:59:01 Image size of job updated: 6196604
	3737  -  MemoryUsage of job (MB)
	3826472  -  ResidentSetSize of job (KB)
...
006 (3335431.013.000) 01/19 05:19:03 Image size of job updated: 6196604
	4835  -  MemoryUsage of job (MB)
	4950832  -  ResidentSetSize of job (KB)
...
006 (3335431.013.000) 01/19 05:24:03 Image size of job updated: 6942724
	4835  -  MemoryUsage of job (MB)
	4950832  -  ResidentSetSize of job (KB)
...
006 (3335431.013.000) 01/19 05:44:05 Image size of job updated: 7211252
	5568  -  MemoryUsage of job (MB)
	5701500  -  ResidentSetSize of job (KB)
...
006 (3335431.013.000) 01/19 05:49:06 Image size of job updated: 7672852
	5568  -  MemoryUsage of job (MB)
	5701500  -  ResidentSetSize of job (KB)
...
006 (3335431.013.000) 01/19 06:09:07 Image size of job updated: 7929152
	6786  -  MemoryUsage of job (MB)
	6948280  -  ResidentSetSize of job (KB)
...
006 (3335431.013.000) 01/19 06:14:07 Image size of job updated: 8425148
	6786  -  MemoryUsage of job (MB)
	6948280  -  ResidentSetSize of job (KB)
...
040 (3335431.013.000) 01/19 06:28:28 Started transferring output files
...
040 (3335431.013.000) 01/19 06:28:28 Finished transferring output files
...
005 (3335431.013.000) 01/19 06:28:28 Job terminated.
	(1) Normal termination (return value 0)
		Usr 0 00:52:52, Sys 0 00:01:02  -  Run Remote Usage
		Usr 0 00:00:00, Sys 0 00:00:00  -  Run Local Usage
		Usr 0 00:52:52, Sys 0 00:01:02  -  Total Remote Usage
		Usr 0 00:00:00, Sys 0 00:00:00  -  Total Local Usage
	3996  -  Run Bytes Sent By Job
	11205  -  Run Bytes Received By Job
	3996  -  Total Bytes Sent By Job
	11205  -  Total Bytes Received By Job
	Partitionable Resources :    Usage  Request Allocated 
	   Cpus                 :     0.12        4         4 
	   Disk (KB)            :    36           1   1196770 
	   Memory (MB)          :  6786        8000      8000 

	Job terminated of its own accord at 2022-01-19T05:28:28Z.
...
