000 (3277184.010.000) 12/25 15:18:23 Job submitted from host: <188.185.70.244:9618?addrs=188.185.70.244-9618+[2001-1458-d00-7--100-2ee]-9618&alias=bigbird10.cern.ch&noUDP&sock=schedd_2095_9300>
...
040 (3277184.010.000) 12/25 15:20:02 Started transferring input files
	Transferring to host: <188.184.163.112:9618?addrs=188.184.163.112-9618+[2001-1458-301-4d--100-6a]-9618&alias=b7s12p8966.cern.ch&noUDP&sock=slot1_3_4458_d06e_8631>
...
040 (3277184.010.000) 12/25 15:20:02 Finished transferring input files
...
001 (3277184.010.000) 12/25 15:20:03 Job executing on host: <188.184.163.112:9618?addrs=188.184.163.112-9618+[2001-1458-301-4d--100-6a]-9618&alias=b7s12p8966.cern.ch&noUDP&sock=startd_4226_4352>
...
006 (3277184.010.000) 12/25 15:20:12 Image size of job updated: 275672
	130  -  MemoryUsage of job (MB)
	132672  -  ResidentSetSize of job (KB)
...
006 (3277184.010.000) 12/25 15:25:13 Image size of job updated: 1740076
	282  -  MemoryUsage of job (MB)
	287792  -  ResidentSetSize of job (KB)
...
040 (3277184.010.000) 12/25 15:25:31 Started transferring output files
...
040 (3277184.010.000) 12/25 15:25:31 Finished transferring output files
...
005 (3277184.010.000) 12/25 15:25:31 Job terminated.
	(1) Normal termination (return value 0)
		Usr 0 00:00:30, Sys 0 00:00:03  -  Run Remote Usage
		Usr 0 00:00:00, Sys 0 00:00:00  -  Run Local Usage
		Usr 0 00:00:30, Sys 0 00:00:03  -  Total Remote Usage
		Usr 0 00:00:00, Sys 0 00:00:00  -  Total Local Usage
	22336  -  Run Bytes Sent By Job
	11213  -  Run Bytes Received By Job
	22336  -  Total Bytes Sent By Job
	11213  -  Total Bytes Received By Job
	Partitionable Resources :    Usage  Request Allocated 
	   Cpus                 :     0.12        4         4 
	   Disk (KB)            :    56           1   2883800 
	   Memory (MB)          :   282        8000      8000 

	Job terminated of its own accord at 2021-12-25T14:25:31Z.
...
