000 (3275856.018.000) 12/22 11:21:46 Job submitted from host: <188.185.70.244:9618?addrs=188.185.70.244-9618+[2001-1458-d00-7--100-2ee]-9618&alias=bigbird10.cern.ch&noUDP&sock=schedd_2095_9300>
...
040 (3275856.018.000) 12/22 13:33:14 Started transferring input files
	Transferring to host: <128.142.56.68:9618?addrs=128.142.56.68-9618&alias=b7s01p2709.cern.ch&noUDP&sock=slot1_17_5445_3eb6_6252>
...
040 (3275856.018.000) 12/22 13:33:14 Finished transferring input files
...
001 (3275856.018.000) 12/22 13:33:15 Job executing on host: <128.142.56.68:9618?addrs=128.142.56.68-9618&alias=b7s01p2709.cern.ch&noUDP&sock=startd_5085_772c>
...
006 (3275856.018.000) 12/22 13:33:24 Image size of job updated: 755836
	155  -  MemoryUsage of job (MB)
	157860  -  ResidentSetSize of job (KB)
...
006 (3275856.018.000) 12/22 13:36:08 Image size of job updated: 1726276
	155  -  MemoryUsage of job (MB)
	157860  -  ResidentSetSize of job (KB)
...
040 (3275856.018.000) 12/22 13:36:08 Started transferring output files
...
040 (3275856.018.000) 12/22 13:36:08 Finished transferring output files
...
005 (3275856.018.000) 12/22 13:36:08 Job terminated.
	(1) Normal termination (return value 0)
		Usr 0 00:00:17, Sys 0 00:00:03  -  Run Remote Usage
		Usr 0 00:00:00, Sys 0 00:00:00  -  Run Local Usage
		Usr 0 00:00:17, Sys 0 00:00:03  -  Total Remote Usage
		Usr 0 00:00:00, Sys 0 00:00:00  -  Total Local Usage
	2156  -  Run Bytes Sent By Job
	11185  -  Run Bytes Received By Job
	2156  -  Total Bytes Sent By Job
	11185  -  Total Bytes Received By Job
	Partitionable Resources :    Usage  Request Allocated 
	   Cpus                 :                 4         4 
	   Disk (KB)            :       29        1   1354119 
	   Memory (MB)          :      155     8000      8000 

	Job terminated of its own accord at 2021-12-22T12:36:08Z.
...
