000 (3317022.002.000) 01/13 15:49:41 Job submitted from host: <188.185.70.244:9618?addrs=188.185.70.244-9618+[2001-1458-d00-7--100-2ee]-9618&alias=bigbird10.cern.ch&noUDP&sock=schedd_7001_aea1>
...
040 (3317022.002.000) 01/13 15:56:59 Started transferring input files
	Transferring to host: <128.142.57.26:9618?addrs=128.142.57.26-9618+[2001-1458-301-7--100-19]-9618&alias=b7s02p0542.cern.ch&noUDP&sock=slot1_18_6110_cc32_27466>
...
040 (3317022.002.000) 01/13 15:56:59 Finished transferring input files
...
001 (3317022.002.000) 01/13 15:57:00 Job executing on host: <128.142.57.26:9618?addrs=128.142.57.26-9618+[2001-1458-301-7--100-19]-9618&alias=b7s02p0542.cern.ch&noUDP&sock=startd_6061_eb9b>
...
006 (3317022.002.000) 01/13 15:57:09 Image size of job updated: 1275884
	155  -  MemoryUsage of job (MB)
	157808  -  ResidentSetSize of job (KB)
...
006 (3317022.002.000) 01/13 16:02:10 Image size of job updated: 1743580
	283  -  MemoryUsage of job (MB)
	288972  -  ResidentSetSize of job (KB)
...
006 (3317022.002.000) 01/13 16:07:11 Image size of job updated: 1743580
	283  -  MemoryUsage of job (MB)
	289004  -  ResidentSetSize of job (KB)
...
006 (3317022.002.000) 01/13 16:12:11 Image size of job updated: 2417908
	693  -  MemoryUsage of job (MB)
	708724  -  ResidentSetSize of job (KB)
...
006 (3317022.002.000) 01/13 17:37:19 Image size of job updated: 2626172
	1064  -  MemoryUsage of job (MB)
	1088784  -  ResidentSetSize of job (KB)
...
006 (3317022.002.000) 01/13 18:02:21 Image size of job updated: 2626172
	1064  -  MemoryUsage of job (MB)
	1088792  -  ResidentSetSize of job (KB)
...
006 (3317022.002.000) 01/13 18:27:23 Image size of job updated: 3234784
	1430  -  MemoryUsage of job (MB)
	1463652  -  ResidentSetSize of job (KB)
...
006 (3317022.002.000) 01/13 18:52:25 Image size of job updated: 3234784
	1430  -  MemoryUsage of job (MB)
	1463656  -  ResidentSetSize of job (KB)
...
006 (3317022.002.000) 01/13 19:07:26 Image size of job updated: 3666604
	1771  -  MemoryUsage of job (MB)
	1812616  -  ResidentSetSize of job (KB)
...
006 (3317022.002.000) 01/13 19:27:29 Image size of job updated: 3666604
	1771  -  MemoryUsage of job (MB)
	1812620  -  ResidentSetSize of job (KB)
...
006 (3317022.002.000) 01/13 20:27:36 Image size of job updated: 4163872
	2226  -  MemoryUsage of job (MB)
	2279204  -  ResidentSetSize of job (KB)
...
006 (3317022.002.000) 01/13 21:32:42 Image size of job updated: 4722620
	2673  -  MemoryUsage of job (MB)
	2736336  -  ResidentSetSize of job (KB)
...
006 (3317022.002.000) 01/13 21:52:44 Image size of job updated: 4722620
	2673  -  MemoryUsage of job (MB)
	2736340  -  ResidentSetSize of job (KB)
...
006 (3317022.002.000) 01/13 22:02:45 Image size of job updated: 5252980
	3149  -  MemoryUsage of job (MB)
	3224128  -  ResidentSetSize of job (KB)
...
006 (3317022.002.000) 01/13 22:27:47 Image size of job updated: 5874704
	3651  -  MemoryUsage of job (MB)
	3738172  -  ResidentSetSize of job (KB)
...
006 (3317022.002.000) 01/13 22:52:50 Image size of job updated: 6551940
	4195  -  MemoryUsage of job (MB)
	4295668  -  ResidentSetSize of job (KB)
...
040 (3317022.002.000) 01/13 23:15:13 Started transferring output files
...
040 (3317022.002.000) 01/13 23:15:13 Finished transferring output files
...
005 (3317022.002.000) 01/13 23:15:14 Job terminated.
	(1) Normal termination (return value 0)
		Usr 0 00:27:09, Sys 0 00:01:16  -  Run Remote Usage
		Usr 0 00:00:00, Sys 0 00:00:00  -  Run Local Usage
		Usr 0 00:27:09, Sys 0 00:01:16  -  Total Remote Usage
		Usr 0 00:00:00, Sys 0 00:00:00  -  Total Local Usage
	21579  -  Run Bytes Sent By Job
	10521  -  Run Bytes Received By Job
	21579  -  Total Bytes Sent By Job
	10521  -  Total Bytes Received By Job
	Partitionable Resources :    Usage  Request Allocated 
	   Cpus                 :     0.13        4         4 
	   Disk (KB)            :    55           1   1247758 
	   Memory (MB)          :  4195        8000      8000 

	Job terminated of its own accord at 2022-01-13T22:15:13Z.
...
