000 (3335431.008.000) 01/18 23:50:11 Job submitted from host: <188.185.70.244:9618?addrs=188.185.70.244-9618+[2001-1458-d00-7--100-2ee]-9618&alias=bigbird10.cern.ch&noUDP&sock=schedd_7001_aea1>
...
040 (3335431.008.000) 01/19 02:48:36 Started transferring input files
	Transferring to host: <188.184.165.190:9618?addrs=188.184.165.190-9618&alias=b7s14p5795.cern.ch&noUDP&sock=slot1_32_4357_a68a_32879>
...
040 (3335431.008.000) 01/19 02:48:36 Finished transferring input files
...
001 (3335431.008.000) 01/19 02:48:37 Job executing on host: <188.184.165.190:9618?addrs=188.184.165.190-9618&alias=b7s14p5795.cern.ch&noUDP&sock=startd_4125_fc41>
...
006 (3335431.008.000) 01/19 02:48:46 Image size of job updated: 452260
	70  -  MemoryUsage of job (MB)
	70700  -  ResidentSetSize of job (KB)
...
006 (3335431.008.000) 01/19 02:53:46 Image size of job updated: 1731960
	270  -  MemoryUsage of job (MB)
	276228  -  ResidentSetSize of job (KB)
...
006 (3335431.008.000) 01/19 02:58:46 Image size of job updated: 2770092
	860  -  MemoryUsage of job (MB)
	879720  -  ResidentSetSize of job (KB)
...
006 (3335431.008.000) 01/19 03:08:47 Image size of job updated: 2770092
	860  -  MemoryUsage of job (MB)
	879900  -  ResidentSetSize of job (KB)
...
006 (3335431.008.000) 01/19 03:13:47 Image size of job updated: 2770092
	860  -  MemoryUsage of job (MB)
	879904  -  ResidentSetSize of job (KB)
...
006 (3335431.008.000) 01/19 03:28:49 Image size of job updated: 2770092
	860  -  MemoryUsage of job (MB)
	879908  -  ResidentSetSize of job (KB)
...
006 (3335431.008.000) 01/19 03:33:50 Image size of job updated: 3256848
	1734  -  MemoryUsage of job (MB)
	1774748  -  ResidentSetSize of job (KB)
...
006 (3335431.008.000) 01/19 04:13:54 Image size of job updated: 3703344
	1786  -  MemoryUsage of job (MB)
	1828044  -  ResidentSetSize of job (KB)
...
006 (3335431.008.000) 01/19 04:23:55 Image size of job updated: 3703344
	1786  -  MemoryUsage of job (MB)
	1828048  -  ResidentSetSize of job (KB)
...
006 (3335431.008.000) 01/19 04:48:56 Image size of job updated: 3703344
	1788  -  MemoryUsage of job (MB)
	1830204  -  ResidentSetSize of job (KB)
...
006 (3335431.008.000) 01/19 04:53:57 Image size of job updated: 4198072
	2217  -  MemoryUsage of job (MB)
	2269896  -  ResidentSetSize of job (KB)
...
006 (3335431.008.000) 01/19 05:24:00 Image size of job updated: 4198072
	2219  -  MemoryUsage of job (MB)
	2271376  -  ResidentSetSize of job (KB)
...
006 (3335431.008.000) 01/19 05:29:01 Image size of job updated: 4699036
	2667  -  MemoryUsage of job (MB)
	2730884  -  ResidentSetSize of job (KB)
...
006 (3335431.008.000) 01/19 05:59:03 Image size of job updated: 4822340
	3267  -  MemoryUsage of job (MB)
	3344980  -  ResidentSetSize of job (KB)
...
006 (3335431.008.000) 01/19 06:04:04 Image size of job updated: 5271964
	3267  -  MemoryUsage of job (MB)
	3344980  -  ResidentSetSize of job (KB)
...
006 (3335431.008.000) 01/19 06:34:08 Image size of job updated: 5824720
	3724  -  MemoryUsage of job (MB)
	3813068  -  ResidentSetSize of job (KB)
...
006 (3335431.008.000) 01/19 06:59:09 Image size of job updated: 5824720
	3725  -  MemoryUsage of job (MB)
	3813596  -  ResidentSetSize of job (KB)
...
006 (3335431.008.000) 01/19 07:04:10 Image size of job updated: 6389896
	4171  -  MemoryUsage of job (MB)
	4270576  -  ResidentSetSize of job (KB)
...
006 (3335431.008.000) 01/19 07:29:12 Image size of job updated: 7077772
	5412  -  MemoryUsage of job (MB)
	5541492  -  ResidentSetSize of job (KB)
...
040 (3335431.008.000) 01/19 07:48:54 Started transferring output files
...
040 (3335431.008.000) 01/19 07:48:54 Finished transferring output files
...
009 (3335431.008.000) 01/19 07:48:54 Job was aborted.
	Job removed by SYSTEM_PERIODIC_REMOVE due to wall time exceeded allowed max.
...
