000 (3317022.015.000) 01/13 15:49:41 Job submitted from host: <188.185.70.244:9618?addrs=188.185.70.244-9618+[2001-1458-d00-7--100-2ee]-9618&alias=bigbird10.cern.ch&noUDP&sock=schedd_7001_aea1>
...
040 (3317022.015.000) 01/13 15:57:03 Started transferring input files
	Transferring to host: <128.142.58.137:9618?addrs=128.142.58.137-9618+[2001-1458-301-16--100-88]-9618&alias=b7s03p0871.cern.ch&noUDP&sock=slot1_5_3586_694b_28144>
...
040 (3317022.015.000) 01/13 15:57:03 Finished transferring input files
...
001 (3317022.015.000) 01/13 15:57:04 Job executing on host: <128.142.58.137:9618?addrs=128.142.58.137-9618+[2001-1458-301-16--100-88]-9618&alias=b7s03p0871.cern.ch&noUDP&sock=startd_2850_7101>
...
006 (3317022.015.000) 01/13 15:57:13 Image size of job updated: 128576
	65  -  MemoryUsage of job (MB)
	66076  -  ResidentSetSize of job (KB)
...
006 (3317022.015.000) 01/13 16:02:14 Image size of job updated: 1747692
	268  -  MemoryUsage of job (MB)
	274248  -  ResidentSetSize of job (KB)
...
006 (3317022.015.000) 01/13 16:07:14 Image size of job updated: 2411904
	680  -  MemoryUsage of job (MB)
	695820  -  ResidentSetSize of job (KB)
...
006 (3317022.015.000) 01/13 17:22:21 Image size of job updated: 2838632
	1025  -  MemoryUsage of job (MB)
	1048720  -  ResidentSetSize of job (KB)
...
006 (3317022.015.000) 01/13 18:07:25 Image size of job updated: 3277412
	1418  -  MemoryUsage of job (MB)
	1451792  -  ResidentSetSize of job (KB)
...
006 (3317022.015.000) 01/13 18:27:27 Image size of job updated: 3277412
	1418  -  MemoryUsage of job (MB)
	1451796  -  ResidentSetSize of job (KB)
...
006 (3317022.015.000) 01/13 18:42:29 Image size of job updated: 3735320
	1832  -  MemoryUsage of job (MB)
	1875460  -  ResidentSetSize of job (KB)
...
006 (3317022.015.000) 01/13 19:47:35 Image size of job updated: 4393284
	2855  -  MemoryUsage of job (MB)
	2923376  -  ResidentSetSize of job (KB)
...
006 (3317022.015.000) 01/13 20:52:42 Image size of job updated: 4592092
	3055  -  MemoryUsage of job (MB)
	3127916  -  ResidentSetSize of job (KB)
...
006 (3317022.015.000) 01/13 20:57:42 Image size of job updated: 5408864
	3055  -  MemoryUsage of job (MB)
	3127916  -  ResidentSetSize of job (KB)
...
006 (3317022.015.000) 01/13 21:37:47 Image size of job updated: 5408864
	3755  -  MemoryUsage of job (MB)
	3844692  -  ResidentSetSize of job (KB)
...
006 (3317022.015.000) 01/13 21:42:47 Image size of job updated: 5673848
	3755  -  MemoryUsage of job (MB)
	3844692  -  ResidentSetSize of job (KB)
...
006 (3317022.015.000) 01/13 22:07:50 Image size of job updated: 6406128
	3964  -  MemoryUsage of job (MB)
	4058232  -  ResidentSetSize of job (KB)
...
006 (3317022.015.000) 01/13 22:27:52 Image size of job updated: 6406128
	3967  -  MemoryUsage of job (MB)
	4061880  -  ResidentSetSize of job (KB)
...
006 (3317022.015.000) 01/13 22:32:52 Image size of job updated: 7576052
	5530  -  MemoryUsage of job (MB)
	5662408  -  ResidentSetSize of job (KB)
...
040 (3317022.015.000) 01/13 22:52:22 Started transferring output files
...
040 (3317022.015.000) 01/13 22:52:22 Finished transferring output files
...
005 (3317022.015.000) 01/13 22:52:22 Job terminated.
	(1) Normal termination (return value 0)
		Usr 0 00:39:47, Sys 0 00:00:47  -  Run Remote Usage
		Usr 0 00:00:00, Sys 0 00:00:00  -  Run Local Usage
		Usr 0 00:39:47, Sys 0 00:00:47  -  Total Remote Usage
		Usr 0 00:00:00, Sys 0 00:00:00  -  Total Local Usage
	23396  -  Run Bytes Sent By Job
	10521  -  Run Bytes Received By Job
	23396  -  Total Bytes Sent By Job
	10521  -  Total Bytes Received By Job
	Partitionable Resources :    Usage  Request Allocated 
	   Cpus                 :     0.05        4         4 
	   Disk (KB)            :    54           1   1267497 
	   Memory (MB)          :  5530        8000      8000 

	Job terminated of its own accord at 2022-01-13T21:52:22Z.
...
