000 (3294119.012.000) 01/10 14:43:34 Job submitted from host: <188.185.70.244:9618?addrs=188.185.70.244-9618+[2001-1458-d00-7--100-2ee]-9618&alias=bigbird10.cern.ch&noUDP&sock=schedd_7001_aea1>
...
040 (3294119.012.000) 01/10 14:47:21 Started transferring input files
	Transferring to host: <188.184.162.213:9618?addrs=188.184.162.213-9618+[2001-1458-301-4a--100-cf]-9618&alias=b7s11p8776.cern.ch&noUDP&sock=slot1_10_4443_3ece_24102>
...
040 (3294119.012.000) 01/10 14:47:21 Finished transferring input files
...
001 (3294119.012.000) 01/10 14:47:22 Job executing on host: <188.184.162.213:9618?addrs=188.184.162.213-9618+[2001-1458-301-4a--100-cf]-9618&alias=b7s11p8776.cern.ch&noUDP&sock=startd_4209_9a36>
...
006 (3294119.012.000) 01/10 14:47:31 Image size of job updated: 395520
	155  -  MemoryUsage of job (MB)
	157792  -  ResidentSetSize of job (KB)
...
006 (3294119.012.000) 01/10 14:47:40 Image size of job updated: 1443172
	155  -  MemoryUsage of job (MB)
	157792  -  ResidentSetSize of job (KB)
...
040 (3294119.012.000) 01/10 14:47:40 Started transferring output files
...
040 (3294119.012.000) 01/10 14:47:40 Finished transferring output files
...
005 (3294119.012.000) 01/10 14:47:40 Job terminated.
	(1) Normal termination (return value 1)
		Usr 0 00:00:06, Sys 0 00:00:02  -  Run Remote Usage
		Usr 0 00:00:00, Sys 0 00:00:00  -  Run Local Usage
		Usr 0 00:00:06, Sys 0 00:00:02  -  Total Remote Usage
		Usr 0 00:00:00, Sys 0 00:00:00  -  Total Local Usage
	7244  -  Run Bytes Sent By Job
	10524  -  Run Bytes Received By Job
	7244  -  Total Bytes Sent By Job
	10524  -  Total Bytes Received By Job
	Partitionable Resources :    Usage  Request Allocated 
	   Cpus                 :                 4         4 
	   Disk (KB)            :       34        1   3006720 
	   Memory (MB)          :      155     8000      8000 

	Job terminated of its own accord at 2022-01-10T13:47:40Z.
...
