000 (3336047.019.000) 01/19 12:01:53 Job submitted from host: <188.185.70.244:9618?addrs=188.185.70.244-9618+[2001-1458-d00-7--100-2ee]-9618&alias=bigbird10.cern.ch&noUDP&sock=schedd_7001_aea1>
...
040 (3336047.019.000) 01/19 12:21:22 Started transferring input files
	Transferring to host: <128.142.58.89:9618?addrs=128.142.58.89-9618+[2001-1458-301-16--100-58]-9618&alias=b7s03p1122.cern.ch&noUDP&sock=slot1_28_3583_4c2b_34393>
...
040 (3336047.019.000) 01/19 12:21:22 Finished transferring input files
...
001 (3336047.019.000) 01/19 12:21:23 Job executing on host: <128.142.58.89:9618?addrs=128.142.58.89-9618+[2001-1458-301-16--100-58]-9618&alias=b7s03p1122.cern.ch&noUDP&sock=startd_2841_44a6>
...
006 (3336047.019.000) 01/19 12:21:32 Image size of job updated: 240604
	175  -  MemoryUsage of job (MB)
	179120  -  ResidentSetSize of job (KB)
...
006 (3336047.019.000) 01/19 12:26:29 Image size of job updated: 1725476
	175  -  MemoryUsage of job (MB)
	179136  -  ResidentSetSize of job (KB)
...
040 (3336047.019.000) 01/19 12:26:29 Started transferring output files
...
040 (3336047.019.000) 01/19 12:26:29 Finished transferring output files
...
005 (3336047.019.000) 01/19 12:26:29 Job terminated.
	(1) Normal termination (return value 0)
		Usr 0 00:00:13, Sys 0 00:00:02  -  Run Remote Usage
		Usr 0 00:00:00, Sys 0 00:00:00  -  Run Local Usage
		Usr 0 00:00:13, Sys 0 00:00:02  -  Total Remote Usage
		Usr 0 00:00:00, Sys 0 00:00:00  -  Total Local Usage
	1371  -  Run Bytes Sent By Job
	11205  -  Run Bytes Received By Job
	1371  -  Total Bytes Sent By Job
	11205  -  Total Bytes Received By Job
	Partitionable Resources :    Usage  Request Allocated 
	   Cpus                 :     0.01        4         4 
	   Disk (KB)            :    36           1   1275867 
	   Memory (MB)          :   175        8000      8000 

	Job terminated of its own accord at 2022-01-19T11:26:29Z.
...
