000 (3322543.024.000) 01/17 18:39:25 Job submitted from host: <188.185.70.244:9618?addrs=188.185.70.244-9618+[2001-1458-d00-7--100-2ee]-9618&alias=bigbird10.cern.ch&noUDP&sock=schedd_7001_aea1>
...
040 (3322543.024.000) 01/17 23:11:07 Started transferring input files
	Transferring to host: <128.142.131.100:9618?addrs=128.142.131.100-9618+[2001-1458-301-59--100-58]-9618&alias=b7g11p9523.cern.ch&noUDP&sock=slot1_2_3906_e158_18114>
...
040 (3322543.024.000) 01/17 23:11:07 Finished transferring input files
...
001 (3322543.024.000) 01/17 23:11:08 Job executing on host: <128.142.131.100:9618?addrs=128.142.131.100-9618+[2001-1458-301-59--100-58]-9618&alias=b7g11p9523.cern.ch&noUDP&sock=startd_3264_6936>
...
006 (3322543.024.000) 01/17 23:11:17 Image size of job updated: 320160
	190  -  MemoryUsage of job (MB)
	193836  -  ResidentSetSize of job (KB)
...
006 (3322543.024.000) 01/17 23:16:18 Image size of job updated: 1762852
	301  -  MemoryUsage of job (MB)
	307740  -  ResidentSetSize of job (KB)
...
006 (3322543.024.000) 01/17 23:21:19 Image size of job updated: 2801868
	890  -  MemoryUsage of job (MB)
	911308  -  ResidentSetSize of job (KB)
...
006 (3322543.024.000) 01/18 00:06:24 Image size of job updated: 2801868
	892  -  MemoryUsage of job (MB)
	912720  -  ResidentSetSize of job (KB)
...
006 (3322543.024.000) 01/18 00:11:25 Image size of job updated: 3428940
	1517  -  MemoryUsage of job (MB)
	1553340  -  ResidentSetSize of job (KB)
...
006 (3322543.024.000) 01/18 01:31:34 Image size of job updated: 3727576
	1819  -  MemoryUsage of job (MB)
	1862164  -  ResidentSetSize of job (KB)
...
006 (3322543.024.000) 01/18 01:56:37 Image size of job updated: 3727576
	1819  -  MemoryUsage of job (MB)
	1862168  -  ResidentSetSize of job (KB)
...
006 (3322543.024.000) 01/18 02:01:37 Image size of job updated: 3727576
	1819  -  MemoryUsage of job (MB)
	1862248  -  ResidentSetSize of job (KB)
...
006 (3322543.024.000) 01/18 02:06:38 Image size of job updated: 4222300
	2247  -  MemoryUsage of job (MB)
	2299960  -  ResidentSetSize of job (KB)
...
006 (3322543.024.000) 01/18 02:11:38 Image size of job updated: 4222300
	2248  -  MemoryUsage of job (MB)
	2301152  -  ResidentSetSize of job (KB)
...
006 (3322543.024.000) 01/18 02:16:38 Image size of job updated: 4723232
	2694  -  MemoryUsage of job (MB)
	2758580  -  ResidentSetSize of job (KB)
...
006 (3322543.024.000) 01/18 02:21:39 Image size of job updated: 4723232
	2696  -  MemoryUsage of job (MB)
	2760372  -  ResidentSetSize of job (KB)
...
006 (3322543.024.000) 01/18 02:26:40 Image size of job updated: 5259512
	3137  -  MemoryUsage of job (MB)
	3211424  -  ResidentSetSize of job (KB)
...
006 (3322543.024.000) 01/18 02:31:40 Image size of job updated: 5259512
	3829  -  MemoryUsage of job (MB)
	3920032  -  ResidentSetSize of job (KB)
...
006 (3322543.024.000) 01/18 02:36:41 Image size of job updated: 5848888
	3829  -  MemoryUsage of job (MB)
	3920032  -  ResidentSetSize of job (KB)
...
006 (3322543.024.000) 01/18 02:41:42 Image size of job updated: 6414100
	4802  -  MemoryUsage of job (MB)
	4916312  -  ResidentSetSize of job (KB)
...
006 (3322543.024.000) 01/18 02:51:42 Image size of job updated: 6960532
	5364  -  MemoryUsage of job (MB)
	5492188  -  ResidentSetSize of job (KB)
...
040 (3322543.024.000) 01/18 02:53:48 Started transferring output files
...
040 (3322543.024.000) 01/18 02:53:48 Finished transferring output files
...
005 (3322543.024.000) 01/18 02:53:48 Job terminated.
	(1) Normal termination (return value 0)
		Usr 0 00:50:46, Sys 0 00:00:45  -  Run Remote Usage
		Usr 0 00:00:00, Sys 0 00:00:00  -  Run Local Usage
		Usr 0 00:50:46, Sys 0 00:00:45  -  Total Remote Usage
		Usr 0 00:00:00, Sys 0 00:00:00  -  Total Local Usage
	1371  -  Run Bytes Sent By Job
	10522  -  Run Bytes Received By Job
	1371  -  Total Bytes Sent By Job
	10522  -  Total Bytes Received By Job
	Partitionable Resources :    Usage  Request Allocated 
	   Cpus                 :     1.00        4         4 
	   Disk (KB)            :    36           1   1595237 
	   Memory (MB)          :  5364        8000      8000 

	Job terminated of its own accord at 2022-01-18T01:53:48Z.
...
