000 (3275856.001.000) 12/22 11:21:46 Job submitted from host: <188.185.70.244:9618?addrs=188.185.70.244-9618+[2001-1458-d00-7--100-2ee]-9618&alias=bigbird10.cern.ch&noUDP&sock=schedd_2095_9300>
...
040 (3275856.001.000) 12/22 13:33:09 Started transferring input files
	Transferring to host: <128.142.58.121:9618?addrs=128.142.58.121-9618&alias=b7s03p8514.cern.ch&noUDP&sock=slot1_6_4409_4a0c_6423>
...
040 (3275856.001.000) 12/22 13:33:09 Finished transferring input files
...
001 (3275856.001.000) 12/22 13:33:10 Job executing on host: <128.142.58.121:9618?addrs=128.142.58.121-9618&alias=b7s03p8514.cern.ch&noUDP&sock=startd_4067_33c3>
...
006 (3275856.001.000) 12/22 13:33:19 Image size of job updated: 1252552
	165  -  MemoryUsage of job (MB)
	168712  -  ResidentSetSize of job (KB)
...
006 (3275856.001.000) 12/22 13:33:56 Image size of job updated: 1738892
	165  -  MemoryUsage of job (MB)
	168816  -  ResidentSetSize of job (KB)
...
040 (3275856.001.000) 12/22 13:33:56 Started transferring output files
...
040 (3275856.001.000) 12/22 13:33:56 Finished transferring output files
...
005 (3275856.001.000) 12/22 13:33:56 Job terminated.
	(1) Normal termination (return value 0)
		Usr 0 00:00:23, Sys 0 00:00:02  -  Run Remote Usage
		Usr 0 00:00:00, Sys 0 00:00:00  -  Run Local Usage
		Usr 0 00:00:23, Sys 0 00:00:02  -  Total Remote Usage
		Usr 0 00:00:00, Sys 0 00:00:00  -  Total Local Usage
	9517  -  Run Bytes Sent By Job
	11185  -  Run Bytes Received By Job
	9517  -  Total Bytes Sent By Job
	11185  -  Total Bytes Received By Job
	Partitionable Resources :    Usage  Request Allocated 
	   Cpus                 :                 4         4 
	   Disk (KB)            :       34        1   1146581 
	   Memory (MB)          :      165     8000      8000 

	Job terminated of its own accord at 2021-12-22T12:33:56Z.
...
