000 (3316946.020.000) 01/13 10:23:44 Job submitted from host: <188.185.70.244:9618?addrs=188.185.70.244-9618+[2001-1458-d00-7--100-2ee]-9618&alias=bigbird10.cern.ch&noUDP&sock=schedd_7001_aea1>
...
040 (3316946.020.000) 01/13 10:27:32 Started transferring input files
	Transferring to host: <128.142.132.21:9618?addrs=128.142.132.21-9618+[2001-1458-301-5a--100-9]-9618&alias=b7g12p7732.cern.ch&noUDP&sock=slot1_27_22086_55bb_95995>
...
040 (3316946.020.000) 01/13 10:27:32 Finished transferring input files
...
001 (3316946.020.000) 01/13 10:27:33 Job executing on host: <128.142.132.21:9618?addrs=128.142.132.21-9618+[2001-1458-301-5a--100-9]-9618&alias=b7g12p7732.cern.ch&noUDP&sock=startd_2495_f0e2>
...
006 (3316946.020.000) 01/13 10:27:42 Image size of job updated: 148208
	67  -  MemoryUsage of job (MB)
	68120  -  ResidentSetSize of job (KB)
...
006 (3316946.020.000) 01/13 10:32:43 Image size of job updated: 2119336
	580  -  MemoryUsage of job (MB)
	593768  -  ResidentSetSize of job (KB)
...
006 (3316946.020.000) 01/13 10:52:45 Image size of job updated: 2389164
	774  -  MemoryUsage of job (MB)
	792184  -  ResidentSetSize of job (KB)
...
006 (3316946.020.000) 01/13 11:07:46 Image size of job updated: 2389164
	775  -  MemoryUsage of job (MB)
	792768  -  ResidentSetSize of job (KB)
...
006 (3316946.020.000) 01/13 11:12:46 Image size of job updated: 2680608
	1005  -  MemoryUsage of job (MB)
	1028760  -  ResidentSetSize of job (KB)
...
006 (3316946.020.000) 01/13 11:22:48 Image size of job updated: 2680608
	1005  -  MemoryUsage of job (MB)
	1028764  -  ResidentSetSize of job (KB)
...
006 (3316946.020.000) 01/13 11:27:48 Image size of job updated: 3010212
	1299  -  MemoryUsage of job (MB)
	1329792  -  ResidentSetSize of job (KB)
...
006 (3316946.020.000) 01/13 11:42:50 Image size of job updated: 3010212
	1301  -  MemoryUsage of job (MB)
	1331724  -  ResidentSetSize of job (KB)
...
006 (3316946.020.000) 01/13 11:47:50 Image size of job updated: 3448608
	1650  -  MemoryUsage of job (MB)
	1688756  -  ResidentSetSize of job (KB)
...
006 (3316946.020.000) 01/13 11:52:51 Image size of job updated: 3448608
	1650  -  MemoryUsage of job (MB)
	1688760  -  ResidentSetSize of job (KB)
...
006 (3316946.020.000) 01/13 12:02:51 Image size of job updated: 3823196
	2014  -  MemoryUsage of job (MB)
	2061928  -  ResidentSetSize of job (KB)
...
006 (3316946.020.000) 01/13 12:17:53 Image size of job updated: 3823196
	2017  -  MemoryUsage of job (MB)
	2065188  -  ResidentSetSize of job (KB)
...
006 (3316946.020.000) 01/13 12:22:54 Image size of job updated: 4279312
	2420  -  MemoryUsage of job (MB)
	2477768  -  ResidentSetSize of job (KB)
...
006 (3316946.020.000) 01/13 12:32:55 Image size of job updated: 4279312
	2421  -  MemoryUsage of job (MB)
	2478684  -  ResidentSetSize of job (KB)
...
006 (3316946.020.000) 01/13 12:37:55 Image size of job updated: 4716160
	2804  -  MemoryUsage of job (MB)
	2870644  -  ResidentSetSize of job (KB)
...
006 (3316946.020.000) 01/13 12:42:56 Image size of job updated: 4716160
	2804  -  MemoryUsage of job (MB)
	2870648  -  ResidentSetSize of job (KB)
...
006 (3316946.020.000) 01/13 12:52:56 Image size of job updated: 4919392
	3640  -  MemoryUsage of job (MB)
	3726392  -  ResidentSetSize of job (KB)
...
006 (3316946.020.000) 01/13 12:57:57 Image size of job updated: 5239376
	3640  -  MemoryUsage of job (MB)
	3726392  -  ResidentSetSize of job (KB)
...
040 (3316946.020.000) 01/13 13:05:38 Started transferring output files
...
040 (3316946.020.000) 01/13 13:05:38 Finished transferring output files
...
005 (3316946.020.000) 01/13 13:05:38 Job terminated.
	(1) Normal termination (return value 0)
		Usr 0 00:28:53, Sys 0 00:00:54  -  Run Remote Usage
		Usr 0 00:00:00, Sys 0 00:00:00  -  Run Local Usage
		Usr 0 00:28:53, Sys 0 00:00:54  -  Total Remote Usage
		Usr 0 00:00:00, Sys 0 00:00:00  -  Total Local Usage
	12911  -  Run Bytes Sent By Job
	10529  -  Run Bytes Received By Job
	12911  -  Total Bytes Sent By Job
	10529  -  Total Bytes Received By Job
	Partitionable Resources :    Usage  Request Allocated 
	   Cpus                 :     0.07        4         4 
	   Disk (KB)            :    47           1   1439766 
	   Memory (MB)          :  3640        8000      8000 

	Job terminated of its own accord at 2022-01-13T12:05:38Z.
...
