000 (3275832.010.000) 12/22 10:47:45 Job submitted from host: <188.185.70.244:9618?addrs=188.185.70.244-9618+[2001-1458-d00-7--100-2ee]-9618&alias=bigbird10.cern.ch&noUDP&sock=schedd_2095_9300>
...
040 (3275832.010.000) 12/22 10:58:46 Started transferring input files
	Transferring to host: <188.184.164.39:9618?addrs=188.184.164.39-9618&alias=b7s13p4258.cern.ch&noUDP&sock=slot1_15_4394_b86c_5746>
...
040 (3275832.010.000) 12/22 10:58:46 Finished transferring input files
...
001 (3275832.010.000) 12/22 10:58:47 Job executing on host: <188.184.164.39:9618?addrs=188.184.164.39-9618&alias=b7s13p4258.cern.ch&noUDP&sock=startd_4216_675f>
...
006 (3275832.010.000) 12/22 10:58:50 Image size of job updated: 1
	0  -  MemoryUsage of job (MB)
	0  -  ResidentSetSize of job (KB)
...
040 (3275832.010.000) 12/22 10:58:50 Started transferring output files
...
040 (3275832.010.000) 12/22 10:58:50 Finished transferring output files
...
005 (3275832.010.000) 12/22 10:58:50 Job terminated.
	(1) Normal termination (return value 1)
		Usr 0 00:00:01, Sys 0 00:00:00  -  Run Remote Usage
		Usr 0 00:00:00, Sys 0 00:00:00  -  Run Local Usage
		Usr 0 00:00:01, Sys 0 00:00:00  -  Total Remote Usage
		Usr 0 00:00:00, Sys 0 00:00:00  -  Total Local Usage
	195  -  Run Bytes Sent By Job
	11179  -  Run Bytes Received By Job
	195  -  Total Bytes Sent By Job
	11179  -  Total Bytes Received By Job
	Partitionable Resources :    Usage  Request Allocated 
	   Cpus                 :                 4         4 
	   Disk (KB)            :       28        1   2847292 
	   Memory (MB)          :        0     8000      8000 

	Job terminated of its own accord at 2021-12-22T09:58:50Z.
...
