000 (3314881.016.000) 01/12 10:53:19 Job submitted from host: <188.185.70.244:9618?addrs=188.185.70.244-9618+[2001-1458-d00-7--100-2ee]-9618&alias=bigbird10.cern.ch&noUDP&sock=schedd_7001_aea1>
...
040 (3314881.016.000) 01/12 10:54:07 Started transferring input files
	Transferring to host: <188.184.164.93:9618?addrs=188.184.164.93-9618+[2001-1458-301-4e--100-57]-9618&alias=b7s13p9566.cern.ch&noUDP&sock=slot1_11_4739_cdda_25710>
...
040 (3314881.016.000) 01/12 10:54:07 Finished transferring input files
...
001 (3314881.016.000) 01/12 10:54:08 Job executing on host: <188.184.164.93:9618?addrs=188.184.164.93-9618+[2001-1458-301-4e--100-57]-9618&alias=b7s13p9566.cern.ch&noUDP&sock=startd_4510_1037>
...
006 (3314881.016.000) 01/12 10:54:17 Image size of job updated: 27400
	12  -  MemoryUsage of job (MB)
	11652  -  ResidentSetSize of job (KB)
...
006 (3314881.016.000) 01/12 10:59:18 Image size of job updated: 1737732
	277  -  MemoryUsage of job (MB)
	283012  -  ResidentSetSize of job (KB)
...
006 (3314881.016.000) 01/12 11:04:18 Image size of job updated: 2534964
	738  -  MemoryUsage of job (MB)
	755180  -  ResidentSetSize of job (KB)
...
006 (3314881.016.000) 01/12 11:09:19 Image size of job updated: 2534964
	738  -  MemoryUsage of job (MB)
	755184  -  ResidentSetSize of job (KB)
...
006 (3314881.016.000) 01/12 11:14:20 Image size of job updated: 2534964
	738  -  MemoryUsage of job (MB)
	755196  -  ResidentSetSize of job (KB)
...
040 (3314881.016.000) 01/12 11:18:18 Started transferring output files
...
040 (3314881.016.000) 01/12 11:18:18 Finished transferring output files
...
004 (3314881.016.000) 01/12 11:18:18 Job was evicted.
	(0) CPU times
		Usr 0 00:03:41, Sys 0 00:00:07  -  Run Remote Usage
		Usr 0 00:00:00, Sys 0 00:00:00  -  Run Local Usage
	8306  -  Run Bytes Sent By Job
	10530  -  Run Bytes Received By Job
	Partitionable Resources :    Usage  Request Allocated 
	   Cpus                 :     0.05        4         4 
	   Disk (KB)            :    42           1   3016909 
	   Memory (MB)          :   738        8000      8000 
...
009 (3314881.016.000) 01/12 11:18:18 Job was aborted.
	via condor_rm (by user vdamante)
...
