000 (3277184.021.000) 12/25 15:18:23 Job submitted from host: <188.185.70.244:9618?addrs=188.185.70.244-9618+[2001-1458-d00-7--100-2ee]-9618&alias=bigbird10.cern.ch&noUDP&sock=schedd_2095_9300>
...
040 (3277184.021.000) 12/25 15:20:06 Started transferring input files
	Transferring to host: <188.184.162.21:9618?addrs=188.184.162.21-9618+[2001-1458-301-4a--100-f]-9618&alias=b7s11p8641.cern.ch&noUDP&sock=slot1_6_4044_1d1e_8763>
...
040 (3277184.021.000) 12/25 15:20:06 Finished transferring input files
...
001 (3277184.021.000) 12/25 15:20:07 Job executing on host: <188.184.162.21:9618?addrs=188.184.162.21-9618+[2001-1458-301-4a--100-f]-9618&alias=b7s11p8641.cern.ch&noUDP&sock=startd_3229_6765>
...
006 (3277184.021.000) 12/25 15:20:16 Image size of job updated: 320072
	155  -  MemoryUsage of job (MB)
	157764  -  ResidentSetSize of job (KB)
...
006 (3277184.021.000) 12/25 15:22:09 Image size of job updated: 1726516
	155  -  MemoryUsage of job (MB)
	157764  -  ResidentSetSize of job (KB)
...
040 (3277184.021.000) 12/25 15:22:09 Started transferring output files
...
040 (3277184.021.000) 12/25 15:22:09 Finished transferring output files
...
005 (3277184.021.000) 12/25 15:22:09 Job terminated.
	(1) Normal termination (return value 0)
		Usr 0 00:00:17, Sys 0 00:00:03  -  Run Remote Usage
		Usr 0 00:00:00, Sys 0 00:00:00  -  Run Local Usage
		Usr 0 00:00:17, Sys 0 00:00:03  -  Total Remote Usage
		Usr 0 00:00:00, Sys 0 00:00:00  -  Total Local Usage
	21799  -  Run Bytes Sent By Job
	11213  -  Run Bytes Received By Job
	21799  -  Total Bytes Sent By Job
	11213  -  Total Bytes Received By Job
	Partitionable Resources :    Usage  Request Allocated 
	   Cpus                 :                 4         4 
	   Disk (KB)            :       48        1   2922114 
	   Memory (MB)          :      155     8000      8000 

	Job terminated of its own accord at 2021-12-25T14:22:09Z.
...
