Running with following options: 
 channel = eTau 
 machine = lxplus 
 prodMode = GluGlu 
 sample = Radion 
 year = 2017 
 nTriggers = -1 
 iter = baseline 
 nEvts = -1 
 mass_points = [1000] 
 best_path_baseline =  
 verbose = 0 
 reco = True 
 
evaluating for mass 1000
['root://xrootd-cms.infn.it///store/mc/RunIIFall17NanoAODv7/GluGluToRadionToHHTo2B2Tau_M-1000_narrow_13TeV-madgraph_correctedcfg/NANOAODSIM/PU2017_12Apr2018_Nano02Apr2020_102X_mc2017_realistic_v8-v1/260000/F7740B66-F3ED-934A-9EA2-071926376C8D.root', 'root://xrootd-cms.infn.it///store/mc/RunIIFall17NanoAODv7/GluGluToRadionToHHTo2B2Tau_M-1000_narrow_13TeV-madgraph_correctedcfg/NANOAODSIM/PU2017_12Apr2018_Nano02Apr2020_102X_mc2017_realistic_v8-v1/260000/E55ECC94-6C2E-CD40-9862-EFEEBD607E9F.root', 'root://xrootd-cms.infn.it///store/mc/RunIIFall17NanoAODv7/GluGluToRadionToHHTo2B2Tau_M-1000_narrow_13TeV-madgraph_correctedcfg/NANOAODSIM/PU2017_12Apr2018_Nano02Apr2020_102X_mc2017_realistic_v8-v1/100000/B45DA1DC-2E7C-5743-865E-CD5E751E3A71.root', 'root://xrootd-cms.infn.it///store/mc/RunIIFall17NanoAODv7/GluGluToRadionToHHTo2B2Tau_M-1000_narrow_13TeV-madgraph_correctedcfg/NANOAODSIM/PU2017_12Apr2018_Nano02Apr2020_102X_mc2017_realistic_v8-v1/110000/EFA9919C-ECA0-044F-906C-B665F9A1F8C2.root', 'root://xrootd-cms.infn.it///store/mc/RunIIFall17NanoAODv7/GluGluToRadionToHHTo2B2Tau_M-1000_narrow_13TeV-madgraph_correctedcfg/NANOAODSIM/PU2017_12Apr2018_Nano02Apr2020_102X_mc2017_realistic_v8-v1/120000/79250D20-A5D9-CA45-A950-B0A664396D1A.root', 'root://xrootd-cms.infn.it///store/mc/RunIIFall17NanoAODv7/GluGluToRadionToHHTo2B2Tau_M-1000_narrow_13TeV-madgraph_correctedcfg/NANOAODSIM/PU2017_12Apr2018_Nano02Apr2020_102X_mc2017_realistic_v8-v1/120000/62222A86-0615-5A40-9D83-E186478C6A8C.root', 'root://xrootd-cms.infn.it///store/mc/RunIIFall17NanoAODv7/GluGluToRadionToHHTo2B2Tau_M-1000_narrow_13TeV-madgraph_correctedcfg/NANOAODSIM/PU2017_12Apr2018_Nano02Apr2020_102X_mc2017_realistic_v8-v1/270000/7FDC6D81-58C0-6C42-9093-60B93DE4CB64.root', 'root://xrootd-cms.infn.it///store/mc/RunIIFall17NanoAODv7/GluGluToRadionToHHTo2B2Tau_M-1000_narrow_13TeV-madgraph_correctedcfg/NANOAODSIM/PU2017_12Apr2018_Nano02Apr2020_102X_mc2017_realistic_v8-v1/60000/1F5286A9-D6D1-AF44-8C57-6628BC4EC789.root']
filtering for channel eTau
filtered for channel eTau
current baseline path are ['HLT_Ele32_WPTight_Gsf', 'HLT_Ele35_WPTight_Gsf', 'HLT_Ele24_eta2p1_WPTight_Gsf_LooseChargedIsoPFTau30_eta2p1_CrossL1', 'HLT_Ele32_WPTight_Gsf_L1DoubleEG']
nTriggers=4, best_paths_baseline=['HLT_Ele32_WPTight_Gsf', 'HLT_Ele35_WPTight_Gsf', 'HLT_Ele24_eta2p1_WPTight_Gsf_LooseChargedIsoPFTau30_eta2p1_CrossL1', 'HLT_Ele32_WPTight_Gsf_L1DoubleEG'], best_paths=['HLT_Ele32_WPTight_Gsf', 'HLT_Ele35_WPTight_Gsf', 'HLT_Ele24_eta2p1_WPTight_Gsf_LooseChargedIsoPFTau30_eta2p1_CrossL1', 'HLT_Ele32_WPTight_Gsf_L1DoubleEG']
current paths = [('HLT_Ele32_WPTight_Gsf', 0.6531054405392392), ('HLT_Ele35_WPTight_Gsf', 1.0), ('HLT_Ele24_eta2p1_WPTight_Gsf_LooseChargedIsoPFTau30_eta2p1_CrossL1', 1.0), ('HLT_Ele32_WPTight_Gsf_L1DoubleEG', 1.0)] 
l1Seeds for HLT_Ele32_WPTight_Gsf are ['L1_SingleEG24', 'L1_SingleEG26', 'L1_SingleEG30', 'L1_SingleEG32', 'L1_SingleEG34', 'L1_SingleEG36', 'L1_SingleEG38', 'L1_SingleEG40', 'L1_SingleEG42', 'L1_SingleEG45', 'L1_SingleEG50', 'L1_SingleEG34er2p1', 'L1_SingleEG36er2p1', 'L1_SingleEG38er2p1', 'L1_SingleIsoEG24er2p1', 'L1_SingleIsoEG26er2p1', 'L1_SingleIsoEG28er2p1', 'L1_SingleIsoEG30er2p1', 'L1_SingleIsoEG32er2p1', 'L1_SingleIsoEG34er2p1', 'L1_SingleIsoEG36er2p1', 'L1_SingleIsoEG24', 'L1_SingleIsoEG26', 'L1_SingleIsoEG28', 'L1_SingleIsoEG30', 'L1_SingleIsoEG32', 'L1_SingleIsoEG34', 'L1_SingleIsoEG36', 'L1_SingleIsoEG38'] 
l1Seeds for HLT_Ele35_WPTight_Gsf are ['L1_SingleEG24', 'L1_SingleEG26', 'L1_SingleEG30', 'L1_SingleEG32', 'L1_SingleEG34', 'L1_SingleEG36', 'L1_SingleEG38', 'L1_SingleEG40', 'L1_SingleEG42', 'L1_SingleEG45', 'L1_SingleEG50', 'L1_SingleEG34er2p1', 'L1_SingleEG36er2p1', 'L1_SingleEG38er2p1', 'L1_SingleIsoEG24er2p1', 'L1_SingleIsoEG26er2p1', 'L1_SingleIsoEG28er2p1', 'L1_SingleIsoEG30er2p1', 'L1_SingleIsoEG32er2p1', 'L1_SingleIsoEG34er2p1', 'L1_SingleIsoEG36er2p1', 'L1_SingleIsoEG24', 'L1_SingleIsoEG26', 'L1_SingleIsoEG28', 'L1_SingleIsoEG30', 'L1_SingleIsoEG32', 'L1_SingleIsoEG34', 'L1_SingleIsoEG36', 'L1_SingleIsoEG38'] 
l1Seeds for HLT_Ele24_eta2p1_WPTight_Gsf_LooseChargedIsoPFTau30_eta2p1_CrossL1 are ['L1_LooseIsoEG22er2p1_IsoTau26er2p1_dR_Min0p3', 'L1_LooseIsoEG24er2p1_IsoTau27er2p1_dR_Min0p3'] 
all l1 seeds are 0
nEvt is 0
l1Seeds for HLT_Ele32_WPTight_Gsf are ['L1_SingleEG24', 'L1_SingleEG26', 'L1_SingleEG40', 'L1_SingleEG42', 'L1_SingleEG45', 'L1_SingleIsoEG28er2p1', 'L1_SingleIsoEG30er2p1', 'L1_SingleIsoEG36er2p1', 'L1_SingleIsoEG38'] 
l1Seeds for HLT_Ele35_WPTight_Gsf are ['L1_SingleEG24', 'L1_SingleEG26', 'L1_SingleEG40', 'L1_SingleEG42', 'L1_SingleEG45', 'L1_SingleIsoEG28er2p1', 'L1_SingleIsoEG30er2p1', 'L1_SingleIsoEG36er2p1', 'L1_SingleIsoEG38'] 
l1Seeds for HLT_Ele24_eta2p1_WPTight_Gsf_LooseChargedIsoPFTau30_eta2p1_CrossL1 are [] 
all l1 seeds are 0
nEvt is 0
l1Seeds for HLT_Ele32_WPTight_Gsf are ['L1_SingleEG24', 'L1_SingleEG26', 'L1_SingleEG40', 'L1_SingleEG42', 'L1_SingleEG45', 'L1_SingleIsoEG28er2p1', 'L1_SingleIsoEG30er2p1', 'L1_SingleIsoEG36er2p1', 'L1_SingleIsoEG38'] 
l1Seeds for HLT_Ele35_WPTight_Gsf are ['L1_SingleEG24', 'L1_SingleEG26', 'L1_SingleEG40', 'L1_SingleEG42', 'L1_SingleEG45', 'L1_SingleIsoEG28er2p1', 'L1_SingleIsoEG30er2p1', 'L1_SingleIsoEG36er2p1', 'L1_SingleIsoEG38'] 
l1Seeds for HLT_Ele24_eta2p1_WPTight_Gsf_LooseChargedIsoPFTau30_eta2p1_CrossL1 are [] 
all l1 seeds are 0
nEvt is 0
l1Seeds for HLT_Ele32_WPTight_Gsf are ['L1_SingleEG24', 'L1_SingleEG26', 'L1_SingleEG40', 'L1_SingleEG42', 'L1_SingleEG45', 'L1_SingleIsoEG28er2p1', 'L1_SingleIsoEG30er2p1', 'L1_SingleIsoEG36er2p1', 'L1_SingleIsoEG38'] 
l1Seeds for HLT_Ele35_WPTight_Gsf are ['L1_SingleEG24', 'L1_SingleEG26', 'L1_SingleEG40', 'L1_SingleEG42', 'L1_SingleEG45', 'L1_SingleIsoEG28er2p1', 'L1_SingleIsoEG30er2p1', 'L1_SingleIsoEG36er2p1', 'L1_SingleIsoEG38'] 
l1Seeds for HLT_Ele24_eta2p1_WPTight_Gsf_LooseChargedIsoPFTau30_eta2p1_CrossL1 are [] 
all l1 seeds are 0
nEvt is 0
[]
[]
