Running with following options: 
 channel = eTau 
 machine = lxplus 
 prodMode = GluGlu 
 sample = Radion 
 year = 2017 
 nTriggers = -1 
 iter = baseline 
 nEvts = -1 
 mass_points = [900] 
 best_path_baseline =  
 verbose = 0 
 reco = True 
 
evaluating for mass 900
['root://xrootd-cms.infn.it///store/mc/RunIIFall17NanoAODv7/GluGluToRadionToHHTo2B2Tau_M-900_narrow_13TeV-madgraph_correctedcfg/NANOAODSIM/PU2017_12Apr2018_Nano02Apr2020_102X_mc2017_realistic_v8-v1/100000/D4B38B98-F841-194C-B1A0-709D5CA89F6C.root', 'root://xrootd-cms.infn.it///store/mc/RunIIFall17NanoAODv7/GluGluToRadionToHHTo2B2Tau_M-900_narrow_13TeV-madgraph_correctedcfg/NANOAODSIM/PU2017_12Apr2018_Nano02Apr2020_102X_mc2017_realistic_v8-v1/100000/2E3C5831-B762-6249-B55D-1DFCB57928C5.root', 'root://xrootd-cms.infn.it///store/mc/RunIIFall17NanoAODv7/GluGluToRadionToHHTo2B2Tau_M-900_narrow_13TeV-madgraph_correctedcfg/NANOAODSIM/PU2017_12Apr2018_Nano02Apr2020_102X_mc2017_realistic_v8-v1/60000/DAE14734-38B0-634F-9309-33F52E0149C3.root', 'root://xrootd-cms.infn.it///store/mc/RunIIFall17NanoAODv7/GluGluToRadionToHHTo2B2Tau_M-900_narrow_13TeV-madgraph_correctedcfg/NANOAODSIM/PU2017_12Apr2018_Nano02Apr2020_102X_mc2017_realistic_v8-v1/270000/DA9236B7-AB30-2F46-B803-64D6AB4C681D.root', 'root://xrootd-cms.infn.it///store/mc/RunIIFall17NanoAODv7/GluGluToRadionToHHTo2B2Tau_M-900_narrow_13TeV-madgraph_correctedcfg/NANOAODSIM/PU2017_12Apr2018_Nano02Apr2020_102X_mc2017_realistic_v8-v1/260000/928E547D-22A4-AD4C-AE18-31AD3A2034DD.root', 'root://xrootd-cms.infn.it///store/mc/RunIIFall17NanoAODv7/GluGluToRadionToHHTo2B2Tau_M-900_narrow_13TeV-madgraph_correctedcfg/NANOAODSIM/PU2017_12Apr2018_Nano02Apr2020_102X_mc2017_realistic_v8-v1/120000/EDCC54E5-4572-D746-9648-F44945036F05.root', 'root://xrootd-cms.infn.it///store/mc/RunIIFall17NanoAODv7/GluGluToRadionToHHTo2B2Tau_M-900_narrow_13TeV-madgraph_correctedcfg/NANOAODSIM/PU2017_12Apr2018_Nano02Apr2020_102X_mc2017_realistic_v8-v1/60000/BBA3A0FB-5FCF-AD41-9798-D6710D401365.root']
filtering for channel eTau
filtered for channel eTau
current baseline path are ['HLT_Ele32_WPTight_Gsf', 'HLT_Ele35_WPTight_Gsf', 'HLT_Ele24_eta2p1_WPTight_Gsf_LooseChargedIsoPFTau30_eta2p1_CrossL1', 'HLT_Ele32_WPTight_Gsf_L1DoubleEG']
nTriggers=4, best_paths_baseline=['HLT_Ele32_WPTight_Gsf', 'HLT_Ele35_WPTight_Gsf', 'HLT_Ele24_eta2p1_WPTight_Gsf_LooseChargedIsoPFTau30_eta2p1_CrossL1', 'HLT_Ele32_WPTight_Gsf_L1DoubleEG'], best_paths=['HLT_Ele32_WPTight_Gsf', 'HLT_Ele35_WPTight_Gsf', 'HLT_Ele24_eta2p1_WPTight_Gsf_LooseChargedIsoPFTau30_eta2p1_CrossL1', 'HLT_Ele32_WPTight_Gsf_L1DoubleEG']
current paths = [('HLT_Ele32_WPTight_Gsf', 0.6531054405392392), ('HLT_Ele35_WPTight_Gsf', 1.0), ('HLT_Ele24_eta2p1_WPTight_Gsf_LooseChargedIsoPFTau30_eta2p1_CrossL1', 1.0), ('HLT_Ele32_WPTight_Gsf_L1DoubleEG', 1.0)] 
all l1 seeds are 0
nEvt is 0
all l1 seeds are 0
nEvt is 0
all l1 seeds are 0
nEvt is 0
all l1 seeds are 0
nEvt is 0
[]
[]
