000 (3340594.021.000) 01/20 15:02:55 Job submitted from host: <188.185.70.244:9618?addrs=188.185.70.244-9618+[2001-1458-d00-7--100-2ee]-9618&alias=bigbird10.cern.ch&noUDP&sock=schedd_7001_aea1>
...
040 (3340594.021.000) 01/20 15:06:12 Started transferring input files
	Transferring to host: <128.142.61.129:9618?addrs=128.142.61.129-9618&alias=b7s06p7405.cern.ch&noUDP&sock=slot1_4_4676_6a37_37714>
...
040 (3340594.021.000) 01/20 15:06:12 Finished transferring input files
...
001 (3340594.021.000) 01/20 15:06:13 Job executing on host: <128.142.61.129:9618?addrs=128.142.61.129-9618&alias=b7s06p7405.cern.ch&noUDP&sock=startd_4296_46f3>
...
006 (3340594.021.000) 01/20 15:06:21 Image size of job updated: 1247900
	173  -  MemoryUsage of job (MB)
	176840  -  ResidentSetSize of job (KB)
...
006 (3340594.021.000) 01/20 15:06:55 Image size of job updated: 1733876
	173  -  MemoryUsage of job (MB)
	177036  -  ResidentSetSize of job (KB)
...
040 (3340594.021.000) 01/20 15:06:58 Started transferring output files
...
040 (3340594.021.000) 01/20 15:06:59 Finished transferring output files
...
005 (3340594.021.000) 01/20 15:06:59 Job terminated.
	(1) Normal termination (return value 0)
		Usr 0 00:00:14, Sys 0 00:00:02  -  Run Remote Usage
		Usr 0 00:00:00, Sys 0 00:00:00  -  Run Local Usage
		Usr 0 00:00:14, Sys 0 00:00:02  -  Total Remote Usage
		Usr 0 00:00:00, Sys 0 00:00:00  -  Total Local Usage
	1727  -  Run Bytes Sent By Job
	11210  -  Run Bytes Received By Job
	1727  -  Total Bytes Sent By Job
	11210  -  Total Bytes Received By Job
	Partitionable Resources :    Usage  Request Allocated 
	   Cpus                 :                 4         4 
	   Disk (KB)            :       29        1   1318756 
	   Memory (MB)          :      173     8000      8000 

	Job terminated of its own accord at 2022-01-20T14:06:55Z.
...
