000 (3314619.010.000) 01/11 10:16:35 Job submitted from host: <188.185.70.244:9618?addrs=188.185.70.244-9618+[2001-1458-d00-7--100-2ee]-9618&alias=bigbird10.cern.ch&noUDP&sock=schedd_7001_aea1>
...
040 (3314619.010.000) 01/11 10:18:18 Started transferring input files
	Transferring to host: <128.142.63.81:9618?addrs=128.142.63.81-9618+[2001-1458-301-38--100-4e]-9618&alias=b7s08p4107.cern.ch&noUDP&sock=slot1_27_3516_1708_29762>
...
040 (3314619.010.000) 01/11 10:18:18 Finished transferring input files
...
001 (3314619.010.000) 01/11 10:18:19 Job executing on host: <128.142.63.81:9618?addrs=128.142.63.81-9618+[2001-1458-301-38--100-4e]-9618&alias=b7s08p4107.cern.ch&noUDP&sock=startd_2859_9d5b>
...
006 (3314619.010.000) 01/11 10:18:26 Image size of job updated: 1257004
	0  -  MemoryUsage of job (MB)
	0  -  ResidentSetSize of job (KB)
...
040 (3314619.010.000) 01/11 10:18:26 Started transferring output files
...
040 (3314619.010.000) 01/11 10:18:26 Finished transferring output files
...
005 (3314619.010.000) 01/11 10:18:26 Job terminated.
	(1) Normal termination (return value 1)
		Usr 0 00:00:03, Sys 0 00:00:02  -  Run Remote Usage
		Usr 0 00:00:00, Sys 0 00:00:00  -  Run Local Usage
		Usr 0 00:00:03, Sys 0 00:00:02  -  Total Remote Usage
		Usr 0 00:00:00, Sys 0 00:00:00  -  Total Local Usage
	15718  -  Run Bytes Sent By Job
	10523  -  Run Bytes Received By Job
	15718  -  Total Bytes Sent By Job
	10523  -  Total Bytes Received By Job
	Partitionable Resources :    Usage  Request Allocated 
	   Cpus                 :                 4         4 
	   Disk (KB)            :       42        1   1318061 
	   Memory (MB)          :        0     8000      8000 

	Job terminated of its own accord at 2022-01-11T09:18:26Z.
...
