000 (3294121.008.000) 01/10 14:43:41 Job submitted from host: <188.185.70.244:9618?addrs=188.185.70.244-9618+[2001-1458-d00-7--100-2ee]-9618&alias=bigbird10.cern.ch&noUDP&sock=schedd_7001_aea1>
...
040 (3294121.008.000) 01/10 14:48:35 Started transferring input files
	Transferring to host: <188.184.163.128:9618?addrs=188.184.163.128-9618+[2001-1458-301-4d--100-7a]-9618&alias=b7s12p2207.cern.ch&noUDP&sock=slot1_7_3575_a92a_24486>
...
040 (3294121.008.000) 01/10 14:48:35 Finished transferring input files
...
001 (3294121.008.000) 01/10 14:48:36 Job executing on host: <188.184.163.128:9618?addrs=188.184.163.128-9618+[2001-1458-301-4d--100-7a]-9618&alias=b7s12p2207.cern.ch&noUDP&sock=startd_2881_b470>
...
006 (3294121.008.000) 01/10 14:48:47 Image size of job updated: 320096
	155  -  MemoryUsage of job (MB)
	157812  -  ResidentSetSize of job (KB)
...
006 (3294121.008.000) 01/10 14:48:52 Image size of job updated: 1256184
	155  -  MemoryUsage of job (MB)
	157812  -  ResidentSetSize of job (KB)
...
040 (3294121.008.000) 01/10 14:48:53 Started transferring output files
...
040 (3294121.008.000) 01/10 14:48:53 Finished transferring output files
...
005 (3294121.008.000) 01/10 14:48:53 Job terminated.
	(1) Normal termination (return value 1)
		Usr 0 00:00:06, Sys 0 00:00:03  -  Run Remote Usage
		Usr 0 00:00:00, Sys 0 00:00:00  -  Run Local Usage
		Usr 0 00:00:06, Sys 0 00:00:03  -  Total Remote Usage
		Usr 0 00:00:00, Sys 0 00:00:00  -  Total Local Usage
	11147  -  Run Bytes Sent By Job
	10526  -  Run Bytes Received By Job
	11147  -  Total Bytes Sent By Job
	10526  -  Total Bytes Received By Job
	Partitionable Resources :    Usage  Request Allocated 
	   Cpus                 :                 4         4 
	   Disk (KB)            :       38        1   3086644 
	   Memory (MB)          :      155     8000      8000 

	Job terminated of its own accord at 2022-01-10T13:48:52Z.
...
