000 (3300949.020.000) 01/10 17:49:45 Job submitted from host: <188.185.70.244:9618?addrs=188.185.70.244-9618+[2001-1458-d00-7--100-2ee]-9618&alias=bigbird10.cern.ch&noUDP&sock=schedd_7001_aea1>
...
040 (3300949.020.000) 01/10 17:55:46 Started transferring input files
	Transferring to host: <188.184.164.82:9618?addrs=188.184.164.82-9618+[2001-1458-301-4e--100-4c]-9618&alias=b7s13p0121.cern.ch&noUDP&sock=slot1_5_4051_0bbe_20010>
...
040 (3300949.020.000) 01/10 17:55:46 Finished transferring input files
...
001 (3300949.020.000) 01/10 17:55:47 Job executing on host: <188.184.164.82:9618?addrs=188.184.164.82-9618+[2001-1458-301-4e--100-4c]-9618&alias=b7s13p0121.cern.ch&noUDP&sock=startd_4003_4db3>
...
006 (3300949.020.000) 01/10 17:55:56 Image size of job updated: 395520
	97  -  MemoryUsage of job (MB)
	99272  -  ResidentSetSize of job (KB)
...
006 (3300949.020.000) 01/10 17:59:34 Image size of job updated: 1733472
	98  -  MemoryUsage of job (MB)
	99412  -  ResidentSetSize of job (KB)
...
040 (3300949.020.000) 01/10 17:59:35 Started transferring output files
...
040 (3300949.020.000) 01/10 17:59:35 Finished transferring output files
...
005 (3300949.020.000) 01/10 17:59:35 Job terminated.
	(1) Normal termination (return value 0)
		Usr 0 00:00:26, Sys 0 00:00:03  -  Run Remote Usage
		Usr 0 00:00:00, Sys 0 00:00:00  -  Run Local Usage
		Usr 0 00:00:26, Sys 0 00:00:03  -  Total Remote Usage
		Usr 0 00:00:00, Sys 0 00:00:00  -  Total Local Usage
	35819  -  Run Bytes Sent By Job
	10528  -  Run Bytes Received By Job
	35819  -  Total Bytes Sent By Job
	10528  -  Total Bytes Received By Job
	Partitionable Resources :    Usage  Request Allocated 
	   Cpus                 :                 4         4 
	   Disk (KB)            :       62        1   2857943 
	   Memory (MB)          :       98     8000      8000 

	Job terminated of its own accord at 2022-01-10T16:59:34Z.
...
