000 (3314883.006.000) 01/12 10:53:22 Job submitted from host: <188.185.70.244:9618?addrs=188.185.70.244-9618+[2001-1458-d00-7--100-2ee]-9618&alias=bigbird10.cern.ch&noUDP&sock=schedd_7001_aea1>
...
040 (3314883.006.000) 01/12 10:54:19 Started transferring input files
	Transferring to host: <188.184.164.76:9618?addrs=188.184.164.76-9618+[2001-1458-301-4e--100-46]-9618&alias=b7s13p4587.cern.ch&noUDP&sock=slot1_4_3923_dbb9_25975>
...
040 (3314883.006.000) 01/12 10:54:19 Finished transferring input files
...
001 (3314883.006.000) 01/12 10:54:20 Job executing on host: <188.184.164.76:9618?addrs=188.184.164.76-9618+[2001-1458-301-4e--100-46]-9618&alias=b7s13p4587.cern.ch&noUDP&sock=startd_3227_0835>
...
006 (3314883.006.000) 01/12 10:54:29 Image size of job updated: 298576
	139  -  MemoryUsage of job (MB)
	142276  -  ResidentSetSize of job (KB)
...
006 (3314883.006.000) 01/12 10:59:30 Image size of job updated: 1763664
	139  -  MemoryUsage of job (MB)
	142308  -  ResidentSetSize of job (KB)
...
040 (3314883.006.000) 01/12 10:59:30 Started transferring output files
...
040 (3314883.006.000) 01/12 10:59:30 Finished transferring output files
...
005 (3314883.006.000) 01/12 10:59:30 Job terminated.
	(1) Normal termination (return value 0)
		Usr 0 00:01:05, Sys 0 00:00:04  -  Run Remote Usage
		Usr 0 00:00:00, Sys 0 00:00:00  -  Run Local Usage
		Usr 0 00:01:05, Sys 0 00:00:04  -  Total Remote Usage
		Usr 0 00:00:00, Sys 0 00:00:00  -  Total Local Usage
	611147  -  Run Bytes Sent By Job
	10532  -  Run Bytes Received By Job
	611147  -  Total Bytes Sent By Job
	10532  -  Total Bytes Received By Job
	Partitionable Resources :    Usage  Request Allocated 
	   Cpus                 :     0.20        4         4 
	   Disk (KB)            :   631           1   3043768 
	   Memory (MB)          :   139        8000      8000 

	Job terminated of its own accord at 2022-01-12T09:59:30Z.
...
