000 (3335429.021.000) 01/18 23:49:51 Job submitted from host: <188.185.70.244:9618?addrs=188.185.70.244-9618+[2001-1458-d00-7--100-2ee]-9618&alias=bigbird10.cern.ch&noUDP&sock=schedd_7001_aea1>
...
040 (3335429.021.000) 01/19 01:55:59 Started transferring input files
	Transferring to host: <128.142.60.148:9618?addrs=128.142.60.148-9618+[2001-1458-301-22--100-93]-9618&alias=b7s05p6570.cern.ch&noUDP&sock=slot1_9_3735_6531_36603>
...
040 (3335429.021.000) 01/19 01:55:59 Finished transferring input files
...
001 (3335429.021.000) 01/19 01:56:00 Job executing on host: <128.142.60.148:9618?addrs=128.142.60.148-9618+[2001-1458-301-22--100-93]-9618&alias=b7s05p6570.cern.ch&noUDP&sock=startd_2696_cf6b>
...
006 (3335429.021.000) 01/19 01:56:09 Image size of job updated: 243092
	156  -  MemoryUsage of job (MB)
	159080  -  ResidentSetSize of job (KB)
...
006 (3335429.021.000) 01/19 02:01:10 Image size of job updated: 2786292
	897  -  MemoryUsage of job (MB)
	918296  -  ResidentSetSize of job (KB)
...
006 (3335429.021.000) 01/19 02:21:11 Image size of job updated: 3267816
	1351  -  MemoryUsage of job (MB)
	1383424  -  ResidentSetSize of job (KB)
...
006 (3335429.021.000) 01/19 02:26:11 Image size of job updated: 3267816
	1352  -  MemoryUsage of job (MB)
	1383432  -  ResidentSetSize of job (KB)
...
006 (3335429.021.000) 01/19 02:41:13 Image size of job updated: 3836600
	1839  -  MemoryUsage of job (MB)
	1883104  -  ResidentSetSize of job (KB)
...
006 (3335429.021.000) 01/19 03:01:15 Image size of job updated: 3971848
	2429  -  MemoryUsage of job (MB)
	2487220  -  ResidentSetSize of job (KB)
...
006 (3335429.021.000) 01/19 03:06:16 Image size of job updated: 4377748
	2429  -  MemoryUsage of job (MB)
	2487220  -  ResidentSetSize of job (KB)
...
006 (3335429.021.000) 01/19 03:21:17 Image size of job updated: 4871568
	2692  -  MemoryUsage of job (MB)
	2756392  -  ResidentSetSize of job (KB)
...
006 (3335429.021.000) 01/19 03:36:18 Image size of job updated: 4871568
	2693  -  MemoryUsage of job (MB)
	2757488  -  ResidentSetSize of job (KB)
...
006 (3335429.021.000) 01/19 03:41:19 Image size of job updated: 5425048
	3160  -  MemoryUsage of job (MB)
	3234944  -  ResidentSetSize of job (KB)
...
006 (3335429.021.000) 01/19 03:56:20 Image size of job updated: 5425048
	3165  -  MemoryUsage of job (MB)
	3240812  -  ResidentSetSize of job (KB)
...
006 (3335429.021.000) 01/19 04:01:20 Image size of job updated: 5995092
	3685  -  MemoryUsage of job (MB)
	3773376  -  ResidentSetSize of job (KB)
...
006 (3335429.021.000) 01/19 04:16:22 Image size of job updated: 5995092
	3688  -  MemoryUsage of job (MB)
	3775936  -  ResidentSetSize of job (KB)
...
006 (3335429.021.000) 01/19 04:21:22 Image size of job updated: 6691420
	4296  -  MemoryUsage of job (MB)
	4398236  -  ResidentSetSize of job (KB)
...
006 (3335429.021.000) 01/19 04:36:24 Image size of job updated: 6691420
	4300  -  MemoryUsage of job (MB)
	4403136  -  ResidentSetSize of job (KB)
...
006 (3335429.021.000) 01/19 04:41:25 Image size of job updated: 7377468
	5025  -  MemoryUsage of job (MB)
	5145036  -  ResidentSetSize of job (KB)
...
006 (3335429.021.000) 01/19 05:01:27 Image size of job updated: 7651500
	6035  -  MemoryUsage of job (MB)
	6179752  -  ResidentSetSize of job (KB)
...
006 (3335429.021.000) 01/19 05:06:27 Image size of job updated: 8585068
	6035  -  MemoryUsage of job (MB)
	6179752  -  ResidentSetSize of job (KB)
...
040 (3335429.021.000) 01/19 05:19:43 Started transferring output files
...
040 (3335429.021.000) 01/19 05:19:43 Finished transferring output files
...
005 (3335429.021.000) 01/19 05:19:43 Job terminated.
	(1) Normal termination (return value 0)
		Usr 0 01:42:50, Sys 0 00:01:02  -  Run Remote Usage
		Usr 0 00:00:00, Sys 0 00:00:00  -  Run Local Usage
		Usr 0 01:42:50, Sys 0 00:01:02  -  Total Remote Usage
		Usr 0 00:00:00, Sys 0 00:00:00  -  Total Local Usage
	1540  -  Run Bytes Sent By Job
	11207  -  Run Bytes Received By Job
	1540  -  Total Bytes Sent By Job
	11207  -  Total Bytes Received By Job
	Partitionable Resources :    Usage  Request Allocated 
	   Cpus                 :     0.64        4         4 
	   Disk (KB)            :    36           1    987087 
	   Memory (MB)          :  6035        8000      8000 

	Job terminated of its own accord at 2022-01-19T04:19:43Z.
...
