000 (3336020.022.000) 01/19 11:59:29 Job submitted from host: <188.185.70.244:9618?addrs=188.185.70.244-9618+[2001-1458-d00-7--100-2ee]-9618&alias=bigbird10.cern.ch&noUDP&sock=schedd_7001_aea1>
...
040 (3336020.022.000) 01/19 12:19:47 Started transferring input files
	Transferring to host: <188.184.164.158:9618?addrs=188.184.164.158-9618+[2001-1458-301-4e--100-98]-9618&alias=b7s13p2431.cern.ch&noUDP&sock=slot1_13_3911_6738_32874>
...
040 (3336020.022.000) 01/19 12:19:47 Finished transferring input files
...
001 (3336020.022.000) 01/19 12:19:48 Job executing on host: <188.184.164.158:9618?addrs=188.184.164.158-9618+[2001-1458-301-4e--100-98]-9618&alias=b7s13p2431.cern.ch&noUDP&sock=startd_3348_072b>
...
006 (3336020.022.000) 01/19 12:19:57 Image size of job updated: 738980
	133  -  MemoryUsage of job (MB)
	136148  -  ResidentSetSize of job (KB)
...
006 (3336020.022.000) 01/19 12:22:55 Image size of job updated: 1724628
	134  -  MemoryUsage of job (MB)
	136268  -  ResidentSetSize of job (KB)
...
040 (3336020.022.000) 01/19 12:22:55 Started transferring output files
...
040 (3336020.022.000) 01/19 12:22:55 Finished transferring output files
...
005 (3336020.022.000) 01/19 12:22:55 Job terminated.
	(1) Normal termination (return value 0)
		Usr 0 00:00:21, Sys 0 00:00:03  -  Run Remote Usage
		Usr 0 00:00:00, Sys 0 00:00:00  -  Run Local Usage
		Usr 0 00:00:21, Sys 0 00:00:03  -  Total Remote Usage
		Usr 0 00:00:00, Sys 0 00:00:00  -  Total Local Usage
	1540  -  Run Bytes Sent By Job
	11207  -  Run Bytes Received By Job
	1540  -  Total Bytes Sent By Job
	11207  -  Total Bytes Received By Job
	Partitionable Resources :    Usage  Request Allocated 
	   Cpus                 :                 4         4 
	   Disk (KB)            :       29        1   3037781 
	   Memory (MB)          :      134     8000      8000 

	Job terminated of its own accord at 2022-01-19T11:22:55Z.
...
