000 (3277186.010.000) 12/25 15:18:39 Job submitted from host: <188.185.70.244:9618?addrs=188.185.70.244-9618+[2001-1458-d00-7--100-2ee]-9618&alias=bigbird10.cern.ch&noUDP&sock=schedd_2095_9300>
...
040 (3277186.010.000) 12/25 15:20:19 Started transferring input files
	Transferring to host: <188.184.163.187:9618?addrs=188.184.163.187-9618+[2001-1458-301-4d--100-b5]-9618&alias=b7s12p4954.cern.ch&noUDP&sock=slot1_2_3895_2137_8683>
...
040 (3277186.010.000) 12/25 15:20:19 Finished transferring input files
...
001 (3277186.010.000) 12/25 15:20:20 Job executing on host: <188.184.163.187:9618?addrs=188.184.163.187-9618+[2001-1458-301-4d--100-b5]-9618&alias=b7s12p4954.cern.ch&noUDP&sock=startd_3050_9ff2>
...
006 (3277186.010.000) 12/25 15:20:29 Image size of job updated: 734832
	155  -  MemoryUsage of job (MB)
	157764  -  ResidentSetSize of job (KB)
...
006 (3277186.010.000) 12/25 15:25:27 Image size of job updated: 1735044
	155  -  MemoryUsage of job (MB)
	157764  -  ResidentSetSize of job (KB)
...
040 (3277186.010.000) 12/25 15:25:27 Started transferring output files
...
040 (3277186.010.000) 12/25 15:25:27 Finished transferring output files
...
005 (3277186.010.000) 12/25 15:25:27 Job terminated.
	(1) Normal termination (return value 0)
		Usr 0 00:00:39, Sys 0 00:00:04  -  Run Remote Usage
		Usr 0 00:00:00, Sys 0 00:00:00  -  Run Local Usage
		Usr 0 00:00:39, Sys 0 00:00:04  -  Total Remote Usage
		Usr 0 00:00:00, Sys 0 00:00:00  -  Total Local Usage
	21962  -  Run Bytes Sent By Job
	11215  -  Run Bytes Received By Job
	21962  -  Total Bytes Sent By Job
	11215  -  Total Bytes Received By Job
	Partitionable Resources :    Usage  Request Allocated 
	   Cpus                 :     0.12        4         4 
	   Disk (KB)            :    56           1   2846958 
	   Memory (MB)          :   155        8000      8000 

	Job terminated of its own accord at 2021-12-25T14:25:27Z.
...
