000 (3277186.025.000) 12/25 15:18:39 Job submitted from host: <188.185.70.244:9618?addrs=188.185.70.244-9618+[2001-1458-d00-7--100-2ee]-9618&alias=bigbird10.cern.ch&noUDP&sock=schedd_2095_9300>
...
022 (3277186.025.000) 12/25 15:20:43 Job disconnected, attempting to reconnect
    Socket between submit and execute hosts closed unexpectedly
    Trying to reconnect to slot1_27@b7s13p3666.cern.ch <188.184.164.143:9618?addrs=188.184.164.143-9618&alias=b7s13p3666.cern.ch&noUDP&sock=startd_2888_819a>
...
024 (3277186.025.000) 12/25 15:20:43 Job reconnection failed
    Job not found at execution machine
    Can not reconnect to slot1_27@b7s13p3666.cern.ch, rescheduling job
...
040 (3277186.025.000) 12/25 15:22:05 Started transferring input files
	Transferring to host: <188.184.164.25:9618?addrs=188.184.164.25-9618+[2001-1458-301-4e--100-13]-9618&alias=b7s13p6037.cern.ch&noUDP&sock=slot1_10_3899_f2b8_9079>
...
040 (3277186.025.000) 12/25 15:22:05 Finished transferring input files
...
001 (3277186.025.000) 12/25 15:22:06 Job executing on host: <188.184.164.25:9618?addrs=188.184.164.25-9618+[2001-1458-301-4e--100-13]-9618&alias=b7s13p6037.cern.ch&noUDP&sock=startd_3242_5221>
...
006 (3277186.025.000) 12/25 15:22:15 Image size of job updated: 1256184
	155  -  MemoryUsage of job (MB)
	157812  -  ResidentSetSize of job (KB)
...
006 (3277186.025.000) 12/25 15:24:40 Image size of job updated: 1732528
	155  -  MemoryUsage of job (MB)
	157812  -  ResidentSetSize of job (KB)
...
040 (3277186.025.000) 12/25 15:24:41 Started transferring output files
...
040 (3277186.025.000) 12/25 15:24:41 Finished transferring output files
...
005 (3277186.025.000) 12/25 15:24:41 Job terminated.
	(1) Normal termination (return value 0)
		Usr 0 00:00:18, Sys 0 00:00:03  -  Run Remote Usage
		Usr 0 00:00:00, Sys 0 00:00:00  -  Run Local Usage
		Usr 0 00:00:18, Sys 0 00:00:03  -  Total Remote Usage
		Usr 0 00:00:00, Sys 0 00:00:00  -  Total Local Usage
	22457  -  Run Bytes Sent By Job
	11215  -  Run Bytes Received By Job
	22457  -  Total Bytes Sent By Job
	11215  -  Total Bytes Received By Job
	Partitionable Resources :    Usage  Request Allocated 
	   Cpus                 :                 4         4 
	   Disk (KB)            :       50        1   3001643 
	   Memory (MB)          :      155     8000      8000 

	Job terminated of its own accord at 2021-12-25T14:24:40Z.
...
