000 (3275855.010.000) 12/22 11:21:45 Job submitted from host: <188.185.70.244:9618?addrs=188.185.70.244-9618+[2001-1458-d00-7--100-2ee]-9618&alias=bigbird10.cern.ch&noUDP&sock=schedd_2095_9300>
...
040 (3275855.010.000) 12/22 13:01:32 Started transferring input files
	Transferring to host: <128.142.131.187:9618?addrs=128.142.131.187-9618+[2001-1458-301-59--100-af]-9618&alias=b7g11p0620.cern.ch&noUDP&sock=slot1_10_7674_c6f1_55081>
...
040 (3275855.010.000) 12/22 13:01:32 Finished transferring input files
...
001 (3275855.010.000) 12/22 13:01:33 Job executing on host: <128.142.131.187:9618?addrs=128.142.131.187-9618+[2001-1458-301-59--100-af]-9618&alias=b7g11p0620.cern.ch&noUDP&sock=startd_7470_608c>
...
006 (3275855.010.000) 12/22 13:01:41 Image size of job updated: 197464
	155  -  MemoryUsage of job (MB)
	157872  -  ResidentSetSize of job (KB)
...
006 (3275855.010.000) 12/22 13:05:48 Image size of job updated: 1733696
	155  -  MemoryUsage of job (MB)
	157872  -  ResidentSetSize of job (KB)
...
040 (3275855.010.000) 12/22 13:05:48 Started transferring output files
...
040 (3275855.010.000) 12/22 13:05:48 Finished transferring output files
...
005 (3275855.010.000) 12/22 13:05:48 Job terminated.
	(1) Normal termination (return value 0)
		Usr 0 00:00:36, Sys 0 00:00:04  -  Run Remote Usage
		Usr 0 00:00:00, Sys 0 00:00:00  -  Run Local Usage
		Usr 0 00:00:36, Sys 0 00:00:04  -  Total Remote Usage
		Usr 0 00:00:00, Sys 0 00:00:00  -  Total Local Usage
	8460  -  Run Bytes Sent By Job
	11181  -  Run Bytes Received By Job
	8460  -  Total Bytes Sent By Job
	11181  -  Total Bytes Received By Job
	Partitionable Resources :    Usage  Request Allocated 
	   Cpus                 :     0.11        4         4 
	   Disk (KB)            :    44           1   1578999 
	   Memory (MB)          :   155        8000      8000 

	Job terminated of its own accord at 2021-12-22T12:05:48Z.
...
