000 (3340599.020.000) 01/20 15:18:21 Job submitted from host: <188.185.70.244:9618?addrs=188.185.70.244-9618+[2001-1458-d00-7--100-2ee]-9618&alias=bigbird10.cern.ch&noUDP&sock=schedd_7001_aea1>
...
040 (3340599.020.000) 01/20 15:41:53 Started transferring input files
	Transferring to host: <188.184.162.116:9618?addrs=188.184.162.116-9618+[2001-1458-301-4a--100-6e]-9618&alias=b7s11p4785.cern.ch&noUDP&sock=slot1_25_3618_f54c_35770>
...
040 (3340599.020.000) 01/20 15:41:53 Finished transferring input files
...
001 (3340599.020.000) 01/20 15:41:54 Job executing on host: <188.184.162.116:9618?addrs=188.184.162.116-9618+[2001-1458-301-4a--100-6e]-9618&alias=b7s11p4785.cern.ch&noUDP&sock=startd_3196_c4c5>
...
006 (3340599.020.000) 01/20 15:42:03 Image size of job updated: 568712
	155  -  MemoryUsage of job (MB)
	157888  -  ResidentSetSize of job (KB)
...
006 (3340599.020.000) 01/20 15:47:04 Image size of job updated: 2607388
	1102  -  MemoryUsage of job (MB)
	1128188  -  ResidentSetSize of job (KB)
...
006 (3340599.020.000) 01/20 15:52:04 Image size of job updated: 2623772
	1118  -  MemoryUsage of job (MB)
	1144572  -  ResidentSetSize of job (KB)
...
006 (3340599.020.000) 01/20 15:57:04 Image size of job updated: 2931656
	1118  -  MemoryUsage of job (MB)
	1144572  -  ResidentSetSize of job (KB)
...
040 (3340599.020.000) 01/20 16:43:09 Entered queue to transfer output files
...
040 (3340599.020.000) 01/20 16:49:48 Started transferring output files
...
040 (3340599.020.000) 01/20 16:49:48 Finished transferring output files
...
005 (3340599.020.000) 01/20 16:49:48 Job terminated.
	(1) Normal termination (return value 0)
		Usr 0 00:40:09, Sys 0 00:00:11  -  Run Remote Usage
		Usr 0 00:00:00, Sys 0 00:00:00  -  Run Local Usage
		Usr 0 00:40:09, Sys 0 00:00:11  -  Total Remote Usage
		Usr 0 00:00:00, Sys 0 00:00:00  -  Total Local Usage
	20318  -  Run Bytes Sent By Job
	11206  -  Run Bytes Received By Job
	20318  -  Total Bytes Sent By Job
	11206  -  Total Bytes Received By Job
	Partitionable Resources :    Usage  Request Allocated 
	   Cpus                 :        0        4         4 
	   Disk (KB)            :       54        1   3023629 
	   Memory (MB)          :     1118     8000      8000 

	Job terminated of its own accord at 2022-01-20T15:43:04Z.
...
