000 (3322102.005.000) 01/17 17:36:42 Job submitted from host: <188.185.70.244:9618?addrs=188.185.70.244-9618+[2001-1458-d00-7--100-2ee]-9618&alias=bigbird10.cern.ch&noUDP&sock=schedd_7001_aea1>
...
040 (3322102.005.000) 01/17 17:53:46 Started transferring input files
	Transferring to host: <128.142.61.40:9618?addrs=128.142.61.40-9618+[2001-1458-301-23--100-27]-9618&alias=b7s06p2019.cern.ch&noUDP&sock=slot1_15_3571_d7aa_32458>
...
040 (3322102.005.000) 01/17 17:53:46 Finished transferring input files
...
001 (3322102.005.000) 01/17 17:53:47 Job executing on host: <128.142.61.40:9618?addrs=128.142.61.40-9618+[2001-1458-301-23--100-27]-9618&alias=b7s06p2019.cern.ch&noUDP&sock=startd_2916_b641>
...
006 (3322102.005.000) 01/17 17:53:56 Image size of job updated: 320208
	155  -  MemoryUsage of job (MB)
	157884  -  ResidentSetSize of job (KB)
...
006 (3322102.005.000) 01/17 17:58:57 Image size of job updated: 2552160
	897  -  MemoryUsage of job (MB)
	917540  -  ResidentSetSize of job (KB)
...
006 (3322102.005.000) 01/17 18:39:02 Image size of job updated: 3333824
	1418  -  MemoryUsage of job (MB)
	1451116  -  ResidentSetSize of job (KB)
...
006 (3322102.005.000) 01/17 20:14:10 Image size of job updated: 3830124
	1850  -  MemoryUsage of job (MB)
	1893648  -  ResidentSetSize of job (KB)
...
040 (3322102.005.000) 01/17 20:14:17 Started transferring output files
...
040 (3322102.005.000) 01/17 20:14:18 Finished transferring output files
...
005 (3322102.005.000) 01/17 20:14:18 Job terminated.
	(1) Normal termination (return value 1)
		Usr 0 00:21:52, Sys 0 00:00:23  -  Run Remote Usage
		Usr 0 00:00:00, Sys 0 00:00:00  -  Run Local Usage
		Usr 0 00:21:52, Sys 0 00:00:23  -  Total Remote Usage
		Usr 0 00:00:00, Sys 0 00:00:00  -  Total Local Usage
	8059  -  Run Bytes Sent By Job
	10524  -  Run Bytes Received By Job
	8059  -  Total Bytes Sent By Job
	10524  -  Total Bytes Received By Job
	Partitionable Resources :    Usage  Request Allocated 
	   Cpus                 :     0.01        4         4 
	   Disk (KB)            :    42           1   1123784 
	   Memory (MB)          :  1850        8000      8000 

	Job terminated of its own accord at 2022-01-17T19:14:17Z.
...
