000 (3340594.005.000) 01/20 15:02:55 Job submitted from host: <188.185.70.244:9618?addrs=188.185.70.244-9618+[2001-1458-d00-7--100-2ee]-9618&alias=bigbird10.cern.ch&noUDP&sock=schedd_7001_aea1>
...
040 (3340594.005.000) 01/20 15:06:09 Started transferring input files
	Transferring to host: <128.142.248.196:9618?addrs=128.142.248.196-9618&alias=b7g23p3833.cern.ch&noUDP&sock=slot1_20_7703_35d2_31550>
...
040 (3340594.005.000) 01/20 15:06:09 Finished transferring input files
...
001 (3340594.005.000) 01/20 15:06:10 Job executing on host: <128.142.248.196:9618?addrs=128.142.248.196-9618&alias=b7g23p3833.cern.ch&noUDP&sock=startd_6326_b034>
...
006 (3340594.005.000) 01/20 15:06:19 Image size of job updated: 320144
	155  -  MemoryUsage of job (MB)
	157832  -  ResidentSetSize of job (KB)
...
006 (3340594.005.000) 01/20 15:11:19 Image size of job updated: 1727520
	268  -  MemoryUsage of job (MB)
	273992  -  ResidentSetSize of job (KB)
...
040 (3340594.005.000) 01/20 15:12:04 Started transferring output files
...
040 (3340594.005.000) 01/20 15:12:04 Finished transferring output files
...
005 (3340594.005.000) 01/20 15:12:04 Job terminated.
	(1) Normal termination (return value 0)
		Usr 0 00:00:32, Sys 0 00:00:03  -  Run Remote Usage
		Usr 0 00:00:00, Sys 0 00:00:00  -  Run Local Usage
		Usr 0 00:00:32, Sys 0 00:00:03  -  Total Remote Usage
		Usr 0 00:00:00, Sys 0 00:00:00  -  Total Local Usage
	1724  -  Run Bytes Sent By Job
	11210  -  Run Bytes Received By Job
	1724  -  Total Bytes Sent By Job
	11210  -  Total Bytes Received By Job
	Partitionable Resources :    Usage  Request Allocated 
	   Cpus                 :        0        4         4 
	   Disk (KB)            :       35        1   3000994 
	   Memory (MB)          :      268     8000      8000 

	Job terminated of its own accord at 2022-01-20T14:12:04Z.
...
