000 (3275858.010.000) 12/22 11:21:57 Job submitted from host: <188.185.70.244:9618?addrs=188.185.70.244-9618+[2001-1458-d00-7--100-2ee]-9618&alias=bigbird10.cern.ch&noUDP&sock=schedd_2095_9300>
...
040 (3275858.010.000) 12/22 13:34:31 Started transferring input files
	Transferring to host: <128.142.56.51:9618?addrs=128.142.56.51-9618+[2001-1458-301-6--100-32]-9618&alias=b7s01p7509.cern.ch&noUDP&sock=slot1_15_5897_b849_5484>
...
040 (3275858.010.000) 12/22 13:34:31 Finished transferring input files
...
001 (3275858.010.000) 12/22 13:34:32 Job executing on host: <128.142.56.51:9618?addrs=128.142.56.51-9618+[2001-1458-301-6--100-32]-9618&alias=b7s01p7509.cern.ch&noUDP&sock=startd_5387_9cc6>
...
006 (3275858.010.000) 12/22 13:34:41 Image size of job updated: 1256208
	155  -  MemoryUsage of job (MB)
	157816  -  ResidentSetSize of job (KB)
...
006 (3275858.010.000) 12/22 13:39:42 Image size of job updated: 1749384
	289  -  MemoryUsage of job (MB)
	294932  -  ResidentSetSize of job (KB)
...
040 (3275858.010.000) 12/22 13:40:33 Started transferring output files
...
040 (3275858.010.000) 12/22 13:40:33 Finished transferring output files
...
005 (3275858.010.000) 12/22 13:40:33 Job terminated.
	(1) Normal termination (return value 0)
		Usr 0 00:00:25, Sys 0 00:00:03  -  Run Remote Usage
		Usr 0 00:00:00, Sys 0 00:00:00  -  Run Local Usage
		Usr 0 00:00:25, Sys 0 00:00:03  -  Total Remote Usage
		Usr 0 00:00:00, Sys 0 00:00:00  -  Total Local Usage
	2635  -  Run Bytes Sent By Job
	11187  -  Run Bytes Received By Job
	2635  -  Total Bytes Sent By Job
	11187  -  Total Bytes Received By Job
	Partitionable Resources :    Usage  Request Allocated 
	   Cpus                 :                 4         4 
	   Disk (KB)            :       30        1   1085759 
	   Memory (MB)          :      289     8000      8000 

	Job terminated of its own accord at 2021-12-22T12:40:33Z.
...
