000 (3275855.022.000) 12/22 11:21:45 Job submitted from host: <188.185.70.244:9618?addrs=188.185.70.244-9618+[2001-1458-d00-7--100-2ee]-9618&alias=bigbird10.cern.ch&noUDP&sock=schedd_2095_9300>
...
040 (3275855.022.000) 12/22 13:33:07 Started transferring input files
	Transferring to host: <128.142.61.12:9618?addrs=128.142.61.12-9618+[2001-1458-301-23--100-b]-9618&alias=b7s06p6959.cern.ch&noUDP&sock=slot1_36_3183_761b_6577>
...
040 (3275855.022.000) 12/22 13:33:07 Finished transferring input files
...
001 (3275855.022.000) 12/22 13:33:08 Job executing on host: <128.142.61.12:9618?addrs=128.142.61.12-9618+[2001-1458-301-23--100-b]-9618&alias=b7s06p6959.cern.ch&noUDP&sock=startd_2807_f26e>
...
006 (3275855.022.000) 12/22 13:33:17 Image size of job updated: 208752
	98  -  MemoryUsage of job (MB)
	99596  -  ResidentSetSize of job (KB)
...
006 (3275855.022.000) 12/22 13:36:21 Image size of job updated: 1732088
	98  -  MemoryUsage of job (MB)
	99876  -  ResidentSetSize of job (KB)
...
040 (3275855.022.000) 12/22 13:36:21 Started transferring output files
...
040 (3275855.022.000) 12/22 13:36:21 Finished transferring output files
...
005 (3275855.022.000) 12/22 13:36:21 Job terminated.
	(1) Normal termination (return value 0)
		Usr 0 00:00:13, Sys 0 00:00:02  -  Run Remote Usage
		Usr 0 00:00:00, Sys 0 00:00:00  -  Run Local Usage
		Usr 0 00:00:13, Sys 0 00:00:02  -  Total Remote Usage
		Usr 0 00:00:00, Sys 0 00:00:00  -  Total Local Usage
	8955  -  Run Bytes Sent By Job
	11181  -  Run Bytes Received By Job
	8955  -  Total Bytes Sent By Job
	11181  -  Total Bytes Received By Job
	Partitionable Resources :    Usage  Request Allocated 
	   Cpus                 :     0.02        4         4 
	   Disk (KB)            :    43           1   1343826 
	   Memory (MB)          :    98        8000      8000 

	Job terminated of its own accord at 2021-12-22T12:36:21Z.
...
