000 (3320370.010.000) 01/17 13:23:02 Job submitted from host: <188.185.70.244:9618?addrs=188.185.70.244-9618+[2001-1458-d00-7--100-2ee]-9618&alias=bigbird10.cern.ch&noUDP&sock=schedd_7001_aea1>
...
040 (3320370.010.000) 01/17 13:25:13 Started transferring input files
	Transferring to host: <128.142.56.130:9618?addrs=128.142.56.130-9618+[2001-1458-301-6--100-81]-9618&alias=b7s01p5277.cern.ch&noUDP&sock=slot1_11_4778_487b_32572>
...
040 (3320370.010.000) 01/17 13:25:13 Finished transferring input files
...
001 (3320370.010.000) 01/17 13:25:14 Job executing on host: <128.142.56.130:9618?addrs=128.142.56.130-9618+[2001-1458-301-6--100-81]-9618&alias=b7s01p5277.cern.ch&noUDP&sock=startd_4398_3d9c>
...
006 (3320370.010.000) 01/17 13:25:16 Image size of job updated: 452256
	0  -  MemoryUsage of job (MB)
	0  -  ResidentSetSize of job (KB)
...
040 (3320370.010.000) 01/17 13:25:16 Started transferring output files
...
040 (3320370.010.000) 01/17 13:25:16 Finished transferring output files
...
005 (3320370.010.000) 01/17 13:25:16 Job terminated.
	(1) Normal termination (return value 1)
		Usr 0 00:00:00, Sys 0 00:00:00  -  Run Remote Usage
		Usr 0 00:00:00, Sys 0 00:00:00  -  Run Local Usage
		Usr 0 00:00:00, Sys 0 00:00:00  -  Total Remote Usage
		Usr 0 00:00:00, Sys 0 00:00:00  -  Total Local Usage
	385  -  Run Bytes Sent By Job
	10524  -  Run Bytes Received By Job
	385  -  Total Bytes Sent By Job
	10524  -  Total Bytes Received By Job
	Partitionable Resources :    Usage  Request Allocated 
	   Cpus                 :                 4         4 
	   Disk (KB)            :       28        1   1293997 
	   Memory (MB)          :        0     8000      8000 

	Job terminated of its own accord at 2022-01-17T12:25:16Z.
...
