000 (3340593.005.000) 01/20 15:02:21 Job submitted from host: <188.185.70.244:9618?addrs=188.185.70.244-9618+[2001-1458-d00-7--100-2ee]-9618&alias=bigbird10.cern.ch&noUDP&sock=schedd_7001_aea1>
...
040 (3340593.005.000) 01/20 15:03:56 Started transferring input files
	Transferring to host: <188.184.164.52:9618?addrs=188.184.164.52-9618+[2001-1458-301-4e--100-2e]-9618&alias=b7s13p5257.cern.ch&noUDP&sock=slot1_17_4642_7576_34724>
...
040 (3340593.005.000) 01/20 15:03:56 Finished transferring input files
...
001 (3340593.005.000) 01/20 15:03:57 Job executing on host: <188.184.164.52:9618?addrs=188.184.164.52-9618+[2001-1458-301-4e--100-2e]-9618&alias=b7s13p5257.cern.ch&noUDP&sock=startd_4407_69f6>
...
006 (3340593.005.000) 01/20 15:04:06 Image size of job updated: 320156
	155  -  MemoryUsage of job (MB)
	157852  -  ResidentSetSize of job (KB)
...
006 (3340593.005.000) 01/20 15:09:06 Image size of job updated: 1742872
	281  -  MemoryUsage of job (MB)
	287336  -  ResidentSetSize of job (KB)
...
040 (3340593.005.000) 01/20 15:10:05 Started transferring output files
...
040 (3340593.005.000) 01/20 15:10:05 Finished transferring output files
...
005 (3340593.005.000) 01/20 15:10:05 Job terminated.
	(1) Normal termination (return value 0)
		Usr 0 00:00:33, Sys 0 00:00:03  -  Run Remote Usage
		Usr 0 00:00:00, Sys 0 00:00:00  -  Run Local Usage
		Usr 0 00:00:33, Sys 0 00:00:03  -  Total Remote Usage
		Usr 0 00:00:00, Sys 0 00:00:00  -  Total Local Usage
	1537  -  Run Bytes Sent By Job
	11207  -  Run Bytes Received By Job
	1537  -  Total Bytes Sent By Job
	11207  -  Total Bytes Received By Job
	Partitionable Resources :    Usage  Request Allocated 
	   Cpus                 :                 4         4 
	   Disk (KB)            :       29        1   2981555 
	   Memory (MB)          :      281     8000      8000 

	Job terminated of its own accord at 2022-01-20T14:10:05Z.
...
