000 (3301542.024.000) 01/10 18:12:51 Job submitted from host: <188.185.70.244:9618?addrs=188.185.70.244-9618+[2001-1458-d00-7--100-2ee]-9618&alias=bigbird10.cern.ch&noUDP&sock=schedd_7001_aea1>
...
040 (3301542.024.000) 01/10 18:14:01 Started transferring input files
	Transferring to host: <188.184.165.252:9618?addrs=188.184.165.252-9618+[2001-1458-301-51--100-f7]-9618&alias=b7s14p4360.cern.ch&noUDP&sock=slot1_19_3920_be98_23113>
...
040 (3301542.024.000) 01/10 18:14:01 Finished transferring input files
...
001 (3301542.024.000) 01/10 18:14:02 Job executing on host: <188.184.165.252:9618?addrs=188.184.165.252-9618+[2001-1458-301-51--100-f7]-9618&alias=b7s14p4360.cern.ch&noUDP&sock=startd_3266_c867>
...
006 (3301542.024.000) 01/10 18:14:07 Image size of job updated: 453428
	0  -  MemoryUsage of job (MB)
	0  -  ResidentSetSize of job (KB)
...
040 (3301542.024.000) 01/10 18:14:07 Started transferring output files
...
040 (3301542.024.000) 01/10 18:14:07 Finished transferring output files
...
005 (3301542.024.000) 01/10 18:14:07 Job terminated.
	(1) Normal termination (return value 1)
		Usr 0 00:00:01, Sys 0 00:00:00  -  Run Remote Usage
		Usr 0 00:00:00, Sys 0 00:00:00  -  Run Local Usage
		Usr 0 00:00:01, Sys 0 00:00:00  -  Total Remote Usage
		Usr 0 00:00:00, Sys 0 00:00:00  -  Total Local Usage
	202  -  Run Bytes Sent By Job
	10528  -  Run Bytes Received By Job
	202  -  Total Bytes Sent By Job
	10528  -  Total Bytes Received By Job
	Partitionable Resources :    Usage  Request Allocated 
	   Cpus                 :                 4         4 
	   Disk (KB)            :       28        1   2919090 
	   Memory (MB)          :        0     8000      8000 

	Job terminated of its own accord at 2022-01-10T17:14:07Z.
...
