000 (3336020.017.000) 01/19 11:59:29 Job submitted from host: <188.185.70.244:9618?addrs=188.185.70.244-9618+[2001-1458-d00-7--100-2ee]-9618&alias=bigbird10.cern.ch&noUDP&sock=schedd_7001_aea1>
...
040 (3336020.017.000) 01/19 12:19:33 Started transferring input files
	Transferring to host: <188.184.165.82:9618?addrs=188.184.165.82-9618+[2001-1458-301-51--100-4d]-9618&alias=b7s14p2555.cern.ch&noUDP&sock=slot1_23_3568_ba8a_33273>
...
040 (3336020.017.000) 01/19 12:19:33 Finished transferring input files
...
001 (3336020.017.000) 01/19 12:19:34 Job executing on host: <188.184.165.82:9618?addrs=188.184.165.82-9618+[2001-1458-301-51--100-4d]-9618&alias=b7s14p2555.cern.ch&noUDP&sock=startd_3128_2055>
...
006 (3336020.017.000) 01/19 12:19:42 Image size of job updated: 698744
	155  -  MemoryUsage of job (MB)
	157844  -  ResidentSetSize of job (KB)
...
006 (3336020.017.000) 01/19 12:24:42 Image size of job updated: 1733840
	273  -  MemoryUsage of job (MB)
	279296  -  ResidentSetSize of job (KB)
...
040 (3336020.017.000) 01/19 12:25:24 Entered queue to transfer output files
...
040 (3336020.017.000) 01/19 12:25:39 Started transferring output files
...
040 (3336020.017.000) 01/19 12:25:39 Finished transferring output files
...
005 (3336020.017.000) 01/19 12:25:39 Job terminated.
	(1) Normal termination (return value 0)
		Usr 0 00:00:34, Sys 0 00:00:04  -  Run Remote Usage
		Usr 0 00:00:00, Sys 0 00:00:00  -  Run Local Usage
		Usr 0 00:00:34, Sys 0 00:00:04  -  Total Remote Usage
		Usr 0 00:00:00, Sys 0 00:00:00  -  Total Local Usage
	1537  -  Run Bytes Sent By Job
	11207  -  Run Bytes Received By Job
	1537  -  Total Bytes Sent By Job
	11207  -  Total Bytes Received By Job
	Partitionable Resources :    Usage  Request Allocated 
	   Cpus                 :     0.09        4         4 
	   Disk (KB)            :    36           1   2743470 
	   Memory (MB)          :   273        8000      8000 

	Job terminated of its own accord at 2022-01-19T11:25:19Z.
...
