000 (3314869.005.000) 01/12 10:09:17 Job submitted from host: <188.185.70.244:9618?addrs=188.185.70.244-9618+[2001-1458-d00-7--100-2ee]-9618&alias=bigbird10.cern.ch&noUDP&sock=schedd_7001_aea1>
...
040 (3314869.005.000) 01/12 10:37:39 Started transferring input files
	Transferring to host: <188.184.165.242:9618?addrs=188.184.165.242-9618+[2001-1458-301-51--100-ed]-9618&alias=b7s14p8932.cern.ch&noUDP&sock=slot1_3_3935_5039_26317>
...
040 (3314869.005.000) 01/12 10:37:39 Finished transferring input files
...
001 (3314869.005.000) 01/12 10:37:40 Job executing on host: <188.184.165.242:9618?addrs=188.184.165.242-9618+[2001-1458-301-51--100-ed]-9618&alias=b7s14p8932.cern.ch&noUDP&sock=startd_3372_7d70>
...
006 (3314869.005.000) 01/12 10:37:49 Image size of job updated: 453044
	125  -  MemoryUsage of job (MB)
	127700  -  ResidentSetSize of job (KB)
...
006 (3314869.005.000) 01/12 10:42:50 Image size of job updated: 1765336
	284  -  MemoryUsage of job (MB)
	290372  -  ResidentSetSize of job (KB)
...
006 (3314869.005.000) 01/12 10:47:51 Image size of job updated: 1788052
	316  -  MemoryUsage of job (MB)
	323248  -  ResidentSetSize of job (KB)
...
006 (3314869.005.000) 01/12 10:52:51 Image size of job updated: 1866928
	399  -  MemoryUsage of job (MB)
	407796  -  ResidentSetSize of job (KB)
...
006 (3314869.005.000) 01/12 10:57:52 Image size of job updated: 1969296
	478  -  MemoryUsage of job (MB)
	489452  -  ResidentSetSize of job (KB)
...
006 (3314869.005.000) 01/12 11:02:53 Image size of job updated: 2121732
	559  -  MemoryUsage of job (MB)
	571732  -  ResidentSetSize of job (KB)
...
006 (3314869.005.000) 01/12 11:07:53 Image size of job updated: 2178840
	641  -  MemoryUsage of job (MB)
	655708  -  ResidentSetSize of job (KB)
...
006 (3314869.005.000) 01/12 11:12:53 Image size of job updated: 8215256
	6270  -  MemoryUsage of job (MB)
	6419708  -  ResidentSetSize of job (KB)
...
006 (3314869.005.000) 01/12 11:17:54 Image size of job updated: 13501016
	6270  -  MemoryUsage of job (MB)
	6419708  -  ResidentSetSize of job (KB)
...
040 (3314869.005.000) 01/12 11:18:15 Started transferring output files
...
040 (3314869.005.000) 01/12 11:18:15 Finished transferring output files
...
004 (3314869.005.000) 01/12 11:18:15 Job was evicted.
	(0) CPU times
		Usr 0 00:33:01, Sys 0 00:00:26  -  Run Remote Usage
		Usr 0 00:00:00, Sys 0 00:00:00  -  Run Local Usage
	614594  -  Run Bytes Sent By Job
	10523  -  Run Bytes Received By Job
	Partitionable Resources :    Usage  Request Allocated 
	   Cpus                 :     1.00        4         4 
	   Disk (KB)            :   634           1   3099668 
	   Memory (MB)          :  6270        8000      8000 
...
009 (3314869.005.000) 01/12 11:18:15 Job was aborted.
	via condor_rm (by user vdamante)
...
