000 (3316948.017.000) 01/13 10:23:47 Job submitted from host: <188.185.70.244:9618?addrs=188.185.70.244-9618+[2001-1458-d00-7--100-2ee]-9618&alias=bigbird10.cern.ch&noUDP&sock=schedd_7001_aea1>
...
040 (3316948.017.000) 01/13 10:29:07 Started transferring input files
	Transferring to host: <188.184.160.127:9618?addrs=188.184.160.127-9618+[2001-1458-301-48--100-79]-9618&alias=b7s09p6375.cern.ch&noUDP&sock=slot1_20_3290_da3f_28183>
...
040 (3316948.017.000) 01/13 10:29:07 Finished transferring input files
...
001 (3316948.017.000) 01/13 10:29:08 Job executing on host: <188.184.160.127:9618?addrs=188.184.160.127-9618+[2001-1458-301-48--100-79]-9618&alias=b7s09p6375.cern.ch&noUDP&sock=startd_3135_ed7e>
...
006 (3316948.017.000) 01/13 10:29:17 Image size of job updated: 1288508
	191  -  MemoryUsage of job (MB)
	194976  -  ResidentSetSize of job (KB)
...
040 (3316948.017.000) 01/13 10:29:19 Started transferring output files
...
040 (3316948.017.000) 01/13 10:29:19 Finished transferring output files
...
005 (3316948.017.000) 01/13 10:29:19 Job terminated.
	(1) Normal termination (return value 1)
		Usr 0 00:00:04, Sys 0 00:00:02  -  Run Remote Usage
		Usr 0 00:00:00, Sys 0 00:00:00  -  Run Local Usage
		Usr 0 00:00:04, Sys 0 00:00:02  -  Total Remote Usage
		Usr 0 00:00:00, Sys 0 00:00:00  -  Total Local Usage
	2808  -  Run Bytes Sent By Job
	10531  -  Run Bytes Received By Job
	2808  -  Total Bytes Sent By Job
	10531  -  Total Bytes Received By Job
	Partitionable Resources :    Usage  Request Allocated 
	   Cpus                 :                 4         4 
	   Disk (KB)            :       29        1   1340296 
	   Memory (MB)          :      191     8000      8000 

	Job terminated of its own accord at 2022-01-13T09:29:19Z.
...
