000 (3315592.014.000) 01/12 17:36:25 Job submitted from host: <188.185.70.244:9618?addrs=188.185.70.244-9618+[2001-1458-d00-7--100-2ee]-9618&alias=bigbird10.cern.ch&noUDP&sock=schedd_7001_aea1>
...
040 (3315592.014.000) 01/13 01:13:36 Started transferring input files
	Transferring to host: <128.142.57.90:9618?addrs=128.142.57.90-9618+[2001-1458-301-7--100-59]-9618&alias=b7s02p0120.cern.ch&noUDP&sock=slot1_36_3209_c7dc_27282>
...
040 (3315592.014.000) 01/13 01:13:36 Finished transferring input files
...
001 (3315592.014.000) 01/13 01:13:37 Job executing on host: <128.142.57.90:9618?addrs=128.142.57.90-9618+[2001-1458-301-7--100-59]-9618&alias=b7s02p0120.cern.ch&noUDP&sock=startd_2858_edc3>
...
006 (3315592.014.000) 01/13 01:13:46 Image size of job updated: 320112
	155  -  MemoryUsage of job (MB)
	157804  -  ResidentSetSize of job (KB)
...
006 (3315592.014.000) 01/13 01:14:09 Image size of job updated: 1595868
	155  -  MemoryUsage of job (MB)
	157804  -  ResidentSetSize of job (KB)
...
040 (3315592.014.000) 01/13 01:14:09 Started transferring output files
...
040 (3315592.014.000) 01/13 01:14:09 Finished transferring output files
...
005 (3315592.014.000) 01/13 01:14:09 Job terminated.
	(1) Normal termination (return value 1)
		Usr 0 00:00:04, Sys 0 00:00:02  -  Run Remote Usage
		Usr 0 00:00:00, Sys 0 00:00:00  -  Run Local Usage
		Usr 0 00:00:04, Sys 0 00:00:02  -  Total Remote Usage
		Usr 0 00:00:00, Sys 0 00:00:00  -  Total Local Usage
	4571  -  Run Bytes Sent By Job
	10531  -  Run Bytes Received By Job
	4571  -  Total Bytes Sent By Job
	10531  -  Total Bytes Received By Job
	Partitionable Resources :    Usage  Request Allocated 
	   Cpus                 :                 4         4 
	   Disk (KB)            :       31        1   1261647 
	   Memory (MB)          :      155     8000      8000 

	Job terminated of its own accord at 2022-01-13T00:14:09Z.
...
