000 (3336020.019.000) 01/19 11:59:29 Job submitted from host: <188.185.70.244:9618?addrs=188.185.70.244-9618+[2001-1458-d00-7--100-2ee]-9618&alias=bigbird10.cern.ch&noUDP&sock=schedd_7001_aea1>
...
040 (3336020.019.000) 01/19 12:19:34 Started transferring input files
	Transferring to host: <188.184.160.157:9618?addrs=188.184.160.157-9618+[2001-1458-301-48--100-97]-9618&alias=b7s09p7452.cern.ch&noUDP&sock=slot1_7_4032_a89d_33003>
...
040 (3336020.019.000) 01/19 12:19:34 Finished transferring input files
...
001 (3336020.019.000) 01/19 12:19:35 Job executing on host: <188.184.160.157:9618?addrs=188.184.160.157-9618+[2001-1458-301-48--100-97]-9618&alias=b7s09p7452.cern.ch&noUDP&sock=startd_3772_db52>
...
006 (3336020.019.000) 01/19 12:19:44 Image size of job updated: 1295864
	195  -  MemoryUsage of job (MB)
	199448  -  ResidentSetSize of job (KB)
...
006 (3336020.019.000) 01/19 12:20:37 Image size of job updated: 1781156
	195  -  MemoryUsage of job (MB)
	199576  -  ResidentSetSize of job (KB)
...
040 (3336020.019.000) 01/19 12:20:37 Started transferring output files
...
040 (3336020.019.000) 01/19 12:20:37 Finished transferring output files
...
005 (3336020.019.000) 01/19 12:20:37 Job terminated.
	(1) Normal termination (return value 0)
		Usr 0 00:00:19, Sys 0 00:00:02  -  Run Remote Usage
		Usr 0 00:00:00, Sys 0 00:00:00  -  Run Local Usage
		Usr 0 00:00:19, Sys 0 00:00:02  -  Total Remote Usage
		Usr 0 00:00:00, Sys 0 00:00:00  -  Total Local Usage
	1540  -  Run Bytes Sent By Job
	11207  -  Run Bytes Received By Job
	1540  -  Total Bytes Sent By Job
	11207  -  Total Bytes Received By Job
	Partitionable Resources :    Usage  Request Allocated 
	   Cpus                 :                 4         4 
	   Disk (KB)            :       29        1    996839 
	   Memory (MB)          :      195     8000      8000 

	Job terminated of its own accord at 2022-01-19T11:20:37Z.
...
