000 (3340599.008.000) 01/20 15:18:21 Job submitted from host: <188.185.70.244:9618?addrs=188.185.70.244-9618+[2001-1458-d00-7--100-2ee]-9618&alias=bigbird10.cern.ch&noUDP&sock=schedd_7001_aea1>
...
040 (3340599.008.000) 01/20 15:41:50 Started transferring input files
	Transferring to host: <188.184.165.26:9618?addrs=188.184.165.26-9618&alias=b7s14p7529.cern.ch&noUDP&sock=slot1_18_4697_3618_34362>
...
040 (3340599.008.000) 01/20 15:41:50 Finished transferring input files
...
001 (3340599.008.000) 01/20 15:41:51 Job executing on host: <188.184.165.26:9618?addrs=188.184.165.26-9618&alias=b7s14p7529.cern.ch&noUDP&sock=startd_4477_6d97>
...
006 (3340599.008.000) 01/20 15:42:00 Image size of job updated: 273220
	155  -  MemoryUsage of job (MB)
	157900  -  ResidentSetSize of job (KB)
...
006 (3340599.008.000) 01/20 15:47:01 Image size of job updated: 2607908
	1103  -  MemoryUsage of job (MB)
	1128700  -  ResidentSetSize of job (KB)
...
006 (3340599.008.000) 01/20 15:52:02 Image size of job updated: 2624292
	1119  -  MemoryUsage of job (MB)
	1145084  -  ResidentSetSize of job (KB)
...
006 (3340599.008.000) 01/20 15:57:02 Image size of job updated: 2932160
	1119  -  MemoryUsage of job (MB)
	1145084  -  ResidentSetSize of job (KB)
...
040 (3340599.008.000) 01/20 17:41:59 Entered queue to transfer output files
...
040 (3340599.008.000) 01/20 17:42:07 Started transferring output files
...
040 (3340599.008.000) 01/20 17:42:07 Finished transferring output files
...
009 (3340599.008.000) 01/20 17:42:07 Job was aborted.
	Job removed by SYSTEM_PERIODIC_REMOVE due to wall time exceeded allowed max.
...
