000 (3322102.022.000) 01/17 17:36:42 Job submitted from host: <188.185.70.244:9618?addrs=188.185.70.244-9618+[2001-1458-d00-7--100-2ee]-9618&alias=bigbird10.cern.ch&noUDP&sock=schedd_7001_aea1>
...
040 (3322102.022.000) 01/17 18:03:48 Started transferring input files
	Transferring to host: <128.142.128.80:9618?addrs=128.142.128.80-9618&alias=b7g25p8681.cern.ch&noUDP&sock=slot1_1_3465_27e6_35398>
...
040 (3322102.022.000) 01/17 18:03:48 Finished transferring input files
...
001 (3322102.022.000) 01/17 18:03:49 Job executing on host: <128.142.128.80:9618?addrs=128.142.128.80-9618&alias=b7g25p8681.cern.ch&noUDP&sock=startd_2926_9233>
...
006 (3322102.022.000) 01/17 18:03:58 Image size of job updated: 320188
	155  -  MemoryUsage of job (MB)
	157888  -  ResidentSetSize of job (KB)
...
006 (3322102.022.000) 01/17 18:08:59 Image size of job updated: 2796088
	907  -  MemoryUsage of job (MB)
	928152  -  ResidentSetSize of job (KB)
...
006 (3322102.022.000) 01/17 18:34:01 Image size of job updated: 3252504
	1379  -  MemoryUsage of job (MB)
	1411340  -  ResidentSetSize of job (KB)
...
006 (3322102.022.000) 01/17 18:54:04 Image size of job updated: 3252504
	1379  -  MemoryUsage of job (MB)
	1411344  -  ResidentSetSize of job (KB)
...
006 (3322102.022.000) 01/17 19:04:05 Image size of job updated: 3252504
	1379  -  MemoryUsage of job (MB)
	1411380  -  ResidentSetSize of job (KB)
...
006 (3322102.022.000) 01/17 19:19:06 Image size of job updated: 3395996
	2171  -  MemoryUsage of job (MB)
	2222436  -  ResidentSetSize of job (KB)
...
006 (3322102.022.000) 01/17 19:24:06 Image size of job updated: 3686140
	2171  -  MemoryUsage of job (MB)
	2222436  -  ResidentSetSize of job (KB)
...
006 (3322102.022.000) 01/17 20:19:12 Image size of job updated: 4160704
	2181  -  MemoryUsage of job (MB)
	2232468  -  ResidentSetSize of job (KB)
...
006 (3322102.022.000) 01/17 20:39:13 Image size of job updated: 4282656
	2756  -  MemoryUsage of job (MB)
	2821192  -  ResidentSetSize of job (KB)
...
006 (3322102.022.000) 01/17 20:44:13 Image size of job updated: 4656424
	2756  -  MemoryUsage of job (MB)
	2821192  -  ResidentSetSize of job (KB)
...
006 (3322102.022.000) 01/17 21:49:21 Image size of job updated: 4811360
	3247  -  MemoryUsage of job (MB)
	3324884  -  ResidentSetSize of job (KB)
...
006 (3322102.022.000) 01/17 21:54:22 Image size of job updated: 5276436
	3247  -  MemoryUsage of job (MB)
	3324884  -  ResidentSetSize of job (KB)
...
040 (3322102.022.000) 01/17 23:04:09 Started transferring output files
...
040 (3322102.022.000) 01/17 23:04:09 Finished transferring output files
...
009 (3322102.022.000) 01/17 23:04:09 Job was aborted.
	Job removed by SYSTEM_PERIODIC_REMOVE due to wall time exceeded allowed max.
...
