000 (3336020.003.000) 01/19 11:59:29 Job submitted from host: <188.185.70.244:9618?addrs=188.185.70.244-9618+[2001-1458-d00-7--100-2ee]-9618&alias=bigbird10.cern.ch&noUDP&sock=schedd_7001_aea1>
...
040 (3336020.003.000) 01/19 12:19:35 Started transferring input files
	Transferring to host: <188.184.163.38:9618?addrs=188.184.163.38-9618+[2001-1458-301-4d--100-20]-9618&alias=b7s12p8616.cern.ch&noUDP&sock=slot1_17_3961_a1fa_33492>
...
040 (3336020.003.000) 01/19 12:19:35 Finished transferring input files
...
001 (3336020.003.000) 01/19 12:19:36 Job executing on host: <188.184.163.38:9618?addrs=188.184.163.38-9618+[2001-1458-301-4d--100-20]-9618&alias=b7s12p8616.cern.ch&noUDP&sock=startd_3394_9486>
...
006 (3336020.003.000) 01/19 12:19:45 Image size of job updated: 707432
	143  -  MemoryUsage of job (MB)
	146152  -  ResidentSetSize of job (KB)
...
006 (3336020.003.000) 01/19 12:24:46 Image size of job updated: 1756264
	296  -  MemoryUsage of job (MB)
	302220  -  ResidentSetSize of job (KB)
...
040 (3336020.003.000) 01/19 12:28:18 Started transferring output files
...
040 (3336020.003.000) 01/19 12:28:18 Finished transferring output files
...
005 (3336020.003.000) 01/19 12:28:18 Job terminated.
	(1) Normal termination (return value 0)
		Usr 0 00:00:44, Sys 0 00:00:04  -  Run Remote Usage
		Usr 0 00:00:00, Sys 0 00:00:00  -  Run Local Usage
		Usr 0 00:00:44, Sys 0 00:00:04  -  Total Remote Usage
		Usr 0 00:00:00, Sys 0 00:00:00  -  Total Local Usage
	1537  -  Run Bytes Sent By Job
	11207  -  Run Bytes Received By Job
	1537  -  Total Bytes Sent By Job
	11207  -  Total Bytes Received By Job
	Partitionable Resources :    Usage  Request Allocated 
	   Cpus                 :     0.08        4         4 
	   Disk (KB)            :    36           1   2534017 
	   Memory (MB)          :   296        8000      8000 

	Job terminated of its own accord at 2022-01-19T11:28:18Z.
...
