000 (3322102.006.000) 01/17 17:36:42 Job submitted from host: <188.185.70.244:9618?addrs=188.185.70.244-9618+[2001-1458-d00-7--100-2ee]-9618&alias=bigbird10.cern.ch&noUDP&sock=schedd_7001_aea1>
...
040 (3322102.006.000) 01/17 17:53:45 Started transferring input files
	Transferring to host: <188.184.160.11:9618?addrs=188.184.160.11-9618&alias=b7s09p8447.cern.ch&noUDP&sock=slot1_46_3312_5a80_32304>
...
040 (3322102.006.000) 01/17 17:53:45 Finished transferring input files
...
001 (3322102.006.000) 01/17 17:53:46 Job executing on host: <188.184.160.11:9618?addrs=188.184.160.11-9618&alias=b7s09p8447.cern.ch&noUDP&sock=startd_2744_bbf7>
...
006 (3322102.006.000) 01/17 17:53:55 Image size of job updated: 261212
	122  -  MemoryUsage of job (MB)
	124876  -  ResidentSetSize of job (KB)
...
006 (3322102.006.000) 01/17 17:58:56 Image size of job updated: 1730508
	269  -  MemoryUsage of job (MB)
	275436  -  ResidentSetSize of job (KB)
...
006 (3322102.006.000) 01/17 18:03:57 Image size of job updated: 2790912
	902  -  MemoryUsage of job (MB)
	923092  -  ResidentSetSize of job (KB)
...
006 (3322102.006.000) 01/17 18:28:59 Image size of job updated: 2790912
	902  -  MemoryUsage of job (MB)
	923156  -  ResidentSetSize of job (KB)
...
006 (3322102.006.000) 01/17 18:59:02 Image size of job updated: 2790912
	903  -  MemoryUsage of job (MB)
	924036  -  ResidentSetSize of job (KB)
...
006 (3322102.006.000) 01/17 19:04:03 Image size of job updated: 3341212
	1405  -  MemoryUsage of job (MB)
	1438124  -  ResidentSetSize of job (KB)
...
006 (3322102.006.000) 01/17 19:49:06 Image size of job updated: 3341212
	1405  -  MemoryUsage of job (MB)
	1438128  -  ResidentSetSize of job (KB)
...
006 (3322102.006.000) 01/17 20:39:11 Image size of job updated: 3837520
	1851  -  MemoryUsage of job (MB)
	1895404  -  ResidentSetSize of job (KB)
...
006 (3322102.006.000) 01/17 21:29:17 Image size of job updated: 3837520
	1851  -  MemoryUsage of job (MB)
	1895408  -  ResidentSetSize of job (KB)
...
006 (3322102.006.000) 01/17 21:54:20 Image size of job updated: 3837520
	1851  -  MemoryUsage of job (MB)
	1895416  -  ResidentSetSize of job (KB)
...
006 (3322102.006.000) 01/17 22:14:22 Image size of job updated: 4363852
	2290  -  MemoryUsage of job (MB)
	2344096  -  ResidentSetSize of job (KB)
...
040 (3322102.006.000) 01/17 22:53:59 Started transferring output files
...
040 (3322102.006.000) 01/17 22:53:59 Finished transferring output files
...
009 (3322102.006.000) 01/17 22:53:59 Job was aborted.
	Job removed by SYSTEM_PERIODIC_REMOVE due to wall time exceeded allowed max.
...
