000 (3301468.005.000) 01/10 18:11:34 Job submitted from host: <188.185.70.244:9618?addrs=188.185.70.244-9618+[2001-1458-d00-7--100-2ee]-9618&alias=bigbird10.cern.ch&noUDP&sock=schedd_7001_aea1>
...
040 (3301468.005.000) 01/10 18:13:15 Started transferring input files
	Transferring to host: <128.142.60.157:9618?addrs=128.142.60.157-9618+[2001-1458-301-22--100-9c]-9618&alias=b7s05p2820.cern.ch&noUDP&sock=slot1_1_3181_0d5a_165>
...
040 (3301468.005.000) 01/10 18:13:15 Finished transferring input files
...
001 (3301468.005.000) 01/10 18:13:16 Job executing on host: <128.142.60.157:9618?addrs=128.142.60.157-9618+[2001-1458-301-22--100-9c]-9618&alias=b7s05p2820.cern.ch&noUDP&sock=startd_2811_b0cf>
...
006 (3301468.005.000) 01/10 18:13:19 Image size of job updated: 1
	0  -  MemoryUsage of job (MB)
	0  -  ResidentSetSize of job (KB)
...
040 (3301468.005.000) 01/10 18:13:20 Started transferring output files
...
040 (3301468.005.000) 01/10 18:13:20 Finished transferring output files
...
005 (3301468.005.000) 01/10 18:13:20 Job terminated.
	(1) Normal termination (return value 1)
		Usr 0 00:00:00, Sys 0 00:00:00  -  Run Remote Usage
		Usr 0 00:00:00, Sys 0 00:00:00  -  Run Local Usage
		Usr 0 00:00:00, Sys 0 00:00:00  -  Total Remote Usage
		Usr 0 00:00:00, Sys 0 00:00:00  -  Total Local Usage
	202  -  Run Bytes Sent By Job
	10523  -  Run Bytes Received By Job
	202  -  Total Bytes Sent By Job
	10523  -  Total Bytes Received By Job
	Partitionable Resources :    Usage  Request Allocated 
	   Cpus                 :                 4         4 
	   Disk (KB)            :       27        1   1070871 
	   Memory (MB)          :        0     8000      8000 

	Job terminated of its own accord at 2022-01-10T17:13:19Z.
...
