000 (3315599.014.000) 01/12 17:37:04 Job submitted from host: <188.185.70.244:9618?addrs=188.185.70.244-9618+[2001-1458-d00-7--100-2ee]-9618&alias=bigbird10.cern.ch&noUDP&sock=schedd_7001_aea1>
...
040 (3315599.014.000) 01/13 01:32:35 Started transferring input files
	Transferring to host: <188.184.160.78:9618?addrs=188.184.160.78-9618+[2001-1458-301-48--100-48]-9618&alias=b7s09p4809.cern.ch&noUDP&sock=slot1_12_3261_6b5e_27324>
...
040 (3315599.014.000) 01/13 01:32:35 Finished transferring input files
...
001 (3315599.014.000) 01/13 01:32:36 Job executing on host: <188.184.160.78:9618?addrs=188.184.160.78-9618+[2001-1458-301-48--100-48]-9618&alias=b7s09p4809.cern.ch&noUDP&sock=startd_2888_819a>
...
006 (3315599.014.000) 01/13 01:32:45 Image size of job updated: 1575744
	0  -  MemoryUsage of job (MB)
	0  -  ResidentSetSize of job (KB)
...
040 (3315599.014.000) 01/13 01:32:45 Started transferring output files
...
040 (3315599.014.000) 01/13 01:32:45 Finished transferring output files
...
005 (3315599.014.000) 01/13 01:32:45 Job terminated.
	(1) Normal termination (return value 1)
		Usr 0 00:00:04, Sys 0 00:00:02  -  Run Remote Usage
		Usr 0 00:00:00, Sys 0 00:00:00  -  Run Local Usage
		Usr 0 00:00:04, Sys 0 00:00:02  -  Total Remote Usage
		Usr 0 00:00:00, Sys 0 00:00:00  -  Total Local Usage
	5034  -  Run Bytes Sent By Job
	10523  -  Run Bytes Received By Job
	5034  -  Total Bytes Sent By Job
	10523  -  Total Bytes Received By Job
	Partitionable Resources :    Usage  Request Allocated 
	   Cpus                 :                 4         4 
	   Disk (KB)            :       32        1   1419432 
	   Memory (MB)          :        0     8000      8000 

	Job terminated of its own accord at 2022-01-13T00:32:45Z.
...
