000 (3340599.000.000) 01/20 15:18:21 Job submitted from host: <188.185.70.244:9618?addrs=188.185.70.244-9618+[2001-1458-d00-7--100-2ee]-9618&alias=bigbird10.cern.ch&noUDP&sock=schedd_7001_aea1>
...
040 (3340599.000.000) 01/20 15:41:35 Started transferring input files
	Transferring to host: <128.142.58.160:9618?addrs=128.142.58.160-9618+[2001-1458-301-16--100-9f]-9618&alias=b7s03p4729.cern.ch&noUDP&sock=slot1_6_3603_63ac_40991>
...
040 (3340599.000.000) 01/20 15:41:35 Finished transferring input files
...
001 (3340599.000.000) 01/20 15:41:36 Job executing on host: <128.142.58.160:9618?addrs=128.142.58.160-9618+[2001-1458-301-16--100-9f]-9618&alias=b7s03p4729.cern.ch&noUDP&sock=startd_3039_1467>
...
006 (3340599.000.000) 01/20 15:41:45 Image size of job updated: 1228700
	155  -  MemoryUsage of job (MB)
	157888  -  ResidentSetSize of job (KB)
...
006 (3340599.000.000) 01/20 15:46:47 Image size of job updated: 2571680
	1067  -  MemoryUsage of job (MB)
	1092472  -  ResidentSetSize of job (KB)
...
006 (3340599.000.000) 01/20 15:51:47 Image size of job updated: 2588064
	1083  -  MemoryUsage of job (MB)
	1108856  -  ResidentSetSize of job (KB)
...
006 (3340599.000.000) 01/20 15:56:47 Image size of job updated: 2895920
	1083  -  MemoryUsage of job (MB)
	1108856  -  ResidentSetSize of job (KB)
...
040 (3340599.000.000) 01/20 17:41:45 Started transferring output files
...
040 (3340599.000.000) 01/20 17:41:45 Finished transferring output files
...
009 (3340599.000.000) 01/20 17:41:45 Job was aborted.
	Job removed by SYSTEM_PERIODIC_REMOVE due to wall time exceeded allowed max.
...
