000 (3314619.008.000) 01/11 10:16:35 Job submitted from host: <188.185.70.244:9618?addrs=188.185.70.244-9618+[2001-1458-d00-7--100-2ee]-9618&alias=bigbird10.cern.ch&noUDP&sock=schedd_7001_aea1>
...
040 (3314619.008.000) 01/11 10:18:17 Started transferring input files
	Transferring to host: <128.142.58.64:9618?addrs=128.142.58.64-9618+[2001-1458-301-16--100-3f]-9618&alias=b7s03p5972.cern.ch&noUDP&sock=slot1_9_3607_352c_27749>
...
040 (3314619.008.000) 01/11 10:18:17 Finished transferring input files
...
001 (3314619.008.000) 01/11 10:18:18 Job executing on host: <128.142.58.64:9618?addrs=128.142.58.64-9618+[2001-1458-301-16--100-3f]-9618&alias=b7s03p5972.cern.ch&noUDP&sock=startd_2947_f9b0>
...
006 (3314619.008.000) 01/11 10:18:27 Image size of job updated: 1257064
	224  -  MemoryUsage of job (MB)
	228648  -  ResidentSetSize of job (KB)
...
006 (3314619.008.000) 01/11 10:18:27 Image size of job updated: 1257064
	224  -  MemoryUsage of job (MB)
	228740  -  ResidentSetSize of job (KB)
...
040 (3314619.008.000) 01/11 10:18:27 Started transferring output files
...
040 (3314619.008.000) 01/11 10:18:27 Finished transferring output files
...
005 (3314619.008.000) 01/11 10:18:27 Job terminated.
	(1) Normal termination (return value 1)
		Usr 0 00:00:03, Sys 0 00:00:02  -  Run Remote Usage
		Usr 0 00:00:00, Sys 0 00:00:00  -  Run Local Usage
		Usr 0 00:00:03, Sys 0 00:00:02  -  Total Remote Usage
		Usr 0 00:00:00, Sys 0 00:00:00  -  Total Local Usage
	16976  -  Run Bytes Sent By Job
	10523  -  Run Bytes Received By Job
	16976  -  Total Bytes Sent By Job
	10523  -  Total Bytes Received By Job
	Partitionable Resources :    Usage  Request Allocated 
	   Cpus                 :                 4         4 
	   Disk (KB)            :       43        1   1341335 
	   Memory (MB)          :      224     8000      8000 

	Job terminated of its own accord at 2022-01-11T09:18:27Z.
...
