000 (3336020.011.000) 01/19 11:59:29 Job submitted from host: <188.185.70.244:9618?addrs=188.185.70.244-9618+[2001-1458-d00-7--100-2ee]-9618&alias=bigbird10.cern.ch&noUDP&sock=schedd_7001_aea1>
...
040 (3336020.011.000) 01/19 12:19:39 Started transferring input files
	Transferring to host: <188.184.163.36:9618?addrs=188.184.163.36-9618+[2001-1458-301-4d--100-1e]-9618&alias=b7s12p7819.cern.ch&noUDP&sock=slot1_33_4663_4157_33906>
...
040 (3336020.011.000) 01/19 12:19:39 Finished transferring input files
...
001 (3336020.011.000) 01/19 12:19:40 Job executing on host: <188.184.163.36:9618?addrs=188.184.163.36-9618+[2001-1458-301-4d--100-1e]-9618&alias=b7s12p7819.cern.ch&noUDP&sock=startd_4464_82dc>
...
006 (3336020.011.000) 01/19 12:19:49 Image size of job updated: 781444
	118  -  MemoryUsage of job (MB)
	120580  -  ResidentSetSize of job (KB)
...
006 (3336020.011.000) 01/19 12:24:50 Image size of job updated: 1742140
	281  -  MemoryUsage of job (MB)
	287056  -  ResidentSetSize of job (KB)
...
040 (3336020.011.000) 01/19 12:27:56 Started transferring output files
...
040 (3336020.011.000) 01/19 12:27:56 Finished transferring output files
...
005 (3336020.011.000) 01/19 12:27:56 Job terminated.
	(1) Normal termination (return value 0)
		Usr 0 00:00:41, Sys 0 00:00:04  -  Run Remote Usage
		Usr 0 00:00:00, Sys 0 00:00:00  -  Run Local Usage
		Usr 0 00:00:41, Sys 0 00:00:04  -  Total Remote Usage
		Usr 0 00:00:00, Sys 0 00:00:00  -  Total Local Usage
	1537  -  Run Bytes Sent By Job
	11207  -  Run Bytes Received By Job
	1537  -  Total Bytes Sent By Job
	11207  -  Total Bytes Received By Job
	Partitionable Resources :    Usage  Request Allocated 
	   Cpus                 :     0.43        4         4 
	   Disk (KB)            :    36           1   2816894 
	   Memory (MB)          :   281        8000      8000 

	Job terminated of its own accord at 2022-01-19T11:27:56Z.
...
