000 (3335429.016.000) 01/18 23:49:51 Job submitted from host: <188.185.70.244:9618?addrs=188.185.70.244-9618+[2001-1458-d00-7--100-2ee]-9618&alias=bigbird10.cern.ch&noUDP&sock=schedd_7001_aea1>
...
040 (3335429.016.000) 01/19 01:45:56 Started transferring input files
	Transferring to host: <128.142.61.75:9618?addrs=128.142.61.75-9618&alias=b7s06p6080.cern.ch&noUDP&sock=slot1_3_4858_a67f_38183>
...
040 (3335429.016.000) 01/19 01:45:56 Finished transferring input files
...
001 (3335429.016.000) 01/19 01:45:57 Job executing on host: <128.142.61.75:9618?addrs=128.142.61.75-9618&alias=b7s06p6080.cern.ch&noUDP&sock=startd_4506_51d6>
...
006 (3335429.016.000) 01/19 01:46:06 Image size of job updated: 705476
	155  -  MemoryUsage of job (MB)
	157872  -  ResidentSetSize of job (KB)
...
006 (3335429.016.000) 01/19 01:51:07 Image size of job updated: 2801716
	912  -  MemoryUsage of job (MB)
	933804  -  ResidentSetSize of job (KB)
...
006 (3335429.016.000) 01/19 01:56:07 Image size of job updated: 2801716
	912  -  MemoryUsage of job (MB)
	933832  -  ResidentSetSize of job (KB)
...
006 (3335429.016.000) 01/19 02:01:07 Image size of job updated: 2801716
	912  -  MemoryUsage of job (MB)
	933856  -  ResidentSetSize of job (KB)
...
006 (3335429.016.000) 01/19 02:16:09 Image size of job updated: 2801716
	912  -  MemoryUsage of job (MB)
	933860  -  ResidentSetSize of job (KB)
...
006 (3335429.016.000) 01/19 02:26:10 Image size of job updated: 2801716
	912  -  MemoryUsage of job (MB)
	933872  -  ResidentSetSize of job (KB)
...
006 (3335429.016.000) 01/19 02:31:10 Image size of job updated: 3552680
	1497  -  MemoryUsage of job (MB)
	1532624  -  ResidentSetSize of job (KB)
...
006 (3335429.016.000) 01/19 03:16:14 Image size of job updated: 4164852
	2093  -  MemoryUsage of job (MB)
	2142524  -  ResidentSetSize of job (KB)
...
006 (3335429.016.000) 01/19 04:06:20 Image size of job updated: 4786184
	2607  -  MemoryUsage of job (MB)
	2668604  -  ResidentSetSize of job (KB)
...
006 (3335429.016.000) 01/19 04:31:22 Image size of job updated: 4786184
	2607  -  MemoryUsage of job (MB)
	2668608  -  ResidentSetSize of job (KB)
...
006 (3335429.016.000) 01/19 04:51:24 Image size of job updated: 4786184
	2609  -  MemoryUsage of job (MB)
	2671344  -  ResidentSetSize of job (KB)
...
006 (3335429.016.000) 01/19 04:56:24 Image size of job updated: 5384000
	3502  -  MemoryUsage of job (MB)
	3585380  -  ResidentSetSize of job (KB)
...
006 (3335429.016.000) 01/19 05:01:25 Image size of job updated: 5384000
	3502  -  MemoryUsage of job (MB)
	3585384  -  ResidentSetSize of job (KB)
...
006 (3335429.016.000) 01/19 05:41:29 Image size of job updated: 6076924
	3854  -  MemoryUsage of job (MB)
	3946344  -  ResidentSetSize of job (KB)
...
006 (3335429.016.000) 01/19 06:26:33 Image size of job updated: 6727228
	5119  -  MemoryUsage of job (MB)
	5241328  -  ResidentSetSize of job (KB)
...
040 (3335429.016.000) 01/19 06:46:14 Started transferring output files
...
040 (3335429.016.000) 01/19 06:46:14 Finished transferring output files
...
009 (3335429.016.000) 01/19 06:46:14 Job was aborted.
	Job removed by SYSTEM_PERIODIC_REMOVE due to wall time exceeded allowed max.
...
