000 (3299786.012.000) 01/10 16:59:50 Job submitted from host: <188.185.70.244:9618?addrs=188.185.70.244-9618+[2001-1458-d00-7--100-2ee]-9618&alias=bigbird10.cern.ch&noUDP&sock=schedd_7001_aea1>
...
040 (3299786.012.000) 01/10 17:07:42 Started transferring input files
	Transferring to host: <188.184.165.197:9618?addrs=188.184.165.197-9618+[2001-1458-301-51--100-c0]-9618&alias=b7s14p0436.cern.ch&noUDP&sock=slot1_27_3644_470d_21225>
...
040 (3299786.012.000) 01/10 17:07:42 Finished transferring input files
...
001 (3299786.012.000) 01/10 17:07:44 Job executing on host: <188.184.165.197:9618?addrs=188.184.165.197-9618+[2001-1458-301-51--100-c0]-9618&alias=b7s14p0436.cern.ch&noUDP&sock=startd_3118_4462>
...
006 (3299786.012.000) 01/10 17:07:52 Image size of job updated: 35536
	33  -  MemoryUsage of job (MB)
	33160  -  ResidentSetSize of job (KB)
...
006 (3299786.012.000) 01/10 17:11:43 Image size of job updated: 1733004
	33  -  MemoryUsage of job (MB)
	33160  -  ResidentSetSize of job (KB)
...
040 (3299786.012.000) 01/10 17:11:44 Started transferring output files
...
040 (3299786.012.000) 01/10 17:11:44 Finished transferring output files
...
005 (3299786.012.000) 01/10 17:11:44 Job terminated.
	(1) Normal termination (return value 0)
		Usr 0 00:00:35, Sys 0 00:00:03  -  Run Remote Usage
		Usr 0 00:00:00, Sys 0 00:00:00  -  Run Local Usage
		Usr 0 00:00:35, Sys 0 00:00:03  -  Total Remote Usage
		Usr 0 00:00:00, Sys 0 00:00:00  -  Total Local Usage
	7891  -  Run Bytes Sent By Job
	10526  -  Run Bytes Received By Job
	7891  -  Total Bytes Sent By Job
	10526  -  Total Bytes Received By Job
	Partitionable Resources :    Usage  Request Allocated 
	   Cpus                 :     0.20        4         4 
	   Disk (KB)            :    42           1   2751853 
	   Memory (MB)          :    33        8000      8000 

	Job terminated of its own accord at 2022-01-10T16:11:43Z.
...
