000 (3314625.025.000) 01/11 10:41:43 Job submitted from host: <188.185.70.244:9618?addrs=188.185.70.244-9618+[2001-1458-d00-7--100-2ee]-9618&alias=bigbird10.cern.ch&noUDP&sock=schedd_7001_aea1>
...
040 (3314625.025.000) 01/11 11:36:35 Started transferring input files
	Transferring to host: <188.184.163.216:9618?addrs=188.184.163.216-9618+[2001-1458-301-4d--100-d2]-9618&alias=b7s12p6307.cern.ch&noUDP&sock=slot1_2_3491_79a7_24872>
...
040 (3314625.025.000) 01/11 11:36:35 Finished transferring input files
...
001 (3314625.025.000) 01/11 11:36:36 Job executing on host: <188.184.163.216:9618?addrs=188.184.163.216-9618+[2001-1458-301-4d--100-d2]-9618&alias=b7s12p6307.cern.ch&noUDP&sock=startd_2909_e917>
...
006 (3314625.025.000) 01/11 11:36:45 Image size of job updated: 320096
	155  -  MemoryUsage of job (MB)
	157788  -  ResidentSetSize of job (KB)
...
006 (3314625.025.000) 01/11 11:41:46 Image size of job updated: 1802116
	344  -  MemoryUsage of job (MB)
	351568  -  ResidentSetSize of job (KB)
...
006 (3314625.025.000) 01/11 11:46:46 Image size of job updated: 1950700
	457  -  MemoryUsage of job (MB)
	467148  -  ResidentSetSize of job (KB)
...
006 (3314625.025.000) 01/11 11:51:47 Image size of job updated: 2129764
	576  -  MemoryUsage of job (MB)
	588940  -  ResidentSetSize of job (KB)
...
006 (3314625.025.000) 01/11 11:56:48 Image size of job updated: 8142508
	6199  -  MemoryUsage of job (MB)
	6346760  -  ResidentSetSize of job (KB)
...
006 (3314625.025.000) 01/11 12:01:48 Image size of job updated: 11780396
	6199  -  MemoryUsage of job (MB)
	6346760  -  ResidentSetSize of job (KB)
...
006 (3314625.025.000) 01/11 12:46:53 Image size of job updated: 11780396
	8212  -  MemoryUsage of job (MB)
	8408528  -  ResidentSetSize of job (KB)
...
006 (3314625.025.000) 01/11 12:51:53 Image size of job updated: 15007316
	8212  -  MemoryUsage of job (MB)
	8408528  -  ResidentSetSize of job (KB)
...
006 (3314625.025.000) 01/11 13:36:58 Image size of job updated: 15007316
	8844  -  MemoryUsage of job (MB)
	9055888  -  ResidentSetSize of job (KB)
...
006 (3314625.025.000) 01/11 13:41:58 Image size of job updated: 15007316
	8908  -  MemoryUsage of job (MB)
	9121424  -  ResidentSetSize of job (KB)
...
006 (3314625.025.000) 01/11 13:46:59 Image size of job updated: 19223080
	9719  -  MemoryUsage of job (MB)
	9951536  -  ResidentSetSize of job (KB)
...
006 (3314625.025.000) 01/11 13:52:00 Image size of job updated: 19223080
	9723  -  MemoryUsage of job (MB)
	9955820  -  ResidentSetSize of job (KB)
...
006 (3314625.025.000) 01/11 13:57:00 Image size of job updated: 19223080
	9723  -  MemoryUsage of job (MB)
	9956004  -  ResidentSetSize of job (KB)
...
006 (3314625.025.000) 01/11 14:37:04 Image size of job updated: 19223080
	12174  -  MemoryUsage of job (MB)
	12465360  -  ResidentSetSize of job (KB)
...
006 (3314625.025.000) 01/11 14:42:05 Image size of job updated: 19223080
	12316  -  MemoryUsage of job (MB)
	12610916  -  ResidentSetSize of job (KB)
...
006 (3314625.025.000) 01/11 14:47:05 Image size of job updated: 20772952
	12316  -  MemoryUsage of job (MB)
	12610916  -  ResidentSetSize of job (KB)
...
006 (3314625.025.000) 01/11 15:42:11 Image size of job updated: 20772952
	13347  -  MemoryUsage of job (MB)
	13667132  -  ResidentSetSize of job (KB)
...
006 (3314625.025.000) 01/11 15:52:12 Image size of job updated: 25074840
	16238  -  MemoryUsage of job (MB)
	16627496  -  ResidentSetSize of job (KB)
...
006 (3314625.025.000) 01/11 17:12:20 Image size of job updated: 25074840
	19037  -  MemoryUsage of job (MB)
	19493696  -  ResidentSetSize of job (KB)
...
006 (3314625.025.000) 01/11 18:32:30 Image size of job updated: 26846104
	21870  -  MemoryUsage of job (MB)
	22394168  -  ResidentSetSize of job (KB)
...
006 (3314625.025.000) 01/11 18:37:31 Image size of job updated: 26846104
	21870  -  MemoryUsage of job (MB)
	22394172  -  ResidentSetSize of job (KB)
...
006 (3314625.025.000) 01/11 20:07:41 Image size of job updated: 33977476
	24753  -  MemoryUsage of job (MB)
	25346896  -  ResidentSetSize of job (KB)
...
040 (3314625.025.000) 01/11 21:37:36 Started transferring output files
...
040 (3314625.025.000) 01/11 21:37:36 Finished transferring output files
...
009 (3314625.025.000) 01/11 21:37:37 Job was aborted.
	Job removed by SYSTEM_PERIODIC_REMOVE due to wall time exceeded allowed max.
...
