000 (3340599.017.000) 01/20 15:18:21 Job submitted from host: <188.185.70.244:9618?addrs=188.185.70.244-9618+[2001-1458-d00-7--100-2ee]-9618&alias=bigbird10.cern.ch&noUDP&sock=schedd_7001_aea1>
...
040 (3340599.017.000) 01/20 15:41:51 Started transferring input files
	Transferring to host: <188.184.164.110:9618?addrs=188.184.164.110-9618+[2001-1458-301-4e--100-68]-9618&alias=b7s13p6948.cern.ch&noUDP&sock=slot1_35_3512_4588_34230>
...
040 (3340599.017.000) 01/20 15:41:51 Finished transferring input files
...
001 (3340599.017.000) 01/20 15:41:52 Job executing on host: <188.184.164.110:9618?addrs=188.184.164.110-9618+[2001-1458-301-4e--100-68]-9618&alias=b7s13p6948.cern.ch&noUDP&sock=startd_3138_fc47>
...
006 (3340599.017.000) 01/20 15:42:01 Image size of job updated: 76524
	42  -  MemoryUsage of job (MB)
	42692  -  ResidentSetSize of job (KB)
...
006 (3340599.017.000) 01/20 15:47:01 Image size of job updated: 1705652
	240  -  MemoryUsage of job (MB)
	245108  -  ResidentSetSize of job (KB)
...
006 (3340599.017.000) 01/20 15:52:01 Image size of job updated: 2572024
	1068  -  MemoryUsage of job (MB)
	1092828  -  ResidentSetSize of job (KB)
...
006 (3340599.017.000) 01/20 16:02:03 Image size of job updated: 2588408
	1084  -  MemoryUsage of job (MB)
	1109212  -  ResidentSetSize of job (KB)
...
006 (3340599.017.000) 01/20 16:07:03 Image size of job updated: 2896292
	1084  -  MemoryUsage of job (MB)
	1109212  -  ResidentSetSize of job (KB)
...
040 (3340599.017.000) 01/20 17:42:06 Entered queue to transfer output files
...
040 (3340599.017.000) 01/20 17:42:08 Started transferring output files
...
040 (3340599.017.000) 01/20 17:42:08 Finished transferring output files
...
009 (3340599.017.000) 01/20 17:42:08 Job was aborted.
	Job removed by SYSTEM_PERIODIC_REMOVE due to wall time exceeded allowed max.
...
