000 (3335429.003.000) 01/18 23:49:51 Job submitted from host: <188.185.70.244:9618?addrs=188.185.70.244-9618+[2001-1458-d00-7--100-2ee]-9618&alias=bigbird10.cern.ch&noUDP&sock=schedd_7001_aea1>
...
040 (3335429.003.000) 01/19 01:45:55 Started transferring input files
	Transferring to host: <128.142.56.159:9618?addrs=128.142.56.159-9618&alias=b7s01p3537.cern.ch&noUDP&sock=slot1_5_3563_34aa_36970>
...
040 (3335429.003.000) 01/19 01:45:55 Finished transferring input files
...
001 (3335429.003.000) 01/19 01:45:56 Job executing on host: <128.142.56.159:9618?addrs=128.142.56.159-9618&alias=b7s01p3537.cern.ch&noUDP&sock=startd_2694_703a>
...
006 (3335429.003.000) 01/19 01:46:05 Image size of job updated: 452252
	155  -  MemoryUsage of job (MB)
	157884  -  ResidentSetSize of job (KB)
...
006 (3335429.003.000) 01/19 01:51:06 Image size of job updated: 2792412
	904  -  MemoryUsage of job (MB)
	925496  -  ResidentSetSize of job (KB)
...
006 (3335429.003.000) 01/19 02:26:10 Image size of job updated: 3538672
	1817  -  MemoryUsage of job (MB)
	1859900  -  ResidentSetSize of job (KB)
...
006 (3335429.003.000) 01/19 03:11:14 Image size of job updated: 3538672
	1987  -  MemoryUsage of job (MB)
	2033684  -  ResidentSetSize of job (KB)
...
006 (3335429.003.000) 01/19 03:16:15 Image size of job updated: 3839080
	1987  -  MemoryUsage of job (MB)
	2033684  -  ResidentSetSize of job (KB)
...
006 (3335429.003.000) 01/19 03:41:17 Image size of job updated: 4365684
	2292  -  MemoryUsage of job (MB)
	2346812  -  ResidentSetSize of job (KB)
...
006 (3335429.003.000) 01/19 03:51:18 Image size of job updated: 4365684
	2292  -  MemoryUsage of job (MB)
	2346816  -  ResidentSetSize of job (KB)
...
006 (3335429.003.000) 01/19 04:16:21 Image size of job updated: 4365684
	2293  -  MemoryUsage of job (MB)
	2347816  -  ResidentSetSize of job (KB)
...
006 (3335429.003.000) 01/19 04:21:21 Image size of job updated: 4876592
	2744  -  MemoryUsage of job (MB)
	2809268  -  ResidentSetSize of job (KB)
...
006 (3335429.003.000) 01/19 04:46:25 Image size of job updated: 4876592
	2744  -  MemoryUsage of job (MB)
	2809272  -  ResidentSetSize of job (KB)
...
006 (3335429.003.000) 01/19 05:01:26 Image size of job updated: 5421044
	3242  -  MemoryUsage of job (MB)
	3319516  -  ResidentSetSize of job (KB)
...
006 (3335429.003.000) 01/19 05:41:30 Image size of job updated: 5421044
	3247  -  MemoryUsage of job (MB)
	3324636  -  ResidentSetSize of job (KB)
...
006 (3335429.003.000) 01/19 05:46:30 Image size of job updated: 6275500
	3976  -  MemoryUsage of job (MB)
	4071320  -  ResidentSetSize of job (KB)
...
006 (3335429.003.000) 01/19 06:01:31 Image size of job updated: 6275500
	3976  -  MemoryUsage of job (MB)
	4071324  -  ResidentSetSize of job (KB)
...
006 (3335429.003.000) 01/19 06:26:35 Image size of job updated: 6413196
	4844  -  MemoryUsage of job (MB)
	4959660  -  ResidentSetSize of job (KB)
...
006 (3335429.003.000) 01/19 06:31:35 Image size of job updated: 6926460
	4844  -  MemoryUsage of job (MB)
	4959660  -  ResidentSetSize of job (KB)
...
040 (3335429.003.000) 01/19 06:46:12 Started transferring output files
...
040 (3335429.003.000) 01/19 06:46:12 Finished transferring output files
...
009 (3335429.003.000) 01/19 06:46:12 Job was aborted.
	Job removed by SYSTEM_PERIODIC_REMOVE due to wall time exceeded allowed max.
...
