000 (3340594.023.000) 01/20 15:02:55 Job submitted from host: <188.185.70.244:9618?addrs=188.185.70.244-9618+[2001-1458-d00-7--100-2ee]-9618&alias=bigbird10.cern.ch&noUDP&sock=schedd_7001_aea1>
...
040 (3340594.023.000) 01/20 15:06:12 Started transferring input files
	Transferring to host: <128.142.61.123:9618?addrs=128.142.61.123-9618+[2001-1458-301-23--100-7a]-9618&alias=b7s06p7679.cern.ch&noUDP&sock=slot1_2_6132_4c72_36174>
...
040 (3340594.023.000) 01/20 15:06:12 Finished transferring input files
...
001 (3340594.023.000) 01/20 15:06:13 Job executing on host: <128.142.61.123:9618?addrs=128.142.61.123-9618+[2001-1458-301-23--100-7a]-9618&alias=b7s06p7679.cern.ch&noUDP&sock=startd_6019_1ca1>
...
006 (3340594.023.000) 01/20 15:06:22 Image size of job updated: 241932
	155  -  MemoryUsage of job (MB)
	157892  -  ResidentSetSize of job (KB)
...
006 (3340594.023.000) 01/20 15:11:23 Image size of job updated: 1739204
	280  -  MemoryUsage of job (MB)
	285880  -  ResidentSetSize of job (KB)
...
006 (3340594.023.000) 01/20 15:21:24 Image size of job updated: 1739204
	280  -  MemoryUsage of job (MB)
	285888  -  ResidentSetSize of job (KB)
...
006 (3340594.023.000) 01/20 15:31:25 Image size of job updated: 1739204
	280  -  MemoryUsage of job (MB)
	285892  -  ResidentSetSize of job (KB)
...
006 (3340594.023.000) 01/20 15:51:27 Image size of job updated: 1739204
	280  -  MemoryUsage of job (MB)
	285896  -  ResidentSetSize of job (KB)
...
006 (3340594.023.000) 01/20 16:06:00 Image size of job updated: 6718100
	280  -  MemoryUsage of job (MB)
	285896  -  ResidentSetSize of job (KB)
...
040 (3340594.023.000) 01/20 16:06:00 Started transferring output files
...
040 (3340594.023.000) 01/20 16:06:00 Finished transferring output files
...
005 (3340594.023.000) 01/20 16:06:00 Job terminated.
	(1) Normal termination (return value 129)
		Usr 0 00:00:17, Sys 0 00:00:04  -  Run Remote Usage
		Usr 0 00:00:00, Sys 0 00:00:00  -  Run Local Usage
		Usr 0 00:00:17, Sys 0 00:00:04  -  Total Remote Usage
		Usr 0 00:00:00, Sys 0 00:00:00  -  Total Local Usage
	20859  -  Run Bytes Sent By Job
	11210  -  Run Bytes Received By Job
	20859  -  Total Bytes Sent By Job
	11210  -  Total Bytes Received By Job
	Partitionable Resources :    Usage  Request Allocated 
	   Cpus                 :        0        4         4 
	   Disk (KB)            :       54        1   1298854 
	   Memory (MB)          :      280     8000      8000 

	Job terminated of its own accord at 2022-01-20T15:06:00Z.
...
