000 (3295149.007.000) 01/10 15:19:53 Job submitted from host: <188.185.70.244:9618?addrs=188.185.70.244-9618+[2001-1458-d00-7--100-2ee]-9618&alias=bigbird10.cern.ch&noUDP&sock=schedd_7001_aea1>
...
040 (3295149.007.000) 01/10 15:32:28 Started transferring input files
	Transferring to host: <128.142.56.171:9618?addrs=128.142.56.171-9618+[2001-1458-301-6--100-aa]-9618&alias=b7s01p4422.cern.ch&noUDP&sock=slot1_15_3829_a075_24686>
...
040 (3295149.007.000) 01/10 15:32:28 Finished transferring input files
...
001 (3295149.007.000) 01/10 15:32:29 Job executing on host: <128.142.56.171:9618?addrs=128.142.56.171-9618+[2001-1458-301-6--100-aa]-9618&alias=b7s01p4422.cern.ch&noUDP&sock=startd_3167_e086>
...
006 (3295149.007.000) 01/10 15:32:38 Image size of job updated: 455028
	11  -  MemoryUsage of job (MB)
	11216  -  ResidentSetSize of job (KB)
...
006 (3295149.007.000) 01/10 15:37:39 Image size of job updated: 1732628
	272  -  MemoryUsage of job (MB)
	277832  -  ResidentSetSize of job (KB)
...
040 (3295149.007.000) 01/10 15:37:56 Started transferring output files
...
040 (3295149.007.000) 01/10 15:37:56 Finished transferring output files
...
005 (3295149.007.000) 01/10 15:37:56 Job terminated.
	(1) Normal termination (return value 0)
		Usr 0 00:00:26, Sys 0 00:00:02  -  Run Remote Usage
		Usr 0 00:00:00, Sys 0 00:00:00  -  Run Local Usage
		Usr 0 00:00:26, Sys 0 00:00:02  -  Total Remote Usage
		Usr 0 00:00:00, Sys 0 00:00:00  -  Total Local Usage
	7513  -  Run Bytes Sent By Job
	10526  -  Run Bytes Received By Job
	7513  -  Total Bytes Sent By Job
	10526  -  Total Bytes Received By Job
	Partitionable Resources :    Usage  Request Allocated 
	   Cpus                 :     0.11        4         4 
	   Disk (KB)            :    41           1   1151842 
	   Memory (MB)          :   272        8000      8000 

	Job terminated of its own accord at 2022-01-10T14:37:56Z.
...
