000 (3335429.008.000) 01/18 23:49:51 Job submitted from host: <188.185.70.244:9618?addrs=188.185.70.244-9618+[2001-1458-d00-7--100-2ee]-9618&alias=bigbird10.cern.ch&noUDP&sock=schedd_7001_aea1>
...
040 (3335429.008.000) 01/19 01:35:58 Started transferring input files
	Transferring to host: <128.142.63.93:9618?addrs=128.142.63.93-9618+[2001-1458-301-38--100-5a]-9618&alias=b7s08p1717.cern.ch&noUDP&sock=slot1_11_3515_62a8_37123>
...
040 (3335429.008.000) 01/19 01:35:58 Finished transferring input files
...
001 (3335429.008.000) 01/19 01:35:59 Job executing on host: <128.142.63.93:9618?addrs=128.142.63.93-9618+[2001-1458-301-38--100-5a]-9618&alias=b7s08p1717.cern.ch&noUDP&sock=startd_2855_defa>
...
006 (3335429.008.000) 01/19 01:36:07 Image size of job updated: 1256228
	168  -  MemoryUsage of job (MB)
	171988  -  ResidentSetSize of job (KB)
...
006 (3335429.008.000) 01/19 01:41:07 Image size of job updated: 1733188
	275  -  MemoryUsage of job (MB)
	281580  -  ResidentSetSize of job (KB)
...
006 (3335429.008.000) 01/19 01:46:08 Image size of job updated: 2791920
	903  -  MemoryUsage of job (MB)
	923996  -  ResidentSetSize of job (KB)
...
006 (3335429.008.000) 01/19 02:01:09 Image size of job updated: 2791920
	903  -  MemoryUsage of job (MB)
	924000  -  ResidentSetSize of job (KB)
...
006 (3335429.008.000) 01/19 02:06:10 Image size of job updated: 2791920
	903  -  MemoryUsage of job (MB)
	924004  -  ResidentSetSize of job (KB)
...
006 (3335429.008.000) 01/19 02:11:10 Image size of job updated: 2791920
	903  -  MemoryUsage of job (MB)
	924008  -  ResidentSetSize of job (KB)
...
006 (3335429.008.000) 01/19 02:21:12 Image size of job updated: 3045092
	1527  -  MemoryUsage of job (MB)
	1562756  -  ResidentSetSize of job (KB)
...
006 (3335429.008.000) 01/19 02:26:12 Image size of job updated: 3340816
	1527  -  MemoryUsage of job (MB)
	1562756  -  ResidentSetSize of job (KB)
...
006 (3335429.008.000) 01/19 03:06:15 Image size of job updated: 3837108
	1855  -  MemoryUsage of job (MB)
	1898844  -  ResidentSetSize of job (KB)
...
006 (3335429.008.000) 01/19 03:41:18 Image size of job updated: 3837108
	2439  -  MemoryUsage of job (MB)
	2496580  -  ResidentSetSize of job (KB)
...
006 (3335429.008.000) 01/19 03:46:19 Image size of job updated: 4746564
	2439  -  MemoryUsage of job (MB)
	2496580  -  ResidentSetSize of job (KB)
...
006 (3335429.008.000) 01/19 04:21:22 Image size of job updated: 4874340
	3313  -  MemoryUsage of job (MB)
	3391596  -  ResidentSetSize of job (KB)
...
006 (3335429.008.000) 01/19 05:01:27 Image size of job updated: 5451592
	3313  -  MemoryUsage of job (MB)
	3391596  -  ResidentSetSize of job (KB)
...
006 (3335429.008.000) 01/19 05:41:30 Image size of job updated: 6012964
	3784  -  MemoryUsage of job (MB)
	3874488  -  ResidentSetSize of job (KB)
...
006 (3335429.008.000) 01/19 05:51:32 Image size of job updated: 6012964
	3784  -  MemoryUsage of job (MB)
	3874492  -  ResidentSetSize of job (KB)
...
006 (3335429.008.000) 01/19 06:16:34 Image size of job updated: 6876568
	4232  -  MemoryUsage of job (MB)
	4332888  -  ResidentSetSize of job (KB)
...
006 (3335429.008.000) 01/19 06:26:35 Image size of job updated: 6876568
	4232  -  MemoryUsage of job (MB)
	4332892  -  ResidentSetSize of job (KB)
...
040 (3335429.008.000) 01/19 06:36:15 Started transferring output files
...
040 (3335429.008.000) 01/19 06:36:15 Finished transferring output files
...
009 (3335429.008.000) 01/19 06:36:15 Job was aborted.
	Job removed by SYSTEM_PERIODIC_REMOVE due to wall time exceeded allowed max.
...
