000 (3299786.019.000) 01/10 16:59:50 Job submitted from host: <188.185.70.244:9618?addrs=188.185.70.244-9618+[2001-1458-d00-7--100-2ee]-9618&alias=bigbird10.cern.ch&noUDP&sock=schedd_7001_aea1>
...
040 (3299786.019.000) 01/10 17:07:44 Started transferring input files
	Transferring to host: <188.184.163.13:9618?addrs=188.184.163.13-9618+[2001-1458-301-4d--100-7]-9618&alias=b7s12p1606.cern.ch&noUDP&sock=slot1_24_3943_f339_24140>
...
040 (3299786.019.000) 01/10 17:07:44 Finished transferring input files
...
001 (3299786.019.000) 01/10 17:07:45 Job executing on host: <188.184.163.13:9618?addrs=188.184.163.13-9618+[2001-1458-301-4d--100-7]-9618&alias=b7s12p1606.cern.ch&noUDP&sock=startd_2944_eae8>
...
006 (3299786.019.000) 01/10 17:07:54 Image size of job updated: 175016
	75  -  MemoryUsage of job (MB)
	76696  -  ResidentSetSize of job (KB)
...
006 (3299786.019.000) 01/10 17:09:54 Image size of job updated: 1732356
	75  -  MemoryUsage of job (MB)
	76700  -  ResidentSetSize of job (KB)
...
040 (3299786.019.000) 01/10 17:09:55 Started transferring output files
...
040 (3299786.019.000) 01/10 17:09:55 Finished transferring output files
...
005 (3299786.019.000) 01/10 17:09:55 Job terminated.
	(1) Normal termination (return value 0)
		Usr 0 00:00:21, Sys 0 00:00:03  -  Run Remote Usage
		Usr 0 00:00:00, Sys 0 00:00:00  -  Run Local Usage
		Usr 0 00:00:21, Sys 0 00:00:03  -  Total Remote Usage
		Usr 0 00:00:00, Sys 0 00:00:00  -  Total Local Usage
	6630  -  Run Bytes Sent By Job
	10526  -  Run Bytes Received By Job
	6630  -  Total Bytes Sent By Job
	10526  -  Total Bytes Received By Job
	Partitionable Resources :    Usage  Request Allocated 
	   Cpus                 :                 4         4 
	   Disk (KB)            :       33        1   2688212 
	   Memory (MB)          :       75     8000      8000 

	Job terminated of its own accord at 2022-01-10T16:09:54Z.
...
