000 (3322104.022.000) 01/17 17:36:43 Job submitted from host: <188.185.70.244:9618?addrs=188.185.70.244-9618+[2001-1458-d00-7--100-2ee]-9618&alias=bigbird10.cern.ch&noUDP&sock=schedd_7001_aea1>
...
040 (3322104.022.000) 01/17 18:08:26 Started transferring input files
	Transferring to host: <188.184.163.42:9618?addrs=188.184.163.42-9618+[2001-1458-301-4d--100-24]-9618&alias=b7s12p9161.cern.ch&noUDP&sock=slot1_8_4878_bdff_31551>
...
040 (3322104.022.000) 01/17 18:08:26 Finished transferring input files
...
001 (3322104.022.000) 01/17 18:08:27 Job executing on host: <188.184.163.42:9618?addrs=188.184.163.42-9618+[2001-1458-301-4d--100-24]-9618&alias=b7s12p9161.cern.ch&noUDP&sock=startd_4676_ecf0>
...
006 (3322104.022.000) 01/17 18:08:36 Image size of job updated: 371416
	155  -  MemoryUsage of job (MB)
	157884  -  ResidentSetSize of job (KB)
...
006 (3322104.022.000) 01/17 18:13:14 Image size of job updated: 1750004
	155  -  MemoryUsage of job (MB)
	157884  -  ResidentSetSize of job (KB)
...
040 (3322104.022.000) 01/17 18:13:14 Started transferring output files
...
040 (3322104.022.000) 01/17 18:13:14 Finished transferring output files
...
005 (3322104.022.000) 01/17 18:13:14 Job terminated.
	(1) Normal termination (return value 0)
		Usr 0 00:00:23, Sys 0 00:00:03  -  Run Remote Usage
		Usr 0 00:00:00, Sys 0 00:00:00  -  Run Local Usage
		Usr 0 00:00:23, Sys 0 00:00:03  -  Total Remote Usage
		Usr 0 00:00:00, Sys 0 00:00:00  -  Total Local Usage
	1727  -  Run Bytes Sent By Job
	10527  -  Run Bytes Received By Job
	1727  -  Total Bytes Sent By Job
	10527  -  Total Bytes Received By Job
	Partitionable Resources :    Usage  Request Allocated 
	   Cpus                 :                 4         4 
	   Disk (KB)            :       29        1   3026395 
	   Memory (MB)          :      155     8000      8000 

	Job terminated of its own accord at 2022-01-17T17:13:14Z.
...
