000 (3317010.017.000) 01/13 14:23:47 Job submitted from host: <188.185.70.244:9618?addrs=188.185.70.244-9618+[2001-1458-d00-7--100-2ee]-9618&alias=bigbird10.cern.ch&noUDP&sock=schedd_7001_aea1>
...
040 (3317010.017.000) 01/13 14:26:58 Started transferring input files
	Transferring to host: <188.184.165.216:9618?addrs=188.184.165.216-9618+[2001-1458-301-51--100-d3]-9618&alias=b7s14p7357.cern.ch&noUDP&sock=slot1_10_3508_7408_27249>
...
040 (3317010.017.000) 01/13 14:26:58 Finished transferring input files
...
001 (3317010.017.000) 01/13 14:26:59 Job executing on host: <188.184.165.216:9618?addrs=188.184.165.216-9618+[2001-1458-301-51--100-d3]-9618&alias=b7s14p7357.cern.ch&noUDP&sock=startd_3103_fa77>
...
006 (3317010.017.000) 01/13 14:27:08 Image size of job updated: 280448
	133  -  MemoryUsage of job (MB)
	135864  -  ResidentSetSize of job (KB)
...
006 (3317010.017.000) 01/13 14:27:44 Image size of job updated: 1264868
	133  -  MemoryUsage of job (MB)
	135932  -  ResidentSetSize of job (KB)
...
040 (3317010.017.000) 01/13 14:27:44 Started transferring output files
...
040 (3317010.017.000) 01/13 14:27:44 Finished transferring output files
...
005 (3317010.017.000) 01/13 14:27:44 Job terminated.
	(1) Normal termination (return value 1)
		Usr 0 00:00:06, Sys 0 00:00:03  -  Run Remote Usage
		Usr 0 00:00:00, Sys 0 00:00:00  -  Run Local Usage
		Usr 0 00:00:06, Sys 0 00:00:03  -  Total Remote Usage
		Usr 0 00:00:00, Sys 0 00:00:00  -  Total Local Usage
	2808  -  Run Bytes Sent By Job
	10531  -  Run Bytes Received By Job
	2808  -  Total Bytes Sent By Job
	10531  -  Total Bytes Received By Job
	Partitionable Resources :    Usage  Request Allocated 
	   Cpus                 :                 4         4 
	   Disk (KB)            :       29        1   2647120 
	   Memory (MB)          :      133     8000      8000 

	Job terminated of its own accord at 2022-01-13T13:27:44Z.
...
