000 (3340598.005.000) 01/20 15:14:42 Job submitted from host: <188.185.70.244:9618?addrs=188.185.70.244-9618+[2001-1458-d00-7--100-2ee]-9618&alias=bigbird10.cern.ch&noUDP&sock=schedd_7001_aea1>
...
040 (3340598.005.000) 01/20 15:28:30 Started transferring input files
	Transferring to host: <188.184.160.139:9618?addrs=188.184.160.139-9618+[2001-1458-301-48--100-85]-9618&alias=b7s09p9154.cern.ch&noUDP&sock=slot1_22_3236_cdfd_35189>
...
040 (3340598.005.000) 01/20 15:28:30 Finished transferring input files
...
001 (3340598.005.000) 01/20 15:28:31 Job executing on host: <188.184.160.139:9618?addrs=188.184.160.139-9618+[2001-1458-301-48--100-85]-9618&alias=b7s09p9154.cern.ch&noUDP&sock=startd_3086_515a>
...
006 (3340598.005.000) 01/20 15:28:40 Image size of job updated: 1699932
	241  -  MemoryUsage of job (MB)
	246300  -  ResidentSetSize of job (KB)
...
006 (3340598.005.000) 01/20 15:33:41 Image size of job updated: 1738884
	278  -  MemoryUsage of job (MB)
	283836  -  ResidentSetSize of job (KB)
...
006 (3340598.005.000) 01/20 15:38:42 Image size of job updated: 2462232
	702  -  MemoryUsage of job (MB)
	718568  -  ResidentSetSize of job (KB)
...
006 (3340598.005.000) 01/20 15:43:42 Image size of job updated: 2462232
	702  -  MemoryUsage of job (MB)
	718648  -  ResidentSetSize of job (KB)
...
006 (3340598.005.000) 01/20 16:33:48 Image size of job updated: 2889444
	1379  -  MemoryUsage of job (MB)
	1411656  -  ResidentSetSize of job (KB)
...
006 (3340598.005.000) 01/20 17:13:52 Image size of job updated: 3410708
	1533  -  MemoryUsage of job (MB)
	1569548  -  ResidentSetSize of job (KB)
...
006 (3340598.005.000) 01/20 17:33:54 Image size of job updated: 3941188
	2400  -  MemoryUsage of job (MB)
	2457500  -  ResidentSetSize of job (KB)
...
