000 (3317020.004.000) 01/13 15:46:02 Job submitted from host: <188.185.70.244:9618?addrs=188.185.70.244-9618+[2001-1458-d00-7--100-2ee]-9618&alias=bigbird10.cern.ch&noUDP&sock=schedd_7001_aea1>
...
040 (3317020.004.000) 01/13 15:56:47 Started transferring input files
	Transferring to host: <188.184.163.108:9618?addrs=188.184.163.108-9618+[2001-1458-301-4d--100-66]-9618&alias=b7s12p4227.cern.ch&noUDP&sock=slot1_19_3908_4a18_27892>
...
040 (3317020.004.000) 01/13 15:56:47 Finished transferring input files
...
001 (3317020.004.000) 01/13 15:56:48 Job executing on host: <188.184.163.108:9618?addrs=188.184.163.108-9618+[2001-1458-301-4d--100-66]-9618&alias=b7s12p4227.cern.ch&noUDP&sock=startd_3194_6595>
...
006 (3317020.004.000) 01/13 15:56:57 Image size of job updated: 320132
	182  -  MemoryUsage of job (MB)
	185888  -  ResidentSetSize of job (KB)
...
006 (3317020.004.000) 01/13 16:01:58 Image size of job updated: 2056704
	562  -  MemoryUsage of job (MB)
	575396  -  ResidentSetSize of job (KB)
...
006 (3317020.004.000) 01/13 16:06:58 Image size of job updated: 2056704
	562  -  MemoryUsage of job (MB)
	575400  -  ResidentSetSize of job (KB)
...
006 (3317020.004.000) 01/13 16:11:58 Image size of job updated: 2056704
	562  -  MemoryUsage of job (MB)
	575412  -  ResidentSetSize of job (KB)
...
006 (3317020.004.000) 01/13 16:26:59 Image size of job updated: 2443256
	856  -  MemoryUsage of job (MB)
	875648  -  ResidentSetSize of job (KB)
...
006 (3317020.004.000) 01/13 16:47:02 Image size of job updated: 2855276
	1113  -  MemoryUsage of job (MB)
	1139584  -  ResidentSetSize of job (KB)
...
006 (3317020.004.000) 01/13 17:12:04 Image size of job updated: 3224556
	1449  -  MemoryUsage of job (MB)
	1483760  -  ResidentSetSize of job (KB)
...
006 (3317020.004.000) 01/13 17:37:07 Image size of job updated: 3612588
	2085  -  MemoryUsage of job (MB)
	2134344  -  ResidentSetSize of job (KB)
...
006 (3317020.004.000) 01/13 18:02:10 Image size of job updated: 4304496
	2534  -  MemoryUsage of job (MB)
	2594428  -  ResidentSetSize of job (KB)
...
006 (3317020.004.000) 01/13 18:32:14 Image size of job updated: 4532368
	2581  -  MemoryUsage of job (MB)
	2642520  -  ResidentSetSize of job (KB)
...
006 (3317020.004.000) 01/13 18:37:14 Image size of job updated: 4532368
	2582  -  MemoryUsage of job (MB)
	2643508  -  ResidentSetSize of job (KB)
...
006 (3317020.004.000) 01/13 18:52:15 Image size of job updated: 4721964
	3193  -  MemoryUsage of job (MB)
	3269332  -  ResidentSetSize of job (KB)
...
006 (3317020.004.000) 01/13 18:57:15 Image size of job updated: 5076732
	3193  -  MemoryUsage of job (MB)
	3269332  -  ResidentSetSize of job (KB)
...
006 (3317020.004.000) 01/13 19:22:19 Image size of job updated: 5662440
	3488  -  MemoryUsage of job (MB)
	3570948  -  ResidentSetSize of job (KB)
...
006 (3317020.004.000) 01/13 19:47:21 Image size of job updated: 5662440
	3488  -  MemoryUsage of job (MB)
	3570952  -  ResidentSetSize of job (KB)
...
040 (3317020.004.000) 01/13 19:52:25 Started transferring output files
...
040 (3317020.004.000) 01/13 19:52:25 Finished transferring output files
...
005 (3317020.004.000) 01/13 19:52:25 Job terminated.
	(1) Normal termination (return value 0)
		Usr 0 00:40:07, Sys 0 00:01:03  -  Run Remote Usage
		Usr 0 00:00:00, Sys 0 00:00:00  -  Run Local Usage
		Usr 0 00:40:07, Sys 0 00:01:03  -  Total Remote Usage
		Usr 0 00:00:00, Sys 0 00:00:00  -  Total Local Usage
	16910  -  Run Bytes Sent By Job
	10531  -  Run Bytes Received By Job
	16910  -  Total Bytes Sent By Job
	10531  -  Total Bytes Received By Job
	Partitionable Resources :    Usage  Request Allocated 
	   Cpus                 :     0.09        4         4 
	   Disk (KB)            :    50           1   3035477 
	   Memory (MB)          :  3488        8000      8000 

	Job terminated of its own accord at 2022-01-13T18:52:25Z.
...
