000 (3316948.002.000) 01/13 10:23:47 Job submitted from host: <188.185.70.244:9618?addrs=188.185.70.244-9618+[2001-1458-d00-7--100-2ee]-9618&alias=bigbird10.cern.ch&noUDP&sock=schedd_7001_aea1>
...
040 (3316948.002.000) 01/13 10:29:02 Started transferring input files
	Transferring to host: <128.142.56.57:9618?addrs=128.142.56.57-9618+[2001-1458-301-6--100-38]-9618&alias=b7s01p1191.cern.ch&noUDP&sock=slot1_10_3605_cc6c_32174>
...
040 (3316948.002.000) 01/13 10:29:02 Finished transferring input files
...
001 (3316948.002.000) 01/13 10:29:03 Job executing on host: <128.142.56.57:9618?addrs=128.142.56.57-9618+[2001-1458-301-6--100-38]-9618&alias=b7s01p1191.cern.ch&noUDP&sock=startd_3034_a66e>
...
006 (3316948.002.000) 01/13 10:29:12 Image size of job updated: 430212
	185  -  MemoryUsage of job (MB)
	188516  -  ResidentSetSize of job (KB)
...
040 (3316948.002.000) 01/13 10:29:16 Started transferring output files
...
040 (3316948.002.000) 01/13 10:29:16 Finished transferring output files
...
005 (3316948.002.000) 01/13 10:29:16 Job terminated.
	(1) Normal termination (return value 1)
		Usr 0 00:00:03, Sys 0 00:00:02  -  Run Remote Usage
		Usr 0 00:00:00, Sys 0 00:00:00  -  Run Local Usage
		Usr 0 00:00:03, Sys 0 00:00:02  -  Total Remote Usage
		Usr 0 00:00:00, Sys 0 00:00:00  -  Total Local Usage
	6333  -  Run Bytes Sent By Job
	10531  -  Run Bytes Received By Job
	6333  -  Total Bytes Sent By Job
	10531  -  Total Bytes Received By Job
	Partitionable Resources :    Usage  Request Allocated 
	   Cpus                 :                 4         4 
	   Disk (KB)            :       33        1   1107692 
	   Memory (MB)          :      185     8000      8000 

	Job terminated of its own accord at 2022-01-13T09:29:16Z.
...
