000 (3314625.003.000) 01/11 10:41:43 Job submitted from host: <188.185.70.244:9618?addrs=188.185.70.244-9618+[2001-1458-d00-7--100-2ee]-9618&alias=bigbird10.cern.ch&noUDP&sock=schedd_7001_aea1>
...
040 (3314625.003.000) 01/11 11:36:28 Started transferring input files
	Transferring to host: <128.142.62.190:9618?addrs=128.142.62.190-9618&alias=b7s07p6784.cern.ch&noUDP&sock=slot1_46_4576_f4b3_25759>
...
040 (3314625.003.000) 01/11 11:36:28 Finished transferring input files
...
001 (3314625.003.000) 01/11 11:36:29 Job executing on host: <128.142.62.190:9618?addrs=128.142.62.190-9618&alias=b7s07p6784.cern.ch&noUDP&sock=startd_4203_7ca4>
...
006 (3314625.003.000) 01/11 11:36:38 Image size of job updated: 792712
	147  -  MemoryUsage of job (MB)
	150440  -  ResidentSetSize of job (KB)
...
006 (3314625.003.000) 01/11 11:41:39 Image size of job updated: 1751620
	291  -  MemoryUsage of job (MB)
	297168  -  ResidentSetSize of job (KB)
...
006 (3314625.003.000) 01/11 11:46:39 Image size of job updated: 1924288
	413  -  MemoryUsage of job (MB)
	422148  -  ResidentSetSize of job (KB)
...
006 (3314625.003.000) 01/11 11:51:39 Image size of job updated: 2115508
	550  -  MemoryUsage of job (MB)
	563184  -  ResidentSetSize of job (KB)
...
006 (3314625.003.000) 01/11 11:56:40 Image size of job updated: 8126280
	6184  -  MemoryUsage of job (MB)
	6331628  -  ResidentSetSize of job (KB)
...
006 (3314625.003.000) 01/11 12:01:40 Image size of job updated: 12482224
	6184  -  MemoryUsage of job (MB)
	6331628  -  ResidentSetSize of job (KB)
...
006 (3314625.003.000) 01/11 13:11:48 Image size of job updated: 12482224
	9311  -  MemoryUsage of job (MB)
	9533524  -  ResidentSetSize of job (KB)
...
006 (3314625.003.000) 01/11 13:16:48 Image size of job updated: 13060352
	11944  -  MemoryUsage of job (MB)
	12230496  -  ResidentSetSize of job (KB)
...
006 (3314625.003.000) 01/11 13:21:49 Image size of job updated: 13794948
	11944  -  MemoryUsage of job (MB)
	12230496  -  ResidentSetSize of job (KB)
...
006 (3314625.003.000) 01/11 14:16:55 Image size of job updated: 18390624
	12547  -  MemoryUsage of job (MB)
	12848108  -  ResidentSetSize of job (KB)
...
006 (3314625.003.000) 01/11 15:42:03 Image size of job updated: 18390624
	14511  -  MemoryUsage of job (MB)
	14859048  -  ResidentSetSize of job (KB)
...
006 (3314625.003.000) 01/11 15:47:03 Image size of job updated: 23068988
	17460  -  MemoryUsage of job (MB)
	17878808  -  ResidentSetSize of job (KB)
...
006 (3314625.003.000) 01/11 17:32:15 Image size of job updated: 24216888
	20399  -  MemoryUsage of job (MB)
	20888240  -  ResidentSetSize of job (KB)
...
006 (3314625.003.000) 01/11 18:57:24 Image size of job updated: 27250420
	23563  -  MemoryUsage of job (MB)
	24128060  -  ResidentSetSize of job (KB)
...
006 (3314625.003.000) 01/11 19:02:25 Image size of job updated: 27250420
	23577  -  MemoryUsage of job (MB)
	24142664  -  ResidentSetSize of job (KB)
...
006 (3314625.003.000) 01/11 20:27:34 Image size of job updated: 32097708
	25973  -  MemoryUsage of job (MB)
	26596304  -  ResidentSetSize of job (KB)
...
040 (3314625.003.000) 01/11 21:36:53 Started transferring output files
...
040 (3314625.003.000) 01/11 21:36:53 Finished transferring output files
...
009 (3314625.003.000) 01/11 21:36:53 Job was aborted.
	Job removed by SYSTEM_PERIODIC_REMOVE due to wall time exceeded allowed max.
...
