000 (3277186.001.000) 12/25 15:18:39 Job submitted from host: <188.185.70.244:9618?addrs=188.185.70.244-9618+[2001-1458-d00-7--100-2ee]-9618&alias=bigbird10.cern.ch&noUDP&sock=schedd_2095_9300>
...
022 (3277186.001.000) 12/25 15:20:36 Job disconnected, attempting to reconnect
    Socket between submit and execute hosts closed unexpectedly
    Trying to reconnect to slot1_10@b7s01p1778.cern.ch <128.142.56.49:9618?addrs=128.142.56.49-9618+[2001-1458-301-6--100-30]-9618&alias=b7s01p1778.cern.ch&noUDP&sock=startd_2878_a5a7>
...
024 (3277186.001.000) 12/25 15:20:36 Job reconnection failed
    Job not found at execution machine
    Can not reconnect to slot1_10@b7s01p1778.cern.ch, rescheduling job
...
040 (3277186.001.000) 12/25 15:22:04 Started transferring input files
	Transferring to host: <188.184.163.80:9618?addrs=188.184.163.80-9618+[2001-1458-301-4d--100-4a]-9618&alias=b7s12p8682.cern.ch&noUDP&sock=slot1_9_3504_a288_8894>
...
040 (3277186.001.000) 12/25 15:22:04 Finished transferring input files
...
001 (3277186.001.000) 12/25 15:22:05 Job executing on host: <188.184.163.80:9618?addrs=188.184.163.80-9618+[2001-1458-301-4d--100-4a]-9618&alias=b7s12p8682.cern.ch&noUDP&sock=startd_2958_853b>
...
006 (3277186.001.000) 12/25 15:22:14 Image size of job updated: 1240308
	155  -  MemoryUsage of job (MB)
	157768  -  ResidentSetSize of job (KB)
...
006 (3277186.001.000) 12/25 15:27:15 Image size of job updated: 1729508
	269  -  MemoryUsage of job (MB)
	274828  -  ResidentSetSize of job (KB)
...
040 (3277186.001.000) 12/25 15:27:45 Started transferring output files
...
040 (3277186.001.000) 12/25 15:27:45 Finished transferring output files
...
005 (3277186.001.000) 12/25 15:27:45 Job terminated.
	(1) Normal termination (return value 0)
		Usr 0 00:00:38, Sys 0 00:00:03  -  Run Remote Usage
		Usr 0 00:00:00, Sys 0 00:00:00  -  Run Local Usage
		Usr 0 00:00:38, Sys 0 00:00:03  -  Total Remote Usage
		Usr 0 00:00:00, Sys 0 00:00:00  -  Total Local Usage
	23992  -  Run Bytes Sent By Job
	11215  -  Run Bytes Received By Job
	23992  -  Total Bytes Sent By Job
	11215  -  Total Bytes Received By Job
	Partitionable Resources :    Usage  Request Allocated 
	   Cpus                 :                 4         4 
	   Disk (KB)            :       51        1   3017350 
	   Memory (MB)          :      269     8000      8000 

	Job terminated of its own accord at 2021-12-25T14:27:45Z.
...
