000 (3340594.004.000) 01/20 15:02:55 Job submitted from host: <188.185.70.244:9618?addrs=188.185.70.244-9618+[2001-1458-d00-7--100-2ee]-9618&alias=bigbird10.cern.ch&noUDP&sock=schedd_7001_aea1>
...
040 (3340594.004.000) 01/20 15:04:39 Started transferring input files
	Transferring to host: <128.142.193.167:9618?addrs=128.142.193.167-9618+[2001-1458-301-8--100-23]-9618&alias=b7g21p2728.cern.ch&noUDP&sock=slot1_2_34223_f309_87445>
...
040 (3340594.004.000) 01/20 15:04:39 Finished transferring input files
...
001 (3340594.004.000) 01/20 15:04:40 Job executing on host: <128.142.193.167:9618?addrs=128.142.193.167-9618+[2001-1458-301-8--100-23]-9618&alias=b7g21p2728.cern.ch&noUDP&sock=startd_34181_e6c3>
...
006 (3340594.004.000) 01/20 15:04:48 Image size of job updated: 319372
	155  -  MemoryUsage of job (MB)
	157852  -  ResidentSetSize of job (KB)
...
006 (3340594.004.000) 01/20 15:09:48 Image size of job updated: 1747116
	280  -  MemoryUsage of job (MB)
	286048  -  ResidentSetSize of job (KB)
...
040 (3340594.004.000) 01/20 15:13:02 Started transferring output files
...
040 (3340594.004.000) 01/20 15:13:02 Finished transferring output files
...
005 (3340594.004.000) 01/20 15:13:02 Job terminated.
	(1) Normal termination (return value 0)
		Usr 0 00:00:35, Sys 0 00:00:04  -  Run Remote Usage
		Usr 0 00:00:00, Sys 0 00:00:00  -  Run Local Usage
		Usr 0 00:00:35, Sys 0 00:00:04  -  Total Remote Usage
		Usr 0 00:00:00, Sys 0 00:00:00  -  Total Local Usage
	1724  -  Run Bytes Sent By Job
	11210  -  Run Bytes Received By Job
	1724  -  Total Bytes Sent By Job
	11210  -  Total Bytes Received By Job
	Partitionable Resources :    Usage  Request Allocated 
	   Cpus                 :                 4         4 
	   Disk (KB)            :       29        1   1292296 
	   Memory (MB)          :      280     8000      8000 

	Job terminated of its own accord at 2022-01-20T14:13:02Z.
...
