000 (3314883.007.000) 01/12 10:53:22 Job submitted from host: <188.185.70.244:9618?addrs=188.185.70.244-9618+[2001-1458-d00-7--100-2ee]-9618&alias=bigbird10.cern.ch&noUDP&sock=schedd_7001_aea1>
...
040 (3314883.007.000) 01/12 10:54:21 Started transferring input files
	Transferring to host: <188.184.165.142:9618?addrs=188.184.165.142-9618+[2001-1458-301-51--100-89]-9618&alias=b7s14p4818.cern.ch&noUDP&sock=slot1_22_4300_7d28_25903>
...
040 (3314883.007.000) 01/12 10:54:21 Finished transferring input files
...
001 (3314883.007.000) 01/12 10:54:22 Job executing on host: <188.184.165.142:9618?addrs=188.184.165.142-9618+[2001-1458-301-51--100-89]-9618&alias=b7s14p4818.cern.ch&noUDP&sock=startd_4080_1e7e>
...
006 (3314883.007.000) 01/12 10:54:30 Image size of job updated: 316668
	151  -  MemoryUsage of job (MB)
	154508  -  ResidentSetSize of job (KB)
...
006 (3314883.007.000) 01/12 10:59:30 Image size of job updated: 1762556
	302  -  MemoryUsage of job (MB)
	308364  -  ResidentSetSize of job (KB)
...
040 (3314883.007.000) 01/12 11:04:05 Started transferring output files
...
040 (3314883.007.000) 01/12 11:04:05 Finished transferring output files
...
005 (3314883.007.000) 01/12 11:04:05 Job terminated.
	(1) Normal termination (return value 0)
		Usr 0 00:01:06, Sys 0 00:00:04  -  Run Remote Usage
		Usr 0 00:00:00, Sys 0 00:00:00  -  Run Local Usage
		Usr 0 00:01:06, Sys 0 00:00:04  -  Total Remote Usage
		Usr 0 00:00:00, Sys 0 00:00:00  -  Total Local Usage
	610561  -  Run Bytes Sent By Job
	10532  -  Run Bytes Received By Job
	610561  -  Total Bytes Sent By Job
	10532  -  Total Bytes Received By Job
	Partitionable Resources :    Usage  Request Allocated 
	   Cpus                 :     0.06        4         4 
	   Disk (KB)            :   630           1   2970640 
	   Memory (MB)          :   302        8000      8000 

	Job terminated of its own accord at 2022-01-12T10:04:05Z.
...
