000 (3275855.004.000) 12/22 11:21:45 Job submitted from host: <188.185.70.244:9618?addrs=188.185.70.244-9618+[2001-1458-d00-7--100-2ee]-9618&alias=bigbird10.cern.ch&noUDP&sock=schedd_2095_9300>
...
040 (3275855.004.000) 12/22 12:56:12 Started transferring input files
	Transferring to host: <188.184.165.72:9618?addrs=188.184.165.72-9618+[2001-1458-301-51--100-43]-9618&alias=b7s14p1033.cern.ch&noUDP&sock=slot1_12_3951_963a_5021>
...
040 (3275855.004.000) 12/22 12:56:12 Finished transferring input files
...
001 (3275855.004.000) 12/22 12:56:13 Job executing on host: <188.184.165.72:9618?addrs=188.184.165.72-9618+[2001-1458-301-51--100-43]-9618&alias=b7s14p1033.cern.ch&noUDP&sock=startd_3170_ef4f>
...
006 (3275855.004.000) 12/22 12:56:21 Image size of job updated: 25064
	10  -  MemoryUsage of job (MB)
	10020  -  ResidentSetSize of job (KB)
...
006 (3275855.004.000) 12/22 12:59:41 Image size of job updated: 1780448
	10  -  MemoryUsage of job (MB)
	10020  -  ResidentSetSize of job (KB)
...
040 (3275855.004.000) 12/22 12:59:41 Started transferring output files
...
040 (3275855.004.000) 12/22 12:59:41 Finished transferring output files
...
005 (3275855.004.000) 12/22 12:59:41 Job terminated.
	(1) Normal termination (return value 0)
		Usr 0 00:00:41, Sys 0 00:00:03  -  Run Remote Usage
		Usr 0 00:00:00, Sys 0 00:00:00  -  Run Local Usage
		Usr 0 00:00:41, Sys 0 00:00:03  -  Total Remote Usage
		Usr 0 00:00:00, Sys 0 00:00:00  -  Total Local Usage
	8712  -  Run Bytes Sent By Job
	11181  -  Run Bytes Received By Job
	8712  -  Total Bytes Sent By Job
	11181  -  Total Bytes Received By Job
	Partitionable Resources :    Usage  Request Allocated 
	   Cpus                 :                 4         4 
	   Disk (KB)            :       36        1   2929858 
	   Memory (MB)          :       10     8000      8000 

	Job terminated of its own accord at 2021-12-22T11:59:41Z.
...
