000 (3317010.020.000) 01/13 14:23:47 Job submitted from host: <188.185.70.244:9618?addrs=188.185.70.244-9618+[2001-1458-d00-7--100-2ee]-9618&alias=bigbird10.cern.ch&noUDP&sock=schedd_7001_aea1>
...
040 (3317010.020.000) 01/13 14:26:59 Started transferring input files
	Transferring to host: <188.184.165.220:9618?addrs=188.184.165.220-9618+[2001-1458-301-51--100-d7]-9618&alias=b7s14p6874.cern.ch&noUDP&sock=slot1_4_3831_0935_26752>
...
040 (3317010.020.000) 01/13 14:26:59 Finished transferring input files
...
001 (3317010.020.000) 01/13 14:27:00 Job executing on host: <188.184.165.220:9618?addrs=188.184.165.220-9618+[2001-1458-301-51--100-d7]-9618&alias=b7s14p6874.cern.ch&noUDP&sock=startd_3088_b08b>
...
006 (3317010.020.000) 01/13 14:27:09 Image size of job updated: 754304
	134  -  MemoryUsage of job (MB)
	136328  -  ResidentSetSize of job (KB)
...
006 (3317010.020.000) 01/13 14:27:29 Image size of job updated: 1256220
	134  -  MemoryUsage of job (MB)
	136636  -  ResidentSetSize of job (KB)
...
040 (3317010.020.000) 01/13 14:27:29 Started transferring output files
...
040 (3317010.020.000) 01/13 14:27:29 Finished transferring output files
...
005 (3317010.020.000) 01/13 14:27:29 Job terminated.
	(1) Normal termination (return value 1)
		Usr 0 00:00:06, Sys 0 00:00:03  -  Run Remote Usage
		Usr 0 00:00:00, Sys 0 00:00:00  -  Run Local Usage
		Usr 0 00:00:06, Sys 0 00:00:03  -  Total Remote Usage
		Usr 0 00:00:00, Sys 0 00:00:00  -  Total Local Usage
	4331  -  Run Bytes Sent By Job
	10531  -  Run Bytes Received By Job
	4331  -  Total Bytes Sent By Job
	10531  -  Total Bytes Received By Job
	Partitionable Resources :    Usage  Request Allocated 
	   Cpus                 :                 4         4 
	   Disk (KB)            :       31        1   2777141 
	   Memory (MB)          :      134     8000      8000 

	Job terminated of its own accord at 2022-01-13T13:27:29Z.
...
