000 (3322102.015.000) 01/17 17:36:42 Job submitted from host: <188.185.70.244:9618?addrs=188.185.70.244-9618+[2001-1458-d00-7--100-2ee]-9618&alias=bigbird10.cern.ch&noUDP&sock=schedd_7001_aea1>
...
040 (3322102.015.000) 01/17 18:05:49 Started transferring input files
	Transferring to host: <128.142.61.118:9618?addrs=128.142.61.118-9618+[2001-1458-301-23--100-75]-9618&alias=b7s06p4377.cern.ch&noUDP&sock=slot1_11_3577_11eb_36172>
...
040 (3322102.015.000) 01/17 18:05:49 Finished transferring input files
...
001 (3322102.015.000) 01/17 18:05:50 Job executing on host: <128.142.61.118:9618?addrs=128.142.61.118-9618+[2001-1458-301-23--100-75]-9618&alias=b7s06p4377.cern.ch&noUDP&sock=startd_2933_5f5d>
...
006 (3322102.015.000) 01/17 18:05:59 Image size of job updated: 335616
	230  -  MemoryUsage of job (MB)
	235364  -  ResidentSetSize of job (KB)
...
006 (3322102.015.000) 01/17 18:11:00 Image size of job updated: 2795776
	899  -  MemoryUsage of job (MB)
	919816  -  ResidentSetSize of job (KB)
...
006 (3322102.015.000) 01/17 19:11:06 Image size of job updated: 3540840
	1484  -  MemoryUsage of job (MB)
	1518656  -  ResidentSetSize of job (KB)
...
006 (3322102.015.000) 01/17 20:31:13 Image size of job updated: 4534552
	2079  -  MemoryUsage of job (MB)
	2128560  -  ResidentSetSize of job (KB)
...
040 (3322102.015.000) 01/17 23:06:01 Started transferring output files
...
040 (3322102.015.000) 01/17 23:06:01 Finished transferring output files
...
009 (3322102.015.000) 01/17 23:06:01 Job was aborted.
	Job removed by SYSTEM_PERIODIC_REMOVE due to wall time exceeded allowed max.
...
