000 (3340598.009.000) 01/20 15:14:42 Job submitted from host: <188.185.70.244:9618?addrs=188.185.70.244-9618+[2001-1458-d00-7--100-2ee]-9618&alias=bigbird10.cern.ch&noUDP&sock=schedd_7001_aea1>
...
040 (3340598.009.000) 01/20 15:28:32 Started transferring input files
	Transferring to host: <188.184.164.228:9618?addrs=188.184.164.228-9618&alias=b7s13p6643.cern.ch&noUDP&sock=slot1_1_3978_9c5b_35973>
...
040 (3340598.009.000) 01/20 15:28:32 Finished transferring input files
...
001 (3340598.009.000) 01/20 15:28:33 Job executing on host: <188.184.164.228:9618?addrs=188.184.164.228-9618&alias=b7s13p6643.cern.ch&noUDP&sock=startd_3076_7568>
...
006 (3340598.009.000) 01/20 15:28:42 Image size of job updated: 320144
	155  -  MemoryUsage of job (MB)
	157840  -  ResidentSetSize of job (KB)
...
006 (3340598.009.000) 01/20 15:33:43 Image size of job updated: 1732528
	272  -  MemoryUsage of job (MB)
	277592  -  ResidentSetSize of job (KB)
...
006 (3340598.009.000) 01/20 15:38:43 Image size of job updated: 2657528
	957  -  MemoryUsage of job (MB)
	979556  -  ResidentSetSize of job (KB)
...
006 (3340598.009.000) 01/20 16:48:48 Image size of job updated: 2883992
	1050  -  MemoryUsage of job (MB)
	1075008  -  ResidentSetSize of job (KB)
...
006 (3340598.009.000) 01/20 17:13:51 Image size of job updated: 2883992
	1050  -  MemoryUsage of job (MB)
	1075188  -  ResidentSetSize of job (KB)
...
006 (3340598.009.000) 01/20 17:28:53 Image size of job updated: 2883992
	1052  -  MemoryUsage of job (MB)
	1076852  -  ResidentSetSize of job (KB)
...
006 (3340598.009.000) 01/20 18:38:59 Image size of job updated: 3295276
	1392  -  MemoryUsage of job (MB)
	1424404  -  ResidentSetSize of job (KB)
...
