000 (3277186.019.000) 12/25 15:18:39 Job submitted from host: <188.185.70.244:9618?addrs=188.185.70.244-9618+[2001-1458-d00-7--100-2ee]-9618&alias=bigbird10.cern.ch&noUDP&sock=schedd_2095_9300>
...
040 (3277186.019.000) 12/25 15:20:22 Started transferring input files
	Transferring to host: <188.184.162.61:9618?addrs=188.184.162.61-9618+[2001-1458-301-4a--100-37]-9618&alias=b7s11p1063.cern.ch&noUDP&sock=slot1_11_3537_e2e9_8638>
...
040 (3277186.019.000) 12/25 15:20:22 Finished transferring input files
...
001 (3277186.019.000) 12/25 15:20:23 Job executing on host: <188.184.162.61:9618?addrs=188.184.162.61-9618+[2001-1458-301-4a--100-37]-9618&alias=b7s11p1063.cern.ch&noUDP&sock=startd_2972_1f8f>
...
006 (3277186.019.000) 12/25 15:20:32 Image size of job updated: 458604
	155  -  MemoryUsage of job (MB)
	157764  -  ResidentSetSize of job (KB)
...
006 (3277186.019.000) 12/25 15:21:48 Image size of job updated: 1739312
	155  -  MemoryUsage of job (MB)
	157764  -  ResidentSetSize of job (KB)
...
040 (3277186.019.000) 12/25 15:21:48 Started transferring output files
...
040 (3277186.019.000) 12/25 15:21:48 Finished transferring output files
...
005 (3277186.019.000) 12/25 15:21:48 Job terminated.
	(1) Normal termination (return value 0)
		Usr 0 00:00:20, Sys 0 00:00:03  -  Run Remote Usage
		Usr 0 00:00:00, Sys 0 00:00:00  -  Run Local Usage
		Usr 0 00:00:20, Sys 0 00:00:03  -  Total Remote Usage
		Usr 0 00:00:00, Sys 0 00:00:00  -  Total Local Usage
	21423  -  Run Bytes Sent By Job
	11215  -  Run Bytes Received By Job
	21423  -  Total Bytes Sent By Job
	11215  -  Total Bytes Received By Job
	Partitionable Resources :    Usage  Request Allocated 
	   Cpus                 :     0.23        4         4 
	   Disk (KB)            :    55           1   2935060 
	   Memory (MB)          :   155        8000      8000 

	Job terminated of its own accord at 2021-12-25T14:21:48Z.
...
