000 (3340219.021.000) 01/20 12:42:36 Job submitted from host: <188.185.70.244:9618?addrs=188.185.70.244-9618+[2001-1458-d00-7--100-2ee]-9618&alias=bigbird10.cern.ch&noUDP&sock=schedd_7001_aea1>
...
040 (3340219.021.000) 01/20 13:24:54 Started transferring input files
	Transferring to host: <128.142.61.146:9618?addrs=128.142.61.146-9618+[2001-1458-301-23--100-91]-9618&alias=b7s06p9400.cern.ch&noUDP&sock=slot1_11_5222_1f0d_39>
...
040 (3340219.021.000) 01/20 13:24:54 Finished transferring input files
...
001 (3340219.021.000) 01/20 13:24:55 Job executing on host: <128.142.61.146:9618?addrs=128.142.61.146-9618+[2001-1458-301-23--100-91]-9618&alias=b7s06p9400.cern.ch&noUDP&sock=startd_4860_225d>
...
006 (3340219.021.000) 01/20 13:25:03 Image size of job updated: 1245564
	192  -  MemoryUsage of job (MB)
	196460  -  ResidentSetSize of job (KB)
...
006 (3340219.021.000) 01/20 13:30:03 Image size of job updated: 1732320
	276  -  MemoryUsage of job (MB)
	281856  -  ResidentSetSize of job (KB)
...
006 (3340219.021.000) 01/20 13:45:05 Image size of job updated: 1732320
	276  -  MemoryUsage of job (MB)
	281860  -  ResidentSetSize of job (KB)
...
040 (3340219.021.000) 01/20 13:45:20 Started transferring output files
...
040 (3340219.021.000) 01/20 13:45:20 Finished transferring output files
...
005 (3340219.021.000) 01/20 13:45:20 Job terminated.
	(1) Normal termination (return value 0)
		Usr 0 00:00:13, Sys 0 00:00:02  -  Run Remote Usage
		Usr 0 00:00:00, Sys 0 00:00:00  -  Run Local Usage
		Usr 0 00:00:13, Sys 0 00:00:02  -  Total Remote Usage
		Usr 0 00:00:00, Sys 0 00:00:00  -  Total Local Usage
	1473  -  Run Bytes Sent By Job
	11205  -  Run Bytes Received By Job
	1473  -  Total Bytes Sent By Job
	11205  -  Total Bytes Received By Job
	Partitionable Resources :    Usage  Request Allocated 
	   Cpus                 :        0        4         4 
	   Disk (KB)            :       36        1   1389404 
	   Memory (MB)          :      276     8000      8000 

	Job terminated of its own accord at 2022-01-20T12:45:20Z.
...
