000 (3300949.025.000) 01/10 17:49:45 Job submitted from host: <188.185.70.244:9618?addrs=188.185.70.244-9618+[2001-1458-d00-7--100-2ee]-9618&alias=bigbird10.cern.ch&noUDP&sock=schedd_7001_aea1>
...
040 (3300949.025.000) 01/10 17:55:48 Started transferring input files
	Transferring to host: <128.142.61.26:9618?addrs=128.142.61.26-9618+[2001-1458-301-23--100-19]-9618&alias=b7s06p2760.cern.ch&noUDP&sock=slot1_28_3107_e997_24223>
...
040 (3300949.025.000) 01/10 17:55:48 Finished transferring input files
...
001 (3300949.025.000) 01/10 17:55:49 Job executing on host: <128.142.61.26:9618?addrs=128.142.61.26-9618+[2001-1458-301-23--100-19]-9618&alias=b7s06p2760.cern.ch&noUDP&sock=startd_2773_a036>
...
006 (3300949.025.000) 01/10 17:55:58 Image size of job updated: 1216996
	155  -  MemoryUsage of job (MB)
	157780  -  ResidentSetSize of job (KB)
...
006 (3300949.025.000) 01/10 17:59:17 Image size of job updated: 1731280
	155  -  MemoryUsage of job (MB)
	157780  -  ResidentSetSize of job (KB)
...
040 (3300949.025.000) 01/10 17:59:17 Started transferring output files
...
040 (3300949.025.000) 01/10 17:59:17 Finished transferring output files
...
005 (3300949.025.000) 01/10 17:59:17 Job terminated.
	(1) Normal termination (return value 0)
		Usr 0 00:00:15, Sys 0 00:00:02  -  Run Remote Usage
		Usr 0 00:00:00, Sys 0 00:00:00  -  Run Local Usage
		Usr 0 00:00:15, Sys 0 00:00:02  -  Total Remote Usage
		Usr 0 00:00:00, Sys 0 00:00:00  -  Total Local Usage
	35819  -  Run Bytes Sent By Job
	10528  -  Run Bytes Received By Job
	35819  -  Total Bytes Sent By Job
	10528  -  Total Bytes Received By Job
	Partitionable Resources :    Usage  Request Allocated 
	   Cpus                 :                 4         4 
	   Disk (KB)            :       62        1   1005747 
	   Memory (MB)          :      155     8000      8000 

	Job terminated of its own accord at 2022-01-10T16:59:17Z.
...
