000 (3317020.010.000) 01/13 15:46:02 Job submitted from host: <188.185.70.244:9618?addrs=188.185.70.244-9618+[2001-1458-d00-7--100-2ee]-9618&alias=bigbird10.cern.ch&noUDP&sock=schedd_7001_aea1>
...
040 (3317020.010.000) 01/13 15:56:54 Started transferring input files
	Transferring to host: <128.142.59.91:9618?addrs=128.142.59.91-9618+[2001-1458-301-21--100-5a]-9618&alias=b7s04p0329.cern.ch&noUDP&sock=slot1_10_6119_2392_27619>
...
040 (3317020.010.000) 01/13 15:56:54 Finished transferring input files
...
001 (3317020.010.000) 01/13 15:56:55 Job executing on host: <128.142.59.91:9618?addrs=128.142.59.91-9618+[2001-1458-301-21--100-5a]-9618&alias=b7s04p0329.cern.ch&noUDP&sock=startd_5951_7830>
...
006 (3317020.010.000) 01/13 15:57:03 Image size of job updated: 264576
	125  -  MemoryUsage of job (MB)
	127608  -  ResidentSetSize of job (KB)
...
006 (3317020.010.000) 01/13 16:02:03 Image size of job updated: 1750540
	274  -  MemoryUsage of job (MB)
	280064  -  ResidentSetSize of job (KB)
...
006 (3317020.010.000) 01/13 16:22:05 Image size of job updated: 2017836
	550  -  MemoryUsage of job (MB)
	563172  -  ResidentSetSize of job (KB)
...
006 (3317020.010.000) 01/13 17:12:11 Image size of job updated: 2328132
	840  -  MemoryUsage of job (MB)
	859760  -  ResidentSetSize of job (KB)
...
006 (3317020.010.000) 01/13 18:17:17 Image size of job updated: 2731428
	1058  -  MemoryUsage of job (MB)
	1083120  -  ResidentSetSize of job (KB)
...
006 (3317020.010.000) 01/13 18:42:20 Image size of job updated: 2731428
	1058  -  MemoryUsage of job (MB)
	1083128  -  ResidentSetSize of job (KB)
...
006 (3317020.010.000) 01/13 18:47:21 Image size of job updated: 2933612
	1420  -  MemoryUsage of job (MB)
	1453792  -  ResidentSetSize of job (KB)
...
006 (3317020.010.000) 01/13 19:47:27 Image size of job updated: 2933612
	1421  -  MemoryUsage of job (MB)
	1455016  -  ResidentSetSize of job (KB)
...
006 (3317020.010.000) 01/13 19:52:27 Image size of job updated: 3475924
	1650  -  MemoryUsage of job (MB)
	1688800  -  ResidentSetSize of job (KB)
...
006 (3317020.010.000) 01/13 20:57:33 Image size of job updated: 3475924
	1650  -  MemoryUsage of job (MB)
	1688804  -  ResidentSetSize of job (KB)
...
006 (3317020.010.000) 01/13 21:02:34 Image size of job updated: 4005632
	2109  -  MemoryUsage of job (MB)
	2159112  -  ResidentSetSize of job (KB)
...
006 (3317020.010.000) 01/13 21:47:40 Image size of job updated: 4005632
	2113  -  MemoryUsage of job (MB)
	2163200  -  ResidentSetSize of job (KB)
...
006 (3317020.010.000) 01/13 21:52:41 Image size of job updated: 4303428
	2424  -  MemoryUsage of job (MB)
	2482124  -  ResidentSetSize of job (KB)
...
006 (3317020.010.000) 01/13 22:22:43 Image size of job updated: 4760736
	2830  -  MemoryUsage of job (MB)
	2897400  -  ResidentSetSize of job (KB)
...
006 (3317020.010.000) 01/13 22:52:46 Image size of job updated: 4760736
	2833  -  MemoryUsage of job (MB)
	2900824  -  ResidentSetSize of job (KB)
...
006 (3317020.010.000) 01/13 22:57:47 Image size of job updated: 5307644
	3278  -  MemoryUsage of job (MB)
	3356404  -  ResidentSetSize of job (KB)
...
040 (3317020.010.000) 01/13 23:28:29 Started transferring output files
...
040 (3317020.010.000) 01/13 23:28:29 Finished transferring output files
...
005 (3317020.010.000) 01/13 23:28:29 Job terminated.
	(1) Normal termination (return value 0)
		Usr 0 00:48:14, Sys 0 00:00:51  -  Run Remote Usage
		Usr 0 00:00:00, Sys 0 00:00:00  -  Run Local Usage
		Usr 0 00:48:14, Sys 0 00:00:51  -  Total Remote Usage
		Usr 0 00:00:00, Sys 0 00:00:00  -  Total Local Usage
	16530  -  Run Bytes Sent By Job
	10531  -  Run Bytes Received By Job
	16530  -  Total Bytes Sent By Job
	10531  -  Total Bytes Received By Job
	Partitionable Resources :    Usage  Request Allocated 
	   Cpus                 :     0.02        4         4 
	   Disk (KB)            :    50           1   1139426 
	   Memory (MB)          :  3278        8000      8000 

	Job terminated of its own accord at 2022-01-13T22:28:29Z.
...
