000 (3340593.001.000) 01/20 15:02:21 Job submitted from host: <188.185.70.244:9618?addrs=188.185.70.244-9618+[2001-1458-d00-7--100-2ee]-9618&alias=bigbird10.cern.ch&noUDP&sock=schedd_7001_aea1>
...
040 (3340593.001.000) 01/20 15:04:43 Started transferring input files
	Transferring to host: <128.142.137.70:9618?addrs=128.142.137.70-9618+[2001-1458-301-5e--100-3a]-9618&alias=b7g19p5614.cern.ch&noUDP&sock=slot1_13_36988_2459_82421>
...
040 (3340593.001.000) 01/20 15:04:43 Finished transferring input files
...
001 (3340593.001.000) 01/20 15:04:44 Job executing on host: <128.142.137.70:9618?addrs=128.142.137.70-9618+[2001-1458-301-5e--100-3a]-9618&alias=b7g19p5614.cern.ch&noUDP&sock=startd_36944_16f0>
...
006 (3340593.001.000) 01/20 15:04:53 Image size of job updated: 320148
	155  -  MemoryUsage of job (MB)
	157844  -  ResidentSetSize of job (KB)
...
006 (3340593.001.000) 01/20 15:09:54 Image size of job updated: 1747012
	286  -  MemoryUsage of job (MB)
	291896  -  ResidentSetSize of job (KB)
...
006 (3340593.001.000) 01/20 15:14:55 Image size of job updated: 1747404
	287  -  MemoryUsage of job (MB)
	292872  -  ResidentSetSize of job (KB)
...
040 (3340593.001.000) 01/20 15:16:38 Started transferring output files
...
040 (3340593.001.000) 01/20 15:16:38 Finished transferring output files
...
005 (3340593.001.000) 01/20 15:16:38 Job terminated.
	(1) Normal termination (return value 0)
		Usr 0 00:00:41, Sys 0 00:00:04  -  Run Remote Usage
		Usr 0 00:00:00, Sys 0 00:00:00  -  Run Local Usage
		Usr 0 00:00:41, Sys 0 00:00:04  -  Total Remote Usage
		Usr 0 00:00:00, Sys 0 00:00:00  -  Total Local Usage
	1537  -  Run Bytes Sent By Job
	11207  -  Run Bytes Received By Job
	1537  -  Total Bytes Sent By Job
	11207  -  Total Bytes Received By Job
	Partitionable Resources :    Usage  Request Allocated 
	   Cpus                 :     0.10        4         4 
	   Disk (KB)            :    36           1   1671261 
	   Memory (MB)          :   287        8000      8000 

	Job terminated of its own accord at 2022-01-20T14:16:38Z.
...
