000 (3320371.011.000) 01/17 13:23:04 Job submitted from host: <188.185.70.244:9618?addrs=188.185.70.244-9618+[2001-1458-d00-7--100-2ee]-9618&alias=bigbird10.cern.ch&noUDP&sock=schedd_7001_aea1>
...
040 (3320371.011.000) 01/17 13:42:07 Started transferring input files
	Transferring to host: <128.142.60.113:9618?addrs=128.142.60.113-9618+[2001-1458-301-22--100-70]-9618&alias=b7s05p4025.cern.ch&noUDP&sock=slot1_10_6118_6f32_36831>
...
040 (3320371.011.000) 01/17 13:42:07 Finished transferring input files
...
001 (3320371.011.000) 01/17 13:42:08 Job executing on host: <128.142.60.113:9618?addrs=128.142.60.113-9618+[2001-1458-301-22--100-70]-9618&alias=b7s05p4025.cern.ch&noUDP&sock=startd_6071_c78e>
...
006 (3320371.011.000) 01/17 13:42:14 Image size of job updated: 561652
	0  -  MemoryUsage of job (MB)
	0  -  ResidentSetSize of job (KB)
...
040 (3320371.011.000) 01/17 13:42:14 Started transferring output files
...
040 (3320371.011.000) 01/17 13:42:14 Finished transferring output files
...
005 (3320371.011.000) 01/17 13:42:14 Job terminated.
	(1) Normal termination (return value 1)
		Usr 0 00:00:01, Sys 0 00:00:00  -  Run Remote Usage
		Usr 0 00:00:00, Sys 0 00:00:00  -  Run Local Usage
		Usr 0 00:00:01, Sys 0 00:00:00  -  Total Remote Usage
		Usr 0 00:00:00, Sys 0 00:00:00  -  Total Local Usage
	385  -  Run Bytes Sent By Job
	10527  -  Run Bytes Received By Job
	385  -  Total Bytes Sent By Job
	10527  -  Total Bytes Received By Job
	Partitionable Resources :    Usage  Request Allocated 
	   Cpus                 :                 4         4 
	   Disk (KB)            :       27        1   1370876 
	   Memory (MB)          :        0     8000      8000 

	Job terminated of its own accord at 2022-01-17T12:42:14Z.
...
