000 (3275855.009.000) 12/22 11:21:45 Job submitted from host: <188.185.70.244:9618?addrs=188.185.70.244-9618+[2001-1458-d00-7--100-2ee]-9618&alias=bigbird10.cern.ch&noUDP&sock=schedd_2095_9300>
...
040 (3275855.009.000) 12/22 13:00:34 Started transferring input files
	Transferring to host: <128.142.63.38:9618?addrs=128.142.63.38-9618+[2001-1458-301-38--100-23]-9618&alias=b7s08p9126.cern.ch&noUDP&sock=slot1_4_3590_3acb_5918>
...
040 (3275855.009.000) 12/22 13:00:34 Finished transferring input files
...
001 (3275855.009.000) 12/22 13:00:35 Job executing on host: <128.142.63.38:9618?addrs=128.142.63.38-9618+[2001-1458-301-38--100-23]-9618&alias=b7s08p9126.cern.ch&noUDP&sock=startd_2887_d202>
...
006 (3275855.009.000) 12/22 13:00:44 Image size of job updated: 1713088
	256  -  MemoryUsage of job (MB)
	261908  -  ResidentSetSize of job (KB)
...
006 (3275855.009.000) 12/22 13:05:06 Image size of job updated: 1730652
	256  -  MemoryUsage of job (MB)
	262008  -  ResidentSetSize of job (KB)
...
040 (3275855.009.000) 12/22 13:05:06 Started transferring output files
...
040 (3275855.009.000) 12/22 13:05:06 Finished transferring output files
...
005 (3275855.009.000) 12/22 13:05:06 Job terminated.
	(1) Normal termination (return value 0)
		Usr 0 00:00:26, Sys 0 00:00:03  -  Run Remote Usage
		Usr 0 00:00:00, Sys 0 00:00:00  -  Run Local Usage
		Usr 0 00:00:26, Sys 0 00:00:03  -  Total Remote Usage
		Usr 0 00:00:00, Sys 0 00:00:00  -  Total Local Usage
	10221  -  Run Bytes Sent By Job
	11181  -  Run Bytes Received By Job
	10221  -  Total Bytes Sent By Job
	11181  -  Total Bytes Received By Job
	Partitionable Resources :    Usage  Request Allocated 
	   Cpus                 :     0.08        4         4 
	   Disk (KB)            :    45           1   1366740 
	   Memory (MB)          :   256        8000      8000 

	Job terminated of its own accord at 2021-12-22T12:05:06Z.
...
