000 (3314619.014.000) 01/11 10:16:35 Job submitted from host: <188.185.70.244:9618?addrs=188.185.70.244-9618+[2001-1458-d00-7--100-2ee]-9618&alias=bigbird10.cern.ch&noUDP&sock=schedd_7001_aea1>
...
040 (3314619.014.000) 01/11 10:18:19 Started transferring input files
	Transferring to host: <128.142.60.133:9618?addrs=128.142.60.133-9618+[2001-1458-301-22--100-84]-9618&alias=b7s05p5876.cern.ch&noUDP&sock=slot1_11_3596_750b_28176>
...
040 (3314619.014.000) 01/11 10:18:19 Finished transferring input files
...
001 (3314619.014.000) 01/11 10:18:20 Job executing on host: <128.142.60.133:9618?addrs=128.142.60.133-9618+[2001-1458-301-22--100-84]-9618&alias=b7s05p5876.cern.ch&noUDP&sock=startd_3028_88dc>
...
006 (3314619.014.000) 01/11 10:18:28 Image size of job updated: 1256380
	155  -  MemoryUsage of job (MB)
	157836  -  ResidentSetSize of job (KB)
...
040 (3314619.014.000) 01/11 10:18:40 Started transferring output files
...
040 (3314619.014.000) 01/11 10:18:40 Finished transferring output files
...
005 (3314619.014.000) 01/11 10:18:40 Job terminated.
	(1) Normal termination (return value 1)
		Usr 0 00:00:03, Sys 0 00:00:02  -  Run Remote Usage
		Usr 0 00:00:00, Sys 0 00:00:00  -  Run Local Usage
		Usr 0 00:00:03, Sys 0 00:00:02  -  Total Remote Usage
		Usr 0 00:00:00, Sys 0 00:00:00  -  Total Local Usage
	16472  -  Run Bytes Sent By Job
	10523  -  Run Bytes Received By Job
	16472  -  Total Bytes Sent By Job
	10523  -  Total Bytes Received By Job
	Partitionable Resources :    Usage  Request Allocated 
	   Cpus                 :                 4         4 
	   Disk (KB)            :       43        1   1379585 
	   Memory (MB)          :      155     8000      8000 

	Job terminated of its own accord at 2022-01-11T09:18:40Z.
...
