000 (3320477.009.000) 01/17 14:57:02 Job submitted from host: <188.185.70.244:9618?addrs=188.185.70.244-9618+[2001-1458-d00-7--100-2ee]-9618&alias=bigbird10.cern.ch&noUDP&sock=schedd_7001_aea1>
...
040 (3320477.009.000) 01/17 15:05:59 Started transferring input files
	Transferring to host: <188.184.162.94:9618?addrs=188.184.162.94-9618+[2001-1458-301-4a--100-58]-9618&alias=b7s11p6324.cern.ch&noUDP&sock=slot1_22_3513_f9e8_32493>
...
040 (3320477.009.000) 01/17 15:05:59 Finished transferring input files
...
001 (3320477.009.000) 01/17 15:06:00 Job executing on host: <188.184.162.94:9618?addrs=188.184.162.94-9618+[2001-1458-301-4a--100-58]-9618&alias=b7s11p6324.cern.ch&noUDP&sock=startd_2889_3132>
...
006 (3320477.009.000) 01/17 15:06:03 Image size of job updated: 1
	0  -  MemoryUsage of job (MB)
	0  -  ResidentSetSize of job (KB)
...
040 (3320477.009.000) 01/17 15:06:03 Started transferring output files
...
040 (3320477.009.000) 01/17 15:06:03 Finished transferring output files
...
005 (3320477.009.000) 01/17 15:06:03 Job terminated.
	(1) Normal termination (return value 1)
		Usr 0 00:00:01, Sys 0 00:00:00  -  Run Remote Usage
		Usr 0 00:00:00, Sys 0 00:00:00  -  Run Local Usage
		Usr 0 00:00:01, Sys 0 00:00:00  -  Total Remote Usage
		Usr 0 00:00:00, Sys 0 00:00:00  -  Total Local Usage
	381  -  Run Bytes Sent By Job
	10524  -  Run Bytes Received By Job
	381  -  Total Bytes Sent By Job
	10524  -  Total Bytes Received By Job
	Partitionable Resources :    Usage  Request Allocated 
	   Cpus                 :                 4         4 
	   Disk (KB)            :       28        1   2941682 
	   Memory (MB)          :        0     8000      8000 

	Job terminated of its own accord at 2022-01-17T14:06:03Z.
...
