000 (3322102.001.000) 01/17 17:36:42 Job submitted from host: <188.185.70.244:9618?addrs=188.185.70.244-9618+[2001-1458-d00-7--100-2ee]-9618&alias=bigbird10.cern.ch&noUDP&sock=schedd_7001_aea1>
...
040 (3322102.001.000) 01/17 17:43:55 Started transferring input files
	Transferring to host: <128.142.60.168:9618?addrs=128.142.60.168-9618+[2001-1458-301-22--100-a7]-9618&alias=b7s05p4056.cern.ch&noUDP&sock=slot1_1_3315_77a0_37703>
...
040 (3322102.001.000) 01/17 17:43:55 Finished transferring input files
...
001 (3322102.001.000) 01/17 17:43:56 Job executing on host: <128.142.60.168:9618?addrs=128.142.60.168-9618+[2001-1458-301-22--100-a7]-9618&alias=b7s05p4056.cern.ch&noUDP&sock=startd_2828_59eb>
...
006 (3322102.001.000) 01/17 17:44:04 Image size of job updated: 1696176
	233  -  MemoryUsage of job (MB)
	238148  -  ResidentSetSize of job (KB)
...
006 (3322102.001.000) 01/17 17:49:04 Image size of job updated: 2828048
	897  -  MemoryUsage of job (MB)
	917644  -  ResidentSetSize of job (KB)
...
006 (3322102.001.000) 01/17 18:29:09 Image size of job updated: 2828048
	898  -  MemoryUsage of job (MB)
	918916  -  ResidentSetSize of job (KB)
...
006 (3322102.001.000) 01/17 18:34:10 Image size of job updated: 3344392
	1396  -  MemoryUsage of job (MB)
	1428792  -  ResidentSetSize of job (KB)
...
006 (3322102.001.000) 01/17 19:49:17 Image size of job updated: 3344392
	1396  -  MemoryUsage of job (MB)
	1428796  -  ResidentSetSize of job (KB)
...
006 (3322102.001.000) 01/17 20:24:21 Image size of job updated: 3840652
	1850  -  MemoryUsage of job (MB)
	1893976  -  ResidentSetSize of job (KB)
...
006 (3322102.001.000) 01/17 21:14:24 Image size of job updated: 3840652
	1850  -  MemoryUsage of job (MB)
	1893980  -  ResidentSetSize of job (KB)
...
040 (3322102.001.000) 01/17 22:44:10 Started transferring output files
...
040 (3322102.001.000) 01/17 22:44:10 Finished transferring output files
...
009 (3322102.001.000) 01/17 22:44:10 Job was aborted.
	Job removed by SYSTEM_PERIODIC_REMOVE due to wall time exceeded allowed max.
...
