000 (3340598.025.000) 01/20 15:14:43 Job submitted from host: <188.185.70.244:9618?addrs=188.185.70.244-9618+[2001-1458-d00-7--100-2ee]-9618&alias=bigbird10.cern.ch&noUDP&sock=schedd_7001_aea1>
...
040 (3340598.025.000) 01/20 15:28:36 Started transferring input files
	Transferring to host: <188.184.164.105:9618?addrs=188.184.164.105-9618+[2001-1458-301-4e--100-63]-9618&alias=b7s13p5397.cern.ch&noUDP&sock=slot1_6_5093_3aa8_34728>
...
040 (3340598.025.000) 01/20 15:28:36 Finished transferring input files
...
001 (3340598.025.000) 01/20 15:28:37 Job executing on host: <188.184.164.105:9618?addrs=188.184.164.105-9618+[2001-1458-301-4e--100-63]-9618&alias=b7s13p5397.cern.ch&noUDP&sock=startd_4862_818d>
...
006 (3340598.025.000) 01/20 15:28:46 Image size of job updated: 707428
	155  -  MemoryUsage of job (MB)
	157852  -  ResidentSetSize of job (KB)
...
006 (3340598.025.000) 01/20 15:33:47 Image size of job updated: 2456960
	696  -  MemoryUsage of job (MB)
	712260  -  ResidentSetSize of job (KB)
...
006 (3340598.025.000) 01/20 15:38:47 Image size of job updated: 2837260
	1065  -  MemoryUsage of job (MB)
	1089712  -  ResidentSetSize of job (KB)
...
006 (3340598.025.000) 01/20 16:08:50 Image size of job updated: 3386436
	1382  -  MemoryUsage of job (MB)
	1415108  -  ResidentSetSize of job (KB)
...
006 (3340598.025.000) 01/20 16:13:50 Image size of job updated: 3386436
	1383  -  MemoryUsage of job (MB)
	1415456  -  ResidentSetSize of job (KB)
...
006 (3340598.025.000) 01/20 16:18:51 Image size of job updated: 3693584
	1792  -  MemoryUsage of job (MB)
	1834612  -  ResidentSetSize of job (KB)
...
006 (3340598.025.000) 01/20 16:28:52 Image size of job updated: 3693584
	1792  -  MemoryUsage of job (MB)
	1834764  -  ResidentSetSize of job (KB)
...
006 (3340598.025.000) 01/20 16:33:52 Image size of job updated: 4189992
	2257  -  MemoryUsage of job (MB)
	2310384  -  ResidentSetSize of job (KB)
...
006 (3340598.025.000) 01/20 16:38:53 Image size of job updated: 4365556
	3172  -  MemoryUsage of job (MB)
	3247944  -  ResidentSetSize of job (KB)
...
006 (3340598.025.000) 01/20 16:43:53 Image size of job updated: 4715708
	3172  -  MemoryUsage of job (MB)
	3247944  -  ResidentSetSize of job (KB)
...
006 (3340598.025.000) 01/20 16:48:53 Image size of job updated: 5521944
	3172  -  MemoryUsage of job (MB)
	3247944  -  ResidentSetSize of job (KB)
...
006 (3340598.025.000) 01/20 16:58:55 Image size of job updated: 5925692
	3617  -  MemoryUsage of job (MB)
	3703708  -  ResidentSetSize of job (KB)
...
006 (3340598.025.000) 01/20 17:08:56 Image size of job updated: 6525780
	4891  -  MemoryUsage of job (MB)
	5007968  -  ResidentSetSize of job (KB)
...
040 (3340598.025.000) 01/20 17:15:08 Entered queue to transfer output files
...
040 (3340598.025.000) 01/20 17:18:39 Started transferring output files
...
040 (3340598.025.000) 01/20 17:18:39 Finished transferring output files
...
005 (3340598.025.000) 01/20 17:18:39 Job terminated.
	(1) Normal termination (return value 0)
		Usr 0 00:55:48, Sys 0 00:00:47  -  Run Remote Usage
		Usr 0 00:00:00, Sys 0 00:00:00  -  Run Local Usage
		Usr 0 00:55:48, Sys 0 00:00:47  -  Total Remote Usage
		Usr 0 00:00:00, Sys 0 00:00:00  -  Total Local Usage
	7002  -  Run Bytes Sent By Job
	11206  -  Run Bytes Received By Job
	7002  -  Total Bytes Sent By Job
	11206  -  Total Bytes Received By Job
	Partitionable Resources :    Usage  Request Allocated 
	   Cpus                 :     1.00        4         4 
	   Disk (KB)            :    41           1   2912536 
	   Memory (MB)          :  4891        8000      8000 

	Job terminated of its own accord at 2022-01-20T16:15:03Z.
...
