000 (3275858.024.000) 12/22 11:21:57 Job submitted from host: <188.185.70.244:9618?addrs=188.185.70.244-9618+[2001-1458-d00-7--100-2ee]-9618&alias=bigbird10.cern.ch&noUDP&sock=schedd_2095_9300>
...
040 (3275858.024.000) 12/22 13:36:17 Started transferring input files
	Transferring to host: <188.184.165.250:9618?addrs=188.184.165.250-9618&alias=b7s14p2425.cern.ch&noUDP&sock=slot1_15_4409_4a0c_5570>
...
040 (3275858.024.000) 12/22 13:36:17 Finished transferring input files
...
001 (3275858.024.000) 12/22 13:36:18 Job executing on host: <188.184.165.250:9618?addrs=188.184.165.250-9618&alias=b7s14p2425.cern.ch&noUDP&sock=startd_4221_d558>
...
006 (3275858.024.000) 12/22 13:36:26 Image size of job updated: 257740
	119  -  MemoryUsage of job (MB)
	121732  -  ResidentSetSize of job (KB)
...
006 (3275858.024.000) 12/22 13:37:22 Image size of job updated: 1735592
	119  -  MemoryUsage of job (MB)
	121732  -  ResidentSetSize of job (KB)
...
040 (3275858.024.000) 12/22 13:37:22 Started transferring output files
...
040 (3275858.024.000) 12/22 13:37:22 Finished transferring output files
...
005 (3275858.024.000) 12/22 13:37:22 Job terminated.
	(1) Normal termination (return value 0)
		Usr 0 00:00:17, Sys 0 00:00:03  -  Run Remote Usage
		Usr 0 00:00:00, Sys 0 00:00:00  -  Run Local Usage
		Usr 0 00:00:17, Sys 0 00:00:03  -  Total Remote Usage
		Usr 0 00:00:00, Sys 0 00:00:00  -  Total Local Usage
	2644  -  Run Bytes Sent By Job
	11187  -  Run Bytes Received By Job
	2644  -  Total Bytes Sent By Job
	11187  -  Total Bytes Received By Job
	Partitionable Resources :    Usage  Request Allocated 
	   Cpus                 :                 4         4 
	   Disk (KB)            :       30        1   2741447 
	   Memory (MB)          :      119     8000      8000 

	Job terminated of its own accord at 2021-12-22T12:37:22Z.
...
