000 (3340599.006.000) 01/20 15:18:21 Job submitted from host: <188.185.70.244:9618?addrs=188.185.70.244-9618+[2001-1458-d00-7--100-2ee]-9618&alias=bigbird10.cern.ch&noUDP&sock=schedd_7001_aea1>
...
040 (3340599.006.000) 01/20 15:41:38 Started transferring input files
	Transferring to host: <128.142.58.160:9618?addrs=128.142.58.160-9618+[2001-1458-301-16--100-9f]-9618&alias=b7s03p4729.cern.ch&noUDP&sock=slot1_18_3603_63ac_40997>
...
040 (3340599.006.000) 01/20 15:41:38 Finished transferring input files
...
001 (3340599.006.000) 01/20 15:41:39 Job executing on host: <128.142.58.160:9618?addrs=128.142.58.160-9618+[2001-1458-301-16--100-9f]-9618&alias=b7s03p4729.cern.ch&noUDP&sock=startd_3039_1467>
...
006 (3340599.006.000) 01/20 15:41:47 Image size of job updated: 452800
	155  -  MemoryUsage of job (MB)
	157888  -  ResidentSetSize of job (KB)
...
006 (3340599.006.000) 01/20 15:46:47 Image size of job updated: 2582400
	1078  -  MemoryUsage of job (MB)
	1103228  -  ResidentSetSize of job (KB)
...
006 (3340599.006.000) 01/20 15:51:48 Image size of job updated: 2598784
	1094  -  MemoryUsage of job (MB)
	1119612  -  ResidentSetSize of job (KB)
...
006 (3340599.006.000) 01/20 15:56:49 Image size of job updated: 2906680
	1094  -  MemoryUsage of job (MB)
	1119612  -  ResidentSetSize of job (KB)
...
040 (3340599.006.000) 01/20 17:13:30 Entered queue to transfer output files
...
040 (3340599.006.000) 01/20 17:18:39 Started transferring output files
...
040 (3340599.006.000) 01/20 17:18:39 Finished transferring output files
...
005 (3340599.006.000) 01/20 17:18:39 Job terminated.
	(1) Normal termination (return value 0)
		Usr 0 00:56:13, Sys 0 00:00:17  -  Run Remote Usage
		Usr 0 00:00:00, Sys 0 00:00:00  -  Run Local Usage
		Usr 0 00:56:13, Sys 0 00:00:17  -  Total Remote Usage
		Usr 0 00:00:00, Sys 0 00:00:00  -  Total Local Usage
	20315  -  Run Bytes Sent By Job
	11206  -  Run Bytes Received By Job
	20315  -  Total Bytes Sent By Job
	11206  -  Total Bytes Received By Job
	Partitionable Resources :    Usage  Request Allocated 
	   Cpus                 :        0        4         4 
	   Disk (KB)            :       54        1   1328271 
	   Memory (MB)          :     1094     8000      8000 

	Job terminated of its own accord at 2022-01-20T16:13:25Z.
...
