000 (3335429.007.000) 01/18 23:49:51 Job submitted from host: <188.185.70.244:9618?addrs=188.185.70.244-9618+[2001-1458-d00-7--100-2ee]-9618&alias=bigbird10.cern.ch&noUDP&sock=schedd_7001_aea1>
...
040 (3335429.007.000) 01/19 01:35:58 Started transferring input files
	Transferring to host: <128.142.59.94:9618?addrs=128.142.59.94-9618+[2001-1458-301-21--100-5d]-9618&alias=b7s04p6075.cern.ch&noUDP&sock=slot1_27_3193_81db_37888>
...
040 (3335429.007.000) 01/19 01:35:58 Finished transferring input files
...
001 (3335429.007.000) 01/19 01:35:59 Job executing on host: <128.142.59.94:9618?addrs=128.142.59.94-9618+[2001-1458-301-21--100-5d]-9618&alias=b7s04p6075.cern.ch&noUDP&sock=startd_2819_2d91>
...
006 (3335429.007.000) 01/19 01:36:08 Image size of job updated: 230780
	155  -  MemoryUsage of job (MB)
	157888  -  ResidentSetSize of job (KB)
...
006 (3335429.007.000) 01/19 01:41:09 Image size of job updated: 2787004
	898  -  MemoryUsage of job (MB)
	919128  -  ResidentSetSize of job (KB)
...
006 (3335429.007.000) 01/19 02:16:12 Image size of job updated: 3041240
	1802  -  MemoryUsage of job (MB)
	1844352  -  ResidentSetSize of job (KB)
...
006 (3335429.007.000) 01/19 02:21:12 Image size of job updated: 3336980
	1802  -  MemoryUsage of job (MB)
	1844352  -  ResidentSetSize of job (KB)
...
006 (3335429.007.000) 01/19 02:56:15 Image size of job updated: 3833232
	1851  -  MemoryUsage of job (MB)
	1895048  -  ResidentSetSize of job (KB)
...
006 (3335429.007.000) 01/19 03:16:17 Image size of job updated: 3833232
	1851  -  MemoryUsage of job (MB)
	1895052  -  ResidentSetSize of job (KB)
...
006 (3335429.007.000) 01/19 03:21:18 Image size of job updated: 4385984
	2801  -  MemoryUsage of job (MB)
	2867360  -  ResidentSetSize of job (KB)
...
006 (3335429.007.000) 01/19 03:51:21 Image size of job updated: 4870408
	2801  -  MemoryUsage of job (MB)
	2867360  -  ResidentSetSize of job (KB)
...
006 (3335429.007.000) 01/19 04:11:23 Image size of job updated: 4978808
	3818  -  MemoryUsage of job (MB)
	3909396  -  ResidentSetSize of job (KB)
...
006 (3335429.007.000) 01/19 04:16:24 Image size of job updated: 5414900
	3820  -  MemoryUsage of job (MB)
	3911592  -  ResidentSetSize of job (KB)
...
006 (3335429.007.000) 01/19 04:46:27 Image size of job updated: 6009016
	3833  -  MemoryUsage of job (MB)
	3924056  -  ResidentSetSize of job (KB)
...
006 (3335429.007.000) 01/19 05:06:29 Image size of job updated: 6009016
	3833  -  MemoryUsage of job (MB)
	3924060  -  ResidentSetSize of job (KB)
...
006 (3335429.007.000) 01/19 05:16:30 Image size of job updated: 6625132
	4230  -  MemoryUsage of job (MB)
	4331368  -  ResidentSetSize of job (KB)
...
006 (3335429.007.000) 01/19 05:41:33 Image size of job updated: 6625132
	4233  -  MemoryUsage of job (MB)
	4334232  -  ResidentSetSize of job (KB)
...
006 (3335429.007.000) 01/19 05:46:33 Image size of job updated: 7227504
	4726  -  MemoryUsage of job (MB)
	4838788  -  ResidentSetSize of job (KB)
...
006 (3335429.007.000) 01/19 06:11:36 Image size of job updated: 7227504
	4726  -  MemoryUsage of job (MB)
	4838792  -  ResidentSetSize of job (KB)
...
006 (3335429.007.000) 01/19 06:16:37 Image size of job updated: 7227504
	4727  -  MemoryUsage of job (MB)
	4839804  -  ResidentSetSize of job (KB)
...
006 (3335429.007.000) 01/19 06:21:37 Image size of job updated: 8135596
	6456  -  MemoryUsage of job (MB)
	6610216  -  ResidentSetSize of job (KB)
...
040 (3335429.007.000) 01/19 06:36:15 Started transferring output files
...
040 (3335429.007.000) 01/19 06:36:15 Finished transferring output files
...
009 (3335429.007.000) 01/19 06:36:15 Job was aborted.
	Job removed by SYSTEM_PERIODIC_REMOVE due to wall time exceeded allowed max.
...
