000 (3317020.009.000) 01/13 15:46:02 Job submitted from host: <188.185.70.244:9618?addrs=188.185.70.244-9618+[2001-1458-d00-7--100-2ee]-9618&alias=bigbird10.cern.ch&noUDP&sock=schedd_7001_aea1>
...
040 (3317020.009.000) 01/13 15:56:54 Started transferring input files
	Transferring to host: <128.142.57.133:9618?addrs=128.142.57.133-9618+[2001-1458-301-7--100-84]-9618&alias=b7s02p9702.cern.ch&noUDP&sock=slot1_1_6064_62f0_27530>
...
040 (3317020.009.000) 01/13 15:56:54 Finished transferring input files
...
001 (3317020.009.000) 01/13 15:56:55 Job executing on host: <128.142.57.133:9618?addrs=128.142.57.133-9618+[2001-1458-301-7--100-84]-9618&alias=b7s02p9702.cern.ch&noUDP&sock=startd_6017_bd70>
...
006 (3317020.009.000) 01/13 15:57:03 Image size of job updated: 320128
	155  -  MemoryUsage of job (MB)
	157824  -  ResidentSetSize of job (KB)
...
006 (3317020.009.000) 01/13 16:02:03 Image size of job updated: 1754904
	294  -  MemoryUsage of job (MB)
	300092  -  ResidentSetSize of job (KB)
...
006 (3317020.009.000) 01/13 16:07:04 Image size of job updated: 2027664
	560  -  MemoryUsage of job (MB)
	573200  -  ResidentSetSize of job (KB)
...
006 (3317020.009.000) 01/13 17:47:15 Image size of job updated: 2340068
	864  -  MemoryUsage of job (MB)
	884252  -  ResidentSetSize of job (KB)
...
006 (3317020.009.000) 01/13 18:37:20 Image size of job updated: 2751516
	1079  -  MemoryUsage of job (MB)
	1104564  -  ResidentSetSize of job (KB)
...
006 (3317020.009.000) 01/13 18:57:23 Image size of job updated: 2751516
	1079  -  MemoryUsage of job (MB)
	1104568  -  ResidentSetSize of job (KB)
...
006 (3317020.009.000) 01/13 20:02:29 Image size of job updated: 2751516
	1427  -  MemoryUsage of job (MB)
	1460560  -  ResidentSetSize of job (KB)
...
006 (3317020.009.000) 01/13 20:07:30 Image size of job updated: 3129440
	1427  -  MemoryUsage of job (MB)
	1460560  -  ResidentSetSize of job (KB)
...
006 (3317020.009.000) 01/13 21:27:38 Image size of job updated: 3482204
	1686  -  MemoryUsage of job (MB)
	1726164  -  ResidentSetSize of job (KB)
...
006 (3317020.009.000) 01/13 21:42:39 Image size of job updated: 3482204
	1686  -  MemoryUsage of job (MB)
	1726168  -  ResidentSetSize of job (KB)
...
006 (3317020.009.000) 01/13 22:07:42 Image size of job updated: 3869164
	1982  -  MemoryUsage of job (MB)
	2029388  -  ResidentSetSize of job (KB)
...
006 (3317020.009.000) 01/13 22:27:44 Image size of job updated: 3869164
	1982  -  MemoryUsage of job (MB)
	2029392  -  ResidentSetSize of job (KB)
...
006 (3317020.009.000) 01/13 22:37:45 Image size of job updated: 4320932
	2410  -  MemoryUsage of job (MB)
	2467604  -  ResidentSetSize of job (KB)
...
006 (3317020.009.000) 01/13 23:07:48 Image size of job updated: 4320932
	2411  -  MemoryUsage of job (MB)
	2467916  -  ResidentSetSize of job (KB)
...
006 (3317020.009.000) 01/13 23:12:50 Image size of job updated: 4781756
	2855  -  MemoryUsage of job (MB)
	2922672  -  ResidentSetSize of job (KB)
...
006 (3317020.009.000) 01/13 23:42:53 Image size of job updated: 4781756
	2857  -  MemoryUsage of job (MB)
	2924868  -  ResidentSetSize of job (KB)
...
006 (3317020.009.000) 01/13 23:47:54 Image size of job updated: 5339396
	3305  -  MemoryUsage of job (MB)
	3384156  -  ResidentSetSize of job (KB)
...
006 (3317020.009.000) 01/13 23:57:54 Image size of job updated: 5339396
	3305  -  MemoryUsage of job (MB)
	3384160  -  ResidentSetSize of job (KB)
...
006 (3317020.009.000) 01/14 00:02:56 Image size of job updated: 5339396
	3305  -  MemoryUsage of job (MB)
	3384164  -  ResidentSetSize of job (KB)
...
006 (3317020.009.000) 01/14 00:07:56 Image size of job updated: 5339396
	3305  -  MemoryUsage of job (MB)
	3384172  -  ResidentSetSize of job (KB)
...
040 (3317020.009.000) 01/14 00:11:57 Started transferring output files
...
040 (3317020.009.000) 01/14 00:11:57 Finished transferring output files
...
005 (3317020.009.000) 01/14 00:11:57 Job terminated.
	(1) Normal termination (return value 0)
		Usr 0 00:35:22, Sys 0 00:01:06  -  Run Remote Usage
		Usr 0 00:00:00, Sys 0 00:00:00  -  Run Local Usage
		Usr 0 00:35:22, Sys 0 00:01:06  -  Total Remote Usage
		Usr 0 00:00:00, Sys 0 00:00:00  -  Total Local Usage
	18322  -  Run Bytes Sent By Job
	10531  -  Run Bytes Received By Job
	18322  -  Total Bytes Sent By Job
	10531  -  Total Bytes Received By Job
	Partitionable Resources :    Usage  Request Allocated 
	   Cpus                 :     0.22        4         4 
	   Disk (KB)            :    52           1   1206835 
	   Memory (MB)          :  3305        8000      8000 

	Job terminated of its own accord at 2022-01-13T23:11:57Z.
...
