000 (3335542.000.000) 01/19 08:45:38 Job submitted from host: <188.185.70.244:9618?addrs=188.185.70.244-9618+[2001-1458-d00-7--100-2ee]-9618&alias=bigbird10.cern.ch&noUDP&sock=schedd_7001_aea1>
...
022 (3335542.000.000) 01/19 08:52:40 Job disconnected, attempting to reconnect
    Socket between submit and execute hosts closed unexpectedly
    Trying to reconnect to slot1_1@b7s01p3011.cern.ch <128.142.56.22:9618?addrs=128.142.56.22-9618+[2001-1458-301-6--100-15]-9618&alias=b7s01p3011.cern.ch&noUDP&sock=startd_2957_d5a3>
...
024 (3335542.000.000) 01/19 08:52:48 Job reconnection failed
    Job not found at execution machine
    Can not reconnect to slot1_1@b7s01p3011.cern.ch, rescheduling job
...
040 (3335542.000.000) 01/19 08:58:24 Started transferring input files
	Transferring to host: <128.142.137.169:9618?addrs=128.142.137.169-9618+[2001-1458-301-5e--100-9d]-9618&alias=b7g19p9078.cern.ch&noUDP&sock=slot1_8_3481_6de7_79240>
...
040 (3335542.000.000) 01/19 08:58:24 Finished transferring input files
...
001 (3335542.000.000) 01/19 08:58:25 Job executing on host: <128.142.137.169:9618?addrs=128.142.137.169-9618+[2001-1458-301-5e--100-9d]-9618&alias=b7g19p9078.cern.ch&noUDP&sock=startd_3437_1318>
...
006 (3335542.000.000) 01/19 08:58:34 Image size of job updated: 1231488
	155  -  MemoryUsage of job (MB)
	157896  -  ResidentSetSize of job (KB)
...
006 (3335542.000.000) 01/19 09:03:34 Image size of job updated: 1751892
	291  -  MemoryUsage of job (MB)
	297788  -  ResidentSetSize of job (KB)
...
006 (3335542.000.000) 01/19 09:08:35 Image size of job updated: 2834136
	848  -  MemoryUsage of job (MB)
	868304  -  ResidentSetSize of job (KB)
...
006 (3335542.000.000) 01/19 09:23:36 Image size of job updated: 2834136
	849  -  MemoryUsage of job (MB)
	868404  -  ResidentSetSize of job (KB)
...
006 (3335542.000.000) 01/19 09:28:37 Image size of job updated: 2834136
	849  -  MemoryUsage of job (MB)
	868408  -  ResidentSetSize of job (KB)
...
006 (3335542.000.000) 01/19 09:33:37 Image size of job updated: 2834136
	849  -  MemoryUsage of job (MB)
	868412  -  ResidentSetSize of job (KB)
...
006 (3335542.000.000) 01/19 09:38:37 Image size of job updated: 2834136
	849  -  MemoryUsage of job (MB)
	868428  -  ResidentSetSize of job (KB)
...
006 (3335542.000.000) 01/19 09:58:40 Image size of job updated: 2834136
	913  -  MemoryUsage of job (MB)
	934344  -  ResidentSetSize of job (KB)
...
006 (3335542.000.000) 01/19 10:03:41 Image size of job updated: 3571604
	1413  -  MemoryUsage of job (MB)
	1446604  -  ResidentSetSize of job (KB)
...
006 (3335542.000.000) 01/19 10:48:45 Image size of job updated: 3846116
	1860  -  MemoryUsage of job (MB)
	1904004  -  ResidentSetSize of job (KB)
...
006 (3335542.000.000) 01/19 10:53:46 Image size of job updated: 3846116
	1860  -  MemoryUsage of job (MB)
	1904012  -  ResidentSetSize of job (KB)
...
006 (3335542.000.000) 01/19 10:58:46 Image size of job updated: 3846116
	1860  -  MemoryUsage of job (MB)
	1904016  -  ResidentSetSize of job (KB)
...
006 (3335542.000.000) 01/19 11:03:46 Image size of job updated: 3846116
	1860  -  MemoryUsage of job (MB)
	1904024  -  ResidentSetSize of job (KB)
...
006 (3335542.000.000) 01/19 11:08:47 Image size of job updated: 3846116
	1860  -  MemoryUsage of job (MB)
	1904028  -  ResidentSetSize of job (KB)
...
006 (3335542.000.000) 01/19 11:28:48 Image size of job updated: 3846116
	1861  -  MemoryUsage of job (MB)
	1905240  -  ResidentSetSize of job (KB)
...
006 (3335542.000.000) 01/19 11:33:48 Image size of job updated: 4372512
	2298  -  MemoryUsage of job (MB)
	2352680  -  ResidentSetSize of job (KB)
...
040 (3335542.000.000) 01/19 11:49:37 Started transferring output files
...
040 (3335542.000.000) 01/19 11:49:37 Finished transferring output files
...
004 (3335542.000.000) 01/19 11:49:37 Job was evicted.
	(0) CPU times
		Usr 0 01:19:20, Sys 0 00:00:38  -  Run Remote Usage
		Usr 0 00:00:00, Sys 0 00:00:00  -  Run Local Usage
	0  -  Run Bytes Sent By Job
	11207  -  Run Bytes Received By Job
	Partitionable Resources :    Usage  Request Allocated 
	   Cpus                 :     0.44        4         4 
	   Disk (KB)            :    35           1   1531488 
	   Memory (MB)          :  2298        8000      8000 
...
009 (3335542.000.000) 01/19 11:49:37 Job was aborted.
	via condor_rm (by user vdamante)
...
