000 (3277186.018.000) 12/25 15:18:39 Job submitted from host: <188.185.70.244:9618?addrs=188.185.70.244-9618+[2001-1458-d00-7--100-2ee]-9618&alias=bigbird10.cern.ch&noUDP&sock=schedd_2095_9300>
...
040 (3277186.018.000) 12/25 15:20:22 Started transferring input files
	Transferring to host: <128.142.61.54:9618?addrs=128.142.61.54-9618+[2001-1458-301-23--100-35]-9618&alias=b7s06p1221.cern.ch&noUDP&sock=slot1_2_3558_aeca_9054>
...
040 (3277186.018.000) 12/25 15:20:22 Finished transferring input files
...
001 (3277186.018.000) 12/25 15:20:23 Job executing on host: <128.142.61.54:9618?addrs=128.142.61.54-9618+[2001-1458-301-23--100-35]-9618&alias=b7s06p1221.cern.ch&noUDP&sock=startd_2993_870c>
...
006 (3277186.018.000) 12/25 15:20:32 Image size of job updated: 320092
	155  -  MemoryUsage of job (MB)
	157792  -  ResidentSetSize of job (KB)
...
006 (3277186.018.000) 12/25 15:21:08 Image size of job updated: 1772188
	155  -  MemoryUsage of job (MB)
	157792  -  ResidentSetSize of job (KB)
...
040 (3277186.018.000) 12/25 15:21:08 Started transferring output files
...
040 (3277186.018.000) 12/25 15:21:08 Finished transferring output files
...
005 (3277186.018.000) 12/25 15:21:08 Job terminated.
	(1) Normal termination (return value 0)
		Usr 0 00:00:21, Sys 0 00:00:02  -  Run Remote Usage
		Usr 0 00:00:00, Sys 0 00:00:00  -  Run Local Usage
		Usr 0 00:00:21, Sys 0 00:00:02  -  Total Remote Usage
		Usr 0 00:00:00, Sys 0 00:00:00  -  Total Local Usage
	26307  -  Run Bytes Sent By Job
	11215  -  Run Bytes Received By Job
	26307  -  Total Bytes Sent By Job
	11215  -  Total Bytes Received By Job
	Partitionable Resources :    Usage  Request Allocated 
	   Cpus                 :                 4         4 
	   Disk (KB)            :       50        1   1241322 
	   Memory (MB)          :      155     8000      8000 

	Job terminated of its own accord at 2021-12-25T14:21:08Z.
...
