000 (3340220.008.000) 01/20 12:42:37 Job submitted from host: <188.185.70.244:9618?addrs=188.185.70.244-9618+[2001-1458-d00-7--100-2ee]-9618&alias=bigbird10.cern.ch&noUDP&sock=schedd_7001_aea1>
...
040 (3340220.008.000) 01/20 13:27:44 Started transferring input files
	Transferring to host: <128.142.61.146:9618?addrs=128.142.61.146-9618+[2001-1458-301-23--100-91]-9618&alias=b7s06p9400.cern.ch&noUDP&sock=slot1_3_5222_1f0d_52>
...
040 (3340220.008.000) 01/20 13:27:44 Finished transferring input files
...
001 (3340220.008.000) 01/20 13:27:45 Job executing on host: <128.142.61.146:9618?addrs=128.142.61.146-9618+[2001-1458-301-23--100-91]-9618&alias=b7s06p9400.cern.ch&noUDP&sock=startd_4860_225d>
...
006 (3340220.008.000) 01/20 13:27:53 Image size of job updated: 378000
	271  -  MemoryUsage of job (MB)
	276512  -  ResidentSetSize of job (KB)
...
006 (3340220.008.000) 01/20 13:29:50 Image size of job updated: 1740164
	271  -  MemoryUsage of job (MB)
	276532  -  ResidentSetSize of job (KB)
...
040 (3340220.008.000) 01/20 13:29:50 Started transferring output files
...
040 (3340220.008.000) 01/20 13:29:50 Finished transferring output files
...
005 (3340220.008.000) 01/20 13:29:50 Job terminated.
	(1) Normal termination (return value 0)
		Usr 0 00:00:23, Sys 0 00:00:02  -  Run Remote Usage
		Usr 0 00:00:00, Sys 0 00:00:00  -  Run Local Usage
		Usr 0 00:00:23, Sys 0 00:00:02  -  Total Remote Usage
		Usr 0 00:00:00, Sys 0 00:00:00  -  Total Local Usage
	1718  -  Run Bytes Sent By Job
	11210  -  Run Bytes Received By Job
	1718  -  Total Bytes Sent By Job
	11210  -  Total Bytes Received By Job
	Partitionable Resources :    Usage  Request Allocated 
	   Cpus                 :                 4         4 
	   Disk (KB)            :       30        1   1389404 
	   Memory (MB)          :      271     8000      8000 

	Job terminated of its own accord at 2022-01-20T12:29:50Z.
...
