000 (3275855.021.000) 12/22 11:21:45 Job submitted from host: <188.185.70.244:9618?addrs=188.185.70.244-9618+[2001-1458-d00-7--100-2ee]-9618&alias=bigbird10.cern.ch&noUDP&sock=schedd_2095_9300>
...
040 (3275855.021.000) 12/22 13:33:07 Started transferring input files
	Transferring to host: <128.142.63.56:9618?addrs=128.142.63.56-9618+[2001-1458-301-38--100-35]-9618&alias=b7s08p2159.cern.ch&noUDP&sock=slot1_1_3581_e36b_6431>
...
040 (3275855.021.000) 12/22 13:33:07 Finished transferring input files
...
001 (3275855.021.000) 12/22 13:33:08 Job executing on host: <128.142.63.56:9618?addrs=128.142.63.56-9618+[2001-1458-301-38--100-35]-9618&alias=b7s08p2159.cern.ch&noUDP&sock=startd_2779_bdc7>
...
006 (3275855.021.000) 12/22 13:33:17 Image size of job updated: 1233508
	155  -  MemoryUsage of job (MB)
	157816  -  ResidentSetSize of job (KB)
...
006 (3275855.021.000) 12/22 13:36:12 Image size of job updated: 1741484
	155  -  MemoryUsage of job (MB)
	157816  -  ResidentSetSize of job (KB)
...
040 (3275855.021.000) 12/22 13:36:12 Started transferring output files
...
040 (3275855.021.000) 12/22 13:36:12 Finished transferring output files
...
005 (3275855.021.000) 12/22 13:36:12 Job terminated.
	(1) Normal termination (return value 0)
		Usr 0 00:00:14, Sys 0 00:00:02  -  Run Remote Usage
		Usr 0 00:00:00, Sys 0 00:00:00  -  Run Local Usage
		Usr 0 00:00:14, Sys 0 00:00:02  -  Total Remote Usage
		Usr 0 00:00:00, Sys 0 00:00:00  -  Total Local Usage
	7936  -  Run Bytes Sent By Job
	11181  -  Run Bytes Received By Job
	7936  -  Total Bytes Sent By Job
	11181  -  Total Bytes Received By Job
	Partitionable Resources :    Usage  Request Allocated 
	   Cpus                 :                 4         4 
	   Disk (KB)            :       35        1   1235604 
	   Memory (MB)          :      155     8000      8000 

	Job terminated of its own accord at 2021-12-22T12:36:12Z.
...
