000 (3317020.007.000) 01/13 15:46:02 Job submitted from host: <188.185.70.244:9618?addrs=188.185.70.244-9618+[2001-1458-d00-7--100-2ee]-9618&alias=bigbird10.cern.ch&noUDP&sock=schedd_7001_aea1>
...
040 (3317020.007.000) 01/13 15:56:53 Started transferring input files
	Transferring to host: <128.142.59.88:9618?addrs=128.142.59.88-9618+[2001-1458-301-21--100-57]-9618&alias=b7s04p0166.cern.ch&noUDP&sock=slot1_9_3575_a92a_27262>
...
040 (3317020.007.000) 01/13 15:56:53 Finished transferring input files
...
001 (3317020.007.000) 01/13 15:56:54 Job executing on host: <128.142.59.88:9618?addrs=128.142.59.88-9618+[2001-1458-301-21--100-57]-9618&alias=b7s04p0166.cern.ch&noUDP&sock=startd_2832_184c>
...
006 (3317020.007.000) 01/13 15:57:02 Image size of job updated: 460108
	68  -  MemoryUsage of job (MB)
	68652  -  ResidentSetSize of job (KB)
...
006 (3317020.007.000) 01/13 16:02:02 Image size of job updated: 1734680
	274  -  MemoryUsage of job (MB)
	279740  -  ResidentSetSize of job (KB)
...
006 (3317020.007.000) 01/13 16:12:04 Image size of job updated: 1734680
	274  -  MemoryUsage of job (MB)
	279824  -  ResidentSetSize of job (KB)
...
006 (3317020.007.000) 01/13 16:17:04 Image size of job updated: 2032192
	551  -  MemoryUsage of job (MB)
	563272  -  ResidentSetSize of job (KB)
...
006 (3317020.007.000) 01/13 17:32:12 Image size of job updated: 2032192
	551  -  MemoryUsage of job (MB)
	563884  -  ResidentSetSize of job (KB)
...
006 (3317020.007.000) 01/13 17:37:12 Image size of job updated: 2425004
	844  -  MemoryUsage of job (MB)
	863832  -  ResidentSetSize of job (KB)
...
006 (3317020.007.000) 01/13 18:17:17 Image size of job updated: 2632016
	1065  -  MemoryUsage of job (MB)
	1089692  -  ResidentSetSize of job (KB)
...
006 (3317020.007.000) 01/13 18:27:17 Image size of job updated: 2632016
	1065  -  MemoryUsage of job (MB)
	1089760  -  ResidentSetSize of job (KB)
...
006 (3317020.007.000) 01/13 18:32:18 Image size of job updated: 3088576
	1331  -  MemoryUsage of job (MB)
	1362284  -  ResidentSetSize of job (KB)
...
006 (3317020.007.000) 01/13 18:37:19 Image size of job updated: 3088576
	1333  -  MemoryUsage of job (MB)
	1364168  -  ResidentSetSize of job (KB)
...
006 (3317020.007.000) 01/13 18:42:20 Image size of job updated: 3165064
	1631  -  MemoryUsage of job (MB)
	1670060  -  ResidentSetSize of job (KB)
...
006 (3317020.007.000) 01/13 19:47:26 Image size of job updated: 3165064
	1631  -  MemoryUsage of job (MB)
	1670064  -  ResidentSetSize of job (KB)
...
006 (3317020.007.000) 01/13 19:52:27 Image size of job updated: 3519840
	2269  -  MemoryUsage of job (MB)
	2322980  -  ResidentSetSize of job (KB)
...
006 (3317020.007.000) 01/13 19:57:28 Image size of job updated: 3797116
	2269  -  MemoryUsage of job (MB)
	2322980  -  ResidentSetSize of job (KB)
...
006 (3317020.007.000) 01/13 21:22:35 Image size of job updated: 4365560
	2420  -  MemoryUsage of job (MB)
	2477820  -  ResidentSetSize of job (KB)
...
006 (3317020.007.000) 01/13 22:02:39 Image size of job updated: 4365560
	2420  -  MemoryUsage of job (MB)
	2478060  -  ResidentSetSize of job (KB)
...
006 (3317020.007.000) 01/13 22:07:40 Image size of job updated: 4918060
	2904  -  MemoryUsage of job (MB)
	2973108  -  ResidentSetSize of job (KB)
...
006 (3317020.007.000) 01/13 22:17:41 Image size of job updated: 4918060
	2904  -  MemoryUsage of job (MB)
	2973112  -  ResidentSetSize of job (KB)
...
006 (3317020.007.000) 01/13 22:32:43 Image size of job updated: 4918060
	2905  -  MemoryUsage of job (MB)
	2974464  -  ResidentSetSize of job (KB)
...
006 (3317020.007.000) 01/13 22:37:44 Image size of job updated: 5895540
	3386  -  MemoryUsage of job (MB)
	3466524  -  ResidentSetSize of job (KB)
...
006 (3317020.007.000) 01/13 22:52:45 Image size of job updated: 5895540
	3386  -  MemoryUsage of job (MB)
	3466528  -  ResidentSetSize of job (KB)
...
040 (3317020.007.000) 01/13 23:02:46 Started transferring output files
...
040 (3317020.007.000) 01/13 23:02:46 Finished transferring output files
...
005 (3317020.007.000) 01/13 23:02:46 Job terminated.
	(1) Normal termination (return value 0)
		Usr 0 00:38:05, Sys 0 00:01:00  -  Run Remote Usage
		Usr 0 00:00:00, Sys 0 00:00:00  -  Run Local Usage
		Usr 0 00:38:05, Sys 0 00:01:00  -  Total Remote Usage
		Usr 0 00:00:00, Sys 0 00:00:00  -  Total Local Usage
	17374  -  Run Bytes Sent By Job
	10531  -  Run Bytes Received By Job
	17374  -  Total Bytes Sent By Job
	10531  -  Total Bytes Received By Job
	Partitionable Resources :    Usage  Request Allocated 
	   Cpus                 :     0.02        4         4 
	   Disk (KB)            :    51           1   1237683 
	   Memory (MB)          :  3386        8000      8000 

	Job terminated of its own accord at 2022-01-13T22:02:45Z.
...
