000 (3317010.007.000) 01/13 14:23:47 Job submitted from host: <188.185.70.244:9618?addrs=188.185.70.244-9618+[2001-1458-d00-7--100-2ee]-9618&alias=bigbird10.cern.ch&noUDP&sock=schedd_7001_aea1>
...
040 (3317010.007.000) 01/13 14:26:54 Started transferring input files
	Transferring to host: <188.184.164.125:9618?addrs=188.184.164.125-9618+[2001-1458-301-4e--100-77]-9618&alias=b7s13p6484.cern.ch&noUDP&sock=slot1_11_3918_55d8_26873>
...
040 (3317010.007.000) 01/13 14:26:54 Finished transferring input files
...
001 (3317010.007.000) 01/13 14:26:55 Job executing on host: <188.184.164.125:9618?addrs=188.184.164.125-9618+[2001-1458-301-4e--100-77]-9618&alias=b7s13p6484.cern.ch&noUDP&sock=startd_3353_7524>
...
006 (3317010.007.000) 01/13 14:27:04 Image size of job updated: 754304
	155  -  MemoryUsage of job (MB)
	157820  -  ResidentSetSize of job (KB)
...
006 (3317010.007.000) 01/13 14:27:47 Image size of job updated: 1256220
	155  -  MemoryUsage of job (MB)
	157820  -  ResidentSetSize of job (KB)
...
040 (3317010.007.000) 01/13 14:27:47 Started transferring output files
...
040 (3317010.007.000) 01/13 14:27:47 Finished transferring output files
...
005 (3317010.007.000) 01/13 14:27:47 Job terminated.
	(1) Normal termination (return value 1)
		Usr 0 00:00:05, Sys 0 00:00:02  -  Run Remote Usage
		Usr 0 00:00:00, Sys 0 00:00:00  -  Run Local Usage
		Usr 0 00:00:05, Sys 0 00:00:02  -  Total Remote Usage
		Usr 0 00:00:00, Sys 0 00:00:00  -  Total Local Usage
	4572  -  Run Bytes Sent By Job
	10531  -  Run Bytes Received By Job
	4572  -  Total Bytes Sent By Job
	10531  -  Total Bytes Received By Job
	Partitionable Resources :    Usage  Request Allocated 
	   Cpus                 :                 4         4 
	   Disk (KB)            :       31        1   2857077 
	   Memory (MB)          :      155     8000      8000 

	Job terminated of its own accord at 2022-01-13T13:27:47Z.
...
