000 (3340593.022.000) 01/20 15:02:21 Job submitted from host: <188.185.70.244:9618?addrs=188.185.70.244-9618+[2001-1458-d00-7--100-2ee]-9618&alias=bigbird10.cern.ch&noUDP&sock=schedd_7001_aea1>
...
040 (3340593.022.000) 01/20 15:05:25 Started transferring input files
	Transferring to host: <128.142.59.108:9618?addrs=128.142.59.108-9618&alias=b7s04p0469.cern.ch&noUDP&sock=slot1_17_4612_5235_34475>
...
040 (3340593.022.000) 01/20 15:05:25 Finished transferring input files
...
001 (3340593.022.000) 01/20 15:05:26 Job executing on host: <128.142.59.108:9618?addrs=128.142.59.108-9618&alias=b7s04p0469.cern.ch&noUDP&sock=startd_4217_16f7>
...
006 (3340593.022.000) 01/20 15:05:35 Image size of job updated: 1685440
	262  -  MemoryUsage of job (MB)
	267636  -  ResidentSetSize of job (KB)
...
006 (3340593.022.000) 01/20 15:10:36 Image size of job updated: 1730092
	269  -  MemoryUsage of job (MB)
	275196  -  ResidentSetSize of job (KB)
...
040 (3340593.022.000) 01/20 15:12:55 Started transferring output files
...
040 (3340593.022.000) 01/20 15:12:55 Finished transferring output files
...
005 (3340593.022.000) 01/20 15:12:55 Job terminated.
	(1) Normal termination (return value 0)
		Usr 0 00:00:14, Sys 0 00:00:02  -  Run Remote Usage
		Usr 0 00:00:00, Sys 0 00:00:00  -  Run Local Usage
		Usr 0 00:00:14, Sys 0 00:00:02  -  Total Remote Usage
		Usr 0 00:00:00, Sys 0 00:00:00  -  Total Local Usage
	1540  -  Run Bytes Sent By Job
	11207  -  Run Bytes Received By Job
	1540  -  Total Bytes Sent By Job
	11207  -  Total Bytes Received By Job
	Partitionable Resources :    Usage  Request Allocated 
	   Cpus                 :     0.03        4         4 
	   Disk (KB)            :    36           1   1269081 
	   Memory (MB)          :   269        8000      8000 

	Job terminated of its own accord at 2022-01-20T14:12:55Z.
...
