000 (3275858.021.000) 12/22 11:21:57 Job submitted from host: <188.185.70.244:9618?addrs=188.185.70.244-9618+[2001-1458-d00-7--100-2ee]-9618&alias=bigbird10.cern.ch&noUDP&sock=schedd_2095_9300>
...
040 (3275858.021.000) 12/22 13:37:00 Started transferring input files
	Transferring to host: <128.142.61.104:9618?addrs=128.142.61.104-9618&alias=b7s06p4298.cern.ch&noUDP&sock=slot1_5_4776_dfbb_5944>
...
040 (3275858.021.000) 12/22 13:37:00 Finished transferring input files
...
001 (3275858.021.000) 12/22 13:37:01 Job executing on host: <128.142.61.104:9618?addrs=128.142.61.104-9618&alias=b7s06p4298.cern.ch&noUDP&sock=startd_4430_30a4>
...
006 (3275858.021.000) 12/22 13:37:09 Image size of job updated: 290668
	209  -  MemoryUsage of job (MB)
	213812  -  ResidentSetSize of job (KB)
...
006 (3275858.021.000) 12/22 13:37:33 Image size of job updated: 1724496
	209  -  MemoryUsage of job (MB)
	213812  -  ResidentSetSize of job (KB)
...
040 (3275858.021.000) 12/22 13:37:33 Started transferring output files
...
040 (3275858.021.000) 12/22 13:37:33 Finished transferring output files
...
005 (3275858.021.000) 12/22 13:37:33 Job terminated.
	(1) Normal termination (return value 0)
		Usr 0 00:00:12, Sys 0 00:00:02  -  Run Remote Usage
		Usr 0 00:00:00, Sys 0 00:00:00  -  Run Local Usage
		Usr 0 00:00:12, Sys 0 00:00:02  -  Total Remote Usage
		Usr 0 00:00:00, Sys 0 00:00:00  -  Total Local Usage
	2137  -  Run Bytes Sent By Job
	11187  -  Run Bytes Received By Job
	2137  -  Total Bytes Sent By Job
	11187  -  Total Bytes Received By Job
	Partitionable Resources :    Usage  Request Allocated 
	   Cpus                 :                 4         4 
	   Disk (KB)            :       30        1    726687 
	   Memory (MB)          :      209     8000      8000 

	Job terminated of its own accord at 2021-12-22T12:37:33Z.
...
