000 (3293339.008.000) 01/10 13:03:43 Job submitted from host: <188.185.70.244:9618?addrs=188.185.70.244-9618+[2001-1458-d00-7--100-2ee]-9618&alias=bigbird10.cern.ch&noUDP&sock=schedd_7001_aea1>
...
040 (3293339.008.000) 01/10 13:07:46 Started transferring input files
	Transferring to host: <128.142.57.99:9618?addrs=128.142.57.99-9618&alias=b7s02p6468.cern.ch&noUDP&sock=slot1_15_4577_a913_28203>
...
040 (3293339.008.000) 01/10 13:07:46 Finished transferring input files
...
001 (3293339.008.000) 01/10 13:07:47 Job executing on host: <128.142.57.99:9618?addrs=128.142.57.99-9618&alias=b7s02p6468.cern.ch&noUDP&sock=startd_4228_a282>
...
006 (3293339.008.000) 01/10 13:07:55 Image size of job updated: 225572
	196  -  MemoryUsage of job (MB)
	199964  -  ResidentSetSize of job (KB)
...
006 (3293339.008.000) 01/10 13:07:56 Image size of job updated: 1672636
	196  -  MemoryUsage of job (MB)
	199972  -  ResidentSetSize of job (KB)
...
040 (3293339.008.000) 01/10 13:07:56 Started transferring output files
...
040 (3293339.008.000) 01/10 13:07:56 Finished transferring output files
...
005 (3293339.008.000) 01/10 13:07:56 Job terminated.
	(1) Normal termination (return value 1)
		Usr 0 00:00:03, Sys 0 00:00:02  -  Run Remote Usage
		Usr 0 00:00:00, Sys 0 00:00:00  -  Run Local Usage
		Usr 0 00:00:03, Sys 0 00:00:02  -  Total Remote Usage
		Usr 0 00:00:00, Sys 0 00:00:00  -  Total Local Usage
	11147  -  Run Bytes Sent By Job
	10526  -  Run Bytes Received By Job
	11147  -  Total Bytes Sent By Job
	10526  -  Total Bytes Received By Job
	Partitionable Resources :    Usage  Request Allocated 
	   Cpus                 :                 4         4 
	   Disk (KB)            :       38        1   1294926 
	   Memory (MB)          :      196     8000      8000 

	Job terminated of its own accord at 2022-01-10T12:07:56Z.
...
