000 (3273663.000.000) 12/17 12:22:56 Job submitted from host: <188.185.70.244:9618?addrs=188.185.70.244-9618+[2001-1458-d00-7--100-2ee]-9618&alias=bigbird10.cern.ch&noUDP&sock=schedd_2095_9300>
...
040 (3273663.000.000) 12/17 12:32:19 Started transferring input files
	Transferring to host: <128.142.59.93:9618?addrs=128.142.59.93-9618+[2001-1458-301-21--100-5c]-9618&alias=b7s04p6184.cern.ch&noUDP&sock=slot1_7_3550_0bc9_1000>
...
040 (3273663.000.000) 12/17 12:32:19 Finished transferring input files
...
001 (3273663.000.000) 12/17 12:32:20 Job executing on host: <128.142.59.93:9618?addrs=128.142.59.93-9618+[2001-1458-301-21--100-5c]-9618&alias=b7s04p6184.cern.ch&noUDP&sock=startd_2882_6408>
...
006 (3273663.000.000) 12/17 12:32:29 Image size of job updated: 1274088
	155  -  MemoryUsage of job (MB)
	157792  -  ResidentSetSize of job (KB)
...
006 (3273663.000.000) 12/17 12:37:30 Image size of job updated: 2583504
	1079  -  MemoryUsage of job (MB)
	1104276  -  ResidentSetSize of job (KB)
...
006 (3273663.000.000) 12/17 12:42:30 Image size of job updated: 2599888
	1095  -  MemoryUsage of job (MB)
	1120660  -  ResidentSetSize of job (KB)
...
040 (3273663.000.000) 12/17 13:18:41 Started transferring output files
...
040 (3273663.000.000) 12/17 13:18:41 Finished transferring output files
...
005 (3273663.000.000) 12/17 13:18:41 Job terminated.
	(1) Normal termination (return value 1)
		Usr 0 00:30:57, Sys 0 00:00:10  -  Run Remote Usage
		Usr 0 00:00:00, Sys 0 00:00:00  -  Run Local Usage
		Usr 0 00:30:57, Sys 0 00:00:10  -  Total Remote Usage
		Usr 0 00:00:00, Sys 0 00:00:00  -  Total Local Usage
	40828  -  Run Bytes Sent By Job
	11181  -  Run Bytes Received By Job
	40828  -  Total Bytes Sent By Job
	11181  -  Total Bytes Received By Job
	Partitionable Resources :    Usage  Request Allocated 
	   Cpus                 :     1.00        4         4 
	   Disk (KB)            :    74           1   1292519 
	   Memory (MB)          :  1095        8000      8000 

	Job terminated of its own accord at 2021-12-17T12:18:41Z.
...
