000 (3314883.009.000) 01/12 10:53:22 Job submitted from host: <188.185.70.244:9618?addrs=188.185.70.244-9618+[2001-1458-d00-7--100-2ee]-9618&alias=bigbird10.cern.ch&noUDP&sock=schedd_7001_aea1>
...
040 (3314883.009.000) 01/12 10:54:21 Started transferring input files
	Transferring to host: <128.142.58.145:9618?addrs=128.142.58.145-9618&alias=b7s03p1993.cern.ch&noUDP&sock=slot1_4_5061_aea7_27103>
...
040 (3314883.009.000) 01/12 10:54:21 Finished transferring input files
...
001 (3314883.009.000) 01/12 10:54:22 Job executing on host: <128.142.58.145:9618?addrs=128.142.58.145-9618&alias=b7s03p1993.cern.ch&noUDP&sock=startd_4683_ba1a>
...
006 (3314883.009.000) 01/12 10:54:30 Image size of job updated: 1220540
	155  -  MemoryUsage of job (MB)
	157788  -  ResidentSetSize of job (KB)
...
006 (3314883.009.000) 01/12 10:57:43 Image size of job updated: 1749692
	155  -  MemoryUsage of job (MB)
	157788  -  ResidentSetSize of job (KB)
...
040 (3314883.009.000) 01/12 10:57:43 Started transferring output files
...
040 (3314883.009.000) 01/12 10:57:44 Finished transferring output files
...
005 (3314883.009.000) 01/12 10:57:44 Job terminated.
	(1) Normal termination (return value 0)
		Usr 0 00:00:55, Sys 0 00:00:03  -  Run Remote Usage
		Usr 0 00:00:00, Sys 0 00:00:00  -  Run Local Usage
		Usr 0 00:00:55, Sys 0 00:00:03  -  Total Remote Usage
		Usr 0 00:00:00, Sys 0 00:00:00  -  Total Local Usage
	611567  -  Run Bytes Sent By Job
	10532  -  Run Bytes Received By Job
	611567  -  Total Bytes Sent By Job
	10532  -  Total Bytes Received By Job
	Partitionable Resources :    Usage  Request Allocated 
	   Cpus                 :     0.33        4         4 
	   Disk (KB)            :   630           1   1319781 
	   Memory (MB)          :   155        8000      8000 

	Job terminated of its own accord at 2022-01-12T09:57:43Z.
...
