000 (3300949.023.000) 01/10 17:49:45 Job submitted from host: <188.185.70.244:9618?addrs=188.185.70.244-9618+[2001-1458-d00-7--100-2ee]-9618&alias=bigbird10.cern.ch&noUDP&sock=schedd_7001_aea1>
...
040 (3300949.023.000) 01/10 17:55:47 Started transferring input files
	Transferring to host: <188.184.165.33:9618?addrs=188.184.165.33-9618&alias=b7s14p3939.cern.ch&noUDP&sock=slot1_21_4278_fce7_23223>
...
040 (3300949.023.000) 01/10 17:55:47 Finished transferring input files
...
001 (3300949.023.000) 01/10 17:55:48 Job executing on host: <188.184.165.33:9618?addrs=188.184.165.33-9618&alias=b7s14p3939.cern.ch&noUDP&sock=startd_4087_eba8>
...
006 (3300949.023.000) 01/10 17:55:57 Image size of job updated: 318640
	153  -  MemoryUsage of job (MB)
	156368  -  ResidentSetSize of job (KB)
...
006 (3300949.023.000) 01/10 17:57:56 Image size of job updated: 1735972
	154  -  MemoryUsage of job (MB)
	157368  -  ResidentSetSize of job (KB)
...
040 (3300949.023.000) 01/10 17:58:01 Entered queue to transfer output files
...
040 (3300949.023.000) 01/10 17:58:03 Started transferring output files
...
040 (3300949.023.000) 01/10 17:58:03 Finished transferring output files
...
005 (3300949.023.000) 01/10 17:58:03 Job terminated.
	(1) Normal termination (return value 0)
		Usr 0 00:00:23, Sys 0 00:00:03  -  Run Remote Usage
		Usr 0 00:00:00, Sys 0 00:00:00  -  Run Local Usage
		Usr 0 00:00:23, Sys 0 00:00:03  -  Total Remote Usage
		Usr 0 00:00:00, Sys 0 00:00:00  -  Total Local Usage
	35793  -  Run Bytes Sent By Job
	10528  -  Run Bytes Received By Job
	35793  -  Total Bytes Sent By Job
	10528  -  Total Bytes Received By Job
	Partitionable Resources :    Usage  Request Allocated 
	   Cpus                 :                 4         4 
	   Disk (KB)            :       61        1   2769848 
	   Memory (MB)          :      154     8000      8000 

	Job terminated of its own accord at 2022-01-10T16:57:56Z.
...
