000 (3315599.008.000) 01/12 17:37:04 Job submitted from host: <188.185.70.244:9618?addrs=188.185.70.244-9618+[2001-1458-d00-7--100-2ee]-9618&alias=bigbird10.cern.ch&noUDP&sock=schedd_7001_aea1>
...
040 (3315599.008.000) 01/13 01:30:55 Started transferring input files
	Transferring to host: <128.142.61.138:9618?addrs=128.142.61.138-9618+[2001-1458-301-23--100-89]-9618&alias=b7s06p2835.cern.ch&noUDP&sock=slot1_6_3611_06ac_26754>
...
040 (3315599.008.000) 01/13 01:30:55 Finished transferring input files
...
001 (3315599.008.000) 01/13 01:30:56 Job executing on host: <128.142.61.138:9618?addrs=128.142.61.138-9618+[2001-1458-301-23--100-89]-9618&alias=b7s06p2835.cern.ch&noUDP&sock=startd_2950_0879>
...
006 (3315599.008.000) 01/13 01:31:05 Image size of job updated: 1304152
	205  -  MemoryUsage of job (MB)
	209648  -  ResidentSetSize of job (KB)
...
040 (3315599.008.000) 01/13 01:31:07 Started transferring output files
...
040 (3315599.008.000) 01/13 01:31:07 Finished transferring output files
...
005 (3315599.008.000) 01/13 01:31:07 Job terminated.
	(1) Normal termination (return value 1)
		Usr 0 00:00:04, Sys 0 00:00:02  -  Run Remote Usage
		Usr 0 00:00:00, Sys 0 00:00:00  -  Run Local Usage
		Usr 0 00:00:04, Sys 0 00:00:02  -  Total Remote Usage
		Usr 0 00:00:00, Sys 0 00:00:00  -  Total Local Usage
	5538  -  Run Bytes Sent By Job
	10523  -  Run Bytes Received By Job
	5538  -  Total Bytes Sent By Job
	10523  -  Total Bytes Received By Job
	Partitionable Resources :    Usage  Request Allocated 
	   Cpus                 :                 4         4 
	   Disk (KB)            :       33        1   1268307 
	   Memory (MB)          :      205     8000      8000 

	Job terminated of its own accord at 2022-01-13T00:31:06Z.
...
