000 (3317020.013.000) 01/13 15:46:02 Job submitted from host: <188.185.70.244:9618?addrs=188.185.70.244-9618+[2001-1458-d00-7--100-2ee]-9618&alias=bigbird10.cern.ch&noUDP&sock=schedd_7001_aea1>
...
040 (3317020.013.000) 01/13 15:56:54 Started transferring input files
	Transferring to host: <128.142.57.71:9618?addrs=128.142.57.71-9618&alias=b7s02p9588.cern.ch&noUDP&sock=slot1_13_4830_ebfd_26470>
...
040 (3317020.013.000) 01/13 15:56:54 Finished transferring input files
...
001 (3317020.013.000) 01/13 15:56:55 Job executing on host: <128.142.57.71:9618?addrs=128.142.57.71-9618&alias=b7s02p9588.cern.ch&noUDP&sock=startd_4440_0c96>
...
006 (3317020.013.000) 01/13 15:57:04 Image size of job updated: 371900
	155  -  MemoryUsage of job (MB)
	157816  -  ResidentSetSize of job (KB)
...
006 (3317020.013.000) 01/13 16:02:05 Image size of job updated: 1727840
	269  -  MemoryUsage of job (MB)
	274988  -  ResidentSetSize of job (KB)
...
006 (3317020.013.000) 01/13 16:12:06 Image size of job updated: 2012608
	545  -  MemoryUsage of job (MB)
	557624  -  ResidentSetSize of job (KB)
...
006 (3317020.013.000) 01/13 17:37:15 Image size of job updated: 2398628
	849  -  MemoryUsage of job (MB)
	869372  -  ResidentSetSize of job (KB)
...
006 (3317020.013.000) 01/13 18:17:19 Image size of job updated: 2919480
	1160  -  MemoryUsage of job (MB)
	1187724  -  ResidentSetSize of job (KB)
...
006 (3317020.013.000) 01/13 18:32:20 Image size of job updated: 2919480
	1160  -  MemoryUsage of job (MB)
	1187732  -  ResidentSetSize of job (KB)
...
006 (3317020.013.000) 01/13 18:42:22 Image size of job updated: 3329404
	1518  -  MemoryUsage of job (MB)
	1554280  -  ResidentSetSize of job (KB)
...
006 (3317020.013.000) 01/13 18:47:22 Image size of job updated: 3329404
	1520  -  MemoryUsage of job (MB)
	1556264  -  ResidentSetSize of job (KB)
...
006 (3317020.013.000) 01/13 19:27:27 Image size of job updated: 3329404
	1548  -  MemoryUsage of job (MB)
	1584840  -  ResidentSetSize of job (KB)
...
006 (3317020.013.000) 01/13 19:32:27 Image size of job updated: 3761388
	1911  -  MemoryUsage of job (MB)
	1956416  -  ResidentSetSize of job (KB)
...
006 (3317020.013.000) 01/13 20:52:36 Image size of job updated: 4244884
	2322  -  MemoryUsage of job (MB)
	2377448  -  ResidentSetSize of job (KB)
...
006 (3317020.013.000) 01/13 21:12:38 Image size of job updated: 4244884
	2322  -  MemoryUsage of job (MB)
	2377452  -  ResidentSetSize of job (KB)
...
006 (3317020.013.000) 01/13 21:42:41 Image size of job updated: 4716968
	2765  -  MemoryUsage of job (MB)
	2830860  -  ResidentSetSize of job (KB)
...
006 (3317020.013.000) 01/13 22:07:44 Image size of job updated: 4919192
	3376  -  MemoryUsage of job (MB)
	3456836  -  ResidentSetSize of job (KB)
...
006 (3317020.013.000) 01/13 22:12:45 Image size of job updated: 5280660
	3376  -  MemoryUsage of job (MB)
	3456836  -  ResidentSetSize of job (KB)
...
006 (3317020.013.000) 01/13 22:37:46 Image size of job updated: 5878408
	3771  -  MemoryUsage of job (MB)
	3860628  -  ResidentSetSize of job (KB)
...
040 (3317020.013.000) 01/13 22:57:38 Started transferring output files
...
040 (3317020.013.000) 01/13 22:57:38 Finished transferring output files
...
005 (3317020.013.000) 01/13 22:57:38 Job terminated.
	(1) Normal termination (return value 0)
		Usr 0 00:43:45, Sys 0 00:00:49  -  Run Remote Usage
		Usr 0 00:00:00, Sys 0 00:00:00  -  Run Local Usage
		Usr 0 00:43:45, Sys 0 00:00:49  -  Total Remote Usage
		Usr 0 00:00:00, Sys 0 00:00:00  -  Total Local Usage
	16505  -  Run Bytes Sent By Job
	10531  -  Run Bytes Received By Job
	16505  -  Total Bytes Sent By Job
	10531  -  Total Bytes Received By Job
	Partitionable Resources :    Usage  Request Allocated 
	   Cpus                 :     0.02        4         4 
	   Disk (KB)            :    49           1   1195308 
	   Memory (MB)          :  3771        8000      8000 

	Job terminated of its own accord at 2022-01-13T21:57:38Z.
...
