000 (3315592.011.000) 01/12 17:36:25 Job submitted from host: <188.185.70.244:9618?addrs=188.185.70.244-9618+[2001-1458-d00-7--100-2ee]-9618&alias=bigbird10.cern.ch&noUDP&sock=schedd_7001_aea1>
...
040 (3315592.011.000) 01/13 01:13:35 Started transferring input files
	Transferring to host: <128.142.61.121:9618?addrs=128.142.61.121-9618+[2001-1458-301-23--100-78]-9618&alias=b7s06p0214.cern.ch&noUDP&sock=slot1_38_5706_24a1_27992>
...
040 (3315592.011.000) 01/13 01:13:35 Finished transferring input files
...
001 (3315592.011.000) 01/13 01:13:36 Job executing on host: <128.142.61.121:9618?addrs=128.142.61.121-9618+[2001-1458-301-23--100-78]-9618&alias=b7s06p0214.cern.ch&noUDP&sock=startd_5291_c3af>
...
006 (3315592.011.000) 01/13 01:13:45 Image size of job updated: 1261132
	155  -  MemoryUsage of job (MB)
	157852  -  ResidentSetSize of job (KB)
...
006 (3315592.011.000) 01/13 01:14:06 Image size of job updated: 1276052
	155  -  MemoryUsage of job (MB)
	157852  -  ResidentSetSize of job (KB)
...
040 (3315592.011.000) 01/13 01:14:06 Started transferring output files
...
040 (3315592.011.000) 01/13 01:14:06 Finished transferring output files
...
005 (3315592.011.000) 01/13 01:14:06 Job terminated.
	(1) Normal termination (return value 1)
		Usr 0 00:00:03, Sys 0 00:00:02  -  Run Remote Usage
		Usr 0 00:00:00, Sys 0 00:00:00  -  Run Local Usage
		Usr 0 00:00:03, Sys 0 00:00:02  -  Total Remote Usage
		Usr 0 00:00:00, Sys 0 00:00:00  -  Total Local Usage
	6335  -  Run Bytes Sent By Job
	10531  -  Run Bytes Received By Job
	6335  -  Total Bytes Sent By Job
	10531  -  Total Bytes Received By Job
	Partitionable Resources :    Usage  Request Allocated 
	   Cpus                 :                 4         4 
	   Disk (KB)            :       33        1   1285448 
	   Memory (MB)          :      155     8000      8000 

	Job terminated of its own accord at 2022-01-13T00:14:06Z.
...
