000 (3335543.000.000) 01/19 08:45:39 Job submitted from host: <188.185.70.244:9618?addrs=188.185.70.244-9618+[2001-1458-d00-7--100-2ee]-9618&alias=bigbird10.cern.ch&noUDP&sock=schedd_7001_aea1>
...
040 (3335543.000.000) 01/19 08:52:21 Started transferring input files
	Transferring to host: <128.142.59.90:9618?addrs=128.142.59.90-9618&alias=b7s04p7078.cern.ch&noUDP&sock=slot1_7_4799_145c_37477>
...
040 (3335543.000.000) 01/19 08:52:21 Finished transferring input files
...
001 (3335543.000.000) 01/19 08:52:22 Job executing on host: <128.142.59.90:9618?addrs=128.142.59.90-9618&alias=b7s04p7078.cern.ch&noUDP&sock=startd_4446_2a28>
...
006 (3335543.000.000) 01/19 08:52:31 Image size of job updated: 1672892
	236  -  MemoryUsage of job (MB)
	241576  -  ResidentSetSize of job (KB)
...
006 (3335543.000.000) 01/19 08:57:32 Image size of job updated: 1776232
	321  -  MemoryUsage of job (MB)
	327760  -  ResidentSetSize of job (KB)
...
006 (3335543.000.000) 01/19 09:02:32 Image size of job updated: 2790152
	901  -  MemoryUsage of job (MB)
	922140  -  ResidentSetSize of job (KB)
...
006 (3335543.000.000) 01/19 09:17:34 Image size of job updated: 2790152
	901  -  MemoryUsage of job (MB)
	922148  -  ResidentSetSize of job (KB)
...
006 (3335543.000.000) 01/19 09:27:35 Image size of job updated: 2790152
	901  -  MemoryUsage of job (MB)
	922216  -  ResidentSetSize of job (KB)
...
006 (3335543.000.000) 01/19 09:32:36 Image size of job updated: 3340132
	1404  -  MemoryUsage of job (MB)
	1436816  -  ResidentSetSize of job (KB)
...
006 (3335543.000.000) 01/19 09:42:36 Image size of job updated: 3340132
	1404  -  MemoryUsage of job (MB)
	1436832  -  ResidentSetSize of job (KB)
...
006 (3335543.000.000) 01/19 09:47:37 Image size of job updated: 3340132
	1405  -  MemoryUsage of job (MB)
	1438560  -  ResidentSetSize of job (KB)
...
006 (3335543.000.000) 01/19 09:52:37 Image size of job updated: 3869176
	1854  -  MemoryUsage of job (MB)
	1898216  -  ResidentSetSize of job (KB)
...
006 (3335543.000.000) 01/19 10:17:40 Image size of job updated: 3869176
	1855  -  MemoryUsage of job (MB)
	1898880  -  ResidentSetSize of job (KB)
...
006 (3335543.000.000) 01/19 10:22:41 Image size of job updated: 4362788
	2271  -  MemoryUsage of job (MB)
	2324740  -  ResidentSetSize of job (KB)
...
006 (3335543.000.000) 01/19 10:57:44 Image size of job updated: 4873604
	2740  -  MemoryUsage of job (MB)
	2805260  -  ResidentSetSize of job (KB)
...
006 (3335543.000.000) 01/19 11:32:47 Image size of job updated: 4873604
	2768  -  MemoryUsage of job (MB)
	2833420  -  ResidentSetSize of job (KB)
...
006 (3335543.000.000) 01/19 11:37:48 Image size of job updated: 5418148
	3238  -  MemoryUsage of job (MB)
	3315588  -  ResidentSetSize of job (KB)
...
006 (3335543.000.000) 01/19 11:47:49 Image size of job updated: 5418148
	3238  -  MemoryUsage of job (MB)
	3315592  -  ResidentSetSize of job (KB)
...
040 (3335543.000.000) 01/19 11:49:37 Started transferring output files
...
040 (3335543.000.000) 01/19 11:49:37 Finished transferring output files
...
004 (3335543.000.000) 01/19 11:49:37 Job was evicted.
	(0) CPU times
		Usr 0 01:10:30, Sys 0 00:01:04  -  Run Remote Usage
		Usr 0 00:00:00, Sys 0 00:00:00  -  Run Local Usage
	0  -  Run Bytes Sent By Job
	11207  -  Run Bytes Received By Job
	Partitionable Resources :    Usage  Request Allocated 
	   Cpus                 :     0.08        4         4 
	   Disk (KB)            :    34           1   1202876 
	   Memory (MB)          :  3238        8000      8000 
...
009 (3335543.000.000) 01/19 11:49:37 Job was aborted.
	via condor_rm (by user vdamante)
...
