000 (3340594.017.000) 01/20 15:02:55 Job submitted from host: <188.185.70.244:9618?addrs=188.185.70.244-9618+[2001-1458-d00-7--100-2ee]-9618&alias=bigbird10.cern.ch&noUDP&sock=schedd_7001_aea1>
...
040 (3340594.017.000) 01/20 15:06:11 Started transferring input files
	Transferring to host: <128.142.61.135:9618?addrs=128.142.61.135-9618&alias=b7s06p7796.cern.ch&noUDP&sock=slot1_6_3649_cced_37525>
...
040 (3340594.017.000) 01/20 15:06:11 Finished transferring input files
...
001 (3340594.017.000) 01/20 15:06:12 Job executing on host: <128.142.61.135:9618?addrs=128.142.61.135-9618&alias=b7s06p7796.cern.ch&noUDP&sock=startd_2664_dc63>
...
006 (3340594.017.000) 01/20 15:06:21 Image size of job updated: 714156
	166  -  MemoryUsage of job (MB)
	168976  -  ResidentSetSize of job (KB)
...
006 (3340594.017.000) 01/20 15:07:57 Image size of job updated: 1733488
	166  -  MemoryUsage of job (MB)
	169020  -  ResidentSetSize of job (KB)
...
040 (3340594.017.000) 01/20 15:08:00 Started transferring output files
...
040 (3340594.017.000) 01/20 15:08:00 Finished transferring output files
...
005 (3340594.017.000) 01/20 15:08:01 Job terminated.
	(1) Normal termination (return value 0)
		Usr 0 00:00:23, Sys 0 00:00:02  -  Run Remote Usage
		Usr 0 00:00:00, Sys 0 00:00:00  -  Run Local Usage
		Usr 0 00:00:23, Sys 0 00:00:02  -  Total Remote Usage
		Usr 0 00:00:00, Sys 0 00:00:00  -  Total Local Usage
	1724  -  Run Bytes Sent By Job
	11210  -  Run Bytes Received By Job
	1724  -  Total Bytes Sent By Job
	11210  -  Total Bytes Received By Job
	Partitionable Resources :    Usage  Request Allocated 
	   Cpus                 :                 4         4 
	   Disk (KB)            :       28        1   1316447 
	   Memory (MB)          :      166     8000      8000 

	Job terminated of its own accord at 2022-01-20T14:07:57Z.
...
