000 (3301542.018.000) 01/10 18:12:51 Job submitted from host: <188.185.70.244:9618?addrs=188.185.70.244-9618+[2001-1458-d00-7--100-2ee]-9618&alias=bigbird10.cern.ch&noUDP&sock=schedd_7001_aea1>
...
040 (3301542.018.000) 01/10 18:13:59 Started transferring input files
	Transferring to host: <188.184.163.90:9618?addrs=188.184.163.90-9618+[2001-1458-301-4d--100-54]-9618&alias=b7s12p1664.cern.ch&noUDP&sock=slot1_10_3552_748a_23275>
...
040 (3301542.018.000) 01/10 18:13:59 Finished transferring input files
...
001 (3301542.018.000) 01/10 18:14:00 Job executing on host: <188.184.163.90:9618?addrs=188.184.163.90-9618+[2001-1458-301-4d--100-54]-9618&alias=b7s12p1664.cern.ch&noUDP&sock=startd_2958_853b>
...
006 (3301542.018.000) 01/10 18:14:04 Image size of job updated: 35504
	0  -  MemoryUsage of job (MB)
	0  -  ResidentSetSize of job (KB)
...
040 (3301542.018.000) 01/10 18:14:04 Started transferring output files
...
040 (3301542.018.000) 01/10 18:14:04 Finished transferring output files
...
005 (3301542.018.000) 01/10 18:14:04 Job terminated.
	(1) Normal termination (return value 1)
		Usr 0 00:00:01, Sys 0 00:00:00  -  Run Remote Usage
		Usr 0 00:00:00, Sys 0 00:00:00  -  Run Local Usage
		Usr 0 00:00:01, Sys 0 00:00:00  -  Total Remote Usage
		Usr 0 00:00:00, Sys 0 00:00:00  -  Total Local Usage
	202  -  Run Bytes Sent By Job
	10528  -  Run Bytes Received By Job
	202  -  Total Bytes Sent By Job
	10528  -  Total Bytes Received By Job
	Partitionable Resources :    Usage  Request Allocated 
	   Cpus                 :                 4         4 
	   Disk (KB)            :       28        1   3031520 
	   Memory (MB)          :        0     8000      8000 

	Job terminated of its own accord at 2022-01-10T17:14:04Z.
...
