000 (3315592.000.000) 01/12 17:36:25 Job submitted from host: <188.185.70.244:9618?addrs=188.185.70.244-9618+[2001-1458-d00-7--100-2ee]-9618&alias=bigbird10.cern.ch&noUDP&sock=schedd_7001_aea1>
...
040 (3315592.000.000) 01/13 01:13:31 Started transferring input files
	Transferring to host: <128.142.132.77:9618?addrs=128.142.132.77-9618+[2001-1458-301-5a--100-41]-9618&alias=b7g12p8185.cern.ch&noUDP&sock=slot1_13_13518_675f_30794>
...
040 (3315592.000.000) 01/13 01:13:32 Finished transferring input files
...
001 (3315592.000.000) 01/13 01:13:33 Job executing on host: <128.142.132.77:9618?addrs=128.142.132.77-9618+[2001-1458-301-5a--100-41]-9618&alias=b7g12p8185.cern.ch&noUDP&sock=startd_13480_bcbc>
...
006 (3315592.000.000) 01/13 01:13:41 Image size of job updated: 247896
	113  -  MemoryUsage of job (MB)
	115168  -  ResidentSetSize of job (KB)
...
006 (3315592.000.000) 01/13 01:14:14 Image size of job updated: 1273596
	113  -  MemoryUsage of job (MB)
	115172  -  ResidentSetSize of job (KB)
...
040 (3315592.000.000) 01/13 01:14:19 Entered queue to transfer output files
...
040 (3315592.000.000) 01/13 01:14:19 Started transferring output files
...
040 (3315592.000.000) 01/13 01:14:20 Finished transferring output files
...
005 (3315592.000.000) 01/13 01:14:20 Job terminated.
	(1) Normal termination (return value 1)
		Usr 0 00:00:07, Sys 0 00:00:04  -  Run Remote Usage
		Usr 0 00:00:00, Sys 0 00:00:00  -  Run Local Usage
		Usr 0 00:00:07, Sys 0 00:00:04  -  Total Remote Usage
		Usr 0 00:00:00, Sys 0 00:00:00  -  Total Local Usage
	4321  -  Run Bytes Sent By Job
	10531  -  Run Bytes Received By Job
	4321  -  Total Bytes Sent By Job
	10531  -  Total Bytes Received By Job
	Partitionable Resources :    Usage  Request Allocated 
	   Cpus                 :                 4         4 
	   Disk (KB)            :       31        1   1552262 
	   Memory (MB)          :      113     8000      8000 

	Job terminated of its own accord at 2022-01-13T00:14:14Z.
...
