000 (3314869.003.000) 01/12 10:09:16 Job submitted from host: <188.185.70.244:9618?addrs=188.185.70.244-9618+[2001-1458-d00-7--100-2ee]-9618&alias=bigbird10.cern.ch&noUDP&sock=schedd_7001_aea1>
...
040 (3314869.003.000) 01/12 10:37:40 Started transferring input files
	Transferring to host: <188.184.163.83:9618?addrs=188.184.163.83-9618+[2001-1458-301-4d--100-4d]-9618&alias=b7s12p1490.cern.ch&noUDP&sock=slot1_3_4057_45fe_24661>
...
040 (3314869.003.000) 01/12 10:37:40 Finished transferring input files
...
001 (3314869.003.000) 01/12 10:37:41 Job executing on host: <188.184.163.83:9618?addrs=188.184.163.83-9618+[2001-1458-301-4d--100-4d]-9618&alias=b7s12p1490.cern.ch&noUDP&sock=startd_3149_87d2>
...
006 (3314869.003.000) 01/12 10:37:50 Image size of job updated: 631872
	61  -  MemoryUsage of job (MB)
	61536  -  ResidentSetSize of job (KB)
...
006 (3314869.003.000) 01/12 10:42:51 Image size of job updated: 1755164
	295  -  MemoryUsage of job (MB)
	301532  -  ResidentSetSize of job (KB)
...
006 (3314869.003.000) 01/12 10:47:51 Image size of job updated: 1755976
	296  -  MemoryUsage of job (MB)
	302700  -  ResidentSetSize of job (KB)
...
006 (3314869.003.000) 01/12 10:52:52 Image size of job updated: 1798528
	328  -  MemoryUsage of job (MB)
	335412  -  ResidentSetSize of job (KB)
...
006 (3314869.003.000) 01/12 10:57:53 Image size of job updated: 1872348
	401  -  MemoryUsage of job (MB)
	410036  -  ResidentSetSize of job (KB)
...
006 (3314869.003.000) 01/12 11:02:53 Image size of job updated: 1967684
	469  -  MemoryUsage of job (MB)
	479968  -  ResidentSetSize of job (KB)
...
006 (3314869.003.000) 01/12 11:07:53 Image size of job updated: 2015668
	542  -  MemoryUsage of job (MB)
	554080  -  ResidentSetSize of job (KB)
...
006 (3314869.003.000) 01/12 11:12:55 Image size of job updated: 2161636
	612  -  MemoryUsage of job (MB)
	626024  -  ResidentSetSize of job (KB)
...
006 (3314869.003.000) 01/12 11:17:55 Image size of job updated: 2851776
	1409  -  MemoryUsage of job (MB)
	1442156  -  ResidentSetSize of job (KB)
...
006 (3314869.003.000) 01/12 11:18:14 Image size of job updated: 3436596
	1409  -  MemoryUsage of job (MB)
	1442220  -  ResidentSetSize of job (KB)
...
040 (3314869.003.000) 01/12 11:18:14 Started transferring output files
...
040 (3314869.003.000) 01/12 11:18:14 Finished transferring output files
...
004 (3314869.003.000) 01/12 11:18:14 Job was evicted.
	(0) CPU times
		Usr 0 00:28:29, Sys 0 00:00:12  -  Run Remote Usage
		Usr 0 00:00:00, Sys 0 00:00:00  -  Run Local Usage
	614845  -  Run Bytes Sent By Job
	10523  -  Run Bytes Received By Job
	Partitionable Resources :    Usage  Request Allocated 
	   Cpus                 :     0.97        4         4 
	   Disk (KB)            :   634           1   3074364 
	   Memory (MB)          :  1409        8000      8000 
...
009 (3314869.003.000) 01/12 11:18:14 Job was aborted.
	via condor_rm (by user vdamante)
...
