000 (3335429.019.000) 01/18 23:49:51 Job submitted from host: <188.185.70.244:9618?addrs=188.185.70.244-9618+[2001-1458-d00-7--100-2ee]-9618&alias=bigbird10.cern.ch&noUDP&sock=schedd_7001_aea1>
...
040 (3335429.019.000) 01/19 01:45:56 Started transferring input files
	Transferring to host: <128.142.63.45:9618?addrs=128.142.63.45-9618+[2001-1458-301-38--100-2a]-9618&alias=b7s08p7189.cern.ch&noUDP&sock=slot1_7_3601_faec_36888>
...
040 (3335429.019.000) 01/19 01:45:56 Finished transferring input files
...
001 (3335429.019.000) 01/19 01:45:57 Job executing on host: <128.142.63.45:9618?addrs=128.142.63.45-9618+[2001-1458-301-38--100-2a]-9618&alias=b7s08p7189.cern.ch&noUDP&sock=startd_2938_cd56>
...
006 (3335429.019.000) 01/19 01:46:05 Image size of job updated: 269264
	42  -  MemoryUsage of job (MB)
	42932  -  ResidentSetSize of job (KB)
...
006 (3335429.019.000) 01/19 01:51:05 Image size of job updated: 2792180
	903  -  MemoryUsage of job (MB)
	924196  -  ResidentSetSize of job (KB)
...
006 (3335429.019.000) 01/19 02:11:08 Image size of job updated: 2792180
	904  -  MemoryUsage of job (MB)
	925428  -  ResidentSetSize of job (KB)
...
006 (3335429.019.000) 01/19 02:16:09 Image size of job updated: 3340920
	1404  -  MemoryUsage of job (MB)
	1437512  -  ResidentSetSize of job (KB)
...
006 (3335429.019.000) 01/19 02:36:11 Image size of job updated: 3524996
	2249  -  MemoryUsage of job (MB)
	2302036  -  ResidentSetSize of job (KB)
...
006 (3335429.019.000) 01/19 02:41:11 Image size of job updated: 3893552
	2249  -  MemoryUsage of job (MB)
	2302036  -  ResidentSetSize of job (KB)
...
006 (3335429.019.000) 01/19 03:01:14 Image size of job updated: 4030332
	2490  -  MemoryUsage of job (MB)
	2549148  -  ResidentSetSize of job (KB)
...
006 (3335429.019.000) 01/19 03:06:15 Image size of job updated: 4432036
	2490  -  MemoryUsage of job (MB)
	2549148  -  ResidentSetSize of job (KB)
...
006 (3335429.019.000) 01/19 03:31:16 Image size of job updated: 4959588
	2747  -  MemoryUsage of job (MB)
	2812128  -  ResidentSetSize of job (KB)
...
006 (3335429.019.000) 01/19 03:51:19 Image size of job updated: 4959588
	2836  -  MemoryUsage of job (MB)
	2903372  -  ResidentSetSize of job (KB)
...
006 (3335429.019.000) 01/19 03:56:20 Image size of job updated: 5529968
	3286  -  MemoryUsage of job (MB)
	3364268  -  ResidentSetSize of job (KB)
...
006 (3335429.019.000) 01/19 04:16:21 Image size of job updated: 5705796
	4132  -  MemoryUsage of job (MB)
	4230640  -  ResidentSetSize of job (KB)
...
006 (3335429.019.000) 01/19 04:21:21 Image size of job updated: 6128896
	4132  -  MemoryUsage of job (MB)
	4231012  -  ResidentSetSize of job (KB)
...
006 (3335429.019.000) 01/19 04:41:23 Image size of job updated: 6758892
	4286  -  MemoryUsage of job (MB)
	4387960  -  ResidentSetSize of job (KB)
...
006 (3335429.019.000) 01/19 04:46:24 Image size of job updated: 6758892
	4286  -  MemoryUsage of job (MB)
	4387964  -  ResidentSetSize of job (KB)
...
006 (3335429.019.000) 01/19 05:01:26 Image size of job updated: 6758892
	4291  -  MemoryUsage of job (MB)
	4393512  -  ResidentSetSize of job (KB)
...
006 (3335429.019.000) 01/19 05:06:26 Image size of job updated: 7453304
	5100  -  MemoryUsage of job (MB)
	5221716  -  ResidentSetSize of job (KB)
...
006 (3335429.019.000) 01/19 05:26:28 Image size of job updated: 8214628
	6580  -  MemoryUsage of job (MB)
	6737624  -  ResidentSetSize of job (KB)
...
040 (3335429.019.000) 01/19 05:47:16 Started transferring output files
...
040 (3335429.019.000) 01/19 05:47:16 Finished transferring output files
...
005 (3335429.019.000) 01/19 05:47:16 Job terminated.
	(1) Normal termination (return value 0)
		Usr 0 02:15:43, Sys 0 00:01:08  -  Run Remote Usage
		Usr 0 00:00:00, Sys 0 00:00:00  -  Run Local Usage
		Usr 0 02:15:43, Sys 0 00:01:08  -  Total Remote Usage
		Usr 0 00:00:00, Sys 0 00:00:00  -  Total Local Usage
	1540  -  Run Bytes Sent By Job
	11207  -  Run Bytes Received By Job
	1540  -  Total Bytes Sent By Job
	11207  -  Total Bytes Received By Job
	Partitionable Resources :    Usage  Request Allocated 
	   Cpus                 :     0.54        4         4 
	   Disk (KB)            :    36           1   1093082 
	   Memory (MB)          :  6580        8000      8000 

	Job terminated of its own accord at 2022-01-19T04:47:16Z.
...
