000 (3336020.001.000) 01/19 11:59:29 Job submitted from host: <188.185.70.244:9618?addrs=188.185.70.244-9618+[2001-1458-d00-7--100-2ee]-9618&alias=bigbird10.cern.ch&noUDP&sock=schedd_7001_aea1>
...
040 (3336020.001.000) 01/19 12:19:35 Started transferring input files
	Transferring to host: <188.184.164.212:9618?addrs=188.184.164.212-9618&alias=b7s13p2964.cern.ch&noUDP&sock=slot1_16_4502_d0f0_33646>
...
040 (3336020.001.000) 01/19 12:19:35 Finished transferring input files
...
001 (3336020.001.000) 01/19 12:19:36 Job executing on host: <188.184.164.212:9618?addrs=188.184.164.212-9618&alias=b7s13p2964.cern.ch&noUDP&sock=startd_4270_717c>
...
006 (3336020.001.000) 01/19 12:19:45 Image size of job updated: 284308
	135  -  MemoryUsage of job (MB)
	137388  -  ResidentSetSize of job (KB)
...
006 (3336020.001.000) 01/19 12:24:46 Image size of job updated: 1764104
	302  -  MemoryUsage of job (MB)
	309108  -  ResidentSetSize of job (KB)
...
006 (3336020.001.000) 01/19 12:29:46 Image size of job updated: 1764104
	302  -  MemoryUsage of job (MB)
	309148  -  ResidentSetSize of job (KB)
...
040 (3336020.001.000) 01/19 12:31:21 Started transferring output files
...
040 (3336020.001.000) 01/19 12:31:21 Finished transferring output files
...
005 (3336020.001.000) 01/19 12:31:21 Job terminated.
	(1) Normal termination (return value 0)
		Usr 0 00:00:42, Sys 0 00:00:04  -  Run Remote Usage
		Usr 0 00:00:00, Sys 0 00:00:00  -  Run Local Usage
		Usr 0 00:00:42, Sys 0 00:00:04  -  Total Remote Usage
		Usr 0 00:00:00, Sys 0 00:00:00  -  Total Local Usage
	1537  -  Run Bytes Sent By Job
	11207  -  Run Bytes Received By Job
	1537  -  Total Bytes Sent By Job
	11207  -  Total Bytes Received By Job
	Partitionable Resources :    Usage  Request Allocated 
	   Cpus                 :     0.05        4         4 
	   Disk (KB)            :    35           1   2948532 
	   Memory (MB)          :   302        8000      8000 

	Job terminated of its own accord at 2022-01-19T11:31:21Z.
...
