000 (3322104.017.000) 01/17 17:36:43 Job submitted from host: <188.185.70.244:9618?addrs=188.185.70.244-9618+[2001-1458-d00-7--100-2ee]-9618&alias=bigbird10.cern.ch&noUDP&sock=schedd_7001_aea1>
...
040 (3322104.017.000) 01/17 18:08:11 Started transferring input files
	Transferring to host: <128.142.58.35:9618?addrs=128.142.58.35-9618&alias=b7s03p8339.cern.ch&noUDP&sock=slot1_25_5554_0b9b_31740>
...
040 (3322104.017.000) 01/17 18:08:11 Finished transferring input files
...
001 (3322104.017.000) 01/17 18:08:12 Job executing on host: <128.142.58.35:9618?addrs=128.142.58.35-9618&alias=b7s03p8339.cern.ch&noUDP&sock=startd_5117_6a34>
...
006 (3322104.017.000) 01/17 18:08:21 Image size of job updated: 1241688
	155  -  MemoryUsage of job (MB)
	157884  -  ResidentSetSize of job (KB)
...
006 (3322104.017.000) 01/17 18:10:57 Image size of job updated: 1728756
	155  -  MemoryUsage of job (MB)
	157884  -  ResidentSetSize of job (KB)
...
040 (3322104.017.000) 01/17 18:10:57 Started transferring output files
...
040 (3322104.017.000) 01/17 18:10:57 Finished transferring output files
...
005 (3322104.017.000) 01/17 18:10:57 Job terminated.
	(1) Normal termination (return value 0)
		Usr 0 00:00:24, Sys 0 00:00:04  -  Run Remote Usage
		Usr 0 00:00:00, Sys 0 00:00:00  -  Run Local Usage
		Usr 0 00:00:24, Sys 0 00:00:04  -  Total Remote Usage
		Usr 0 00:00:00, Sys 0 00:00:00  -  Total Local Usage
	1724  -  Run Bytes Sent By Job
	10527  -  Run Bytes Received By Job
	1724  -  Total Bytes Sent By Job
	10527  -  Total Bytes Received By Job
	Partitionable Resources :    Usage  Request Allocated 
	   Cpus                 :                 4         4 
	   Disk (KB)            :       29        1   1238347 
	   Memory (MB)          :      155     8000      8000 

	Job terminated of its own accord at 2022-01-17T17:10:57Z.
...
