000 (3275855.008.000) 12/22 11:21:45 Job submitted from host: <188.185.70.244:9618?addrs=188.185.70.244-9618+[2001-1458-d00-7--100-2ee]-9618&alias=bigbird10.cern.ch&noUDP&sock=schedd_2095_9300>
...
040 (3275855.008.000) 12/22 13:00:34 Started transferring input files
	Transferring to host: <128.142.63.38:9618?addrs=128.142.63.38-9618+[2001-1458-301-38--100-23]-9618&alias=b7s08p9126.cern.ch&noUDP&sock=slot1_1_3590_3acb_5917>
...
040 (3275855.008.000) 12/22 13:00:34 Finished transferring input files
...
001 (3275855.008.000) 12/22 13:00:35 Job executing on host: <128.142.63.38:9618?addrs=128.142.63.38-9618+[2001-1458-301-38--100-23]-9618&alias=b7s08p9126.cern.ch&noUDP&sock=startd_2887_d202>
...
006 (3275855.008.000) 12/22 13:00:44 Image size of job updated: 331484
	248  -  MemoryUsage of job (MB)
	253464  -  ResidentSetSize of job (KB)
...
006 (3275855.008.000) 12/22 13:04:54 Image size of job updated: 1728304
	250  -  MemoryUsage of job (MB)
	255240  -  ResidentSetSize of job (KB)
...
040 (3275855.008.000) 12/22 13:04:54 Started transferring output files
...
040 (3275855.008.000) 12/22 13:04:54 Finished transferring output files
...
005 (3275855.008.000) 12/22 13:04:54 Job terminated.
	(1) Normal termination (return value 0)
		Usr 0 00:00:25, Sys 0 00:00:03  -  Run Remote Usage
		Usr 0 00:00:00, Sys 0 00:00:00  -  Run Local Usage
		Usr 0 00:00:25, Sys 0 00:00:03  -  Total Remote Usage
		Usr 0 00:00:00, Sys 0 00:00:00  -  Total Local Usage
	9718  -  Run Bytes Sent By Job
	11181  -  Run Bytes Received By Job
	9718  -  Total Bytes Sent By Job
	11181  -  Total Bytes Received By Job
	Partitionable Resources :    Usage  Request Allocated 
	   Cpus                 :                 4         4 
	   Disk (KB)            :       38        1   1366947 
	   Memory (MB)          :      250     8000      8000 

	Job terminated of its own accord at 2021-12-22T12:04:54Z.
...
