000 (3295149.010.000) 01/10 15:19:53 Job submitted from host: <188.185.70.244:9618?addrs=188.185.70.244-9618+[2001-1458-d00-7--100-2ee]-9618&alias=bigbird10.cern.ch&noUDP&sock=schedd_7001_aea1>
...
040 (3295149.010.000) 01/10 15:32:29 Started transferring input files
	Transferring to host: <128.142.59.134:9618?addrs=128.142.59.134-9618+[2001-1458-301-21--100-85]-9618&alias=b7s04p8709.cern.ch&noUDP&sock=slot1_20_3562_804a_3088>
...
040 (3295149.010.000) 01/10 15:32:29 Finished transferring input files
...
001 (3295149.010.000) 01/10 15:32:30 Job executing on host: <128.142.59.134:9618?addrs=128.142.59.134-9618+[2001-1458-301-21--100-85]-9618&alias=b7s04p8709.cern.ch&noUDP&sock=startd_2898_5d8c>
...
006 (3295149.010.000) 01/10 15:32:39 Image size of job updated: 320060
	155  -  MemoryUsage of job (MB)
	157756  -  ResidentSetSize of job (KB)
...
006 (3295149.010.000) 01/10 15:37:40 Image size of job updated: 1727496
	267  -  MemoryUsage of job (MB)
	272948  -  ResidentSetSize of job (KB)
...
040 (3295149.010.000) 01/10 15:39:35 Started transferring output files
...
040 (3295149.010.000) 01/10 15:39:35 Finished transferring output files
...
005 (3295149.010.000) 01/10 15:39:35 Job terminated.
	(1) Normal termination (return value 0)
		Usr 0 00:00:25, Sys 0 00:00:03  -  Run Remote Usage
		Usr 0 00:00:00, Sys 0 00:00:00  -  Run Local Usage
		Usr 0 00:00:25, Sys 0 00:00:03  -  Total Remote Usage
		Usr 0 00:00:00, Sys 0 00:00:00  -  Total Local Usage
	6750  -  Run Bytes Sent By Job
	10526  -  Run Bytes Received By Job
	6750  -  Total Bytes Sent By Job
	10526  -  Total Bytes Received By Job
	Partitionable Resources :    Usage  Request Allocated 
	   Cpus                 :     0.01        4         4 
	   Disk (KB)            :    40           1   1222793 
	   Memory (MB)          :   267        8000      8000 

	Job terminated of its own accord at 2022-01-10T14:39:35Z.
...
