000 (3300949.015.000) 01/10 17:49:45 Job submitted from host: <188.185.70.244:9618?addrs=188.185.70.244-9618+[2001-1458-d00-7--100-2ee]-9618&alias=bigbird10.cern.ch&noUDP&sock=schedd_7001_aea1>
...
040 (3300949.015.000) 01/10 17:55:36 Started transferring input files
	Transferring to host: <188.184.164.135:9618?addrs=188.184.164.135-9618&alias=b7s13p1175.cern.ch&noUDP&sock=slot1_6_3996_4b1c_24459>
...
040 (3300949.015.000) 01/10 17:55:36 Finished transferring input files
...
001 (3300949.015.000) 01/10 17:55:37 Job executing on host: <188.184.164.135:9618?addrs=188.184.164.135-9618&alias=b7s13p1175.cern.ch&noUDP&sock=startd_3948_93fe>
...
006 (3300949.015.000) 01/10 17:55:45 Image size of job updated: 143760
	66  -  MemoryUsage of job (MB)
	67452  -  ResidentSetSize of job (KB)
...
006 (3300949.015.000) 01/10 18:00:28 Image size of job updated: 1740632
	66  -  MemoryUsage of job (MB)
	67452  -  ResidentSetSize of job (KB)
...
040 (3300949.015.000) 01/10 18:00:28 Started transferring output files
...
040 (3300949.015.000) 01/10 18:00:28 Finished transferring output files
...
005 (3300949.015.000) 01/10 18:00:28 Job terminated.
	(1) Normal termination (return value 0)
		Usr 0 00:00:39, Sys 0 00:00:03  -  Run Remote Usage
		Usr 0 00:00:00, Sys 0 00:00:00  -  Run Local Usage
		Usr 0 00:00:39, Sys 0 00:00:03  -  Total Remote Usage
		Usr 0 00:00:00, Sys 0 00:00:00  -  Total Local Usage
	35276  -  Run Bytes Sent By Job
	10528  -  Run Bytes Received By Job
	35276  -  Total Bytes Sent By Job
	10528  -  Total Bytes Received By Job
	Partitionable Resources :    Usage  Request Allocated 
	   Cpus                 :                 4         4 
	   Disk (KB)            :       61        1   3032766 
	   Memory (MB)          :       66     8000      8000 

	Job terminated of its own accord at 2022-01-10T17:00:28Z.
...
