000 (3314619.001.000) 01/11 10:16:35 Job submitted from host: <188.185.70.244:9618?addrs=188.185.70.244-9618+[2001-1458-d00-7--100-2ee]-9618&alias=bigbird10.cern.ch&noUDP&sock=schedd_7001_aea1>
...
040 (3314619.001.000) 01/11 10:18:16 Started transferring input files
	Transferring to host: <128.142.58.152:9618?addrs=128.142.58.152-9618&alias=b7s03p4688.cern.ch&noUDP&sock=slot1_18_3527_d729_29348>
...
040 (3314619.001.000) 01/11 10:18:16 Finished transferring input files
...
001 (3314619.001.000) 01/11 10:18:17 Job executing on host: <128.142.58.152:9618?addrs=128.142.58.152-9618&alias=b7s03p4688.cern.ch&noUDP&sock=startd_2550_aa97>
...
006 (3314619.001.000) 01/11 10:18:25 Image size of job updated: 266584
	0  -  MemoryUsage of job (MB)
	0  -  ResidentSetSize of job (KB)
...
040 (3314619.001.000) 01/11 10:18:25 Started transferring output files
...
040 (3314619.001.000) 01/11 10:18:25 Finished transferring output files
...
005 (3314619.001.000) 01/11 10:18:25 Job terminated.
	(1) Normal termination (return value 1)
		Usr 0 00:00:03, Sys 0 00:00:01  -  Run Remote Usage
		Usr 0 00:00:00, Sys 0 00:00:00  -  Run Local Usage
		Usr 0 00:00:03, Sys 0 00:00:01  -  Total Remote Usage
		Usr 0 00:00:00, Sys 0 00:00:00  -  Total Local Usage
	17728  -  Run Bytes Sent By Job
	10523  -  Run Bytes Received By Job
	17728  -  Total Bytes Sent By Job
	10523  -  Total Bytes Received By Job
	Partitionable Resources :    Usage  Request Allocated 
	   Cpus                 :                 4         4 
	   Disk (KB)            :       44        1   1349374 
	   Memory (MB)          :        0     8000      8000 

	Job terminated of its own accord at 2022-01-11T09:18:25Z.
...
