000 (3295149.015.000) 01/10 15:19:53 Job submitted from host: <188.185.70.244:9618?addrs=188.185.70.244-9618+[2001-1458-d00-7--100-2ee]-9618&alias=bigbird10.cern.ch&noUDP&sock=schedd_7001_aea1>
...
040 (3295149.015.000) 01/10 15:32:32 Started transferring input files
	Transferring to host: <128.142.61.63:9618?addrs=128.142.61.63-9618+[2001-1458-301-23--100-3e]-9618&alias=b7s06p0786.cern.ch&noUDP&sock=slot1_3_6125_5dd2_24855>
...
040 (3295149.015.000) 01/10 15:32:32 Finished transferring input files
...
001 (3295149.015.000) 01/10 15:32:33 Job executing on host: <128.142.61.63:9618?addrs=128.142.61.63-9618+[2001-1458-301-23--100-3e]-9618&alias=b7s06p0786.cern.ch&noUDP&sock=startd_5754_5808>
...
006 (3295149.015.000) 01/10 15:32:41 Image size of job updated: 1256184
	155  -  MemoryUsage of job (MB)
	157760  -  ResidentSetSize of job (KB)
...
006 (3295149.015.000) 01/10 15:36:44 Image size of job updated: 1730868
	155  -  MemoryUsage of job (MB)
	157760  -  ResidentSetSize of job (KB)
...
040 (3295149.015.000) 01/10 15:36:44 Started transferring output files
...
040 (3295149.015.000) 01/10 15:36:44 Finished transferring output files
...
005 (3295149.015.000) 01/10 15:36:44 Job terminated.
	(1) Normal termination (return value 0)
		Usr 0 00:00:19, Sys 0 00:00:02  -  Run Remote Usage
		Usr 0 00:00:00, Sys 0 00:00:00  -  Run Local Usage
		Usr 0 00:00:19, Sys 0 00:00:02  -  Total Remote Usage
		Usr 0 00:00:00, Sys 0 00:00:00  -  Total Local Usage
	6742  -  Run Bytes Sent By Job
	10526  -  Run Bytes Received By Job
	6742  -  Total Bytes Sent By Job
	10526  -  Total Bytes Received By Job
	Partitionable Resources :    Usage  Request Allocated 
	   Cpus                 :                 4         4 
	   Disk (KB)            :       33        1   1271311 
	   Memory (MB)          :      155     8000      8000 

	Job terminated of its own accord at 2022-01-10T14:36:44Z.
...
