000 (3275858.017.000) 12/22 11:21:57 Job submitted from host: <188.185.70.244:9618?addrs=188.185.70.244-9618+[2001-1458-d00-7--100-2ee]-9618&alias=bigbird10.cern.ch&noUDP&sock=schedd_2095_9300>
...
040 (3275858.017.000) 12/22 13:36:17 Started transferring input files
	Transferring to host: <188.184.165.82:9618?addrs=188.184.165.82-9618+[2001-1458-301-51--100-4d]-9618&alias=b7s14p2555.cern.ch&noUDP&sock=slot1_7_3568_ba8a_5458>
...
040 (3275858.017.000) 12/22 13:36:17 Finished transferring input files
...
001 (3275858.017.000) 12/22 13:36:18 Job executing on host: <188.184.165.82:9618?addrs=188.184.165.82-9618+[2001-1458-301-51--100-4d]-9618&alias=b7s14p2555.cern.ch&noUDP&sock=startd_3128_2055>
...
006 (3275858.017.000) 12/22 13:36:26 Image size of job updated: 40184
	22  -  MemoryUsage of job (MB)
	22268  -  ResidentSetSize of job (KB)
...
006 (3275858.017.000) 12/22 13:38:29 Image size of job updated: 1739108
	22  -  MemoryUsage of job (MB)
	22268  -  ResidentSetSize of job (KB)
...
040 (3275858.017.000) 12/22 13:38:29 Started transferring output files
...
040 (3275858.017.000) 12/22 13:38:29 Finished transferring output files
...
005 (3275858.017.000) 12/22 13:38:30 Job terminated.
	(1) Normal termination (return value 0)
		Usr 0 00:00:30, Sys 0 00:00:03  -  Run Remote Usage
		Usr 0 00:00:00, Sys 0 00:00:00  -  Run Local Usage
		Usr 0 00:00:30, Sys 0 00:00:03  -  Total Remote Usage
		Usr 0 00:00:00, Sys 0 00:00:00  -  Total Local Usage
	1625  -  Run Bytes Sent By Job
	11187  -  Run Bytes Received By Job
	1625  -  Total Bytes Sent By Job
	11187  -  Total Bytes Received By Job
	Partitionable Resources :    Usage  Request Allocated 
	   Cpus                 :                 4         4 
	   Disk (KB)            :       29        1   2870189 
	   Memory (MB)          :       22     8000      8000 

	Job terminated of its own accord at 2021-12-22T12:38:29Z.
...
