000 (3317010.003.000) 01/13 14:23:47 Job submitted from host: <188.185.70.244:9618?addrs=188.185.70.244-9618+[2001-1458-d00-7--100-2ee]-9618&alias=bigbird10.cern.ch&noUDP&sock=schedd_7001_aea1>
...
040 (3317010.003.000) 01/13 14:26:54 Started transferring input files
	Transferring to host: <188.184.160.25:9618?addrs=188.184.160.25-9618+[2001-1458-301-48--100-13]-9618&alias=b7s09p5815.cern.ch&noUDP&sock=slot1_2_3796_6013_26565>
...
040 (3317010.003.000) 01/13 14:26:54 Finished transferring input files
...
001 (3317010.003.000) 01/13 14:26:55 Job executing on host: <188.184.160.25:9618?addrs=188.184.160.25-9618+[2001-1458-301-48--100-13]-9618&alias=b7s09p5815.cern.ch&noUDP&sock=startd_2942_8bb7>
...
006 (3317010.003.000) 01/13 14:27:04 Image size of job updated: 459972
	119  -  MemoryUsage of job (MB)
	121016  -  ResidentSetSize of job (KB)
...
006 (3317010.003.000) 01/13 14:27:32 Image size of job updated: 1301840
	119  -  MemoryUsage of job (MB)
	121016  -  ResidentSetSize of job (KB)
...
040 (3317010.003.000) 01/13 14:27:32 Started transferring output files
...
040 (3317010.003.000) 01/13 14:27:32 Finished transferring output files
...
005 (3317010.003.000) 01/13 14:27:32 Job terminated.
	(1) Normal termination (return value 1)
		Usr 0 00:00:05, Sys 0 00:00:02  -  Run Remote Usage
		Usr 0 00:00:00, Sys 0 00:00:00  -  Run Local Usage
		Usr 0 00:00:05, Sys 0 00:00:02  -  Total Remote Usage
		Usr 0 00:00:00, Sys 0 00:00:00  -  Total Local Usage
	6083  -  Run Bytes Sent By Job
	10531  -  Run Bytes Received By Job
	6083  -  Total Bytes Sent By Job
	10531  -  Total Bytes Received By Job
	Partitionable Resources :    Usage  Request Allocated 
	   Cpus                 :                 4         4 
	   Disk (KB)            :       33        1   1105783 
	   Memory (MB)          :      119     8000      8000 

	Job terminated of its own accord at 2022-01-13T13:27:32Z.
...
