000 (3295149.014.000) 01/10 15:19:53 Job submitted from host: <188.185.70.244:9618?addrs=188.185.70.244-9618+[2001-1458-d00-7--100-2ee]-9618&alias=bigbird10.cern.ch&noUDP&sock=schedd_7001_aea1>
...
040 (3295149.014.000) 01/10 15:32:30 Started transferring input files
	Transferring to host: <188.184.165.106:9618?addrs=188.184.165.106-9618+[2001-1458-301-51--100-65]-9618&alias=b7s14p4288.cern.ch&noUDP&sock=slot1_7_3497_b3e7_23639>
...
040 (3295149.014.000) 01/10 15:32:30 Finished transferring input files
...
001 (3295149.014.000) 01/10 15:32:31 Job executing on host: <188.184.165.106:9618?addrs=188.184.165.106-9618+[2001-1458-301-51--100-65]-9618&alias=b7s14p4288.cern.ch&noUDP&sock=startd_3146_7909>
...
006 (3295149.014.000) 01/10 15:32:40 Image size of job updated: 452252
	26  -  MemoryUsage of job (MB)
	26432  -  ResidentSetSize of job (KB)
...
006 (3295149.014.000) 01/10 15:37:41 Image size of job updated: 1757340
	278  -  MemoryUsage of job (MB)
	284212  -  ResidentSetSize of job (KB)
...
040 (3295149.014.000) 01/10 15:38:04 Started transferring output files
...
040 (3295149.014.000) 01/10 15:38:04 Finished transferring output files
...
005 (3295149.014.000) 01/10 15:38:04 Job terminated.
	(1) Normal termination (return value 0)
		Usr 0 00:00:33, Sys 0 00:00:03  -  Run Remote Usage
		Usr 0 00:00:00, Sys 0 00:00:00  -  Run Local Usage
		Usr 0 00:00:33, Sys 0 00:00:03  -  Total Remote Usage
		Usr 0 00:00:00, Sys 0 00:00:00  -  Total Local Usage
	7496  -  Run Bytes Sent By Job
	10526  -  Run Bytes Received By Job
	7496  -  Total Bytes Sent By Job
	10526  -  Total Bytes Received By Job
	Partitionable Resources :    Usage  Request Allocated 
	   Cpus                 :                 4         4 
	   Disk (KB)            :       34        1   2944406 
	   Memory (MB)          :      278     8000      8000 

	Job terminated of its own accord at 2022-01-10T14:38:04Z.
...
