000 (3322104.021.000) 01/17 17:36:43 Job submitted from host: <188.185.70.244:9618?addrs=188.185.70.244-9618+[2001-1458-d00-7--100-2ee]-9618&alias=bigbird10.cern.ch&noUDP&sock=schedd_7001_aea1>
...
040 (3322104.021.000) 01/17 18:07:45 Started transferring input files
	Transferring to host: <128.142.60.164:9618?addrs=128.142.60.164-9618+[2001-1458-301-22--100-a3]-9618&alias=b7s05p5191.cern.ch&noUDP&sock=slot1_3_3223_a51c_36161>
...
040 (3322104.021.000) 01/17 18:07:45 Finished transferring input files
...
001 (3322104.021.000) 01/17 18:07:46 Job executing on host: <128.142.60.164:9618?addrs=128.142.60.164-9618+[2001-1458-301-22--100-a3]-9618&alias=b7s05p5191.cern.ch&noUDP&sock=startd_2628_2afa>
...
006 (3322104.021.000) 01/17 18:07:55 Image size of job updated: 1306380
	192  -  MemoryUsage of job (MB)
	195932  -  ResidentSetSize of job (KB)
...
006 (3322104.021.000) 01/17 18:09:19 Image size of job updated: 1726996
	192  -  MemoryUsage of job (MB)
	195932  -  ResidentSetSize of job (KB)
...
040 (3322104.021.000) 01/17 18:09:19 Started transferring output files
...
040 (3322104.021.000) 01/17 18:09:19 Finished transferring output files
...
005 (3322104.021.000) 01/17 18:09:19 Job terminated.
	(1) Normal termination (return value 0)
		Usr 0 00:00:14, Sys 0 00:00:02  -  Run Remote Usage
		Usr 0 00:00:00, Sys 0 00:00:00  -  Run Local Usage
		Usr 0 00:00:14, Sys 0 00:00:02  -  Total Remote Usage
		Usr 0 00:00:00, Sys 0 00:00:00  -  Total Local Usage
	1727  -  Run Bytes Sent By Job
	10527  -  Run Bytes Received By Job
	1727  -  Total Bytes Sent By Job
	10527  -  Total Bytes Received By Job
	Partitionable Resources :    Usage  Request Allocated 
	   Cpus                 :                 4         4 
	   Disk (KB)            :       28        1   1265463 
	   Memory (MB)          :      192     8000      8000 

	Job terminated of its own accord at 2022-01-17T17:09:19Z.
...
