000 (3277186.007.000) 12/25 15:18:39 Job submitted from host: <188.185.70.244:9618?addrs=188.185.70.244-9618+[2001-1458-d00-7--100-2ee]-9618&alias=bigbird10.cern.ch&noUDP&sock=schedd_2095_9300>
...
040 (3277186.007.000) 12/25 15:20:18 Started transferring input files
	Transferring to host: <128.142.56.165:9618?addrs=128.142.56.165-9618+[2001-1458-301-6--100-a4]-9618&alias=b7s01p3287.cern.ch&noUDP&sock=slot1_2_3419_bea4_8771>
...
040 (3277186.007.000) 12/25 15:20:18 Finished transferring input files
...
001 (3277186.007.000) 12/25 15:20:19 Job executing on host: <128.142.56.165:9618?addrs=128.142.56.165-9618+[2001-1458-301-6--100-a4]-9618&alias=b7s01p3287.cern.ch&noUDP&sock=startd_2756_f71a>
...
006 (3277186.007.000) 12/25 15:20:28 Image size of job updated: 751536
	155  -  MemoryUsage of job (MB)
	157760  -  ResidentSetSize of job (KB)
...
006 (3277186.007.000) 12/25 15:23:43 Image size of job updated: 1727872
	155  -  MemoryUsage of job (MB)
	157760  -  ResidentSetSize of job (KB)
...
040 (3277186.007.000) 12/25 15:23:43 Started transferring output files
...
040 (3277186.007.000) 12/25 15:23:44 Finished transferring output files
...
005 (3277186.007.000) 12/25 15:23:44 Job terminated.
	(1) Normal termination (return value 0)
		Usr 0 00:00:23, Sys 0 00:00:02  -  Run Remote Usage
		Usr 0 00:00:00, Sys 0 00:00:00  -  Run Local Usage
		Usr 0 00:00:23, Sys 0 00:00:02  -  Total Remote Usage
		Usr 0 00:00:00, Sys 0 00:00:00  -  Total Local Usage
	22717  -  Run Bytes Sent By Job
	11215  -  Run Bytes Received By Job
	22717  -  Total Bytes Sent By Job
	11215  -  Total Bytes Received By Job
	Partitionable Resources :    Usage  Request Allocated 
	   Cpus                 :     0.00        4         4 
	   Disk (KB)            :    57           1   1267111 
	   Memory (MB)          :   155        8000      8000 

	Job terminated of its own accord at 2021-12-25T14:23:43Z.
...
