000 (3340599.009.000) 01/20 15:18:21 Job submitted from host: <188.185.70.244:9618?addrs=188.185.70.244-9618+[2001-1458-d00-7--100-2ee]-9618&alias=bigbird10.cern.ch&noUDP&sock=schedd_7001_aea1>
...
040 (3340599.009.000) 01/20 15:41:50 Started transferring input files
	Transferring to host: <188.184.160.25:9618?addrs=188.184.160.25-9618+[2001-1458-301-48--100-13]-9618&alias=b7s09p5815.cern.ch&noUDP&sock=slot1_12_3796_6013_34401>
...
040 (3340599.009.000) 01/20 15:41:50 Finished transferring input files
...
001 (3340599.009.000) 01/20 15:41:51 Job executing on host: <188.184.160.25:9618?addrs=188.184.160.25-9618+[2001-1458-301-48--100-13]-9618&alias=b7s09p5815.cern.ch&noUDP&sock=startd_2942_8bb7>
...
006 (3340599.009.000) 01/20 15:42:00 Image size of job updated: 269268
	25  -  MemoryUsage of job (MB)
	24760  -  ResidentSetSize of job (KB)
...
006 (3340599.009.000) 01/20 15:47:00 Image size of job updated: 2572364
	1068  -  MemoryUsage of job (MB)
	1093152  -  ResidentSetSize of job (KB)
...
006 (3340599.009.000) 01/20 15:52:00 Image size of job updated: 2588748
	1084  -  MemoryUsage of job (MB)
	1109536  -  ResidentSetSize of job (KB)
...
006 (3340599.009.000) 01/20 15:57:01 Image size of job updated: 2896664
	1084  -  MemoryUsage of job (MB)
	1109536  -  ResidentSetSize of job (KB)
...
040 (3340599.009.000) 01/20 17:42:02 Entered queue to transfer output files
...
040 (3340599.009.000) 01/20 17:42:07 Started transferring output files
...
040 (3340599.009.000) 01/20 17:42:07 Finished transferring output files
...
009 (3340599.009.000) 01/20 17:42:08 Job was aborted.
	Job removed by SYSTEM_PERIODIC_REMOVE due to wall time exceeded allowed max.
...
