000 (3277186.017.000) 12/25 15:18:39 Job submitted from host: <188.185.70.244:9618?addrs=188.185.70.244-9618+[2001-1458-d00-7--100-2ee]-9618&alias=bigbird10.cern.ch&noUDP&sock=schedd_2095_9300>
...
022 (3277186.017.000) 12/25 15:20:41 Job disconnected, attempting to reconnect
    Socket between submit and execute hosts closed unexpectedly
    Trying to reconnect to slot1_13@b7s13p2869.cern.ch <188.184.164.152:9618?addrs=188.184.164.152-9618&alias=b7s13p2869.cern.ch&noUDP&sock=startd_4363_3bcb>
...
024 (3277186.017.000) 12/25 15:20:41 Job reconnection failed
    Job not found at execution machine
    Can not reconnect to slot1_13@b7s13p2869.cern.ch, rescheduling job
...
040 (3277186.017.000) 12/25 15:22:04 Started transferring input files
	Transferring to host: <188.184.162.212:9618?addrs=188.184.162.212-9618+[2001-1458-301-4a--100-ce]-9618&alias=b7s11p2615.cern.ch&noUDP&sock=slot1_7_3505_56e8_8829>
...
040 (3277186.017.000) 12/25 15:22:04 Finished transferring input files
...
001 (3277186.017.000) 12/25 15:22:05 Job executing on host: <188.184.162.212:9618?addrs=188.184.162.212-9618+[2001-1458-301-4a--100-ce]-9618&alias=b7s11p2615.cern.ch&noUDP&sock=startd_2838_35de>
...
006 (3277186.017.000) 12/25 15:22:14 Image size of job updated: 143284
	63  -  MemoryUsage of job (MB)
	63784  -  ResidentSetSize of job (KB)
...
006 (3277186.017.000) 12/25 15:26:19 Image size of job updated: 1729436
	63  -  MemoryUsage of job (MB)
	63784  -  ResidentSetSize of job (KB)
...
040 (3277186.017.000) 12/25 15:26:19 Started transferring output files
...
040 (3277186.017.000) 12/25 15:26:19 Finished transferring output files
...
005 (3277186.017.000) 12/25 15:26:19 Job terminated.
	(1) Normal termination (return value 0)
		Usr 0 00:00:37, Sys 0 00:00:03  -  Run Remote Usage
		Usr 0 00:00:00, Sys 0 00:00:00  -  Run Local Usage
		Usr 0 00:00:37, Sys 0 00:00:03  -  Total Remote Usage
		Usr 0 00:00:00, Sys 0 00:00:00  -  Total Local Usage
	20933  -  Run Bytes Sent By Job
	11215  -  Run Bytes Received By Job
	20933  -  Total Bytes Sent By Job
	11215  -  Total Bytes Received By Job
	Partitionable Resources :    Usage  Request Allocated 
	   Cpus                 :     0.13        4         4 
	   Disk (KB)            :    55           1   2946232 
	   Memory (MB)          :    63        8000      8000 

	Job terminated of its own accord at 2021-12-25T14:26:19Z.
...
