000 (3314883.003.000) 01/12 10:53:22 Job submitted from host: <188.185.70.244:9618?addrs=188.185.70.244-9618+[2001-1458-d00-7--100-2ee]-9618&alias=bigbird10.cern.ch&noUDP&sock=schedd_7001_aea1>
...
040 (3314883.003.000) 01/12 10:54:18 Started transferring input files
	Transferring to host: <128.142.59.40:9618?addrs=128.142.59.40-9618+[2001-1458-301-21--100-27]-9618&alias=b7s04p4925.cern.ch&noUDP&sock=slot1_19_3598_ddcb_26226>
...
040 (3314883.003.000) 01/12 10:54:18 Finished transferring input files
...
001 (3314883.003.000) 01/12 10:54:19 Job executing on host: <128.142.59.40:9618?addrs=128.142.59.40-9618+[2001-1458-301-21--100-27]-9618&alias=b7s04p4925.cern.ch&noUDP&sock=startd_2935_be8d>
...
006 (3314883.003.000) 01/12 10:54:28 Image size of job updated: 816984
	155  -  MemoryUsage of job (MB)
	157784  -  ResidentSetSize of job (KB)
...
006 (3314883.003.000) 01/12 10:59:29 Image size of job updated: 1742260
	281  -  MemoryUsage of job (MB)
	287540  -  ResidentSetSize of job (KB)
...
006 (3314883.003.000) 01/12 11:04:29 Image size of job updated: 1743120
	283  -  MemoryUsage of job (MB)
	288844  -  ResidentSetSize of job (KB)
...
040 (3314883.003.000) 01/12 11:08:57 Started transferring output files
...
040 (3314883.003.000) 01/12 11:08:57 Finished transferring output files
...
005 (3314883.003.000) 01/12 11:08:57 Job terminated.
	(1) Normal termination (return value 0)
		Usr 0 00:00:47, Sys 0 00:00:04  -  Run Remote Usage
		Usr 0 00:00:00, Sys 0 00:00:00  -  Run Local Usage
		Usr 0 00:00:47, Sys 0 00:00:04  -  Total Remote Usage
		Usr 0 00:00:00, Sys 0 00:00:00  -  Total Local Usage
	612232  -  Run Bytes Sent By Job
	10532  -  Run Bytes Received By Job
	612232  -  Total Bytes Sent By Job
	10532  -  Total Bytes Received By Job
	Partitionable Resources :    Usage  Request Allocated 
	   Cpus                 :     0.04        4         4 
	   Disk (KB)            :   632           1   1314103 
	   Memory (MB)          :   283        8000      8000 

	Job terminated of its own accord at 2022-01-12T10:08:56Z.
...
