000 (3301542.000.000) 01/10 18:12:51 Job submitted from host: <188.185.70.244:9618?addrs=188.185.70.244-9618+[2001-1458-d00-7--100-2ee]-9618&alias=bigbird10.cern.ch&noUDP&sock=schedd_7001_aea1>
...
040 (3301542.000.000) 01/10 18:13:51 Started transferring input files
	Transferring to host: <128.142.63.53:9618?addrs=128.142.63.53-9618+[2001-1458-301-38--100-32]-9618&alias=b7s08p4250.cern.ch&noUDP&sock=slot1_13_3181_0d5a_28160>
...
040 (3301542.000.000) 01/10 18:13:51 Finished transferring input files
...
001 (3301542.000.000) 01/10 18:13:52 Job executing on host: <128.142.63.53:9618?addrs=128.142.63.53-9618+[2001-1458-301-38--100-32]-9618&alias=b7s08p4250.cern.ch&noUDP&sock=startd_2793_581b>
...
006 (3301542.000.000) 01/10 18:13:54 Image size of job updated: 1
	0  -  MemoryUsage of job (MB)
	0  -  ResidentSetSize of job (KB)
...
040 (3301542.000.000) 01/10 18:13:54 Started transferring output files
...
040 (3301542.000.000) 01/10 18:13:54 Finished transferring output files
...
005 (3301542.000.000) 01/10 18:13:54 Job terminated.
	(1) Normal termination (return value 1)
		Usr 0 00:00:00, Sys 0 00:00:00  -  Run Remote Usage
		Usr 0 00:00:00, Sys 0 00:00:00  -  Run Local Usage
		Usr 0 00:00:00, Sys 0 00:00:00  -  Total Remote Usage
		Usr 0 00:00:00, Sys 0 00:00:00  -  Total Local Usage
	202  -  Run Bytes Sent By Job
	10528  -  Run Bytes Received By Job
	202  -  Total Bytes Sent By Job
	10528  -  Total Bytes Received By Job
	Partitionable Resources :    Usage  Request Allocated 
	   Cpus                 :                 4         4 
	   Disk (KB)            :       28        1   1341061 
	   Memory (MB)          :        0     8000      8000 

	Job terminated of its own accord at 2022-01-10T17:13:54Z.
...
