000 (3314869.023.000) 01/12 10:09:17 Job submitted from host: <188.185.70.244:9618?addrs=188.185.70.244-9618+[2001-1458-d00-7--100-2ee]-9618&alias=bigbird10.cern.ch&noUDP&sock=schedd_7001_aea1>
...
040 (3314869.023.000) 01/12 10:40:20 Started transferring input files
	Transferring to host: <128.142.193.198:9618?addrs=128.142.193.198-9618+[2001-1458-301-8--100-42]-9618&alias=b7g21p4050.cern.ch&noUDP&sock=slot1_11_6972_2795_78645>
...
040 (3314869.023.000) 01/12 10:40:20 Finished transferring input files
...
001 (3314869.023.000) 01/12 10:40:21 Job executing on host: <128.142.193.198:9618?addrs=128.142.193.198-9618+[2001-1458-301-8--100-42]-9618&alias=b7g21p4050.cern.ch&noUDP&sock=startd_5413_723c>
...
006 (3314869.023.000) 01/12 10:40:24 Image size of job updated: 1
	0  -  MemoryUsage of job (MB)
	0  -  ResidentSetSize of job (KB)
...
040 (3314869.023.000) 01/12 10:40:24 Started transferring output files
...
040 (3314869.023.000) 01/12 10:40:24 Finished transferring output files
...
005 (3314869.023.000) 01/12 10:40:24 Job terminated.
	(1) Normal termination (return value 1)
		Usr 0 00:00:01, Sys 0 00:00:00  -  Run Remote Usage
		Usr 0 00:00:00, Sys 0 00:00:00  -  Run Local Usage
		Usr 0 00:00:01, Sys 0 00:00:00  -  Total Remote Usage
		Usr 0 00:00:00, Sys 0 00:00:00  -  Total Local Usage
	174  -  Run Bytes Sent By Job
	10523  -  Run Bytes Received By Job
	174  -  Total Bytes Sent By Job
	10523  -  Total Bytes Received By Job
	Partitionable Resources :    Usage  Request Allocated 
	   Cpus                 :                 4         4 
	   Disk (KB)            :       28        1   1293814 
	   Memory (MB)          :        0     8000      8000 

	Job terminated of its own accord at 2022-01-12T09:40:24Z.
...
