000 (3294121.023.000) 01/10 14:43:41 Job submitted from host: <188.185.70.244:9618?addrs=188.185.70.244-9618+[2001-1458-d00-7--100-2ee]-9618&alias=bigbird10.cern.ch&noUDP&sock=schedd_7001_aea1>
...
040 (3294121.023.000) 01/10 14:49:29 Started transferring input files
	Transferring to host: <128.142.59.126:9618?addrs=128.142.59.126-9618+[2001-1458-301-21--100-7d]-9618&alias=b7s04p9662.cern.ch&noUDP&sock=slot1_9_5652_185f_23971>
...
040 (3294121.023.000) 01/10 14:49:29 Finished transferring input files
...
001 (3294121.023.000) 01/10 14:49:30 Job executing on host: <128.142.59.126:9618?addrs=128.142.59.126-9618+[2001-1458-301-21--100-7d]-9618&alias=b7s04p9662.cern.ch&noUDP&sock=startd_5266_9dd0>
...
006 (3294121.023.000) 01/10 14:49:38 Image size of job updated: 28276
	13  -  MemoryUsage of job (MB)
	12528  -  ResidentSetSize of job (KB)
...
006 (3294121.023.000) 01/10 14:50:09 Image size of job updated: 1256180
	13  -  MemoryUsage of job (MB)
	12528  -  ResidentSetSize of job (KB)
...
040 (3294121.023.000) 01/10 14:50:09 Started transferring output files
...
040 (3294121.023.000) 01/10 14:50:09 Finished transferring output files
...
005 (3294121.023.000) 01/10 14:50:09 Job terminated.
	(1) Normal termination (return value 1)
		Usr 0 00:00:04, Sys 0 00:00:02  -  Run Remote Usage
		Usr 0 00:00:00, Sys 0 00:00:00  -  Run Local Usage
		Usr 0 00:00:04, Sys 0 00:00:02  -  Total Remote Usage
		Usr 0 00:00:00, Sys 0 00:00:00  -  Total Local Usage
	10404  -  Run Bytes Sent By Job
	10526  -  Run Bytes Received By Job
	10404  -  Total Bytes Sent By Job
	10526  -  Total Bytes Received By Job
	Partitionable Resources :    Usage  Request Allocated 
	   Cpus                 :                 4         4 
	   Disk (KB)            :       38        1   1213876 
	   Memory (MB)          :       13     8000      8000 

	Job terminated of its own accord at 2022-01-10T13:50:09Z.
...
