000 (3275855.023.000) 12/22 11:21:45 Job submitted from host: <188.185.70.244:9618?addrs=188.185.70.244-9618+[2001-1458-d00-7--100-2ee]-9618&alias=bigbird10.cern.ch&noUDP&sock=schedd_2095_9300>
...
040 (3275855.023.000) 12/22 13:33:07 Started transferring input files
	Transferring to host: <128.142.63.92:9618?addrs=128.142.63.92-9618+[2001-1458-301-38--100-59]-9618&alias=b7s08p6685.cern.ch&noUDP&sock=slot1_10_3345_9ae1_6540>
...
040 (3275855.023.000) 12/22 13:33:07 Finished transferring input files
...
001 (3275855.023.000) 12/22 13:33:08 Job executing on host: <128.142.63.92:9618?addrs=128.142.63.92-9618+[2001-1458-301-38--100-59]-9618&alias=b7s08p6685.cern.ch&noUDP&sock=startd_2820_dd29>
...
006 (3275855.023.000) 12/22 13:33:17 Image size of job updated: 682816
	105  -  MemoryUsage of job (MB)
	106628  -  ResidentSetSize of job (KB)
...
006 (3275855.023.000) 12/22 13:34:10 Image size of job updated: 1727256
	105  -  MemoryUsage of job (MB)
	107112  -  ResidentSetSize of job (KB)
...
040 (3275855.023.000) 12/22 13:34:10 Started transferring output files
...
040 (3275855.023.000) 12/22 13:34:10 Finished transferring output files
...
005 (3275855.023.000) 12/22 13:34:10 Job terminated.
	(1) Normal termination (return value 0)
		Usr 0 00:00:13, Sys 0 00:00:02  -  Run Remote Usage
		Usr 0 00:00:00, Sys 0 00:00:00  -  Run Local Usage
		Usr 0 00:00:13, Sys 0 00:00:02  -  Total Remote Usage
		Usr 0 00:00:00, Sys 0 00:00:00  -  Total Local Usage
	8958  -  Run Bytes Sent By Job
	11181  -  Run Bytes Received By Job
	8958  -  Total Bytes Sent By Job
	11181  -  Total Bytes Received By Job
	Partitionable Resources :    Usage  Request Allocated 
	   Cpus                 :                 4         4 
	   Disk (KB)            :       36        1   1295595 
	   Memory (MB)          :      105     8000      8000 

	Job terminated of its own accord at 2021-12-22T12:34:10Z.
...
