000 (3340599.001.000) 01/20 15:18:21 Job submitted from host: <188.185.70.244:9618?addrs=188.185.70.244-9618+[2001-1458-d00-7--100-2ee]-9618&alias=bigbird10.cern.ch&noUDP&sock=schedd_7001_aea1>
...
040 (3340599.001.000) 01/20 15:41:35 Started transferring input files
	Transferring to host: <128.142.58.160:9618?addrs=128.142.58.160-9618+[2001-1458-301-16--100-9f]-9618&alias=b7s03p4729.cern.ch&noUDP&sock=slot1_8_3603_63ac_40992>
...
040 (3340599.001.000) 01/20 15:41:35 Finished transferring input files
...
001 (3340599.001.000) 01/20 15:41:36 Job executing on host: <128.142.58.160:9618?addrs=128.142.58.160-9618+[2001-1458-301-16--100-9f]-9618&alias=b7s03p4729.cern.ch&noUDP&sock=startd_3039_1467>
...
006 (3340599.001.000) 01/20 15:41:44 Image size of job updated: 1228692
	155  -  MemoryUsage of job (MB)
	157904  -  ResidentSetSize of job (KB)
...
006 (3340599.001.000) 01/20 15:46:44 Image size of job updated: 2582604
	1078  -  MemoryUsage of job (MB)
	1103400  -  ResidentSetSize of job (KB)
...
006 (3340599.001.000) 01/20 15:51:45 Image size of job updated: 2598988
	1094  -  MemoryUsage of job (MB)
	1119784  -  ResidentSetSize of job (KB)
...
006 (3340599.001.000) 01/20 15:56:46 Image size of job updated: 2668920
	1094  -  MemoryUsage of job (MB)
	1119784  -  ResidentSetSize of job (KB)
...
040 (3340599.001.000) 01/20 17:41:43 Started transferring output files
...
040 (3340599.001.000) 01/20 17:41:43 Finished transferring output files
...
009 (3340599.001.000) 01/20 17:41:44 Job was aborted.
	Job removed by SYSTEM_PERIODIC_REMOVE due to wall time exceeded allowed max.
...
