000 (3277186.009.000) 12/25 15:18:39 Job submitted from host: <188.185.70.244:9618?addrs=188.185.70.244-9618+[2001-1458-d00-7--100-2ee]-9618&alias=bigbird10.cern.ch&noUDP&sock=schedd_2095_9300>
...
040 (3277186.009.000) 12/25 15:20:19 Started transferring input files
	Transferring to host: <128.142.58.50:9618?addrs=128.142.58.50-9618&alias=b7s03p1701.cern.ch&noUDP&sock=slot1_2_4317_7789_9061>
...
040 (3277186.009.000) 12/25 15:20:19 Finished transferring input files
...
001 (3277186.009.000) 12/25 15:20:20 Job executing on host: <128.142.58.50:9618?addrs=128.142.58.50-9618&alias=b7s03p1701.cern.ch&noUDP&sock=startd_3974_6974>
...
006 (3277186.009.000) 12/25 15:20:29 Image size of job updated: 708
	1  -  MemoryUsage of job (MB)
	708  -  ResidentSetSize of job (KB)
...
006 (3277186.009.000) 12/25 15:23:07 Image size of job updated: 1731984
	1  -  MemoryUsage of job (MB)
	708  -  ResidentSetSize of job (KB)
...
040 (3277186.009.000) 12/25 15:23:07 Started transferring output files
...
040 (3277186.009.000) 12/25 15:23:07 Finished transferring output files
...
005 (3277186.009.000) 12/25 15:23:07 Job terminated.
	(1) Normal termination (return value 0)
		Usr 0 00:00:26, Sys 0 00:00:02  -  Run Remote Usage
		Usr 0 00:00:00, Sys 0 00:00:00  -  Run Local Usage
		Usr 0 00:00:26, Sys 0 00:00:02  -  Total Remote Usage
		Usr 0 00:00:00, Sys 0 00:00:00  -  Total Local Usage
	23683  -  Run Bytes Sent By Job
	11215  -  Run Bytes Received By Job
	23683  -  Total Bytes Sent By Job
	11215  -  Total Bytes Received By Job
	Partitionable Resources :    Usage  Request Allocated 
	   Cpus                 :                 4         4 
	   Disk (KB)            :       50        1   1271099 
	   Memory (MB)          :        1     8000      8000 

	Job terminated of its own accord at 2021-12-25T14:23:07Z.
...
