000 (3314869.024.000) 01/12 10:09:17 Job submitted from host: <188.185.70.244:9618?addrs=188.185.70.244-9618+[2001-1458-d00-7--100-2ee]-9618&alias=bigbird10.cern.ch&noUDP&sock=schedd_7001_aea1>
...
040 (3314869.024.000) 01/12 10:40:21 Started transferring input files
	Transferring to host: <188.185.105.66:9618?addrs=188.185.105.66-9618+[2001-1458-d00-3e--100-e5]-9618&alias=b7g50s1320.cern.ch&noUDP&sock=slot1_2_8731_877c_56432>
...
040 (3314869.024.000) 01/12 10:40:21 Finished transferring input files
...
001 (3314869.024.000) 01/12 10:40:22 Job executing on host: <188.185.105.66:9618?addrs=188.185.105.66-9618+[2001-1458-d00-3e--100-e5]-9618&alias=b7g50s1320.cern.ch&noUDP&sock=startd_8611_021c>
...
006 (3314869.024.000) 01/12 10:40:23 Image size of job updated: 1
	0  -  MemoryUsage of job (MB)
	0  -  ResidentSetSize of job (KB)
...
040 (3314869.024.000) 01/12 10:40:24 Started transferring output files
...
040 (3314869.024.000) 01/12 10:40:24 Finished transferring output files
...
005 (3314869.024.000) 01/12 10:40:24 Job terminated.
	(1) Normal termination (return value 1)
		Usr 0 00:00:01, Sys 0 00:00:00  -  Run Remote Usage
		Usr 0 00:00:00, Sys 0 00:00:00  -  Run Local Usage
		Usr 0 00:00:01, Sys 0 00:00:00  -  Total Remote Usage
		Usr 0 00:00:00, Sys 0 00:00:00  -  Total Local Usage
	174  -  Run Bytes Sent By Job
	10523  -  Run Bytes Received By Job
	174  -  Total Bytes Sent By Job
	10523  -  Total Bytes Received By Job
	Partitionable Resources :    Usage  Request Allocated 
	   Cpus                 :                 4         4 
	   Disk (KB)            :       27        1    594277 
	   Memory (MB)          :        0     8000      8000 

	Job terminated of its own accord at 2022-01-12T09:40:23Z.
...
