000 (3340593.007.000) 01/20 15:02:21 Job submitted from host: <188.185.70.244:9618?addrs=188.185.70.244-9618+[2001-1458-d00-7--100-2ee]-9618&alias=bigbird10.cern.ch&noUDP&sock=schedd_7001_aea1>
...
040 (3340593.007.000) 01/20 15:04:36 Started transferring input files
	Transferring to host: <188.184.165.105:9618?addrs=188.184.165.105-9618&alias=b7s14p7501.cern.ch&noUDP&sock=slot1_42_4220_1f25_33695>
...
040 (3340593.007.000) 01/20 15:04:36 Finished transferring input files
...
001 (3340593.007.000) 01/20 15:04:37 Job executing on host: <188.184.165.105:9618?addrs=188.184.165.105-9618&alias=b7s14p7501.cern.ch&noUDP&sock=startd_4028_7391>
...
006 (3340593.007.000) 01/20 15:04:46 Image size of job updated: 274828
	189  -  MemoryUsage of job (MB)
	192896  -  ResidentSetSize of job (KB)
...
006 (3340593.007.000) 01/20 15:07:56 Image size of job updated: 1751672
	189  -  MemoryUsage of job (MB)
	192896  -  ResidentSetSize of job (KB)
...
040 (3340593.007.000) 01/20 15:07:58 Started transferring output files
...
040 (3340593.007.000) 01/20 15:07:58 Finished transferring output files
...
005 (3340593.007.000) 01/20 15:08:00 Job terminated.
	(1) Normal termination (return value 0)
		Usr 0 00:00:29, Sys 0 00:00:02  -  Run Remote Usage
		Usr 0 00:00:00, Sys 0 00:00:00  -  Run Local Usage
		Usr 0 00:00:29, Sys 0 00:00:02  -  Total Remote Usage
		Usr 0 00:00:00, Sys 0 00:00:00  -  Total Local Usage
	1537  -  Run Bytes Sent By Job
	11207  -  Run Bytes Received By Job
	1537  -  Total Bytes Sent By Job
	11207  -  Total Bytes Received By Job
	Partitionable Resources :    Usage  Request Allocated 
	   Cpus                 :                 4         4 
	   Disk (KB)            :       28        1   3086344 
	   Memory (MB)          :      189     8000      8000 

	Job terminated of its own accord at 2022-01-20T14:07:56Z.
...
