000 (3340593.020.000) 01/20 15:02:21 Job submitted from host: <188.185.70.244:9618?addrs=188.185.70.244-9618+[2001-1458-d00-7--100-2ee]-9618&alias=bigbird10.cern.ch&noUDP&sock=schedd_7001_aea1>
...
040 (3340593.020.000) 01/20 15:04:37 Started transferring input files
	Transferring to host: <188.184.164.42:9618?addrs=188.184.164.42-9618+[2001-1458-301-4e--100-24]-9618&alias=b7s13p5135.cern.ch&noUDP&sock=slot1_14_4941_21a2_35099>
...
040 (3340593.020.000) 01/20 15:04:37 Finished transferring input files
...
001 (3340593.020.000) 01/20 15:04:38 Job executing on host: <188.184.164.42:9618?addrs=188.184.164.42-9618+[2001-1458-301-4e--100-24]-9618&alias=b7s13p5135.cern.ch&noUDP&sock=startd_4771_166f>
...
006 (3340593.020.000) 01/20 15:04:47 Image size of job updated: 320176
	155  -  MemoryUsage of job (MB)
	157880  -  ResidentSetSize of job (KB)
...
006 (3340593.020.000) 01/20 15:05:23 Image size of job updated: 1748736
	155  -  MemoryUsage of job (MB)
	157880  -  ResidentSetSize of job (KB)
...
040 (3340593.020.000) 01/20 15:05:23 Started transferring output files
...
040 (3340593.020.000) 01/20 15:05:23 Finished transferring output files
...
005 (3340593.020.000) 01/20 15:05:24 Job terminated.
	(1) Normal termination (return value 0)
		Usr 0 00:00:18, Sys 0 00:00:02  -  Run Remote Usage
		Usr 0 00:00:00, Sys 0 00:00:00  -  Run Local Usage
		Usr 0 00:00:18, Sys 0 00:00:02  -  Total Remote Usage
		Usr 0 00:00:00, Sys 0 00:00:00  -  Total Local Usage
	1540  -  Run Bytes Sent By Job
	11207  -  Run Bytes Received By Job
	1540  -  Total Bytes Sent By Job
	11207  -  Total Bytes Received By Job
	Partitionable Resources :    Usage  Request Allocated 
	   Cpus                 :                 4         4 
	   Disk (KB)            :       29        1   2884872 
	   Memory (MB)          :      155     8000      8000 

	Job terminated of its own accord at 2022-01-20T14:05:23Z.
...
