000 (3275855.018.000) 12/22 11:21:45 Job submitted from host: <188.185.70.244:9618?addrs=188.185.70.244-9618+[2001-1458-d00-7--100-2ee]-9618&alias=bigbird10.cern.ch&noUDP&sock=schedd_2095_9300>
...
040 (3275855.018.000) 12/22 13:26:32 Started transferring input files
	Transferring to host: <128.142.63.38:9618?addrs=128.142.63.38-9618+[2001-1458-301-38--100-23]-9618&alias=b7s08p9126.cern.ch&noUDP&sock=slot1_1_3590_3acb_5942>
...
040 (3275855.018.000) 12/22 13:26:32 Finished transferring input files
...
001 (3275855.018.000) 12/22 13:26:33 Job executing on host: <128.142.63.38:9618?addrs=128.142.63.38-9618+[2001-1458-301-38--100-23]-9618&alias=b7s08p9126.cern.ch&noUDP&sock=startd_2887_d202>
...
006 (3275855.018.000) 12/22 13:26:41 Image size of job updated: 452256
	195  -  MemoryUsage of job (MB)
	198668  -  ResidentSetSize of job (KB)
...
006 (3275855.018.000) 12/22 13:29:26 Image size of job updated: 1738572
	195  -  MemoryUsage of job (MB)
	198668  -  ResidentSetSize of job (KB)
...
040 (3275855.018.000) 12/22 13:29:26 Started transferring output files
...
040 (3275855.018.000) 12/22 13:29:26 Finished transferring output files
...
005 (3275855.018.000) 12/22 13:29:26 Job terminated.
	(1) Normal termination (return value 0)
		Usr 0 00:00:21, Sys 0 00:00:03  -  Run Remote Usage
		Usr 0 00:00:00, Sys 0 00:00:00  -  Run Local Usage
		Usr 0 00:00:21, Sys 0 00:00:03  -  Total Remote Usage
		Usr 0 00:00:00, Sys 0 00:00:00  -  Total Local Usage
	7939  -  Run Bytes Sent By Job
	11181  -  Run Bytes Received By Job
	7939  -  Total Bytes Sent By Job
	11181  -  Total Bytes Received By Job
	Partitionable Resources :    Usage  Request Allocated 
	   Cpus                 :                 4         4 
	   Disk (KB)            :       36        1   1366304 
	   Memory (MB)          :      195     8000      8000 

	Job terminated of its own accord at 2021-12-22T12:29:26Z.
...
