000 (3335429.004.000) 01/18 23:49:51 Job submitted from host: <188.185.70.244:9618?addrs=188.185.70.244-9618+[2001-1458-d00-7--100-2ee]-9618&alias=bigbird10.cern.ch&noUDP&sock=schedd_7001_aea1>
...
040 (3335429.004.000) 01/19 01:35:57 Started transferring input files
	Transferring to host: <128.142.56.156:9618?addrs=128.142.56.156-9618&alias=b7s01p3504.cern.ch&noUDP&sock=slot1_3_5567_347b_37539>
...
040 (3335429.004.000) 01/19 01:35:57 Finished transferring input files
...
001 (3335429.004.000) 01/19 01:35:58 Job executing on host: <128.142.56.156:9618?addrs=128.142.56.156-9618&alias=b7s01p3504.cern.ch&noUDP&sock=startd_5217_01ac>
...
006 (3335429.004.000) 01/19 01:36:07 Image size of job updated: 453176
	182  -  MemoryUsage of job (MB)
	186320  -  ResidentSetSize of job (KB)
...
006 (3335429.004.000) 01/19 01:41:08 Image size of job updated: 2985148
	896  -  MemoryUsage of job (MB)
	917140  -  ResidentSetSize of job (KB)
...
006 (3335429.004.000) 01/19 01:46:08 Image size of job updated: 2985148
	896  -  MemoryUsage of job (MB)
	917172  -  ResidentSetSize of job (KB)
...
006 (3335429.004.000) 01/19 01:51:09 Image size of job updated: 2985148
	896  -  MemoryUsage of job (MB)
	917176  -  ResidentSetSize of job (KB)
...
006 (3335429.004.000) 01/19 01:56:10 Image size of job updated: 2985148
	896  -  MemoryUsage of job (MB)
	917188  -  ResidentSetSize of job (KB)
...
006 (3335429.004.000) 01/19 02:11:11 Image size of job updated: 2985148
	897  -  MemoryUsage of job (MB)
	918484  -  ResidentSetSize of job (KB)
...
006 (3335429.004.000) 01/19 02:16:12 Image size of job updated: 3328504
	1399  -  MemoryUsage of job (MB)
	1431568  -  ResidentSetSize of job (KB)
...
006 (3335429.004.000) 01/19 02:46:15 Image size of job updated: 3837432
	1843  -  MemoryUsage of job (MB)
	1886516  -  ResidentSetSize of job (KB)
...
006 (3335429.004.000) 01/19 03:11:17 Image size of job updated: 3837432
	1844  -  MemoryUsage of job (MB)
	1887496  -  ResidentSetSize of job (KB)
...
006 (3335429.004.000) 01/19 03:16:17 Image size of job updated: 4364056
	2284  -  MemoryUsage of job (MB)
	2338812  -  ResidentSetSize of job (KB)
...
006 (3335429.004.000) 01/19 03:41:20 Image size of job updated: 4364056
	2288  -  MemoryUsage of job (MB)
	2342644  -  ResidentSetSize of job (KB)
...
006 (3335429.004.000) 01/19 03:46:20 Image size of job updated: 4874940
	2736  -  MemoryUsage of job (MB)
	2801128  -  ResidentSetSize of job (KB)
...
006 (3335429.004.000) 01/19 04:11:23 Image size of job updated: 4874940
	2738  -  MemoryUsage of job (MB)
	2803444  -  ResidentSetSize of job (KB)
...
006 (3335429.004.000) 01/19 04:16:24 Image size of job updated: 5419400
	3234  -  MemoryUsage of job (MB)
	3311576  -  ResidentSetSize of job (KB)
...
006 (3335429.004.000) 01/19 04:41:25 Image size of job updated: 5419400
	3235  -  MemoryUsage of job (MB)
	3312184  -  ResidentSetSize of job (KB)
...
006 (3335429.004.000) 01/19 04:46:26 Image size of job updated: 6325856
	3969  -  MemoryUsage of job (MB)
	4063312  -  ResidentSetSize of job (KB)
...
006 (3335429.004.000) 01/19 05:01:28 Image size of job updated: 6325856
	3969  -  MemoryUsage of job (MB)
	4063316  -  ResidentSetSize of job (KB)
...
006 (3335429.004.000) 01/19 05:16:29 Image size of job updated: 6411616
	4868  -  MemoryUsage of job (MB)
	4984400  -  ResidentSetSize of job (KB)
...
006 (3335429.004.000) 01/19 05:21:30 Image size of job updated: 6924360
	4869  -  MemoryUsage of job (MB)
	4985312  -  ResidentSetSize of job (KB)
...
006 (3335429.004.000) 01/19 05:46:32 Image size of job updated: 6924360
	4869  -  MemoryUsage of job (MB)
	4985396  -  ResidentSetSize of job (KB)
...
006 (3335429.004.000) 01/19 05:51:33 Image size of job updated: 7632920
	5257  -  MemoryUsage of job (MB)
	5382424  -  ResidentSetSize of job (KB)
...
006 (3335429.004.000) 01/19 06:16:35 Image size of job updated: 7850840
	6259  -  MemoryUsage of job (MB)
	6408512  -  ResidentSetSize of job (KB)
...
006 (3335429.004.000) 01/19 06:21:36 Image size of job updated: 8454276
	6259  -  MemoryUsage of job (MB)
	6408512  -  ResidentSetSize of job (KB)
...
040 (3335429.004.000) 01/19 06:36:12 Started transferring output files
...
040 (3335429.004.000) 01/19 06:36:12 Finished transferring output files
...
009 (3335429.004.000) 01/19 06:36:12 Job was aborted.
	Job removed by SYSTEM_PERIODIC_REMOVE due to wall time exceeded allowed max.
...
