000 (3316948.023.000) 01/13 10:23:47 Job submitted from host: <188.185.70.244:9618?addrs=188.185.70.244-9618+[2001-1458-d00-7--100-2ee]-9618&alias=bigbird10.cern.ch&noUDP&sock=schedd_7001_aea1>
...
040 (3316948.023.000) 01/13 10:29:09 Started transferring input files
	Transferring to host: <128.142.63.76:9618?addrs=128.142.63.76-9618+[2001-1458-301-38--100-49]-9618&alias=b7s08p1902.cern.ch&noUDP&sock=slot1_12_3344_e681_31800>
...
040 (3316948.023.000) 01/13 10:29:09 Finished transferring input files
...
001 (3316948.023.000) 01/13 10:29:10 Job executing on host: <128.142.63.76:9618?addrs=128.142.63.76-9618+[2001-1458-301-38--100-49]-9618&alias=b7s08p1902.cern.ch&noUDP&sock=startd_2826_fabb>
...
006 (3316948.023.000) 01/13 10:29:19 Image size of job updated: 751824
	155  -  MemoryUsage of job (MB)
	157840  -  ResidentSetSize of job (KB)
...
006 (3316948.023.000) 01/13 10:29:43 Image size of job updated: 1514976
	155  -  MemoryUsage of job (MB)
	157840  -  ResidentSetSize of job (KB)
...
040 (3316948.023.000) 01/13 10:29:43 Started transferring output files
...
040 (3316948.023.000) 01/13 10:29:43 Finished transferring output files
...
005 (3316948.023.000) 01/13 10:29:43 Job terminated.
	(1) Normal termination (return value 1)
		Usr 0 00:00:03, Sys 0 00:00:02  -  Run Remote Usage
		Usr 0 00:00:00, Sys 0 00:00:00  -  Run Local Usage
		Usr 0 00:00:03, Sys 0 00:00:02  -  Total Remote Usage
		Usr 0 00:00:00, Sys 0 00:00:00  -  Total Local Usage
	4332  -  Run Bytes Sent By Job
	10531  -  Run Bytes Received By Job
	4332  -  Total Bytes Sent By Job
	10531  -  Total Bytes Received By Job
	Partitionable Resources :    Usage  Request Allocated 
	   Cpus                 :                 4         4 
	   Disk (KB)            :       31        1   1187095 
	   Memory (MB)          :      155     8000      8000 

	Job terminated of its own accord at 2022-01-13T09:29:43Z.
...
