000 (3300949.001.000) 01/10 17:49:45 Job submitted from host: <188.185.70.244:9618?addrs=188.185.70.244-9618+[2001-1458-d00-7--100-2ee]-9618&alias=bigbird10.cern.ch&noUDP&sock=schedd_7001_aea1>
...
040 (3300949.001.000) 01/10 17:55:31 Entered queue to transfer input files
	Transferring to host: <188.185.105.65:9618?addrs=188.185.105.65-9618+[2001-1458-d00-3e--100-e2]-9618&alias=b7g50s2096.cern.ch&noUDP&sock=slot1_3_8580_22d6_55295>
...
040 (3300949.001.000) 01/10 17:55:33 Started transferring input files
	Seconds spent in queue: 2
...
040 (3300949.001.000) 01/10 17:55:33 Finished transferring input files
...
001 (3300949.001.000) 01/10 17:55:34 Job executing on host: <188.185.105.65:9618?addrs=188.185.105.65-9618+[2001-1458-d00-3e--100-e2]-9618&alias=b7g50s2096.cern.ch&noUDP&sock=startd_7590_afea>
...
006 (3300949.001.000) 01/10 17:55:43 Image size of job updated: 269268
	1  -  MemoryUsage of job (MB)
	512  -  ResidentSetSize of job (KB)
...
006 (3300949.001.000) 01/10 18:00:44 Image size of job updated: 1734536
	274  -  MemoryUsage of job (MB)
	279736  -  ResidentSetSize of job (KB)
...
040 (3300949.001.000) 01/10 18:02:52 Started transferring output files
	Seconds spent in queue: 441
...
040 (3300949.001.000) 01/10 18:02:52 Finished transferring output files
...
005 (3300949.001.000) 01/10 18:02:52 Job terminated.
	(1) Normal termination (return value 0)
		Usr 0 00:00:36, Sys 0 00:00:04  -  Run Remote Usage
		Usr 0 00:00:00, Sys 0 00:00:00  -  Run Local Usage
		Usr 0 00:00:36, Sys 0 00:00:04  -  Total Remote Usage
		Usr 0 00:00:00, Sys 0 00:00:00  -  Total Local Usage
	37367  -  Run Bytes Sent By Job
	10528  -  Run Bytes Received By Job
	37367  -  Total Bytes Sent By Job
	10528  -  Total Bytes Received By Job
	Partitionable Resources :    Usage  Request Allocated 
	   Cpus                 :     0.16        4         4 
	   Disk (KB)            :    70           1    568204 
	   Memory (MB)          :   274        8000      8000 

	Job terminated of its own accord at 2022-01-10T17:02:51Z.
...
