000 (3322102.024.000) 01/17 17:36:42 Job submitted from host: <188.185.70.244:9618?addrs=188.185.70.244-9618+[2001-1458-d00-7--100-2ee]-9618&alias=bigbird10.cern.ch&noUDP&sock=schedd_7001_aea1>
...
040 (3322102.024.000) 01/17 18:03:49 Started transferring input files
	Transferring to host: <128.142.60.13:9618?addrs=128.142.60.13-9618+[2001-1458-301-22--100-c]-9618&alias=b7s05p6764.cern.ch&noUDP&sock=slot1_2_3055_4615_31472>
...
040 (3322102.024.000) 01/17 18:03:49 Finished transferring input files
...
001 (3322102.024.000) 01/17 18:03:50 Job executing on host: <128.142.60.13:9618?addrs=128.142.60.13-9618+[2001-1458-301-22--100-c]-9618&alias=b7s05p6764.cern.ch&noUDP&sock=startd_2572_c1ad>
...
006 (3322102.024.000) 01/17 18:03:59 Image size of job updated: 320060
	195  -  MemoryUsage of job (MB)
	199016  -  ResidentSetSize of job (KB)
...
006 (3322102.024.000) 01/17 18:09:00 Image size of job updated: 2787432
	898  -  MemoryUsage of job (MB)
	919428  -  ResidentSetSize of job (KB)
...
006 (3322102.024.000) 01/17 18:19:01 Image size of job updated: 2787432
	899  -  MemoryUsage of job (MB)
	920404  -  ResidentSetSize of job (KB)
...
006 (3322102.024.000) 01/17 18:24:01 Image size of job updated: 3245392
	1339  -  MemoryUsage of job (MB)
	1370596  -  ResidentSetSize of job (KB)
...
006 (3322102.024.000) 01/17 18:34:03 Image size of job updated: 3245392
	1341  -  MemoryUsage of job (MB)
	1372964  -  ResidentSetSize of job (KB)
...
006 (3322102.024.000) 01/17 18:39:03 Image size of job updated: 3678988
	1768  -  MemoryUsage of job (MB)
	1809612  -  ResidentSetSize of job (KB)
...
006 (3322102.024.000) 01/17 19:09:07 Image size of job updated: 4153492
	2168  -  MemoryUsage of job (MB)
	2219812  -  ResidentSetSize of job (KB)
...
006 (3322102.024.000) 01/17 19:59:12 Image size of job updated: 4153492
	2169  -  MemoryUsage of job (MB)
	2220364  -  ResidentSetSize of job (KB)
...
006 (3322102.024.000) 01/17 20:04:13 Image size of job updated: 4649184
	2563  -  MemoryUsage of job (MB)
	2623600  -  ResidentSetSize of job (KB)
...
006 (3322102.024.000) 01/17 20:19:14 Image size of job updated: 5262824
	3655  -  MemoryUsage of job (MB)
	3742384  -  ResidentSetSize of job (KB)
...
006 (3322102.024.000) 01/17 20:29:15 Image size of job updated: 5900552
	3655  -  MemoryUsage of job (MB)
	3742384  -  ResidentSetSize of job (KB)
...
006 (3322102.024.000) 01/17 20:39:17 Image size of job updated: 6525772
	4253  -  MemoryUsage of job (MB)
	4354972  -  ResidentSetSize of job (KB)
...
006 (3322102.024.000) 01/17 21:34:21 Image size of job updated: 6525772
	4258  -  MemoryUsage of job (MB)
	4359700  -  ResidentSetSize of job (KB)
...
006 (3322102.024.000) 01/17 21:39:21 Image size of job updated: 7242456
	4947  -  MemoryUsage of job (MB)
	5065224  -  ResidentSetSize of job (KB)
...
006 (3322102.024.000) 01/17 21:54:23 Image size of job updated: 7242456
	4948  -  MemoryUsage of job (MB)
	5066528  -  ResidentSetSize of job (KB)
...
006 (3322102.024.000) 01/17 21:59:24 Image size of job updated: 8746900
	5625  -  MemoryUsage of job (MB)
	5759568  -  ResidentSetSize of job (KB)
...
040 (3322102.024.000) 01/17 22:02:08 Started transferring output files
...
040 (3322102.024.000) 01/17 22:02:08 Finished transferring output files
...
005 (3322102.024.000) 01/17 22:02:08 Job terminated.
	(1) Normal termination (return value 0)
		Usr 0 00:45:53, Sys 0 00:00:47  -  Run Remote Usage
		Usr 0 00:00:00, Sys 0 00:00:00  -  Run Local Usage
		Usr 0 00:45:53, Sys 0 00:00:47  -  Total Remote Usage
		Usr 0 00:00:00, Sys 0 00:00:00  -  Total Local Usage
	1540  -  Run Bytes Sent By Job
	10524  -  Run Bytes Received By Job
	1540  -  Total Bytes Sent By Job
	10524  -  Total Bytes Received By Job
	Partitionable Resources :    Usage  Request Allocated 
	   Cpus                 :     1.01        4         4 
	   Disk (KB)            :    35           1   1193151 
	   Memory (MB)          :  5625        8000      8000 

	Job terminated of its own accord at 2022-01-17T21:02:08Z.
...
