000 (3314625.005.000) 01/11 10:41:43 Job submitted from host: <188.185.70.244:9618?addrs=188.185.70.244-9618+[2001-1458-d00-7--100-2ee]-9618&alias=bigbird10.cern.ch&noUDP&sock=schedd_7001_aea1>
...
040 (3314625.005.000) 01/11 11:36:29 Started transferring input files
	Transferring to host: <188.184.160.179:9618?addrs=188.184.160.179-9618+[2001-1458-301-48--100-ad]-9618&alias=b7s09p7730.cern.ch&noUDP&sock=slot1_4_3320_fd80_25063>
...
040 (3314625.005.000) 01/11 11:36:29 Finished transferring input files
...
001 (3314625.005.000) 01/11 11:36:30 Job executing on host: <188.184.160.179:9618?addrs=188.184.160.179-9618+[2001-1458-301-48--100-ad]-9618&alias=b7s09p7730.cern.ch&noUDP&sock=startd_3089_6023>
...
006 (3314625.005.000) 01/11 11:36:39 Image size of job updated: 173312
	75  -  MemoryUsage of job (MB)
	76024  -  ResidentSetSize of job (KB)
...
006 (3314625.005.000) 01/11 11:41:40 Image size of job updated: 1758604
	277  -  MemoryUsage of job (MB)
	283008  -  ResidentSetSize of job (KB)
...
006 (3314625.005.000) 01/11 11:46:40 Image size of job updated: 1839700
	360  -  MemoryUsage of job (MB)
	367928  -  ResidentSetSize of job (KB)
...
006 (3314625.005.000) 01/11 11:51:40 Image size of job updated: 1937940
	434  -  MemoryUsage of job (MB)
	444012  -  ResidentSetSize of job (KB)
...
006 (3314625.005.000) 01/11 11:56:41 Image size of job updated: 1992352
	518  -  MemoryUsage of job (MB)
	530060  -  ResidentSetSize of job (KB)
...
006 (3314625.005.000) 01/11 12:01:41 Image size of job updated: 2149728
	602  -  MemoryUsage of job (MB)
	615784  -  ResidentSetSize of job (KB)
...
006 (3314625.005.000) 01/11 12:06:41 Image size of job updated: 8125936
	6183  -  MemoryUsage of job (MB)
	6330412  -  ResidentSetSize of job (KB)
...
006 (3314625.005.000) 01/11 12:11:42 Image size of job updated: 10275484
	6183  -  MemoryUsage of job (MB)
	6330412  -  ResidentSetSize of job (KB)
...
006 (3314625.005.000) 01/11 13:26:49 Image size of job updated: 10275484
	9245  -  MemoryUsage of job (MB)
	9466700  -  ResidentSetSize of job (KB)
...
006 (3314625.005.000) 01/11 13:31:50 Image size of job updated: 11137900
	9340  -  MemoryUsage of job (MB)
	9563856  -  ResidentSetSize of job (KB)
...
006 (3314625.005.000) 01/11 13:36:50 Image size of job updated: 11203436
	9402  -  MemoryUsage of job (MB)
	9627524  -  ResidentSetSize of job (KB)
...
006 (3314625.005.000) 01/11 13:41:50 Image size of job updated: 17462644
	9402  -  MemoryUsage of job (MB)
	9627524  -  ResidentSetSize of job (KB)
...
006 (3314625.005.000) 01/11 15:27:02 Image size of job updated: 17462644
	9527  -  MemoryUsage of job (MB)
	9755472  -  ResidentSetSize of job (KB)
...
006 (3314625.005.000) 01/11 15:32:02 Image size of job updated: 20061848
	9528  -  MemoryUsage of job (MB)
	9755840  -  ResidentSetSize of job (KB)
...
006 (3314625.005.000) 01/11 17:42:18 Image size of job updated: 20061848
	9715  -  MemoryUsage of job (MB)
	9948136  -  ResidentSetSize of job (KB)
...
006 (3314625.005.000) 01/11 17:57:19 Image size of job updated: 22140172
	9715  -  MemoryUsage of job (MB)
	9948136  -  ResidentSetSize of job (KB)
...
006 (3314625.005.000) 01/11 19:57:33 Image size of job updated: 22140172
	12313  -  MemoryUsage of job (MB)
	12607624  -  ResidentSetSize of job (KB)
...
006 (3314625.005.000) 01/11 20:02:33 Image size of job updated: 22140172
	12393  -  MemoryUsage of job (MB)
	12689548  -  ResidentSetSize of job (KB)
...
006 (3314625.005.000) 01/11 20:07:34 Image size of job updated: 22140172
	12457  -  MemoryUsage of job (MB)
	12755084  -  ResidentSetSize of job (KB)
...
006 (3314625.005.000) 01/11 20:12:35 Image size of job updated: 24796608
	15487  -  MemoryUsage of job (MB)
	15857904  -  ResidentSetSize of job (KB)
...
006 (3314625.005.000) 01/11 20:17:35 Image size of job updated: 24796608
	15487  -  MemoryUsage of job (MB)
	15857908  -  ResidentSetSize of job (KB)
...
040 (3314625.005.000) 01/11 21:37:01 Started transferring output files
...
040 (3314625.005.000) 01/11 21:37:01 Finished transferring output files
...
009 (3314625.005.000) 01/11 21:37:01 Job was aborted.
	Job removed by SYSTEM_PERIODIC_REMOVE due to wall time exceeded allowed max.
...
