000 (3301468.019.000) 01/10 18:11:34 Job submitted from host: <188.185.70.244:9618?addrs=188.185.70.244-9618+[2001-1458-d00-7--100-2ee]-9618&alias=bigbird10.cern.ch&noUDP&sock=schedd_7001_aea1>
...
040 (3301468.019.000) 01/10 18:13:21 Started transferring input files
	Transferring to host: <128.142.58.27:9618?addrs=128.142.58.27-9618+[2001-1458-301-16--100-1a]-9618&alias=b7s03p6665.cern.ch&noUDP&sock=slot1_2_3534_c5c9_24026>
...
040 (3301468.019.000) 01/10 18:13:21 Finished transferring input files
...
001 (3301468.019.000) 01/10 18:13:22 Job executing on host: <128.142.58.27:9618?addrs=128.142.58.27-9618+[2001-1458-301-16--100-1a]-9618&alias=b7s03p6665.cern.ch&noUDP&sock=startd_2768_323d>
...
006 (3301468.019.000) 01/10 18:13:26 Image size of job updated: 5560
	0  -  MemoryUsage of job (MB)
	0  -  ResidentSetSize of job (KB)
...
040 (3301468.019.000) 01/10 18:13:26 Started transferring output files
...
040 (3301468.019.000) 01/10 18:13:26 Finished transferring output files
...
005 (3301468.019.000) 01/10 18:13:26 Job terminated.
	(1) Normal termination (return value 1)
		Usr 0 00:00:00, Sys 0 00:00:00  -  Run Remote Usage
		Usr 0 00:00:00, Sys 0 00:00:00  -  Run Local Usage
		Usr 0 00:00:00, Sys 0 00:00:00  -  Total Remote Usage
		Usr 0 00:00:00, Sys 0 00:00:00  -  Total Local Usage
	202  -  Run Bytes Sent By Job
	10523  -  Run Bytes Received By Job
	202  -  Total Bytes Sent By Job
	10523  -  Total Bytes Received By Job
	Partitionable Resources :    Usage  Request Allocated 
	   Cpus                 :                 4         4 
	   Disk (KB)            :       27        1    901324 
	   Memory (MB)          :        0     8000      8000 

	Job terminated of its own accord at 2022-01-10T17:13:26Z.
...
