000 (3322102.011.000) 01/17 17:36:42 Job submitted from host: <188.185.70.244:9618?addrs=188.185.70.244-9618+[2001-1458-d00-7--100-2ee]-9618&alias=bigbird10.cern.ch&noUDP&sock=schedd_7001_aea1>
...
040 (3322102.011.000) 01/17 18:03:45 Started transferring input files
	Transferring to host: <128.142.33.219:9618?addrs=128.142.33.219-9618&alias=b7g24p2368.cern.ch&noUDP&sock=slot1_1_10243_deba_71593>
...
040 (3322102.011.000) 01/17 18:03:45 Finished transferring input files
...
001 (3322102.011.000) 01/17 18:03:46 Job executing on host: <128.142.33.219:9618?addrs=128.142.33.219-9618&alias=b7g24p2368.cern.ch&noUDP&sock=startd_10175_c83b>
...
006 (3322102.011.000) 01/17 18:03:55 Image size of job updated: 452796
	172  -  MemoryUsage of job (MB)
	175636  -  ResidentSetSize of job (KB)
...
006 (3322102.011.000) 01/17 18:08:55 Image size of job updated: 2791416
	1271  -  MemoryUsage of job (MB)
	1300836  -  ResidentSetSize of job (KB)
...
006 (3322102.011.000) 01/17 19:49:05 Image size of job updated: 3340096
	1404  -  MemoryUsage of job (MB)
	1436872  -  ResidentSetSize of job (KB)
...
006 (3322102.011.000) 01/17 20:34:09 Image size of job updated: 3340096
	1404  -  MemoryUsage of job (MB)
	1436880  -  ResidentSetSize of job (KB)
...
006 (3322102.011.000) 01/17 20:39:10 Image size of job updated: 3340096
	1404  -  MemoryUsage of job (MB)
	1436884  -  ResidentSetSize of job (KB)
...
006 (3322102.011.000) 01/17 21:09:12 Image size of job updated: 3340096
	1405  -  MemoryUsage of job (MB)
	1438644  -  ResidentSetSize of job (KB)
...
006 (3322102.011.000) 01/17 21:14:13 Image size of job updated: 3836352
	1854  -  MemoryUsage of job (MB)
	1898192  -  ResidentSetSize of job (KB)
...
006 (3322102.011.000) 01/17 21:39:15 Image size of job updated: 3836352
	1854  -  MemoryUsage of job (MB)
	1898196  -  ResidentSetSize of job (KB)
...
006 (3322102.011.000) 01/17 21:49:16 Image size of job updated: 3836352
	1854  -  MemoryUsage of job (MB)
	1898200  -  ResidentSetSize of job (KB)
...
006 (3322102.011.000) 01/17 21:59:17 Image size of job updated: 3836352
	1854  -  MemoryUsage of job (MB)
	1898204  -  ResidentSetSize of job (KB)
...
006 (3322102.011.000) 01/17 22:19:19 Image size of job updated: 3836352
	2387  -  MemoryUsage of job (MB)
	2444144  -  ResidentSetSize of job (KB)
...
006 (3322102.011.000) 01/17 22:24:20 Image size of job updated: 4640060
	2387  -  MemoryUsage of job (MB)
	2444264  -  ResidentSetSize of job (KB)
...
040 (3322102.011.000) 01/17 23:04:12 Started transferring output files
...
040 (3322102.011.000) 01/17 23:04:12 Finished transferring output files
...
009 (3322102.011.000) 01/17 23:04:12 Job was aborted.
	Job removed by SYSTEM_PERIODIC_REMOVE due to wall time exceeded allowed max.
...
