000 (3340598.023.000) 01/20 15:14:43 Job submitted from host: <188.185.70.244:9618?addrs=188.185.70.244-9618+[2001-1458-d00-7--100-2ee]-9618&alias=bigbird10.cern.ch&noUDP&sock=schedd_7001_aea1>
...
040 (3340598.023.000) 01/20 15:28:36 Started transferring input files
	Transferring to host: <188.184.163.189:9618?addrs=188.184.163.189-9618+[2001-1458-301-4d--100-b7]-9618&alias=b7s12p1589.cern.ch&noUDP&sock=slot1_35_4268_f127_34976>
...
040 (3340598.023.000) 01/20 15:28:36 Finished transferring input files
...
001 (3340598.023.000) 01/20 15:28:37 Job executing on host: <188.184.163.189:9618?addrs=188.184.163.189-9618+[2001-1458-301-4d--100-b7]-9618&alias=b7s12p1589.cern.ch&noUDP&sock=startd_4028_7391>
...
006 (3340598.023.000) 01/20 15:28:46 Image size of job updated: 1252896
	155  -  MemoryUsage of job (MB)
	157868  -  ResidentSetSize of job (KB)
...
006 (3340598.023.000) 01/20 15:33:47 Image size of job updated: 2451764
	696  -  MemoryUsage of job (MB)
	712008  -  ResidentSetSize of job (KB)
...
006 (3340598.023.000) 01/20 15:38:47 Image size of job updated: 2836328
	1024  -  MemoryUsage of job (MB)
	1048252  -  ResidentSetSize of job (KB)
...
006 (3340598.023.000) 01/20 15:43:47 Image size of job updated: 2836328
	1024  -  MemoryUsage of job (MB)
	1048260  -  ResidentSetSize of job (KB)
...
006 (3340598.023.000) 01/20 15:48:48 Image size of job updated: 3202944
	1366  -  MemoryUsage of job (MB)
	1398524  -  ResidentSetSize of job (KB)
...
006 (3340598.023.000) 01/20 15:53:48 Image size of job updated: 3426096
	1905  -  MemoryUsage of job (MB)
	1950184  -  ResidentSetSize of job (KB)
...
006 (3340598.023.000) 01/20 15:58:48 Image size of job updated: 3695140
	1905  -  MemoryUsage of job (MB)
	1950184  -  ResidentSetSize of job (KB)
...
006 (3340598.023.000) 01/20 16:03:49 Image size of job updated: 3849964
	2581  -  MemoryUsage of job (MB)
	2642312  -  ResidentSetSize of job (KB)
...
006 (3340598.023.000) 01/20 16:08:50 Image size of job updated: 4134124
	2582  -  MemoryUsage of job (MB)
	2643900  -  ResidentSetSize of job (KB)
...
006 (3340598.023.000) 01/20 16:18:51 Image size of job updated: 4657200
	2650  -  MemoryUsage of job (MB)
	2712780  -  ResidentSetSize of job (KB)
...
006 (3340598.023.000) 01/20 16:23:52 Image size of job updated: 4657200
	2653  -  MemoryUsage of job (MB)
	2715804  -  ResidentSetSize of job (KB)
...
006 (3340598.023.000) 01/20 16:28:52 Image size of job updated: 5566868
	3067  -  MemoryUsage of job (MB)
	3140168  -  ResidentSetSize of job (KB)
...
006 (3340598.023.000) 01/20 16:38:54 Image size of job updated: 5972912
	4335  -  MemoryUsage of job (MB)
	4438720  -  ResidentSetSize of job (KB)
...
006 (3340598.023.000) 01/20 16:53:55 Image size of job updated: 6612932
	4335  -  MemoryUsage of job (MB)
	4438720  -  ResidentSetSize of job (KB)
...
040 (3340598.023.000) 01/20 17:01:11 Entered queue to transfer output files
...
040 (3340598.023.000) 01/20 17:07:27 Started transferring output files
...
040 (3340598.023.000) 01/20 17:07:27 Finished transferring output files
...
005 (3340598.023.000) 01/20 17:07:27 Job terminated.
	(1) Normal termination (return value 0)
		Usr 0 01:08:18, Sys 0 00:00:57  -  Run Remote Usage
		Usr 0 00:00:00, Sys 0 00:00:00  -  Run Local Usage
		Usr 0 01:08:18, Sys 0 00:00:57  -  Total Remote Usage
		Usr 0 00:00:00, Sys 0 00:00:00  -  Total Local Usage
	7002  -  Run Bytes Sent By Job
	11206  -  Run Bytes Received By Job
	7002  -  Total Bytes Sent By Job
	11206  -  Total Bytes Received By Job
	Partitionable Resources :    Usage  Request Allocated 
	   Cpus                 :        0        4         4 
	   Disk (KB)            :       41        1   2911205 
	   Memory (MB)          :     4335     8000      8000 

	Job terminated of its own accord at 2022-01-20T16:01:06Z.
...
