000 (3316948.012.000) 01/13 10:23:47 Job submitted from host: <188.185.70.244:9618?addrs=188.185.70.244-9618+[2001-1458-d00-7--100-2ee]-9618&alias=bigbird10.cern.ch&noUDP&sock=schedd_7001_aea1>
...
040 (3316948.012.000) 01/13 10:29:05 Started transferring input files
	Transferring to host: <128.142.60.45:9618?addrs=128.142.60.45-9618+[2001-1458-301-22--100-2c]-9618&alias=b7s05p3924.cern.ch&noUDP&sock=slot1_13_3135_a419_30048>
...
040 (3316948.012.000) 01/13 10:29:05 Finished transferring input files
...
001 (3316948.012.000) 01/13 10:29:06 Job executing on host: <128.142.60.45:9618?addrs=128.142.60.45-9618+[2001-1458-301-22--100-2c]-9618&alias=b7s05p3924.cern.ch&noUDP&sock=startd_2806_42d6>
...
006 (3316948.012.000) 01/13 10:29:15 Image size of job updated: 143152
	1  -  MemoryUsage of job (MB)
	704  -  ResidentSetSize of job (KB)
...
006 (3316948.012.000) 01/13 10:30:45 Image size of job updated: 1280540
	1  -  MemoryUsage of job (MB)
	724  -  ResidentSetSize of job (KB)
...
040 (3316948.012.000) 01/13 10:30:46 Started transferring output files
...
040 (3316948.012.000) 01/13 10:30:46 Finished transferring output files
...
005 (3316948.012.000) 01/13 10:30:46 Job terminated.
	(1) Normal termination (return value 1)
		Usr 0 00:00:03, Sys 0 00:00:00  -  Run Remote Usage
		Usr 0 00:00:00, Sys 0 00:00:00  -  Run Local Usage
		Usr 0 00:00:03, Sys 0 00:00:00  -  Total Remote Usage
		Usr 0 00:00:00, Sys 0 00:00:00  -  Total Local Usage
	4571  -  Run Bytes Sent By Job
	10531  -  Run Bytes Received By Job
	4571  -  Total Bytes Sent By Job
	10531  -  Total Bytes Received By Job
	Partitionable Resources :    Usage  Request Allocated 
	   Cpus                 :                 4         4 
	   Disk (KB)            :       31        1   1200371 
	   Memory (MB)          :        1     8000      8000 

	Job terminated of its own accord at 2022-01-13T09:30:45Z.
...
