000 (3316948.024.000) 01/13 10:23:47 Job submitted from host: <188.185.70.244:9618?addrs=188.185.70.244-9618+[2001-1458-d00-7--100-2ee]-9618&alias=bigbird10.cern.ch&noUDP&sock=schedd_7001_aea1>
...
040 (3316948.024.000) 01/13 10:29:09 Started transferring input files
	Transferring to host: <128.142.58.72:9618?addrs=128.142.58.72-9618+[2001-1458-301-16--100-47]-9618&alias=b7s03p5575.cern.ch&noUDP&sock=slot1_6_3544_d189_29447>
...
040 (3316948.024.000) 01/13 10:29:09 Finished transferring input files
...
001 (3316948.024.000) 01/13 10:29:10 Job executing on host: <128.142.58.72:9618?addrs=128.142.58.72-9618+[2001-1458-301-16--100-47]-9618&alias=b7s03p5575.cern.ch&noUDP&sock=startd_2882_6408>
...
006 (3316948.024.000) 01/13 10:29:19 Image size of job updated: 1256212
	180  -  MemoryUsage of job (MB)
	183552  -  ResidentSetSize of job (KB)
...
006 (3316948.024.000) 01/13 10:29:21 Image size of job updated: 1256212
	180  -  MemoryUsage of job (MB)
	183968  -  ResidentSetSize of job (KB)
...
040 (3316948.024.000) 01/13 10:29:21 Started transferring output files
...
040 (3316948.024.000) 01/13 10:29:21 Finished transferring output files
...
005 (3316948.024.000) 01/13 10:29:21 Job terminated.
	(1) Normal termination (return value 1)
		Usr 0 00:00:03, Sys 0 00:00:02  -  Run Remote Usage
		Usr 0 00:00:00, Sys 0 00:00:00  -  Run Local Usage
		Usr 0 00:00:03, Sys 0 00:00:02  -  Total Remote Usage
		Usr 0 00:00:00, Sys 0 00:00:00  -  Total Local Usage
	3826  -  Run Bytes Sent By Job
	10531  -  Run Bytes Received By Job
	3826  -  Total Bytes Sent By Job
	10531  -  Total Bytes Received By Job
	Partitionable Resources :    Usage  Request Allocated 
	   Cpus                 :                 4         4 
	   Disk (KB)            :       30        1   1258448 
	   Memory (MB)          :      180     8000      8000 

	Job terminated of its own accord at 2022-01-13T09:29:21Z.
...
