000 (3294121.009.000) 01/10 14:43:41 Job submitted from host: <188.185.70.244:9618?addrs=188.185.70.244-9618+[2001-1458-d00-7--100-2ee]-9618&alias=bigbird10.cern.ch&noUDP&sock=schedd_7001_aea1>
...
040 (3294121.009.000) 01/10 14:48:43 Started transferring input files
	Transferring to host: <188.184.163.155:9618?addrs=188.184.163.155-9618+[2001-1458-301-4d--100-95]-9618&alias=b7s12p4495.cern.ch&noUDP&sock=slot1_4_3907_95b8_23784>
...
040 (3294121.009.000) 01/10 14:48:43 Finished transferring input files
...
001 (3294121.009.000) 01/10 14:48:44 Job executing on host: <188.184.163.155:9618?addrs=188.184.163.155-9618+[2001-1458-301-4d--100-95]-9618&alias=b7s12p4495.cern.ch&noUDP&sock=startd_3346_a7fa>
...
006 (3294121.009.000) 01/10 14:48:53 Image size of job updated: 320104
	155  -  MemoryUsage of job (MB)
	157808  -  ResidentSetSize of job (KB)
...
006 (3294121.009.000) 01/10 14:49:00 Image size of job updated: 1594324
	155  -  MemoryUsage of job (MB)
	157808  -  ResidentSetSize of job (KB)
...
040 (3294121.009.000) 01/10 14:49:00 Started transferring output files
...
040 (3294121.009.000) 01/10 14:49:00 Finished transferring output files
...
005 (3294121.009.000) 01/10 14:49:00 Job terminated.
	(1) Normal termination (return value 1)
		Usr 0 00:00:07, Sys 0 00:00:03  -  Run Remote Usage
		Usr 0 00:00:00, Sys 0 00:00:00  -  Run Local Usage
		Usr 0 00:00:07, Sys 0 00:00:03  -  Total Remote Usage
		Usr 0 00:00:00, Sys 0 00:00:00  -  Total Local Usage
	11650  -  Run Bytes Sent By Job
	10526  -  Run Bytes Received By Job
	11650  -  Total Bytes Sent By Job
	10526  -  Total Bytes Received By Job
	Partitionable Resources :    Usage  Request Allocated 
	   Cpus                 :                 4         4 
	   Disk (KB)            :       39        1   2837276 
	   Memory (MB)          :      155     8000      8000 

	Job terminated of its own accord at 2022-01-10T13:49:00Z.
...
