000 (3314883.014.000) 01/12 10:53:22 Job submitted from host: <188.185.70.244:9618?addrs=188.185.70.244-9618+[2001-1458-d00-7--100-2ee]-9618&alias=bigbird10.cern.ch&noUDP&sock=schedd_7001_aea1>
...
040 (3314883.014.000) 01/12 10:54:21 Started transferring input files
	Transferring to host: <128.142.56.19:9618?addrs=128.142.56.19-9618&alias=b7s01p4384.cern.ch&noUDP&sock=slot1_17_4368_66ab_26171>
...
040 (3314883.014.000) 01/12 10:54:21 Finished transferring input files
...
001 (3314883.014.000) 01/12 10:54:22 Job executing on host: <128.142.56.19:9618?addrs=128.142.56.19-9618&alias=b7s01p4384.cern.ch&noUDP&sock=startd_3985_f4ff>
...
006 (3314883.014.000) 01/12 10:54:30 Image size of job updated: 319184
	155  -  MemoryUsage of job (MB)
	157828  -  ResidentSetSize of job (KB)
...
006 (3314883.014.000) 01/12 10:59:30 Image size of job updated: 1740052
	280  -  MemoryUsage of job (MB)
	285888  -  ResidentSetSize of job (KB)
...
040 (3314883.014.000) 01/12 11:00:54 Started transferring output files
...
040 (3314883.014.000) 01/12 11:00:55 Finished transferring output files
...
005 (3314883.014.000) 01/12 11:00:55 Job terminated.
	(1) Normal termination (return value 0)
		Usr 0 00:00:57, Sys 0 00:00:03  -  Run Remote Usage
		Usr 0 00:00:00, Sys 0 00:00:00  -  Run Local Usage
		Usr 0 00:00:57, Sys 0 00:00:03  -  Total Remote Usage
		Usr 0 00:00:00, Sys 0 00:00:00  -  Total Local Usage
	610640  -  Run Bytes Sent By Job
	10532  -  Run Bytes Received By Job
	610640  -  Total Bytes Sent By Job
	10532  -  Total Bytes Received By Job
	Partitionable Resources :    Usage  Request Allocated 
	   Cpus                 :     0.16        4         4 
	   Disk (KB)            :   630           1   1328404 
	   Memory (MB)          :   280        8000      8000 

	Job terminated of its own accord at 2022-01-12T10:00:54Z.
...
