000 (3300949.021.000) 01/10 17:49:45 Job submitted from host: <188.185.70.244:9618?addrs=188.185.70.244-9618+[2001-1458-d00-7--100-2ee]-9618&alias=bigbird10.cern.ch&noUDP&sock=schedd_7001_aea1>
...
040 (3300949.021.000) 01/10 17:55:46 Started transferring input files
	Transferring to host: <128.142.61.21:9618?addrs=128.142.61.21-9618&alias=b7s06p0152.cern.ch&noUDP&sock=slot1_18_4221_d385_23866>
...
040 (3300949.021.000) 01/10 17:55:46 Finished transferring input files
...
001 (3300949.021.000) 01/10 17:55:47 Job executing on host: <128.142.61.21:9618?addrs=128.142.61.21-9618&alias=b7s06p0152.cern.ch&noUDP&sock=startd_3883_fe56>
...
006 (3300949.021.000) 01/10 17:55:56 Image size of job updated: 712832
	155  -  MemoryUsage of job (MB)
	157784  -  ResidentSetSize of job (KB)
...
006 (3300949.021.000) 01/10 17:58:38 Image size of job updated: 1735276
	155  -  MemoryUsage of job (MB)
	157784  -  ResidentSetSize of job (KB)
...
040 (3300949.021.000) 01/10 17:58:41 Started transferring output files
...
040 (3300949.021.000) 01/10 17:58:41 Finished transferring output files
...
005 (3300949.021.000) 01/10 17:58:41 Job terminated.
	(1) Normal termination (return value 0)
		Usr 0 00:00:15, Sys 0 00:00:02  -  Run Remote Usage
		Usr 0 00:00:00, Sys 0 00:00:00  -  Run Local Usage
		Usr 0 00:00:15, Sys 0 00:00:02  -  Total Remote Usage
		Usr 0 00:00:00, Sys 0 00:00:00  -  Total Local Usage
	34780  -  Run Bytes Sent By Job
	10528  -  Run Bytes Received By Job
	34780  -  Total Bytes Sent By Job
	10528  -  Total Bytes Received By Job
	Partitionable Resources :    Usage  Request Allocated 
	   Cpus                 :                 4         4 
	   Disk (KB)            :       60        1   1048491 
	   Memory (MB)          :      155     8000      8000 

	Job terminated of its own accord at 2022-01-10T16:58:38Z.
...
