000 (3275855.025.000) 12/22 11:21:45 Job submitted from host: <188.185.70.244:9618?addrs=188.185.70.244-9618+[2001-1458-d00-7--100-2ee]-9618&alias=bigbird10.cern.ch&noUDP&sock=schedd_2095_9300>
...
040 (3275855.025.000) 12/22 13:33:08 Started transferring input files
	Transferring to host: <128.142.58.84:9618?addrs=128.142.58.84-9618+[2001-1458-301-16--100-53]-9618&alias=b7s03p6923.cern.ch&noUDP&sock=slot1_11_6133_00d2_6912>
...
040 (3275855.025.000) 12/22 13:33:08 Finished transferring input files
...
001 (3275855.025.000) 12/22 13:33:09 Job executing on host: <128.142.58.84:9618?addrs=128.142.58.84-9618+[2001-1458-301-16--100-53]-9618&alias=b7s03p6923.cern.ch&noUDP&sock=startd_5933_1f7c>
...
006 (3275855.025.000) 12/22 13:33:18 Image size of job updated: 320124
	155  -  MemoryUsage of job (MB)
	157812  -  ResidentSetSize of job (KB)
...
006 (3275855.025.000) 12/22 13:37:47 Image size of job updated: 1733892
	155  -  MemoryUsage of job (MB)
	157812  -  ResidentSetSize of job (KB)
...
040 (3275855.025.000) 12/22 13:37:47 Started transferring output files
...
040 (3275855.025.000) 12/22 13:37:47 Finished transferring output files
...
005 (3275855.025.000) 12/22 13:37:47 Job terminated.
	(1) Normal termination (return value 0)
		Usr 0 00:00:14, Sys 0 00:00:02  -  Run Remote Usage
		Usr 0 00:00:00, Sys 0 00:00:00  -  Run Local Usage
		Usr 0 00:00:14, Sys 0 00:00:02  -  Total Remote Usage
		Usr 0 00:00:00, Sys 0 00:00:00  -  Total Local Usage
	8957  -  Run Bytes Sent By Job
	11181  -  Run Bytes Received By Job
	8957  -  Total Bytes Sent By Job
	11181  -  Total Bytes Received By Job
	Partitionable Resources :    Usage  Request Allocated 
	   Cpus                 :                 4         4 
	   Disk (KB)            :       36        1   1335328 
	   Memory (MB)          :      155     8000      8000 

	Job terminated of its own accord at 2021-12-22T12:37:47Z.
...
