000 (3335550.000.000) 01/19 08:45:54 Job submitted from host: <188.185.70.244:9618?addrs=188.185.70.244-9618+[2001-1458-d00-7--100-2ee]-9618&alias=bigbird10.cern.ch&noUDP&sock=schedd_7001_aea1>
...
022 (3335550.000.000) 01/19 08:52:44 Job disconnected, attempting to reconnect
    Socket between submit and execute hosts closed unexpectedly
    Trying to reconnect to slot1_2@b7s06p5959.cern.ch <128.142.61.97:9618?addrs=128.142.61.97-9618&alias=b7s06p5959.cern.ch&noUDP&sock=startd_3543_c822>
...
024 (3335550.000.000) 01/19 08:52:44 Job reconnection failed
    Job not found at execution machine
    Can not reconnect to slot1_2@b7s06p5959.cern.ch, rescheduling job
...
022 (3335550.000.000) 01/19 08:58:47 Job disconnected, attempting to reconnect
    Socket between submit and execute hosts closed unexpectedly
    Trying to reconnect to slot1_16@b7s11p1214.cern.ch <188.184.162.33:9618?addrs=188.184.162.33-9618+[2001-1458-301-4a--100-1b]-9618&alias=b7s11p1214.cern.ch&noUDP&sock=startd_2912_f7e0>
...
024 (3335550.000.000) 01/19 08:58:55 Job reconnection failed
    Job not found at execution machine
    Can not reconnect to slot1_16@b7s11p1214.cern.ch, rescheduling job
...
022 (3335550.000.000) 01/19 09:00:42 Job disconnected, attempting to reconnect
    Socket between submit and execute hosts closed unexpectedly
    Trying to reconnect to slot1_38@b7s14p0447.cern.ch <188.184.165.154:9618?addrs=188.184.165.154-9618+[2001-1458-301-51--100-95]-9618&alias=b7s14p0447.cern.ch&noUDP&sock=startd_4370_08f5>
...
024 (3335550.000.000) 01/19 09:00:43 Job reconnection failed
    Job not found at execution machine
    Can not reconnect to slot1_38@b7s14p0447.cern.ch, rescheduling job
...
022 (3335550.000.000) 01/19 09:03:04 Job disconnected, attempting to reconnect
    Socket between submit and execute hosts closed unexpectedly
    Trying to reconnect to slot1_17@b7g19p6989.cern.ch <128.142.137.205:9618?addrs=128.142.137.205-9618+[2001-1458-301-5e--100-c1]-9618&alias=b7g19p6989.cern.ch&noUDP&sock=startd_8124_f77c>
...
024 (3335550.000.000) 01/19 09:03:04 Job reconnection failed
    Job not found at execution machine
    Can not reconnect to slot1_17@b7g19p6989.cern.ch, rescheduling job
...
022 (3335550.000.000) 01/19 09:03:32 Job disconnected, attempting to reconnect
    Socket between submit and execute hosts closed unexpectedly
    Trying to reconnect to slot1_4@b7s13p2349.cern.ch <188.184.164.197:9618?addrs=188.184.164.197-9618&alias=b7s13p2349.cern.ch&noUDP&sock=startd_3118_4462>
...
024 (3335550.000.000) 01/19 09:03:32 Job reconnection failed
    Job not found at execution machine
    Can not reconnect to slot1_4@b7s13p2349.cern.ch, rescheduling job
...
040 (3335550.000.000) 01/19 09:05:00 Started transferring input files
	Transferring to host: <188.184.162.100:9618?addrs=188.184.162.100-9618+[2001-1458-301-4a--100-5e]-9618&alias=b7s11p7685.cern.ch&noUDP&sock=slot1_2_4329_ec09_33388>
...
040 (3335550.000.000) 01/19 09:05:00 Finished transferring input files
...
001 (3335550.000.000) 01/19 09:05:01 Job executing on host: <188.184.162.100:9618?addrs=188.184.162.100-9618+[2001-1458-301-4a--100-5e]-9618&alias=b7s11p7685.cern.ch&noUDP&sock=startd_4131_19d2>
...
006 (3335550.000.000) 01/19 09:05:10 Image size of job updated: 320148
	155  -  MemoryUsage of job (MB)
	157844  -  ResidentSetSize of job (KB)
...
006 (3335550.000.000) 01/19 09:10:11 Image size of job updated: 1776020
	320  -  MemoryUsage of job (MB)
	327116  -  ResidentSetSize of job (KB)
...
006 (3335550.000.000) 01/19 09:15:11 Image size of job updated: 2977132
	916  -  MemoryUsage of job (MB)
	937316  -  ResidentSetSize of job (KB)
...
006 (3335550.000.000) 01/19 09:35:12 Image size of job updated: 2977132
	916  -  MemoryUsage of job (MB)
	937332  -  ResidentSetSize of job (KB)
...
006 (3335550.000.000) 01/19 09:40:13 Image size of job updated: 2977132
	916  -  MemoryUsage of job (MB)
	937340  -  ResidentSetSize of job (KB)
...
006 (3335550.000.000) 01/19 09:55:15 Image size of job updated: 2977132
	917  -  MemoryUsage of job (MB)
	938156  -  ResidentSetSize of job (KB)
...
006 (3335550.000.000) 01/19 10:00:16 Image size of job updated: 3353524
	1413  -  MemoryUsage of job (MB)
	1446276  -  ResidentSetSize of job (KB)
...
006 (3335550.000.000) 01/19 10:45:19 Image size of job updated: 3353524
	1413  -  MemoryUsage of job (MB)
	1446280  -  ResidentSetSize of job (KB)
...
006 (3335550.000.000) 01/19 10:50:20 Image size of job updated: 4323516
	2559  -  MemoryUsage of job (MB)
	2620156  -  ResidentSetSize of job (KB)
...
006 (3335550.000.000) 01/19 11:45:26 Image size of job updated: 5200544
	3162  -  MemoryUsage of job (MB)
	3237120  -  ResidentSetSize of job (KB)
...
040 (3335550.000.000) 01/19 11:49:43 Started transferring output files
...
040 (3335550.000.000) 01/19 11:49:43 Finished transferring output files
...
004 (3335550.000.000) 01/19 11:49:43 Job was evicted.
	(0) CPU times
		Usr 0 01:48:25, Sys 0 00:00:37  -  Run Remote Usage
		Usr 0 00:00:00, Sys 0 00:00:00  -  Run Local Usage
	0  -  Run Bytes Sent By Job
	11207  -  Run Bytes Received By Job
	Partitionable Resources :    Usage  Request Allocated 
	   Cpus                 :     0.99        4         4 
	   Disk (KB)            :    35           1   2745470 
	   Memory (MB)          :  3162        8000      8000 
...
009 (3335550.000.000) 01/19 11:49:43 Job was aborted.
	via condor_rm (by user vdamante)
...
