000 (3336020.023.000) 01/19 11:59:29 Job submitted from host: <188.185.70.244:9618?addrs=188.185.70.244-9618+[2001-1458-d00-7--100-2ee]-9618&alias=bigbird10.cern.ch&noUDP&sock=schedd_7001_aea1>
...
040 (3336020.023.000) 01/19 12:19:38 Started transferring input files
	Transferring to host: <188.184.164.220:9618?addrs=188.184.164.220-9618+[2001-1458-301-4e--100-d6]-9618&alias=b7s13p2583.cern.ch&noUDP&sock=slot1_1_4552_0bb2_33241>
...
040 (3336020.023.000) 01/19 12:19:38 Finished transferring input files
...
001 (3336020.023.000) 01/19 12:19:39 Job executing on host: <188.184.164.220:9618?addrs=188.184.164.220-9618+[2001-1458-301-4e--100-d6]-9618&alias=b7s13p2583.cern.ch&noUDP&sock=startd_4375_76ee>
...
006 (3336020.023.000) 01/19 12:19:48 Image size of job updated: 320188
	155  -  MemoryUsage of job (MB)
	157892  -  ResidentSetSize of job (KB)
...
006 (3336020.023.000) 01/19 12:23:48 Image size of job updated: 1738564
	155  -  MemoryUsage of job (MB)
	157892  -  ResidentSetSize of job (KB)
...
040 (3336020.023.000) 01/19 12:23:49 Started transferring output files
...
040 (3336020.023.000) 01/19 12:23:49 Finished transferring output files
...
005 (3336020.023.000) 01/19 12:23:49 Job terminated.
	(1) Normal termination (return value 0)
		Usr 0 00:00:19, Sys 0 00:00:03  -  Run Remote Usage
		Usr 0 00:00:00, Sys 0 00:00:00  -  Run Local Usage
		Usr 0 00:00:19, Sys 0 00:00:03  -  Total Remote Usage
		Usr 0 00:00:00, Sys 0 00:00:00  -  Total Local Usage
	1540  -  Run Bytes Sent By Job
	11207  -  Run Bytes Received By Job
	1540  -  Total Bytes Sent By Job
	11207  -  Total Bytes Received By Job
	Partitionable Resources :    Usage  Request Allocated 
	   Cpus                 :     0.02        4         4 
	   Disk (KB)            :    36           1   3073195 
	   Memory (MB)          :   155        8000      8000 

	Job terminated of its own accord at 2022-01-19T11:23:48Z.
...
