000 (3340598.007.000) 01/20 15:14:42 Job submitted from host: <188.185.70.244:9618?addrs=188.185.70.244-9618+[2001-1458-d00-7--100-2ee]-9618&alias=bigbird10.cern.ch&noUDP&sock=schedd_7001_aea1>
...
040 (3340598.007.000) 01/20 15:28:30 Started transferring input files
	Transferring to host: <128.142.61.151:9618?addrs=128.142.61.151-9618+[2001-1458-301-23--100-96]-9618&alias=b7s06p7731.cern.ch&noUDP&sock=slot1_8_6064_62f0_36373>
...
040 (3340598.007.000) 01/20 15:28:30 Finished transferring input files
...
001 (3340598.007.000) 01/20 15:28:31 Job executing on host: <128.142.61.151:9618?addrs=128.142.61.151-9618+[2001-1458-301-23--100-96]-9618&alias=b7s06p7731.cern.ch&noUDP&sock=startd_6017_bd70>
...
006 (3340598.007.000) 01/20 15:28:40 Image size of job updated: 1289080
	256  -  MemoryUsage of job (MB)
	261808  -  ResidentSetSize of job (KB)
...
006 (3340598.007.000) 01/20 15:33:41 Image size of job updated: 1735652
	274  -  MemoryUsage of job (MB)
	280468  -  ResidentSetSize of job (KB)
...
006 (3340598.007.000) 01/20 15:38:42 Image size of job updated: 2279044
	703  -  MemoryUsage of job (MB)
	719784  -  ResidentSetSize of job (KB)
...
006 (3340598.007.000) 01/20 15:43:42 Image size of job updated: 2279044
	703  -  MemoryUsage of job (MB)
	719808  -  ResidentSetSize of job (KB)
...
006 (3340598.007.000) 01/20 15:48:42 Image size of job updated: 2886476
	1049  -  MemoryUsage of job (MB)
	1073996  -  ResidentSetSize of job (KB)
...
006 (3340598.007.000) 01/20 16:03:43 Image size of job updated: 3297704
	1408  -  MemoryUsage of job (MB)
	1441600  -  ResidentSetSize of job (KB)
...
006 (3340598.007.000) 01/20 16:13:45 Image size of job updated: 3297704
	1967  -  MemoryUsage of job (MB)
	2013704  -  ResidentSetSize of job (KB)
...
006 (3340598.007.000) 01/20 16:18:45 Image size of job updated: 3767880
	1967  -  MemoryUsage of job (MB)
	2013704  -  ResidentSetSize of job (KB)
...
006 (3340598.007.000) 01/20 16:28:47 Image size of job updated: 4226212
	2535  -  MemoryUsage of job (MB)
	2595708  -  ResidentSetSize of job (KB)
...
006 (3340598.007.000) 01/20 16:43:49 Image size of job updated: 4533576
	2946  -  MemoryUsage of job (MB)
	3016580  -  ResidentSetSize of job (KB)
...
006 (3340598.007.000) 01/20 16:48:49 Image size of job updated: 4964212
	2947  -  MemoryUsage of job (MB)
	3017188  -  ResidentSetSize of job (KB)
...
006 (3340598.007.000) 01/20 17:03:51 Image size of job updated: 5570372
	3351  -  MemoryUsage of job (MB)
	3430652  -  ResidentSetSize of job (KB)
...
006 (3340598.007.000) 01/20 17:18:52 Image size of job updated: 5859964
	4260  -  MemoryUsage of job (MB)
	4361900  -  ResidentSetSize of job (KB)
...
006 (3340598.007.000) 01/20 17:23:53 Image size of job updated: 6305532
	4260  -  MemoryUsage of job (MB)
	4361900  -  ResidentSetSize of job (KB)
...
006 (3340598.007.000) 01/20 17:38:55 Image size of job updated: 7103232
	5379  -  MemoryUsage of job (MB)
	5507416  -  ResidentSetSize of job (KB)
...
040 (3340598.007.000) 01/20 18:00:36 Started transferring output files
...
040 (3340598.007.000) 01/20 18:00:36 Finished transferring output files
...
005 (3340598.007.000) 01/20 18:00:36 Job terminated.
	(1) Normal termination (return value 129)
		Usr 0 01:26:27, Sys 0 00:01:16  -  Run Remote Usage
		Usr 0 00:00:00, Sys 0 00:00:00  -  Run Local Usage
		Usr 0 01:26:27, Sys 0 00:01:16  -  Total Remote Usage
		Usr 0 00:00:00, Sys 0 00:00:00  -  Total Local Usage
	16679  -  Run Bytes Sent By Job
	11206  -  Run Bytes Received By Job
	16679  -  Total Bytes Sent By Job
	11206  -  Total Bytes Received By Job
	Partitionable Resources :    Usage  Request Allocated 
	   Cpus                 :     0.00        4         4 
	   Disk (KB)            :    51           1   1313509 
	   Memory (MB)          :  5379        8000      8000 

	Job terminated of its own accord at 2022-01-20T17:00:35Z.
...
