000 (3300949.024.000) 01/10 17:49:45 Job submitted from host: <188.185.70.244:9618?addrs=188.185.70.244-9618+[2001-1458-d00-7--100-2ee]-9618&alias=bigbird10.cern.ch&noUDP&sock=schedd_7001_aea1>
...
040 (3300949.024.000) 01/10 17:55:47 Started transferring input files
	Transferring to host: <128.142.128.17:9618?addrs=128.142.128.17-9618+[2001-1458-301-10--100-10]-9618&alias=b7g25p9095.cern.ch&noUDP&sock=slot1_12_7335_ebc3_102271>
...
040 (3300949.024.000) 01/10 17:55:47 Finished transferring input files
...
001 (3300949.024.000) 01/10 17:55:48 Job executing on host: <128.142.128.17:9618?addrs=128.142.128.17-9618+[2001-1458-301-10--100-10]-9618&alias=b7g25p9095.cern.ch&noUDP&sock=startd_7637_ecdd>
...
006 (3300949.024.000) 01/10 17:55:57 Image size of job updated: 320092
	155  -  MemoryUsage of job (MB)
	157780  -  ResidentSetSize of job (KB)
...
006 (3300949.024.000) 01/10 17:58:04 Image size of job updated: 1738476
	155  -  MemoryUsage of job (MB)
	157780  -  ResidentSetSize of job (KB)
...
040 (3300949.024.000) 01/10 17:58:05 Started transferring output files
...
040 (3300949.024.000) 01/10 17:58:05 Finished transferring output files
...
005 (3300949.024.000) 01/10 17:58:05 Job terminated.
	(1) Normal termination (return value 0)
		Usr 0 00:00:12, Sys 0 00:00:02  -  Run Remote Usage
		Usr 0 00:00:00, Sys 0 00:00:00  -  Run Local Usage
		Usr 0 00:00:12, Sys 0 00:00:02  -  Total Remote Usage
		Usr 0 00:00:00, Sys 0 00:00:00  -  Total Local Usage
	35287  -  Run Bytes Sent By Job
	10528  -  Run Bytes Received By Job
	35287  -  Total Bytes Sent By Job
	10528  -  Total Bytes Received By Job
	Partitionable Resources :    Usage  Request Allocated 
	   Cpus                 :                 4         4 
	   Disk (KB)            :       61        1   2872077 
	   Memory (MB)          :      155     8000      8000 

	Job terminated of its own accord at 2022-01-10T16:58:04Z.
...
