000 (3314883.022.000) 01/12 10:53:22 Job submitted from host: <188.185.70.244:9618?addrs=188.185.70.244-9618+[2001-1458-d00-7--100-2ee]-9618&alias=bigbird10.cern.ch&noUDP&sock=schedd_7001_aea1>
...
040 (3314883.022.000) 01/12 10:54:25 Started transferring input files
	Transferring to host: <128.142.60.88:9618?addrs=128.142.60.88-9618+[2001-1458-301-22--100-57]-9618&alias=b7s05p8120.cern.ch&noUDP&sock=slot1_2_5514_dc99_26513>
...
040 (3314883.022.000) 01/12 10:54:26 Finished transferring input files
...
001 (3314883.022.000) 01/12 10:54:27 Job executing on host: <128.142.60.88:9618?addrs=128.142.60.88-9618+[2001-1458-301-22--100-57]-9618&alias=b7s05p8120.cern.ch&noUDP&sock=startd_5164_a727>
...
006 (3314883.022.000) 01/12 10:54:35 Image size of job updated: 320132
	155  -  MemoryUsage of job (MB)
	157832  -  ResidentSetSize of job (KB)
...
006 (3314883.022.000) 01/12 10:56:03 Image size of job updated: 1749292
	155  -  MemoryUsage of job (MB)
	157832  -  ResidentSetSize of job (KB)
...
040 (3314883.022.000) 01/12 10:56:03 Started transferring output files
...
040 (3314883.022.000) 01/12 10:56:03 Finished transferring output files
...
005 (3314883.022.000) 01/12 10:56:03 Job terminated.
	(1) Normal termination (return value 0)
		Usr 0 00:00:22, Sys 0 00:00:02  -  Run Remote Usage
		Usr 0 00:00:00, Sys 0 00:00:00  -  Run Local Usage
		Usr 0 00:00:22, Sys 0 00:00:02  -  Total Remote Usage
		Usr 0 00:00:00, Sys 0 00:00:00  -  Total Local Usage
	610320  -  Run Bytes Sent By Job
	10532  -  Run Bytes Received By Job
	610320  -  Total Bytes Sent By Job
	10532  -  Total Bytes Received By Job
	Partitionable Resources :    Usage  Request Allocated 
	   Cpus                 :                 4         4 
	   Disk (KB)            :      623        1   1220333 
	   Memory (MB)          :      155     8000      8000 

	Job terminated of its own accord at 2022-01-12T09:56:03Z.
...
