000 (3320370.016.000) 01/17 13:23:02 Job submitted from host: <188.185.70.244:9618?addrs=188.185.70.244-9618+[2001-1458-d00-7--100-2ee]-9618&alias=bigbird10.cern.ch&noUDP&sock=schedd_7001_aea1>
...
040 (3320370.016.000) 01/17 13:33:23 Started transferring input files
	Transferring to host: <128.142.56.48:9618?addrs=128.142.56.48-9618+[2001-1458-301-6--100-2f]-9618&alias=b7s01p7062.cern.ch&noUDP&sock=slot1_4_3157_2459_32883>
...
040 (3320370.016.000) 01/17 13:33:23 Finished transferring input files
...
001 (3320370.016.000) 01/17 13:33:24 Job executing on host: <128.142.56.48:9618?addrs=128.142.56.48-9618+[2001-1458-301-6--100-2f]-9618&alias=b7s01p7062.cern.ch&noUDP&sock=startd_2786_8af1>
...
006 (3320370.016.000) 01/17 13:33:26 Image size of job updated: 1
	0  -  MemoryUsage of job (MB)
	0  -  ResidentSetSize of job (KB)
...
040 (3320370.016.000) 01/17 13:33:26 Started transferring output files
...
040 (3320370.016.000) 01/17 13:33:26 Finished transferring output files
...
005 (3320370.016.000) 01/17 13:33:26 Job terminated.
	(1) Normal termination (return value 1)
		Usr 0 00:00:00, Sys 0 00:00:00  -  Run Remote Usage
		Usr 0 00:00:00, Sys 0 00:00:00  -  Run Local Usage
		Usr 0 00:00:00, Sys 0 00:00:00  -  Total Remote Usage
		Usr 0 00:00:00, Sys 0 00:00:00  -  Total Local Usage
	385  -  Run Bytes Sent By Job
	10524  -  Run Bytes Received By Job
	385  -  Total Bytes Sent By Job
	10524  -  Total Bytes Received By Job
	Partitionable Resources :    Usage  Request Allocated 
	   Cpus                 :                 4         4 
	   Disk (KB)            :       28        1   1315803 
	   Memory (MB)          :        0     8000      8000 

	Job terminated of its own accord at 2022-01-17T12:33:26Z.
...
