000 (3299786.023.000) 01/10 16:59:50 Job submitted from host: <188.185.70.244:9618?addrs=188.185.70.244-9618+[2001-1458-d00-7--100-2ee]-9618&alias=bigbird10.cern.ch&noUDP&sock=schedd_7001_aea1>
...
040 (3299786.023.000) 01/10 17:07:45 Started transferring input files
	Transferring to host: <188.184.163.166:9618?addrs=188.184.163.166-9618+[2001-1458-301-4d--100-a0]-9618&alias=b7s12p5391.cern.ch&noUDP&sock=slot1_9_3940_d619_24052>
...
040 (3299786.023.000) 01/10 17:07:45 Finished transferring input files
...
001 (3299786.023.000) 01/10 17:07:46 Job executing on host: <188.184.163.166:9618?addrs=188.184.163.166-9618+[2001-1458-301-4d--100-a0]-9618&alias=b7s12p5391.cern.ch&noUDP&sock=startd_3098_8c7d>
...
006 (3299786.023.000) 01/10 17:07:55 Image size of job updated: 9000
	1  -  MemoryUsage of job (MB)
	500  -  ResidentSetSize of job (KB)
...
006 (3299786.023.000) 01/10 17:12:56 Image size of job updated: 1733384
	273  -  MemoryUsage of job (MB)
	278632  -  ResidentSetSize of job (KB)
...
040 (3299786.023.000) 01/10 17:12:59 Started transferring output files
...
040 (3299786.023.000) 01/10 17:12:59 Finished transferring output files
...
005 (3299786.023.000) 01/10 17:12:59 Job terminated.
	(1) Normal termination (return value 0)
		Usr 0 00:00:25, Sys 0 00:00:03  -  Run Remote Usage
		Usr 0 00:00:00, Sys 0 00:00:00  -  Run Local Usage
		Usr 0 00:00:25, Sys 0 00:00:03  -  Total Remote Usage
		Usr 0 00:00:00, Sys 0 00:00:00  -  Total Local Usage
	7654  -  Run Bytes Sent By Job
	10526  -  Run Bytes Received By Job
	7654  -  Total Bytes Sent By Job
	10526  -  Total Bytes Received By Job
	Partitionable Resources :    Usage  Request Allocated 
	   Cpus                 :                 4         4 
	   Disk (KB)            :       34        1   2439180 
	   Memory (MB)          :      273     8000      8000 

	Job terminated of its own accord at 2022-01-10T16:12:59Z.
...
