000 (3314883.013.000) 01/12 10:53:22 Job submitted from host: <188.185.70.244:9618?addrs=188.185.70.244-9618+[2001-1458-d00-7--100-2ee]-9618&alias=bigbird10.cern.ch&noUDP&sock=schedd_7001_aea1>
...
040 (3314883.013.000) 01/12 10:54:22 Started transferring input files
	Transferring to host: <188.184.163.23:9618?addrs=188.184.163.23-9618+[2001-1458-301-4d--100-11]-9618&alias=b7s12p7328.cern.ch&noUDP&sock=slot1_4_3551_c029_25277>
...
040 (3314883.013.000) 01/12 10:54:22 Finished transferring input files
...
001 (3314883.013.000) 01/12 10:54:23 Job executing on host: <188.184.163.23:9618?addrs=188.184.163.23-9618+[2001-1458-301-4d--100-11]-9618&alias=b7s12p7328.cern.ch&noUDP&sock=startd_3157_0494>
...
006 (3314883.013.000) 01/12 10:54:32 Image size of job updated: 707904
	155  -  MemoryUsage of job (MB)
	157788  -  ResidentSetSize of job (KB)
...
006 (3314883.013.000) 01/12 10:59:34 Image size of job updated: 1746088
	285  -  MemoryUsage of job (MB)
	291792  -  ResidentSetSize of job (KB)
...
040 (3314883.013.000) 01/12 11:03:24 Started transferring output files
...
040 (3314883.013.000) 01/12 11:03:25 Finished transferring output files
...
005 (3314883.013.000) 01/12 11:03:25 Job terminated.
	(1) Normal termination (return value 0)
		Usr 0 00:01:14, Sys 0 00:00:03  -  Run Remote Usage
		Usr 0 00:00:00, Sys 0 00:00:00  -  Run Local Usage
		Usr 0 00:01:14, Sys 0 00:00:03  -  Total Remote Usage
		Usr 0 00:00:00, Sys 0 00:00:00  -  Total Local Usage
	609805  -  Run Bytes Sent By Job
	10532  -  Run Bytes Received By Job
	609805  -  Total Bytes Sent By Job
	10532  -  Total Bytes Received By Job
	Partitionable Resources :    Usage  Request Allocated 
	   Cpus                 :     0.26        4         4 
	   Disk (KB)            :   629           1   2948127 
	   Memory (MB)          :   285        8000      8000 

	Job terminated of its own accord at 2022-01-12T10:03:24Z.
...
