000 (3340599.019.000) 01/20 15:18:21 Job submitted from host: <188.185.70.244:9618?addrs=188.185.70.244-9618+[2001-1458-d00-7--100-2ee]-9618&alias=bigbird10.cern.ch&noUDP&sock=schedd_7001_aea1>
...
040 (3340599.019.000) 01/20 15:41:53 Started transferring input files
	Transferring to host: <188.184.164.109:9618?addrs=188.184.164.109-9618+[2001-1458-301-4e--100-67]-9618&alias=b7s13p4594.cern.ch&noUDP&sock=slot1_40_3991_c53b_12667>
...
040 (3340599.019.000) 01/20 15:41:53 Finished transferring input files
...
001 (3340599.019.000) 01/20 15:41:54 Job executing on host: <188.184.164.109:9618?addrs=188.184.164.109-9618+[2001-1458-301-4e--100-67]-9618&alias=b7s13p4594.cern.ch&noUDP&sock=startd_3943_2604>
...
006 (3340599.019.000) 01/20 15:42:03 Image size of job updated: 320156
	155  -  MemoryUsage of job (MB)
	157848  -  ResidentSetSize of job (KB)
...
006 (3340599.019.000) 01/20 15:47:04 Image size of job updated: 2578732
	1074  -  MemoryUsage of job (MB)
	1099524  -  ResidentSetSize of job (KB)
...
006 (3340599.019.000) 01/20 15:52:04 Image size of job updated: 2595116
	1090  -  MemoryUsage of job (MB)
	1115908  -  ResidentSetSize of job (KB)
...
006 (3340599.019.000) 01/20 15:57:04 Image size of job updated: 2903012
	1090  -  MemoryUsage of job (MB)
	1115908  -  ResidentSetSize of job (KB)
...
040 (3340599.019.000) 01/20 16:49:28 Entered queue to transfer output files
...
040 (3340599.019.000) 01/20 16:49:49 Started transferring output files
...
040 (3340599.019.000) 01/20 16:49:49 Finished transferring output files
...
005 (3340599.019.000) 01/20 16:49:49 Job terminated.
	(1) Normal termination (return value 0)
		Usr 0 00:49:23, Sys 0 00:00:08  -  Run Remote Usage
		Usr 0 00:00:00, Sys 0 00:00:00  -  Run Local Usage
		Usr 0 00:49:23, Sys 0 00:00:08  -  Total Remote Usage
		Usr 0 00:00:00, Sys 0 00:00:00  -  Total Local Usage
	20318  -  Run Bytes Sent By Job
	11206  -  Run Bytes Received By Job
	20318  -  Total Bytes Sent By Job
	11206  -  Total Bytes Received By Job
	Partitionable Resources :    Usage  Request Allocated 
	   Cpus                 :     0.97        4         4 
	   Disk (KB)            :    54           1   2950971 
	   Memory (MB)          :  1090        8000      8000 

	Job terminated of its own accord at 2022-01-20T15:49:23Z.
...
