000 (3314869.000.000) 01/12 10:09:16 Job submitted from host: <188.185.70.244:9618?addrs=188.185.70.244-9618+[2001-1458-d00-7--100-2ee]-9618&alias=bigbird10.cern.ch&noUDP&sock=schedd_7001_aea1>
...
040 (3314869.000.000) 01/12 10:30:26 Started transferring input files
	Transferring to host: <128.142.137.211:9618?addrs=128.142.137.211-9618+[2001-1458-301-5e--100-c7]-9618&alias=b7g19p3052.cern.ch&noUDP&sock=slot1_4_32435_2440_74934>
...
040 (3314869.000.000) 01/12 10:30:26 Finished transferring input files
...
001 (3314869.000.000) 01/12 10:30:27 Job executing on host: <128.142.137.211:9618?addrs=128.142.137.211-9618+[2001-1458-301-5e--100-c7]-9618&alias=b7g19p3052.cern.ch&noUDP&sock=startd_32377_81e9>
...
006 (3314869.000.000) 01/12 10:30:35 Image size of job updated: 62692
	32  -  MemoryUsage of job (MB)
	32144  -  ResidentSetSize of job (KB)
...
006 (3314869.000.000) 01/12 10:35:35 Image size of job updated: 1742096
	282  -  MemoryUsage of job (MB)
	287912  -  ResidentSetSize of job (KB)
...
006 (3314869.000.000) 01/12 10:40:36 Image size of job updated: 1742096
	282  -  MemoryUsage of job (MB)
	287920  -  ResidentSetSize of job (KB)
...
006 (3314869.000.000) 01/12 10:45:37 Image size of job updated: 1742096
	282  -  MemoryUsage of job (MB)
	287984  -  ResidentSetSize of job (KB)
...
006 (3314869.000.000) 01/12 10:50:37 Image size of job updated: 1839436
	358  -  MemoryUsage of job (MB)
	366380  -  ResidentSetSize of job (KB)
...
006 (3314869.000.000) 01/12 10:55:37 Image size of job updated: 1942796
	440  -  MemoryUsage of job (MB)
	449712  -  ResidentSetSize of job (KB)
...
006 (3314869.000.000) 01/12 11:00:38 Image size of job updated: 2001064
	528  -  MemoryUsage of job (MB)
	539744  -  ResidentSetSize of job (KB)
...
006 (3314869.000.000) 01/12 11:05:38 Image size of job updated: 2161388
	616  -  MemoryUsage of job (MB)
	630772  -  ResidentSetSize of job (KB)
...
006 (3314869.000.000) 01/12 11:10:38 Image size of job updated: 8145320
	6233  -  MemoryUsage of job (MB)
	6382524  -  ResidentSetSize of job (KB)
...
006 (3314869.000.000) 01/12 11:15:39 Image size of job updated: 12615976
	6233  -  MemoryUsage of job (MB)
	6382524  -  ResidentSetSize of job (KB)
...
040 (3314869.000.000) 01/12 11:18:15 Started transferring output files
...
040 (3314869.000.000) 01/12 11:18:15 Finished transferring output files
...
004 (3314869.000.000) 01/12 11:18:15 Job was evicted.
	(0) CPU times
		Usr 0 00:32:34, Sys 0 00:00:31  -  Run Remote Usage
		Usr 0 00:00:00, Sys 0 00:00:00  -  Run Local Usage
	613004  -  Run Bytes Sent By Job
	10523  -  Run Bytes Received By Job
	Partitionable Resources :    Usage  Request Allocated 
	   Cpus                 :     1.00        4         4 
	   Disk (KB)            :   633           1   1527816 
	   Memory (MB)          :  6233        8000      8000 
...
009 (3314869.000.000) 01/12 11:18:15 Job was aborted.
	via condor_rm (by user vdamante)
...
