000 (3275858.007.000) 12/22 11:21:57 Job submitted from host: <188.185.70.244:9618?addrs=188.185.70.244-9618+[2001-1458-d00-7--100-2ee]-9618&alias=bigbird10.cern.ch&noUDP&sock=schedd_2095_9300>
...
040 (3275858.007.000) 12/22 13:36:22 Started transferring input files
	Transferring to host: <128.142.61.12:9618?addrs=128.142.61.12-9618+[2001-1458-301-23--100-b]-9618&alias=b7s06p6959.cern.ch&noUDP&sock=slot1_36_3183_761b_6578>
...
040 (3275858.007.000) 12/22 13:36:22 Finished transferring input files
...
001 (3275858.007.000) 12/22 13:36:23 Job executing on host: <128.142.61.12:9618?addrs=128.142.61.12-9618+[2001-1458-301-23--100-b]-9618&alias=b7s06p6959.cern.ch&noUDP&sock=startd_2807_f26e>
...
006 (3275858.007.000) 12/22 13:36:31 Image size of job updated: 340156
	233  -  MemoryUsage of job (MB)
	238320  -  ResidentSetSize of job (KB)
...
006 (3275858.007.000) 12/22 13:37:30 Image size of job updated: 1727356
	233  -  MemoryUsage of job (MB)
	238452  -  ResidentSetSize of job (KB)
...
040 (3275858.007.000) 12/22 13:37:30 Started transferring output files
...
040 (3275858.007.000) 12/22 13:37:30 Finished transferring output files
...
005 (3275858.007.000) 12/22 13:37:31 Job terminated.
	(1) Normal termination (return value 0)
		Usr 0 00:00:22, Sys 0 00:00:02  -  Run Remote Usage
		Usr 0 00:00:00, Sys 0 00:00:00  -  Run Local Usage
		Usr 0 00:00:22, Sys 0 00:00:02  -  Total Remote Usage
		Usr 0 00:00:00, Sys 0 00:00:00  -  Total Local Usage
	3389  -  Run Bytes Sent By Job
	11187  -  Run Bytes Received By Job
	3389  -  Total Bytes Sent By Job
	11187  -  Total Bytes Received By Job
	Partitionable Resources :    Usage  Request Allocated 
	   Cpus                 :                 4         4 
	   Disk (KB)            :       31        1   1341027 
	   Memory (MB)          :      233     8000      8000 

	Job terminated of its own accord at 2021-12-22T12:37:30Z.
...
