000 (3340598.021.000) 01/20 15:14:43 Job submitted from host: <188.185.70.244:9618?addrs=188.185.70.244-9618+[2001-1458-d00-7--100-2ee]-9618&alias=bigbird10.cern.ch&noUDP&sock=schedd_7001_aea1>
...
040 (3340598.021.000) 01/20 15:28:35 Started transferring input files
	Transferring to host: <188.184.162.168:9618?addrs=188.184.162.168-9618+[2001-1458-301-4a--100-a2]-9618&alias=b7s11p1083.cern.ch&noUDP&sock=slot1_18_3906_e158_35150>
...
040 (3340598.021.000) 01/20 15:28:35 Finished transferring input files
...
001 (3340598.021.000) 01/20 15:28:36 Job executing on host: <188.184.162.168:9618?addrs=188.184.162.168-9618+[2001-1458-301-4a--100-a2]-9618&alias=b7s11p1083.cern.ch&noUDP&sock=startd_3250_cee3>
...
006 (3340598.021.000) 01/20 15:28:45 Image size of job updated: 263248
	124  -  MemoryUsage of job (MB)
	126628  -  ResidentSetSize of job (KB)
...
006 (3340598.021.000) 01/20 15:33:45 Image size of job updated: 2466884
	711  -  MemoryUsage of job (MB)
	727044  -  ResidentSetSize of job (KB)
...
006 (3340598.021.000) 01/20 15:38:45 Image size of job updated: 2466884
	712  -  MemoryUsage of job (MB)
	728416  -  ResidentSetSize of job (KB)
...
006 (3340598.021.000) 01/20 15:43:46 Image size of job updated: 2852108
	1079  -  MemoryUsage of job (MB)
	1104476  -  ResidentSetSize of job (KB)
...
006 (3340598.021.000) 01/20 15:48:46 Image size of job updated: 2852108
	1081  -  MemoryUsage of job (MB)
	1106260  -  ResidentSetSize of job (KB)
...
006 (3340598.021.000) 01/20 15:53:46 Image size of job updated: 3205100
	1341  -  MemoryUsage of job (MB)
	1373100  -  ResidentSetSize of job (KB)
...
006 (3340598.021.000) 01/20 15:58:47 Image size of job updated: 3205100
	1343  -  MemoryUsage of job (MB)
	1375200  -  ResidentSetSize of job (KB)
...
006 (3340598.021.000) 01/20 16:03:48 Image size of job updated: 3647780
	1728  -  MemoryUsage of job (MB)
	1768624  -  ResidentSetSize of job (KB)
...
006 (3340598.021.000) 01/20 16:13:49 Image size of job updated: 4097760
	2366  -  MemoryUsage of job (MB)
	2422728  -  ResidentSetSize of job (KB)
...
006 (3340598.021.000) 01/20 16:23:50 Image size of job updated: 4097760
	2369  -  MemoryUsage of job (MB)
	2425740  -  ResidentSetSize of job (KB)
...
006 (3340598.021.000) 01/20 16:28:50 Image size of job updated: 4935904
	2670  -  MemoryUsage of job (MB)
	2733252  -  ResidentSetSize of job (KB)
...
006 (3340598.021.000) 01/20 16:38:51 Image size of job updated: 4935904
	2670  -  MemoryUsage of job (MB)
	2733332  -  ResidentSetSize of job (KB)
...
006 (3340598.021.000) 01/20 16:43:51 Image size of job updated: 5237396
	3127  -  MemoryUsage of job (MB)
	3201036  -  ResidentSetSize of job (KB)
...
006 (3340598.021.000) 01/20 16:53:53 Image size of job updated: 5237396
	3131  -  MemoryUsage of job (MB)
	3205144  -  ResidentSetSize of job (KB)
...
006 (3340598.021.000) 01/20 16:58:53 Image size of job updated: 5887968
	3593  -  MemoryUsage of job (MB)
	3678260  -  ResidentSetSize of job (KB)
...
006 (3340598.021.000) 01/20 17:13:55 Image size of job updated: 5887968
	3716  -  MemoryUsage of job (MB)
	3804732  -  ResidentSetSize of job (KB)
...
006 (3340598.021.000) 01/20 17:18:56 Image size of job updated: 6557196
	4284  -  MemoryUsage of job (MB)
	4386036  -  ResidentSetSize of job (KB)
...
040 (3340598.021.000) 01/20 17:29:14 Entered queue to transfer output files
...
040 (3340598.021.000) 01/20 17:29:26 Started transferring output files
...
040 (3340598.021.000) 01/20 17:29:26 Finished transferring output files
...
005 (3340598.021.000) 01/20 17:29:26 Job terminated.
	(1) Normal termination (return value 0)
		Usr 0 01:39:36, Sys 0 00:00:51  -  Run Remote Usage
		Usr 0 00:00:00, Sys 0 00:00:00  -  Run Local Usage
		Usr 0 01:39:36, Sys 0 00:00:51  -  Total Remote Usage
		Usr 0 00:00:00, Sys 0 00:00:00  -  Total Local Usage
	7002  -  Run Bytes Sent By Job
	11206  -  Run Bytes Received By Job
	7002  -  Total Bytes Sent By Job
	11206  -  Total Bytes Received By Job
	Partitionable Resources :    Usage  Request Allocated 
	   Cpus                 :     0.75        4         4 
	   Disk (KB)            :    41           1   2790949 
	   Memory (MB)          :  4284        8000      8000 

	Job terminated of its own accord at 2022-01-20T16:29:09Z.
...
