000 (3315592.013.000) 01/12 17:36:25 Job submitted from host: <188.185.70.244:9618?addrs=188.185.70.244-9618+[2001-1458-d00-7--100-2ee]-9618&alias=bigbird10.cern.ch&noUDP&sock=schedd_7001_aea1>
...
040 (3315592.013.000) 01/13 01:13:36 Started transferring input files
	Transferring to host: <128.142.60.145:9618?addrs=128.142.60.145-9618+[2001-1458-301-22--100-90]-9618&alias=b7s05p3591.cern.ch&noUDP&sock=slot1_16_3605_cc6c_25758>
...
040 (3315592.013.000) 01/13 01:13:36 Finished transferring input files
...
001 (3315592.013.000) 01/13 01:13:37 Job executing on host: <128.142.60.145:9618?addrs=128.142.60.145-9618+[2001-1458-301-22--100-90]-9618&alias=b7s05p3591.cern.ch&noUDP&sock=startd_2842_f43f>
...
006 (3315592.013.000) 01/13 01:13:45 Image size of job updated: 1234056
	155  -  MemoryUsage of job (MB)
	157812  -  ResidentSetSize of job (KB)
...
006 (3315592.013.000) 01/13 01:14:06 Image size of job updated: 1263468
	155  -  MemoryUsage of job (MB)
	157812  -  ResidentSetSize of job (KB)
...
040 (3315592.013.000) 01/13 01:14:06 Started transferring output files
...
040 (3315592.013.000) 01/13 01:14:06 Finished transferring output files
...
005 (3315592.013.000) 01/13 01:14:06 Job terminated.
	(1) Normal termination (return value 1)
		Usr 0 00:00:03, Sys 0 00:00:02  -  Run Remote Usage
		Usr 0 00:00:00, Sys 0 00:00:00  -  Run Local Usage
		Usr 0 00:00:03, Sys 0 00:00:02  -  Total Remote Usage
		Usr 0 00:00:00, Sys 0 00:00:00  -  Total Local Usage
	3816  -  Run Bytes Sent By Job
	10531  -  Run Bytes Received By Job
	3816  -  Total Bytes Sent By Job
	10531  -  Total Bytes Received By Job
	Partitionable Resources :    Usage  Request Allocated 
	   Cpus                 :                 4         4 
	   Disk (KB)            :       30        1   1233506 
	   Memory (MB)          :      155     8000      8000 

	Job terminated of its own accord at 2022-01-13T00:14:06Z.
...
