000 (3294121.003.000) 01/10 14:43:41 Job submitted from host: <188.185.70.244:9618?addrs=188.185.70.244-9618+[2001-1458-d00-7--100-2ee]-9618&alias=bigbird10.cern.ch&noUDP&sock=schedd_7001_aea1>
...
040 (3294121.003.000) 01/10 14:48:27 Started transferring input files
	Transferring to host: <188.184.163.155:9618?addrs=188.184.163.155-9618+[2001-1458-301-4d--100-95]-9618&alias=b7s12p4495.cern.ch&noUDP&sock=slot1_4_3907_95b8_23783>
...
040 (3294121.003.000) 01/10 14:48:27 Finished transferring input files
...
001 (3294121.003.000) 01/10 14:48:28 Job executing on host: <188.184.163.155:9618?addrs=188.184.163.155-9618+[2001-1458-301-4d--100-95]-9618&alias=b7s12p4495.cern.ch&noUDP&sock=startd_3346_a7fa>
...
006 (3294121.003.000) 01/10 14:48:36 Image size of job updated: 320060
	155  -  MemoryUsage of job (MB)
	157752  -  ResidentSetSize of job (KB)
...
006 (3294121.003.000) 01/10 14:48:42 Image size of job updated: 1668816
	155  -  MemoryUsage of job (MB)
	157752  -  ResidentSetSize of job (KB)
...
040 (3294121.003.000) 01/10 14:48:43 Started transferring output files
...
040 (3294121.003.000) 01/10 14:48:43 Finished transferring output files
...
005 (3294121.003.000) 01/10 14:48:43 Job terminated.
	(1) Normal termination (return value 1)
		Usr 0 00:00:06, Sys 0 00:00:02  -  Run Remote Usage
		Usr 0 00:00:00, Sys 0 00:00:00  -  Run Local Usage
		Usr 0 00:00:06, Sys 0 00:00:02  -  Total Remote Usage
		Usr 0 00:00:00, Sys 0 00:00:00  -  Total Local Usage
	12155  -  Run Bytes Sent By Job
	10526  -  Run Bytes Received By Job
	12155  -  Total Bytes Sent By Job
	10526  -  Total Bytes Received By Job
	Partitionable Resources :    Usage  Request Allocated 
	   Cpus                 :                 4         4 
	   Disk (KB)            :       39        1   2837304 
	   Memory (MB)          :      155     8000      8000 

	Job terminated of its own accord at 2022-01-10T13:48:42Z.
...
