000 (3300949.014.000) 01/10 17:49:45 Job submitted from host: <188.185.70.244:9618?addrs=188.185.70.244-9618+[2001-1458-d00-7--100-2ee]-9618&alias=bigbird10.cern.ch&noUDP&sock=schedd_7001_aea1>
...
040 (3300949.014.000) 01/10 17:55:42 Entered queue to transfer input files
	Transferring to host: <188.184.163.121:9618?addrs=188.184.163.121-9618+[2001-1458-301-4d--100-73]-9618&alias=b7s12p2570.cern.ch&noUDP&sock=slot1_12_3503_ee28_23784>
...
040 (3300949.014.000) 01/10 17:55:45 Started transferring input files
	Seconds spent in queue: 3
...
040 (3300949.014.000) 01/10 17:55:45 Finished transferring input files
...
001 (3300949.014.000) 01/10 17:55:46 Job executing on host: <188.184.163.121:9618?addrs=188.184.163.121-9618+[2001-1458-301-4d--100-73]-9618&alias=b7s12p2570.cern.ch&noUDP&sock=startd_3118_4462>
...
006 (3300949.014.000) 01/10 17:55:54 Image size of job updated: 284964
	89  -  MemoryUsage of job (MB)
	90464  -  ResidentSetSize of job (KB)
...
006 (3300949.014.000) 01/10 18:00:06 Image size of job updated: 1729632
	89  -  MemoryUsage of job (MB)
	90652  -  ResidentSetSize of job (KB)
...
040 (3300949.014.000) 01/10 18:00:09 Started transferring output files
	Seconds spent in queue: 267
...
040 (3300949.014.000) 01/10 18:00:09 Finished transferring output files
...
005 (3300949.014.000) 01/10 18:00:09 Job terminated.
	(1) Normal termination (return value 0)
		Usr 0 00:00:35, Sys 0 00:00:04  -  Run Remote Usage
		Usr 0 00:00:00, Sys 0 00:00:00  -  Run Local Usage
		Usr 0 00:00:35, Sys 0 00:00:04  -  Total Remote Usage
		Usr 0 00:00:00, Sys 0 00:00:00  -  Total Local Usage
	36057  -  Run Bytes Sent By Job
	10528  -  Run Bytes Received By Job
	36057  -  Total Bytes Sent By Job
	10528  -  Total Bytes Received By Job
	Partitionable Resources :    Usage  Request Allocated 
	   Cpus                 :                 4         4 
	   Disk (KB)            :       62        1   2629603 
	   Memory (MB)          :       89     8000      8000 

	Job terminated of its own accord at 2022-01-10T17:00:06Z.
...
