000 (3275855.011.000) 12/22 11:21:45 Job submitted from host: <188.185.70.244:9618?addrs=188.185.70.244-9618+[2001-1458-d00-7--100-2ee]-9618&alias=bigbird10.cern.ch&noUDP&sock=schedd_2095_9300>
...
040 (3275855.011.000) 12/22 13:04:43 Started transferring input files
	Transferring to host: <188.184.165.72:9618?addrs=188.184.165.72-9618+[2001-1458-301-51--100-43]-9618&alias=b7s14p1033.cern.ch&noUDP&sock=slot1_12_3951_963a_5027>
...
040 (3275855.011.000) 12/22 13:04:43 Finished transferring input files
...
001 (3275855.011.000) 12/22 13:04:44 Job executing on host: <188.184.165.72:9618?addrs=188.184.165.72-9618+[2001-1458-301-51--100-43]-9618&alias=b7s14p1033.cern.ch&noUDP&sock=startd_3170_ef4f>
...
006 (3275855.011.000) 12/22 13:04:53 Image size of job updated: 395512
	10  -  MemoryUsage of job (MB)
	9968  -  ResidentSetSize of job (KB)
...
006 (3275855.011.000) 12/22 13:09:54 Image size of job updated: 1731560
	271  -  MemoryUsage of job (MB)
	276712  -  ResidentSetSize of job (KB)
...
040 (3275855.011.000) 12/22 13:11:26 Started transferring output files
...
040 (3275855.011.000) 12/22 13:11:26 Finished transferring output files
...
005 (3275855.011.000) 12/22 13:11:26 Job terminated.
	(1) Normal termination (return value 0)
		Usr 0 00:00:45, Sys 0 00:00:03  -  Run Remote Usage
		Usr 0 00:00:00, Sys 0 00:00:00  -  Run Local Usage
		Usr 0 00:00:45, Sys 0 00:00:03  -  Total Remote Usage
		Usr 0 00:00:00, Sys 0 00:00:00  -  Total Local Usage
	10978  -  Run Bytes Sent By Job
	11181  -  Run Bytes Received By Job
	10978  -  Total Bytes Sent By Job
	11181  -  Total Bytes Received By Job
	Partitionable Resources :    Usage  Request Allocated 
	   Cpus                 :                 4         4 
	   Disk (KB)            :       39        1   2914723 
	   Memory (MB)          :      271     8000      8000 

	Job terminated of its own accord at 2021-12-22T12:11:26Z.
...
