000 (3300949.012.000) 01/10 17:49:45 Job submitted from host: <188.185.70.244:9618?addrs=188.185.70.244-9618+[2001-1458-d00-7--100-2ee]-9618&alias=bigbird10.cern.ch&noUDP&sock=schedd_7001_aea1>
...
040 (3300949.012.000) 01/10 17:55:36 Started transferring input files
	Transferring to host: <188.184.163.111:9618?addrs=188.184.163.111-9618+[2001-1458-301-4d--100-69]-9618&alias=b7s12p5406.cern.ch&noUDP&sock=slot1_4_4301_3188_23989>
...
040 (3300949.012.000) 01/10 17:55:36 Finished transferring input files
...
001 (3300949.012.000) 01/10 17:55:37 Job executing on host: <188.184.163.111:9618?addrs=188.184.163.111-9618+[2001-1458-301-4d--100-69]-9618&alias=b7s12p5406.cern.ch&noUDP&sock=startd_4102_3593>
...
006 (3300949.012.000) 01/10 17:55:46 Image size of job updated: 395520
	155  -  MemoryUsage of job (MB)
	157784  -  ResidentSetSize of job (KB)
...
006 (3300949.012.000) 01/10 17:58:50 Image size of job updated: 1728728
	155  -  MemoryUsage of job (MB)
	157784  -  ResidentSetSize of job (KB)
...
040 (3300949.012.000) 01/10 17:58:51 Started transferring output files
...
040 (3300949.012.000) 01/10 17:58:51 Finished transferring output files
...
005 (3300949.012.000) 01/10 17:58:52 Job terminated.
	(1) Normal termination (return value 0)
		Usr 0 00:00:30, Sys 0 00:00:03  -  Run Remote Usage
		Usr 0 00:00:00, Sys 0 00:00:00  -  Run Local Usage
		Usr 0 00:00:30, Sys 0 00:00:03  -  Total Remote Usage
		Usr 0 00:00:00, Sys 0 00:00:00  -  Total Local Usage
	36057  -  Run Bytes Sent By Job
	10528  -  Run Bytes Received By Job
	36057  -  Total Bytes Sent By Job
	10528  -  Total Bytes Received By Job
	Partitionable Resources :    Usage  Request Allocated 
	   Cpus                 :                 4         4 
	   Disk (KB)            :       62        1   2879862 
	   Memory (MB)          :      155     8000      8000 

	Job terminated of its own accord at 2022-01-10T16:58:50Z.
...
