000 (3319730.020.000) 01/17 11:19:48 Job submitted from host: <188.185.70.244:9618?addrs=188.185.70.244-9618+[2001-1458-d00-7--100-2ee]-9618&alias=bigbird10.cern.ch&noUDP&sock=schedd_7001_aea1>
...
040 (3319730.020.000) 01/17 11:27:26 Entered queue to transfer input files
	Transferring to host: <128.142.56.145:9618?addrs=128.142.56.145-9618&alias=b7s01p9929.cern.ch&noUDP&sock=slot1_3_3158_d8b9_30813>
...
040 (3319730.020.000) 01/17 11:28:22 Started transferring input files
	Seconds spent in queue: 56
...
040 (3319730.020.000) 01/17 11:28:22 Finished transferring input files
...
001 (3319730.020.000) 01/17 11:28:23 Job executing on host: <128.142.56.145:9618?addrs=128.142.56.145-9618&alias=b7s01p9929.cern.ch&noUDP&sock=startd_2561_3622>
...
006 (3319730.020.000) 01/17 11:28:31 Image size of job updated: 143152
	1  -  MemoryUsage of job (MB)
	508  -  ResidentSetSize of job (KB)
...
006 (3319730.020.000) 01/17 11:33:31 Image size of job updated: 2145400
	612  -  MemoryUsage of job (MB)
	626136  -  ResidentSetSize of job (KB)
...
006 (3319730.020.000) 01/17 11:38:32 Image size of job updated: 2815892
	1112  -  MemoryUsage of job (MB)
	1137960  -  ResidentSetSize of job (KB)
...
006 (3319730.020.000) 01/17 11:43:33 Image size of job updated: 3182892
	1675  -  MemoryUsage of job (MB)
	1714564  -  ResidentSetSize of job (KB)
...
006 (3319730.020.000) 01/17 11:48:33 Image size of job updated: 3701732
	1877  -  MemoryUsage of job (MB)
	1921656  -  ResidentSetSize of job (KB)
...
006 (3319730.020.000) 01/17 11:53:34 Image size of job updated: 3701732
	1903  -  MemoryUsage of job (MB)
	1948356  -  ResidentSetSize of job (KB)
...
006 (3319730.020.000) 01/17 11:58:35 Image size of job updated: 3701732
	1903  -  MemoryUsage of job (MB)
	1948364  -  ResidentSetSize of job (KB)
...
006 (3319730.020.000) 01/17 12:03:35 Image size of job updated: 4291212
	2341  -  MemoryUsage of job (MB)
	2397108  -  ResidentSetSize of job (KB)
...
006 (3319730.020.000) 01/17 12:08:35 Image size of job updated: 4839904
	2849  -  MemoryUsage of job (MB)
	2916408  -  ResidentSetSize of job (KB)
...
040 (3319730.020.000) 01/17 12:10:29 Started transferring output files
	Seconds spent in queue: 2583
...
040 (3319730.020.000) 01/17 12:10:29 Finished transferring output files
...
005 (3319730.020.000) 01/17 12:10:30 Job terminated.
	(1) Normal termination (return value 0)
		Usr 0 00:13:30, Sys 0 00:00:22  -  Run Remote Usage
		Usr 0 00:00:00, Sys 0 00:00:00  -  Run Local Usage
		Usr 0 00:13:30, Sys 0 00:00:22  -  Total Remote Usage
		Usr 0 00:00:00, Sys 0 00:00:00  -  Total Local Usage
	1176  -  Run Bytes Sent By Job
	10522  -  Run Bytes Received By Job
	1176  -  Total Bytes Sent By Job
	10522  -  Total Bytes Received By Job
	Partitionable Resources :    Usage  Request Allocated 
	   Cpus                 :     0.22        4         4 
	   Disk (KB)            :    34           1   1298033 
	   Memory (MB)          :  2849        8000      8000 

	Job terminated of its own accord at 2022-01-17T11:10:29Z.
...
