000 (3315594.011.000) 01/12 17:36:28 Job submitted from host: <188.185.70.244:9618?addrs=188.185.70.244-9618+[2001-1458-d00-7--100-2ee]-9618&alias=bigbird10.cern.ch&noUDP&sock=schedd_7001_aea1>
...
040 (3315594.011.000) 01/13 01:14:21 Started transferring input files
	Transferring to host: <128.142.57.18:9618?addrs=128.142.57.18-9618+[2001-1458-301-7--100-11]-9618&alias=b7s02p8306.cern.ch&noUDP&sock=slot1_16_3599_922b_26378>
...
040 (3315594.011.000) 01/13 01:14:21 Finished transferring input files
...
001 (3315594.011.000) 01/13 01:14:22 Job executing on host: <128.142.57.18:9618?addrs=128.142.57.18-9618+[2001-1458-301-7--100-11]-9618&alias=b7s02p8306.cern.ch&noUDP&sock=startd_2940_2c87>
...
006 (3315594.011.000) 01/13 01:14:29 Image size of job updated: 636612
	0  -  MemoryUsage of job (MB)
	0  -  ResidentSetSize of job (KB)
...
040 (3315594.011.000) 01/13 01:14:29 Started transferring output files
...
040 (3315594.011.000) 01/13 01:14:29 Finished transferring output files
...
005 (3315594.011.000) 01/13 01:14:29 Job terminated.
	(1) Normal termination (return value 1)
		Usr 0 00:00:03, Sys 0 00:00:02  -  Run Remote Usage
		Usr 0 00:00:00, Sys 0 00:00:00  -  Run Local Usage
		Usr 0 00:00:03, Sys 0 00:00:02  -  Total Remote Usage
		Usr 0 00:00:00, Sys 0 00:00:00  -  Total Local Usage
	8680  -  Run Bytes Sent By Job
	10530  -  Run Bytes Received By Job
	8680  -  Total Bytes Sent By Job
	10530  -  Total Bytes Received By Job
	Partitionable Resources :    Usage  Request Allocated 
	   Cpus                 :                 4         4 
	   Disk (KB)            :       33        1   1220126 
	   Memory (MB)          :        0     8000      8000 

	Job terminated of its own accord at 2022-01-13T00:14:29Z.
...
