000 (3315585.010.000) 01/12 17:11:14 Job submitted from host: <188.185.70.244:9618?addrs=188.185.70.244-9618+[2001-1458-d00-7--100-2ee]-9618&alias=bigbird10.cern.ch&noUDP&sock=schedd_7001_aea1>
...
040 (3315585.010.000) 01/12 21:50:00 Started transferring input files
	Transferring to host: <128.142.61.103:9618?addrs=128.142.61.103-9618+[2001-1458-301-23--100-66]-9618&alias=b7s06p8661.cern.ch&noUDP&sock=slot1_2_5144_29ca_31481>
...
040 (3315585.010.000) 01/12 21:50:00 Finished transferring input files
...
001 (3315585.010.000) 01/12 21:50:01 Job executing on host: <128.142.61.103:9618?addrs=128.142.61.103-9618+[2001-1458-301-23--100-66]-9618&alias=b7s06p8661.cern.ch&noUDP&sock=startd_4725_8914>
...
006 (3315585.010.000) 01/12 21:50:10 Image size of job updated: 298468
	31  -  MemoryUsage of job (MB)
	30804  -  ResidentSetSize of job (KB)
...
006 (3315585.010.000) 01/12 21:55:11 Image size of job updated: 2483316
	985  -  MemoryUsage of job (MB)
	1007744  -  ResidentSetSize of job (KB)
...
006 (3315585.010.000) 01/12 22:00:12 Image size of job updated: 2499700
	1001  -  MemoryUsage of job (MB)
	1024128  -  ResidentSetSize of job (KB)
...
006 (3315585.010.000) 01/12 22:05:12 Image size of job updated: 2788620
	1001  -  MemoryUsage of job (MB)
	1024128  -  ResidentSetSize of job (KB)
...
040 (3315585.010.000) 01/12 22:40:47 Started transferring output files
...
040 (3315585.010.000) 01/12 22:40:50 Finished transferring output files
...
005 (3315585.010.000) 01/12 22:40:50 Job terminated.
	(1) Normal termination (return value 0)
		Usr 0 00:12:11, Sys 0 00:00:06  -  Run Remote Usage
		Usr 0 00:00:00, Sys 0 00:00:00  -  Run Local Usage
		Usr 0 00:12:11, Sys 0 00:00:06  -  Total Remote Usage
		Usr 0 00:00:00, Sys 0 00:00:00  -  Total Local Usage
	16960164  -  Run Bytes Sent By Job
	10522  -  Run Bytes Received By Job
	16960164  -  Total Bytes Sent By Job
	10522  -  Total Bytes Received By Job
	Partitionable Resources :    Usage  Request Allocated 
	   Cpus                 :     0.08        4         4 
	   Disk (KB)            : 16597           1    851166 
	   Memory (MB)          :  1001        8000      8000 

	Job terminated of its own accord at 2022-01-12T21:40:47Z.
...
