000 (3277179.023.000) 12/25 12:35:49 Job submitted from host: <188.185.70.244:9618?addrs=188.185.70.244-9618+[2001-1458-d00-7--100-2ee]-9618&alias=bigbird10.cern.ch&noUDP&sock=schedd_2095_9300>
...
040 (3277179.023.000) 12/25 12:39:54 Started transferring input files
	Transferring to host: <188.184.160.135:9618?addrs=188.184.160.135-9618+[2001-1458-301-48--100-81]-9618&alias=b7s09p8071.cern.ch&noUDP&sock=slot1_26_3763_1fb2_8764>
...
040 (3277179.023.000) 12/25 12:39:54 Finished transferring input files
...
001 (3277179.023.000) 12/25 12:39:55 Job executing on host: <188.184.160.135:9618?addrs=188.184.160.135-9618+[2001-1458-301-48--100-81]-9618&alias=b7s09p8071.cern.ch&noUDP&sock=startd_3040_c3ff>
...
006 (3277179.023.000) 12/25 12:40:03 Image size of job updated: 751536
	155  -  MemoryUsage of job (MB)
	157796  -  ResidentSetSize of job (KB)
...
006 (3277179.023.000) 12/25 12:40:21 Image size of job updated: 1679492
	155  -  MemoryUsage of job (MB)
	157796  -  ResidentSetSize of job (KB)
...
040 (3277179.023.000) 12/25 12:40:21 Started transferring output files
...
040 (3277179.023.000) 12/25 12:40:21 Finished transferring output files
...
005 (3277179.023.000) 12/25 12:40:21 Job terminated.
	(1) Normal termination (return value 0)
		Usr 0 00:00:04, Sys 0 00:00:02  -  Run Remote Usage
		Usr 0 00:00:00, Sys 0 00:00:00  -  Run Local Usage
		Usr 0 00:00:04, Sys 0 00:00:02  -  Total Remote Usage
		Usr 0 00:00:00, Sys 0 00:00:00  -  Total Local Usage
	3455  -  Run Bytes Sent By Job
	11210  -  Run Bytes Received By Job
	3455  -  Total Bytes Sent By Job
	11210  -  Total Bytes Received By Job
	Partitionable Resources :    Usage  Request Allocated 
	   Cpus                 :                 4         4 
	   Disk (KB)            :       30        1   1421811 
	   Memory (MB)          :      155     8000      8000 

	Job terminated of its own accord at 2021-12-25T11:40:21Z.
...
