000 (3315594.019.000) 01/12 17:36:28 Job submitted from host: <188.185.70.244:9618?addrs=188.185.70.244-9618+[2001-1458-d00-7--100-2ee]-9618&alias=bigbird10.cern.ch&noUDP&sock=schedd_7001_aea1>
...
040 (3315594.019.000) 01/13 01:14:32 Started transferring input files
	Transferring to host: <128.142.57.93:9618?addrs=128.142.57.93-9618+[2001-1458-301-7--100-5c]-9618&alias=b7s02p3426.cern.ch&noUDP&sock=slot1_8_3593_57eb_26662>
...
040 (3315594.019.000) 01/13 01:14:32 Finished transferring input files
...
001 (3315594.019.000) 01/13 01:14:33 Job executing on host: <128.142.57.93:9618?addrs=128.142.57.93-9618+[2001-1458-301-7--100-5c]-9618&alias=b7s02p3426.cern.ch&noUDP&sock=startd_2946_4a18>
...
006 (3315594.019.000) 01/13 01:14:42 Image size of job updated: 1309592
	0  -  MemoryUsage of job (MB)
	0  -  ResidentSetSize of job (KB)
...
040 (3315594.019.000) 01/13 01:14:42 Started transferring output files
...
040 (3315594.019.000) 01/13 01:14:42 Finished transferring output files
...
005 (3315594.019.000) 01/13 01:14:42 Job terminated.
	(1) Normal termination (return value 1)
		Usr 0 00:00:03, Sys 0 00:00:02  -  Run Remote Usage
		Usr 0 00:00:00, Sys 0 00:00:00  -  Run Local Usage
		Usr 0 00:00:03, Sys 0 00:00:02  -  Total Remote Usage
		Usr 0 00:00:00, Sys 0 00:00:00  -  Total Local Usage
	3345  -  Run Bytes Sent By Job
	10530  -  Run Bytes Received By Job
	3345  -  Total Bytes Sent By Job
	10530  -  Total Bytes Received By Job
	Partitionable Resources :    Usage  Request Allocated 
	   Cpus                 :                 4         4 
	   Disk (KB)            :       31        1   1002557 
	   Memory (MB)          :        0     8000      8000 

	Job terminated of its own accord at 2022-01-13T00:14:42Z.
...
