000 (3293911.007.000) 01/10 14:20:58 Job submitted from host: <188.185.70.244:9618?addrs=188.185.70.244-9618+[2001-1458-d00-7--100-2ee]-9618&alias=bigbird10.cern.ch&noUDP&sock=schedd_7001_aea1>
...
040 (3293911.007.000) 01/10 14:22:43 Started transferring input files
	Transferring to host: <128.142.137.199:9618?addrs=128.142.137.199-9618+[2001-1458-301-5e--100-bb]-9618&alias=b7g19p7731.cern.ch&noUDP&sock=slot1_6_3922_2759_69045>
...
040 (3293911.007.000) 01/10 14:22:43 Finished transferring input files
...
001 (3293911.007.000) 01/10 14:22:44 Job executing on host: <128.142.137.199:9618?addrs=128.142.137.199-9618+[2001-1458-301-5e--100-bb]-9618&alias=b7g19p7731.cern.ch&noUDP&sock=startd_43014_9acf>
...
006 (3293911.007.000) 01/10 14:22:52 Image size of job updated: 320048
	155  -  MemoryUsage of job (MB)
	157748  -  ResidentSetSize of job (KB)
...
006 (3293911.007.000) 01/10 14:27:05 Image size of job updated: 1729480
	155  -  MemoryUsage of job (MB)
	157748  -  ResidentSetSize of job (KB)
...
040 (3293911.007.000) 01/10 14:27:05 Started transferring output files
...
040 (3293911.007.000) 01/10 14:27:05 Finished transferring output files
...
005 (3293911.007.000) 01/10 14:27:05 Job terminated.
	(1) Normal termination (return value 0)
		Usr 0 00:00:34, Sys 0 00:00:04  -  Run Remote Usage
		Usr 0 00:00:00, Sys 0 00:00:00  -  Run Local Usage
		Usr 0 00:00:34, Sys 0 00:00:04  -  Total Remote Usage
		Usr 0 00:00:00, Sys 0 00:00:00  -  Total Local Usage
	6304  -  Run Bytes Sent By Job
	10525  -  Run Bytes Received By Job
	6304  -  Total Bytes Sent By Job
	10525  -  Total Bytes Received By Job
	Partitionable Resources :    Usage  Request Allocated 
	   Cpus                 :     0.35        4         4 
	   Disk (KB)            :    40           1   1454054 
	   Memory (MB)          :   155        8000      8000 

	Job terminated of its own accord at 2022-01-10T13:27:05Z.
...
