000 (3314617.022.000) 01/11 10:16:22 Job submitted from host: <188.185.70.244:9618?addrs=188.185.70.244-9618+[2001-1458-d00-7--100-2ee]-9618&alias=bigbird10.cern.ch&noUDP&sock=schedd_7001_aea1>
...
040 (3314617.022.000) 01/11 10:18:05 Started transferring input files
	Transferring to host: <188.184.162.223:9618?addrs=188.184.162.223-9618+[2001-1458-301-4a--100-d9]-9618&alias=b7s11p8512.cern.ch&noUDP&sock=slot1_32_4916_8441_25978>
...
040 (3314617.022.000) 01/11 10:18:05 Finished transferring input files
...
001 (3314617.022.000) 01/11 10:18:06 Job executing on host: <188.184.162.223:9618?addrs=188.184.162.223-9618+[2001-1458-301-4a--100-d9]-9618&alias=b7s11p8512.cern.ch&noUDP&sock=startd_4723_29e3>
...
006 (3314617.022.000) 01/11 10:18:14 Image size of job updated: 320020
	155  -  MemoryUsage of job (MB)
	157832  -  ResidentSetSize of job (KB)
...
006 (3314617.022.000) 01/11 10:23:14 Image size of job updated: 1888436
	422  -  MemoryUsage of job (MB)
	431176  -  ResidentSetSize of job (KB)
...
006 (3314617.022.000) 01/11 10:26:51 Image size of job updated: 2003472
	422  -  MemoryUsage of job (MB)
	431176  -  ResidentSetSize of job (KB)
...
040 (3314617.022.000) 01/11 10:26:51 Started transferring output files
...
040 (3314617.022.000) 01/11 10:26:51 Finished transferring output files
...
004 (3314617.022.000) 01/11 10:26:51 Job was evicted.
	(0) CPU times
		Usr 0 00:00:44, Sys 0 00:00:04  -  Run Remote Usage
		Usr 0 00:00:00, Sys 0 00:00:00  -  Run Local Usage
	8248  -  Run Bytes Sent By Job
	10523  -  Run Bytes Received By Job
	Partitionable Resources :    Usage  Request Allocated 
	   Cpus                 :     0.05        4         4 
	   Disk (KB)            :    42           1   2782847 
	   Memory (MB)          :   422        8000      8000 
...
009 (3314617.022.000) 01/11 10:26:51 Job was aborted.
	via condor_rm (by user vdamante)
...
