000 (3277179.018.000) 12/25 12:35:49 Job submitted from host: <188.185.70.244:9618?addrs=188.185.70.244-9618+[2001-1458-d00-7--100-2ee]-9618&alias=bigbird10.cern.ch&noUDP&sock=schedd_2095_9300>
...
040 (3277179.018.000) 12/25 12:39:53 Started transferring input files
	Transferring to host: <128.142.63.97:9618?addrs=128.142.63.97-9618+[2001-1458-301-38--100-5e]-9618&alias=b7s08p9190.cern.ch&noUDP&sock=slot1_19_6028_056e_9889>
...
040 (3277179.018.000) 12/25 12:39:53 Finished transferring input files
...
001 (3277179.018.000) 12/25 12:39:54 Job executing on host: <128.142.63.97:9618?addrs=128.142.63.97-9618+[2001-1458-301-38--100-5e]-9618&alias=b7s08p9190.cern.ch&noUDP&sock=startd_5620_6e57>
...
006 (3277179.018.000) 12/25 12:40:02 Image size of job updated: 1235700
	156  -  MemoryUsage of job (MB)
	158724  -  ResidentSetSize of job (KB)
...
006 (3277179.018.000) 12/25 12:40:04 Image size of job updated: 1235700
	156  -  MemoryUsage of job (MB)
	158728  -  ResidentSetSize of job (KB)
...
040 (3277179.018.000) 12/25 12:40:04 Started transferring output files
...
040 (3277179.018.000) 12/25 12:40:04 Finished transferring output files
...
005 (3277179.018.000) 12/25 12:40:04 Job terminated.
	(1) Normal termination (return value 0)
		Usr 0 00:00:03, Sys 0 00:00:02  -  Run Remote Usage
		Usr 0 00:00:00, Sys 0 00:00:00  -  Run Local Usage
		Usr 0 00:00:03, Sys 0 00:00:02  -  Total Remote Usage
		Usr 0 00:00:00, Sys 0 00:00:00  -  Total Local Usage
	2961  -  Run Bytes Sent By Job
	11210  -  Run Bytes Received By Job
	2961  -  Total Bytes Sent By Job
	11210  -  Total Bytes Received By Job
	Partitionable Resources :    Usage  Request Allocated 
	   Cpus                 :                 4         4 
	   Disk (KB)            :       30        1   1332132 
	   Memory (MB)          :      156     8000      8000 

	Job terminated of its own accord at 2021-12-25T11:40:04Z.
...
