000 (3338421.003.000) 01/19 19:03:58 Job submitted from host: <188.185.70.244:9618?addrs=188.185.70.244-9618+[2001-1458-d00-7--100-2ee]-9618&alias=bigbird10.cern.ch&noUDP&sock=schedd_7001_aea1>
...
040 (3338421.003.000) 01/19 19:38:00 Started transferring input files
	Transferring to host: <128.142.59.68:9618?addrs=128.142.59.68-9618+[2001-1458-301-21--100-43]-9618&alias=b7s04p8553.cern.ch&noUDP&sock=slot1_16_3169_98da_6856>
...
040 (3338421.003.000) 01/19 19:38:00 Finished transferring input files
...
001 (3338421.003.000) 01/19 19:38:01 Job executing on host: <128.142.59.68:9618?addrs=128.142.59.68-9618+[2001-1458-301-21--100-43]-9618&alias=b7s04p8553.cern.ch&noUDP&sock=startd_2608_7315>
...
006 (3338421.003.000) 01/19 19:38:10 Image size of job updated: 1280264
	203  -  MemoryUsage of job (MB)
	207408  -  ResidentSetSize of job (KB)
...
006 (3338421.003.000) 01/19 19:43:11 Image size of job updated: 1746472
	287  -  MemoryUsage of job (MB)
	293236  -  ResidentSetSize of job (KB)
...
006 (3338421.003.000) 01/19 19:48:12 Image size of job updated: 1746472
	287  -  MemoryUsage of job (MB)
	293240  -  ResidentSetSize of job (KB)
...
006 (3338421.003.000) 01/19 20:03:13 Image size of job updated: 1746912
	288  -  MemoryUsage of job (MB)
	294044  -  ResidentSetSize of job (KB)
...
006 (3338421.003.000) 01/19 20:18:14 Image size of job updated: 1746912
	288  -  MemoryUsage of job (MB)
	294052  -  ResidentSetSize of job (KB)
...
006 (3338421.003.000) 01/19 20:33:15 Image size of job updated: 1746912
	288  -  MemoryUsage of job (MB)
	294056  -  ResidentSetSize of job (KB)
...
006 (3338421.003.000) 01/19 20:48:17 Image size of job updated: 1746912
	288  -  MemoryUsage of job (MB)
	294060  -  ResidentSetSize of job (KB)
...
006 (3338421.003.000) 01/19 21:18:20 Image size of job updated: 1746912
	288  -  MemoryUsage of job (MB)
	294068  -  ResidentSetSize of job (KB)
...
006 (3338421.003.000) 01/19 21:33:22 Image size of job updated: 1746912
	288  -  MemoryUsage of job (MB)
	294072  -  ResidentSetSize of job (KB)
...
006 (3338421.003.000) 01/19 21:43:22 Image size of job updated: 2070160
	604  -  MemoryUsage of job (MB)
	618100  -  ResidentSetSize of job (KB)
...
006 (3338421.003.000) 01/19 22:33:27 Image size of job updated: 2070160
	604  -  MemoryUsage of job (MB)
	618104  -  ResidentSetSize of job (KB)
...
006 (3338421.003.000) 01/19 22:48:29 Image size of job updated: 2441560
	891  -  MemoryUsage of job (MB)
	912196  -  ResidentSetSize of job (KB)
...
006 (3338421.003.000) 01/19 23:23:33 Image size of job updated: 2441560
	891  -  MemoryUsage of job (MB)
	912200  -  ResidentSetSize of job (KB)
...
006 (3338421.003.000) 01/19 23:58:36 Image size of job updated: 2441560
	892  -  MemoryUsage of job (MB)
	912876  -  ResidentSetSize of job (KB)
...
006 (3338421.003.000) 01/20 00:03:37 Image size of job updated: 2722760
	1180  -  MemoryUsage of job (MB)
	1208124  -  ResidentSetSize of job (KB)
...
006 (3338421.003.000) 01/20 01:48:47 Image size of job updated: 2722760
	1180  -  MemoryUsage of job (MB)
	1208128  -  ResidentSetSize of job (KB)
...
040 (3338421.003.000) 01/20 03:38:23 Started transferring output files
...
040 (3338421.003.000) 01/20 03:38:23 Finished transferring output files
...
009 (3338421.003.000) 01/20 03:38:24 Job was aborted.
	Job removed by SYSTEM_PERIODIC_REMOVE due to wall time exceeded allowed max.
...
