000 (3277182.022.000) 12/25 12:36:02 Job submitted from host: <188.185.70.244:9618?addrs=188.185.70.244-9618+[2001-1458-d00-7--100-2ee]-9618&alias=bigbird10.cern.ch&noUDP&sock=schedd_2095_9300>
...
040 (3277182.022.000) 12/25 12:40:29 Started transferring input files
	Transferring to host: <128.142.63.21:9618?addrs=128.142.63.21-9618&alias=b7s08p9652.cern.ch&noUDP&sock=slot1_7_4782_19fc_10239>
...
040 (3277182.022.000) 12/25 12:40:29 Finished transferring input files
...
001 (3277182.022.000) 12/25 12:40:30 Job executing on host: <128.142.63.21:9618?addrs=128.142.63.21-9618&alias=b7s08p9652.cern.ch&noUDP&sock=startd_4428_d173>
...
006 (3277182.022.000) 12/25 12:40:38 Image size of job updated: 240440
	219  -  MemoryUsage of job (MB)
	223640  -  ResidentSetSize of job (KB)
...
006 (3277182.022.000) 12/25 12:42:59 Image size of job updated: 1749280
	219  -  MemoryUsage of job (MB)
	223896  -  ResidentSetSize of job (KB)
...
040 (3277182.022.000) 12/25 12:42:59 Started transferring output files
...
040 (3277182.022.000) 12/25 12:42:59 Finished transferring output files
...
005 (3277182.022.000) 12/25 12:42:59 Job terminated.
	(1) Normal termination (return value 0)
		Usr 0 00:00:12, Sys 0 00:00:02  -  Run Remote Usage
		Usr 0 00:00:00, Sys 0 00:00:00  -  Run Local Usage
		Usr 0 00:00:12, Sys 0 00:00:02  -  Total Remote Usage
		Usr 0 00:00:00, Sys 0 00:00:00  -  Total Local Usage
	1399  -  Run Bytes Sent By Job
	11215  -  Run Bytes Received By Job
	1399  -  Total Bytes Sent By Job
	11215  -  Total Bytes Received By Job
	Partitionable Resources :    Usage  Request Allocated 
	   Cpus                 :     0.05        4         4 
	   Disk (KB)            :    36           1   1327143 
	   Memory (MB)          :   219        8000      8000 

	Job terminated of its own accord at 2021-12-25T11:42:59Z.
...
