000 (3295621.024.000) 01/10 15:27:47 Job submitted from host: <188.185.70.244:9618?addrs=188.185.70.244-9618+[2001-1458-d00-7--100-2ee]-9618&alias=bigbird10.cern.ch&noUDP&sock=schedd_7001_aea1>
...
040 (3295621.024.000) 01/10 15:32:51 Started transferring input files
	Transferring to host: <128.142.56.159:9618?addrs=128.142.56.159-9618&alias=b7s01p3537.cern.ch&noUDP&sock=slot1_13_3563_34aa_26341>
...
040 (3295621.024.000) 01/10 15:32:51 Finished transferring input files
...
001 (3295621.024.000) 01/10 15:32:52 Job executing on host: <128.142.56.159:9618?addrs=128.142.56.159-9618&alias=b7s01p3537.cern.ch&noUDP&sock=startd_2694_703a>
...
006 (3295621.024.000) 01/10 15:33:01 Image size of job updated: 320076
	155  -  MemoryUsage of job (MB)
	157760  -  ResidentSetSize of job (KB)
...
006 (3295621.024.000) 01/10 15:33:43 Image size of job updated: 1264624
	155  -  MemoryUsage of job (MB)
	157760  -  ResidentSetSize of job (KB)
...
040 (3295621.024.000) 01/10 15:33:43 Started transferring output files
...
040 (3295621.024.000) 01/10 15:33:43 Finished transferring output files
...
005 (3295621.024.000) 01/10 15:33:43 Job terminated.
	(1) Normal termination (return value 0)
		Usr 0 00:00:03, Sys 0 00:00:02  -  Run Remote Usage
		Usr 0 00:00:00, Sys 0 00:00:00  -  Run Local Usage
		Usr 0 00:00:03, Sys 0 00:00:02  -  Total Remote Usage
		Usr 0 00:00:00, Sys 0 00:00:00  -  Total Local Usage
	2778  -  Run Bytes Sent By Job
	10523  -  Run Bytes Received By Job
	2778  -  Total Bytes Sent By Job
	10523  -  Total Bytes Received By Job
	Partitionable Resources :    Usage  Request Allocated 
	   Cpus                 :                 4         4 
	   Disk (KB)            :       29        1   1099698 
	   Memory (MB)          :      155     8000      8000 

	Job terminated of its own accord at 2022-01-10T14:33:43Z.
...
