000 (3318014.000.000) 01/14 12:27:58 Job submitted from host: <188.185.70.244:9618?addrs=188.185.70.244-9618+[2001-1458-d00-7--100-2ee]-9618&alias=bigbird10.cern.ch&noUDP&sock=schedd_7001_aea1>
...
040 (3318014.000.000) 01/14 17:25:28 Started transferring input files
	Transferring to host: <128.142.61.47:9618?addrs=128.142.61.47-9618+[2001-1458-301-23--100-2e]-9618&alias=b7s06p0935.cern.ch&noUDP&sock=slot1_15_4964_5643_28379>
...
040 (3318014.000.000) 01/14 17:25:28 Finished transferring input files
...
001 (3318014.000.000) 01/14 17:25:29 Job executing on host: <128.142.61.47:9618?addrs=128.142.61.47-9618+[2001-1458-301-23--100-2e]-9618&alias=b7s06p0935.cern.ch&noUDP&sock=startd_4608_487f>
...
006 (3318014.000.000) 01/14 17:25:38 Image size of job updated: 706564
	207  -  MemoryUsage of job (MB)
	211732  -  ResidentSetSize of job (KB)
...
006 (3318014.000.000) 01/14 17:26:08 Image size of job updated: 1771808
	207  -  MemoryUsage of job (MB)
	211916  -  ResidentSetSize of job (KB)
...
040 (3318014.000.000) 01/14 17:26:08 Started transferring output files
...
040 (3318014.000.000) 01/14 17:26:08 Finished transferring output files
...
005 (3318014.000.000) 01/14 17:26:08 Job terminated.
	(1) Normal termination (return value 1)
		Usr 0 00:00:18, Sys 0 00:00:02  -  Run Remote Usage
		Usr 0 00:00:00, Sys 0 00:00:00  -  Run Local Usage
		Usr 0 00:00:18, Sys 0 00:00:02  -  Total Remote Usage
		Usr 0 00:00:00, Sys 0 00:00:00  -  Total Local Usage
	7667  -  Run Bytes Sent By Job
	10522  -  Run Bytes Received By Job
	7667  -  Total Bytes Sent By Job
	10522  -  Total Bytes Received By Job
	Partitionable Resources :    Usage  Request Allocated 
	   Cpus                 :                 4         4 
	   Disk (KB)            :       32        1   1281892 
	   Memory (MB)          :      207     8000      8000 

	Job terminated of its own accord at 2022-01-14T16:26:08Z.
...
000 (3339231.000.000) 01/20 08:13:28 Job submitted from host: <188.185.70.244:9618?addrs=188.185.70.244-9618+[2001-1458-d00-7--100-2ee]-9618&alias=bigbird10.cern.ch&noUDP&sock=schedd_7001_aea1>
...
022 (3339231.000.000) 01/20 08:21:43 Job disconnected, attempting to reconnect
    Socket between submit and execute hosts closed unexpectedly
    Trying to reconnect to slot1_25@b7s01p7942.cern.ch <128.142.56.115:9618?addrs=128.142.56.115-9618&alias=b7s01p7942.cern.ch&noUDP&sock=startd_4243_ec6e>
...
024 (3339231.000.000) 01/20 08:21:51 Job reconnection failed
    Job not found at execution machine
    Can not reconnect to slot1_25@b7s01p7942.cern.ch, rescheduling job
...
040 (3339231.000.000) 01/20 08:24:23 Started transferring input files
	Transferring to host: <128.142.56.20:9618?addrs=128.142.56.20-9618+[2001-1458-301-6--100-13]-9618&alias=b7s01p6204.cern.ch&noUDP&sock=slot1_4_3599_922b_30576>
...
040 (3339231.000.000) 01/20 08:24:23 Finished transferring input files
...
001 (3339231.000.000) 01/20 08:24:24 Job executing on host: <128.142.56.20:9618?addrs=128.142.56.20-9618+[2001-1458-301-6--100-13]-9618&alias=b7s01p6204.cern.ch&noUDP&sock=startd_2943_3b4f>
...
006 (3339231.000.000) 01/20 08:24:33 Image size of job updated: 293624
	205  -  MemoryUsage of job (MB)
	209284  -  ResidentSetSize of job (KB)
...
006 (3339231.000.000) 01/20 08:29:34 Image size of job updated: 1746852
	285  -  MemoryUsage of job (MB)
	291584  -  ResidentSetSize of job (KB)
...
006 (3339231.000.000) 01/20 08:49:37 Image size of job updated: 1746852
	285  -  MemoryUsage of job (MB)
	291600  -  ResidentSetSize of job (KB)
...
006 (3339231.000.000) 01/20 08:59:37 Image size of job updated: 2070448
	603  -  MemoryUsage of job (MB)
	616764  -  ResidentSetSize of job (KB)
...
006 (3339231.000.000) 01/20 10:44:48 Image size of job updated: 2079564
	604  -  MemoryUsage of job (MB)
	618444  -  ResidentSetSize of job (KB)
...
006 (3339231.000.000) 01/20 10:49:48 Image size of job updated: 2444196
	890  -  MemoryUsage of job (MB)
	910364  -  ResidentSetSize of job (KB)
...
006 (3339231.000.000) 01/20 11:59:55 Image size of job updated: 2444196
	890  -  MemoryUsage of job (MB)
	910368  -  ResidentSetSize of job (KB)
...
006 (3339231.000.000) 01/20 12:14:57 Image size of job updated: 2882084
	1159  -  MemoryUsage of job (MB)
	1186040  -  ResidentSetSize of job (KB)
...
006 (3339231.000.000) 01/20 12:45:01 Image size of job updated: 2882084
	1160  -  MemoryUsage of job (MB)
	1186884  -  ResidentSetSize of job (KB)
...
006 (3339231.000.000) 01/20 12:50:01 Image size of job updated: 3101348
	1430  -  MemoryUsage of job (MB)
	1464120  -  ResidentSetSize of job (KB)
...
006 (3339231.000.000) 01/20 13:10:03 Image size of job updated: 3101348
	1431  -  MemoryUsage of job (MB)
	1464688  -  ResidentSetSize of job (KB)
...
006 (3339231.000.000) 01/20 13:15:03 Image size of job updated: 3703108
	1835  -  MemoryUsage of job (MB)
	1878936  -  ResidentSetSize of job (KB)
...
006 (3339231.000.000) 01/20 13:20:04 Image size of job updated: 4120588
	2219  -  MemoryUsage of job (MB)
	2271576  -  ResidentSetSize of job (KB)
...
006 (3339231.000.000) 01/20 13:25:05 Image size of job updated: 4544168
	2615  -  MemoryUsage of job (MB)
	2677104  -  ResidentSetSize of job (KB)
...
006 (3339231.000.000) 01/20 13:30:05 Image size of job updated: 4763340
	3130  -  MemoryUsage of job (MB)
	3204668  -  ResidentSetSize of job (KB)
...
006 (3339231.000.000) 01/20 13:35:06 Image size of job updated: 5149488
	3130  -  MemoryUsage of job (MB)
	3204668  -  ResidentSetSize of job (KB)
...
006 (3339231.000.000) 01/20 13:40:07 Image size of job updated: 5988320
	3614  -  MemoryUsage of job (MB)
	3700368  -  ResidentSetSize of job (KB)
...
040 (3339231.000.000) 01/20 13:42:05 Started transferring output files
...
040 (3339231.000.000) 01/20 13:42:05 Finished transferring output files
...
005 (3339231.000.000) 01/20 13:42:05 Job terminated.
	(1) Normal termination (return value 0)
		Usr 0 00:27:41, Sys 0 00:00:56  -  Run Remote Usage
		Usr 0 00:00:00, Sys 0 00:00:00  -  Run Local Usage
		Usr 0 00:27:41, Sys 0 00:00:56  -  Total Remote Usage
		Usr 0 00:00:00, Sys 0 00:00:00  -  Total Local Usage
	9675  -  Run Bytes Sent By Job
	11205  -  Run Bytes Received By Job
	9675  -  Total Bytes Sent By Job
	11205  -  Total Bytes Received By Job
	Partitionable Resources :    Usage  Request Allocated 
	   Cpus                 :     0.59        4         4 
	   Disk (KB)            :    42           1   1258984 
	   Memory (MB)          :  3614        8000      8000 

	Job terminated of its own accord at 2022-01-20T12:42:04Z.
...
