000 (3314885.022.000) 01/12 10:53:33 Job submitted from host: <188.185.70.244:9618?addrs=188.185.70.244-9618+[2001-1458-d00-7--100-2ee]-9618&alias=bigbird10.cern.ch&noUDP&sock=schedd_7001_aea1>
...
040 (3314885.022.000) 01/12 10:54:47 Started transferring input files
	Transferring to host: <128.142.59.23:9618?addrs=128.142.59.23-9618+[2001-1458-301-21--100-16]-9618&alias=b7s04p1554.cern.ch&noUDP&sock=slot1_15_3648_188d_26304>
...
040 (3314885.022.000) 01/12 10:54:47 Finished transferring input files
...
001 (3314885.022.000) 01/12 10:54:48 Job executing on host: <128.142.59.23:9618?addrs=128.142.59.23-9618+[2001-1458-301-21--100-16]-9618&alias=b7s04p1554.cern.ch&noUDP&sock=startd_3074_1637>
...
006 (3314885.022.000) 01/12 10:54:56 Image size of job updated: 1247216
	179  -  MemoryUsage of job (MB)
	182596  -  ResidentSetSize of job (KB)
...
006 (3314885.022.000) 01/12 10:54:58 Image size of job updated: 1247216
	179  -  MemoryUsage of job (MB)
	182796  -  ResidentSetSize of job (KB)
...
040 (3314885.022.000) 01/12 10:54:58 Started transferring output files
...
040 (3314885.022.000) 01/12 10:54:58 Finished transferring output files
...
005 (3314885.022.000) 01/12 10:54:58 Job terminated.
	(1) Normal termination (return value 1)
		Usr 0 00:00:04, Sys 0 00:00:02  -  Run Remote Usage
		Usr 0 00:00:00, Sys 0 00:00:00  -  Run Local Usage
		Usr 0 00:00:04, Sys 0 00:00:02  -  Total Remote Usage
		Usr 0 00:00:00, Sys 0 00:00:00  -  Total Local Usage
	1933  -  Run Bytes Sent By Job
	10531  -  Run Bytes Received By Job
	1933  -  Total Bytes Sent By Job
	10531  -  Total Bytes Received By Job
	Partitionable Resources :    Usage  Request Allocated 
	   Cpus                 :                 4         4 
	   Disk (KB)            :       29        1   1215964 
	   Memory (MB)          :      179     8000      8000 

	Job terminated of its own accord at 2022-01-12T09:54:58Z.
...
