000 (3338421.010.000) 01/19 19:03:58 Job submitted from host: <188.185.70.244:9618?addrs=188.185.70.244-9618+[2001-1458-d00-7--100-2ee]-9618&alias=bigbird10.cern.ch&noUDP&sock=schedd_7001_aea1>
...
040 (3338421.010.000) 01/19 19:38:03 Started transferring input files
	Transferring to host: <128.142.56.47:9618?addrs=128.142.56.47-9618&alias=b7s01p0839.cern.ch&noUDP&sock=slot1_27_3626_984d_37036>
...
040 (3338421.010.000) 01/19 19:38:03 Finished transferring input files
...
001 (3338421.010.000) 01/19 19:38:04 Job executing on host: <128.142.56.47:9618?addrs=128.142.56.47-9618&alias=b7s01p0839.cern.ch&noUDP&sock=startd_2588_bb30>
...
006 (3338421.010.000) 01/19 19:38:13 Image size of job updated: 1608920
	225  -  MemoryUsage of job (MB)
	230240  -  ResidentSetSize of job (KB)
...
006 (3338421.010.000) 01/19 19:43:14 Image size of job updated: 1746652
	287  -  MemoryUsage of job (MB)
	293140  -  ResidentSetSize of job (KB)
...
006 (3338421.010.000) 01/19 19:58:15 Image size of job updated: 1746652
	287  -  MemoryUsage of job (MB)
	293144  -  ResidentSetSize of job (KB)
...
006 (3338421.010.000) 01/19 20:03:16 Image size of job updated: 1746652
	287  -  MemoryUsage of job (MB)
	293148  -  ResidentSetSize of job (KB)
...
006 (3338421.010.000) 01/19 20:18:18 Image size of job updated: 1746652
	287  -  MemoryUsage of job (MB)
	293164  -  ResidentSetSize of job (KB)
...
006 (3338421.010.000) 01/19 20:23:18 Image size of job updated: 1746652
	287  -  MemoryUsage of job (MB)
	293184  -  ResidentSetSize of job (KB)
...
006 (3338421.010.000) 01/19 20:33:19 Image size of job updated: 2262512
	604  -  MemoryUsage of job (MB)
	618496  -  ResidentSetSize of job (KB)
...
006 (3338421.010.000) 01/19 20:38:20 Image size of job updated: 2262512
	605  -  MemoryUsage of job (MB)
	618500  -  ResidentSetSize of job (KB)
...
006 (3338421.010.000) 01/19 20:48:20 Image size of job updated: 2568984
	888  -  MemoryUsage of job (MB)
	908984  -  ResidentSetSize of job (KB)
...
006 (3338421.010.000) 01/19 21:03:22 Image size of job updated: 2704420
	1157  -  MemoryUsage of job (MB)
	1183968  -  ResidentSetSize of job (KB)
...
006 (3338421.010.000) 01/19 21:18:24 Image size of job updated: 3391900
	1496  -  MemoryUsage of job (MB)
	1530956  -  ResidentSetSize of job (KB)
...
006 (3338421.010.000) 01/19 21:33:26 Image size of job updated: 3931484
	2002  -  MemoryUsage of job (MB)
	2049144  -  ResidentSetSize of job (KB)
...
006 (3338421.010.000) 01/19 21:48:27 Image size of job updated: 4397644
	2440  -  MemoryUsage of job (MB)
	2498552  -  ResidentSetSize of job (KB)
...
006 (3338421.010.000) 01/19 22:03:28 Image size of job updated: 4397644
	2442  -  MemoryUsage of job (MB)
	2500132  -  ResidentSetSize of job (KB)
...
006 (3338421.010.000) 01/19 22:08:29 Image size of job updated: 4955316
	2897  -  MemoryUsage of job (MB)
	2965572  -  ResidentSetSize of job (KB)
...
006 (3338421.010.000) 01/19 22:23:30 Image size of job updated: 6035388
	3381  -  MemoryUsage of job (MB)
	3461904  -  ResidentSetSize of job (KB)
...
006 (3338421.010.000) 01/19 22:38:31 Image size of job updated: 6035388
	3388  -  MemoryUsage of job (MB)
	3468312  -  ResidentSetSize of job (KB)
...
006 (3338421.010.000) 01/19 22:43:32 Image size of job updated: 6271380
	3867  -  MemoryUsage of job (MB)
	3959280  -  ResidentSetSize of job (KB)
...
040 (3338421.010.000) 01/19 22:55:33 Started transferring output files
...
040 (3338421.010.000) 01/19 22:55:33 Finished transferring output files
...
005 (3338421.010.000) 01/19 22:55:33 Job terminated.
	(1) Normal termination (return value 0)
		Usr 0 00:30:24, Sys 0 00:00:59  -  Run Remote Usage
		Usr 0 00:00:00, Sys 0 00:00:00  -  Run Local Usage
		Usr 0 00:30:24, Sys 0 00:00:59  -  Total Remote Usage
		Usr 0 00:00:00, Sys 0 00:00:00  -  Total Local Usage
	4827  -  Run Bytes Sent By Job
	11205  -  Run Bytes Received By Job
	4827  -  Total Bytes Sent By Job
	11205  -  Total Bytes Received By Job
	Partitionable Resources :    Usage  Request Allocated 
	   Cpus                 :     0.16        4         4 
	   Disk (KB)            :    38           1   1155321 
	   Memory (MB)          :  3867        8000      8000 

	Job terminated of its own accord at 2022-01-19T21:55:33Z.
...
