000 (3315585.009.000) 01/12 17:11:14 Job submitted from host: <188.185.70.244:9618?addrs=188.185.70.244-9618+[2001-1458-d00-7--100-2ee]-9618&alias=bigbird10.cern.ch&noUDP&sock=schedd_7001_aea1>
...
040 (3315585.009.000) 01/12 21:49:30 Started transferring input files
	Transferring to host: <128.142.61.18:9618?addrs=128.142.61.18-9618+[2001-1458-301-23--100-11]-9618&alias=b7s06p9853.cern.ch&noUDP&sock=slot1_45_3632_d28d_23093>
...
040 (3315585.009.000) 01/12 21:49:30 Finished transferring input files
...
001 (3315585.009.000) 01/12 21:49:31 Job executing on host: <128.142.61.18:9618?addrs=128.142.61.18-9618+[2001-1458-301-23--100-11]-9618&alias=b7s06p9853.cern.ch&noUDP&sock=startd_3584_e784>
...
006 (3315585.009.000) 01/12 21:49:39 Image size of job updated: 1259404
	216  -  MemoryUsage of job (MB)
	220244  -  ResidentSetSize of job (KB)
...
006 (3315585.009.000) 01/12 21:54:39 Image size of job updated: 2482880
	983  -  MemoryUsage of job (MB)
	1005700  -  ResidentSetSize of job (KB)
...
006 (3315585.009.000) 01/12 21:59:39 Image size of job updated: 2499264
	983  -  MemoryUsage of job (MB)
	1005700  -  ResidentSetSize of job (KB)
...
040 (3315585.009.000) 01/12 22:00:40 Started transferring output files
...
040 (3315585.009.000) 01/12 22:00:41 Finished transferring output files
...
005 (3315585.009.000) 01/12 22:00:41 Job terminated.
	(1) Normal termination (return value 0)
		Usr 0 00:09:09, Sys 0 00:00:04  -  Run Remote Usage
		Usr 0 00:00:00, Sys 0 00:00:00  -  Run Local Usage
		Usr 0 00:09:09, Sys 0 00:00:04  -  Total Remote Usage
		Usr 0 00:00:00, Sys 0 00:00:00  -  Total Local Usage
	16959914  -  Run Bytes Sent By Job
	10522  -  Run Bytes Received By Job
	16959914  -  Total Bytes Sent By Job
	10522  -  Total Bytes Received By Job
	Partitionable Resources :    Usage  Request Allocated 
	   Cpus                 :     1.00        4         4 
	   Disk (KB)            : 16597           1    540468 
	   Memory (MB)          :   983        8000      8000 

	Job terminated of its own accord at 2022-01-12T21:00:40Z.
...
