000 (3314623.000.000) 01/11 10:41:33 Job submitted from host: <188.185.70.244:9618?addrs=188.185.70.244-9618+[2001-1458-d00-7--100-2ee]-9618&alias=bigbird10.cern.ch&noUDP&sock=schedd_7001_aea1>
...
040 (3314623.000.000) 01/11 11:32:59 Started transferring input files
	Transferring to host: <128.142.63.84:9618?addrs=128.142.63.84-9618+[2001-1458-301-38--100-51]-9618&alias=b7s08p0866.cern.ch&noUDP&sock=slot1_4_3577_11eb_28619>
...
040 (3314623.000.000) 01/11 11:32:59 Finished transferring input files
...
001 (3314623.000.000) 01/11 11:33:00 Job executing on host: <128.142.63.84:9618?addrs=128.142.63.84-9618+[2001-1458-301-38--100-51]-9618&alias=b7s08p0866.cern.ch&noUDP&sock=startd_2917_65d9>
...
006 (3314623.000.000) 01/11 11:33:09 Image size of job updated: 452252
	112  -  MemoryUsage of job (MB)
	114356  -  ResidentSetSize of job (KB)
...
006 (3314623.000.000) 01/11 11:38:10 Image size of job updated: 1893708
	427  -  MemoryUsage of job (MB)
	436532  -  ResidentSetSize of job (KB)
...
006 (3314623.000.000) 01/11 11:53:12 Image size of job updated: 2008272
	540  -  MemoryUsage of job (MB)
	552412  -  ResidentSetSize of job (KB)
...
006 (3314623.000.000) 01/11 11:58:13 Image size of job updated: 2008272
	540  -  MemoryUsage of job (MB)
	552416  -  ResidentSetSize of job (KB)
...
006 (3314623.000.000) 01/11 12:18:15 Image size of job updated: 2153528
	682  -  MemoryUsage of job (MB)
	698192  -  ResidentSetSize of job (KB)
...
006 (3314623.000.000) 01/11 12:43:18 Image size of job updated: 2334496
	860  -  MemoryUsage of job (MB)
	879816  -  ResidentSetSize of job (KB)
...
006 (3314623.000.000) 01/11 13:13:20 Image size of job updated: 2542084
	995  -  MemoryUsage of job (MB)
	1018732  -  ResidentSetSize of job (KB)
...
006 (3314623.000.000) 01/11 13:38:23 Image size of job updated: 2542084
	996  -  MemoryUsage of job (MB)
	1018932  -  ResidentSetSize of job (KB)
...
006 (3314623.000.000) 01/11 13:43:24 Image size of job updated: 2769148
	1172  -  MemoryUsage of job (MB)
	1199392  -  ResidentSetSize of job (KB)
...
006 (3314623.000.000) 01/11 14:03:26 Image size of job updated: 3042160
	1400  -  MemoryUsage of job (MB)
	1432716  -  ResidentSetSize of job (KB)
...
006 (3314623.000.000) 01/11 14:23:28 Image size of job updated: 3380628
	1667  -  MemoryUsage of job (MB)
	1706596  -  ResidentSetSize of job (KB)
...
006 (3314623.000.000) 01/11 14:48:31 Image size of job updated: 3728040
	1945  -  MemoryUsage of job (MB)
	1990868  -  ResidentSetSize of job (KB)
...
006 (3314623.000.000) 01/11 15:18:33 Image size of job updated: 4078444
	2221  -  MemoryUsage of job (MB)
	2273932  -  ResidentSetSize of job (KB)
...
040 (3314623.000.000) 01/11 15:38:22 Started transferring output files
...
040 (3314623.000.000) 01/11 15:38:23 Finished transferring output files
...
005 (3314623.000.000) 01/11 15:38:23 Job terminated.
	(1) Normal termination (return value 0)
		Usr 0 00:13:24, Sys 0 00:00:36  -  Run Remote Usage
		Usr 0 00:00:00, Sys 0 00:00:00  -  Run Local Usage
		Usr 0 00:13:24, Sys 0 00:00:36  -  Total Remote Usage
		Usr 0 00:00:00, Sys 0 00:00:00  -  Total Local Usage
	146031  -  Run Bytes Sent By Job
	10523  -  Run Bytes Received By Job
	146031  -  Total Bytes Sent By Job
	10523  -  Total Bytes Received By Job
	Partitionable Resources :    Usage  Request Allocated 
	   Cpus                 :     0.12        4         4 
	   Disk (KB)            :   176           1   1304080 
	   Memory (MB)          :  2221        8000      8000 

	Job terminated of its own accord at 2022-01-11T14:38:22Z.
...
