000 (3338412.016.000) 01/19 18:49:41 Job submitted from host: <188.185.70.244:9618?addrs=188.185.70.244-9618+[2001-1458-d00-7--100-2ee]-9618&alias=bigbird10.cern.ch&noUDP&sock=schedd_7001_aea1>
...
040 (3338412.016.000) 01/19 18:58:19 Started transferring input files
	Transferring to host: <128.142.58.138:9618?addrs=128.142.58.138-9618&alias=b7s03p4336.cern.ch&noUDP&sock=slot1_4_5239_196e_39555>
...
040 (3338412.016.000) 01/19 18:58:19 Finished transferring input files
...
001 (3338412.016.000) 01/19 18:58:20 Job executing on host: <128.142.58.138:9618?addrs=128.142.58.138-9618&alias=b7s03p4336.cern.ch&noUDP&sock=startd_4898_32f6>
...
006 (3338412.016.000) 01/19 18:58:29 Image size of job updated: 362820
	257  -  MemoryUsage of job (MB)
	262356  -  ResidentSetSize of job (KB)
...
006 (3338412.016.000) 01/19 19:03:08 Image size of job updated: 1968492
	257  -  MemoryUsage of job (MB)
	262412  -  ResidentSetSize of job (KB)
...
040 (3338412.016.000) 01/19 19:03:08 Started transferring output files
...
040 (3338412.016.000) 01/19 19:03:08 Finished transferring output files
...
004 (3338412.016.000) 01/19 19:03:08 Job was evicted.
	(0) CPU times
		Usr 0 00:02:00, Sys 0 00:00:07  -  Run Remote Usage
		Usr 0 00:00:00, Sys 0 00:00:00  -  Run Local Usage
	4848  -  Run Bytes Sent By Job
	11205  -  Run Bytes Received By Job
	Partitionable Resources :    Usage  Request Allocated 
	   Cpus                 :                 4         4 
	   Disk (KB)            :       29        1   1011237 
	   Memory (MB)          :      257     8000      8000 
...
009 (3338412.016.000) 01/19 19:03:08 Job was aborted.
	via condor_rm (by user vdamante)
...
