000 (3318002.000.000) 01/14 12:27:48 Job submitted from host: <188.185.70.244:9618?addrs=188.185.70.244-9618+[2001-1458-d00-7--100-2ee]-9618&alias=bigbird10.cern.ch&noUDP&sock=schedd_7001_aea1>
...
040 (3318002.000.000) 01/14 16:24:17 Started transferring input files
	Transferring to host: <188.184.164.143:9618?addrs=188.184.164.143-9618&alias=b7s13p3666.cern.ch&noUDP&sock=slot1_8_3536_2e89_28393>
...
040 (3318002.000.000) 01/14 16:24:17 Finished transferring input files
...
001 (3318002.000.000) 01/14 16:24:18 Job executing on host: <188.184.164.143:9618?addrs=188.184.164.143-9618&alias=b7s13p3666.cern.ch&noUDP&sock=startd_2888_819a>
...
006 (3318002.000.000) 01/14 16:24:26 Image size of job updated: 445012
	37  -  MemoryUsage of job (MB)
	37836  -  ResidentSetSize of job (KB)
...
006 (3318002.000.000) 01/14 16:24:42 Image size of job updated: 1587464
	37  -  MemoryUsage of job (MB)
	37836  -  ResidentSetSize of job (KB)
...
040 (3318002.000.000) 01/14 16:24:47 Entered queue to transfer output files
...
040 (3318002.000.000) 01/14 16:25:27 Started transferring output files
...
040 (3318002.000.000) 01/14 16:25:27 Finished transferring output files
...
005 (3318002.000.000) 01/14 16:25:28 Job terminated.
	(1) Normal termination (return value 1)
		Usr 0 00:00:05, Sys 0 00:00:02  -  Run Remote Usage
		Usr 0 00:00:00, Sys 0 00:00:00  -  Run Local Usage
		Usr 0 00:00:05, Sys 0 00:00:02  -  Total Remote Usage
		Usr 0 00:00:00, Sys 0 00:00:00  -  Total Local Usage
	1120  -  Run Bytes Sent By Job
	10522  -  Run Bytes Received By Job
	1120  -  Total Bytes Sent By Job
	10522  -  Total Bytes Received By Job
	Partitionable Resources :    Usage  Request Allocated 
	   Cpus                 :                 4         4 
	   Disk (KB)            :       28        1   3097543 
	   Memory (MB)          :       37     8000      8000 

	Job terminated of its own accord at 2022-01-14T15:24:42Z.
...
