000 (3338412.009.000) 01/19 18:49:41 Job submitted from host: <188.185.70.244:9618?addrs=188.185.70.244-9618+[2001-1458-d00-7--100-2ee]-9618&alias=bigbird10.cern.ch&noUDP&sock=schedd_7001_aea1>
...
040 (3338412.009.000) 01/19 18:58:16 Started transferring input files
	Transferring to host: <128.142.56.156:9618?addrs=128.142.56.156-9618&alias=b7s01p3504.cern.ch&noUDP&sock=slot1_5_5567_347b_38554>
...
040 (3338412.009.000) 01/19 18:58:16 Finished transferring input files
...
001 (3338412.009.000) 01/19 18:58:17 Job executing on host: <128.142.56.156:9618?addrs=128.142.56.156-9618&alias=b7s01p3504.cern.ch&noUDP&sock=startd_5217_01ac>
...
006 (3338412.009.000) 01/19 18:58:25 Image size of job updated: 1596200
	249  -  MemoryUsage of job (MB)
	254352  -  ResidentSetSize of job (KB)
...
006 (3338412.009.000) 01/19 19:03:07 Image size of job updated: 1792568
	249  -  MemoryUsage of job (MB)
	254352  -  ResidentSetSize of job (KB)
...
040 (3338412.009.000) 01/19 19:03:07 Started transferring output files
...
040 (3338412.009.000) 01/19 19:03:07 Finished transferring output files
...
004 (3338412.009.000) 01/19 19:03:07 Job was evicted.
	(0) CPU times
		Usr 0 00:00:34, Sys 0 00:00:03  -  Run Remote Usage
		Usr 0 00:00:00, Sys 0 00:00:00  -  Run Local Usage
	0  -  Run Bytes Sent By Job
	11205  -  Run Bytes Received By Job
	Partitionable Resources :    Usage  Request Allocated 
	   Cpus                 :     0.07        4         4 
	   Disk (KB)            :    34           1   1268946 
	   Memory (MB)          :   249        8000      8000 
...
009 (3338412.009.000) 01/19 19:03:07 Job was aborted.
	via condor_rm (by user vdamante)
...
