000 (3293911.009.000) 01/10 14:20:58 Job submitted from host: <188.185.70.244:9618?addrs=188.185.70.244-9618+[2001-1458-d00-7--100-2ee]-9618&alias=bigbird10.cern.ch&noUDP&sock=schedd_7001_aea1>
...
040 (3293911.009.000) 01/10 14:22:31 Started transferring input files
	Transferring to host: <188.184.163.128:9618?addrs=188.184.163.128-9618+[2001-1458-301-4d--100-7a]-9618&alias=b7s12p2207.cern.ch&noUDP&sock=slot1_7_3575_a92a_24456>
...
040 (3293911.009.000) 01/10 14:22:31 Finished transferring input files
...
001 (3293911.009.000) 01/10 14:22:32 Job executing on host: <188.184.163.128:9618?addrs=188.184.163.128-9618+[2001-1458-301-4d--100-7a]-9618&alias=b7s12p2207.cern.ch&noUDP&sock=startd_2881_b470>
...
006 (3293911.009.000) 01/10 14:22:42 Image size of job updated: 748716
	155  -  MemoryUsage of job (MB)
	157772  -  ResidentSetSize of job (KB)
...
006 (3293911.009.000) 01/10 14:23:52 Image size of job updated: 1725884
	155  -  MemoryUsage of job (MB)
	157772  -  ResidentSetSize of job (KB)
...
040 (3293911.009.000) 01/10 14:23:52 Started transferring output files
...
040 (3293911.009.000) 01/10 14:23:52 Finished transferring output files
...
005 (3293911.009.000) 01/10 14:23:52 Job terminated.
	(1) Normal termination (return value 0)
		Usr 0 00:00:26, Sys 0 00:00:03  -  Run Remote Usage
		Usr 0 00:00:00, Sys 0 00:00:00  -  Run Local Usage
		Usr 0 00:00:26, Sys 0 00:00:03  -  Total Remote Usage
		Usr 0 00:00:00, Sys 0 00:00:00  -  Total Local Usage
	4563  -  Run Bytes Sent By Job
	10525  -  Run Bytes Received By Job
	4563  -  Total Bytes Sent By Job
	10525  -  Total Bytes Received By Job
	Partitionable Resources :    Usage  Request Allocated 
	   Cpus                 :                 4         4 
	   Disk (KB)            :       31        1   3090335 
	   Memory (MB)          :      155     8000      8000 

	Job terminated of its own accord at 2022-01-10T13:23:52Z.
...
