000 (3319730.010.000) 01/17 11:19:48 Job submitted from host: <188.185.70.244:9618?addrs=188.185.70.244-9618+[2001-1458-d00-7--100-2ee]-9618&alias=bigbird10.cern.ch&noUDP&sock=schedd_7001_aea1>
...
040 (3319730.010.000) 01/17 11:27:24 Entered queue to transfer input files
	Transferring to host: <128.142.56.24:9618?addrs=128.142.56.24-9618+[2001-1458-301-6--100-17]-9618&alias=b7s01p4185.cern.ch&noUDP&sock=slot1_2_6102_2931_32323>
...
040 (3319730.010.000) 01/17 11:28:22 Started transferring input files
	Seconds spent in queue: 58
...
040 (3319730.010.000) 01/17 11:28:22 Finished transferring input files
...
001 (3319730.010.000) 01/17 11:28:23 Job executing on host: <128.142.56.24:9618?addrs=128.142.56.24-9618+[2001-1458-301-6--100-17]-9618&alias=b7s01p4185.cern.ch&noUDP&sock=startd_5928_b183>
...
006 (3319730.010.000) 01/17 11:28:31 Image size of job updated: 320152
	155  -  MemoryUsage of job (MB)
	157836  -  ResidentSetSize of job (KB)
...
006 (3319730.010.000) 01/17 11:33:31 Image size of job updated: 1781688
	303  -  MemoryUsage of job (MB)
	309584  -  ResidentSetSize of job (KB)
...
006 (3319730.010.000) 01/17 11:38:32 Image size of job updated: 2164644
	794  -  MemoryUsage of job (MB)
	812168  -  ResidentSetSize of job (KB)
...
006 (3319730.010.000) 01/17 11:53:33 Image size of job updated: 2708244
	903  -  MemoryUsage of job (MB)
	924360  -  ResidentSetSize of job (KB)
...
006 (3319730.010.000) 01/17 12:08:35 Image size of job updated: 2849428
	1223  -  MemoryUsage of job (MB)
	1251744  -  ResidentSetSize of job (KB)
...
006 (3319730.010.000) 01/17 12:23:37 Image size of job updated: 3176436
	1425  -  MemoryUsage of job (MB)
	1458340  -  ResidentSetSize of job (KB)
...
006 (3319730.010.000) 01/17 12:43:39 Image size of job updated: 3493396
	1676  -  MemoryUsage of job (MB)
	1716168  -  ResidentSetSize of job (KB)
...
006 (3319730.010.000) 01/17 12:53:41 Image size of job updated: 3493396
	1677  -  MemoryUsage of job (MB)
	1716584  -  ResidentSetSize of job (KB)
...
006 (3319730.010.000) 01/17 12:58:41 Image size of job updated: 3793008
	1941  -  MemoryUsage of job (MB)
	1986828  -  ResidentSetSize of job (KB)
...
006 (3319730.010.000) 01/17 13:08:42 Image size of job updated: 3793008
	1942  -  MemoryUsage of job (MB)
	1988196  -  ResidentSetSize of job (KB)
...
006 (3319730.010.000) 01/17 13:13:43 Image size of job updated: 4117040
	2416  -  MemoryUsage of job (MB)
	2473768  -  ResidentSetSize of job (KB)
...
006 (3319730.010.000) 01/17 13:23:44 Image size of job updated: 4149260
	2421  -  MemoryUsage of job (MB)
	2478788  -  ResidentSetSize of job (KB)
...
006 (3319730.010.000) 01/17 13:48:47 Image size of job updated: 4149260
	2421  -  MemoryUsage of job (MB)
	2478792  -  ResidentSetSize of job (KB)
...
006 (3319730.010.000) 01/17 13:53:48 Image size of job updated: 4539176
	3268  -  MemoryUsage of job (MB)
	3346240  -  ResidentSetSize of job (KB)
...
006 (3319730.010.000) 01/17 13:58:48 Image size of job updated: 4817764
	3268  -  MemoryUsage of job (MB)
	3346240  -  ResidentSetSize of job (KB)
...
040 (3319730.010.000) 01/17 14:07:16 Started transferring output files
	Seconds spent in queue: 9592
...
040 (3319730.010.000) 01/17 14:07:16 Finished transferring output files
...
005 (3319730.010.000) 01/17 14:07:16 Job terminated.
	(1) Normal termination (return value 0)
		Usr 0 00:18:47, Sys 0 00:00:48  -  Run Remote Usage
		Usr 0 00:00:00, Sys 0 00:00:00  -  Run Local Usage
		Usr 0 00:18:47, Sys 0 00:00:48  -  Total Remote Usage
		Usr 0 00:00:00, Sys 0 00:00:00  -  Total Local Usage
	1173  -  Run Bytes Sent By Job
	10522  -  Run Bytes Received By Job
	1173  -  Total Bytes Sent By Job
	10522  -  Total Bytes Received By Job
	Partitionable Resources :    Usage  Request Allocated 
	   Cpus                 :     0.06        4         4 
	   Disk (KB)            :    35           1   1318884 
	   Memory (MB)          :  3268        8000      8000 

	Job terminated of its own accord at 2022-01-17T13:07:16Z.
...
