000 (3314617.001.000) 01/11 10:16:22 Job submitted from host: <188.185.70.244:9618?addrs=188.185.70.244-9618+[2001-1458-d00-7--100-2ee]-9618&alias=bigbird10.cern.ch&noUDP&sock=schedd_7001_aea1>
...
040 (3314617.001.000) 01/11 10:17:59 Started transferring input files
	Transferring to host: <128.142.59.36:9618?addrs=128.142.59.36-9618&alias=b7s04p7780.cern.ch&noUDP&sock=slot1_2_6151_af93_28446>
...
040 (3314617.001.000) 01/11 10:17:59 Finished transferring input files
...
001 (3314617.001.000) 01/11 10:18:00 Job executing on host: <128.142.59.36:9618?addrs=128.142.59.36-9618&alias=b7s04p7780.cern.ch&noUDP&sock=startd_5744_7c16>
...
006 (3314617.001.000) 01/11 10:18:09 Image size of job updated: 1256180
	155  -  MemoryUsage of job (MB)
	157812  -  ResidentSetSize of job (KB)
...
006 (3314617.001.000) 01/11 10:23:10 Image size of job updated: 1879972
	414  -  MemoryUsage of job (MB)
	423328  -  ResidentSetSize of job (KB)
...
040 (3314617.001.000) 01/11 10:26:49 Started transferring output files
...
040 (3314617.001.000) 01/11 10:26:49 Finished transferring output files
...
004 (3314617.001.000) 01/11 10:26:49 Job was evicted.
	(0) CPU times
		Usr 0 00:00:30, Sys 0 00:00:04  -  Run Remote Usage
		Usr 0 00:00:00, Sys 0 00:00:00  -  Run Local Usage
	0  -  Run Bytes Sent By Job
	10523  -  Run Bytes Received By Job
	Partitionable Resources :    Usage  Request Allocated 
	   Cpus                 :     0.09        4         4 
	   Disk (KB)            :    33           1   1326465 
	   Memory (MB)          :   414        8000      8000 
...
009 (3314617.001.000) 01/11 10:26:49 Job was aborted.
	via condor_rm (by user vdamante)
...
