000 (3319730.004.000) 01/17 11:19:48 Job submitted from host: <188.185.70.244:9618?addrs=188.185.70.244-9618+[2001-1458-d00-7--100-2ee]-9618&alias=bigbird10.cern.ch&noUDP&sock=schedd_7001_aea1>
...
040 (3319730.004.000) 01/17 11:27:22 Entered queue to transfer input files
	Transferring to host: <188.185.105.135:9618?addrs=188.185.105.135-9618+[2001-1458-d00-3e--100-347]-9618&alias=b7g50s5803.cern.ch&noUDP&sock=slot1_4_8750_ea9d_62242>
...
040 (3319730.004.000) 01/17 11:28:22 Started transferring input files
	Seconds spent in queue: 60
...
040 (3319730.004.000) 01/17 11:28:22 Finished transferring input files
...
001 (3319730.004.000) 01/17 11:28:23 Job executing on host: <188.185.105.135:9618?addrs=188.185.105.135-9618+[2001-1458-d00-3e--100-347]-9618&alias=b7g50s5803.cern.ch&noUDP&sock=startd_8702_6d3a>
...
006 (3319730.004.000) 01/17 11:28:31 Image size of job updated: 35548
	1  -  MemoryUsage of job (MB)
	512  -  ResidentSetSize of job (KB)
...
006 (3319730.004.000) 01/17 11:33:31 Image size of job updated: 1824484
	768  -  MemoryUsage of job (MB)
	786136  -  ResidentSetSize of job (KB)
...
006 (3319730.004.000) 01/17 11:38:31 Image size of job updated: 2254264
	768  -  MemoryUsage of job (MB)
	786136  -  ResidentSetSize of job (KB)
...
006 (3319730.004.000) 01/17 11:53:33 Image size of job updated: 2378136
	856  -  MemoryUsage of job (MB)
	875820  -  ResidentSetSize of job (KB)
...
006 (3319730.004.000) 01/17 12:13:35 Image size of job updated: 2378136
	856  -  MemoryUsage of job (MB)
	876196  -  ResidentSetSize of job (KB)
...
006 (3319730.004.000) 01/17 12:18:35 Image size of job updated: 2640016
	1100  -  MemoryUsage of job (MB)
	1125924  -  ResidentSetSize of job (KB)
...
006 (3319730.004.000) 01/17 12:38:37 Image size of job updated: 3046440
	1336  -  MemoryUsage of job (MB)
	1367472  -  ResidentSetSize of job (KB)
...
006 (3319730.004.000) 01/17 13:03:40 Image size of job updated: 3379804
	1590  -  MemoryUsage of job (MB)
	1627460  -  ResidentSetSize of job (KB)
...
006 (3319730.004.000) 01/17 13:08:41 Image size of job updated: 3379804
	1590  -  MemoryUsage of job (MB)
	1627480  -  ResidentSetSize of job (KB)
...
006 (3319730.004.000) 01/17 13:13:41 Image size of job updated: 3685644
	1861  -  MemoryUsage of job (MB)
	1905568  -  ResidentSetSize of job (KB)
...
006 (3319730.004.000) 01/17 13:18:41 Image size of job updated: 3685644
	1861  -  MemoryUsage of job (MB)
	1905576  -  ResidentSetSize of job (KB)
...
006 (3319730.004.000) 01/17 13:23:42 Image size of job updated: 3685644
	1861  -  MemoryUsage of job (MB)
	1905580  -  ResidentSetSize of job (KB)
...
006 (3319730.004.000) 01/17 13:28:43 Image size of job updated: 3685644
	1929  -  MemoryUsage of job (MB)
	1974620  -  ResidentSetSize of job (KB)
...
006 (3319730.004.000) 01/17 13:33:43 Image size of job updated: 3685644
	1929  -  MemoryUsage of job (MB)
	1974632  -  ResidentSetSize of job (KB)
...
006 (3319730.004.000) 01/17 13:38:43 Image size of job updated: 4298840
	2377  -  MemoryUsage of job (MB)
	2433856  -  ResidentSetSize of job (KB)
...
006 (3319730.004.000) 01/17 13:48:45 Image size of job updated: 4298840
	2380  -  MemoryUsage of job (MB)
	2436992  -  ResidentSetSize of job (KB)
...
006 (3319730.004.000) 01/17 13:53:45 Image size of job updated: 5155544
	2847  -  MemoryUsage of job (MB)
	2914364  -  ResidentSetSize of job (KB)
...
040 (3319730.004.000) 01/17 14:09:26 Started transferring output files
	Seconds spent in queue: 9724
...
040 (3319730.004.000) 01/17 14:09:26 Finished transferring output files
...
005 (3319730.004.000) 01/17 14:09:26 Job terminated.
	(1) Normal termination (return value 0)
		Usr 0 00:38:19, Sys 0 00:00:40  -  Run Remote Usage
		Usr 0 00:00:00, Sys 0 00:00:00  -  Run Local Usage
		Usr 0 00:38:19, Sys 0 00:00:40  -  Total Remote Usage
		Usr 0 00:00:00, Sys 0 00:00:00  -  Total Local Usage
	1173  -  Run Bytes Sent By Job
	10522  -  Run Bytes Received By Job
	1173  -  Total Bytes Sent By Job
	10522  -  Total Bytes Received By Job
	Partitionable Resources :    Usage  Request Allocated 
	   Cpus                 :     0.07        4         4 
	   Disk (KB)            :    35           1    602863 
	   Memory (MB)          :  2847        8000      8000 

	Job terminated of its own accord at 2022-01-17T13:09:26Z.
...
