000 (3316950.002.000) 01/13 10:23:49 Job submitted from host: <188.185.70.244:9618?addrs=188.185.70.244-9618+[2001-1458-d00-7--100-2ee]-9618&alias=bigbird10.cern.ch&noUDP&sock=schedd_7001_aea1>
...
040 (3316950.002.000) 01/13 10:29:17 Started transferring input files
	Transferring to host: <128.142.56.106:9618?addrs=128.142.56.106-9618&alias=b7s01p1580.cern.ch&noUDP&sock=slot1_8_3606_80cc_32000>
...
040 (3316950.002.000) 01/13 10:29:17 Finished transferring input files
...
001 (3316950.002.000) 01/13 10:29:18 Job executing on host: <128.142.56.106:9618?addrs=128.142.56.106-9618&alias=b7s01p1580.cern.ch&noUDP&sock=startd_2590_1a61>
...
006 (3316950.002.000) 01/13 10:29:27 Image size of job updated: 1270136
	155  -  MemoryUsage of job (MB)
	157840  -  ResidentSetSize of job (KB)
...
006 (3316950.002.000) 01/13 10:34:28 Image size of job updated: 1746200
	272  -  MemoryUsage of job (MB)
	277580  -  ResidentSetSize of job (KB)
...
006 (3316950.002.000) 01/13 10:39:28 Image size of job updated: 1746200
	272  -  MemoryUsage of job (MB)
	277592  -  ResidentSetSize of job (KB)
...
006 (3316950.002.000) 01/13 10:49:29 Image size of job updated: 1746200
	272  -  MemoryUsage of job (MB)
	277596  -  ResidentSetSize of job (KB)
...
006 (3316950.002.000) 01/13 10:59:30 Image size of job updated: 2023212
	552  -  MemoryUsage of job (MB)
	564568  -  ResidentSetSize of job (KB)
...
006 (3316950.002.000) 01/13 11:29:34 Image size of job updated: 2242056
	663  -  MemoryUsage of job (MB)
	677912  -  ResidentSetSize of job (KB)
...
006 (3316950.002.000) 01/13 11:59:37 Image size of job updated: 2479892
	869  -  MemoryUsage of job (MB)
	889068  -  ResidentSetSize of job (KB)
...
006 (3316950.002.000) 01/13 12:24:39 Image size of job updated: 2729200
	1069  -  MemoryUsage of job (MB)
	1094148  -  ResidentSetSize of job (KB)
...
006 (3316950.002.000) 01/13 12:49:42 Image size of job updated: 3080972
	1350  -  MemoryUsage of job (MB)
	1381872  -  ResidentSetSize of job (KB)
...
006 (3316950.002.000) 01/13 13:09:44 Image size of job updated: 3419640
	1632  -  MemoryUsage of job (MB)
	1670452  -  ResidentSetSize of job (KB)
...
006 (3316950.002.000) 01/13 13:14:44 Image size of job updated: 3419640
	1632  -  MemoryUsage of job (MB)
	1670456  -  ResidentSetSize of job (KB)
...
006 (3316950.002.000) 01/13 13:34:45 Image size of job updated: 3770272
	1899  -  MemoryUsage of job (MB)
	1944508  -  ResidentSetSize of job (KB)
...
006 (3316950.002.000) 01/13 13:59:49 Image size of job updated: 4141440
	2277  -  MemoryUsage of job (MB)
	2330776  -  ResidentSetSize of job (KB)
...
006 (3316950.002.000) 01/13 14:19:50 Image size of job updated: 4141440
	2277  -  MemoryUsage of job (MB)
	2330780  -  ResidentSetSize of job (KB)
...
006 (3316950.002.000) 01/13 14:29:52 Image size of job updated: 4534548
	2657  -  MemoryUsage of job (MB)
	2720360  -  ResidentSetSize of job (KB)
...
040 (3316950.002.000) 01/13 14:54:41 Started transferring output files
...
040 (3316950.002.000) 01/13 14:54:41 Finished transferring output files
...
005 (3316950.002.000) 01/13 14:54:41 Job terminated.
	(1) Normal termination (return value 0)
		Usr 0 00:18:31, Sys 0 00:00:54  -  Run Remote Usage
		Usr 0 00:00:00, Sys 0 00:00:00  -  Run Local Usage
		Usr 0 00:18:31, Sys 0 00:00:54  -  Total Remote Usage
		Usr 0 00:00:00, Sys 0 00:00:00  -  Total Local Usage
	1746693  -  Run Bytes Sent By Job
	10530  -  Run Bytes Received By Job
	1746693  -  Total Bytes Sent By Job
	10530  -  Total Bytes Received By Job
	Partitionable Resources :    Usage  Request Allocated 
	   Cpus                 :     0.06        4         4 
	   Disk (KB)            :  1739           1   1313997 
	   Memory (MB)          :  2657        8000      8000 

	Job terminated of its own accord at 2022-01-13T13:54:41Z.
...
