000 (3314871.007.000) 01/12 10:11:24 Job submitted from host: <188.185.70.244:9618?addrs=188.185.70.244-9618+[2001-1458-d00-7--100-2ee]-9618&alias=bigbird10.cern.ch&noUDP&sock=schedd_7001_aea1>
...
040 (3314871.007.000) 01/12 10:40:26 Started transferring input files
	Transferring to host: <188.184.160.66:9618?addrs=188.184.160.66-9618+[2001-1458-301-48--100-3c]-9618&alias=b7s09p8936.cern.ch&noUDP&sock=slot1_14_3330_0940_25868>
...
040 (3314871.007.000) 01/12 10:40:26 Finished transferring input files
...
001 (3314871.007.000) 01/12 10:40:27 Job executing on host: <188.184.160.66:9618?addrs=188.184.160.66-9618+[2001-1458-301-48--100-3c]-9618&alias=b7s09p8936.cern.ch&noUDP&sock=startd_3076_7568>
...
006 (3314871.007.000) 01/12 10:40:30 Image size of job updated: 441656
	0  -  MemoryUsage of job (MB)
	0  -  ResidentSetSize of job (KB)
...
040 (3314871.007.000) 01/12 10:40:30 Started transferring output files
...
040 (3314871.007.000) 01/12 10:40:30 Finished transferring output files
...
005 (3314871.007.000) 01/12 10:40:30 Job terminated.
	(1) Normal termination (return value 1)
		Usr 0 00:00:01, Sys 0 00:00:00  -  Run Remote Usage
		Usr 0 00:00:00, Sys 0 00:00:00  -  Run Local Usage
		Usr 0 00:00:01, Sys 0 00:00:00  -  Total Remote Usage
		Usr 0 00:00:00, Sys 0 00:00:00  -  Total Local Usage
	174  -  Run Bytes Sent By Job
	10522  -  Run Bytes Received By Job
	174  -  Total Bytes Sent By Job
	10522  -  Total Bytes Received By Job
	Partitionable Resources :    Usage  Request Allocated 
	   Cpus                 :                 4         4 
	   Disk (KB)            :       28        1   1392524 
	   Memory (MB)          :        0     8000      8000 

	Job terminated of its own accord at 2022-01-12T09:40:30Z.
...
