000 (3277182.012.000) 12/25 12:36:02 Job submitted from host: <188.185.70.244:9618?addrs=188.185.70.244-9618+[2001-1458-d00-7--100-2ee]-9618&alias=bigbird10.cern.ch&noUDP&sock=schedd_2095_9300>
...
040 (3277182.012.000) 12/25 12:40:26 Started transferring input files
	Transferring to host: <128.142.56.98:9618?addrs=128.142.56.98-9618+[2001-1458-301-6--100-61]-9618&alias=b7s01p3999.cern.ch&noUDP&sock=slot1_24_3181_0d5a_8940>
...
040 (3277182.012.000) 12/25 12:40:26 Finished transferring input files
...
001 (3277182.012.000) 12/25 12:40:27 Job executing on host: <128.142.56.98:9618?addrs=128.142.56.98-9618+[2001-1458-301-6--100-61]-9618&alias=b7s01p3999.cern.ch&noUDP&sock=startd_2840_950e>
...
006 (3277182.012.000) 12/25 12:40:35 Image size of job updated: 356812
	248  -  MemoryUsage of job (MB)
	253796  -  ResidentSetSize of job (KB)
...
006 (3277182.012.000) 12/25 12:41:59 Image size of job updated: 1743860
	248  -  MemoryUsage of job (MB)
	253904  -  ResidentSetSize of job (KB)
...
040 (3277182.012.000) 12/25 12:41:59 Started transferring output files
...
040 (3277182.012.000) 12/25 12:41:59 Finished transferring output files
...
005 (3277182.012.000) 12/25 12:42:00 Job terminated.
	(1) Normal termination (return value 0)
		Usr 0 00:00:17, Sys 0 00:00:02  -  Run Remote Usage
		Usr 0 00:00:00, Sys 0 00:00:00  -  Run Local Usage
		Usr 0 00:00:17, Sys 0 00:00:02  -  Total Remote Usage
		Usr 0 00:00:00, Sys 0 00:00:00  -  Total Local Usage
	8719  -  Run Bytes Sent By Job
	11215  -  Run Bytes Received By Job
	8719  -  Total Bytes Sent By Job
	11215  -  Total Bytes Received By Job
	Partitionable Resources :    Usage  Request Allocated 
	   Cpus                 :     0.04        4         4 
	   Disk (KB)            :    41           1   1288100 
	   Memory (MB)          :   248        8000      8000 

	Job terminated of its own accord at 2021-12-25T11:41:59Z.
...
