000 (3319730.009.000) 01/17 11:19:48 Job submitted from host: <188.185.70.244:9618?addrs=188.185.70.244-9618+[2001-1458-d00-7--100-2ee]-9618&alias=bigbird10.cern.ch&noUDP&sock=schedd_7001_aea1>
...
040 (3319730.009.000) 01/17 11:27:24 Entered queue to transfer input files
	Transferring to host: <128.142.58.120:9618?addrs=128.142.58.120-9618&alias=b7s03p3399.cern.ch&noUDP&sock=slot1_6_3359_7822_31416>
...
040 (3319730.009.000) 01/17 11:28:22 Started transferring input files
	Seconds spent in queue: 58
...
040 (3319730.009.000) 01/17 11:28:22 Finished transferring input files
...
001 (3319730.009.000) 01/17 11:28:23 Job executing on host: <128.142.58.120:9618?addrs=128.142.58.120-9618&alias=b7s03p3399.cern.ch&noUDP&sock=startd_2573_7145>
...
006 (3319730.009.000) 01/17 11:28:31 Image size of job updated: 320128
	155  -  MemoryUsage of job (MB)
	157820  -  ResidentSetSize of job (KB)
...
006 (3319730.009.000) 01/17 11:33:31 Image size of job updated: 2182680
	620  -  MemoryUsage of job (MB)
	633880  -  ResidentSetSize of job (KB)
...
006 (3319730.009.000) 01/17 11:38:32 Image size of job updated: 2182680
	620  -  MemoryUsage of job (MB)
	633896  -  ResidentSetSize of job (KB)
...
006 (3319730.009.000) 01/17 11:43:33 Image size of job updated: 2182680
	620  -  MemoryUsage of job (MB)
	633908  -  ResidentSetSize of job (KB)
...
006 (3319730.009.000) 01/17 11:48:33 Image size of job updated: 2182680
	621  -  MemoryUsage of job (MB)
	635480  -  ResidentSetSize of job (KB)
...
006 (3319730.009.000) 01/17 11:53:33 Image size of job updated: 2413856
	878  -  MemoryUsage of job (MB)
	898136  -  ResidentSetSize of job (KB)
...
006 (3319730.009.000) 01/17 12:08:35 Image size of job updated: 2413856
	878  -  MemoryUsage of job (MB)
	898632  -  ResidentSetSize of job (KB)
...
006 (3319730.009.000) 01/17 12:13:35 Image size of job updated: 2611416
	1120  -  MemoryUsage of job (MB)
	1146200  -  ResidentSetSize of job (KB)
...
006 (3319730.009.000) 01/17 12:28:36 Image size of job updated: 2918944
	1362  -  MemoryUsage of job (MB)
	1394256  -  ResidentSetSize of job (KB)
...
006 (3319730.009.000) 01/17 12:48:39 Image size of job updated: 3116504
	1611  -  MemoryUsage of job (MB)
	1649284  -  ResidentSetSize of job (KB)
...
006 (3319730.009.000) 01/17 13:03:40 Image size of job updated: 3116504
	1612  -  MemoryUsage of job (MB)
	1649916  -  ResidentSetSize of job (KB)
...
006 (3319730.009.000) 01/17 13:08:41 Image size of job updated: 3716040
	2166  -  MemoryUsage of job (MB)
	2217652  -  ResidentSetSize of job (KB)
...
006 (3319730.009.000) 01/17 13:13:42 Image size of job updated: 4067560
	2418  -  MemoryUsage of job (MB)
	2475192  -  ResidentSetSize of job (KB)
...
006 (3319730.009.000) 01/17 13:23:43 Image size of job updated: 4814372
	2885  -  MemoryUsage of job (MB)
	2953864  -  ResidentSetSize of job (KB)
...
040 (3319730.009.000) 01/17 13:40:18 Started transferring output files
	Seconds spent in queue: 7974
...
040 (3319730.009.000) 01/17 13:40:18 Finished transferring output files
...
005 (3319730.009.000) 01/17 13:40:18 Job terminated.
	(1) Normal termination (return value 0)
		Usr 0 00:17:30, Sys 0 00:00:38  -  Run Remote Usage
		Usr 0 00:00:00, Sys 0 00:00:00  -  Run Local Usage
		Usr 0 00:17:30, Sys 0 00:00:38  -  Total Remote Usage
		Usr 0 00:00:00, Sys 0 00:00:00  -  Total Local Usage
	1173  -  Run Bytes Sent By Job
	10522  -  Run Bytes Received By Job
	1173  -  Total Bytes Sent By Job
	10522  -  Total Bytes Received By Job
	Partitionable Resources :    Usage  Request Allocated 
	   Cpus                 :     0.03        4         4 
	   Disk (KB)            :    34           1   1300850 
	   Memory (MB)          :  2885        8000      8000 

	Job terminated of its own accord at 2022-01-17T12:40:18Z.
...
