000 (3338412.002.000) 01/19 18:49:41 Job submitted from host: <188.185.70.244:9618?addrs=188.185.70.244-9618+[2001-1458-d00-7--100-2ee]-9618&alias=bigbird10.cern.ch&noUDP&sock=schedd_7001_aea1>
...
040 (3338412.002.000) 01/19 18:58:14 Started transferring input files
	Transferring to host: <128.142.61.116:9618?addrs=128.142.61.116-9618+[2001-1458-301-23--100-73]-9618&alias=b7s06p3757.cern.ch&noUDP&sock=slot1_8_3207_5f1b_37749>
...
040 (3338412.002.000) 01/19 18:58:14 Finished transferring input files
...
001 (3338412.002.000) 01/19 18:58:15 Job executing on host: <128.142.61.116:9618?addrs=128.142.61.116-9618+[2001-1458-301-23--100-73]-9618&alias=b7s06p3757.cern.ch&noUDP&sock=startd_2836_d6ad>
...
006 (3338412.002.000) 01/19 18:58:23 Image size of job updated: 271216
	217  -  MemoryUsage of job (MB)
	221944  -  ResidentSetSize of job (KB)
...
006 (3338412.002.000) 01/19 19:03:07 Image size of job updated: 1733352
	217  -  MemoryUsage of job (MB)
	221948  -  ResidentSetSize of job (KB)
...
040 (3338412.002.000) 01/19 19:03:07 Started transferring output files
...
040 (3338412.002.000) 01/19 19:03:07 Finished transferring output files
...
004 (3338412.002.000) 01/19 19:03:07 Job was evicted.
	(0) CPU times
		Usr 0 00:00:06, Sys 0 00:00:02  -  Run Remote Usage
		Usr 0 00:00:00, Sys 0 00:00:00  -  Run Local Usage
	0  -  Run Bytes Sent By Job
	11205  -  Run Bytes Received By Job
	Partitionable Resources :    Usage  Request Allocated 
	   Cpus                 :     0.00        4         4 
	   Disk (KB)            :    34           1   1283142 
	   Memory (MB)          :   217        8000      8000 
...
009 (3338412.002.000) 01/19 19:03:07 Job was aborted.
	via condor_rm (by user vdamante)
...
