000 (3314885.019.000) 01/12 10:53:33 Job submitted from host: <188.185.70.244:9618?addrs=188.185.70.244-9618+[2001-1458-d00-7--100-2ee]-9618&alias=bigbird10.cern.ch&noUDP&sock=schedd_7001_aea1>
...
040 (3314885.019.000) 01/12 10:54:46 Started transferring input files
	Transferring to host: <188.184.165.27:9618?addrs=188.184.165.27-9618+[2001-1458-301-51--100-16]-9618&alias=b7s14p8586.cern.ch&noUDP&sock=slot1_10_3933_e779_26292>
...
040 (3314885.019.000) 01/12 10:54:46 Finished transferring input files
...
001 (3314885.019.000) 01/12 10:54:47 Job executing on host: <188.184.165.27:9618?addrs=188.184.165.27-9618+[2001-1458-301-51--100-16]-9618&alias=b7s14p8586.cern.ch&noUDP&sock=startd_3292_9ddd>
...
006 (3314885.019.000) 01/12 10:54:55 Image size of job updated: 452800
	173  -  MemoryUsage of job (MB)
	176616  -  ResidentSetSize of job (KB)
...
006 (3314885.019.000) 01/12 10:54:57 Image size of job updated: 452800
	173  -  MemoryUsage of job (MB)
	176704  -  ResidentSetSize of job (KB)
...
040 (3314885.019.000) 01/12 10:54:58 Started transferring output files
...
040 (3314885.019.000) 01/12 10:54:58 Finished transferring output files
...
005 (3314885.019.000) 01/12 10:54:58 Job terminated.
	(1) Normal termination (return value 1)
		Usr 0 00:00:05, Sys 0 00:00:02  -  Run Remote Usage
		Usr 0 00:00:00, Sys 0 00:00:00  -  Run Local Usage
		Usr 0 00:00:05, Sys 0 00:00:02  -  Total Remote Usage
		Usr 0 00:00:00, Sys 0 00:00:00  -  Total Local Usage
	3178  -  Run Bytes Sent By Job
	10531  -  Run Bytes Received By Job
	3178  -  Total Bytes Sent By Job
	10531  -  Total Bytes Received By Job
	Partitionable Resources :    Usage  Request Allocated 
	   Cpus                 :                 4         4 
	   Disk (KB)            :       30        1   2861264 
	   Memory (MB)          :      173     8000      8000 

	Job terminated of its own accord at 2022-01-12T09:54:57Z.
...
