000 (3316950.001.000) 01/13 10:23:49 Job submitted from host: <188.185.70.244:9618?addrs=188.185.70.244-9618+[2001-1458-d00-7--100-2ee]-9618&alias=bigbird10.cern.ch&noUDP&sock=schedd_7001_aea1>
...
040 (3316950.001.000) 01/13 10:29:17 Started transferring input files
	Transferring to host: <188.184.162.37:9618?addrs=188.184.162.37-9618+[2001-1458-301-4a--100-1f]-9618&alias=b7s11p9606.cern.ch&noUDP&sock=slot1_49_169600_4aea_1095>
...
040 (3316950.001.000) 01/13 10:29:17 Finished transferring input files
...
001 (3316950.001.000) 01/13 10:29:18 Job executing on host: <188.184.162.37:9618?addrs=188.184.162.37-9618+[2001-1458-301-4a--100-1f]-9618&alias=b7s11p9606.cern.ch&noUDP&sock=startd_169412_1e90>
...
006 (3316950.001.000) 01/13 10:29:27 Image size of job updated: 223100
	155  -  MemoryUsage of job (MB)
	157840  -  ResidentSetSize of job (KB)
...
006 (3316950.001.000) 01/13 10:34:28 Image size of job updated: 1733892
	273  -  MemoryUsage of job (MB)
	279380  -  ResidentSetSize of job (KB)
...
006 (3316950.001.000) 01/13 10:39:28 Image size of job updated: 2025196
	553  -  MemoryUsage of job (MB)
	565860  -  ResidentSetSize of job (KB)
...
006 (3316950.001.000) 01/13 10:44:28 Image size of job updated: 2025196
	553  -  MemoryUsage of job (MB)
	565876  -  ResidentSetSize of job (KB)
...
006 (3316950.001.000) 01/13 10:49:29 Image size of job updated: 2025196
	553  -  MemoryUsage of job (MB)
	565880  -  ResidentSetSize of job (KB)
...
006 (3316950.001.000) 01/13 10:54:29 Image size of job updated: 2244120
	703  -  MemoryUsage of job (MB)
	719080  -  ResidentSetSize of job (KB)
...
006 (3316950.001.000) 01/13 11:09:31 Image size of job updated: 2244120
	703  -  MemoryUsage of job (MB)
	719084  -  ResidentSetSize of job (KB)
...
006 (3316950.001.000) 01/13 11:14:31 Image size of job updated: 2548984
	934  -  MemoryUsage of job (MB)
	955480  -  ResidentSetSize of job (KB)
...
006 (3316950.001.000) 01/13 11:29:32 Image size of job updated: 2738940
	981  -  MemoryUsage of job (MB)
	1004372  -  ResidentSetSize of job (KB)
...
006 (3316950.001.000) 01/13 11:39:33 Image size of job updated: 3024284
	1158  -  MemoryUsage of job (MB)
	1185352  -  ResidentSetSize of job (KB)
...
006 (3316950.001.000) 01/13 11:59:35 Image size of job updated: 3367372
	1301  -  MemoryUsage of job (MB)
	1331916  -  ResidentSetSize of job (KB)
...
006 (3316950.001.000) 01/13 12:14:36 Image size of job updated: 3756096
	1609  -  MemoryUsage of job (MB)
	1647036  -  ResidentSetSize of job (KB)
...
006 (3316950.001.000) 01/13 12:35:01 Image size of job updated: 4145636
	1941  -  MemoryUsage of job (MB)
	1987476  -  ResidentSetSize of job (KB)
...
006 (3316950.001.000) 01/13 12:54:50 Image size of job updated: 4566704
	2286  -  MemoryUsage of job (MB)
	2339960  -  ResidentSetSize of job (KB)
...
006 (3316950.001.000) 01/13 13:14:51 Image size of job updated: 4566704
	2453  -  MemoryUsage of job (MB)
	2511360  -  ResidentSetSize of job (KB)
...
006 (3316950.001.000) 01/13 13:14:53 Image size of job updated: 4566704
	2453  -  MemoryUsage of job (MB)
	2511456  -  ResidentSetSize of job (KB)
...
040 (3316950.001.000) 01/13 13:14:53 Started transferring output files
...
040 (3316950.001.000) 01/13 13:14:53 Finished transferring output files
...
005 (3316950.001.000) 01/13 13:14:53 Job terminated.
	(1) Normal termination (return value 0)
		Usr 0 00:21:31, Sys 0 00:01:11  -  Run Remote Usage
		Usr 0 00:00:00, Sys 0 00:00:00  -  Run Local Usage
		Usr 0 00:21:31, Sys 0 00:01:11  -  Total Remote Usage
		Usr 0 00:00:00, Sys 0 00:00:00  -  Total Local Usage
	1747541  -  Run Bytes Sent By Job
	10530  -  Run Bytes Received By Job
	1747541  -  Total Bytes Sent By Job
	10530  -  Total Bytes Received By Job
	Partitionable Resources :    Usage  Request Allocated 
	   Cpus                 :     0.01        4         4 
	   Disk (KB)            :  1740           1   3038765 
	   Memory (MB)          :  2453        8000      8000 

	Job terminated of its own accord at 2022-01-13T12:14:53Z.
...
