000 (3315594.020.000) 01/12 17:36:28 Job submitted from host: <188.185.70.244:9618?addrs=188.185.70.244-9618+[2001-1458-d00-7--100-2ee]-9618&alias=bigbird10.cern.ch&noUDP&sock=schedd_7001_aea1>
...
040 (3315594.020.000) 01/13 01:14:23 Started transferring input files
	Transferring to host: <128.142.59.132:9618?addrs=128.142.59.132-9618&alias=b7s04p1839.cern.ch&noUDP&sock=slot1_32_3598_ddcb_27104>
...
040 (3315594.020.000) 01/13 01:14:23 Finished transferring input files
...
001 (3315594.020.000) 01/13 01:14:24 Job executing on host: <128.142.59.132:9618?addrs=128.142.59.132-9618&alias=b7s04p1839.cern.ch&noUDP&sock=startd_2636_a7bc>
...
006 (3315594.020.000) 01/13 01:14:32 Image size of job updated: 320124
	165  -  MemoryUsage of job (MB)
	168804  -  ResidentSetSize of job (KB)
...
006 (3315594.020.000) 01/13 01:14:34 Image size of job updated: 320124
	165  -  MemoryUsage of job (MB)
	168904  -  ResidentSetSize of job (KB)
...
040 (3315594.020.000) 01/13 01:14:34 Started transferring output files
...
040 (3315594.020.000) 01/13 01:14:34 Finished transferring output files
...
005 (3315594.020.000) 01/13 01:14:34 Job terminated.
	(1) Normal termination (return value 1)
		Usr 0 00:00:04, Sys 0 00:00:02  -  Run Remote Usage
		Usr 0 00:00:00, Sys 0 00:00:00  -  Run Local Usage
		Usr 0 00:00:04, Sys 0 00:00:02  -  Total Remote Usage
		Usr 0 00:00:00, Sys 0 00:00:00  -  Total Local Usage
	2848  -  Run Bytes Sent By Job
	10530  -  Run Bytes Received By Job
	2848  -  Total Bytes Sent By Job
	10530  -  Total Bytes Received By Job
	Partitionable Resources :    Usage  Request Allocated 
	   Cpus                 :                 4         4 
	   Disk (KB)            :       29        1   1306433 
	   Memory (MB)          :      165     8000      8000 

	Job terminated of its own accord at 2022-01-13T00:14:34Z.
...
