000 (3315594.001.000) 01/12 17:36:28 Job submitted from host: <188.185.70.244:9618?addrs=188.185.70.244-9618+[2001-1458-d00-7--100-2ee]-9618&alias=bigbird10.cern.ch&noUDP&sock=schedd_7001_aea1>
...
040 (3315594.001.000) 01/13 01:14:25 Started transferring input files
	Transferring to host: <128.142.59.76:9618?addrs=128.142.59.76-9618+[2001-1458-301-21--100-4b]-9618&alias=b7s04p5066.cern.ch&noUDP&sock=slot1_2_3595_c0ab_26615>
...
040 (3315594.001.000) 01/13 01:14:25 Finished transferring input files
...
001 (3315594.001.000) 01/13 01:14:26 Job executing on host: <128.142.59.76:9618?addrs=128.142.59.76-9618+[2001-1458-301-21--100-4b]-9618&alias=b7s04p5066.cern.ch&noUDP&sock=startd_3026_29ac>
...
006 (3315594.001.000) 01/13 01:14:34 Image size of job updated: 281228
	193  -  MemoryUsage of job (MB)
	196884  -  ResidentSetSize of job (KB)
...
040 (3315594.001.000) 01/13 01:14:35 Started transferring output files
...
040 (3315594.001.000) 01/13 01:14:35 Finished transferring output files
...
005 (3315594.001.000) 01/13 01:14:35 Job terminated.
	(1) Normal termination (return value 1)
		Usr 0 00:00:03, Sys 0 00:00:02  -  Run Remote Usage
		Usr 0 00:00:00, Sys 0 00:00:00  -  Run Local Usage
		Usr 0 00:00:03, Sys 0 00:00:02  -  Total Remote Usage
		Usr 0 00:00:00, Sys 0 00:00:00  -  Total Local Usage
	5320  -  Run Bytes Sent By Job
	10530  -  Run Bytes Received By Job
	5320  -  Total Bytes Sent By Job
	10530  -  Total Bytes Received By Job
	Partitionable Resources :    Usage  Request Allocated 
	   Cpus                 :                 4         4 
	   Disk (KB)            :       33        1   1200032 
	   Memory (MB)          :      193     8000      8000 

	Job terminated of its own accord at 2022-01-13T00:14:35Z.
...
