000 (3315594.010.000) 01/12 17:36:28 Job submitted from host: <188.185.70.244:9618?addrs=188.185.70.244-9618+[2001-1458-d00-7--100-2ee]-9618&alias=bigbird10.cern.ch&noUDP&sock=schedd_7001_aea1>
...
040 (3315594.010.000) 01/13 01:14:21 Started transferring input files
	Transferring to host: <128.142.57.93:9618?addrs=128.142.57.93-9618+[2001-1458-301-7--100-5c]-9618&alias=b7s02p3426.cern.ch&noUDP&sock=slot1_8_3593_57eb_26661>
...
040 (3315594.010.000) 01/13 01:14:21 Finished transferring input files
...
001 (3315594.010.000) 01/13 01:14:22 Job executing on host: <128.142.57.93:9618?addrs=128.142.57.93-9618+[2001-1458-301-7--100-5c]-9618&alias=b7s02p3426.cern.ch&noUDP&sock=startd_2946_4a18>
...
006 (3315594.010.000) 01/13 01:14:30 Image size of job updated: 665968
	204  -  MemoryUsage of job (MB)
	208292  -  ResidentSetSize of job (KB)
...
006 (3315594.010.000) 01/13 01:14:31 Image size of job updated: 665968
	204  -  MemoryUsage of job (MB)
	208308  -  ResidentSetSize of job (KB)
...
040 (3315594.010.000) 01/13 01:14:31 Started transferring output files
...
040 (3315594.010.000) 01/13 01:14:31 Finished transferring output files
...
005 (3315594.010.000) 01/13 01:14:32 Job terminated.
	(1) Normal termination (return value 1)
		Usr 0 00:00:04, Sys 0 00:00:02  -  Run Remote Usage
		Usr 0 00:00:00, Sys 0 00:00:00  -  Run Local Usage
		Usr 0 00:00:04, Sys 0 00:00:02  -  Total Remote Usage
		Usr 0 00:00:00, Sys 0 00:00:00  -  Total Local Usage
	4081  -  Run Bytes Sent By Job
	10530  -  Run Bytes Received By Job
	4081  -  Total Bytes Sent By Job
	10530  -  Total Bytes Received By Job
	Partitionable Resources :    Usage  Request Allocated 
	   Cpus                 :                 4         4 
	   Disk (KB)            :       31        1   1002672 
	   Memory (MB)          :      204     8000      8000 

	Job terminated of its own accord at 2022-01-13T00:14:31Z.
...
