000 (3295621.006.000) 01/10 15:27:47 Job submitted from host: <188.185.70.244:9618?addrs=188.185.70.244-9618+[2001-1458-d00-7--100-2ee]-9618&alias=bigbird10.cern.ch&noUDP&sock=schedd_7001_aea1>
...
040 (3295621.006.000) 01/10 15:32:47 Started transferring input files
	Transferring to host: <128.142.61.122:9618?addrs=128.142.61.122-9618+[2001-1458-301-23--100-79]-9618&alias=b7s06p6371.cern.ch&noUDP&sock=slot1_3_3608_e98c_8426>
...
040 (3295621.006.000) 01/10 15:32:47 Finished transferring input files
...
001 (3295621.006.000) 01/10 15:32:48 Job executing on host: <128.142.61.122:9618?addrs=128.142.61.122-9618+[2001-1458-301-23--100-79]-9618&alias=b7s06p6371.cern.ch&noUDP&sock=startd_3538_5a29>
...
006 (3295621.006.000) 01/10 15:32:57 Image size of job updated: 1256184
	155  -  MemoryUsage of job (MB)
	157792  -  ResidentSetSize of job (KB)
...
040 (3295621.006.000) 01/10 15:33:16 Started transferring output files
...
040 (3295621.006.000) 01/10 15:33:16 Finished transferring output files
...
005 (3295621.006.000) 01/10 15:33:16 Job terminated.
	(1) Normal termination (return value 0)
		Usr 0 00:00:03, Sys 0 00:00:02  -  Run Remote Usage
		Usr 0 00:00:00, Sys 0 00:00:00  -  Run Local Usage
		Usr 0 00:00:03, Sys 0 00:00:02  -  Total Remote Usage
		Usr 0 00:00:00, Sys 0 00:00:00  -  Total Local Usage
	3260  -  Run Bytes Sent By Job
	10523  -  Run Bytes Received By Job
	3260  -  Total Bytes Sent By Job
	10523  -  Total Bytes Received By Job
	Partitionable Resources :    Usage  Request Allocated 
	   Cpus                 :                 4         4 
	   Disk (KB)            :       30        1   1359443 
	   Memory (MB)          :      155     8000      8000 

	Job terminated of its own accord at 2022-01-10T14:33:16Z.
...
