000 (3338412.024.000) 01/19 18:49:41 Job submitted from host: <188.185.70.244:9618?addrs=188.185.70.244-9618+[2001-1458-d00-7--100-2ee]-9618&alias=bigbird10.cern.ch&noUDP&sock=schedd_7001_aea1>
...
040 (3338412.024.000) 01/19 18:58:21 Started transferring input files
	Transferring to host: <128.142.63.83:9618?addrs=128.142.63.83-9618&alias=b7s08p6373.cern.ch&noUDP&sock=slot1_8_3602_af4c_38300>
...
040 (3338412.024.000) 01/19 18:58:21 Finished transferring input files
...
001 (3338412.024.000) 01/19 18:58:22 Job executing on host: <128.142.63.83:9618?addrs=128.142.63.83-9618&alias=b7s08p6373.cern.ch&noUDP&sock=startd_2589_6ac9>
...
006 (3338412.024.000) 01/19 18:58:30 Image size of job updated: 1716960
	267  -  MemoryUsage of job (MB)
	272808  -  ResidentSetSize of job (KB)
...
006 (3338412.024.000) 01/19 19:03:09 Image size of job updated: 2108100
	267  -  MemoryUsage of job (MB)
	272808  -  ResidentSetSize of job (KB)
...
040 (3338412.024.000) 01/19 19:03:09 Started transferring output files
...
040 (3338412.024.000) 01/19 19:03:09 Finished transferring output files
...
004 (3338412.024.000) 01/19 19:03:09 Job was evicted.
	(0) CPU times
		Usr 0 00:02:18, Sys 0 00:00:05  -  Run Remote Usage
		Usr 0 00:00:00, Sys 0 00:00:00  -  Run Local Usage
	0  -  Run Bytes Sent By Job
	11205  -  Run Bytes Received By Job
	Partitionable Resources :    Usage  Request Allocated 
	   Cpus                 :                 4         4 
	   Disk (KB)            :       27        1   1255297 
	   Memory (MB)          :      267     8000      8000 
...
009 (3338412.024.000) 01/19 19:03:09 Job was aborted.
	via condor_rm (by user vdamante)
...
