000 (3319730.024.000) 01/17 11:19:48 Job submitted from host: <188.185.70.244:9618?addrs=188.185.70.244-9618+[2001-1458-d00-7--100-2ee]-9618&alias=bigbird10.cern.ch&noUDP&sock=schedd_7001_aea1>
...
040 (3319730.024.000) 01/17 11:27:29 Entered queue to transfer input files
	Transferring to host: <128.142.61.52:9618?addrs=128.142.61.52-9618+[2001-1458-301-23--100-33]-9618&alias=b7s06p8124.cern.ch&noUDP&sock=slot1_4_6119_2392_33151>
...
040 (3319730.024.000) 01/17 11:28:22 Started transferring input files
	Seconds spent in queue: 53
...
040 (3319730.024.000) 01/17 11:28:22 Finished transferring input files
...
001 (3319730.024.000) 01/17 11:28:23 Job executing on host: <128.142.61.52:9618?addrs=128.142.61.52-9618+[2001-1458-301-23--100-33]-9618&alias=b7s06p8124.cern.ch&noUDP&sock=startd_6071_c78e>
...
006 (3319730.024.000) 01/17 11:28:31 Image size of job updated: 1269548
	193  -  MemoryUsage of job (MB)
	197240  -  ResidentSetSize of job (KB)
...
006 (3319730.024.000) 01/17 11:33:31 Image size of job updated: 2268464
	593  -  MemoryUsage of job (MB)
	606612  -  ResidentSetSize of job (KB)
...
006 (3319730.024.000) 01/17 11:38:32 Image size of job updated: 2361096
	873  -  MemoryUsage of job (MB)
	893696  -  ResidentSetSize of job (KB)
...
006 (3319730.024.000) 01/17 11:43:33 Image size of job updated: 2800496
	1114  -  MemoryUsage of job (MB)
	1139756  -  ResidentSetSize of job (KB)
...
006 (3319730.024.000) 01/17 11:48:33 Image size of job updated: 2904468
	1368  -  MemoryUsage of job (MB)
	1400420  -  ResidentSetSize of job (KB)
...
006 (3319730.024.000) 01/17 11:53:33 Image size of job updated: 3222588
	1629  -  MemoryUsage of job (MB)
	1667444  -  ResidentSetSize of job (KB)
...
006 (3319730.024.000) 01/17 11:58:35 Image size of job updated: 3222588
	1631  -  MemoryUsage of job (MB)
	1669376  -  ResidentSetSize of job (KB)
...
006 (3319730.024.000) 01/17 12:03:35 Image size of job updated: 3769852
	1910  -  MemoryUsage of job (MB)
	1955812  -  ResidentSetSize of job (KB)
...
006 (3319730.024.000) 01/17 12:08:35 Image size of job updated: 4083108
	2378  -  MemoryUsage of job (MB)
	2434252  -  ResidentSetSize of job (KB)
...
006 (3319730.024.000) 01/17 12:13:36 Image size of job updated: 4112672
	2599  -  MemoryUsage of job (MB)
	2661064  -  ResidentSetSize of job (KB)
...
006 (3319730.024.000) 01/17 12:18:37 Image size of job updated: 4896180
	2942  -  MemoryUsage of job (MB)
	3012180  -  ResidentSetSize of job (KB)
...
006 (3319730.024.000) 01/17 12:23:37 Image size of job updated: 4896180
	2942  -  MemoryUsage of job (MB)
	3012184  -  ResidentSetSize of job (KB)
...
040 (3319730.024.000) 01/17 12:25:11 Started transferring output files
	Seconds spent in queue: 3462
...
040 (3319730.024.000) 01/17 12:25:11 Finished transferring output files
...
005 (3319730.024.000) 01/17 12:25:11 Job terminated.
	(1) Normal termination (return value 0)
		Usr 0 00:14:44, Sys 0 00:00:38  -  Run Remote Usage
		Usr 0 00:00:00, Sys 0 00:00:00  -  Run Local Usage
		Usr 0 00:14:44, Sys 0 00:00:38  -  Total Remote Usage
		Usr 0 00:00:00, Sys 0 00:00:00  -  Total Local Usage
	1176  -  Run Bytes Sent By Job
	10522  -  Run Bytes Received By Job
	1176  -  Total Bytes Sent By Job
	10522  -  Total Bytes Received By Job
	Partitionable Resources :    Usage  Request Allocated 
	   Cpus                 :     0.07        4         4 
	   Disk (KB)            :    35           1   1377416 
	   Memory (MB)          :  2942        8000      8000 

	Job terminated of its own accord at 2022-01-17T11:25:11Z.
...
