000 (3315585.013.000) 01/12 17:11:14 Job submitted from host: <188.185.70.244:9618?addrs=188.185.70.244-9618+[2001-1458-d00-7--100-2ee]-9618&alias=bigbird10.cern.ch&noUDP&sock=schedd_7001_aea1>
...
040 (3315585.013.000) 01/12 21:50:46 Started transferring input files
	Transferring to host: <128.142.61.13:9618?addrs=128.142.61.13-9618&alias=b7s06p9290.cern.ch&noUDP&sock=slot1_7_3570_234a_11023>
...
040 (3315585.013.000) 01/12 21:50:46 Finished transferring input files
...
001 (3315585.013.000) 01/12 21:50:47 Job executing on host: <128.142.61.13:9618?addrs=128.142.61.13-9618&alias=b7s06p9290.cern.ch&noUDP&sock=startd_3522_60a5>
...
006 (3315585.013.000) 01/12 21:50:56 Image size of job updated: 101864
	63  -  MemoryUsage of job (MB)
	64080  -  ResidentSetSize of job (KB)
...
006 (3315585.013.000) 01/12 21:55:57 Image size of job updated: 2505600
	997  -  MemoryUsage of job (MB)
	1020200  -  ResidentSetSize of job (KB)
...
006 (3315585.013.000) 01/12 22:00:57 Image size of job updated: 2521984
	1013  -  MemoryUsage of job (MB)
	1036584  -  ResidentSetSize of job (KB)
...
006 (3315585.013.000) 01/12 22:05:57 Image size of job updated: 2759896
	1013  -  MemoryUsage of job (MB)
	1036584  -  ResidentSetSize of job (KB)
...
040 (3315585.013.000) 01/12 22:18:43 Started transferring output files
...
040 (3315585.013.000) 01/12 22:18:44 Finished transferring output files
...
005 (3315585.013.000) 01/12 22:18:44 Job terminated.
	(1) Normal termination (return value 0)
		Usr 0 00:11:47, Sys 0 00:00:05  -  Run Remote Usage
		Usr 0 00:00:00, Sys 0 00:00:00  -  Run Local Usage
		Usr 0 00:11:47, Sys 0 00:00:05  -  Total Remote Usage
		Usr 0 00:00:00, Sys 0 00:00:00  -  Total Local Usage
	16964264  -  Run Bytes Sent By Job
	10522  -  Run Bytes Received By Job
	16964264  -  Total Bytes Sent By Job
	10522  -  Total Bytes Received By Job
	Partitionable Resources :    Usage  Request Allocated 
	   Cpus                 :     0.11        4         4 
	   Disk (KB)            : 16598           1    404348 
	   Memory (MB)          :  1013        8000      8000 

	Job terminated of its own accord at 2022-01-12T21:18:42Z.
...
