000 (3293911.000.000) 01/10 14:20:58 Job submitted from host: <188.185.70.244:9618?addrs=188.185.70.244-9618+[2001-1458-d00-7--100-2ee]-9618&alias=bigbird10.cern.ch&noUDP&sock=schedd_7001_aea1>
...
040 (3293911.000.000) 01/10 14:22:27 Started transferring input files
	Transferring to host: <188.184.165.194:9618?addrs=188.184.165.194-9618&alias=b7s14p4436.cern.ch&noUDP&sock=slot1_39_4460_392e_24716>
...
040 (3293911.000.000) 01/10 14:22:27 Finished transferring input files
...
001 (3293911.000.000) 01/10 14:22:28 Job executing on host: <188.184.165.194:9618?addrs=188.184.165.194-9618&alias=b7s14p4436.cern.ch&noUDP&sock=startd_4230_01b3>
...
006 (3293911.000.000) 01/10 14:22:37 Image size of job updated: 792700
	155  -  MemoryUsage of job (MB)
	157768  -  ResidentSetSize of job (KB)
...
006 (3293911.000.000) 01/10 14:26:39 Image size of job updated: 1729656
	155  -  MemoryUsage of job (MB)
	157768  -  ResidentSetSize of job (KB)
...
040 (3293911.000.000) 01/10 14:26:39 Started transferring output files
...
040 (3293911.000.000) 01/10 14:26:39 Finished transferring output files
...
005 (3293911.000.000) 01/10 14:26:39 Job terminated.
	(1) Normal termination (return value 0)
		Usr 0 00:00:35, Sys 0 00:00:03  -  Run Remote Usage
		Usr 0 00:00:00, Sys 0 00:00:00  -  Run Local Usage
		Usr 0 00:00:35, Sys 0 00:00:03  -  Total Remote Usage
		Usr 0 00:00:00, Sys 0 00:00:00  -  Total Local Usage
	3077  -  Run Bytes Sent By Job
	10525  -  Run Bytes Received By Job
	3077  -  Total Bytes Sent By Job
	10525  -  Total Bytes Received By Job
	Partitionable Resources :    Usage  Request Allocated 
	   Cpus                 :     0.13        4         4 
	   Disk (KB)            :    36           1   2995172 
	   Memory (MB)          :   155        8000      8000 

	Job terminated of its own accord at 2022-01-10T13:26:39Z.
...
