000 (3319730.001.000) 01/17 11:19:48 Job submitted from host: <188.185.70.244:9618?addrs=188.185.70.244-9618+[2001-1458-d00-7--100-2ee]-9618&alias=bigbird10.cern.ch&noUDP&sock=schedd_7001_aea1>
...
040 (3319730.001.000) 01/17 11:27:21 Entered queue to transfer input files
	Transferring to host: <188.184.163.155:9618?addrs=188.184.163.155-9618+[2001-1458-301-4d--100-95]-9618&alias=b7s12p4495.cern.ch&noUDP&sock=slot1_31_3907_95b8_31663>
...
040 (3319730.001.000) 01/17 11:28:22 Started transferring input files
	Seconds spent in queue: 61
...
040 (3319730.001.000) 01/17 11:28:22 Finished transferring input files
...
001 (3319730.001.000) 01/17 11:28:23 Job executing on host: <188.184.163.155:9618?addrs=188.184.163.155-9618+[2001-1458-301-4d--100-95]-9618&alias=b7s12p4495.cern.ch&noUDP&sock=startd_3346_a7fa>
...
006 (3319730.001.000) 01/17 11:28:31 Image size of job updated: 426892
	51  -  MemoryUsage of job (MB)
	51572  -  ResidentSetSize of job (KB)
...
006 (3319730.001.000) 01/17 11:33:31 Image size of job updated: 2248928
	591  -  MemoryUsage of job (MB)
	604276  -  ResidentSetSize of job (KB)
...
006 (3319730.001.000) 01/17 11:43:32 Image size of job updated: 2248928
	591  -  MemoryUsage of job (MB)
	604360  -  ResidentSetSize of job (KB)
...
006 (3319730.001.000) 01/17 11:48:32 Image size of job updated: 2248928
	591  -  MemoryUsage of job (MB)
	604372  -  ResidentSetSize of job (KB)
...
006 (3319730.001.000) 01/17 11:53:32 Image size of job updated: 2562100
	879  -  MemoryUsage of job (MB)
	899364  -  ResidentSetSize of job (KB)
...
006 (3319730.001.000) 01/17 12:08:33 Image size of job updated: 2863468
	1134  -  MemoryUsage of job (MB)
	1160720  -  ResidentSetSize of job (KB)
...
006 (3319730.001.000) 01/17 12:23:35 Image size of job updated: 2863468
	1134  -  MemoryUsage of job (MB)
	1160980  -  ResidentSetSize of job (KB)
...
006 (3319730.001.000) 01/17 12:28:36 Image size of job updated: 3158636
	1384  -  MemoryUsage of job (MB)
	1417092  -  ResidentSetSize of job (KB)
...
006 (3319730.001.000) 01/17 12:43:37 Image size of job updated: 3482972
	1668  -  MemoryUsage of job (MB)
	1707748  -  ResidentSetSize of job (KB)
...
006 (3319730.001.000) 01/17 12:53:38 Image size of job updated: 3482972
	1668  -  MemoryUsage of job (MB)
	1707752  -  ResidentSetSize of job (KB)
...
006 (3319730.001.000) 01/17 12:58:38 Image size of job updated: 3798576
	1919  -  MemoryUsage of job (MB)
	1964980  -  ResidentSetSize of job (KB)
...
006 (3319730.001.000) 01/17 13:13:40 Image size of job updated: 4115148
	2581  -  MemoryUsage of job (MB)
	2642496  -  ResidentSetSize of job (KB)
...
006 (3319730.001.000) 01/17 13:28:42 Image size of job updated: 4115148
	2737  -  MemoryUsage of job (MB)
	2802052  -  ResidentSetSize of job (KB)
...
006 (3319730.001.000) 01/17 13:33:43 Image size of job updated: 4334304
	2737  -  MemoryUsage of job (MB)
	2802052  -  ResidentSetSize of job (KB)
...
006 (3319730.001.000) 01/17 13:43:44 Image size of job updated: 5110284
	3241  -  MemoryUsage of job (MB)
	3318392  -  ResidentSetSize of job (KB)
...
040 (3319730.001.000) 01/17 13:57:18 Started transferring output files
	Seconds spent in queue: 8997
...
040 (3319730.001.000) 01/17 13:57:18 Finished transferring output files
...
005 (3319730.001.000) 01/17 13:57:18 Job terminated.
	(1) Normal termination (return value 0)
		Usr 0 00:47:08, Sys 0 00:01:02  -  Run Remote Usage
		Usr 0 00:00:00, Sys 0 00:00:00  -  Run Local Usage
		Usr 0 00:47:08, Sys 0 00:01:02  -  Total Remote Usage
		Usr 0 00:00:00, Sys 0 00:00:00  -  Total Local Usage
	1173  -  Run Bytes Sent By Job
	10522  -  Run Bytes Received By Job
	1173  -  Total Bytes Sent By Job
	10522  -  Total Bytes Received By Job
	Partitionable Resources :    Usage  Request Allocated 
	   Cpus                 :     0.08        4         4 
	   Disk (KB)            :    35           1   2925735 
	   Memory (MB)          :  3241        8000      8000 

	Job terminated of its own accord at 2022-01-17T12:57:18Z.
...
