000 (3314885.004.000) 01/12 10:53:32 Job submitted from host: <188.185.70.244:9618?addrs=188.185.70.244-9618+[2001-1458-d00-7--100-2ee]-9618&alias=bigbird10.cern.ch&noUDP&sock=schedd_7001_aea1>
...
040 (3314885.004.000) 01/12 10:54:34 Started transferring input files
	Transferring to host: <188.184.160.75:9618?addrs=188.184.160.75-9618+[2001-1458-301-48--100-45]-9618&alias=b7s09p5072.cern.ch&noUDP&sock=slot1_6_3246_d9bd_26762>
...
040 (3314885.004.000) 01/12 10:54:34 Finished transferring input files
...
001 (3314885.004.000) 01/12 10:54:35 Job executing on host: <188.184.160.75:9618?addrs=188.184.160.75-9618+[2001-1458-301-48--100-45]-9618&alias=b7s09p5072.cern.ch&noUDP&sock=startd_3018_acea>
...
006 (3314885.004.000) 01/12 10:54:44 Image size of job updated: 1275108
	155  -  MemoryUsage of job (MB)
	157832  -  ResidentSetSize of job (KB)
...
040 (3314885.004.000) 01/12 10:54:52 Started transferring output files
...
040 (3314885.004.000) 01/12 10:54:52 Finished transferring output files
...
005 (3314885.004.000) 01/12 10:54:52 Job terminated.
	(1) Normal termination (return value 1)
		Usr 0 00:00:05, Sys 0 00:00:02  -  Run Remote Usage
		Usr 0 00:00:00, Sys 0 00:00:00  -  Run Local Usage
		Usr 0 00:00:05, Sys 0 00:00:02  -  Total Remote Usage
		Usr 0 00:00:00, Sys 0 00:00:00  -  Total Local Usage
	6142  -  Run Bytes Sent By Job
	10531  -  Run Bytes Received By Job
	6142  -  Total Bytes Sent By Job
	10531  -  Total Bytes Received By Job
	Partitionable Resources :    Usage  Request Allocated 
	   Cpus                 :                 4         4 
	   Disk (KB)            :       33        1   1299230 
	   Memory (MB)          :      155     8000      8000 

	Job terminated of its own accord at 2022-01-12T09:54:51Z.
...
