000 (3314885.006.000) 01/12 10:53:32 Job submitted from host: <188.185.70.244:9618?addrs=188.185.70.244-9618+[2001-1458-d00-7--100-2ee]-9618&alias=bigbird10.cern.ch&noUDP&sock=schedd_7001_aea1>
...
040 (3314885.006.000) 01/12 10:54:35 Started transferring input files
	Transferring to host: <188.184.163.170:9618?addrs=188.184.163.170-9618+[2001-1458-301-4d--100-a4]-9618&alias=b7s12p9103.cern.ch&noUDP&sock=slot1_3_3582_97cb_25302>
...
040 (3314885.006.000) 01/12 10:54:35 Finished transferring input files
...
001 (3314885.006.000) 01/12 10:54:36 Job executing on host: <188.184.163.170:9618?addrs=188.184.163.170-9618+[2001-1458-301-4d--100-a4]-9618&alias=b7s12p9103.cern.ch&noUDP&sock=startd_2966_01fd>
...
006 (3314885.006.000) 01/12 10:54:45 Image size of job updated: 565848
	197  -  MemoryUsage of job (MB)
	201296  -  ResidentSetSize of job (KB)
...
006 (3314885.006.000) 01/12 10:54:46 Image size of job updated: 565848
	197  -  MemoryUsage of job (MB)
	201324  -  ResidentSetSize of job (KB)
...
040 (3314885.006.000) 01/12 10:54:46 Started transferring output files
...
040 (3314885.006.000) 01/12 10:54:46 Finished transferring output files
...
005 (3314885.006.000) 01/12 10:54:47 Job terminated.
	(1) Normal termination (return value 1)
		Usr 0 00:00:05, Sys 0 00:00:02  -  Run Remote Usage
		Usr 0 00:00:00, Sys 0 00:00:00  -  Run Local Usage
		Usr 0 00:00:05, Sys 0 00:00:02  -  Total Remote Usage
		Usr 0 00:00:00, Sys 0 00:00:00  -  Total Local Usage
	3911  -  Run Bytes Sent By Job
	10531  -  Run Bytes Received By Job
	3911  -  Total Bytes Sent By Job
	10531  -  Total Bytes Received By Job
	Partitionable Resources :    Usage  Request Allocated 
	   Cpus                 :                 4         4 
	   Disk (KB)            :       30        1   3041293 
	   Memory (MB)          :      197     8000      8000 

	Job terminated of its own accord at 2022-01-12T09:54:46Z.
...
