000 (3293911.020.000) 01/10 14:20:58 Job submitted from host: <188.185.70.244:9618?addrs=188.185.70.244-9618+[2001-1458-d00-7--100-2ee]-9618&alias=bigbird10.cern.ch&noUDP&sock=schedd_7001_aea1>
...
040 (3293911.020.000) 01/10 14:25:42 Started transferring input files
	Transferring to host: <128.142.61.57:9618?addrs=128.142.61.57-9618&alias=b7s06p9082.cern.ch&noUDP&sock=slot1_14_3173_6a5a_750>
...
040 (3293911.020.000) 01/10 14:25:42 Finished transferring input files
...
001 (3293911.020.000) 01/10 14:25:43 Job executing on host: <128.142.61.57:9618?addrs=128.142.61.57-9618&alias=b7s06p9082.cern.ch&noUDP&sock=startd_2541_7e3d>
...
006 (3293911.020.000) 01/10 14:25:51 Image size of job updated: 1707600
	257  -  MemoryUsage of job (MB)
	263140  -  ResidentSetSize of job (KB)
...
006 (3293911.020.000) 01/10 14:27:07 Image size of job updated: 1746680
	257  -  MemoryUsage of job (MB)
	263140  -  ResidentSetSize of job (KB)
...
040 (3293911.020.000) 01/10 14:27:07 Started transferring output files
...
040 (3293911.020.000) 01/10 14:27:07 Finished transferring output files
...
005 (3293911.020.000) 01/10 14:27:07 Job terminated.
	(1) Normal termination (return value 0)
		Usr 0 00:00:11, Sys 0 00:00:02  -  Run Remote Usage
		Usr 0 00:00:00, Sys 0 00:00:00  -  Run Local Usage
		Usr 0 00:00:11, Sys 0 00:00:02  -  Total Remote Usage
		Usr 0 00:00:00, Sys 0 00:00:00  -  Total Local Usage
	3580  -  Run Bytes Sent By Job
	10525  -  Run Bytes Received By Job
	3580  -  Total Bytes Sent By Job
	10525  -  Total Bytes Received By Job
	Partitionable Resources :    Usage  Request Allocated 
	   Cpus                 :                 4         4 
	   Disk (KB)            :       30        1   1371823 
	   Memory (MB)          :      257     8000      8000 

	Job terminated of its own accord at 2022-01-10T13:27:07Z.
...
