000 (3318010.000.000) 01/14 12:27:54 Job submitted from host: <188.185.70.244:9618?addrs=188.185.70.244-9618+[2001-1458-d00-7--100-2ee]-9618&alias=bigbird10.cern.ch&noUDP&sock=schedd_7001_aea1>
...
040 (3318010.000.000) 01/14 17:24:26 Started transferring input files
	Transferring to host: <128.142.61.47:9618?addrs=128.142.61.47-9618+[2001-1458-301-23--100-2e]-9618&alias=b7s06p0935.cern.ch&noUDP&sock=slot1_9_4964_5643_28377>
...
040 (3318010.000.000) 01/14 17:24:26 Finished transferring input files
...
001 (3318010.000.000) 01/14 17:24:27 Job executing on host: <128.142.61.47:9618?addrs=128.142.61.47-9618+[2001-1458-301-23--100-2e]-9618&alias=b7s06p0935.cern.ch&noUDP&sock=startd_4608_487f>
...
006 (3318010.000.000) 01/14 17:24:36 Image size of job updated: 475508
	155  -  MemoryUsage of job (MB)
	157832  -  ResidentSetSize of job (KB)
...
006 (3318010.000.000) 01/14 17:26:41 Image size of job updated: 1738668
	155  -  MemoryUsage of job (MB)
	157832  -  ResidentSetSize of job (KB)
...
040 (3318010.000.000) 01/14 17:26:41 Started transferring output files
...
040 (3318010.000.000) 01/14 17:26:41 Finished transferring output files
...
005 (3318010.000.000) 01/14 17:26:41 Job terminated.
	(1) Normal termination (return value 1)
		Usr 0 00:00:18, Sys 0 00:00:03  -  Run Remote Usage
		Usr 0 00:00:00, Sys 0 00:00:00  -  Run Local Usage
		Usr 0 00:00:18, Sys 0 00:00:03  -  Total Remote Usage
		Usr 0 00:00:00, Sys 0 00:00:00  -  Total Local Usage
	7667  -  Run Bytes Sent By Job
	10522  -  Run Bytes Received By Job
	7667  -  Total Bytes Sent By Job
	10522  -  Total Bytes Received By Job
	Partitionable Resources :    Usage  Request Allocated 
	   Cpus                 :                 4         4 
	   Disk (KB)            :       31        1   1283803 
	   Memory (MB)          :      155     8000      8000 

	Job terminated of its own accord at 2022-01-14T16:26:41Z.
...
000 (3339234.000.000) 01/20 08:13:32 Job submitted from host: <188.185.70.244:9618?addrs=188.185.70.244-9618+[2001-1458-d00-7--100-2ee]-9618&alias=bigbird10.cern.ch&noUDP&sock=schedd_7001_aea1>
...
022 (3339234.000.000) 01/20 08:24:44 Job disconnected, attempting to reconnect
    Socket between submit and execute hosts closed unexpectedly
    Trying to reconnect to slot1_24@b7s03p6706.cern.ch <128.142.58.28:9618?addrs=128.142.58.28-9618+[2001-1458-301-16--100-1b]-9618&alias=b7s03p6706.cern.ch&noUDP&sock=startd_2831_68b4>
...
024 (3339234.000.000) 01/20 08:24:44 Job reconnection failed
    Job not found at execution machine
    Can not reconnect to slot1_24@b7s03p6706.cern.ch, rescheduling job
...
022 (3339234.000.000) 01/20 08:26:19 Job disconnected, attempting to reconnect
    Socket between submit and execute hosts closed unexpectedly
    Trying to reconnect to slot1_42@b7s12p8376.cern.ch <188.184.163.129:9618?addrs=188.184.163.129-9618+[2001-1458-301-4d--100-7b]-9618&alias=b7s12p8376.cern.ch&noUDP&sock=startd_2937_1dbe>
...
024 (3339234.000.000) 01/20 08:26:19 Job reconnection failed
    Job not found at execution machine
    Can not reconnect to slot1_42@b7s12p8376.cern.ch, rescheduling job
...
040 (3339234.000.000) 01/20 09:17:24 Started transferring input files
	Transferring to host: <128.142.57.62:9618?addrs=128.142.57.62-9618+[2001-1458-301-7--100-3d]-9618&alias=b7s02p1697.cern.ch&noUDP&sock=slot1_30_3606_80cc_35377>
...
040 (3339234.000.000) 01/20 09:17:24 Finished transferring input files
...
001 (3339234.000.000) 01/20 09:17:25 Job executing on host: <128.142.57.62:9618?addrs=128.142.57.62-9618+[2001-1458-301-7--100-3d]-9618&alias=b7s02p1697.cern.ch&noUDP&sock=startd_2949_58e1>
...
006 (3339234.000.000) 01/20 09:17:34 Image size of job updated: 459968
	155  -  MemoryUsage of job (MB)
	157840  -  ResidentSetSize of job (KB)
...
006 (3339234.000.000) 01/20 09:22:35 Image size of job updated: 2151476
	588  -  MemoryUsage of job (MB)
	601156  -  ResidentSetSize of job (KB)
...
006 (3339234.000.000) 01/20 11:22:47 Image size of job updated: 2567016
	874  -  MemoryUsage of job (MB)
	894800  -  ResidentSetSize of job (KB)
...
006 (3339234.000.000) 01/20 12:22:53 Image size of job updated: 2567016
	875  -  MemoryUsage of job (MB)
	895784  -  ResidentSetSize of job (KB)
...
006 (3339234.000.000) 01/20 12:27:53 Image size of job updated: 2897964
	1149  -  MemoryUsage of job (MB)
	1175632  -  ResidentSetSize of job (KB)
...
006 (3339234.000.000) 01/20 12:32:54 Image size of job updated: 2897964
	1149  -  MemoryUsage of job (MB)
	1175636  -  ResidentSetSize of job (KB)
...
006 (3339234.000.000) 01/20 12:52:56 Image size of job updated: 3182948
	1865  -  MemoryUsage of job (MB)
	1909292  -  ResidentSetSize of job (KB)
...
006 (3339234.000.000) 01/20 12:57:57 Image size of job updated: 3402228
	1865  -  MemoryUsage of job (MB)
	1909292  -  ResidentSetSize of job (KB)
...
006 (3339234.000.000) 01/20 13:22:59 Image size of job updated: 3859992
	1969  -  MemoryUsage of job (MB)
	2015756  -  ResidentSetSize of job (KB)
...
006 (3339234.000.000) 01/20 13:33:01 Image size of job updated: 4304268
	2380  -  MemoryUsage of job (MB)
	2436704  -  ResidentSetSize of job (KB)
...
006 (3339234.000.000) 01/20 13:43:01 Image size of job updated: 4846192
	3072  -  MemoryUsage of job (MB)
	3145104  -  ResidentSetSize of job (KB)
...
006 (3339234.000.000) 01/20 13:48:02 Image size of job updated: 4846192
	3072  -  MemoryUsage of job (MB)
	3145108  -  ResidentSetSize of job (KB)
...
006 (3339234.000.000) 01/20 14:38:06 Image size of job updated: 5529892
	3394  -  MemoryUsage of job (MB)
	3475024  -  ResidentSetSize of job (KB)
...
006 (3339234.000.000) 01/20 14:53:07 Image size of job updated: 6173344
	3855  -  MemoryUsage of job (MB)
	3947284  -  ResidentSetSize of job (KB)
...
006 (3339234.000.000) 01/20 14:58:08 Image size of job updated: 6173344
	3855  -  MemoryUsage of job (MB)
	3947288  -  ResidentSetSize of job (KB)
...
040 (3339234.000.000) 01/20 15:16:05 Started transferring output files
...
040 (3339234.000.000) 01/20 15:16:05 Finished transferring output files
...
005 (3339234.000.000) 01/20 15:16:05 Job terminated.
	(1) Normal termination (return value 0)
		Usr 0 00:30:29, Sys 0 00:00:59  -  Run Remote Usage
		Usr 0 00:00:00, Sys 0 00:00:00  -  Run Local Usage
		Usr 0 00:30:29, Sys 0 00:00:59  -  Total Remote Usage
		Usr 0 00:00:00, Sys 0 00:00:00  -  Total Local Usage
	9675  -  Run Bytes Sent By Job
	11205  -  Run Bytes Received By Job
	9675  -  Total Bytes Sent By Job
	11205  -  Total Bytes Received By Job
	Partitionable Resources :    Usage  Request Allocated 
	   Cpus                 :     0.05        4         4 
	   Disk (KB)            :    42           1   1213952 
	   Memory (MB)          :  3855        8000      8000 

	Job terminated of its own accord at 2022-01-20T14:16:05Z.
...
