000 (3317999.000.000) 01/14 12:27:46 Job submitted from host: <188.185.70.244:9618?addrs=188.185.70.244-9618+[2001-1458-d00-7--100-2ee]-9618&alias=bigbird10.cern.ch&noUDP&sock=schedd_7001_aea1>
...
040 (3317999.000.000) 01/14 16:23:49 Started transferring input files
	Transferring to host: <188.184.164.143:9618?addrs=188.184.164.143-9618&alias=b7s13p3666.cern.ch&noUDP&sock=slot1_8_3536_2e89_28392>
...
040 (3317999.000.000) 01/14 16:23:49 Finished transferring input files
...
001 (3317999.000.000) 01/14 16:23:50 Job executing on host: <188.184.164.143:9618?addrs=188.184.164.143-9618&alias=b7s13p3666.cern.ch&noUDP&sock=startd_2888_819a>
...
006 (3317999.000.000) 01/14 16:23:59 Image size of job updated: 443976
	63  -  MemoryUsage of job (MB)
	63904  -  ResidentSetSize of job (KB)
...
006 (3317999.000.000) 01/14 16:24:13 Image size of job updated: 1313344
	63  -  MemoryUsage of job (MB)
	63904  -  ResidentSetSize of job (KB)
...
040 (3317999.000.000) 01/14 16:24:14 Started transferring output files
...
040 (3317999.000.000) 01/14 16:24:14 Finished transferring output files
...
005 (3317999.000.000) 01/14 16:24:14 Job terminated.
	(1) Normal termination (return value 1)
		Usr 0 00:00:06, Sys 0 00:00:02  -  Run Remote Usage
		Usr 0 00:00:00, Sys 0 00:00:00  -  Run Local Usage
		Usr 0 00:00:06, Sys 0 00:00:02  -  Total Remote Usage
		Usr 0 00:00:00, Sys 0 00:00:00  -  Total Local Usage
	1120  -  Run Bytes Sent By Job
	10522  -  Run Bytes Received By Job
	1120  -  Total Bytes Sent By Job
	10522  -  Total Bytes Received By Job
	Partitionable Resources :    Usage  Request Allocated 
	   Cpus                 :                 4         4 
	   Disk (KB)            :       28        1   3097539 
	   Memory (MB)          :       63     8000      8000 

	Job terminated of its own accord at 2022-01-14T15:24:13Z.
...
000 (3339238.000.000) 01/20 08:13:37 Job submitted from host: <188.185.70.244:9618?addrs=188.185.70.244-9618+[2001-1458-d00-7--100-2ee]-9618&alias=bigbird10.cern.ch&noUDP&sock=schedd_7001_aea1>
...
040 (3339238.000.000) 01/20 08:24:24 Started transferring input files
	Transferring to host: <128.142.58.45:9618?addrs=128.142.58.45-9618&alias=b7s03p3966.cern.ch&noUDP&sock=slot1_32_4229_7685_35348>
...
040 (3339238.000.000) 01/20 08:24:24 Finished transferring input files
...
001 (3339238.000.000) 01/20 08:24:25 Job executing on host: <128.142.58.45:9618?addrs=128.142.58.45-9618&alias=b7s03p3966.cern.ch&noUDP&sock=startd_3908_2434>
...
006 (3339238.000.000) 01/20 08:24:34 Image size of job updated: 269416
	184  -  MemoryUsage of job (MB)
	188112  -  ResidentSetSize of job (KB)
...
006 (3339238.000.000) 01/20 08:29:34 Image size of job updated: 2243876
	586  -  MemoryUsage of job (MB)
	599444  -  ResidentSetSize of job (KB)
...
006 (3339238.000.000) 01/20 12:19:59 Image size of job updated: 2556984
	874  -  MemoryUsage of job (MB)
	894284  -  ResidentSetSize of job (KB)
...
006 (3339238.000.000) 01/20 12:35:01 Image size of job updated: 2556984
	874  -  MemoryUsage of job (MB)
	894288  -  ResidentSetSize of job (KB)
...
006 (3339238.000.000) 01/20 12:55:03 Image size of job updated: 2693704
	1146  -  MemoryUsage of job (MB)
	1172604  -  ResidentSetSize of job (KB)
...
006 (3339238.000.000) 01/20 14:40:15 Image size of job updated: 3002968
	1428  -  MemoryUsage of job (MB)
	1462012  -  ResidentSetSize of job (KB)
...
006 (3339238.000.000) 01/20 14:50:16 Image size of job updated: 3002968
	1428  -  MemoryUsage of job (MB)
	1462016  -  ResidentSetSize of job (KB)
...
006 (3339238.000.000) 01/20 14:55:17 Image size of job updated: 3600664
	1700  -  MemoryUsage of job (MB)
	1739808  -  ResidentSetSize of job (KB)
...
006 (3339238.000.000) 01/20 15:00:17 Image size of job updated: 3600664
	1700  -  MemoryUsage of job (MB)
	1739812  -  ResidentSetSize of job (KB)
...
006 (3339238.000.000) 01/20 15:35:21 Image size of job updated: 4053928
	2138  -  MemoryUsage of job (MB)
	2188808  -  ResidentSetSize of job (KB)
...
006 (3339238.000.000) 01/20 16:25:27 Image size of job updated: 4053928
	2142  -  MemoryUsage of job (MB)
	2193212  -  ResidentSetSize of job (KB)
...
006 (3339238.000.000) 01/20 16:30:27 Image size of job updated: 4488052
	2571  -  MemoryUsage of job (MB)
	2632268  -  ResidentSetSize of job (KB)
...
006 (3339238.000.000) 01/20 16:50:29 Image size of job updated: 4671568
	3468  -  MemoryUsage of job (MB)
	3550308  -  ResidentSetSize of job (KB)
...
006 (3339238.000.000) 01/20 16:55:30 Image size of job updated: 5011220
	3468  -  MemoryUsage of job (MB)
	3550308  -  ResidentSetSize of job (KB)
...
006 (3339238.000.000) 01/20 17:30:33 Image size of job updated: 5795100
	3468  -  MemoryUsage of job (MB)
	3550308  -  ResidentSetSize of job (KB)
...
040 (3339238.000.000) 01/20 18:25:00 Started transferring output files
...
040 (3339238.000.000) 01/20 18:25:00 Finished transferring output files
...
009 (3339238.000.000) 01/20 18:25:00 Job was aborted.
	Job removed by SYSTEM_PERIODIC_REMOVE due to wall time exceeded allowed max.
...
000 (3342595.000.000) 01/20 18:47:38 Job submitted from host: <188.185.70.244:9618?addrs=188.185.70.244-9618+[2001-1458-d00-7--100-2ee]-9618&alias=bigbird10.cern.ch&noUDP&sock=schedd_7001_aea1>
...
