000 (3319730.005.000) 01/17 11:19:48 Job submitted from host: <188.185.70.244:9618?addrs=188.185.70.244-9618+[2001-1458-d00-7--100-2ee]-9618&alias=bigbird10.cern.ch&noUDP&sock=schedd_7001_aea1>
...
040 (3319730.005.000) 01/17 11:27:22 Entered queue to transfer input files
	Transferring to host: <188.185.105.97:9618?addrs=188.185.105.97-9618+[2001-1458-d00-3e--100-3b1]-9618&alias=b7g50s7883.cern.ch&noUDP&sock=slot1_4_3275_489e_61571>
...
040 (3319730.005.000) 01/17 11:28:22 Started transferring input files
	Seconds spent in queue: 60
...
040 (3319730.005.000) 01/17 11:28:22 Finished transferring input files
...
001 (3319730.005.000) 01/17 11:28:23 Job executing on host: <188.185.105.97:9618?addrs=188.185.105.97-9618+[2001-1458-d00-3e--100-3b1]-9618&alias=b7g50s7883.cern.ch&noUDP&sock=startd_2873_37ae>
...
006 (3319730.005.000) 01/17 11:28:31 Image size of job updated: 269268
	2  -  MemoryUsage of job (MB)
	1156  -  ResidentSetSize of job (KB)
...
006 (3319730.005.000) 01/17 11:33:31 Image size of job updated: 1731304
	272  -  MemoryUsage of job (MB)
	278140  -  ResidentSetSize of job (KB)
...
006 (3319730.005.000) 01/17 11:38:31 Image size of job updated: 1731304
	272  -  MemoryUsage of job (MB)
	278144  -  ResidentSetSize of job (KB)
...
006 (3319730.005.000) 01/17 12:33:37 Image size of job updated: 2143520
	589  -  MemoryUsage of job (MB)
	602744  -  ResidentSetSize of job (KB)
...
006 (3319730.005.000) 01/17 12:48:39 Image size of job updated: 2143520
	589  -  MemoryUsage of job (MB)
	602748  -  ResidentSetSize of job (KB)
...
006 (3319730.005.000) 01/17 12:53:39 Image size of job updated: 2553732
	872  -  MemoryUsage of job (MB)
	892708  -  ResidentSetSize of job (KB)
...
006 (3319730.005.000) 01/17 13:03:41 Image size of job updated: 2553732
	872  -  MemoryUsage of job (MB)
	892748  -  ResidentSetSize of job (KB)
...
006 (3319730.005.000) 01/17 13:08:41 Image size of job updated: 2553732
	872  -  MemoryUsage of job (MB)
	892756  -  ResidentSetSize of job (KB)
...
006 (3319730.005.000) 01/17 13:18:43 Image size of job updated: 2847456
	1192  -  MemoryUsage of job (MB)
	1220412  -  ResidentSetSize of job (KB)
...
006 (3319730.005.000) 01/17 13:28:43 Image size of job updated: 2847456
	1192  -  MemoryUsage of job (MB)
	1220416  -  ResidentSetSize of job (KB)
...
006 (3319730.005.000) 01/17 13:43:45 Image size of job updated: 3145040
	1394  -  MemoryUsage of job (MB)
	1427080  -  ResidentSetSize of job (KB)
...
006 (3319730.005.000) 01/17 14:08:47 Image size of job updated: 3601996
	1646  -  MemoryUsage of job (MB)
	1685008  -  ResidentSetSize of job (KB)
...
006 (3319730.005.000) 01/17 14:23:49 Image size of job updated: 3601996
	1646  -  MemoryUsage of job (MB)
	1685012  -  ResidentSetSize of job (KB)
...
006 (3319730.005.000) 01/17 14:43:51 Image size of job updated: 3772104
	1914  -  MemoryUsage of job (MB)
	1959624  -  ResidentSetSize of job (KB)
...
006 (3319730.005.000) 01/17 15:08:54 Image size of job updated: 3772104
	1916  -  MemoryUsage of job (MB)
	1960996  -  ResidentSetSize of job (KB)
...
006 (3319730.005.000) 01/17 15:13:54 Image size of job updated: 4085700
	2219  -  MemoryUsage of job (MB)
	2271352  -  ResidentSetSize of job (KB)
...
006 (3319730.005.000) 01/17 15:33:56 Image size of job updated: 4507288
	2945  -  MemoryUsage of job (MB)
	3015396  -  ResidentSetSize of job (KB)
...
006 (3319730.005.000) 01/17 15:58:59 Image size of job updated: 5002184
	2945  -  MemoryUsage of job (MB)
	3015396  -  ResidentSetSize of job (KB)
...
040 (3319730.005.000) 01/17 16:22:03 Entered queue to transfer output files
...
040 (3319730.005.000) 01/17 16:22:03 Started transferring output files
	Seconds spent in queue: 17681
...
040 (3319730.005.000) 01/17 16:22:03 Finished transferring output files
...
005 (3319730.005.000) 01/17 16:22:03 Job terminated.
	(1) Normal termination (return value 0)
		Usr 0 00:44:48, Sys 0 00:00:47  -  Run Remote Usage
		Usr 0 00:00:00, Sys 0 00:00:00  -  Run Local Usage
		Usr 0 00:44:48, Sys 0 00:00:47  -  Total Remote Usage
		Usr 0 00:00:00, Sys 0 00:00:00  -  Total Local Usage
	1173  -  Run Bytes Sent By Job
	10522  -  Run Bytes Received By Job
	1173  -  Total Bytes Sent By Job
	10522  -  Total Bytes Received By Job
	Partitionable Resources :    Usage  Request Allocated 
	   Cpus                 :     0.06        4         4 
	   Disk (KB)            :    35           1    583960 
	   Memory (MB)          :  2945        8000      8000 

	Job terminated of its own accord at 2022-01-17T15:21:58Z.
...
