000 (3316950.013.000) 01/13 10:23:49 Job submitted from host: <188.185.70.244:9618?addrs=188.185.70.244-9618+[2001-1458-d00-7--100-2ee]-9618&alias=bigbird10.cern.ch&noUDP&sock=schedd_7001_aea1>
...
040 (3316950.013.000) 01/13 10:29:21 Started transferring input files
	Transferring to host: <128.142.60.92:9618?addrs=128.142.60.92-9618&alias=b7s05p0346.cern.ch&noUDP&sock=slot1_7_3045_3a55_30446>
...
040 (3316950.013.000) 01/13 10:29:21 Finished transferring input files
...
001 (3316950.013.000) 01/13 10:29:22 Job executing on host: <128.142.60.92:9618?addrs=128.142.60.92-9618&alias=b7s05p0346.cern.ch&noUDP&sock=startd_2568_034c>
...
006 (3316950.013.000) 01/13 10:29:30 Image size of job updated: 319956
	155  -  MemoryUsage of job (MB)
	157844  -  ResidentSetSize of job (KB)
...
006 (3316950.013.000) 01/13 10:34:30 Image size of job updated: 2036340
	556  -  MemoryUsage of job (MB)
	568548  -  ResidentSetSize of job (KB)
...
006 (3316950.013.000) 01/13 10:44:32 Image size of job updated: 2132528
	657  -  MemoryUsage of job (MB)
	672600  -  ResidentSetSize of job (KB)
...
006 (3316950.013.000) 01/13 10:54:32 Image size of job updated: 2314500
	834  -  MemoryUsage of job (MB)
	853600  -  ResidentSetSize of job (KB)
...
006 (3316950.013.000) 01/13 11:04:34 Image size of job updated: 2700372
	1036  -  MemoryUsage of job (MB)
	1060044  -  ResidentSetSize of job (KB)
...
006 (3316950.013.000) 01/13 11:09:34 Image size of job updated: 2700372
	1050  -  MemoryUsage of job (MB)
	1074276  -  ResidentSetSize of job (KB)
...
006 (3316950.013.000) 01/13 11:14:35 Image size of job updated: 2796636
	1285  -  MemoryUsage of job (MB)
	1315324  -  ResidentSetSize of job (KB)
...
006 (3316950.013.000) 01/13 11:19:36 Image size of job updated: 3164156
	1597  -  MemoryUsage of job (MB)
	1635276  -  ResidentSetSize of job (KB)
...
006 (3316950.013.000) 01/13 11:34:38 Image size of job updated: 3164156
	1600  -  MemoryUsage of job (MB)
	1637984  -  ResidentSetSize of job (KB)
...
006 (3316950.013.000) 01/13 11:39:38 Image size of job updated: 3897340
	1992  -  MemoryUsage of job (MB)
	2039044  -  ResidentSetSize of job (KB)
...
006 (3316950.013.000) 01/13 11:44:38 Image size of job updated: 3897340
	1995  -  MemoryUsage of job (MB)
	2042048  -  ResidentSetSize of job (KB)
...
006 (3316950.013.000) 01/13 11:49:39 Image size of job updated: 4371388
	2450  -  MemoryUsage of job (MB)
	2508652  -  ResidentSetSize of job (KB)
...
006 (3316950.013.000) 01/13 11:54:40 Image size of job updated: 4371388
	2451  -  MemoryUsage of job (MB)
	2509716  -  ResidentSetSize of job (KB)
...
006 (3316950.013.000) 01/13 11:59:40 Image size of job updated: 4846880
	3107  -  MemoryUsage of job (MB)
	3180872  -  ResidentSetSize of job (KB)
...
040 (3316950.013.000) 01/13 12:04:17 Started transferring output files
...
040 (3316950.013.000) 01/13 12:04:17 Finished transferring output files
...
005 (3316950.013.000) 01/13 12:04:17 Job terminated.
	(1) Normal termination (return value 0)
		Usr 0 00:14:29, Sys 0 00:00:46  -  Run Remote Usage
		Usr 0 00:00:00, Sys 0 00:00:00  -  Run Local Usage
		Usr 0 00:14:29, Sys 0 00:00:46  -  Total Remote Usage
		Usr 0 00:00:00, Sys 0 00:00:00  -  Total Local Usage
	1750130  -  Run Bytes Sent By Job
	10530  -  Run Bytes Received By Job
	1750130  -  Total Bytes Sent By Job
	10530  -  Total Bytes Received By Job
	Partitionable Resources :    Usage  Request Allocated 
	   Cpus                 :     0.05        4         4 
	   Disk (KB)            :  1740           1   1249153 
	   Memory (MB)          :  3107        8000      8000 

	Job terminated of its own accord at 2022-01-13T11:04:17Z.
...
