000 (3314623.022.000) 01/11 10:41:33 Job submitted from host: <188.185.70.244:9618?addrs=188.185.70.244-9618+[2001-1458-d00-7--100-2ee]-9618&alias=bigbird10.cern.ch&noUDP&sock=schedd_7001_aea1>
...
040 (3314623.022.000) 01/11 11:36:18 Started transferring input files
	Transferring to host: <188.184.163.139:9618?addrs=188.184.163.139-9618+[2001-1458-301-4d--100-85]-9618&alias=b7s12p3916.cern.ch&noUDP&sock=slot1_5_4853_209e_24488>
...
040 (3314623.022.000) 01/11 11:36:18 Finished transferring input files
...
001 (3314623.022.000) 01/11 11:36:19 Job executing on host: <188.184.163.139:9618?addrs=188.184.163.139-9618+[2001-1458-301-4d--100-85]-9618&alias=b7s12p3916.cern.ch&noUDP&sock=startd_4660_f36c>
...
006 (3314623.022.000) 01/11 11:36:29 Image size of job updated: 97736
	57  -  MemoryUsage of job (MB)
	58328  -  ResidentSetSize of job (KB)
...
006 (3314623.022.000) 01/11 11:41:30 Image size of job updated: 1893524
	426  -  MemoryUsage of job (MB)
	436216  -  ResidentSetSize of job (KB)
...
006 (3314623.022.000) 01/11 11:51:30 Image size of job updated: 2008576
	540  -  MemoryUsage of job (MB)
	552936  -  ResidentSetSize of job (KB)
...
006 (3314623.022.000) 01/11 11:56:31 Image size of job updated: 2146412
	676  -  MemoryUsage of job (MB)
	692132  -  ResidentSetSize of job (KB)
...
006 (3314623.022.000) 01/11 12:06:31 Image size of job updated: 2315160
	842  -  MemoryUsage of job (MB)
	861200  -  ResidentSetSize of job (KB)
...
006 (3314623.022.000) 01/11 12:16:33 Image size of job updated: 2514828
	936  -  MemoryUsage of job (MB)
	958148  -  ResidentSetSize of job (KB)
...
006 (3314623.022.000) 01/11 12:21:33 Image size of job updated: 2733288
	1172  -  MemoryUsage of job (MB)
	1199340  -  ResidentSetSize of job (KB)
...
006 (3314623.022.000) 01/11 12:26:34 Image size of job updated: 3008588
	1359  -  MemoryUsage of job (MB)
	1391336  -  ResidentSetSize of job (KB)
...
006 (3314623.022.000) 01/11 12:31:35 Image size of job updated: 3353000
	1640  -  MemoryUsage of job (MB)
	1679184  -  ResidentSetSize of job (KB)
...
006 (3314623.022.000) 01/11 12:36:35 Image size of job updated: 3689368
	1912  -  MemoryUsage of job (MB)
	1957308  -  ResidentSetSize of job (KB)
...
006 (3314623.022.000) 01/11 12:39:51 Image size of job updated: 4043592
	1912  -  MemoryUsage of job (MB)
	1957308  -  ResidentSetSize of job (KB)
...
040 (3314623.022.000) 01/11 12:39:51 Started transferring output files
...
040 (3314623.022.000) 01/11 12:39:51 Finished transferring output files
...
005 (3314623.022.000) 01/11 12:39:51 Job terminated.
	(1) Normal termination (return value 0)
		Usr 0 00:17:19, Sys 0 00:00:22  -  Run Remote Usage
		Usr 0 00:00:00, Sys 0 00:00:00  -  Run Local Usage
		Usr 0 00:17:19, Sys 0 00:00:22  -  Total Remote Usage
		Usr 0 00:00:00, Sys 0 00:00:00  -  Total Local Usage
	144927  -  Run Bytes Sent By Job
	10523  -  Run Bytes Received By Job
	144927  -  Total Bytes Sent By Job
	10523  -  Total Bytes Received By Job
	Partitionable Resources :    Usage  Request Allocated 
	   Cpus                 :     1.00        4         4 
	   Disk (KB)            :   175           1   3021472 
	   Memory (MB)          :  1912        8000      8000 

	Job terminated of its own accord at 2022-01-11T11:39:51Z.
...
