000 (3277179.017.000) 12/25 12:35:49 Job submitted from host: <188.185.70.244:9618?addrs=188.185.70.244-9618+[2001-1458-d00-7--100-2ee]-9618&alias=bigbird10.cern.ch&noUDP&sock=schedd_2095_9300>
...
040 (3277179.017.000) 12/25 12:39:55 Started transferring input files
	Transferring to host: <128.142.60.14:9618?addrs=128.142.60.14-9618+[2001-1458-301-22--100-d]-9618&alias=b7s05p6203.cern.ch&noUDP&sock=slot1_20_3267_a59e_9647>
...
040 (3277179.017.000) 12/25 12:39:55 Finished transferring input files
...
001 (3277179.017.000) 12/25 12:39:56 Job executing on host: <128.142.60.14:9618?addrs=128.142.60.14-9618+[2001-1458-301-22--100-d]-9618&alias=b7s05p6203.cern.ch&noUDP&sock=startd_2838_35de>
...
006 (3277179.017.000) 12/25 12:40:04 Image size of job updated: 665852
	155  -  MemoryUsage of job (MB)
	157756  -  ResidentSetSize of job (KB)
...
006 (3277179.017.000) 12/25 12:40:33 Image size of job updated: 1288980
	155  -  MemoryUsage of job (MB)
	157756  -  ResidentSetSize of job (KB)
...
040 (3277179.017.000) 12/25 12:40:33 Started transferring output files
...
040 (3277179.017.000) 12/25 12:40:33 Finished transferring output files
...
005 (3277179.017.000) 12/25 12:40:33 Job terminated.
	(1) Normal termination (return value 0)
		Usr 0 00:00:04, Sys 0 00:00:02  -  Run Remote Usage
		Usr 0 00:00:00, Sys 0 00:00:00  -  Run Local Usage
		Usr 0 00:00:04, Sys 0 00:00:02  -  Total Remote Usage
		Usr 0 00:00:00, Sys 0 00:00:00  -  Total Local Usage
	2701  -  Run Bytes Sent By Job
	11210  -  Run Bytes Received By Job
	2701  -  Total Bytes Sent By Job
	11210  -  Total Bytes Received By Job
	Partitionable Resources :    Usage  Request Allocated 
	   Cpus                 :                 4         4 
	   Disk (KB)            :       30        1   1291897 
	   Memory (MB)          :      155     8000      8000 

	Job terminated of its own accord at 2021-12-25T11:40:33Z.
...
