000 (3338412.021.000) 01/19 18:49:41 Job submitted from host: <188.185.70.244:9618?addrs=188.185.70.244-9618+[2001-1458-d00-7--100-2ee]-9618&alias=bigbird10.cern.ch&noUDP&sock=schedd_7001_aea1>
...
040 (3338412.021.000) 01/19 18:58:20 Started transferring input files
	Transferring to host: <128.142.58.114:9618?addrs=128.142.58.114-9618+[2001-1458-301-16--100-71]-9618&alias=b7s03p8142.cern.ch&noUDP&sock=slot1_12_3583_4c2b_38269>
...
040 (3338412.021.000) 01/19 18:58:20 Finished transferring input files
...
001 (3338412.021.000) 01/19 18:58:21 Job executing on host: <128.142.58.114:9618?addrs=128.142.58.114-9618+[2001-1458-301-16--100-71]-9618&alias=b7s03p8142.cern.ch&noUDP&sock=startd_3012_8f58>
...
006 (3338412.021.000) 01/19 18:58:29 Image size of job updated: 1378572
	228  -  MemoryUsage of job (MB)
	232784  -  ResidentSetSize of job (KB)
...
006 (3338412.021.000) 01/19 19:03:08 Image size of job updated: 1727116
	228  -  MemoryUsage of job (MB)
	233092  -  ResidentSetSize of job (KB)
...
040 (3338412.021.000) 01/19 19:03:08 Started transferring output files
...
040 (3338412.021.000) 01/19 19:03:08 Finished transferring output files
...
004 (3338412.021.000) 01/19 19:03:08 Job was evicted.
	(0) CPU times
		Usr 0 00:00:06, Sys 0 00:00:02  -  Run Remote Usage
		Usr 0 00:00:00, Sys 0 00:00:00  -  Run Local Usage
	0  -  Run Bytes Sent By Job
	11205  -  Run Bytes Received By Job
	Partitionable Resources :    Usage  Request Allocated 
	   Cpus                 :        0        4         4 
	   Disk (KB)            :       34        1   1280044 
	   Memory (MB)          :      228     8000      8000 
...
009 (3338412.021.000) 01/19 19:03:08 Job was aborted.
	via condor_rm (by user vdamante)
...
