000 (3314871.024.000) 01/12 10:11:25 Job submitted from host: <188.185.70.244:9618?addrs=188.185.70.244-9618+[2001-1458-d00-7--100-2ee]-9618&alias=bigbird10.cern.ch&noUDP&sock=schedd_7001_aea1>
...
040 (3314871.024.000) 01/12 10:40:39 Started transferring input files
	Transferring to host: <128.142.57.112:9618?addrs=128.142.57.112-9618+[2001-1458-301-7--100-6f]-9618&alias=b7s02p9938.cern.ch&noUDP&sock=slot1_1_5580_5d5c_26221>
...
040 (3314871.024.000) 01/12 10:40:39 Finished transferring input files
...
001 (3314871.024.000) 01/12 10:40:40 Job executing on host: <128.142.57.112:9618?addrs=128.142.57.112-9618+[2001-1458-301-7--100-6f]-9618&alias=b7s02p9938.cern.ch&noUDP&sock=startd_5124_375e>
...
006 (3314871.024.000) 01/12 10:40:48 Image size of job updated: 452260
	3  -  MemoryUsage of job (MB)
	2668  -  ResidentSetSize of job (KB)
...
006 (3314871.024.000) 01/12 10:40:48 Image size of job updated: 452260
	3  -  MemoryUsage of job (MB)
	2692  -  ResidentSetSize of job (KB)
...
040 (3314871.024.000) 01/12 10:40:48 Started transferring output files
...
040 (3314871.024.000) 01/12 10:40:48 Finished transferring output files
...
005 (3314871.024.000) 01/12 10:40:48 Job terminated.
	(1) Normal termination (return value 1)
		Usr 0 00:00:00, Sys 0 00:00:00  -  Run Remote Usage
		Usr 0 00:00:00, Sys 0 00:00:00  -  Run Local Usage
		Usr 0 00:00:00, Sys 0 00:00:00  -  Total Remote Usage
		Usr 0 00:00:00, Sys 0 00:00:00  -  Total Local Usage
	174  -  Run Bytes Sent By Job
	10522  -  Run Bytes Received By Job
	174  -  Total Bytes Sent By Job
	10522  -  Total Bytes Received By Job
	Partitionable Resources :    Usage  Request Allocated 
	   Cpus                 :                 4         4 
	   Disk (KB)            :       28        1   1189156 
	   Memory (MB)          :        3     8000      8000 

	Job terminated of its own accord at 2022-01-12T09:40:48Z.
...
