000 (3315594.022.000) 01/12 17:36:28 Job submitted from host: <188.185.70.244:9618?addrs=188.185.70.244-9618+[2001-1458-d00-7--100-2ee]-9618&alias=bigbird10.cern.ch&noUDP&sock=schedd_7001_aea1>
...
040 (3315594.022.000) 01/13 01:14:23 Started transferring input files
	Transferring to host: <128.142.57.12:9618?addrs=128.142.57.12-9618+[2001-1458-301-7--100-b]-9618&alias=b7s02p3348.cern.ch&noUDP&sock=slot1_1_3270_c2be_26429>
...
040 (3315594.022.000) 01/13 01:14:23 Finished transferring input files
...
001 (3315594.022.000) 01/13 01:14:24 Job executing on host: <128.142.57.12:9618?addrs=128.142.57.12-9618+[2001-1458-301-7--100-b]-9618&alias=b7s02p3348.cern.ch&noUDP&sock=startd_2833_c7e4>
...
006 (3315594.022.000) 01/13 01:14:32 Image size of job updated: 320128
	194  -  MemoryUsage of job (MB)
	198308  -  ResidentSetSize of job (KB)
...
006 (3315594.022.000) 01/13 01:14:33 Image size of job updated: 320128
	194  -  MemoryUsage of job (MB)
	198316  -  ResidentSetSize of job (KB)
...
040 (3315594.022.000) 01/13 01:14:33 Started transferring output files
...
040 (3315594.022.000) 01/13 01:14:33 Finished transferring output files
...
005 (3315594.022.000) 01/13 01:14:34 Job terminated.
	(1) Normal termination (return value 1)
		Usr 0 00:00:04, Sys 0 00:00:02  -  Run Remote Usage
		Usr 0 00:00:00, Sys 0 00:00:00  -  Run Local Usage
		Usr 0 00:00:04, Sys 0 00:00:02  -  Total Remote Usage
		Usr 0 00:00:00, Sys 0 00:00:00  -  Total Local Usage
	2100  -  Run Bytes Sent By Job
	10530  -  Run Bytes Received By Job
	2100  -  Total Bytes Sent By Job
	10530  -  Total Bytes Received By Job
	Partitionable Resources :    Usage  Request Allocated 
	   Cpus                 :                 4         4 
	   Disk (KB)            :       29        1   1357094 
	   Memory (MB)          :      194     8000      8000 

	Job terminated of its own accord at 2022-01-13T00:14:33Z.
...
