000 (3314871.019.000) 01/12 10:11:24 Job submitted from host: <188.185.70.244:9618?addrs=188.185.70.244-9618+[2001-1458-d00-7--100-2ee]-9618&alias=bigbird10.cern.ch&noUDP&sock=schedd_7001_aea1>
...
040 (3314871.019.000) 01/12 10:40:40 Started transferring input files
	Transferring to host: <188.184.162.59:9618?addrs=188.184.162.59-9618+[2001-1458-301-4a--100-35]-9618&alias=b7s11p5842.cern.ch&noUDP&sock=slot1_15_3969_44fa_26123>
...
040 (3314871.019.000) 01/12 10:40:40 Finished transferring input files
...
001 (3314871.019.000) 01/12 10:40:41 Job executing on host: <188.184.162.59:9618?addrs=188.184.162.59-9618+[2001-1458-301-4a--100-35]-9618&alias=b7s11p5842.cern.ch&noUDP&sock=startd_2887_d202>
...
006 (3314871.019.000) 01/12 10:40:50 Image size of job updated: 35556
	1  -  MemoryUsage of job (MB)
	752  -  ResidentSetSize of job (KB)
...
040 (3314871.019.000) 01/12 10:40:51 Started transferring output files
...
040 (3314871.019.000) 01/12 10:40:51 Finished transferring output files
...
005 (3314871.019.000) 01/12 10:40:51 Job terminated.
	(1) Normal termination (return value 1)
		Usr 0 00:00:01, Sys 0 00:00:00  -  Run Remote Usage
		Usr 0 00:00:00, Sys 0 00:00:00  -  Run Local Usage
		Usr 0 00:00:01, Sys 0 00:00:00  -  Total Remote Usage
		Usr 0 00:00:00, Sys 0 00:00:00  -  Total Local Usage
	174  -  Run Bytes Sent By Job
	10522  -  Run Bytes Received By Job
	174  -  Total Bytes Sent By Job
	10522  -  Total Bytes Received By Job
	Partitionable Resources :    Usage  Request Allocated 
	   Cpus                 :                 4         4 
	   Disk (KB)            :       28        1   3037285 
	   Memory (MB)          :        1     8000      8000 

	Job terminated of its own accord at 2022-01-12T09:40:51Z.
...
