000 (3315594.008.000) 01/12 17:36:28 Job submitted from host: <188.185.70.244:9618?addrs=188.185.70.244-9618+[2001-1458-d00-7--100-2ee]-9618&alias=bigbird10.cern.ch&noUDP&sock=schedd_7001_aea1>
...
040 (3315594.008.000) 01/13 01:14:20 Started transferring input files
	Transferring to host: <128.142.60.65:9618?addrs=128.142.60.65-9618+[2001-1458-301-22--100-40]-9618&alias=b7s05p8775.cern.ch&noUDP&sock=slot1_20_3528_8b89_26891>
...
040 (3315594.008.000) 01/13 01:14:20 Finished transferring input files
...
001 (3315594.008.000) 01/13 01:14:21 Job executing on host: <128.142.60.65:9618?addrs=128.142.60.65-9618+[2001-1458-301-22--100-40]-9618&alias=b7s05p8775.cern.ch&noUDP&sock=startd_2883_13a1>
...
006 (3315594.008.000) 01/13 01:14:30 Image size of job updated: 304732
	195  -  MemoryUsage of job (MB)
	199420  -  ResidentSetSize of job (KB)
...
040 (3315594.008.000) 01/13 01:14:33 Started transferring output files
...
040 (3315594.008.000) 01/13 01:14:33 Finished transferring output files
...
005 (3315594.008.000) 01/13 01:14:33 Job terminated.
	(1) Normal termination (return value 1)
		Usr 0 00:00:04, Sys 0 00:00:02  -  Run Remote Usage
		Usr 0 00:00:00, Sys 0 00:00:00  -  Run Local Usage
		Usr 0 00:00:04, Sys 0 00:00:02  -  Total Remote Usage
		Usr 0 00:00:00, Sys 0 00:00:00  -  Total Local Usage
	2594  -  Run Bytes Sent By Job
	10530  -  Run Bytes Received By Job
	2594  -  Total Bytes Sent By Job
	10530  -  Total Bytes Received By Job
	Partitionable Resources :    Usage  Request Allocated 
	   Cpus                 :                 4         4 
	   Disk (KB)            :       29        1   1185320 
	   Memory (MB)          :      195     8000      8000 

	Job terminated of its own accord at 2022-01-13T00:14:33Z.
...
