000 (3314623.017.000) 01/11 10:41:33 Job submitted from host: <188.185.70.244:9618?addrs=188.185.70.244-9618+[2001-1458-d00-7--100-2ee]-9618&alias=bigbird10.cern.ch&noUDP&sock=schedd_7001_aea1>
...
040 (3314623.017.000) 01/11 11:36:17 Started transferring input files
	Transferring to host: <188.184.165.245:9618?addrs=188.184.165.245-9618&alias=b7s14p7122.cern.ch&noUDP&sock=slot1_23_4543_b452_25440>
...
040 (3314623.017.000) 01/11 11:36:17 Finished transferring input files
...
001 (3314623.017.000) 01/11 11:36:18 Job executing on host: <188.184.165.245:9618?addrs=188.184.165.245-9618&alias=b7s14p7122.cern.ch&noUDP&sock=startd_4328_39fb>
...
006 (3314623.017.000) 01/11 11:36:27 Image size of job updated: 1231584
	144  -  MemoryUsage of job (MB)
	146876  -  ResidentSetSize of job (KB)
...
006 (3314623.017.000) 01/11 11:41:28 Image size of job updated: 1886880
	420  -  MemoryUsage of job (MB)
	429656  -  ResidentSetSize of job (KB)
...
006 (3314623.017.000) 01/11 11:46:28 Image size of job updated: 1886880
	420  -  MemoryUsage of job (MB)
	429676  -  ResidentSetSize of job (KB)
...
006 (3314623.017.000) 01/11 11:51:29 Image size of job updated: 1994760
	527  -  MemoryUsage of job (MB)
	539008  -  ResidentSetSize of job (KB)
...
006 (3314623.017.000) 01/11 12:01:30 Image size of job updated: 2128896
	659  -  MemoryUsage of job (MB)
	674676  -  ResidentSetSize of job (KB)
...
006 (3314623.017.000) 01/11 12:11:32 Image size of job updated: 2313576
	840  -  MemoryUsage of job (MB)
	859552  -  ResidentSetSize of job (KB)
...
006 (3314623.017.000) 01/11 12:21:33 Image size of job updated: 2504720
	967  -  MemoryUsage of job (MB)
	989604  -  ResidentSetSize of job (KB)
...
006 (3314623.017.000) 01/11 12:36:34 Image size of job updated: 2644532
	1164  -  MemoryUsage of job (MB)
	1191596  -  ResidentSetSize of job (KB)
...
006 (3314623.017.000) 01/11 12:46:35 Image size of job updated: 3076932
	1492  -  MemoryUsage of job (MB)
	1527528  -  ResidentSetSize of job (KB)
...
006 (3314623.017.000) 01/11 12:56:36 Image size of job updated: 3076932
	1492  -  MemoryUsage of job (MB)
	1527532  -  ResidentSetSize of job (KB)
...
006 (3314623.017.000) 01/11 13:01:37 Image size of job updated: 3391720
	1676  -  MemoryUsage of job (MB)
	1715812  -  ResidentSetSize of job (KB)
...
006 (3314623.017.000) 01/11 13:06:37 Image size of job updated: 3391720
	1676  -  MemoryUsage of job (MB)
	1715824  -  ResidentSetSize of job (KB)
...
006 (3314623.017.000) 01/11 13:16:39 Image size of job updated: 3737976
	1960  -  MemoryUsage of job (MB)
	2006596  -  ResidentSetSize of job (KB)
...
006 (3314623.017.000) 01/11 13:26:39 Image size of job updated: 4092696
	2559  -  MemoryUsage of job (MB)
	2620056  -  ResidentSetSize of job (KB)
...
040 (3314623.017.000) 01/11 13:37:17 Started transferring output files
...
040 (3314623.017.000) 01/11 13:37:18 Finished transferring output files
...
005 (3314623.017.000) 01/11 13:37:18 Job terminated.
	(1) Normal termination (return value 0)
		Usr 0 00:12:12, Sys 0 00:00:26  -  Run Remote Usage
		Usr 0 00:00:00, Sys 0 00:00:00  -  Run Local Usage
		Usr 0 00:12:12, Sys 0 00:00:26  -  Total Remote Usage
		Usr 0 00:00:00, Sys 0 00:00:00  -  Total Local Usage
	146931  -  Run Bytes Sent By Job
	10523  -  Run Bytes Received By Job
	146931  -  Total Bytes Sent By Job
	10523  -  Total Bytes Received By Job
	Partitionable Resources :    Usage  Request Allocated 
	   Cpus                 :     0.99        4         4 
	   Disk (KB)            :   177           1   3042420 
	   Memory (MB)          :  2559        8000      8000 

	Job terminated of its own accord at 2022-01-11T12:37:17Z.
...
