000 (3277182.009.000) 12/25 12:36:02 Job submitted from host: <188.185.70.244:9618?addrs=188.185.70.244-9618+[2001-1458-d00-7--100-2ee]-9618&alias=bigbird10.cern.ch&noUDP&sock=schedd_2095_9300>
...
040 (3277182.009.000) 12/25 12:40:25 Started transferring input files
	Transferring to host: <128.142.60.146:9618?addrs=128.142.60.146-9618+[2001-1458-301-22--100-91]-9618&alias=b7s05p4770.cern.ch&noUDP&sock=slot1_6_3201_24db_9593>
...
040 (3277182.009.000) 12/25 12:40:25 Finished transferring input files
...
001 (3277182.009.000) 12/25 12:40:26 Job executing on host: <128.142.60.146:9618?addrs=128.142.60.146-9618+[2001-1458-301-22--100-91]-9618&alias=b7s05p4770.cern.ch&noUDP&sock=startd_2854_2f62>
...
006 (3277182.009.000) 12/25 12:40:34 Image size of job updated: 260388
	155  -  MemoryUsage of job (MB)
	157796  -  ResidentSetSize of job (KB)
...
006 (3277182.009.000) 12/25 12:42:36 Image size of job updated: 1741088
	155  -  MemoryUsage of job (MB)
	157796  -  ResidentSetSize of job (KB)
...
040 (3277182.009.000) 12/25 12:42:36 Started transferring output files
...
040 (3277182.009.000) 12/25 12:42:36 Finished transferring output files
...
005 (3277182.009.000) 12/25 12:42:36 Job terminated.
	(1) Normal termination (return value 0)
		Usr 0 00:00:18, Sys 0 00:00:02  -  Run Remote Usage
		Usr 0 00:00:00, Sys 0 00:00:00  -  Run Local Usage
		Usr 0 00:00:18, Sys 0 00:00:02  -  Total Remote Usage
		Usr 0 00:00:00, Sys 0 00:00:00  -  Total Local Usage
	3127  -  Run Bytes Sent By Job
	11215  -  Run Bytes Received By Job
	3127  -  Total Bytes Sent By Job
	11215  -  Total Bytes Received By Job
	Partitionable Resources :    Usage  Request Allocated 
	   Cpus                 :                 4         4 
	   Disk (KB)            :       31        1   1254360 
	   Memory (MB)          :      155     8000      8000 

	Job terminated of its own accord at 2021-12-25T11:42:36Z.
...
