000 (3316915.000.000) 01/13 09:40:30 Job submitted from host: <188.185.70.244:9618?addrs=188.185.70.244-9618+[2001-1458-d00-7--100-2ee]-9618&alias=bigbird10.cern.ch&noUDP&sock=schedd_7001_aea1>
...
040 (3316915.000.000) 01/13 09:43:36 Started transferring input files
	Transferring to host: <188.184.162.75:9618?addrs=188.184.162.75-9618+[2001-1458-301-4a--100-45]-9618&alias=b7s11p1668.cern.ch&noUDP&sock=slot1_5_3969_44fa_26310>
...
040 (3316915.000.000) 01/13 09:43:36 Finished transferring input files
...
001 (3316915.000.000) 01/13 09:43:37 Job executing on host: <188.184.162.75:9618?addrs=188.184.162.75-9618+[2001-1458-301-4a--100-45]-9618&alias=b7s11p1668.cern.ch&noUDP&sock=startd_3310_f691>
...
006 (3316915.000.000) 01/13 09:43:46 Image size of job updated: 320128
	155  -  MemoryUsage of job (MB)
	157820  -  ResidentSetSize of job (KB)
...
006 (3316915.000.000) 01/13 09:48:47 Image size of job updated: 2493292
	985  -  MemoryUsage of job (MB)
	1007884  -  ResidentSetSize of job (KB)
...
006 (3316915.000.000) 01/13 09:53:47 Image size of job updated: 2747624
	985  -  MemoryUsage of job (MB)
	1007884  -  ResidentSetSize of job (KB)
...
040 (3316915.000.000) 01/13 09:55:08 Started transferring output files
...
040 (3316915.000.000) 01/13 09:55:11 Finished transferring output files
...
005 (3316915.000.000) 01/13 09:55:11 Job terminated.
	(1) Normal termination (return value 0)
		Usr 0 00:10:48, Sys 0 00:00:05  -  Run Remote Usage
		Usr 0 00:00:00, Sys 0 00:00:00  -  Run Local Usage
		Usr 0 00:10:48, Sys 0 00:00:05  -  Total Remote Usage
		Usr 0 00:00:00, Sys 0 00:00:00  -  Total Local Usage
	16965996  -  Run Bytes Sent By Job
	10522  -  Run Bytes Received By Job
	16965996  -  Total Bytes Sent By Job
	10522  -  Total Bytes Received By Job
	Partitionable Resources :    Usage  Request Allocated 
	   Cpus                 :     1.00        4         4 
	   Disk (KB)            : 16599           1   3010988 
	   Memory (MB)          :   985        8000      8000 

	Job terminated of its own accord at 2022-01-13T08:55:08Z.
...
