000 (3318008.000.000) 01/14 12:27:53 Job submitted from host: <188.185.70.244:9618?addrs=188.185.70.244-9618+[2001-1458-d00-7--100-2ee]-9618&alias=bigbird10.cern.ch&noUDP&sock=schedd_7001_aea1>
...
040 (3318008.000.000) 01/14 16:27:07 Started transferring input files
	Transferring to host: <128.142.61.79:9618?addrs=128.142.61.79-9618&alias=b7s06p0999.cern.ch&noUDP&sock=slot1_19_4783_ce5c_28865>
...
040 (3318008.000.000) 01/14 16:27:07 Finished transferring input files
...
001 (3318008.000.000) 01/14 16:27:08 Job executing on host: <128.142.61.79:9618?addrs=128.142.61.79-9618&alias=b7s06p0999.cern.ch&noUDP&sock=startd_4435_9e9d>
...
006 (3318008.000.000) 01/14 16:27:16 Image size of job updated: 455576
	3  -  MemoryUsage of job (MB)
	2828  -  ResidentSetSize of job (KB)
...
006 (3318008.000.000) 01/14 16:27:46 Image size of job updated: 1289984
	3  -  MemoryUsage of job (MB)
	2860  -  ResidentSetSize of job (KB)
...
040 (3318008.000.000) 01/14 16:27:46 Started transferring output files
...
040 (3318008.000.000) 01/14 16:27:46 Finished transferring output files
...
005 (3318008.000.000) 01/14 16:27:46 Job terminated.
	(1) Normal termination (return value 1)
		Usr 0 00:00:04, Sys 0 00:00:01  -  Run Remote Usage
		Usr 0 00:00:00, Sys 0 00:00:00  -  Run Local Usage
		Usr 0 00:00:04, Sys 0 00:00:01  -  Total Remote Usage
		Usr 0 00:00:00, Sys 0 00:00:00  -  Total Local Usage
	1120  -  Run Bytes Sent By Job
	10522  -  Run Bytes Received By Job
	1120  -  Total Bytes Sent By Job
	10522  -  Total Bytes Received By Job
	Partitionable Resources :    Usage  Request Allocated 
	   Cpus                 :                 4         4 
	   Disk (KB)            :       28        1   1352716 
	   Memory (MB)          :        3     8000      8000 

	Job terminated of its own accord at 2022-01-14T15:27:46Z.
...
