000 (3338412.013.000) 01/19 18:49:41 Job submitted from host: <188.185.70.244:9618?addrs=188.185.70.244-9618+[2001-1458-d00-7--100-2ee]-9618&alias=bigbird10.cern.ch&noUDP&sock=schedd_7001_aea1>
...
040 (3338412.013.000) 01/19 18:58:18 Started transferring input files
	Transferring to host: <128.142.61.86:9618?addrs=128.142.61.86-9618+[2001-1458-301-23--100-55]-9618&alias=b7s06p5450.cern.ch&noUDP&sock=slot1_6_3562_804a_38102>
...
040 (3338412.013.000) 01/19 18:58:18 Finished transferring input files
...
001 (3338412.013.000) 01/19 18:58:19 Job executing on host: <128.142.61.86:9618?addrs=128.142.61.86-9618+[2001-1458-301-23--100-55]-9618&alias=b7s06p5450.cern.ch&noUDP&sock=startd_2900_bcbd>
...
006 (3338412.013.000) 01/19 18:58:27 Image size of job updated: 320176
	211  -  MemoryUsage of job (MB)
	215660  -  ResidentSetSize of job (KB)
...
006 (3338412.013.000) 01/19 19:03:08 Image size of job updated: 1825608
	211  -  MemoryUsage of job (MB)
	215896  -  ResidentSetSize of job (KB)
...
040 (3338412.013.000) 01/19 19:03:08 Started transferring output files
...
040 (3338412.013.000) 01/19 19:03:08 Finished transferring output files
...
004 (3338412.013.000) 01/19 19:03:08 Job was evicted.
	(0) CPU times
		Usr 0 00:00:55, Sys 0 00:00:04  -  Run Remote Usage
		Usr 0 00:00:00, Sys 0 00:00:00  -  Run Local Usage
	0  -  Run Bytes Sent By Job
	11205  -  Run Bytes Received By Job
	Partitionable Resources :    Usage  Request Allocated 
	   Cpus                 :                 4         4 
	   Disk (KB)            :       27        1   1226973 
	   Memory (MB)          :      211     8000      8000 
...
009 (3338412.013.000) 01/19 19:03:08 Job was aborted.
	via condor_rm (by user vdamante)
...
