000 (3315594.007.000) 01/12 17:36:28 Job submitted from host: <188.185.70.244:9618?addrs=188.185.70.244-9618+[2001-1458-d00-7--100-2ee]-9618&alias=bigbird10.cern.ch&noUDP&sock=schedd_7001_aea1>
...
040 (3315594.007.000) 01/13 01:14:27 Started transferring input files
	Transferring to host: <128.142.131.20:9618?addrs=128.142.131.20-9618+[2001-1458-301-59--100-8]-9618&alias=b7g11p6198.cern.ch&noUDP&sock=slot1_6_34323_688d_75877>
...
040 (3315594.007.000) 01/13 01:14:27 Finished transferring input files
...
001 (3315594.007.000) 01/13 01:14:28 Job executing on host: <128.142.131.20:9618?addrs=128.142.131.20-9618+[2001-1458-301-59--100-8]-9618&alias=b7g11p6198.cern.ch&noUDP&sock=startd_42977_39ce>
...
006 (3315594.007.000) 01/13 01:14:37 Image size of job updated: 1228248
	163  -  MemoryUsage of job (MB)
	166160  -  ResidentSetSize of job (KB)
...
040 (3315594.007.000) 01/13 01:14:41 Started transferring output files
...
040 (3315594.007.000) 01/13 01:14:41 Finished transferring output files
...
005 (3315594.007.000) 01/13 01:14:41 Job terminated.
	(1) Normal termination (return value 1)
		Usr 0 00:00:06, Sys 0 00:00:03  -  Run Remote Usage
		Usr 0 00:00:00, Sys 0 00:00:00  -  Run Local Usage
		Usr 0 00:00:06, Sys 0 00:00:03  -  Total Remote Usage
		Usr 0 00:00:00, Sys 0 00:00:00  -  Total Local Usage
	5567  -  Run Bytes Sent By Job
	10530  -  Run Bytes Received By Job
	5567  -  Total Bytes Sent By Job
	10530  -  Total Bytes Received By Job
	Partitionable Resources :    Usage  Request Allocated 
	   Cpus                 :                 4         4 
	   Disk (KB)            :       33        1   1597091 
	   Memory (MB)          :      163     8000      8000 

	Job terminated of its own accord at 2022-01-13T00:14:41Z.
...
