000 (3315585.024.000) 01/12 17:11:14 Job submitted from host: <188.185.70.244:9618?addrs=188.185.70.244-9618+[2001-1458-d00-7--100-2ee]-9618&alias=bigbird10.cern.ch&noUDP&sock=schedd_7001_aea1>
...
040 (3315585.024.000) 01/12 21:59:11 Started transferring input files
	Transferring to host: <128.142.61.146:9618?addrs=128.142.61.146-9618+[2001-1458-301-23--100-91]-9618&alias=b7s06p9400.cern.ch&noUDP&sock=slot1_9_3653_9e6e_23729>
...
040 (3315585.024.000) 01/12 21:59:11 Finished transferring input files
...
001 (3315585.024.000) 01/12 21:59:12 Job executing on host: <128.142.61.146:9618?addrs=128.142.61.146-9618+[2001-1458-301-23--100-91]-9618&alias=b7s06p9400.cern.ch&noUDP&sock=startd_2985_0a4a>
...
006 (3315585.024.000) 01/12 21:59:21 Image size of job updated: 197396
	124  -  MemoryUsage of job (MB)
	126248  -  ResidentSetSize of job (KB)
...
006 (3315585.024.000) 01/12 22:04:22 Image size of job updated: 2475780
	976  -  MemoryUsage of job (MB)
	998612  -  ResidentSetSize of job (KB)
...
006 (3315585.024.000) 01/12 22:09:22 Image size of job updated: 2492164
	992  -  MemoryUsage of job (MB)
	1014996  -  ResidentSetSize of job (KB)
...
006 (3315585.024.000) 01/12 22:14:22 Image size of job updated: 2730096
	992  -  MemoryUsage of job (MB)
	1014996  -  ResidentSetSize of job (KB)
...
040 (3315585.024.000) 01/12 22:25:09 Started transferring output files
...
040 (3315585.024.000) 01/12 22:25:12 Finished transferring output files
...
005 (3315585.024.000) 01/12 22:25:12 Job terminated.
	(1) Normal termination (return value 0)
		Usr 0 00:12:05, Sys 0 00:00:06  -  Run Remote Usage
		Usr 0 00:00:00, Sys 0 00:00:00  -  Run Local Usage
		Usr 0 00:12:05, Sys 0 00:00:06  -  Total Remote Usage
		Usr 0 00:00:00, Sys 0 00:00:00  -  Total Local Usage
	16952284  -  Run Bytes Sent By Job
	10522  -  Run Bytes Received By Job
	16952284  -  Total Bytes Sent By Job
	10522  -  Total Bytes Received By Job
	Partitionable Resources :    Usage  Request Allocated 
	   Cpus                 :     0.08        4         4 
	   Disk (KB)            : 16589           1    484596 
	   Memory (MB)          :   992        8000      8000 

	Job terminated of its own accord at 2022-01-12T21:25:09Z.
...
