000 (3295621.001.000) 01/10 15:27:47 Job submitted from host: <188.185.70.244:9618?addrs=188.185.70.244-9618+[2001-1458-d00-7--100-2ee]-9618&alias=bigbird10.cern.ch&noUDP&sock=schedd_7001_aea1>
...
040 (3295621.001.000) 01/10 15:32:43 Started transferring input files
	Transferring to host: <128.142.63.73:9618?addrs=128.142.63.73-9618&alias=b7s08p0796.cern.ch&noUDP&sock=slot1_31_4462_a1ef_26701>
...
040 (3295621.001.000) 01/10 15:32:43 Finished transferring input files
...
001 (3295621.001.000) 01/10 15:32:44 Job executing on host: <128.142.63.73:9618?addrs=128.142.63.73-9618&alias=b7s08p0796.cern.ch&noUDP&sock=startd_4075_b085>
...
006 (3295621.001.000) 01/10 15:32:53 Image size of job updated: 320068
	155  -  MemoryUsage of job (MB)
	157760  -  ResidentSetSize of job (KB)
...
006 (3295621.001.000) 01/10 15:33:37 Image size of job updated: 1260608
	155  -  MemoryUsage of job (MB)
	157760  -  ResidentSetSize of job (KB)
...
040 (3295621.001.000) 01/10 15:33:37 Started transferring output files
...
040 (3295621.001.000) 01/10 15:33:37 Finished transferring output files
...
005 (3295621.001.000) 01/10 15:33:37 Job terminated.
	(1) Normal termination (return value 0)
		Usr 0 00:00:03, Sys 0 00:00:02  -  Run Remote Usage
		Usr 0 00:00:00, Sys 0 00:00:00  -  Run Local Usage
		Usr 0 00:00:03, Sys 0 00:00:02  -  Total Remote Usage
		Usr 0 00:00:00, Sys 0 00:00:00  -  Total Local Usage
	4502  -  Run Bytes Sent By Job
	10523  -  Run Bytes Received By Job
	4502  -  Total Bytes Sent By Job
	10523  -  Total Bytes Received By Job
	Partitionable Resources :    Usage  Request Allocated 
	   Cpus                 :     0.02        4         4 
	   Disk (KB)            :    38           1   1169533 
	   Memory (MB)          :   155        8000      8000 

	Job terminated of its own accord at 2022-01-10T14:33:37Z.
...
