000 (3314885.000.000) 01/12 10:53:32 Job submitted from host: <188.185.70.244:9618?addrs=188.185.70.244-9618+[2001-1458-d00-7--100-2ee]-9618&alias=bigbird10.cern.ch&noUDP&sock=schedd_7001_aea1>
...
040 (3314885.000.000) 01/12 10:54:33 Started transferring input files
	Transferring to host: <128.142.248.50:9618?addrs=128.142.248.50-9618+[2001-1458-301-73--100-122]-9618&alias=b7g23p4729.cern.ch&noUDP&sock=slot1_12_4247_2546_25238>
...
040 (3314885.000.000) 01/12 10:54:33 Finished transferring input files
...
001 (3314885.000.000) 01/12 10:54:34 Job executing on host: <128.142.248.50:9618?addrs=128.142.248.50-9618+[2001-1458-301-73--100-122]-9618&alias=b7g23p4729.cern.ch&noUDP&sock=startd_3530_dd67>
...
006 (3314885.000.000) 01/12 10:54:43 Image size of job updated: 224604
	192  -  MemoryUsage of job (MB)
	196088  -  ResidentSetSize of job (KB)
...
006 (3314885.000.000) 01/12 10:54:45 Image size of job updated: 1452832
	192  -  MemoryUsage of job (MB)
	196268  -  ResidentSetSize of job (KB)
...
040 (3314885.000.000) 01/12 10:54:45 Started transferring output files
...
040 (3314885.000.000) 01/12 10:54:45 Finished transferring output files
...
005 (3314885.000.000) 01/12 10:54:45 Job terminated.
	(1) Normal termination (return value 1)
		Usr 0 00:00:05, Sys 0 00:00:02  -  Run Remote Usage
		Usr 0 00:00:00, Sys 0 00:00:00  -  Run Local Usage
		Usr 0 00:00:05, Sys 0 00:00:02  -  Total Remote Usage
		Usr 0 00:00:00, Sys 0 00:00:00  -  Total Local Usage
	2179  -  Run Bytes Sent By Job
	10531  -  Run Bytes Received By Job
	2179  -  Total Bytes Sent By Job
	10531  -  Total Bytes Received By Job
	Partitionable Resources :    Usage  Request Allocated 
	   Cpus                 :                 4         4 
	   Disk (KB)            :       29        1   3120550 
	   Memory (MB)          :      192     8000      8000 

	Job terminated of its own accord at 2022-01-12T09:54:45Z.
...
