000 (3318017.000.000) 01/14 12:28:00 Job submitted from host: <188.185.70.244:9618?addrs=188.185.70.244-9618+[2001-1458-d00-7--100-2ee]-9618&alias=bigbird10.cern.ch&noUDP&sock=schedd_7001_aea1>
...
040 (3318017.000.000) 01/14 17:26:08 Started transferring input files
	Transferring to host: <128.142.61.47:9618?addrs=128.142.61.47-9618+[2001-1458-301-23--100-2e]-9618&alias=b7s06p0935.cern.ch&noUDP&sock=slot1_15_4964_5643_28381>
...
040 (3318017.000.000) 01/14 17:26:08 Finished transferring input files
...
001 (3318017.000.000) 01/14 17:26:09 Job executing on host: <128.142.61.47:9618?addrs=128.142.61.47-9618+[2001-1458-301-23--100-2e]-9618&alias=b7s06p0935.cern.ch&noUDP&sock=startd_4608_487f>
...
006 (3318017.000.000) 01/14 17:26:18 Image size of job updated: 319752
	155  -  MemoryUsage of job (MB)
	157860  -  ResidentSetSize of job (KB)
...
006 (3318017.000.000) 01/14 17:26:44 Image size of job updated: 1731096
	155  -  MemoryUsage of job (MB)
	157860  -  ResidentSetSize of job (KB)
...
040 (3318017.000.000) 01/14 17:26:44 Started transferring output files
...
040 (3318017.000.000) 01/14 17:26:44 Finished transferring output files
...
005 (3318017.000.000) 01/14 17:26:44 Job terminated.
	(1) Normal termination (return value 1)
		Usr 0 00:00:14, Sys 0 00:00:02  -  Run Remote Usage
		Usr 0 00:00:00, Sys 0 00:00:00  -  Run Local Usage
		Usr 0 00:00:14, Sys 0 00:00:02  -  Total Remote Usage
		Usr 0 00:00:00, Sys 0 00:00:00  -  Total Local Usage
	2815  -  Run Bytes Sent By Job
	10522  -  Run Bytes Received By Job
	2815  -  Total Bytes Sent By Job
	10522  -  Total Bytes Received By Job
	Partitionable Resources :    Usage  Request Allocated 
	   Cpus                 :                 4         4 
	   Disk (KB)            :       30        1   1281739 
	   Memory (MB)          :      155     8000      8000 

	Job terminated of its own accord at 2022-01-14T16:26:44Z.
...
