000 (3338421.001.000) 01/19 19:03:58 Job submitted from host: <188.185.70.244:9618?addrs=188.185.70.244-9618+[2001-1458-d00-7--100-2ee]-9618&alias=bigbird10.cern.ch&noUDP&sock=schedd_7001_aea1>
...
040 (3338421.001.000) 01/19 19:37:52 Started transferring input files
	Transferring to host: <128.142.63.12:9618?addrs=128.142.63.12-9618+[2001-1458-301-38--100-9]-9618&alias=b7s08p2970.cern.ch&noUDP&sock=slot1_38_3588_d20b_38903>
...
040 (3338421.001.000) 01/19 19:37:52 Finished transferring input files
...
001 (3338421.001.000) 01/19 19:37:53 Job executing on host: <128.142.63.12:9618?addrs=128.142.63.12-9618+[2001-1458-301-38--100-9]-9618&alias=b7s08p2970.cern.ch&noUDP&sock=startd_2941_dc1f>
...
006 (3338421.001.000) 01/19 19:38:01 Image size of job updated: 271968
	184  -  MemoryUsage of job (MB)
	187628  -  ResidentSetSize of job (KB)
...
006 (3338421.001.000) 01/19 19:43:01 Image size of job updated: 1725856
	265  -  MemoryUsage of job (MB)
	271320  -  ResidentSetSize of job (KB)
...
006 (3338421.001.000) 01/19 19:48:02 Image size of job updated: 2258872
	582  -  MemoryUsage of job (MB)
	595508  -  ResidentSetSize of job (KB)
...
006 (3338421.001.000) 01/19 19:53:03 Image size of job updated: 2258872
	582  -  MemoryUsage of job (MB)
	595512  -  ResidentSetSize of job (KB)
...
006 (3338421.001.000) 01/19 20:43:10 Image size of job updated: 2258872
	582  -  MemoryUsage of job (MB)
	595524  -  ResidentSetSize of job (KB)
...
006 (3338421.001.000) 01/19 20:58:11 Image size of job updated: 2554212
	866  -  MemoryUsage of job (MB)
	886508  -  ResidentSetSize of job (KB)
...
006 (3338421.001.000) 01/19 21:08:12 Image size of job updated: 2554212
	866  -  MemoryUsage of job (MB)
	886512  -  ResidentSetSize of job (KB)
...
006 (3338421.001.000) 01/19 21:33:14 Image size of job updated: 2554212
	866  -  MemoryUsage of job (MB)
	886516  -  ResidentSetSize of job (KB)
...
006 (3338421.001.000) 01/19 21:43:14 Image size of job updated: 2885360
	1145  -  MemoryUsage of job (MB)
	1172240  -  ResidentSetSize of job (KB)
...
006 (3338421.001.000) 01/19 22:43:21 Image size of job updated: 3225200
	1415  -  MemoryUsage of job (MB)
	1448000  -  ResidentSetSize of job (KB)
...
006 (3338421.001.000) 01/19 23:08:23 Image size of job updated: 3225200
	1415  -  MemoryUsage of job (MB)
	1448004  -  ResidentSetSize of job (KB)
...
006 (3338421.001.000) 01/19 23:23:24 Image size of job updated: 3402284
	1699  -  MemoryUsage of job (MB)
	1739012  -  ResidentSetSize of job (KB)
...
006 (3338421.001.000) 01/20 00:43:33 Image size of job updated: 3402284
	1699  -  MemoryUsage of job (MB)
	1739016  -  ResidentSetSize of job (KB)
...
006 (3338421.001.000) 01/20 02:28:45 Image size of job updated: 3402284
	1699  -  MemoryUsage of job (MB)
	1739020  -  ResidentSetSize of job (KB)
...
006 (3338421.001.000) 01/20 02:58:48 Image size of job updated: 4184784
	2135  -  MemoryUsage of job (MB)
	2186100  -  ResidentSetSize of job (KB)
...
040 (3338421.001.000) 01/20 03:38:23 Started transferring output files
...
040 (3338421.001.000) 01/20 03:38:23 Finished transferring output files
...
009 (3338421.001.000) 01/20 03:38:23 Job was aborted.
	Job removed by SYSTEM_PERIODIC_REMOVE due to wall time exceeded allowed max.
...
