000 (3315585.000.000) 01/12 17:11:14 Job submitted from host: <188.185.70.244:9618?addrs=188.185.70.244-9618+[2001-1458-d00-7--100-2ee]-9618&alias=bigbird10.cern.ch&noUDP&sock=schedd_7001_aea1>
...
040 (3315585.000.000) 01/12 21:14:06 Started transferring input files
	Transferring to host: <128.142.61.57:9618?addrs=128.142.61.57-9618&alias=b7s06p9082.cern.ch&noUDP&sock=slot1_1_3173_6a5a_3248>
...
040 (3315585.000.000) 01/12 21:14:06 Finished transferring input files
...
001 (3315585.000.000) 01/12 21:14:07 Job executing on host: <128.142.61.57:9618?addrs=128.142.61.57-9618&alias=b7s06p9082.cern.ch&noUDP&sock=startd_2541_7e3d>
...
006 (3315585.000.000) 01/12 21:14:16 Image size of job updated: 460108
	33  -  MemoryUsage of job (MB)
	32828  -  ResidentSetSize of job (KB)
...
006 (3315585.000.000) 01/12 21:19:16 Image size of job updated: 1717808
	254  -  MemoryUsage of job (MB)
	259672  -  ResidentSetSize of job (KB)
...
006 (3315585.000.000) 01/12 21:24:16 Image size of job updated: 2493208
	993  -  MemoryUsage of job (MB)
	1016048  -  ResidentSetSize of job (KB)
...
006 (3315585.000.000) 01/12 21:29:17 Image size of job updated: 2747504
	993  -  MemoryUsage of job (MB)
	1016048  -  ResidentSetSize of job (KB)
...
040 (3315585.000.000) 01/12 21:50:41 Started transferring output files
...
040 (3315585.000.000) 01/12 21:50:45 Finished transferring output files
...
005 (3315585.000.000) 01/12 21:50:45 Job terminated.
	(1) Normal termination (return value 0)
		Usr 0 00:13:06, Sys 0 00:00:09  -  Run Remote Usage
		Usr 0 00:00:00, Sys 0 00:00:00  -  Run Local Usage
		Usr 0 00:13:06, Sys 0 00:00:09  -  Total Remote Usage
		Usr 0 00:00:00, Sys 0 00:00:00  -  Total Local Usage
	16958428  -  Run Bytes Sent By Job
	10522  -  Run Bytes Received By Job
	16958428  -  Total Bytes Sent By Job
	10522  -  Total Bytes Received By Job
	Partitionable Resources :    Usage  Request Allocated 
	   Cpus                 :     0.03        4         4 
	   Disk (KB)            : 16594           1   1365607 
	   Memory (MB)          :   993        8000      8000 

	Job terminated of its own accord at 2022-01-12T20:50:41Z.
...
