000 (3315585.005.000) 01/12 17:11:14 Job submitted from host: <188.185.70.244:9618?addrs=188.185.70.244-9618+[2001-1458-d00-7--100-2ee]-9618&alias=bigbird10.cern.ch&noUDP&sock=schedd_7001_aea1>
...
040 (3315585.005.000) 01/12 21:34:16 Started transferring input files
	Transferring to host: <128.142.61.35:9618?addrs=128.142.61.35-9618+[2001-1458-301-23--100-22]-9618&alias=b7s06p8993.cern.ch&noUDP&sock=slot1_13_3636_a40d_4794>
...
040 (3315585.005.000) 01/12 21:34:16 Finished transferring input files
...
001 (3315585.005.000) 01/12 21:34:17 Job executing on host: <128.142.61.35:9618?addrs=128.142.61.35-9618+[2001-1458-301-23--100-22]-9618&alias=b7s06p8993.cern.ch&noUDP&sock=startd_2959_34d3>
...
006 (3315585.005.000) 01/12 21:34:26 Image size of job updated: 395520
	14  -  MemoryUsage of job (MB)
	13668  -  ResidentSetSize of job (KB)
...
006 (3315585.005.000) 01/12 21:39:27 Image size of job updated: 2475808
	977  -  MemoryUsage of job (MB)
	1000220  -  ResidentSetSize of job (KB)
...
006 (3315585.005.000) 01/12 21:44:27 Image size of job updated: 2492192
	993  -  MemoryUsage of job (MB)
	1016604  -  ResidentSetSize of job (KB)
...
006 (3315585.005.000) 01/12 21:49:28 Image size of job updated: 2730140
	993  -  MemoryUsage of job (MB)
	1016604  -  ResidentSetSize of job (KB)
...
040 (3315585.005.000) 01/12 22:34:20 Started transferring output files
...
040 (3315585.005.000) 01/12 22:34:20 Finished transferring output files
...
009 (3315585.005.000) 01/12 22:34:20 Job was aborted.
	Job removed by SYSTEM_PERIODIC_REMOVE due to wall time exceeded allowed max.
...
