000 (3314617.009.000) 01/11 10:16:22 Job submitted from host: <188.185.70.244:9618?addrs=188.185.70.244-9618+[2001-1458-d00-7--100-2ee]-9618&alias=bigbird10.cern.ch&noUDP&sock=schedd_7001_aea1>
...
040 (3314617.009.000) 01/11 10:18:01 Started transferring input files
	Transferring to host: <128.142.58.109:9618?addrs=128.142.58.109-9618&alias=b7s03p6566.cern.ch&noUDP&sock=slot1_14_3610_524c_8192>
...
040 (3314617.009.000) 01/11 10:18:01 Finished transferring input files
...
001 (3314617.009.000) 01/11 10:18:02 Job executing on host: <128.142.58.109:9618?addrs=128.142.58.109-9618&alias=b7s03p6566.cern.ch&noUDP&sock=startd_3562_d06f>
...
006 (3314617.009.000) 01/11 10:18:11 Image size of job updated: 1256184
	155  -  MemoryUsage of job (MB)
	157836  -  ResidentSetSize of job (KB)
...
006 (3314617.009.000) 01/11 10:23:12 Image size of job updated: 2002748
	535  -  MemoryUsage of job (MB)
	547016  -  ResidentSetSize of job (KB)
...
006 (3314617.009.000) 01/11 10:26:50 Image size of job updated: 2009236
	535  -  MemoryUsage of job (MB)
	547016  -  ResidentSetSize of job (KB)
...
040 (3314617.009.000) 01/11 10:26:50 Started transferring output files
...
040 (3314617.009.000) 01/11 10:26:50 Finished transferring output files
...
004 (3314617.009.000) 01/11 10:26:50 Job was evicted.
	(0) CPU times
		Usr 0 00:00:51, Sys 0 00:00:06  -  Run Remote Usage
		Usr 0 00:00:00, Sys 0 00:00:00  -  Run Local Usage
	8205  -  Run Bytes Sent By Job
	10523  -  Run Bytes Received By Job
	Partitionable Resources :    Usage  Request Allocated 
	   Cpus                 :     0.04        4         4 
	   Disk (KB)            :    41           1   1379753 
	   Memory (MB)          :   535        8000      8000 
...
009 (3314617.009.000) 01/11 10:26:50 Job was aborted.
	via condor_rm (by user vdamante)
...
