000 (3295621.009.000) 01/10 15:27:47 Job submitted from host: <188.185.70.244:9618?addrs=188.185.70.244-9618+[2001-1458-d00-7--100-2ee]-9618&alias=bigbird10.cern.ch&noUDP&sock=schedd_7001_aea1>
...
040 (3295621.009.000) 01/10 15:32:46 Started transferring input files
	Transferring to host: <128.142.60.64:9618?addrs=128.142.60.64-9618+[2001-1458-301-22--100-3f]-9618&alias=b7s05p9861.cern.ch&noUDP&sock=slot1_3_3204_41fb_7479>
...
040 (3295621.009.000) 01/10 15:32:46 Finished transferring input files
...
001 (3295621.009.000) 01/10 15:32:47 Job executing on host: <128.142.60.64:9618?addrs=128.142.60.64-9618+[2001-1458-301-22--100-3f]-9618&alias=b7s05p9861.cern.ch&noUDP&sock=startd_2852_d031>
...
006 (3295621.009.000) 01/10 15:32:56 Image size of job updated: 320060
	155  -  MemoryUsage of job (MB)
	157760  -  ResidentSetSize of job (KB)
...
006 (3295621.009.000) 01/10 15:33:51 Image size of job updated: 1269552
	155  -  MemoryUsage of job (MB)
	157760  -  ResidentSetSize of job (KB)
...
040 (3295621.009.000) 01/10 15:33:51 Started transferring output files
...
040 (3295621.009.000) 01/10 15:33:51 Finished transferring output files
...
005 (3295621.009.000) 01/10 15:33:51 Job terminated.
	(1) Normal termination (return value 0)
		Usr 0 00:00:04, Sys 0 00:00:02  -  Run Remote Usage
		Usr 0 00:00:00, Sys 0 00:00:00  -  Run Local Usage
		Usr 0 00:00:04, Sys 0 00:00:02  -  Total Remote Usage
		Usr 0 00:00:00, Sys 0 00:00:00  -  Total Local Usage
	3014  -  Run Bytes Sent By Job
	10523  -  Run Bytes Received By Job
	3014  -  Total Bytes Sent By Job
	10523  -  Total Bytes Received By Job
	Partitionable Resources :    Usage  Request Allocated 
	   Cpus                 :                 4         4 
	   Disk (KB)            :       29        1   1283801 
	   Memory (MB)          :      155     8000      8000 

	Job terminated of its own accord at 2022-01-10T14:33:51Z.
...
