000 (3315594.005.000) 01/12 17:36:28 Job submitted from host: <188.185.70.244:9618?addrs=188.185.70.244-9618+[2001-1458-d00-7--100-2ee]-9618&alias=bigbird10.cern.ch&noUDP&sock=schedd_7001_aea1>
...
040 (3315594.005.000) 01/13 01:14:27 Started transferring input files
	Transferring to host: <188.184.164.121:9618?addrs=188.184.164.121-9618+[2001-1458-301-4e--100-73]-9618&alias=b7s13p1909.cern.ch&noUDP&sock=slot1_7_4794_8e7c_27151>
...
040 (3315594.005.000) 01/13 01:14:27 Finished transferring input files
...
001 (3315594.005.000) 01/13 01:14:28 Job executing on host: <188.184.164.121:9618?addrs=188.184.164.121-9618+[2001-1458-301-4e--100-73]-9618&alias=b7s13p1909.cern.ch&noUDP&sock=startd_4564_1a54>
...
006 (3315594.005.000) 01/13 01:14:37 Image size of job updated: 246840
	155  -  MemoryUsage of job (MB)
	157860  -  ResidentSetSize of job (KB)
...
006 (3315594.005.000) 01/13 01:14:44 Image size of job updated: 1297944
	155  -  MemoryUsage of job (MB)
	157860  -  ResidentSetSize of job (KB)
...
040 (3315594.005.000) 01/13 01:14:44 Started transferring output files
...
040 (3315594.005.000) 01/13 01:14:44 Finished transferring output files
...
005 (3315594.005.000) 01/13 01:14:44 Job terminated.
	(1) Normal termination (return value 1)
		Usr 0 00:00:07, Sys 0 00:00:02  -  Run Remote Usage
		Usr 0 00:00:00, Sys 0 00:00:00  -  Run Local Usage
		Usr 0 00:00:07, Sys 0 00:00:02  -  Total Remote Usage
		Usr 0 00:00:00, Sys 0 00:00:00  -  Total Local Usage
	3583  -  Run Bytes Sent By Job
	10530  -  Run Bytes Received By Job
	3583  -  Total Bytes Sent By Job
	10530  -  Total Bytes Received By Job
	Partitionable Resources :    Usage  Request Allocated 
	   Cpus                 :                 4         4 
	   Disk (KB)            :       31        1   3053552 
	   Memory (MB)          :      155     8000      8000 

	Job terminated of its own accord at 2022-01-13T00:14:44Z.
...
