000 (3315585.023.000) 01/12 17:11:14 Job submitted from host: <188.185.70.244:9618?addrs=188.185.70.244-9618+[2001-1458-d00-7--100-2ee]-9618&alias=bigbird10.cern.ch&noUDP&sock=schedd_7001_aea1>
...
040 (3315585.023.000) 01/12 21:59:09 Started transferring input files
	Transferring to host: <128.142.61.146:9618?addrs=128.142.61.146-9618+[2001-1458-301-23--100-91]-9618&alias=b7s06p9400.cern.ch&noUDP&sock=slot1_3_3653_9e6e_23728>
...
040 (3315585.023.000) 01/12 21:59:09 Finished transferring input files
...
001 (3315585.023.000) 01/12 21:59:10 Job executing on host: <128.142.61.146:9618?addrs=128.142.61.146-9618+[2001-1458-301-23--100-91]-9618&alias=b7s06p9400.cern.ch&noUDP&sock=startd_2985_0a4a>
...
006 (3315585.023.000) 01/12 21:59:19 Image size of job updated: 395520
	70  -  MemoryUsage of job (MB)
	71324  -  ResidentSetSize of job (KB)
...
006 (3315585.023.000) 01/12 22:04:20 Image size of job updated: 2506060
	1005  -  MemoryUsage of job (MB)
	1028916  -  ResidentSetSize of job (KB)
...
006 (3315585.023.000) 01/12 22:09:20 Image size of job updated: 2522444
	1021  -  MemoryUsage of job (MB)
	1045300  -  ResidentSetSize of job (KB)
...
006 (3315585.023.000) 01/12 22:14:20 Image size of job updated: 2596300
	1021  -  MemoryUsage of job (MB)
	1045300  -  ResidentSetSize of job (KB)
...
040 (3315585.023.000) 01/12 22:21:52 Started transferring output files
...
040 (3315585.023.000) 01/12 22:21:53 Finished transferring output files
...
005 (3315585.023.000) 01/12 22:21:53 Job terminated.
	(1) Normal termination (return value 0)
		Usr 0 00:12:12, Sys 0 00:00:06  -  Run Remote Usage
		Usr 0 00:00:00, Sys 0 00:00:00  -  Run Local Usage
		Usr 0 00:12:12, Sys 0 00:00:06  -  Total Remote Usage
		Usr 0 00:00:00, Sys 0 00:00:00  -  Total Local Usage
	16952532  -  Run Bytes Sent By Job
	10522  -  Run Bytes Received By Job
	16952532  -  Total Bytes Sent By Job
	10522  -  Total Bytes Received By Job
	Partitionable Resources :    Usage  Request Allocated 
	   Cpus                 :     0.15        4         4 
	   Disk (KB)            : 16589           1    484589 
	   Memory (MB)          :  1021        8000      8000 

	Job terminated of its own accord at 2022-01-12T21:21:52Z.
...
