000 (3315594.009.000) 01/12 17:36:28 Job submitted from host: <188.185.70.244:9618?addrs=188.185.70.244-9618+[2001-1458-d00-7--100-2ee]-9618&alias=bigbird10.cern.ch&noUDP&sock=schedd_7001_aea1>
...
040 (3315594.009.000) 01/13 01:14:21 Started transferring input files
	Transferring to host: <188.184.162.61:9618?addrs=188.184.162.61-9618+[2001-1458-301-4a--100-37]-9618&alias=b7s11p1063.cern.ch&noUDP&sock=slot1_9_3537_e2e9_26595>
...
040 (3315594.009.000) 01/13 01:14:21 Finished transferring input files
...
001 (3315594.009.000) 01/13 01:14:22 Job executing on host: <188.184.162.61:9618?addrs=188.184.162.61-9618+[2001-1458-301-4a--100-37]-9618&alias=b7s11p1063.cern.ch&noUDP&sock=startd_2972_1f8f>
...
006 (3315594.009.000) 01/13 01:14:30 Image size of job updated: 1256216
	162  -  MemoryUsage of job (MB)
	165628  -  ResidentSetSize of job (KB)
...
006 (3315594.009.000) 01/13 01:14:47 Image size of job updated: 1648064
	162  -  MemoryUsage of job (MB)
	165692  -  ResidentSetSize of job (KB)
...
040 (3315594.009.000) 01/13 01:14:48 Started transferring output files
...
040 (3315594.009.000) 01/13 01:14:48 Finished transferring output files
...
005 (3315594.009.000) 01/13 01:14:48 Job terminated.
	(1) Normal termination (return value 1)
		Usr 0 00:00:05, Sys 0 00:00:02  -  Run Remote Usage
		Usr 0 00:00:00, Sys 0 00:00:00  -  Run Local Usage
		Usr 0 00:00:05, Sys 0 00:00:02  -  Total Remote Usage
		Usr 0 00:00:00, Sys 0 00:00:00  -  Total Local Usage
	3832  -  Run Bytes Sent By Job
	10530  -  Run Bytes Received By Job
	3832  -  Total Bytes Sent By Job
	10530  -  Total Bytes Received By Job
	Partitionable Resources :    Usage  Request Allocated 
	   Cpus                 :                 4         4 
	   Disk (KB)            :       31        1   3053108 
	   Memory (MB)          :      162     8000      8000 

	Job terminated of its own accord at 2022-01-13T00:14:47Z.
...
