000 (3315585.018.000) 01/12 17:11:14 Job submitted from host: <188.185.70.244:9618?addrs=188.185.70.244-9618+[2001-1458-d00-7--100-2ee]-9618&alias=bigbird10.cern.ch&noUDP&sock=schedd_7001_aea1>
...
040 (3315585.018.000) 01/12 21:58:57 Started transferring input files
	Transferring to host: <128.142.61.18:9618?addrs=128.142.61.18-9618+[2001-1458-301-23--100-11]-9618&alias=b7s06p9853.cern.ch&noUDP&sock=slot1_40_3632_d28d_23099>
...
040 (3315585.018.000) 01/12 21:58:57 Finished transferring input files
...
001 (3315585.018.000) 01/12 21:58:58 Job executing on host: <128.142.61.18:9618?addrs=128.142.61.18-9618+[2001-1458-301-23--100-11]-9618&alias=b7s06p9853.cern.ch&noUDP&sock=startd_3584_e784>
...
006 (3315585.018.000) 01/12 21:59:07 Image size of job updated: 1669580
	213  -  MemoryUsage of job (MB)
	217876  -  ResidentSetSize of job (KB)
...
006 (3315585.018.000) 01/12 22:04:08 Image size of job updated: 2478660
	979  -  MemoryUsage of job (MB)
	1001496  -  ResidentSetSize of job (KB)
...
006 (3315585.018.000) 01/12 22:09:08 Image size of job updated: 2732968
	979  -  MemoryUsage of job (MB)
	1001496  -  ResidentSetSize of job (KB)
...
040 (3315585.018.000) 01/12 22:18:20 Started transferring output files
...
040 (3315585.018.000) 01/12 22:18:22 Finished transferring output files
...
005 (3315585.018.000) 01/12 22:18:22 Job terminated.
	(1) Normal termination (return value 0)
		Usr 0 00:08:34, Sys 0 00:00:04  -  Run Remote Usage
		Usr 0 00:00:00, Sys 0 00:00:00  -  Run Local Usage
		Usr 0 00:08:34, Sys 0 00:00:04  -  Total Remote Usage
		Usr 0 00:00:00, Sys 0 00:00:00  -  Total Local Usage
	16959928  -  Run Bytes Sent By Job
	10522  -  Run Bytes Received By Job
	16959928  -  Total Bytes Sent By Job
	10522  -  Total Bytes Received By Job
	Partitionable Resources :    Usage  Request Allocated 
	   Cpus                 :     0.10        4         4 
	   Disk (KB)            : 16597           1    540460 
	   Memory (MB)          :   979        8000      8000 

	Job terminated of its own accord at 2022-01-12T21:18:20Z.
...
