000 (3316950.017.000) 01/13 10:23:49 Job submitted from host: <188.185.70.244:9618?addrs=188.185.70.244-9618+[2001-1458-d00-7--100-2ee]-9618&alias=bigbird10.cern.ch&noUDP&sock=schedd_7001_aea1>
...
040 (3316950.017.000) 01/13 10:29:22 Started transferring input files
	Transferring to host: <128.142.60.120:9618?addrs=128.142.60.120-9618+[2001-1458-301-22--100-77]-9618&alias=b7s05p5970.cern.ch&noUDP&sock=slot1_6_4915_cfe1_30998>
...
040 (3316950.017.000) 01/13 10:29:22 Finished transferring input files
...
001 (3316950.017.000) 01/13 10:29:23 Job executing on host: <128.142.60.120:9618?addrs=128.142.60.120-9618+[2001-1458-301-22--100-77]-9618&alias=b7s05p5970.cern.ch&noUDP&sock=startd_4564_1a54>
...
006 (3316950.017.000) 01/13 10:29:31 Image size of job updated: 260408
	226  -  MemoryUsage of job (MB)
	231108  -  ResidentSetSize of job (KB)
...
006 (3316950.017.000) 01/13 10:34:31 Image size of job updated: 2027860
	555  -  MemoryUsage of job (MB)
	567488  -  ResidentSetSize of job (KB)
...
006 (3316950.017.000) 01/13 10:44:33 Image size of job updated: 2027860
	555  -  MemoryUsage of job (MB)
	567496  -  ResidentSetSize of job (KB)
...
006 (3316950.017.000) 01/13 10:49:33 Image size of job updated: 2161104
	692  -  MemoryUsage of job (MB)
	708596  -  ResidentSetSize of job (KB)
...
006 (3316950.017.000) 01/13 11:04:35 Image size of job updated: 2384344
	910  -  MemoryUsage of job (MB)
	931408  -  ResidentSetSize of job (KB)
...
006 (3316950.017.000) 01/13 11:14:36 Image size of job updated: 2384344
	911  -  MemoryUsage of job (MB)
	932060  -  ResidentSetSize of job (KB)
...
006 (3316950.017.000) 01/13 11:19:37 Image size of job updated: 2550852
	1050  -  MemoryUsage of job (MB)
	1075128  -  ResidentSetSize of job (KB)
...
006 (3316950.017.000) 01/13 11:24:37 Image size of job updated: 2550852
	1050  -  MemoryUsage of job (MB)
	1075132  -  ResidentSetSize of job (KB)
...
006 (3316950.017.000) 01/13 11:29:38 Image size of job updated: 2988700
	1292  -  MemoryUsage of job (MB)
	1322244  -  ResidentSetSize of job (KB)
...
006 (3316950.017.000) 01/13 11:44:39 Image size of job updated: 3177440
	1596  -  MemoryUsage of job (MB)
	1633428  -  ResidentSetSize of job (KB)
...
006 (3316950.017.000) 01/13 11:59:41 Image size of job updated: 3765188
	1919  -  MemoryUsage of job (MB)
	1964392  -  ResidentSetSize of job (KB)
...
006 (3316950.017.000) 01/13 12:09:43 Image size of job updated: 4317476
	2219  -  MemoryUsage of job (MB)
	2271992  -  ResidentSetSize of job (KB)
...
006 (3316950.017.000) 01/13 12:19:43 Image size of job updated: 4317476
	2223  -  MemoryUsage of job (MB)
	2276044  -  ResidentSetSize of job (KB)
...
006 (3316950.017.000) 01/13 12:24:44 Image size of job updated: 4595216
	2662  -  MemoryUsage of job (MB)
	2725720  -  ResidentSetSize of job (KB)
...
040 (3316950.017.000) 01/13 12:31:16 Started transferring output files
...
040 (3316950.017.000) 01/13 12:31:16 Finished transferring output files
...
005 (3316950.017.000) 01/13 12:31:16 Job terminated.
	(1) Normal termination (return value 0)
		Usr 0 00:11:10, Sys 0 00:00:28  -  Run Remote Usage
		Usr 0 00:00:00, Sys 0 00:00:00  -  Run Local Usage
		Usr 0 00:11:10, Sys 0 00:00:28  -  Total Remote Usage
		Usr 0 00:00:00, Sys 0 00:00:00  -  Total Local Usage
	1745304  -  Run Bytes Sent By Job
	10530  -  Run Bytes Received By Job
	1745304  -  Total Bytes Sent By Job
	10530  -  Total Bytes Received By Job
	Partitionable Resources :    Usage  Request Allocated 
	   Cpus                 :     0.03        4         4 
	   Disk (KB)            :  1738           1   1262919 
	   Memory (MB)          :  2662        8000      8000 

	Job terminated of its own accord at 2022-01-13T11:31:16Z.
...
