000 (3315602.000.000) 01/12 18:56:18 Job submitted from host: <188.185.70.244:9618?addrs=188.185.70.244-9618+[2001-1458-d00-7--100-2ee]-9618&alias=bigbird10.cern.ch&noUDP&sock=schedd_7001_aea1>
...
040 (3315602.000.000) 01/13 02:02:36 Started transferring input files
	Transferring to host: <188.184.163.54:9618?addrs=188.184.163.54-9618+[2001-1458-301-4d--100-30]-9618&alias=b7s12p7168.cern.ch&noUDP&sock=slot1_19_3941_8a79_27680>
...
040 (3315602.000.000) 01/13 02:02:36 Finished transferring input files
...
001 (3315602.000.000) 01/13 02:02:37 Job executing on host: <188.184.163.54:9618?addrs=188.184.163.54-9618+[2001-1458-301-4d--100-30]-9618&alias=b7s12p7168.cern.ch&noUDP&sock=startd_3186_e8d3>
...
006 (3315602.000.000) 01/13 02:02:46 Image size of job updated: 320972
	155  -  MemoryUsage of job (MB)
	158676  -  ResidentSetSize of job (KB)
...
006 (3315602.000.000) 01/13 02:07:47 Image size of job updated: 2549896
	1051  -  MemoryUsage of job (MB)
	1075732  -  ResidentSetSize of job (KB)
...
006 (3315602.000.000) 01/13 02:17:48 Image size of job updated: 2830556
	1051  -  MemoryUsage of job (MB)
	1075732  -  ResidentSetSize of job (KB)
...
040 (3315602.000.000) 01/13 02:19:06 Started transferring output files
...
040 (3315602.000.000) 01/13 02:19:08 Finished transferring output files
...
005 (3315602.000.000) 01/13 02:19:08 Job terminated.
	(1) Normal termination (return value 0)
		Usr 0 00:14:39, Sys 0 00:00:05  -  Run Remote Usage
		Usr 0 00:00:00, Sys 0 00:00:00  -  Run Local Usage
		Usr 0 00:14:39, Sys 0 00:00:05  -  Total Remote Usage
		Usr 0 00:00:00, Sys 0 00:00:00  -  Total Local Usage
	19529864  -  Run Bytes Sent By Job
	10521  -  Run Bytes Received By Job
	19529864  -  Total Bytes Sent By Job
	10521  -  Total Bytes Received By Job
	Partitionable Resources :    Usage  Request Allocated 
	   Cpus                 :     1.00        4         4 
	   Disk (KB)            : 19107           1   3031257 
	   Memory (MB)          :  1051        8000      8000 

	Job terminated of its own accord at 2022-01-13T01:19:05Z.
...
