000 (3321555.004.000) 01/17 16:54:45 Job submitted from host: <188.185.70.244:9618?addrs=188.185.70.244-9618+[2001-1458-d00-7--100-2ee]-9618&alias=bigbird10.cern.ch&noUDP&sock=schedd_7001_aea1>
...
040 (3321555.004.000) 01/17 16:57:29 Started transferring input files
	Transferring to host: <128.142.59.42:9618?addrs=128.142.59.42-9618+[2001-1458-301-21--100-29]-9618&alias=b7s04p6521.cern.ch&noUDP&sock=slot1_26_3440_8a85_36412>
...
040 (3321555.004.000) 01/17 16:57:29 Finished transferring input files
...
001 (3321555.004.000) 01/17 16:57:30 Job executing on host: <128.142.59.42:9618?addrs=128.142.59.42-9618+[2001-1458-301-21--100-29]-9618&alias=b7s04p6521.cern.ch&noUDP&sock=startd_2841_44a6>
...
006 (3321555.004.000) 01/17 16:57:39 Image size of job updated: 455580
	155  -  MemoryUsage of job (MB)
	157860  -  ResidentSetSize of job (KB)
...
006 (3321555.004.000) 01/17 17:02:40 Image size of job updated: 2105540
	637  -  MemoryUsage of job (MB)
	652168  -  ResidentSetSize of job (KB)
...
006 (3321555.004.000) 01/17 17:07:41 Image size of job updated: 2668092
	955  -  MemoryUsage of job (MB)
	977564  -  ResidentSetSize of job (KB)
...
006 (3321555.004.000) 01/17 17:12:41 Image size of job updated: 3010156
	1234  -  MemoryUsage of job (MB)
	1262992  -  ResidentSetSize of job (KB)
...
006 (3321555.004.000) 01/17 17:17:41 Image size of job updated: 3344652
	1539  -  MemoryUsage of job (MB)
	1575100  -  ResidentSetSize of job (KB)
...
006 (3321555.004.000) 01/17 17:22:42 Image size of job updated: 3344652
	1539  -  MemoryUsage of job (MB)
	1575392  -  ResidentSetSize of job (KB)
...
006 (3321555.004.000) 01/17 17:27:43 Image size of job updated: 3684824
	1855  -  MemoryUsage of job (MB)
	1898540  -  ResidentSetSize of job (KB)
...
006 (3321555.004.000) 01/17 17:37:44 Image size of job updated: 4125144
	2152  -  MemoryUsage of job (MB)
	2203332  -  ResidentSetSize of job (KB)
...
006 (3321555.004.000) 01/17 17:42:45 Image size of job updated: 4125144
	2155  -  MemoryUsage of job (MB)
	2206364  -  ResidentSetSize of job (KB)
...
006 (3321555.004.000) 01/17 17:47:45 Image size of job updated: 4553960
	2615  -  MemoryUsage of job (MB)
	2677724  -  ResidentSetSize of job (KB)
...
006 (3321555.004.000) 01/17 18:12:47 Image size of job updated: 5159016
	3080  -  MemoryUsage of job (MB)
	3153164  -  ResidentSetSize of job (KB)
...
006 (3321555.004.000) 01/17 18:47:50 Image size of job updated: 5744908
	3528  -  MemoryUsage of job (MB)
	3612512  -  ResidentSetSize of job (KB)
...
040 (3321555.004.000) 01/17 20:01:00 Started transferring output files
...
040 (3321555.004.000) 01/17 20:01:00 Finished transferring output files
...
005 (3321555.004.000) 01/17 20:01:00 Job terminated.
	(1) Normal termination (return value 0)
		Usr 0 00:31:13, Sys 0 00:01:00  -  Run Remote Usage
		Usr 0 00:00:00, Sys 0 00:00:00  -  Run Local Usage
		Usr 0 00:31:13, Sys 0 00:01:00  -  Total Remote Usage
		Usr 0 00:00:00, Sys 0 00:00:00  -  Total Local Usage
	1169  -  Run Bytes Sent By Job
	10521  -  Run Bytes Received By Job
	1169  -  Total Bytes Sent By Job
	10521  -  Total Bytes Received By Job
	Partitionable Resources :    Usage  Request Allocated 
	   Cpus                 :     0.45        4         4 
	   Disk (KB)            :    35           1   1359680 
	   Memory (MB)          :  3528        8000      8000 

	Job terminated of its own accord at 2022-01-17T19:01:00Z.
...
