000 (3316931.005.000) 01/13 09:45:34 Job submitted from host: <188.185.70.244:9618?addrs=188.185.70.244-9618+[2001-1458-d00-7--100-2ee]-9618&alias=bigbird10.cern.ch&noUDP&sock=schedd_7001_aea1>
...
040 (3316931.005.000) 01/13 09:49:00 Started transferring input files
	Transferring to host: <128.142.63.73:9618?addrs=128.142.63.73-9618&alias=b7s08p0796.cern.ch&noUDP&sock=slot1_15_4462_a1ef_29901>
...
040 (3316931.005.000) 01/13 09:49:00 Finished transferring input files
...
001 (3316931.005.000) 01/13 09:49:01 Job executing on host: <128.142.63.73:9618?addrs=128.142.63.73-9618&alias=b7s08p0796.cern.ch&noUDP&sock=startd_4075_b085>
...
006 (3316931.005.000) 01/13 09:49:09 Image size of job updated: 430380
	227  -  MemoryUsage of job (MB)
	231476  -  ResidentSetSize of job (KB)
...
006 (3316931.005.000) 01/13 09:49:14 Image size of job updated: 430380
	227  -  MemoryUsage of job (MB)
	231596  -  ResidentSetSize of job (KB)
...
040 (3316931.005.000) 01/13 09:49:14 Started transferring output files
...
040 (3316931.005.000) 01/13 09:49:14 Finished transferring output files
...
005 (3316931.005.000) 01/13 09:49:14 Job terminated.
	(1) Normal termination (return value 0)
		Usr 0 00:00:08, Sys 0 00:00:02  -  Run Remote Usage
		Usr 0 00:00:00, Sys 0 00:00:00  -  Run Local Usage
		Usr 0 00:00:08, Sys 0 00:00:02  -  Total Remote Usage
		Usr 0 00:00:00, Sys 0 00:00:00  -  Total Local Usage
	6707  -  Run Bytes Sent By Job
	10524  -  Run Bytes Received By Job
	6707  -  Total Bytes Sent By Job
	10524  -  Total Bytes Received By Job
	Partitionable Resources :    Usage  Request Allocated 
	   Cpus                 :                 4         4 
	   Disk (KB)            :       30        1   1271143 
	   Memory (MB)          :      227     8000      8000 

	Job terminated of its own accord at 2022-01-13T08:49:14Z.
...
