000 (3338423.005.000) 01/19 19:04:03 Job submitted from host: <188.185.70.244:9618?addrs=188.185.70.244-9618+[2001-1458-d00-7--100-2ee]-9618&alias=bigbird10.cern.ch&noUDP&sock=schedd_7001_aea1>
...
040 (3338423.005.000) 01/19 20:56:50 Started transferring input files
	Transferring to host: <128.142.57.120:9618?addrs=128.142.57.120-9618&alias=b7s02p9663.cern.ch&noUDP&sock=slot1_45_5158_070b_34237>
...
040 (3338423.005.000) 01/19 20:56:50 Finished transferring input files
...
001 (3338423.005.000) 01/19 20:56:51 Job executing on host: <128.142.57.120:9618?addrs=128.142.57.120-9618&alias=b7s02p9663.cern.ch&noUDP&sock=startd_4811_8639>
...
006 (3338423.005.000) 01/19 20:57:00 Image size of job updated: 371472
	155  -  MemoryUsage of job (MB)
	157848  -  ResidentSetSize of job (KB)
...
006 (3338423.005.000) 01/19 21:02:00 Image size of job updated: 1741964
	281  -  MemoryUsage of job (MB)
	287240  -  ResidentSetSize of job (KB)
...
006 (3338423.005.000) 01/19 21:07:00 Image size of job updated: 2303240
	630  -  MemoryUsage of job (MB)
	644920  -  ResidentSetSize of job (KB)
...
006 (3338423.005.000) 01/19 21:37:04 Image size of job updated: 2648636
	940  -  MemoryUsage of job (MB)
	962540  -  ResidentSetSize of job (KB)
...
006 (3338423.005.000) 01/19 22:07:08 Image size of job updated: 3137408
	1278  -  MemoryUsage of job (MB)
	1307924  -  ResidentSetSize of job (KB)
...
006 (3338423.005.000) 01/19 22:42:11 Image size of job updated: 3415384
	1555  -  MemoryUsage of job (MB)
	1592264  -  ResidentSetSize of job (KB)
...
006 (3338423.005.000) 01/19 23:12:14 Image size of job updated: 3847044
	1859  -  MemoryUsage of job (MB)
	1903036  -  ResidentSetSize of job (KB)
...
006 (3338423.005.000) 01/19 23:47:17 Image size of job updated: 4239656
	2351  -  MemoryUsage of job (MB)
	2406752  -  ResidentSetSize of job (KB)
...
006 (3338423.005.000) 01/20 00:17:20 Image size of job updated: 4239656
	2354  -  MemoryUsage of job (MB)
	2410244  -  ResidentSetSize of job (KB)
...
006 (3338423.005.000) 01/20 00:22:21 Image size of job updated: 4773452
	2789  -  MemoryUsage of job (MB)
	2855104  -  ResidentSetSize of job (KB)
...
006 (3338423.005.000) 01/20 00:52:24 Image size of job updated: 5106472
	2853  -  MemoryUsage of job (MB)
	2921356  -  ResidentSetSize of job (KB)
...
006 (3338423.005.000) 01/20 01:27:28 Image size of job updated: 5157316
	3201  -  MemoryUsage of job (MB)
	3276908  -  ResidentSetSize of job (KB)
...
040 (3338423.005.000) 01/20 01:56:21 Started transferring output files
...
040 (3338423.005.000) 01/20 01:56:21 Finished transferring output files
...
005 (3338423.005.000) 01/20 01:56:21 Job terminated.
	(1) Normal termination (return value 0)
		Usr 0 00:15:53, Sys 0 00:00:20  -  Run Remote Usage
		Usr 0 00:00:00, Sys 0 00:00:00  -  Run Local Usage
		Usr 0 00:15:53, Sys 0 00:00:20  -  Total Remote Usage
		Usr 0 00:00:00, Sys 0 00:00:00  -  Total Local Usage
	4535  -  Run Bytes Sent By Job
	11204  -  Run Bytes Received By Job
	4535  -  Total Bytes Sent By Job
	11204  -  Total Bytes Received By Job
	Partitionable Resources :    Usage  Request Allocated 
	   Cpus                 :     0.00        4         4 
	   Disk (KB)            :    38           1   1269969 
	   Memory (MB)          :  3201        8000      8000 

	Job terminated of its own accord at 2022-01-20T00:56:21Z.
...
