000 (3345270.004.000) 01/24 12:58:53 Job submitted from host: <188.185.70.244:9618?addrs=188.185.70.244-9618+[2001-1458-d00-7--100-2ee]-9618&alias=bigbird10.cern.ch&noUDP&sock=schedd_7001_aea1>
...
040 (3345270.004.000) 01/24 13:10:43 Started transferring input files
	Transferring to host: <128.142.248.61:9618?addrs=128.142.248.61-9618+[2001-1458-301-73--100-12d]-9618&alias=b7g23p5373.cern.ch&noUDP&sock=slot1_7_4073_8bff_10595>
...
040 (3345270.004.000) 01/24 13:10:43 Finished transferring input files
...
001 (3345270.004.000) 01/24 13:10:44 Job executing on host: <128.142.248.61:9618?addrs=128.142.248.61-9618+[2001-1458-301-73--100-12d]-9618&alias=b7g23p5373.cern.ch&noUDP&sock=startd_4020_f6cf>
...
006 (3345270.004.000) 01/24 13:10:52 Image size of job updated: 747604
	107  -  MemoryUsage of job (MB)
	108952  -  ResidentSetSize of job (KB)
...
006 (3345270.004.000) 01/24 13:11:06 Image size of job updated: 747604
	107  -  MemoryUsage of job (MB)
	108956  -  ResidentSetSize of job (KB)
...
040 (3345270.004.000) 01/24 13:11:06 Started transferring output files
...
040 (3345270.004.000) 01/24 13:11:06 Finished transferring output files
...
005 (3345270.004.000) 01/24 13:11:06 Job terminated.
	(1) Normal termination (return value 1)
		Usr 0 00:00:07, Sys 0 00:00:02  -  Run Remote Usage
		Usr 0 00:00:00, Sys 0 00:00:00  -  Run Local Usage
		Usr 0 00:00:07, Sys 0 00:00:02  -  Total Remote Usage
		Usr 0 00:00:00, Sys 0 00:00:00  -  Total Local Usage
	1620  -  Run Bytes Sent By Job
	11208  -  Run Bytes Received By Job
	1620  -  Total Bytes Sent By Job
	11208  -  Total Bytes Received By Job
	Partitionable Resources :    Usage  Request Allocated 
	   Cpus                 :                 4         4 
	   Disk (KB)            :       30        1   3097646 
	   Memory (MB)          :      107     8000      8000 

	Job terminated of its own accord at 2022-01-24T12:11:06Z.
...
