000 (3314665.007.000) 01/11 17:14:15 Job submitted from host: <188.185.70.244:9618?addrs=188.185.70.244-9618+[2001-1458-d00-7--100-2ee]-9618&alias=bigbird10.cern.ch&noUDP&sock=schedd_7001_aea1>
...
040 (3314665.007.000) 01/11 20:19:26 Started transferring input files
	Transferring to host: <128.142.61.91:9618?addrs=128.142.61.91-9618+[2001-1458-301-23--100-5a]-9618&alias=b7s06p6356.cern.ch&noUDP&sock=slot1_5_6058_28af_28920>
...
040 (3314665.007.000) 01/11 20:19:27 Finished transferring input files
...
001 (3314665.007.000) 01/11 20:19:27 Job executing on host: <128.142.61.91:9618?addrs=128.142.61.91-9618+[2001-1458-301-23--100-5a]-9618&alias=b7s06p6356.cern.ch&noUDP&sock=startd_5711_d975>
...
006 (3314665.007.000) 01/11 20:19:36 Image size of job updated: 706668
	155  -  MemoryUsage of job (MB)
	158704  -  ResidentSetSize of job (KB)
...
006 (3314665.007.000) 01/11 20:24:36 Image size of job updated: 2533216
	1031  -  MemoryUsage of job (MB)
	1055460  -  ResidentSetSize of job (KB)
...
006 (3314665.007.000) 01/11 20:29:36 Image size of job updated: 2813896
	1031  -  MemoryUsage of job (MB)
	1055460  -  ResidentSetSize of job (KB)
...
040 (3314665.007.000) 01/11 20:35:27 Started transferring output files
...
040 (3314665.007.000) 01/11 20:35:29 Finished transferring output files
...
005 (3314665.007.000) 01/11 20:35:29 Job terminated.
	(1) Normal termination (return value 0)
		Usr 0 00:09:31, Sys 0 00:00:03  -  Run Remote Usage
		Usr 0 00:00:00, Sys 0 00:00:00  -  Run Local Usage
		Usr 0 00:09:31, Sys 0 00:00:03  -  Total Remote Usage
		Usr 0 00:00:00, Sys 0 00:00:00  -  Total Local Usage
	19530224  -  Run Bytes Sent By Job
	10521  -  Run Bytes Received By Job
	19530224  -  Total Bytes Sent By Job
	10521  -  Total Bytes Received By Job
	Partitionable Resources :    Usage  Request Allocated 
	   Cpus                 :     1.00        4         4 
	   Disk (KB)            : 19106           1   1273398 
	   Memory (MB)          :  1031        8000      8000 

	Job terminated of its own accord at 2022-01-11T19:35:27Z.
...
