000 (3321555.013.000) 01/17 16:54:45 Job submitted from host: <188.185.70.244:9618?addrs=188.185.70.244-9618+[2001-1458-d00-7--100-2ee]-9618&alias=bigbird10.cern.ch&noUDP&sock=schedd_7001_aea1>
...
040 (3321555.013.000) 01/17 16:57:29 Started transferring input files
	Transferring to host: <188.184.160.181:9618?addrs=188.184.160.181-9618+[2001-1458-301-48--100-af]-9618&alias=b7s09p6987.cern.ch&noUDP&sock=slot1_8_4913_6721_33496>
...
040 (3321555.013.000) 01/17 16:57:29 Finished transferring input files
...
001 (3321555.013.000) 01/17 16:57:30 Job executing on host: <188.184.160.181:9618?addrs=188.184.160.181-9618+[2001-1458-301-48--100-af]-9618&alias=b7s09p6987.cern.ch&noUDP&sock=startd_4670_cf5e>
...
006 (3321555.013.000) 01/17 16:57:38 Image size of job updated: 744772
	155  -  MemoryUsage of job (MB)
	157868  -  ResidentSetSize of job (KB)
...
040 (3321555.013.000) 01/17 16:57:42 Started transferring output files
...
040 (3321555.013.000) 01/17 16:57:42 Finished transferring output files
...
005 (3321555.013.000) 01/17 16:57:42 Job terminated.
	(1) Normal termination (return value 1)
		Usr 0 00:00:04, Sys 0 00:00:02  -  Run Remote Usage
		Usr 0 00:00:00, Sys 0 00:00:00  -  Run Local Usage
		Usr 0 00:00:04, Sys 0 00:00:02  -  Total Remote Usage
		Usr 0 00:00:00, Sys 0 00:00:00  -  Total Local Usage
	23935  -  Run Bytes Sent By Job
	10521  -  Run Bytes Received By Job
	23935  -  Total Bytes Sent By Job
	10521  -  Total Bytes Received By Job
	Partitionable Resources :    Usage  Request Allocated 
	   Cpus                 :                 4         4 
	   Disk (KB)            :       50        1   1312564 
	   Memory (MB)          :      155     8000      8000 

	Job terminated of its own accord at 2022-01-17T15:57:42Z.
...
