000 (3346194.010.000) 01/24 15:09:45 Job submitted from host: <188.185.70.244:9618?addrs=188.185.70.244-9618+[2001-1458-d00-7--100-2ee]-9618&alias=bigbird10.cern.ch&noUDP&sock=schedd_7001_aea1>
...
040 (3346194.010.000) 01/24 15:26:56 Started transferring input files
	Transferring to host: <128.142.56.161:9618?addrs=128.142.56.161-9618+[2001-1458-301-6--100-a0]-9618&alias=b7s01p2847.cern.ch&noUDP&sock=slot1_7_3200_707b_14732>
...
040 (3346194.010.000) 01/24 15:26:56 Finished transferring input files
...
001 (3346194.010.000) 01/24 15:26:57 Job executing on host: <128.142.56.161:9618?addrs=128.142.56.161-9618+[2001-1458-301-6--100-a0]-9618&alias=b7s01p2847.cern.ch&noUDP&sock=startd_2855_defa>
...
006 (3346194.010.000) 01/24 15:27:06 Image size of job updated: 1256248
	155  -  MemoryUsage of job (MB)
	157912  -  ResidentSetSize of job (KB)
...
006 (3346194.010.000) 01/24 15:27:27 Image size of job updated: 1741164
	155  -  MemoryUsage of job (MB)
	157912  -  ResidentSetSize of job (KB)
...
040 (3346194.010.000) 01/24 15:27:27 Started transferring output files
...
040 (3346194.010.000) 01/24 15:27:27 Finished transferring output files
...
005 (3346194.010.000) 01/24 15:27:28 Job terminated.
	(1) Normal termination (return value 0)
		Usr 0 00:00:11, Sys 0 00:00:02  -  Run Remote Usage
		Usr 0 00:00:00, Sys 0 00:00:00  -  Run Local Usage
		Usr 0 00:00:11, Sys 0 00:00:02  -  Total Remote Usage
		Usr 0 00:00:00, Sys 0 00:00:00  -  Total Local Usage
	6146  -  Run Bytes Sent By Job
	11208  -  Run Bytes Received By Job
	6146  -  Total Bytes Sent By Job
	11208  -  Total Bytes Received By Job
	Partitionable Resources :    Usage  Request Allocated 
	   Cpus                 :                 4         4 
	   Disk (KB)            :       31        1   1092961 
	   Memory (MB)          :      155     8000      8000 

	Job terminated of its own accord at 2022-01-24T14:27:27Z.
...
