000 (3346194.008.000) 01/24 15:09:45 Job submitted from host: <188.185.70.244:9618?addrs=188.185.70.244-9618+[2001-1458-d00-7--100-2ee]-9618&alias=bigbird10.cern.ch&noUDP&sock=schedd_7001_aea1>
...
040 (3346194.008.000) 01/24 15:25:07 Started transferring input files
	Transferring to host: <128.142.61.146:9618?addrs=128.142.61.146-9618+[2001-1458-301-23--100-91]-9618&alias=b7s06p9400.cern.ch&noUDP&sock=slot1_4_3461_5666_3076>
...
040 (3346194.008.000) 01/24 15:25:07 Finished transferring input files
...
001 (3346194.008.000) 01/24 15:25:08 Job executing on host: <128.142.61.146:9618?addrs=128.142.61.146-9618+[2001-1458-301-23--100-91]-9618&alias=b7s06p9400.cern.ch&noUDP&sock=startd_2800_2544>
...
006 (3346194.008.000) 01/24 15:25:16 Image size of job updated: 1258536
	158  -  MemoryUsage of job (MB)
	161036  -  ResidentSetSize of job (KB)
...
006 (3346194.008.000) 01/24 15:28:09 Image size of job updated: 1738296
	158  -  MemoryUsage of job (MB)
	161036  -  ResidentSetSize of job (KB)
...
040 (3346194.008.000) 01/24 15:28:09 Started transferring output files
...
040 (3346194.008.000) 01/24 15:28:09 Finished transferring output files
...
005 (3346194.008.000) 01/24 15:28:09 Job terminated.
	(1) Normal termination (return value 0)
		Usr 0 00:00:20, Sys 0 00:00:02  -  Run Remote Usage
		Usr 0 00:00:00, Sys 0 00:00:00  -  Run Local Usage
		Usr 0 00:00:20, Sys 0 00:00:02  -  Total Remote Usage
		Usr 0 00:00:00, Sys 0 00:00:00  -  Total Local Usage
	6146  -  Run Bytes Sent By Job
	11208  -  Run Bytes Received By Job
	6146  -  Total Bytes Sent By Job
	11208  -  Total Bytes Received By Job
	Partitionable Resources :    Usage  Request Allocated 
	   Cpus                 :                 4         4 
	   Disk (KB)            :       32        1   1312340 
	   Memory (MB)          :      158     8000      8000 

	Job terminated of its own accord at 2022-01-24T14:28:09Z.
...
