000 (3315602.004.000) 01/12 18:56:18 Job submitted from host: <188.185.70.244:9618?addrs=188.185.70.244-9618+[2001-1458-d00-7--100-2ee]-9618&alias=bigbird10.cern.ch&noUDP&sock=schedd_7001_aea1>
...
040 (3315602.004.000) 01/13 02:11:21 Started transferring input files
	Transferring to host: <128.142.56.36:9618?addrs=128.142.56.36-9618&alias=b7s01p5421.cern.ch&noUDP&sock=slot1_7_4532_f431_27637>
...
040 (3315602.004.000) 01/13 02:11:21 Finished transferring input files
...
001 (3315602.004.000) 01/13 02:11:22 Job executing on host: <128.142.56.36:9618?addrs=128.142.56.36-9618&alias=b7s01p5421.cern.ch&noUDP&sock=startd_4158_9ee1>
...
006 (3315602.004.000) 01/13 02:11:31 Image size of job updated: 452252
	166  -  MemoryUsage of job (MB)
	169792  -  ResidentSetSize of job (KB)
...
006 (3315602.004.000) 01/13 02:16:32 Image size of job updated: 2547816
	1045  -  MemoryUsage of job (MB)
	1069188  -  ResidentSetSize of job (KB)
...
006 (3315602.004.000) 01/13 02:21:32 Image size of job updated: 2852708
	1313  -  MemoryUsage of job (MB)
	1344272  -  ResidentSetSize of job (KB)
...
040 (3315602.004.000) 01/13 02:46:19 Started transferring output files
...
040 (3315602.004.000) 01/13 02:46:23 Finished transferring output files
...
005 (3315602.004.000) 01/13 02:46:23 Job terminated.
	(1) Normal termination (return value 0)
		Usr 0 00:11:11, Sys 0 00:00:07  -  Run Remote Usage
		Usr 0 00:00:00, Sys 0 00:00:00  -  Run Local Usage
		Usr 0 00:11:11, Sys 0 00:00:07  -  Total Remote Usage
		Usr 0 00:00:00, Sys 0 00:00:00  -  Total Local Usage
	19530636  -  Run Bytes Sent By Job
	10521  -  Run Bytes Received By Job
	19530636  -  Total Bytes Sent By Job
	10521  -  Total Bytes Received By Job
	Partitionable Resources :    Usage  Request Allocated 
	   Cpus                 :     0.03        4         4 
	   Disk (KB)            : 19106           1   1228804 
	   Memory (MB)          :  1313        8000      8000 

	Job terminated of its own accord at 2022-01-13T01:46:19Z.
...
