000 (3314659.011.000) 01/11 17:12:17 Job submitted from host: <188.185.70.244:9618?addrs=188.185.70.244-9618+[2001-1458-d00-7--100-2ee]-9618&alias=bigbird10.cern.ch&noUDP&sock=schedd_7001_aea1>
...
040 (3314659.011.000) 01/11 20:18:55 Started transferring input files
	Transferring to host: <128.142.59.29:9618?addrs=128.142.59.29-9618+[2001-1458-301-21--100-1c]-9618&alias=b7s04p6263.cern.ch&noUDP&sock=slot1_18_3620_5e0c_27985>
...
040 (3314659.011.000) 01/11 20:18:55 Finished transferring input files
...
001 (3314659.011.000) 01/11 20:18:56 Job executing on host: <128.142.59.29:9618?addrs=128.142.59.29-9618+[2001-1458-301-21--100-1c]-9618&alias=b7s04p6263.cern.ch&noUDP&sock=startd_2963_f334>
...
006 (3314659.011.000) 01/11 20:19:05 Image size of job updated: 452252
	196  -  MemoryUsage of job (MB)
	200148  -  ResidentSetSize of job (KB)
...
040 (3314659.011.000) 01/11 20:19:08 Started transferring output files
...
040 (3314659.011.000) 01/11 20:19:08 Finished transferring output files
...
005 (3314659.011.000) 01/11 20:19:08 Job terminated.
	(1) Normal termination (return value 1)
		Usr 0 00:00:03, Sys 0 00:00:02  -  Run Remote Usage
		Usr 0 00:00:00, Sys 0 00:00:00  -  Run Local Usage
		Usr 0 00:00:03, Sys 0 00:00:02  -  Total Remote Usage
		Usr 0 00:00:00, Sys 0 00:00:00  -  Total Local Usage
	1697  -  Run Bytes Sent By Job
	10524  -  Run Bytes Received By Job
	1697  -  Total Bytes Sent By Job
	10524  -  Total Bytes Received By Job
	Partitionable Resources :    Usage  Request Allocated 
	   Cpus                 :                 4         4 
	   Disk (KB)            :       28        1   1283562 
	   Memory (MB)          :      196     8000      8000 

	Job terminated of its own accord at 2022-01-11T19:19:08Z.
...
