000 (3314662.014.000) 01/11 17:12:54 Job submitted from host: <188.185.70.244:9618?addrs=188.185.70.244-9618+[2001-1458-d00-7--100-2ee]-9618&alias=bigbird10.cern.ch&noUDP&sock=schedd_7001_aea1>
...
040 (3314662.014.000) 01/11 20:19:12 Started transferring input files
	Transferring to host: <128.142.58.134:9618?addrs=128.142.58.134-9618&alias=b7s03p7532.cern.ch&noUDP&sock=slot1_7_4867_fddf_29980>
...
040 (3314662.014.000) 01/11 20:19:12 Finished transferring input files
...
001 (3314662.014.000) 01/11 20:19:13 Job executing on host: <128.142.58.134:9618?addrs=128.142.58.134-9618&alias=b7s03p7532.cern.ch&noUDP&sock=startd_4503_430e>
...
006 (3314662.014.000) 01/11 20:19:22 Image size of job updated: 320112
	155  -  MemoryUsage of job (MB)
	157800  -  ResidentSetSize of job (KB)
...
006 (3314662.014.000) 01/11 20:24:23 Image size of job updated: 1886884
	420  -  MemoryUsage of job (MB)
	429728  -  ResidentSetSize of job (KB)
...
006 (3314662.014.000) 01/11 20:29:23 Image size of job updated: 1886884
	420  -  MemoryUsage of job (MB)
	429760  -  ResidentSetSize of job (KB)
...
006 (3314662.014.000) 01/11 20:49:24 Image size of job updated: 2002780
	535  -  MemoryUsage of job (MB)
	546948  -  ResidentSetSize of job (KB)
...
006 (3314662.014.000) 01/11 21:04:26 Image size of job updated: 2151396
	680  -  MemoryUsage of job (MB)
	696096  -  ResidentSetSize of job (KB)
...
006 (3314662.014.000) 01/11 21:19:28 Image size of job updated: 2272932
	801  -  MemoryUsage of job (MB)
	819520  -  ResidentSetSize of job (KB)
...
006 (3314662.014.000) 01/11 21:24:28 Image size of job updated: 2272932
	801  -  MemoryUsage of job (MB)
	819892  -  ResidentSetSize of job (KB)
...
006 (3314662.014.000) 01/11 21:29:29 Image size of job updated: 2524284
	971  -  MemoryUsage of job (MB)
	994260  -  ResidentSetSize of job (KB)
...
006 (3314662.014.000) 01/11 21:34:29 Image size of job updated: 2652708
	1165  -  MemoryUsage of job (MB)
	1192108  -  ResidentSetSize of job (KB)
...
006 (3314662.014.000) 01/11 21:44:30 Image size of job updated: 2846192
	1354  -  MemoryUsage of job (MB)
	1385664  -  ResidentSetSize of job (KB)
...
006 (3314662.014.000) 01/11 21:54:31 Image size of job updated: 3092260
	1579  -  MemoryUsage of job (MB)
	1616408  -  ResidentSetSize of job (KB)
...
006 (3314662.014.000) 01/11 22:04:33 Image size of job updated: 3348556
	1823  -  MemoryUsage of job (MB)
	1865816  -  ResidentSetSize of job (KB)
...
006 (3314662.014.000) 01/11 22:09:33 Image size of job updated: 3348556
	1825  -  MemoryUsage of job (MB)
	1868528  -  ResidentSetSize of job (KB)
...
006 (3314662.014.000) 01/11 22:14:33 Image size of job updated: 3883448
	2100  -  MemoryUsage of job (MB)
	2149580  -  ResidentSetSize of job (KB)
...
040 (3314662.014.000) 01/11 22:18:44 Started transferring output files
...
040 (3314662.014.000) 01/11 22:18:44 Finished transferring output files
...
005 (3314662.014.000) 01/11 22:18:44 Job terminated.
	(1) Normal termination (return value 0)
		Usr 0 00:07:14, Sys 0 00:00:23  -  Run Remote Usage
		Usr 0 00:00:00, Sys 0 00:00:00  -  Run Local Usage
		Usr 0 00:07:14, Sys 0 00:00:23  -  Total Remote Usage
		Usr 0 00:00:00, Sys 0 00:00:00  -  Total Local Usage
	183489  -  Run Bytes Sent By Job
	10522  -  Run Bytes Received By Job
	183489  -  Total Bytes Sent By Job
	10522  -  Total Bytes Received By Job
	Partitionable Resources :    Usage  Request Allocated 
	   Cpus                 :     0.04        4         4 
	   Disk (KB)            :   212           1   1293330 
	   Memory (MB)          :  2100        8000      8000 

	Job terminated of its own accord at 2022-01-11T21:18:44Z.
...
