000 (3338423.012.000) 01/19 19:04:03 Job submitted from host: <188.185.70.244:9618?addrs=188.185.70.244-9618+[2001-1458-d00-7--100-2ee]-9618&alias=bigbird10.cern.ch&noUDP&sock=schedd_7001_aea1>
...
040 (3338423.012.000) 01/19 20:56:53 Started transferring input files
	Transferring to host: <128.142.128.164:9618?addrs=128.142.128.164-9618+[2001-1458-301-10--100-a3]-9618&alias=b7g25p9480.cern.ch&noUDP&sock=slot1_36_7633_e38f_112932>
...
040 (3338423.012.000) 01/19 20:56:53 Finished transferring input files
...
001 (3338423.012.000) 01/19 20:56:54 Job executing on host: <128.142.128.164:9618?addrs=128.142.128.164-9618+[2001-1458-301-10--100-a3]-9618&alias=b7g25p9480.cern.ch&noUDP&sock=startd_7774_e557>
...
006 (3338423.012.000) 01/19 20:57:03 Image size of job updated: 320160
	155  -  MemoryUsage of job (MB)
	157852  -  ResidentSetSize of job (KB)
...
006 (3338423.012.000) 01/19 21:02:04 Image size of job updated: 2299324
	627  -  MemoryUsage of job (MB)
	641368  -  ResidentSetSize of job (KB)
...
006 (3338423.012.000) 01/19 21:12:05 Image size of job updated: 2487496
	945  -  MemoryUsage of job (MB)
	967564  -  ResidentSetSize of job (KB)
...
006 (3338423.012.000) 01/19 21:27:07 Image size of job updated: 3028884
	1231  -  MemoryUsage of job (MB)
	1259736  -  ResidentSetSize of job (KB)
...
006 (3338423.012.000) 01/19 21:57:11 Image size of job updated: 3408992
	1538  -  MemoryUsage of job (MB)
	1574848  -  ResidentSetSize of job (KB)
...
006 (3338423.012.000) 01/19 22:27:15 Image size of job updated: 3408992
	1539  -  MemoryUsage of job (MB)
	1575352  -  ResidentSetSize of job (KB)
...
006 (3338423.012.000) 01/19 22:32:15 Image size of job updated: 3829212
	1864  -  MemoryUsage of job (MB)
	1907848  -  ResidentSetSize of job (KB)
...
006 (3338423.012.000) 01/19 22:52:16 Image size of job updated: 4271156
	2343  -  MemoryUsage of job (MB)
	2399136  -  ResidentSetSize of job (KB)
...
006 (3338423.012.000) 01/19 22:57:17 Image size of job updated: 4271156
	2343  -  MemoryUsage of job (MB)
	2399140  -  ResidentSetSize of job (KB)
...
006 (3338423.012.000) 01/19 23:12:18 Image size of job updated: 4271156
	2397  -  MemoryUsage of job (MB)
	2454500  -  ResidentSetSize of job (KB)
...
006 (3338423.012.000) 01/19 23:17:19 Image size of job updated: 4758056
	2775  -  MemoryUsage of job (MB)
	2841064  -  ResidentSetSize of job (KB)
...
006 (3338423.012.000) 01/19 23:42:21 Image size of job updated: 5313672
	3225  -  MemoryUsage of job (MB)
	3302148  -  ResidentSetSize of job (KB)
...
006 (3338423.012.000) 01/20 00:22:26 Image size of job updated: 5313672
	3226  -  MemoryUsage of job (MB)
	3302856  -  ResidentSetSize of job (KB)
...
006 (3338423.012.000) 01/20 00:27:26 Image size of job updated: 5885092
	3743  -  MemoryUsage of job (MB)
	3832712  -  ResidentSetSize of job (KB)
...
040 (3338423.012.000) 01/20 00:32:41 Started transferring output files
...
040 (3338423.012.000) 01/20 00:32:41 Finished transferring output files
...
005 (3338423.012.000) 01/20 00:32:41 Job terminated.
	(1) Normal termination (return value 0)
		Usr 0 00:21:40, Sys 0 00:00:29  -  Run Remote Usage
		Usr 0 00:00:00, Sys 0 00:00:00  -  Run Local Usage
		Usr 0 00:21:40, Sys 0 00:00:29  -  Total Remote Usage
		Usr 0 00:00:00, Sys 0 00:00:00  -  Total Local Usage
	9383  -  Run Bytes Sent By Job
	11204  -  Run Bytes Received By Job
	9383  -  Total Bytes Sent By Job
	11204  -  Total Bytes Received By Job
	Partitionable Resources :    Usage  Request Allocated 
	   Cpus                 :     0.14        4         4 
	   Disk (KB)            :    41           1   1555053 
	   Memory (MB)          :  3743        8000      8000 

	Job terminated of its own accord at 2022-01-19T23:32:41Z.
...
