000 (3342120.007.000) 01/20 16:18:24 Job submitted from host: <188.185.70.244:9618?addrs=188.185.70.244-9618+[2001-1458-d00-7--100-2ee]-9618&alias=bigbird10.cern.ch&noUDP&sock=schedd_7001_aea1>
...
040 (3342120.007.000) 01/20 16:49:54 Entered queue to transfer input files
	Transferring to host: <128.142.61.145:9618?addrs=128.142.61.145-9618+[2001-1458-301-23--100-90]-9618&alias=b7s06p8186.cern.ch&noUDP&sock=slot1_18_3646_afcd_36759>
...
040 (3342120.007.000) 01/20 16:49:59 Started transferring input files
	Seconds spent in queue: 5
...
040 (3342120.007.000) 01/20 16:49:59 Finished transferring input files
...
001 (3342120.007.000) 01/20 16:50:00 Job executing on host: <128.142.61.145:9618?addrs=128.142.61.145-9618+[2001-1458-301-23--100-90]-9618&alias=b7s06p8186.cern.ch&noUDP&sock=startd_2980_9c50>
...
006 (3342120.007.000) 01/20 16:50:09 Image size of job updated: 1602584
	251  -  MemoryUsage of job (MB)
	257004  -  ResidentSetSize of job (KB)
...
006 (3342120.007.000) 01/20 16:50:29 Image size of job updated: 1744028
	252  -  MemoryUsage of job (MB)
	257112  -  ResidentSetSize of job (KB)
...
040 (3342120.007.000) 01/20 16:50:34 Entered queue to transfer output files
...
040 (3342120.007.000) 01/20 16:50:44 Started transferring output files
	Seconds spent in queue: 50
...
040 (3342120.007.000) 01/20 16:50:44 Finished transferring output files
...
005 (3342120.007.000) 01/20 16:50:44 Job terminated.
	(1) Normal termination (return value 0)
		Usr 0 00:00:09, Sys 0 00:00:02  -  Run Remote Usage
		Usr 0 00:00:00, Sys 0 00:00:00  -  Run Local Usage
		Usr 0 00:00:09, Sys 0 00:00:02  -  Total Remote Usage
		Usr 0 00:00:00, Sys 0 00:00:00  -  Total Local Usage
	1359  -  Run Bytes Sent By Job
	11208  -  Run Bytes Received By Job
	1359  -  Total Bytes Sent By Job
	11208  -  Total Bytes Received By Job
	Partitionable Resources :    Usage  Request Allocated 
	   Cpus                 :                 4         4 
	   Disk (KB)            :       29        1   1301897 
	   Memory (MB)          :      252     8000      8000 

	Job terminated of its own accord at 2022-01-20T15:50:29Z.
...
