000 (3342119.004.000) 01/20 16:17:58 Job submitted from host: <188.185.70.244:9618?addrs=188.185.70.244-9618+[2001-1458-d00-7--100-2ee]-9618&alias=bigbird10.cern.ch&noUDP&sock=schedd_7001_aea1>
...
040 (3342119.004.000) 01/20 16:27:20 Started transferring input files
	Transferring to host: <188.184.164.209:9618?addrs=188.184.164.209-9618&alias=b7s13p6163.cern.ch&noUDP&sock=slot1_24_4287_5447_35030>
...
040 (3342119.004.000) 01/20 16:27:20 Finished transferring input files
...
001 (3342119.004.000) 01/20 16:27:21 Job executing on host: <188.184.164.209:9618?addrs=188.184.164.209-9618&alias=b7s13p6163.cern.ch&noUDP&sock=startd_4056_a838>
...
006 (3342119.004.000) 01/20 16:27:29 Image size of job updated: 377712
	155  -  MemoryUsage of job (MB)
	157884  -  ResidentSetSize of job (KB)
...
006 (3342119.004.000) 01/20 16:32:12 Image size of job updated: 1741476
	155  -  MemoryUsage of job (MB)
	157884  -  ResidentSetSize of job (KB)
...
040 (3342119.004.000) 01/20 16:32:17 Entered queue to transfer output files
...
040 (3342119.004.000) 01/20 16:36:54 Started transferring output files
...
040 (3342119.004.000) 01/20 16:36:54 Finished transferring output files
...
005 (3342119.004.000) 01/20 16:36:54 Job terminated.
	(1) Normal termination (return value 0)
		Usr 0 00:00:45, Sys 0 00:00:04  -  Run Remote Usage
		Usr 0 00:00:00, Sys 0 00:00:00  -  Run Local Usage
		Usr 0 00:00:45, Sys 0 00:00:04  -  Total Remote Usage
		Usr 0 00:00:00, Sys 0 00:00:00  -  Total Local Usage
	1292  -  Run Bytes Sent By Job
	11205  -  Run Bytes Received By Job
	1292  -  Total Bytes Sent By Job
	11205  -  Total Bytes Received By Job
	Partitionable Resources :    Usage  Request Allocated 
	   Cpus                 :                 4         4 
	   Disk (KB)            :       29        1   3058830 
	   Memory (MB)          :      155     8000      8000 

	Job terminated of its own accord at 2022-01-20T15:32:12Z.
...
