000 (3346193.014.000) 01/24 15:09:39 Job submitted from host: <188.185.70.244:9618?addrs=188.185.70.244-9618+[2001-1458-d00-7--100-2ee]-9618&alias=bigbird10.cern.ch&noUDP&sock=schedd_7001_aea1>
...
040 (3346193.014.000) 01/24 15:18:18 Started transferring input files
	Transferring to host: <128.142.248.194:9618?addrs=128.142.248.194-9618+[2001-1458-301-73--100-c1]-9618&alias=b7g23p8054.cern.ch&noUDP&sock=slot1_16_3970_f95b_10996>
...
040 (3346193.014.000) 01/24 15:18:18 Finished transferring input files
...
001 (3346193.014.000) 01/24 15:18:19 Job executing on host: <128.142.248.194:9618?addrs=128.142.248.194-9618+[2001-1458-301-73--100-c1]-9618&alias=b7g23p8054.cern.ch&noUDP&sock=startd_3916_a0f6>
...
006 (3346193.014.000) 01/24 15:18:28 Image size of job updated: 707444
	136  -  MemoryUsage of job (MB)
	138960  -  ResidentSetSize of job (KB)
...
006 (3346193.014.000) 01/24 15:19:30 Image size of job updated: 1739176
	136  -  MemoryUsage of job (MB)
	139024  -  ResidentSetSize of job (KB)
...
040 (3346193.014.000) 01/24 15:19:30 Started transferring output files
...
040 (3346193.014.000) 01/24 15:19:30 Finished transferring output files
...
005 (3346193.014.000) 01/24 15:19:30 Job terminated.
	(1) Normal termination (return value 0)
		Usr 0 00:00:22, Sys 0 00:00:03  -  Run Remote Usage
		Usr 0 00:00:00, Sys 0 00:00:00  -  Run Local Usage
		Usr 0 00:00:22, Sys 0 00:00:03  -  Total Remote Usage
		Usr 0 00:00:00, Sys 0 00:00:00  -  Total Local Usage
	1200  -  Run Bytes Sent By Job
	11205  -  Run Bytes Received By Job
	1200  -  Total Bytes Sent By Job
	11205  -  Total Bytes Received By Job
	Partitionable Resources :    Usage  Request Allocated 
	   Cpus                 :                 4         4 
	   Disk (KB)            :       29        1   2928302 
	   Memory (MB)          :      136     8000      8000 

	Job terminated of its own accord at 2022-01-24T14:19:30Z.
...
