000 (3314887.000.000) 01/12 10:53:35 Job submitted from host: <188.185.70.244:9618?addrs=188.185.70.244-9618+[2001-1458-d00-7--100-2ee]-9618&alias=bigbird10.cern.ch&noUDP&sock=schedd_7001_aea1>
...
040 (3314887.000.000) 01/12 10:55:01 Started transferring input files
	Transferring to host: <128.142.60.121:9618?addrs=128.142.60.121-9618+[2001-1458-301-22--100-78]-9618&alias=b7s05p0892.cern.ch&noUDP&sock=slot1_7_3529_3fe9_25955>
...
040 (3314887.000.000) 01/12 10:55:01 Finished transferring input files
...
001 (3314887.000.000) 01/12 10:55:02 Job executing on host: <128.142.60.121:9618?addrs=128.142.60.121-9618+[2001-1458-301-22--100-78]-9618&alias=b7s05p0892.cern.ch&noUDP&sock=startd_2872_8816>
...
006 (3314887.000.000) 01/12 10:55:10 Image size of job updated: 229092
	155  -  MemoryUsage of job (MB)
	157828  -  ResidentSetSize of job (KB)
...
006 (3314887.000.000) 01/12 10:55:14 Image size of job updated: 1280040
	155  -  MemoryUsage of job (MB)
	157828  -  ResidentSetSize of job (KB)
...
040 (3314887.000.000) 01/12 10:55:14 Started transferring output files
...
040 (3314887.000.000) 01/12 10:55:14 Finished transferring output files
...
005 (3314887.000.000) 01/12 10:55:14 Job terminated.
	(1) Normal termination (return value 1)
		Usr 0 00:00:04, Sys 0 00:00:02  -  Run Remote Usage
		Usr 0 00:00:00, Sys 0 00:00:00  -  Run Local Usage
		Usr 0 00:00:04, Sys 0 00:00:02  -  Total Remote Usage
		Usr 0 00:00:00, Sys 0 00:00:00  -  Total Local Usage
	1703  -  Run Bytes Sent By Job
	10530  -  Run Bytes Received By Job
	1703  -  Total Bytes Sent By Job
	10530  -  Total Bytes Received By Job
	Partitionable Resources :    Usage  Request Allocated 
	   Cpus                 :                 4         4 
	   Disk (KB)            :       29        1   1234478 
	   Memory (MB)          :      155     8000      8000 

	Job terminated of its own accord at 2022-01-12T09:55:14Z.
...
