000 (3342120.004.000) 01/20 16:18:24 Job submitted from host: <188.185.70.244:9618?addrs=188.185.70.244-9618+[2001-1458-d00-7--100-2ee]-9618&alias=bigbird10.cern.ch&noUDP&sock=schedd_7001_aea1>
...
040 (3342120.004.000) 01/20 16:49:49 Started transferring input files
	Transferring to host: <128.142.61.52:9618?addrs=128.142.61.52-9618+[2001-1458-301-23--100-33]-9618&alias=b7s06p8124.cern.ch&noUDP&sock=slot1_29_6119_2392_36991>
...
040 (3342120.004.000) 01/20 16:49:49 Finished transferring input files
...
001 (3342120.004.000) 01/20 16:49:50 Job executing on host: <128.142.61.52:9618?addrs=128.142.61.52-9618+[2001-1458-301-23--100-33]-9618&alias=b7s06p8124.cern.ch&noUDP&sock=startd_6071_c78e>
...
006 (3342120.004.000) 01/20 16:49:59 Image size of job updated: 1316336
	262  -  MemoryUsage of job (MB)
	268032  -  ResidentSetSize of job (KB)
...
006 (3342120.004.000) 01/20 16:51:12 Image size of job updated: 1766528
	262  -  MemoryUsage of job (MB)
	268288  -  ResidentSetSize of job (KB)
...
040 (3342120.004.000) 01/20 16:51:17 Entered queue to transfer output files
...
040 (3342120.004.000) 01/20 16:55:17 Started transferring output files
...
040 (3342120.004.000) 01/20 16:55:17 Finished transferring output files
...
005 (3342120.004.000) 01/20 16:55:17 Job terminated.
	(1) Normal termination (return value 0)
		Usr 0 00:00:29, Sys 0 00:00:03  -  Run Remote Usage
		Usr 0 00:00:00, Sys 0 00:00:00  -  Run Local Usage
		Usr 0 00:00:29, Sys 0 00:00:03  -  Total Remote Usage
		Usr 0 00:00:00, Sys 0 00:00:00  -  Total Local Usage
	1359  -  Run Bytes Sent By Job
	11208  -  Run Bytes Received By Job
	1359  -  Total Bytes Sent By Job
	11208  -  Total Bytes Received By Job
	Partitionable Resources :    Usage  Request Allocated 
	   Cpus                 :                 4         4 
	   Disk (KB)            :       29        1   1330170 
	   Memory (MB)          :      262     8000      8000 

	Job terminated of its own accord at 2022-01-20T15:51:12Z.
...
