000 (3321555.006.000) 01/17 16:54:45 Job submitted from host: <188.185.70.244:9618?addrs=188.185.70.244-9618+[2001-1458-d00-7--100-2ee]-9618&alias=bigbird10.cern.ch&noUDP&sock=schedd_7001_aea1>
...
040 (3321555.006.000) 01/17 16:57:27 Started transferring input files
	Transferring to host: <188.184.160.181:9618?addrs=188.184.160.181-9618+[2001-1458-301-48--100-af]-9618&alias=b7s09p6987.cern.ch&noUDP&sock=slot1_6_4913_6721_33495>
...
040 (3321555.006.000) 01/17 16:57:27 Finished transferring input files
...
001 (3321555.006.000) 01/17 16:57:28 Job executing on host: <188.184.160.181:9618?addrs=188.184.160.181-9618+[2001-1458-301-48--100-af]-9618&alias=b7s09p6987.cern.ch&noUDP&sock=startd_4670_cf5e>
...
006 (3321555.006.000) 01/17 16:57:37 Image size of job updated: 744768
	155  -  MemoryUsage of job (MB)
	157856  -  ResidentSetSize of job (KB)
...
006 (3321555.006.000) 01/17 17:02:38 Image size of job updated: 2927316
	1247  -  MemoryUsage of job (MB)
	1276512  -  ResidentSetSize of job (KB)
...
006 (3321555.006.000) 01/17 17:07:38 Image size of job updated: 3607624
	1754  -  MemoryUsage of job (MB)
	1795152  -  ResidentSetSize of job (KB)
...
006 (3321555.006.000) 01/17 17:12:38 Image size of job updated: 4414220
	2492  -  MemoryUsage of job (MB)
	2551188  -  ResidentSetSize of job (KB)
...
006 (3321555.006.000) 01/17 17:17:39 Image size of job updated: 4910772
	2929  -  MemoryUsage of job (MB)
	2998284  -  ResidentSetSize of job (KB)
...
006 (3321555.006.000) 01/17 17:19:32 Image size of job updated: 5393652
	2929  -  MemoryUsage of job (MB)
	2998284  -  ResidentSetSize of job (KB)
...
040 (3321555.006.000) 01/17 17:19:32 Started transferring output files
...
040 (3321555.006.000) 01/17 17:19:32 Finished transferring output files
...
005 (3321555.006.000) 01/17 17:19:32 Job terminated.
	(1) Normal termination (return value 0)
		Usr 0 00:17:18, Sys 0 00:00:20  -  Run Remote Usage
		Usr 0 00:00:00, Sys 0 00:00:00  -  Run Local Usage
		Usr 0 00:17:18, Sys 0 00:00:20  -  Total Remote Usage
		Usr 0 00:00:00, Sys 0 00:00:00  -  Total Local Usage
	1169  -  Run Bytes Sent By Job
	10521  -  Run Bytes Received By Job
	1169  -  Total Bytes Sent By Job
	10521  -  Total Bytes Received By Job
	Partitionable Resources :    Usage  Request Allocated 
	   Cpus                 :     0.98        4         4 
	   Disk (KB)            :    35           1   1312581 
	   Memory (MB)          :  2929        8000      8000 

	Job terminated of its own accord at 2022-01-17T16:19:32Z.
...
