000 (3346193.008.000) 01/24 15:09:39 Job submitted from host: <188.185.70.244:9618?addrs=188.185.70.244-9618+[2001-1458-d00-7--100-2ee]-9618&alias=bigbird10.cern.ch&noUDP&sock=schedd_7001_aea1>
...
040 (3346193.008.000) 01/24 15:16:42 Started transferring input files
	Transferring to host: <128.142.61.146:9618?addrs=128.142.61.146-9618+[2001-1458-301-23--100-91]-9618&alias=b7s06p9400.cern.ch&noUDP&sock=slot1_37_3461_5666_3041>
...
040 (3346193.008.000) 01/24 15:16:42 Finished transferring input files
...
001 (3346193.008.000) 01/24 15:16:43 Job executing on host: <128.142.61.146:9618?addrs=128.142.61.146-9618+[2001-1458-301-23--100-91]-9618&alias=b7s06p9400.cern.ch&noUDP&sock=startd_2800_2544>
...
006 (3346193.008.000) 01/24 15:16:52 Image size of job updated: 206952
	182  -  MemoryUsage of job (MB)
	186196  -  ResidentSetSize of job (KB)
...
006 (3346193.008.000) 01/24 15:19:39 Image size of job updated: 1737360
	182  -  MemoryUsage of job (MB)
	186320  -  ResidentSetSize of job (KB)
...
040 (3346193.008.000) 01/24 15:19:39 Started transferring output files
...
040 (3346193.008.000) 01/24 15:19:39 Finished transferring output files
...
005 (3346193.008.000) 01/24 15:19:39 Job terminated.
	(1) Normal termination (return value 0)
		Usr 0 00:00:20, Sys 0 00:00:03  -  Run Remote Usage
		Usr 0 00:00:00, Sys 0 00:00:00  -  Run Local Usage
		Usr 0 00:00:20, Sys 0 00:00:03  -  Total Remote Usage
		Usr 0 00:00:00, Sys 0 00:00:00  -  Total Local Usage
	6048  -  Run Bytes Sent By Job
	11205  -  Run Bytes Received By Job
	6048  -  Total Bytes Sent By Job
	11205  -  Total Bytes Received By Job
	Partitionable Resources :    Usage  Request Allocated 
	   Cpus                 :                 4         4 
	   Disk (KB)            :       30        1   1313957 
	   Memory (MB)          :      182     8000      8000 

	Job terminated of its own accord at 2022-01-24T14:19:39Z.
...
