000 (3314662.009.000) 01/11 17:12:54 Job submitted from host: <188.185.70.244:9618?addrs=188.185.70.244-9618+[2001-1458-d00-7--100-2ee]-9618&alias=bigbird10.cern.ch&noUDP&sock=schedd_7001_aea1>
...
040 (3314662.009.000) 01/11 20:19:12 Started transferring input files
	Transferring to host: <128.142.59.12:9618?addrs=128.142.59.12-9618&alias=b7s04p6505.cern.ch&noUDP&sock=slot1_5_4554_7472_27941>
...
040 (3314662.009.000) 01/11 20:19:12 Finished transferring input files
...
001 (3314662.009.000) 01/11 20:19:13 Job executing on host: <128.142.59.12:9618?addrs=128.142.59.12-9618&alias=b7s04p6505.cern.ch&noUDP&sock=startd_4207_3b05>
...
006 (3314662.009.000) 01/11 20:19:21 Image size of job updated: 320092
	155  -  MemoryUsage of job (MB)
	157784  -  ResidentSetSize of job (KB)
...
006 (3314662.009.000) 01/11 20:24:21 Image size of job updated: 1919040
	452  -  MemoryUsage of job (MB)
	461888  -  ResidentSetSize of job (KB)
...
006 (3314662.009.000) 01/11 20:44:23 Image size of job updated: 2037208
	568  -  MemoryUsage of job (MB)
	581400  -  ResidentSetSize of job (KB)
...
006 (3314662.009.000) 01/11 20:59:25 Image size of job updated: 2218672
	747  -  MemoryUsage of job (MB)
	764228  -  ResidentSetSize of job (KB)
...
006 (3314662.009.000) 01/11 21:09:27 Image size of job updated: 2388448
	913  -  MemoryUsage of job (MB)
	934108  -  ResidentSetSize of job (KB)
...
006 (3314662.009.000) 01/11 21:19:28 Image size of job updated: 2584568
	1105  -  MemoryUsage of job (MB)
	1130552  -  ResidentSetSize of job (KB)
...
006 (3314662.009.000) 01/11 21:29:29 Image size of job updated: 2967920
	1329  -  MemoryUsage of job (MB)
	1360688  -  ResidentSetSize of job (KB)
...
006 (3314662.009.000) 01/11 21:34:29 Image size of job updated: 3316928
	1615  -  MemoryUsage of job (MB)
	1653036  -  ResidentSetSize of job (KB)
...
006 (3314662.009.000) 01/11 21:44:31 Image size of job updated: 3684312
	1913  -  MemoryUsage of job (MB)
	1958028  -  ResidentSetSize of job (KB)
...
006 (3314662.009.000) 01/11 21:49:31 Image size of job updated: 3807580
	2513  -  MemoryUsage of job (MB)
	2572876  -  ResidentSetSize of job (KB)
...
006 (3314662.009.000) 01/11 21:54:32 Image size of job updated: 4048016
	2513  -  MemoryUsage of job (MB)
	2572876  -  ResidentSetSize of job (KB)
...
006 (3314662.009.000) 01/11 21:59:33 Image size of job updated: 4471256
	2560  -  MemoryUsage of job (MB)
	2620832  -  ResidentSetSize of job (KB)
...
040 (3314662.009.000) 01/11 22:04:43 Started transferring output files
...
040 (3314662.009.000) 01/11 22:04:44 Finished transferring output files
...
005 (3314662.009.000) 01/11 22:04:44 Job terminated.
	(1) Normal termination (return value 0)
		Usr 0 00:08:52, Sys 0 00:00:18  -  Run Remote Usage
		Usr 0 00:00:00, Sys 0 00:00:00  -  Run Local Usage
		Usr 0 00:08:52, Sys 0 00:00:18  -  Total Remote Usage
		Usr 0 00:00:00, Sys 0 00:00:00  -  Total Local Usage
	184080  -  Run Bytes Sent By Job
	10522  -  Run Bytes Received By Job
	184080  -  Total Bytes Sent By Job
	10522  -  Total Bytes Received By Job
	Partitionable Resources :    Usage  Request Allocated 
	   Cpus                 :     0.03        4         4 
	   Disk (KB)            :   213           1   1314445 
	   Memory (MB)          :  2560        8000      8000 

	Job terminated of its own accord at 2022-01-11T21:04:40Z.
...
