000 (3338423.003.000) 01/19 19:04:03 Job submitted from host: <188.185.70.244:9618?addrs=188.185.70.244-9618+[2001-1458-d00-7--100-2ee]-9618&alias=bigbird10.cern.ch&noUDP&sock=schedd_7001_aea1>
...
040 (3338423.003.000) 01/19 20:56:50 Started transferring input files
	Transferring to host: <128.142.57.17:9618?addrs=128.142.57.17-9618+[2001-1458-301-7--100-10]-9618&alias=b7s02p2973.cern.ch&noUDP&sock=slot1_12_3589_866b_34708>
...
040 (3338423.003.000) 01/19 20:56:50 Finished transferring input files
...
001 (3338423.003.000) 01/19 20:56:51 Job executing on host: <128.142.57.17:9618?addrs=128.142.57.17-9618+[2001-1458-301-7--100-10]-9618&alias=b7s02p2973.cern.ch&noUDP&sock=startd_2896_fe5c>
...
006 (3338423.003.000) 01/19 20:57:00 Image size of job updated: 395520
	1  -  MemoryUsage of job (MB)
	500  -  ResidentSetSize of job (KB)
...
006 (3338423.003.000) 01/19 21:02:00 Image size of job updated: 1737756
	277  -  MemoryUsage of job (MB)
	282964  -  ResidentSetSize of job (KB)
...
006 (3338423.003.000) 01/19 21:07:00 Image size of job updated: 2298464
	626  -  MemoryUsage of job (MB)
	640392  -  ResidentSetSize of job (KB)
...
006 (3338423.003.000) 01/19 21:32:04 Image size of job updated: 2298464
	627  -  MemoryUsage of job (MB)
	641348  -  ResidentSetSize of job (KB)
...
006 (3338423.003.000) 01/19 21:37:04 Image size of job updated: 2484788
	936  -  MemoryUsage of job (MB)
	957860  -  ResidentSetSize of job (KB)
...
006 (3338423.003.000) 01/19 22:02:07 Image size of job updated: 2781620
	1227  -  MemoryUsage of job (MB)
	1255500  -  ResidentSetSize of job (KB)
...
006 (3338423.003.000) 01/19 22:27:08 Image size of job updated: 2781620
	1228  -  MemoryUsage of job (MB)
	1256896  -  ResidentSetSize of job (KB)
...
006 (3338423.003.000) 01/19 22:32:10 Image size of job updated: 3362424
	1533  -  MemoryUsage of job (MB)
	1569084  -  ResidentSetSize of job (KB)
...
006 (3338423.003.000) 01/19 22:57:12 Image size of job updated: 3574964
	1560  -  MemoryUsage of job (MB)
	1596428  -  ResidentSetSize of job (KB)
...
006 (3338423.003.000) 01/19 23:27:16 Image size of job updated: 3631948
	2119  -  MemoryUsage of job (MB)
	2169832  -  ResidentSetSize of job (KB)
...
006 (3338423.003.000) 01/19 23:52:18 Image size of job updated: 3631948
	2121  -  MemoryUsage of job (MB)
	2171896  -  ResidentSetSize of job (KB)
...
006 (3338423.003.000) 01/19 23:57:19 Image size of job updated: 4171160
	2128  -  MemoryUsage of job (MB)
	2179008  -  ResidentSetSize of job (KB)
...
006 (3338423.003.000) 01/20 00:22:21 Image size of job updated: 4645436
	2656  -  MemoryUsage of job (MB)
	2719532  -  ResidentSetSize of job (KB)
...
006 (3338423.003.000) 01/20 00:52:23 Image size of job updated: 5176184
	3096  -  MemoryUsage of job (MB)
	3170040  -  ResidentSetSize of job (KB)
...
040 (3338423.003.000) 01/20 01:16:00 Started transferring output files
...
040 (3338423.003.000) 01/20 01:16:00 Finished transferring output files
...
005 (3338423.003.000) 01/20 01:16:00 Job terminated.
	(1) Normal termination (return value 0)
		Usr 0 00:16:40, Sys 0 00:00:17  -  Run Remote Usage
		Usr 0 00:00:00, Sys 0 00:00:00  -  Run Local Usage
		Usr 0 00:16:40, Sys 0 00:00:17  -  Total Remote Usage
		Usr 0 00:00:00, Sys 0 00:00:00  -  Total Local Usage
	4535  -  Run Bytes Sent By Job
	11204  -  Run Bytes Received By Job
	4535  -  Total Bytes Sent By Job
	11204  -  Total Bytes Received By Job
	Partitionable Resources :    Usage  Request Allocated 
	   Cpus                 :     0.06        4         4 
	   Disk (KB)            :    39           1   1255295 
	   Memory (MB)          :  3096        8000      8000 

	Job terminated of its own accord at 2022-01-20T00:16:00Z.
...
