000 (3346193.009.000) 01/24 15:09:39 Job submitted from host: <188.185.70.244:9618?addrs=188.185.70.244-9618+[2001-1458-d00-7--100-2ee]-9618&alias=bigbird10.cern.ch&noUDP&sock=schedd_7001_aea1>
...
040 (3346193.009.000) 01/24 15:17:05 Started transferring input files
	Transferring to host: <128.142.61.146:9618?addrs=128.142.61.146-9618+[2001-1458-301-23--100-91]-9618&alias=b7s06p9400.cern.ch&noUDP&sock=slot1_4_3461_5666_3042>
...
040 (3346193.009.000) 01/24 15:17:05 Finished transferring input files
...
001 (3346193.009.000) 01/24 15:17:06 Job executing on host: <128.142.61.146:9618?addrs=128.142.61.146-9618+[2001-1458-301-23--100-91]-9618&alias=b7s06p9400.cern.ch&noUDP&sock=startd_2800_2544>
...
006 (3346193.009.000) 01/24 15:17:15 Image size of job updated: 1239040
	157  -  MemoryUsage of job (MB)
	160712  -  ResidentSetSize of job (KB)
...
006 (3346193.009.000) 01/24 15:17:36 Image size of job updated: 1740408
	157  -  MemoryUsage of job (MB)
	160712  -  ResidentSetSize of job (KB)
...
040 (3346193.009.000) 01/24 15:17:36 Started transferring output files
...
040 (3346193.009.000) 01/24 15:17:36 Finished transferring output files
...
005 (3346193.009.000) 01/24 15:17:36 Job terminated.
	(1) Normal termination (return value 0)
		Usr 0 00:00:12, Sys 0 00:00:02  -  Run Remote Usage
		Usr 0 00:00:00, Sys 0 00:00:00  -  Run Local Usage
		Usr 0 00:00:12, Sys 0 00:00:02  -  Total Remote Usage
		Usr 0 00:00:00, Sys 0 00:00:00  -  Total Local Usage
	6048  -  Run Bytes Sent By Job
	11205  -  Run Bytes Received By Job
	6048  -  Total Bytes Sent By Job
	11205  -  Total Bytes Received By Job
	Partitionable Resources :    Usage  Request Allocated 
	   Cpus                 :                 4         4 
	   Disk (KB)            :       31        1   1313843 
	   Memory (MB)          :      157     8000      8000 

	Job terminated of its own accord at 2022-01-24T14:17:36Z.
...
