000 (3338423.000.000) 01/19 19:04:03 Job submitted from host: <188.185.70.244:9618?addrs=188.185.70.244-9618+[2001-1458-d00-7--100-2ee]-9618&alias=bigbird10.cern.ch&noUDP&sock=schedd_7001_aea1>
...
040 (3338423.000.000) 01/19 20:56:51 Started transferring input files
	Transferring to host: <188.184.160.193:9618?addrs=188.184.160.193-9618+[2001-1458-301-48--100-bb]-9618&alias=b7s09p9454.cern.ch&noUDP&sock=slot1_10_3259_029e_34167>
...
040 (3338423.000.000) 01/19 20:56:51 Finished transferring input files
...
001 (3338423.000.000) 01/19 20:56:52 Job executing on host: <188.184.160.193:9618?addrs=188.184.160.193-9618+[2001-1458-301-48--100-bb]-9618&alias=b7s09p9454.cern.ch&noUDP&sock=startd_2884_c339>
...
006 (3338423.000.000) 01/19 20:57:00 Image size of job updated: 431680
	118  -  MemoryUsage of job (MB)
	120128  -  ResidentSetSize of job (KB)
...
006 (3338423.000.000) 01/19 21:02:00 Image size of job updated: 2731088
	928  -  MemoryUsage of job (MB)
	949652  -  ResidentSetSize of job (KB)
...
006 (3338423.000.000) 01/19 21:07:00 Image size of job updated: 2983552
	1213  -  MemoryUsage of job (MB)
	1241368  -  ResidentSetSize of job (KB)
...
006 (3338423.000.000) 01/19 21:12:01 Image size of job updated: 3336064
	1517  -  MemoryUsage of job (MB)
	1552744  -  ResidentSetSize of job (KB)
...
006 (3338423.000.000) 01/19 21:17:01 Image size of job updated: 4011640
	1921  -  MemoryUsage of job (MB)
	1967036  -  ResidentSetSize of job (KB)
...
006 (3338423.000.000) 01/19 21:22:01 Image size of job updated: 4298540
	2145  -  MemoryUsage of job (MB)
	2195704  -  ResidentSetSize of job (KB)
...
006 (3338423.000.000) 01/19 21:27:02 Image size of job updated: 4633724
	2393  -  MemoryUsage of job (MB)
	2450196  -  ResidentSetSize of job (KB)
...
006 (3338423.000.000) 01/19 21:32:00 Image size of job updated: 5148424
	2393  -  MemoryUsage of job (MB)
	2450196  -  ResidentSetSize of job (KB)
...
040 (3338423.000.000) 01/19 21:32:00 Started transferring output files
...
040 (3338423.000.000) 01/19 21:32:00 Finished transferring output files
...
005 (3338423.000.000) 01/19 21:32:00 Job terminated.
	(1) Normal termination (return value 0)
		Usr 0 00:19:47, Sys 0 00:00:25  -  Run Remote Usage
		Usr 0 00:00:00, Sys 0 00:00:00  -  Run Local Usage
		Usr 0 00:19:47, Sys 0 00:00:25  -  Total Remote Usage
		Usr 0 00:00:00, Sys 0 00:00:00  -  Total Local Usage
	4535  -  Run Bytes Sent By Job
	11204  -  Run Bytes Received By Job
	4535  -  Total Bytes Sent By Job
	11204  -  Total Bytes Received By Job
	Partitionable Resources :    Usage  Request Allocated 
	   Cpus                 :     1.00        4         4 
	   Disk (KB)            :    39           1   1075201 
	   Memory (MB)          :  2393        8000      8000 

	Job terminated of its own accord at 2022-01-19T20:32:00Z.
...
