000 (3314665.001.000) 01/11 17:14:15 Job submitted from host: <188.185.70.244:9618?addrs=188.185.70.244-9618+[2001-1458-d00-7--100-2ee]-9618&alias=bigbird10.cern.ch&noUDP&sock=schedd_7001_aea1>
...
040 (3314665.001.000) 01/11 20:19:24 Started transferring input files
	Transferring to host: <128.142.56.159:9618?addrs=128.142.56.159-9618&alias=b7s01p3537.cern.ch&noUDP&sock=slot1_9_3563_34aa_27705>
...
040 (3314665.001.000) 01/11 20:19:24 Finished transferring input files
...
001 (3314665.001.000) 01/11 20:19:25 Job executing on host: <128.142.56.159:9618?addrs=128.142.56.159-9618&alias=b7s01p3537.cern.ch&noUDP&sock=startd_2694_703a>
...
006 (3314665.001.000) 01/11 20:19:34 Image size of job updated: 274732
	186  -  MemoryUsage of job (MB)
	190396  -  ResidentSetSize of job (KB)
...
006 (3314665.001.000) 01/11 20:24:35 Image size of job updated: 2535232
	1032  -  MemoryUsage of job (MB)
	1056576  -  ResidentSetSize of job (KB)
...
006 (3314665.001.000) 01/11 20:29:35 Image size of job updated: 2551616
	1048  -  MemoryUsage of job (MB)
	1072960  -  ResidentSetSize of job (KB)
...
006 (3314665.001.000) 01/11 20:33:39 Image size of job updated: 2815964
	1048  -  MemoryUsage of job (MB)
	1072960  -  ResidentSetSize of job (KB)
...
040 (3314665.001.000) 01/11 20:33:39 Started transferring output files
...
040 (3314665.001.000) 01/11 20:33:41 Finished transferring output files
...
005 (3314665.001.000) 01/11 20:33:41 Job terminated.
	(1) Normal termination (return value 0)
		Usr 0 00:10:30, Sys 0 00:00:03  -  Run Remote Usage
		Usr 0 00:00:00, Sys 0 00:00:00  -  Run Local Usage
		Usr 0 00:10:30, Sys 0 00:00:03  -  Total Remote Usage
		Usr 0 00:00:00, Sys 0 00:00:00  -  Total Local Usage
	19513856  -  Run Bytes Sent By Job
	10521  -  Run Bytes Received By Job
	19513856  -  Total Bytes Sent By Job
	10521  -  Total Bytes Received By Job
	Partitionable Resources :    Usage  Request Allocated 
	   Cpus                 :     1.00        4         4 
	   Disk (KB)            : 19090           1   1126355 
	   Memory (MB)          :  1048        8000      8000 

	Job terminated of its own accord at 2022-01-11T19:33:39Z.
...
