000 (3346194.009.000) 01/24 15:09:45 Job submitted from host: <188.185.70.244:9618?addrs=188.185.70.244-9618+[2001-1458-d00-7--100-2ee]-9618&alias=bigbird10.cern.ch&noUDP&sock=schedd_7001_aea1>
...
040 (3346194.009.000) 01/24 15:26:58 Started transferring input files
	Transferring to host: <128.142.63.83:9618?addrs=128.142.63.83-9618&alias=b7s08p6373.cern.ch&noUDP&sock=slot1_3_3602_af4c_45144>
...
040 (3346194.009.000) 01/24 15:26:58 Finished transferring input files
...
001 (3346194.009.000) 01/24 15:26:59 Job executing on host: <128.142.63.83:9618?addrs=128.142.63.83-9618&alias=b7s08p6373.cern.ch&noUDP&sock=startd_2589_6ac9>
...
006 (3346194.009.000) 01/24 15:27:08 Image size of job updated: 320212
	180  -  MemoryUsage of job (MB)
	184124  -  ResidentSetSize of job (KB)
...
006 (3346194.009.000) 01/24 15:28:26 Image size of job updated: 1739320
	180  -  MemoryUsage of job (MB)
	184220  -  ResidentSetSize of job (KB)
...
040 (3346194.009.000) 01/24 15:28:26 Started transferring output files
...
040 (3346194.009.000) 01/24 15:28:26 Finished transferring output files
...
005 (3346194.009.000) 01/24 15:28:26 Job terminated.
	(1) Normal termination (return value 0)
		Usr 0 00:00:11, Sys 0 00:00:02  -  Run Remote Usage
		Usr 0 00:00:00, Sys 0 00:00:00  -  Run Local Usage
		Usr 0 00:00:11, Sys 0 00:00:02  -  Total Remote Usage
		Usr 0 00:00:00, Sys 0 00:00:00  -  Total Local Usage
	1298  -  Run Bytes Sent By Job
	11208  -  Run Bytes Received By Job
	1298  -  Total Bytes Sent By Job
	11208  -  Total Bytes Received By Job
	Partitionable Resources :    Usage  Request Allocated 
	   Cpus                 :                 4         4 
	   Disk (KB)            :       29        1    924341 
	   Memory (MB)          :      180     8000      8000 

	Job terminated of its own accord at 2022-01-24T14:28:26Z.
...
