000 (3338423.011.000) 01/19 19:04:03 Job submitted from host: <188.185.70.244:9618?addrs=188.185.70.244-9618+[2001-1458-d00-7--100-2ee]-9618&alias=bigbird10.cern.ch&noUDP&sock=schedd_7001_aea1>
...
040 (3338423.011.000) 01/19 20:56:53 Started transferring input files
	Transferring to host: <188.184.165.84:9618?addrs=188.184.165.84-9618&alias=b7s14p4444.cern.ch&noUDP&sock=slot1_45_3970_f95b_33149>
...
040 (3338423.011.000) 01/19 20:56:53 Finished transferring input files
...
001 (3338423.011.000) 01/19 20:56:54 Job executing on host: <188.184.165.84:9618?addrs=188.184.165.84-9618&alias=b7s14p4444.cern.ch&noUDP&sock=startd_3069_a83e>
...
006 (3338423.011.000) 01/19 20:57:03 Image size of job updated: 707100
	155  -  MemoryUsage of job (MB)
	157856  -  ResidentSetSize of job (KB)
...
006 (3338423.011.000) 01/19 21:02:04 Image size of job updated: 2288972
	616  -  MemoryUsage of job (MB)
	630672  -  ResidentSetSize of job (KB)
...
006 (3338423.011.000) 01/19 21:27:07 Image size of job updated: 2717192
	975  -  MemoryUsage of job (MB)
	998056  -  ResidentSetSize of job (KB)
...
006 (3338423.011.000) 01/19 21:57:10 Image size of job updated: 3082520
	1264  -  MemoryUsage of job (MB)
	1293328  -  ResidentSetSize of job (KB)
...
006 (3338423.011.000) 01/19 22:27:13 Image size of job updated: 3082520
	1264  -  MemoryUsage of job (MB)
	1294272  -  ResidentSetSize of job (KB)
...
006 (3338423.011.000) 01/19 22:32:13 Image size of job updated: 3473664
	1570  -  MemoryUsage of job (MB)
	1607592  -  ResidentSetSize of job (KB)
...
006 (3338423.011.000) 01/19 22:42:15 Image size of job updated: 3933388
	2018  -  MemoryUsage of job (MB)
	2065436  -  ResidentSetSize of job (KB)
...
006 (3338423.011.000) 01/19 22:52:15 Image size of job updated: 4376244
	2460  -  MemoryUsage of job (MB)
	2518252  -  ResidentSetSize of job (KB)
...
006 (3338423.011.000) 01/19 23:02:16 Image size of job updated: 4888748
	3344  -  MemoryUsage of job (MB)
	3423892  -  ResidentSetSize of job (KB)
...
006 (3338423.011.000) 01/19 23:17:18 Image size of job updated: 5449940
	3344  -  MemoryUsage of job (MB)
	3423892  -  ResidentSetSize of job (KB)
...
006 (3338423.011.000) 01/19 23:42:20 Image size of job updated: 6245772
	4436  -  MemoryUsage of job (MB)
	4542108  -  ResidentSetSize of job (KB)
...
040 (3338423.011.000) 01/20 00:22:34 Started transferring output files
...
040 (3338423.011.000) 01/20 00:22:34 Finished transferring output files
...
005 (3338423.011.000) 01/20 00:22:34 Job terminated.
	(1) Normal termination (return value 0)
		Usr 0 00:36:41, Sys 0 00:00:37  -  Run Remote Usage
		Usr 0 00:00:00, Sys 0 00:00:00  -  Run Local Usage
		Usr 0 00:36:41, Sys 0 00:00:37  -  Total Remote Usage
		Usr 0 00:00:00, Sys 0 00:00:00  -  Total Local Usage
	4535  -  Run Bytes Sent By Job
	11204  -  Run Bytes Received By Job
	4535  -  Total Bytes Sent By Job
	11204  -  Total Bytes Received By Job
	Partitionable Resources :    Usage  Request Allocated 
	   Cpus                 :     0.23        4         4 
	   Disk (KB)            :    38           1   2904832 
	   Memory (MB)          :  4436        8000      8000 

	Job terminated of its own accord at 2022-01-19T23:22:34Z.
...
