000 (3346194.005.000) 01/24 15:09:45 Job submitted from host: <188.185.70.244:9618?addrs=188.185.70.244-9618+[2001-1458-d00-7--100-2ee]-9618&alias=bigbird10.cern.ch&noUDP&sock=schedd_7001_aea1>
...
040 (3346194.005.000) 01/24 15:21:13 Started transferring input files
	Transferring to host: <128.142.61.146:9618?addrs=128.142.61.146-9618+[2001-1458-301-23--100-91]-9618&alias=b7s06p9400.cern.ch&noUDP&sock=slot1_37_3461_5666_3047>
...
040 (3346194.005.000) 01/24 15:21:13 Finished transferring input files
...
001 (3346194.005.000) 01/24 15:21:14 Job executing on host: <128.142.61.146:9618?addrs=128.142.61.146-9618+[2001-1458-301-23--100-91]-9618&alias=b7s06p9400.cern.ch&noUDP&sock=startd_2800_2544>
...
006 (3346194.005.000) 01/24 15:21:23 Image size of job updated: 167904
	163  -  MemoryUsage of job (MB)
	166212  -  ResidentSetSize of job (KB)
...
006 (3346194.005.000) 01/24 15:21:32 Image size of job updated: 1682240
	163  -  MemoryUsage of job (MB)
	166212  -  ResidentSetSize of job (KB)
...
040 (3346194.005.000) 01/24 15:21:32 Started transferring output files
...
040 (3346194.005.000) 01/24 15:21:32 Finished transferring output files
...
005 (3346194.005.000) 01/24 15:21:33 Job terminated.
	(1) Normal termination (return value 0)
		Usr 0 00:00:08, Sys 0 00:00:02  -  Run Remote Usage
		Usr 0 00:00:00, Sys 0 00:00:00  -  Run Local Usage
		Usr 0 00:00:08, Sys 0 00:00:02  -  Total Remote Usage
		Usr 0 00:00:00, Sys 0 00:00:00  -  Total Local Usage
	6146  -  Run Bytes Sent By Job
	11208  -  Run Bytes Received By Job
	6146  -  Total Bytes Sent By Job
	11208  -  Total Bytes Received By Job
	Partitionable Resources :    Usage  Request Allocated 
	   Cpus                 :                 4         4 
	   Disk (KB)            :       31        1   1313080 
	   Memory (MB)          :      163     8000      8000 

	Job terminated of its own accord at 2022-01-24T14:21:32Z.
...
