000 (3338423.007.000) 01/19 19:04:03 Job submitted from host: <188.185.70.244:9618?addrs=188.185.70.244-9618+[2001-1458-d00-7--100-2ee]-9618&alias=bigbird10.cern.ch&noUDP&sock=schedd_7001_aea1>
...
040 (3338423.007.000) 01/19 20:56:51 Started transferring input files
	Transferring to host: <188.184.165.95:9618?addrs=188.184.165.95-9618&alias=b7s14p4478.cern.ch&noUDP&sock=slot1_44_4589_1d94_33725>
...
040 (3338423.007.000) 01/19 20:56:51 Finished transferring input files
...
001 (3338423.007.000) 01/19 20:56:52 Job executing on host: <188.184.165.95:9618?addrs=188.184.165.95-9618&alias=b7s14p4478.cern.ch&noUDP&sock=startd_4354_0f71>
...
006 (3338423.007.000) 01/19 20:57:01 Image size of job updated: 1216816
	155  -  MemoryUsage of job (MB)
	157892  -  ResidentSetSize of job (KB)
...
006 (3338423.007.000) 01/19 21:02:02 Image size of job updated: 2307832
	635  -  MemoryUsage of job (MB)
	649584  -  ResidentSetSize of job (KB)
...
006 (3338423.007.000) 01/19 21:07:02 Image size of job updated: 2653456
	943  -  MemoryUsage of job (MB)
	965068  -  ResidentSetSize of job (KB)
...
006 (3338423.007.000) 01/19 21:12:02 Image size of job updated: 2776944
	1498  -  MemoryUsage of job (MB)
	1533640  -  ResidentSetSize of job (KB)
...
006 (3338423.007.000) 01/19 21:17:03 Image size of job updated: 3009324
	1498  -  MemoryUsage of job (MB)
	1533640  -  ResidentSetSize of job (KB)
...
006 (3338423.007.000) 01/19 21:22:03 Image size of job updated: 3378844
	1513  -  MemoryUsage of job (MB)
	1548292  -  ResidentSetSize of job (KB)
...
006 (3338423.007.000) 01/19 21:27:03 Image size of job updated: 3378844
	1514  -  MemoryUsage of job (MB)
	1549848  -  ResidentSetSize of job (KB)
...
006 (3338423.007.000) 01/19 21:32:04 Image size of job updated: 3902816
	1814  -  MemoryUsage of job (MB)
	1856892  -  ResidentSetSize of job (KB)
...
006 (3338423.007.000) 01/19 21:37:05 Image size of job updated: 4191048
	2273  -  MemoryUsage of job (MB)
	2327088  -  ResidentSetSize of job (KB)
...
006 (3338423.007.000) 01/19 21:42:05 Image size of job updated: 4191048
	2273  -  MemoryUsage of job (MB)
	2327428  -  ResidentSetSize of job (KB)
...
006 (3338423.007.000) 01/19 21:47:06 Image size of job updated: 4623220
	2688  -  MemoryUsage of job (MB)
	2751988  -  ResidentSetSize of job (KB)
...
006 (3338423.007.000) 01/19 21:57:07 Image size of job updated: 4623220
	2688  -  MemoryUsage of job (MB)
	2752220  -  ResidentSetSize of job (KB)
...
006 (3338423.007.000) 01/19 22:02:08 Image size of job updated: 5167168
	3130  -  MemoryUsage of job (MB)
	3204580  -  ResidentSetSize of job (KB)
...
006 (3338423.007.000) 01/19 22:22:11 Image size of job updated: 5167168
	3188  -  MemoryUsage of job (MB)
	3264344  -  ResidentSetSize of job (KB)
...
040 (3338423.007.000) 01/19 22:29:21 Started transferring output files
...
040 (3338423.007.000) 01/19 22:29:21 Finished transferring output files
...
005 (3338423.007.000) 01/19 22:29:21 Job terminated.
	(1) Normal termination (return value 0)
		Usr 0 00:32:53, Sys 0 00:00:29  -  Run Remote Usage
		Usr 0 00:00:00, Sys 0 00:00:00  -  Run Local Usage
		Usr 0 00:32:53, Sys 0 00:00:29  -  Total Remote Usage
		Usr 0 00:00:00, Sys 0 00:00:00  -  Total Local Usage
	4535  -  Run Bytes Sent By Job
	11204  -  Run Bytes Received By Job
	4535  -  Total Bytes Sent By Job
	11204  -  Total Bytes Received By Job
	Partitionable Resources :    Usage  Request Allocated 
	   Cpus                 :     0.96        4         4 
	   Disk (KB)            :    38           1   2953886 
	   Memory (MB)          :  3188        8000      8000 

	Job terminated of its own accord at 2022-01-19T21:29:21Z.
...
