000 (3345269.013.000) 01/24 12:58:40 Job submitted from host: <188.185.70.244:9618?addrs=188.185.70.244-9618+[2001-1458-d00-7--100-2ee]-9618&alias=bigbird10.cern.ch&noUDP&sock=schedd_7001_aea1>
...
040 (3345269.013.000) 01/24 13:07:51 Started transferring input files
	Transferring to host: <128.142.248.234:9618?addrs=128.142.248.234-9618+[2001-1458-301-73--100-e9]-9618&alias=b7g23p9876.cern.ch&noUDP&sock=slot1_46_3561_cbea_29403>
...
040 (3345269.013.000) 01/24 13:07:51 Finished transferring input files
...
001 (3345269.013.000) 01/24 13:07:52 Job executing on host: <128.142.248.234:9618?addrs=128.142.248.234-9618+[2001-1458-301-73--100-e9]-9618&alias=b7g23p9876.cern.ch&noUDP&sock=startd_3186_e8d3>
...
006 (3345269.013.000) 01/24 13:08:01 Image size of job updated: 707448
	71  -  MemoryUsage of job (MB)
	72088  -  ResidentSetSize of job (KB)
...
006 (3345269.013.000) 01/24 13:08:29 Image size of job updated: 1256256
	71  -  MemoryUsage of job (MB)
	72088  -  ResidentSetSize of job (KB)
...
040 (3345269.013.000) 01/24 13:08:29 Started transferring output files
...
040 (3345269.013.000) 01/24 13:08:29 Finished transferring output files
...
005 (3345269.013.000) 01/24 13:08:29 Job terminated.
	(1) Normal termination (return value 1)
		Usr 0 00:00:06, Sys 0 00:00:02  -  Run Remote Usage
		Usr 0 00:00:00, Sys 0 00:00:00  -  Run Local Usage
		Usr 0 00:00:06, Sys 0 00:00:02  -  Total Remote Usage
		Usr 0 00:00:00, Sys 0 00:00:00  -  Total Local Usage
	23936  -  Run Bytes Sent By Job
	11205  -  Run Bytes Received By Job
	23936  -  Total Bytes Sent By Job
	11205  -  Total Bytes Received By Job
	Partitionable Resources :    Usage  Request Allocated 
	   Cpus                 :                 4         4 
	   Disk (KB)            :       52        1   2904528 
	   Memory (MB)          :       71     8000      8000 

	Job terminated of its own accord at 2022-01-24T12:08:29Z.
...
