000 (3316952.012.000) 01/13 10:23:51 Job submitted from host: <188.185.70.244:9618?addrs=188.185.70.244-9618+[2001-1458-d00-7--100-2ee]-9618&alias=bigbird10.cern.ch&noUDP&sock=schedd_7001_aea1>
...
040 (3316952.012.000) 01/13 11:05:06 Started transferring input files
	Transferring to host: <188.184.162.137:9618?addrs=188.184.162.137-9618+[2001-1458-301-4a--100-83]-9618&alias=b7s11p3723.cern.ch&noUDP&sock=slot1_15_3911_6738_27410>
...
040 (3316952.012.000) 01/13 11:05:06 Finished transferring input files
...
001 (3316952.012.000) 01/13 11:05:07 Job executing on host: <188.184.162.137:9618?addrs=188.184.162.137-9618+[2001-1458-301-4a--100-83]-9618&alias=b7s11p3723.cern.ch&noUDP&sock=startd_3348_072b>
...
006 (3316952.012.000) 01/13 11:05:16 Image size of job updated: 275452
	130  -  MemoryUsage of job (MB)
	132604  -  ResidentSetSize of job (KB)
...
006 (3316952.012.000) 01/13 11:10:16 Image size of job updated: 1898276
	432  -  MemoryUsage of job (MB)
	442144  -  ResidentSetSize of job (KB)
...
006 (3316952.012.000) 01/13 11:15:16 Image size of job updated: 1898276
	432  -  MemoryUsage of job (MB)
	442148  -  ResidentSetSize of job (KB)
...
006 (3316952.012.000) 01/13 11:20:17 Image size of job updated: 2140660
	663  -  MemoryUsage of job (MB)
	678028  -  ResidentSetSize of job (KB)
...
006 (3316952.012.000) 01/13 11:35:19 Image size of job updated: 2357460
	820  -  MemoryUsage of job (MB)
	839352  -  ResidentSetSize of job (KB)
...
006 (3316952.012.000) 01/13 11:45:20 Image size of job updated: 2600356
	980  -  MemoryUsage of job (MB)
	1003132  -  ResidentSetSize of job (KB)
...
006 (3316952.012.000) 01/13 11:55:22 Image size of job updated: 2868348
	1192  -  MemoryUsage of job (MB)
	1220500  -  ResidentSetSize of job (KB)
...
006 (3316952.012.000) 01/13 12:00:22 Image size of job updated: 2868348
	1192  -  MemoryUsage of job (MB)
	1220504  -  ResidentSetSize of job (KB)
...
006 (3316952.012.000) 01/13 12:05:22 Image size of job updated: 2868348
	1221  -  MemoryUsage of job (MB)
	1249872  -  ResidentSetSize of job (KB)
...
006 (3316952.012.000) 01/13 12:10:23 Image size of job updated: 3175580
	1471  -  MemoryUsage of job (MB)
	1505932  -  ResidentSetSize of job (KB)
...
006 (3316952.012.000) 01/13 12:15:23 Image size of job updated: 3175580
	1473  -  MemoryUsage of job (MB)
	1507664  -  ResidentSetSize of job (KB)
...
006 (3316952.012.000) 01/13 12:20:23 Image size of job updated: 3529748
	1751  -  MemoryUsage of job (MB)
	1792760  -  ResidentSetSize of job (KB)
...
006 (3316952.012.000) 01/13 12:25:24 Image size of job updated: 3529748
	1752  -  MemoryUsage of job (MB)
	1793636  -  ResidentSetSize of job (KB)
...
006 (3316952.012.000) 01/13 12:30:24 Image size of job updated: 3891912
	2056  -  MemoryUsage of job (MB)
	2104600  -  ResidentSetSize of job (KB)
...
006 (3316952.012.000) 01/13 12:40:26 Image size of job updated: 4242836
	2328  -  MemoryUsage of job (MB)
	2383640  -  ResidentSetSize of job (KB)
...
040 (3316952.012.000) 01/13 12:46:36 Started transferring output files
...
040 (3316952.012.000) 01/13 12:46:36 Finished transferring output files
...
005 (3316952.012.000) 01/13 12:46:36 Job terminated.
	(1) Normal termination (return value 0)
		Usr 0 00:14:26, Sys 0 00:00:29  -  Run Remote Usage
		Usr 0 00:00:00, Sys 0 00:00:00  -  Run Local Usage
		Usr 0 00:14:26, Sys 0 00:00:29  -  Total Remote Usage
		Usr 0 00:00:00, Sys 0 00:00:00  -  Total Local Usage
	181523  -  Run Bytes Sent By Job
	10529  -  Run Bytes Received By Job
	181523  -  Total Bytes Sent By Job
	10529  -  Total Bytes Received By Job
	Partitionable Resources :    Usage  Request Allocated 
	   Cpus                 :     1.00        4         4 
	   Disk (KB)            :   212           1   3003047 
	   Memory (MB)          :  2328        8000      8000 

	Job terminated of its own accord at 2022-01-13T11:46:36Z.
...
