000 (3314659.000.000) 01/11 17:12:17 Job submitted from host: <188.185.70.244:9618?addrs=188.185.70.244-9618+[2001-1458-d00-7--100-2ee]-9618&alias=bigbird10.cern.ch&noUDP&sock=schedd_7001_aea1>
...
040 (3314659.000.000) 01/11 20:18:52 Started transferring input files
	Transferring to host: <128.142.56.121:9618?addrs=128.142.56.121-9618+[2001-1458-301-6--100-78]-9618&alias=b7s01p1273.cern.ch&noUDP&sock=slot1_4_3369_83e2_29528>
...
040 (3314659.000.000) 01/11 20:18:52 Finished transferring input files
...
001 (3314659.000.000) 01/11 20:18:53 Job executing on host: <128.142.56.121:9618?addrs=128.142.56.121-9618+[2001-1458-301-6--100-78]-9618&alias=b7s01p1273.cern.ch&noUDP&sock=startd_2819_2d91>
...
006 (3314659.000.000) 01/11 20:19:01 Image size of job updated: 1256188
	160  -  MemoryUsage of job (MB)
	162880  -  ResidentSetSize of job (KB)
...
006 (3314659.000.000) 01/11 20:19:03 Image size of job updated: 1256188
	160  -  MemoryUsage of job (MB)
	163024  -  ResidentSetSize of job (KB)
...
040 (3314659.000.000) 01/11 20:19:03 Started transferring output files
...
040 (3314659.000.000) 01/11 20:19:03 Finished transferring output files
...
005 (3314659.000.000) 01/11 20:19:03 Job terminated.
	(1) Normal termination (return value 1)
		Usr 0 00:00:03, Sys 0 00:00:02  -  Run Remote Usage
		Usr 0 00:00:00, Sys 0 00:00:00  -  Run Local Usage
		Usr 0 00:00:03, Sys 0 00:00:02  -  Total Remote Usage
		Usr 0 00:00:00, Sys 0 00:00:00  -  Total Local Usage
	1696  -  Run Bytes Sent By Job
	10524  -  Run Bytes Received By Job
	1696  -  Total Bytes Sent By Job
	10524  -  Total Bytes Received By Job
	Partitionable Resources :    Usage  Request Allocated 
	   Cpus                 :                 4         4 
	   Disk (KB)            :       28        1   1244282 
	   Memory (MB)          :      160     8000      8000 

	Job terminated of its own accord at 2022-01-11T19:19:03Z.
...
