000 (3315596.014.000) 01/12 17:36:31 Job submitted from host: <188.185.70.244:9618?addrs=188.185.70.244-9618+[2001-1458-d00-7--100-2ee]-9618&alias=bigbird10.cern.ch&noUDP&sock=schedd_7001_aea1>
...
040 (3315596.014.000) 01/13 01:23:11 Started transferring input files
	Transferring to host: <188.184.160.182:9618?addrs=188.184.160.182-9618+[2001-1458-301-48--100-b0]-9618&alias=b7s09p4497.cern.ch&noUDP&sock=slot1_4_174789_699d_535>
...
040 (3315596.014.000) 01/13 01:23:11 Finished transferring input files
...
001 (3315596.014.000) 01/13 01:23:12 Job executing on host: <188.184.160.182:9618?addrs=188.184.160.182-9618+[2001-1458-301-48--100-b0]-9618&alias=b7s09p4497.cern.ch&noUDP&sock=startd_174751_3ab4>
...
006 (3315596.014.000) 01/13 01:23:20 Image size of job updated: 417992
	66  -  MemoryUsage of job (MB)
	66912  -  ResidentSetSize of job (KB)
...
006 (3315596.014.000) 01/13 01:23:50 Image size of job updated: 1666028
	66  -  MemoryUsage of job (MB)
	66936  -  ResidentSetSize of job (KB)
...
040 (3315596.014.000) 01/13 01:23:50 Started transferring output files
...
040 (3315596.014.000) 01/13 01:23:50 Finished transferring output files
...
005 (3315596.014.000) 01/13 01:23:50 Job terminated.
	(1) Normal termination (return value 1)
		Usr 0 00:00:05, Sys 0 00:00:03  -  Run Remote Usage
		Usr 0 00:00:00, Sys 0 00:00:00  -  Run Local Usage
		Usr 0 00:00:05, Sys 0 00:00:03  -  Total Remote Usage
		Usr 0 00:00:00, Sys 0 00:00:00  -  Total Local Usage
	1871  -  Run Bytes Sent By Job
	10529  -  Run Bytes Received By Job
	1871  -  Total Bytes Sent By Job
	10529  -  Total Bytes Received By Job
	Partitionable Resources :    Usage  Request Allocated 
	   Cpus                 :                 4         4 
	   Disk (KB)            :       28        1   1423870 
	   Memory (MB)          :       66     8000      8000 

	Job terminated of its own accord at 2022-01-13T00:23:50Z.
...
