000 (3314887.011.000) 01/12 10:53:36 Job submitted from host: <188.185.70.244:9618?addrs=188.185.70.244-9618+[2001-1458-d00-7--100-2ee]-9618&alias=bigbird10.cern.ch&noUDP&sock=schedd_7001_aea1>
...
040 (3314887.011.000) 01/12 10:55:13 Started transferring input files
	Transferring to host: <128.142.61.87:9618?addrs=128.142.61.87-9618+[2001-1458-301-23--100-56]-9618&alias=b7s06p4420.cern.ch&noUDP&sock=slot1_14_3575_a92a_29390>
...
040 (3314887.011.000) 01/12 10:55:13 Finished transferring input files
...
001 (3314887.011.000) 01/12 10:55:14 Job executing on host: <128.142.61.87:9618?addrs=128.142.61.87-9618+[2001-1458-301-23--100-56]-9618&alias=b7s06p4420.cern.ch&noUDP&sock=startd_2789_99ba>
...
006 (3314887.011.000) 01/12 10:55:23 Image size of job updated: 184720
	160  -  MemoryUsage of job (MB)
	163252  -  ResidentSetSize of job (KB)
...
006 (3314887.011.000) 01/12 10:55:26 Image size of job updated: 1673932
	160  -  MemoryUsage of job (MB)
	163252  -  ResidentSetSize of job (KB)
...
040 (3314887.011.000) 01/12 10:55:26 Started transferring output files
...
040 (3314887.011.000) 01/12 10:55:26 Finished transferring output files
...
005 (3314887.011.000) 01/12 10:55:26 Job terminated.
	(1) Normal termination (return value 1)
		Usr 0 00:00:03, Sys 0 00:00:03  -  Run Remote Usage
		Usr 0 00:00:00, Sys 0 00:00:00  -  Run Local Usage
		Usr 0 00:00:03, Sys 0 00:00:03  -  Total Remote Usage
		Usr 0 00:00:00, Sys 0 00:00:00  -  Total Local Usage
	1704  -  Run Bytes Sent By Job
	10530  -  Run Bytes Received By Job
	1704  -  Total Bytes Sent By Job
	10530  -  Total Bytes Received By Job
	Partitionable Resources :    Usage  Request Allocated 
	   Cpus                 :                 4         4 
	   Disk (KB)            :       28        1   1342610 
	   Memory (MB)          :      160     8000      8000 

	Job terminated of its own accord at 2022-01-12T09:55:26Z.
...
