000 (3314665.009.000) 01/11 17:14:15 Job submitted from host: <188.185.70.244:9618?addrs=188.185.70.244-9618+[2001-1458-d00-7--100-2ee]-9618&alias=bigbird10.cern.ch&noUDP&sock=schedd_7001_aea1>
...
040 (3314665.009.000) 01/11 20:19:27 Started transferring input files
	Transferring to host: <128.142.58.97:9618?addrs=128.142.58.97-9618+[2001-1458-301-16--100-60]-9618&alias=b7s03p4961.cern.ch&noUDP&sock=slot1_1_5571_05fc_29242>
...
040 (3314665.009.000) 01/11 20:19:27 Finished transferring input files
...
001 (3314665.009.000) 01/11 20:19:28 Job executing on host: <128.142.58.97:9618?addrs=128.142.58.97-9618+[2001-1458-301-16--100-60]-9618&alias=b7s03p4961.cern.ch&noUDP&sock=startd_5175_32b2>
...
006 (3314665.009.000) 01/11 20:19:37 Image size of job updated: 1256188
	187  -  MemoryUsage of job (MB)
	191452  -  ResidentSetSize of job (KB)
...
006 (3314665.009.000) 01/11 20:24:38 Image size of job updated: 2540128
	1037  -  MemoryUsage of job (MB)
	1061480  -  ResidentSetSize of job (KB)
...
006 (3314665.009.000) 01/11 20:29:38 Image size of job updated: 2820792
	1037  -  MemoryUsage of job (MB)
	1061480  -  ResidentSetSize of job (KB)
...
040 (3314665.009.000) 01/11 20:49:33 Started transferring output files
...
040 (3314665.009.000) 01/11 20:49:34 Finished transferring output files
...
005 (3314665.009.000) 01/11 20:49:34 Job terminated.
	(1) Normal termination (return value 0)
		Usr 0 00:09:01, Sys 0 00:00:04  -  Run Remote Usage
		Usr 0 00:00:00, Sys 0 00:00:00  -  Run Local Usage
		Usr 0 00:09:01, Sys 0 00:00:04  -  Total Remote Usage
		Usr 0 00:00:00, Sys 0 00:00:00  -  Total Local Usage
	19530224  -  Run Bytes Sent By Job
	10521  -  Run Bytes Received By Job
	19530224  -  Total Bytes Sent By Job
	10521  -  Total Bytes Received By Job
	Partitionable Resources :    Usage  Request Allocated 
	   Cpus                 :     0.01        4         4 
	   Disk (KB)            : 19107           1   1271957 
	   Memory (MB)          :  1037        8000      8000 

	Job terminated of its own accord at 2022-01-11T19:49:33Z.
...
