000 (3346193.013.000) 01/24 15:09:39 Job submitted from host: <188.185.70.244:9618?addrs=188.185.70.244-9618+[2001-1458-d00-7--100-2ee]-9618&alias=bigbird10.cern.ch&noUDP&sock=schedd_7001_aea1>
...
040 (3346193.013.000) 01/24 15:17:51 Started transferring input files
	Transferring to host: <128.142.248.194:9618?addrs=128.142.248.194-9618+[2001-1458-301-73--100-c1]-9618&alias=b7g23p8054.cern.ch&noUDP&sock=slot1_16_3970_f95b_10995>
...
040 (3346193.013.000) 01/24 15:17:51 Finished transferring input files
...
001 (3346193.013.000) 01/24 15:17:52 Job executing on host: <128.142.248.194:9618?addrs=128.142.248.194-9618+[2001-1458-301-73--100-c1]-9618&alias=b7g23p8054.cern.ch&noUDP&sock=startd_3916_a0f6>
...
006 (3346193.013.000) 01/24 15:18:00 Image size of job updated: 269264
	69  -  MemoryUsage of job (MB)
	70588  -  ResidentSetSize of job (KB)
...
006 (3346193.013.000) 01/24 15:18:17 Image size of job updated: 1257908
	69  -  MemoryUsage of job (MB)
	70592  -  ResidentSetSize of job (KB)
...
040 (3346193.013.000) 01/24 15:18:18 Started transferring output files
...
040 (3346193.013.000) 01/24 15:18:18 Finished transferring output files
...
005 (3346193.013.000) 01/24 15:18:18 Job terminated.
	(1) Normal termination (return value 1)
		Usr 0 00:00:06, Sys 0 00:00:02  -  Run Remote Usage
		Usr 0 00:00:00, Sys 0 00:00:00  -  Run Local Usage
		Usr 0 00:00:06, Sys 0 00:00:02  -  Total Remote Usage
		Usr 0 00:00:00, Sys 0 00:00:00  -  Total Local Usage
	23936  -  Run Bytes Sent By Job
	11205  -  Run Bytes Received By Job
	23936  -  Total Bytes Sent By Job
	11205  -  Total Bytes Received By Job
	Partitionable Resources :    Usage  Request Allocated 
	   Cpus                 :                 4         4 
	   Disk (KB)            :       52        1   2928303 
	   Memory (MB)          :       69     8000      8000 

	Job terminated of its own accord at 2022-01-24T14:18:17Z.
...
