000 (3314662.004.000) 01/11 17:12:54 Job submitted from host: <188.185.70.244:9618?addrs=188.185.70.244-9618+[2001-1458-d00-7--100-2ee]-9618&alias=bigbird10.cern.ch&noUDP&sock=schedd_7001_aea1>
...
040 (3314662.004.000) 01/11 20:19:09 Started transferring input files
	Transferring to host: <128.142.57.134:9618?addrs=128.142.57.134-9618&alias=b7s02p3956.cern.ch&noUDP&sock=slot1_14_4584_97b3_29587>
...
040 (3314662.004.000) 01/11 20:19:09 Finished transferring input files
...
001 (3314662.004.000) 01/11 20:19:10 Job executing on host: <128.142.57.134:9618?addrs=128.142.57.134-9618&alias=b7s02p3956.cern.ch&noUDP&sock=startd_4224_e421>
...
006 (3314662.004.000) 01/11 20:19:19 Image size of job updated: 1256188
	155  -  MemoryUsage of job (MB)
	157832  -  ResidentSetSize of job (KB)
...
006 (3314662.004.000) 01/11 20:24:20 Image size of job updated: 1885792
	419  -  MemoryUsage of job (MB)
	428620  -  ResidentSetSize of job (KB)
...
006 (3314662.004.000) 01/11 20:39:21 Image size of job updated: 1885792
	419  -  MemoryUsage of job (MB)
	428628  -  ResidentSetSize of job (KB)
...
006 (3314662.004.000) 01/11 20:54:23 Image size of job updated: 2018788
	549  -  MemoryUsage of job (MB)
	562092  -  ResidentSetSize of job (KB)
...
006 (3314662.004.000) 01/11 21:24:25 Image size of job updated: 2185852
	714  -  MemoryUsage of job (MB)
	730876  -  ResidentSetSize of job (KB)
...
006 (3314662.004.000) 01/11 21:49:29 Image size of job updated: 2387844
	847  -  MemoryUsage of job (MB)
	867136  -  ResidentSetSize of job (KB)
...
006 (3314662.004.000) 01/11 22:09:31 Image size of job updated: 2541760
	1060  -  MemoryUsage of job (MB)
	1084484  -  ResidentSetSize of job (KB)
...
006 (3314662.004.000) 01/11 22:34:34 Image size of job updated: 2891976
	1258  -  MemoryUsage of job (MB)
	1288076  -  ResidentSetSize of job (KB)
...
006 (3314662.004.000) 01/11 22:54:35 Image size of job updated: 3041104
	1494  -  MemoryUsage of job (MB)
	1529060  -  ResidentSetSize of job (KB)
...
006 (3314662.004.000) 01/11 23:24:39 Image size of job updated: 3529288
	1783  -  MemoryUsage of job (MB)
	1825060  -  ResidentSetSize of job (KB)
...
006 (3314662.004.000) 01/11 23:34:40 Image size of job updated: 3529288
	1783  -  MemoryUsage of job (MB)
	1825068  -  ResidentSetSize of job (KB)
...
006 (3314662.004.000) 01/11 23:44:41 Image size of job updated: 3943040
	2139  -  MemoryUsage of job (MB)
	2189632  -  ResidentSetSize of job (KB)
...
006 (3314662.004.000) 01/12 00:09:43 Image size of job updated: 3943040
	2184  -  MemoryUsage of job (MB)
	2235892  -  ResidentSetSize of job (KB)
...
006 (3314662.004.000) 01/12 00:14:43 Image size of job updated: 4362924
	2451  -  MemoryUsage of job (MB)
	2509168  -  ResidentSetSize of job (KB)
...
040 (3314662.004.000) 01/12 00:32:19 Entered queue to transfer output files
...
040 (3314662.004.000) 01/12 00:32:19 Started transferring output files
...
040 (3314662.004.000) 01/12 00:32:19 Finished transferring output files
...
005 (3314662.004.000) 01/12 00:32:19 Job terminated.
	(1) Normal termination (return value 0)
		Usr 0 00:16:51, Sys 0 00:00:45  -  Run Remote Usage
		Usr 0 00:00:00, Sys 0 00:00:00  -  Run Local Usage
		Usr 0 00:16:51, Sys 0 00:00:45  -  Total Remote Usage
		Usr 0 00:00:00, Sys 0 00:00:00  -  Total Local Usage
	184279  -  Run Bytes Sent By Job
	10522  -  Run Bytes Received By Job
	184279  -  Total Bytes Sent By Job
	10522  -  Total Bytes Received By Job
	Partitionable Resources :    Usage  Request Allocated 
	   Cpus                 :     0.04        4         4 
	   Disk (KB)            :   213           1   1253052 
	   Memory (MB)          :  2451        8000      8000 

	Job terminated of its own accord at 2022-01-11T23:32:14Z.
...
