000 (3321555.008.000) 01/17 16:54:45 Job submitted from host: <188.185.70.244:9618?addrs=188.185.70.244-9618+[2001-1458-d00-7--100-2ee]-9618&alias=bigbird10.cern.ch&noUDP&sock=schedd_7001_aea1>
...
040 (3321555.008.000) 01/17 16:57:30 Started transferring input files
	Transferring to host: <128.142.61.71:9618?addrs=128.142.61.71-9618+[2001-1458-301-23--100-46]-9618&alias=b7s06p6152.cern.ch&noUDP&sock=slot1_2_3631_1e2d_33706>
...
040 (3321555.008.000) 01/17 16:57:30 Finished transferring input files
...
001 (3321555.008.000) 01/17 16:57:31 Job executing on host: <128.142.61.71:9618?addrs=128.142.61.71-9618+[2001-1458-301-23--100-46]-9618&alias=b7s06p6152.cern.ch&noUDP&sock=startd_3564_2fa0>
...
006 (3321555.008.000) 01/17 16:57:40 Image size of job updated: 1262864
	155  -  MemoryUsage of job (MB)
	157864  -  ResidentSetSize of job (KB)
...
006 (3321555.008.000) 01/17 17:02:42 Image size of job updated: 2188524
	624  -  MemoryUsage of job (MB)
	638824  -  ResidentSetSize of job (KB)
...
006 (3321555.008.000) 01/17 17:12:42 Image size of job updated: 2188524
	624  -  MemoryUsage of job (MB)
	638864  -  ResidentSetSize of job (KB)
...
006 (3321555.008.000) 01/17 17:17:42 Image size of job updated: 2506972
	949  -  MemoryUsage of job (MB)
	971224  -  ResidentSetSize of job (KB)
...
006 (3321555.008.000) 01/17 17:22:44 Image size of job updated: 3018204
	1264  -  MemoryUsage of job (MB)
	1294080  -  ResidentSetSize of job (KB)
...
006 (3321555.008.000) 01/17 17:37:45 Image size of job updated: 3363700
	1548  -  MemoryUsage of job (MB)
	1584648  -  ResidentSetSize of job (KB)
...
006 (3321555.008.000) 01/17 17:52:46 Image size of job updated: 3717684
	1832  -  MemoryUsage of job (MB)
	1875192  -  ResidentSetSize of job (KB)
...
006 (3321555.008.000) 01/17 18:07:48 Image size of job updated: 3717684
	2357  -  MemoryUsage of job (MB)
	2412752  -  ResidentSetSize of job (KB)
...
006 (3321555.008.000) 01/17 18:12:49 Image size of job updated: 4142008
	2369  -  MemoryUsage of job (MB)
	2425132  -  ResidentSetSize of job (KB)
...
006 (3321555.008.000) 01/17 18:27:50 Image size of job updated: 4591288
	2664  -  MemoryUsage of job (MB)
	2727656  -  ResidentSetSize of job (KB)
...
006 (3321555.008.000) 01/17 18:47:52 Image size of job updated: 4591288
	2664  -  MemoryUsage of job (MB)
	2727660  -  ResidentSetSize of job (KB)
...
006 (3321555.008.000) 01/17 18:57:53 Image size of job updated: 5112900
	3083  -  MemoryUsage of job (MB)
	3156484  -  ResidentSetSize of job (KB)
...
006 (3321555.008.000) 01/17 20:08:01 Image size of job updated: 5739240
	3524  -  MemoryUsage of job (MB)
	3607776  -  ResidentSetSize of job (KB)
...
040 (3321555.008.000) 01/17 20:30:11 Started transferring output files
...
040 (3321555.008.000) 01/17 20:30:15 Finished transferring output files
...
005 (3321555.008.000) 01/17 20:30:15 Job terminated.
	(1) Normal termination (return value 0)
		Usr 0 00:24:12, Sys 0 00:00:53  -  Run Remote Usage
		Usr 0 00:00:00, Sys 0 00:00:00  -  Run Local Usage
		Usr 0 00:24:12, Sys 0 00:00:53  -  Total Remote Usage
		Usr 0 00:00:00, Sys 0 00:00:00  -  Total Local Usage
	6017  -  Run Bytes Sent By Job
	10521  -  Run Bytes Received By Job
	6017  -  Total Bytes Sent By Job
	10521  -  Total Bytes Received By Job
	Partitionable Resources :    Usage  Request Allocated 
	   Cpus                 :     0.05        4         4 
	   Disk (KB)            :    37           1   1199142 
	   Memory (MB)          :  3524        8000      8000 

	Job terminated of its own accord at 2022-01-17T19:30:11Z.
...
