000 (3316931.013.000) 01/13 09:45:34 Job submitted from host: <188.185.70.244:9618?addrs=188.185.70.244-9618+[2001-1458-d00-7--100-2ee]-9618&alias=bigbird10.cern.ch&noUDP&sock=schedd_7001_aea1>
...
040 (3316931.013.000) 01/13 09:50:09 Started transferring input files
	Transferring to host: <128.142.60.118:9618?addrs=128.142.60.118-9618+[2001-1458-301-22--100-75]-9618&alias=b7s05p8679.cern.ch&noUDP&sock=slot1_4_3600_468b_29651>
...
040 (3316931.013.000) 01/13 09:50:09 Finished transferring input files
...
001 (3316931.013.000) 01/13 09:50:10 Job executing on host: <128.142.60.118:9618?addrs=128.142.60.118-9618+[2001-1458-301-22--100-75]-9618&alias=b7s05p8679.cern.ch&noUDP&sock=startd_2935_be8d>
...
006 (3316931.013.000) 01/13 09:50:19 Image size of job updated: 284888
	0  -  MemoryUsage of job (MB)
	0  -  ResidentSetSize of job (KB)
...
040 (3316931.013.000) 01/13 09:50:19 Started transferring output files
...
040 (3316931.013.000) 01/13 09:50:19 Finished transferring output files
...
005 (3316931.013.000) 01/13 09:50:19 Job terminated.
	(1) Normal termination (return value 1)
		Usr 0 00:00:03, Sys 0 00:00:02  -  Run Remote Usage
		Usr 0 00:00:00, Sys 0 00:00:00  -  Run Local Usage
		Usr 0 00:00:03, Sys 0 00:00:02  -  Total Remote Usage
		Usr 0 00:00:00, Sys 0 00:00:00  -  Total Local Usage
	24157  -  Run Bytes Sent By Job
	10524  -  Run Bytes Received By Job
	24157  -  Total Bytes Sent By Job
	10524  -  Total Bytes Received By Job
	Partitionable Resources :    Usage  Request Allocated 
	   Cpus                 :                 4         4 
	   Disk (KB)            :       51        1   1294548 
	   Memory (MB)          :        0     8000      8000 

	Job terminated of its own accord at 2022-01-13T08:50:19Z.
...
