000 (3342120.008.000) 01/20 16:18:25 Job submitted from host: <188.185.70.244:9618?addrs=188.185.70.244-9618+[2001-1458-d00-7--100-2ee]-9618&alias=bigbird10.cern.ch&noUDP&sock=schedd_7001_aea1>
...
040 (3342120.008.000) 01/20 16:49:54 Entered queue to transfer input files
	Transferring to host: <188.184.164.193:9618?addrs=188.184.164.193-9618&alias=b7s13p4817.cern.ch&noUDP&sock=slot1_32_4302_e5e8_34567>
...
040 (3342120.008.000) 01/20 16:49:59 Started transferring input files
	Seconds spent in queue: 5
...
040 (3342120.008.000) 01/20 16:49:59 Finished transferring input files
...
001 (3342120.008.000) 01/20 16:50:00 Job executing on host: <188.184.164.193:9618?addrs=188.184.164.193-9618&alias=b7s13p4817.cern.ch&noUDP&sock=startd_4074_00ec>
...
006 (3342120.008.000) 01/20 16:50:09 Image size of job updated: 320176
	155  -  MemoryUsage of job (MB)
	157868  -  ResidentSetSize of job (KB)
...
006 (3342120.008.000) 01/20 16:51:17 Image size of job updated: 1733056
	155  -  MemoryUsage of job (MB)
	157868  -  ResidentSetSize of job (KB)
...
040 (3342120.008.000) 01/20 16:51:22 Entered queue to transfer output files
...
040 (3342120.008.000) 01/20 16:55:17 Started transferring output files
	Seconds spent in queue: 323
...
040 (3342120.008.000) 01/20 16:55:17 Finished transferring output files
...
005 (3342120.008.000) 01/20 16:55:17 Job terminated.
	(1) Normal termination (return value 0)
		Usr 0 00:00:32, Sys 0 00:00:03  -  Run Remote Usage
		Usr 0 00:00:00, Sys 0 00:00:00  -  Run Local Usage
		Usr 0 00:00:32, Sys 0 00:00:03  -  Total Remote Usage
		Usr 0 00:00:00, Sys 0 00:00:00  -  Total Local Usage
	1359  -  Run Bytes Sent By Job
	11208  -  Run Bytes Received By Job
	1359  -  Total Bytes Sent By Job
	11208  -  Total Bytes Received By Job
	Partitionable Resources :    Usage  Request Allocated 
	   Cpus                 :        0        4         4 
	   Disk (KB)            :       36        1   2915517 
	   Memory (MB)          :      155     8000      8000 

	Job terminated of its own accord at 2022-01-20T15:51:17Z.
...
