000 (3345269.004.000) 01/24 12:58:40 Job submitted from host: <188.185.70.244:9618?addrs=188.185.70.244-9618+[2001-1458-d00-7--100-2ee]-9618&alias=bigbird10.cern.ch&noUDP&sock=schedd_7001_aea1>
...
040 (3345269.004.000) 01/24 13:06:18 Started transferring input files
	Transferring to host: <128.142.248.234:9618?addrs=128.142.248.234-9618+[2001-1458-301-73--100-e9]-9618&alias=b7g23p9876.cern.ch&noUDP&sock=slot1_46_3561_cbea_29400>
...
040 (3345269.004.000) 01/24 13:06:18 Finished transferring input files
...
001 (3345269.004.000) 01/24 13:06:19 Job executing on host: <128.142.248.234:9618?addrs=128.142.248.234-9618+[2001-1458-301-73--100-e9]-9618&alias=b7g23p9876.cern.ch&noUDP&sock=startd_3186_e8d3>
...
006 (3345269.004.000) 01/24 13:06:28 Image size of job updated: 127584
	65  -  MemoryUsage of job (MB)
	65908  -  ResidentSetSize of job (KB)
...
006 (3345269.004.000) 01/24 13:06:49 Image size of job updated: 1292400
	65  -  MemoryUsage of job (MB)
	65932  -  ResidentSetSize of job (KB)
...
040 (3345269.004.000) 01/24 13:06:49 Started transferring output files
...
040 (3345269.004.000) 01/24 13:06:49 Finished transferring output files
...
005 (3345269.004.000) 01/24 13:06:49 Job terminated.
	(1) Normal termination (return value 1)
		Usr 0 00:00:07, Sys 0 00:00:02  -  Run Remote Usage
		Usr 0 00:00:00, Sys 0 00:00:00  -  Run Local Usage
		Usr 0 00:00:07, Sys 0 00:00:02  -  Total Remote Usage
		Usr 0 00:00:00, Sys 0 00:00:00  -  Total Local Usage
	1525  -  Run Bytes Sent By Job
	11205  -  Run Bytes Received By Job
	1525  -  Total Bytes Sent By Job
	11205  -  Total Bytes Received By Job
	Partitionable Resources :    Usage  Request Allocated 
	   Cpus                 :                 4         4 
	   Disk (KB)            :       30        1   2904765 
	   Memory (MB)          :       65     8000      8000 

	Job terminated of its own accord at 2022-01-24T12:06:49Z.
...
