000 (3338423.002.000) 01/19 19:04:03 Job submitted from host: <188.185.70.244:9618?addrs=188.185.70.244-9618+[2001-1458-d00-7--100-2ee]-9618&alias=bigbird10.cern.ch&noUDP&sock=schedd_7001_aea1>
...
040 (3338423.002.000) 01/19 20:56:50 Started transferring input files
	Transferring to host: <128.142.137.31:9618?addrs=128.142.137.31-9618+[2001-1458-301-5e--100-13]-9618&alias=b7g19p3261.cern.ch&noUDP&sock=slot1_4_3694_81cf_352>
...
040 (3338423.002.000) 01/19 20:56:50 Finished transferring input files
...
001 (3338423.002.000) 01/19 20:56:51 Job executing on host: <128.142.137.31:9618?addrs=128.142.137.31-9618+[2001-1458-301-5e--100-13]-9618&alias=b7g19p3261.cern.ch&noUDP&sock=startd_3169_3fb7>
...
006 (3338423.002.000) 01/19 20:56:59 Image size of job updated: 322752
	157  -  MemoryUsage of job (MB)
	160452  -  ResidentSetSize of job (KB)
...
006 (3338423.002.000) 01/19 21:01:59 Image size of job updated: 2288400
	618  -  MemoryUsage of job (MB)
	632740  -  ResidentSetSize of job (KB)
...
006 (3338423.002.000) 01/19 21:07:00 Image size of job updated: 2635524
	928  -  MemoryUsage of job (MB)
	949440  -  ResidentSetSize of job (KB)
...
006 (3338423.002.000) 01/19 21:17:01 Image size of job updated: 3002196
	1243  -  MemoryUsage of job (MB)
	1272212  -  ResidentSetSize of job (KB)
...
006 (3338423.002.000) 01/19 21:22:01 Image size of job updated: 3172884
	1587  -  MemoryUsage of job (MB)
	1624432  -  ResidentSetSize of job (KB)
...
006 (3338423.002.000) 01/19 21:27:02 Image size of job updated: 3373316
	1587  -  MemoryUsage of job (MB)
	1624432  -  ResidentSetSize of job (KB)
...
006 (3338423.002.000) 01/19 21:32:03 Image size of job updated: 3373316
	1944  -  MemoryUsage of job (MB)
	1989700  -  ResidentSetSize of job (KB)
...
006 (3338423.002.000) 01/19 21:37:03 Image size of job updated: 3759424
	1944  -  MemoryUsage of job (MB)
	1989700  -  ResidentSetSize of job (KB)
...
006 (3338423.002.000) 01/19 21:47:05 Image size of job updated: 4206500
	2287  -  MemoryUsage of job (MB)
	2340920  -  ResidentSetSize of job (KB)
...
006 (3338423.002.000) 01/19 21:57:06 Image size of job updated: 4206500
	2371  -  MemoryUsage of job (MB)
	2427884  -  ResidentSetSize of job (KB)
...
006 (3338423.002.000) 01/19 22:12:07 Image size of job updated: 5148276
	2536  -  MemoryUsage of job (MB)
	2596748  -  ResidentSetSize of job (KB)
...
006 (3338423.002.000) 01/19 22:27:09 Image size of job updated: 5148276
	3392  -  MemoryUsage of job (MB)
	3473200  -  ResidentSetSize of job (KB)
...
040 (3338423.002.000) 01/19 22:27:50 Started transferring output files
...
040 (3338423.002.000) 01/19 22:27:50 Finished transferring output files
...
005 (3338423.002.000) 01/19 22:27:50 Job terminated.
	(1) Normal termination (return value 0)
		Usr 0 00:24:59, Sys 0 00:00:28  -  Run Remote Usage
		Usr 0 00:00:00, Sys 0 00:00:00  -  Run Local Usage
		Usr 0 00:24:59, Sys 0 00:00:28  -  Total Remote Usage
		Usr 0 00:00:00, Sys 0 00:00:00  -  Total Local Usage
	4535  -  Run Bytes Sent By Job
	11204  -  Run Bytes Received By Job
	4535  -  Total Bytes Sent By Job
	11204  -  Total Bytes Received By Job
	Partitionable Resources :    Usage  Request Allocated 
	   Cpus                 :     0.99        4         4 
	   Disk (KB)            :    39           1   1672205 
	   Memory (MB)          :  3392        8000      8000 

	Job terminated of its own accord at 2022-01-19T21:27:50Z.
...
