000 (3316931.014.000) 01/13 09:45:34 Job submitted from host: <188.185.70.244:9618?addrs=188.185.70.244-9618+[2001-1458-d00-7--100-2ee]-9618&alias=bigbird10.cern.ch&noUDP&sock=schedd_7001_aea1>
...
040 (3316931.014.000) 01/13 09:50:09 Started transferring input files
	Transferring to host: <128.142.58.170:9618?addrs=128.142.58.170-9618+[2001-1458-301-16--100-a9]-9618&alias=b7s03p6209.cern.ch&noUDP&sock=slot1_2_3585_b4eb_30232>
...
040 (3316931.014.000) 01/13 09:50:09 Finished transferring input files
...
001 (3316931.014.000) 01/13 09:50:10 Job executing on host: <128.142.58.170:9618?addrs=128.142.58.170-9618+[2001-1458-301-16--100-a9]-9618&alias=b7s03p6209.cern.ch&noUDP&sock=startd_2923_836b>
...
006 (3316931.014.000) 01/13 09:50:19 Image size of job updated: 375492
	268  -  MemoryUsage of job (MB)
	273844  -  ResidentSetSize of job (KB)
...
006 (3316931.014.000) 01/13 09:50:52 Image size of job updated: 1733152
	268  -  MemoryUsage of job (MB)
	273860  -  ResidentSetSize of job (KB)
...
040 (3316931.014.000) 01/13 09:50:52 Started transferring output files
...
040 (3316931.014.000) 01/13 09:50:52 Finished transferring output files
...
005 (3316931.014.000) 01/13 09:50:52 Job terminated.
	(1) Normal termination (return value 0)
		Usr 0 00:00:12, Sys 0 00:00:02  -  Run Remote Usage
		Usr 0 00:00:00, Sys 0 00:00:00  -  Run Local Usage
		Usr 0 00:00:12, Sys 0 00:00:02  -  Total Remote Usage
		Usr 0 00:00:00, Sys 0 00:00:00  -  Total Local Usage
	1857  -  Run Bytes Sent By Job
	10524  -  Run Bytes Received By Job
	1857  -  Total Bytes Sent By Job
	10524  -  Total Bytes Received By Job
	Partitionable Resources :    Usage  Request Allocated 
	   Cpus                 :                 4         4 
	   Disk (KB)            :       29        1   1312349 
	   Memory (MB)          :      268     8000      8000 

	Job terminated of its own accord at 2022-01-13T08:50:52Z.
...
