000 (3314887.008.000) 01/12 10:53:36 Job submitted from host: <188.185.70.244:9618?addrs=188.185.70.244-9618+[2001-1458-d00-7--100-2ee]-9618&alias=bigbird10.cern.ch&noUDP&sock=schedd_7001_aea1>
...
040 (3314887.008.000) 01/12 10:55:09 Started transferring input files
	Transferring to host: <128.142.131.20:9618?addrs=128.142.131.20-9618+[2001-1458-301-59--100-8]-9618&alias=b7g11p6198.cern.ch&noUDP&sock=slot1_1_34323_688d_75367>
...
040 (3314887.008.000) 01/12 10:55:09 Finished transferring input files
...
001 (3314887.008.000) 01/12 10:55:10 Job executing on host: <128.142.131.20:9618?addrs=128.142.131.20-9618+[2001-1458-301-59--100-8]-9618&alias=b7g11p6198.cern.ch&noUDP&sock=startd_42977_39ce>
...
006 (3314887.008.000) 01/12 10:55:19 Image size of job updated: 1601276
	202  -  MemoryUsage of job (MB)
	206204  -  ResidentSetSize of job (KB)
...
006 (3314887.008.000) 01/12 10:55:20 Image size of job updated: 1601276
	202  -  MemoryUsage of job (MB)
	206248  -  ResidentSetSize of job (KB)
...
040 (3314887.008.000) 01/12 10:55:20 Started transferring output files
...
040 (3314887.008.000) 01/12 10:55:20 Finished transferring output files
...
005 (3314887.008.000) 01/12 10:55:20 Job terminated.
	(1) Normal termination (return value 1)
		Usr 0 00:00:05, Sys 0 00:00:02  -  Run Remote Usage
		Usr 0 00:00:00, Sys 0 00:00:00  -  Run Local Usage
		Usr 0 00:00:05, Sys 0 00:00:02  -  Total Remote Usage
		Usr 0 00:00:00, Sys 0 00:00:00  -  Total Local Usage
	6793  -  Run Bytes Sent By Job
	10530  -  Run Bytes Received By Job
	6793  -  Total Bytes Sent By Job
	10530  -  Total Bytes Received By Job
	Partitionable Resources :    Usage  Request Allocated 
	   Cpus                 :                 4         4 
	   Disk (KB)            :       32        1   1590248 
	   Memory (MB)          :      202     8000      8000 

	Job terminated of its own accord at 2022-01-12T09:55:20Z.
...
