000 (3345269.011.000) 01/24 12:58:40 Job submitted from host: <188.185.70.244:9618?addrs=188.185.70.244-9618+[2001-1458-d00-7--100-2ee]-9618&alias=bigbird10.cern.ch&noUDP&sock=schedd_7001_aea1>
...
040 (3345269.011.000) 01/24 13:07:15 Started transferring input files
	Transferring to host: <128.142.248.182:9618?addrs=128.142.248.182-9618+[2001-1458-301-73--100-b5]-9618&alias=b7g23p6365.cern.ch&noUDP&sock=slot1_21_3969_44fa_30557>
...
040 (3345269.011.000) 01/24 13:07:15 Finished transferring input files
...
001 (3345269.011.000) 01/24 13:07:16 Job executing on host: <128.142.248.182:9618?addrs=128.142.248.182-9618+[2001-1458-301-73--100-b5]-9618&alias=b7g23p6365.cern.ch&noUDP&sock=startd_3319_22ec>
...
006 (3345269.011.000) 01/24 13:07:25 Image size of job updated: 459004
	67  -  MemoryUsage of job (MB)
	68464  -  ResidentSetSize of job (KB)
...
006 (3345269.011.000) 01/24 13:07:43 Image size of job updated: 1674776
	67  -  MemoryUsage of job (MB)
	68488  -  ResidentSetSize of job (KB)
...
040 (3345269.011.000) 01/24 13:07:43 Started transferring output files
...
040 (3345269.011.000) 01/24 13:07:43 Finished transferring output files
...
005 (3345269.011.000) 01/24 13:07:43 Job terminated.
	(1) Normal termination (return value 1)
		Usr 0 00:00:07, Sys 0 00:00:02  -  Run Remote Usage
		Usr 0 00:00:00, Sys 0 00:00:00  -  Run Local Usage
		Usr 0 00:00:07, Sys 0 00:00:02  -  Total Remote Usage
		Usr 0 00:00:00, Sys 0 00:00:00  -  Total Local Usage
	1525  -  Run Bytes Sent By Job
	11205  -  Run Bytes Received By Job
	1525  -  Total Bytes Sent By Job
	11205  -  Total Bytes Received By Job
	Partitionable Resources :    Usage  Request Allocated 
	   Cpus                 :                 4         4 
	   Disk (KB)            :       30        1   2998924 
	   Memory (MB)          :       67     8000      8000 

	Job terminated of its own accord at 2022-01-24T12:07:43Z.
...
