000 (3314887.015.000) 01/12 10:53:36 Job submitted from host: <188.185.70.244:9618?addrs=188.185.70.244-9618+[2001-1458-d00-7--100-2ee]-9618&alias=bigbird10.cern.ch&noUDP&sock=schedd_7001_aea1>
...
040 (3314887.015.000) 01/12 10:55:15 Started transferring input files
	Transferring to host: <128.142.60.142:9618?addrs=128.142.60.142-9618&alias=b7s05p6805.cern.ch&noUDP&sock=slot1_31_3567_062a_20996>
...
040 (3314887.015.000) 01/12 10:55:15 Finished transferring input files
...
001 (3314887.015.000) 01/12 10:55:16 Job executing on host: <128.142.60.142:9618?addrs=128.142.60.142-9618&alias=b7s05p6805.cern.ch&noUDP&sock=startd_3490_6d9d>
...
006 (3314887.015.000) 01/12 10:55:23 Image size of job updated: 245500
	0  -  MemoryUsage of job (MB)
	0  -  ResidentSetSize of job (KB)
...
040 (3314887.015.000) 01/12 10:55:23 Started transferring output files
...
040 (3314887.015.000) 01/12 10:55:23 Finished transferring output files
...
005 (3314887.015.000) 01/12 10:55:23 Job terminated.
	(1) Normal termination (return value 1)
		Usr 0 00:00:03, Sys 0 00:00:01  -  Run Remote Usage
		Usr 0 00:00:00, Sys 0 00:00:00  -  Run Local Usage
		Usr 0 00:00:03, Sys 0 00:00:01  -  Total Remote Usage
		Usr 0 00:00:00, Sys 0 00:00:00  -  Total Local Usage
	6552  -  Run Bytes Sent By Job
	10530  -  Run Bytes Received By Job
	6552  -  Total Bytes Sent By Job
	10530  -  Total Bytes Received By Job
	Partitionable Resources :    Usage  Request Allocated 
	   Cpus                 :                 4         4 
	   Disk (KB)            :       31        1   1311069 
	   Memory (MB)          :        0     8000      8000 

	Job terminated of its own accord at 2022-01-12T09:55:23Z.
...
