000 (3344071.011.000) 01/23 19:19:11 Job submitted from host: <188.185.70.244:9618?addrs=188.185.70.244-9618+[2001-1458-d00-7--100-2ee]-9618&alias=bigbird10.cern.ch&noUDP&sock=schedd_7001_aea1>
...
040 (3344071.011.000) 01/23 19:26:17 Started transferring input files
	Transferring to host: <128.142.61.95:9618?addrs=128.142.61.95-9618&alias=b7s06p7589.cern.ch&noUDP&sock=slot1_10_3621_126c_40457>
...
040 (3344071.011.000) 01/23 19:26:17 Finished transferring input files
...
001 (3344071.011.000) 01/23 19:26:18 Job executing on host: <128.142.61.95:9618?addrs=128.142.61.95-9618&alias=b7s06p7589.cern.ch&noUDP&sock=startd_2579_8ed6>
...
006 (3344071.011.000) 01/23 19:26:27 Image size of job updated: 1260852
	155  -  MemoryUsage of job (MB)
	157888  -  ResidentSetSize of job (KB)
...
006 (3344071.011.000) 01/23 19:31:28 Image size of job updated: 1742576
	283  -  MemoryUsage of job (MB)
	289208  -  ResidentSetSize of job (KB)
...
006 (3344071.011.000) 01/23 19:36:29 Image size of job updated: 2076452
	610  -  MemoryUsage of job (MB)
	624048  -  ResidentSetSize of job (KB)
...
006 (3344071.011.000) 01/23 20:31:34 Image size of job updated: 2452552
	892  -  MemoryUsage of job (MB)
	913216  -  ResidentSetSize of job (KB)
...
006 (3344071.011.000) 01/23 21:21:40 Image size of job updated: 2815952
	1102  -  MemoryUsage of job (MB)
	1127964  -  ResidentSetSize of job (KB)
...
006 (3344071.011.000) 01/23 22:06:44 Image size of job updated: 3289012
	1428  -  MemoryUsage of job (MB)
	1461264  -  ResidentSetSize of job (KB)
...
006 (3344071.011.000) 01/23 22:46:49 Image size of job updated: 3289012
	1429  -  MemoryUsage of job (MB)
	1463216  -  ResidentSetSize of job (KB)
...
006 (3344071.011.000) 01/23 22:51:50 Image size of job updated: 3555168
	1667  -  MemoryUsage of job (MB)
	1706232  -  ResidentSetSize of job (KB)
...
006 (3344071.011.000) 01/23 23:36:54 Image size of job updated: 3955488
	2041  -  MemoryUsage of job (MB)
	2089344  -  ResidentSetSize of job (KB)
...
006 (3344071.011.000) 01/24 00:16:58 Image size of job updated: 4393888
	2601  -  MemoryUsage of job (MB)
	2662468  -  ResidentSetSize of job (KB)
...
006 (3344071.011.000) 01/24 01:02:02 Image size of job updated: 4864096
	2922  -  MemoryUsage of job (MB)
	2991196  -  ResidentSetSize of job (KB)
...
006 (3344071.011.000) 01/24 01:47:07 Image size of job updated: 5384124
	3310  -  MemoryUsage of job (MB)
	3389264  -  ResidentSetSize of job (KB)
...
040 (3344071.011.000) 01/24 02:23:53 Started transferring output files
...
040 (3344071.011.000) 01/24 02:23:53 Finished transferring output files
...
005 (3344071.011.000) 01/24 02:23:53 Job terminated.
	(1) Normal termination (return value 0)
		Usr 0 00:17:03, Sys 0 00:00:35  -  Run Remote Usage
		Usr 0 00:00:00, Sys 0 00:00:00  -  Run Local Usage
		Usr 0 00:17:03, Sys 0 00:00:35  -  Total Remote Usage
		Usr 0 00:00:00, Sys 0 00:00:00  -  Total Local Usage
	3698  -  Run Bytes Sent By Job
	11204  -  Run Bytes Received By Job
	3698  -  Total Bytes Sent By Job
	11204  -  Total Bytes Received By Job
	Partitionable Resources :    Usage  Request Allocated 
	   Cpus                 :     0.00        4         4 
	   Disk (KB)            :    37           1   1258364 
	   Memory (MB)          :  3310        8000      8000 

	Job terminated of its own accord at 2022-01-24T01:23:53Z.
...
