000 (3345269.008.000) 01/24 12:58:40 Job submitted from host: <188.185.70.244:9618?addrs=188.185.70.244-9618+[2001-1458-d00-7--100-2ee]-9618&alias=bigbird10.cern.ch&noUDP&sock=schedd_7001_aea1>
...
040 (3345269.008.000) 01/24 13:06:19 Started transferring input files
	Transferring to host: <128.142.248.182:9618?addrs=128.142.248.182-9618+[2001-1458-301-73--100-b5]-9618&alias=b7g23p6365.cern.ch&noUDP&sock=slot1_21_3969_44fa_30554>
...
040 (3345269.008.000) 01/24 13:06:19 Finished transferring input files
...
001 (3345269.008.000) 01/24 13:06:20 Job executing on host: <128.142.248.182:9618?addrs=128.142.248.182-9618+[2001-1458-301-73--100-b5]-9618&alias=b7g23p6365.cern.ch&noUDP&sock=startd_3319_22ec>
...
006 (3345269.008.000) 01/24 13:06:28 Image size of job updated: 94328
	64  -  MemoryUsage of job (MB)
	65036  -  ResidentSetSize of job (KB)
...
006 (3345269.008.000) 01/24 13:06:48 Image size of job updated: 1683256
	64  -  MemoryUsage of job (MB)
	65076  -  ResidentSetSize of job (KB)
...
040 (3345269.008.000) 01/24 13:06:48 Started transferring output files
...
040 (3345269.008.000) 01/24 13:06:49 Finished transferring output files
...
005 (3345269.008.000) 01/24 13:06:49 Job terminated.
	(1) Normal termination (return value 1)
		Usr 0 00:00:07, Sys 0 00:00:02  -  Run Remote Usage
		Usr 0 00:00:00, Sys 0 00:00:00  -  Run Local Usage
		Usr 0 00:00:07, Sys 0 00:00:02  -  Total Remote Usage
		Usr 0 00:00:00, Sys 0 00:00:00  -  Total Local Usage
	6373  -  Run Bytes Sent By Job
	11205  -  Run Bytes Received By Job
	6373  -  Total Bytes Sent By Job
	11205  -  Total Bytes Received By Job
	Partitionable Resources :    Usage  Request Allocated 
	   Cpus                 :                 4         4 
	   Disk (KB)            :       31        1   2998924 
	   Memory (MB)          :       64     8000      8000 

	Job terminated of its own accord at 2022-01-24T12:06:48Z.
...
