000 (3321555.009.000) 01/17 16:54:45 Job submitted from host: <188.185.70.244:9618?addrs=188.185.70.244-9618+[2001-1458-d00-7--100-2ee]-9618&alias=bigbird10.cern.ch&noUDP&sock=schedd_7001_aea1>
...
040 (3321555.009.000) 01/17 16:57:16 Started transferring input files
	Transferring to host: <128.142.58.85:9618?addrs=128.142.58.85-9618&alias=b7s03p6399.cern.ch&noUDP&sock=slot1_6_4247_2546_35685>
...
040 (3321555.009.000) 01/17 16:57:16 Finished transferring input files
...
001 (3321555.009.000) 01/17 16:57:17 Job executing on host: <128.142.58.85:9618?addrs=128.142.58.85-9618&alias=b7s03p6399.cern.ch&noUDP&sock=startd_3876_312c>
...
006 (3321555.009.000) 01/17 16:57:26 Image size of job updated: 752368
	186  -  MemoryUsage of job (MB)
	190452  -  ResidentSetSize of job (KB)
...
006 (3321555.009.000) 01/17 17:02:27 Image size of job updated: 3082332
	1271  -  MemoryUsage of job (MB)
	1300592  -  ResidentSetSize of job (KB)
...
006 (3321555.009.000) 01/17 17:07:28 Image size of job updated: 4483368
	2765  -  MemoryUsage of job (MB)
	2830784  -  ResidentSetSize of job (KB)
...
006 (3321555.009.000) 01/17 17:12:28 Image size of job updated: 5269536
	3190  -  MemoryUsage of job (MB)
	3266260  -  ResidentSetSize of job (KB)
...
006 (3321555.009.000) 01/17 17:15:05 Image size of job updated: 5841852
	3190  -  MemoryUsage of job (MB)
	3266260  -  ResidentSetSize of job (KB)
...
040 (3321555.009.000) 01/17 17:15:05 Started transferring output files
...
040 (3321555.009.000) 01/17 17:15:05 Finished transferring output files
...
005 (3321555.009.000) 01/17 17:15:05 Job terminated.
	(1) Normal termination (return value 0)
		Usr 0 00:16:41, Sys 0 00:00:17  -  Run Remote Usage
		Usr 0 00:00:00, Sys 0 00:00:00  -  Run Local Usage
		Usr 0 00:16:41, Sys 0 00:00:17  -  Total Remote Usage
		Usr 0 00:00:00, Sys 0 00:00:00  -  Total Local Usage
	6017  -  Run Bytes Sent By Job
	10521  -  Run Bytes Received By Job
	6017  -  Total Bytes Sent By Job
	10521  -  Total Bytes Received By Job
	Partitionable Resources :    Usage  Request Allocated 
	   Cpus                 :     1.00        4         4 
	   Disk (KB)            :    37           1   1260358 
	   Memory (MB)          :  3190        8000      8000 

	Job terminated of its own accord at 2022-01-17T16:15:05Z.
...
