000 (3338402.013.000) 01/19 18:42:34 Job submitted from host: <188.185.70.244:9618?addrs=188.185.70.244-9618+[2001-1458-d00-7--100-2ee]-9618&alias=bigbird10.cern.ch&noUDP&sock=schedd_7001_aea1>
...
040 (3338402.013.000) 01/19 18:48:40 Started transferring input files
	Transferring to host: <128.142.59.19:9618?addrs=128.142.59.19-9618+[2001-1458-301-21--100-12]-9618&alias=b7s04p6244.cern.ch&noUDP&sock=slot1_12_3608_e98c_2423>
...
040 (3338402.013.000) 01/19 18:48:40 Finished transferring input files
...
001 (3338402.013.000) 01/19 18:48:41 Job executing on host: <128.142.59.19:9618?addrs=128.142.59.19-9618+[2001-1458-301-21--100-12]-9618&alias=b7s04p6244.cern.ch&noUDP&sock=startd_2949_58e1>
...
006 (3338402.013.000) 01/19 18:48:48 Image size of job updated: 230596
	0  -  MemoryUsage of job (MB)
	0  -  ResidentSetSize of job (KB)
...
040 (3338402.013.000) 01/19 18:48:48 Started transferring output files
...
040 (3338402.013.000) 01/19 18:48:48 Finished transferring output files
...
005 (3338402.013.000) 01/19 18:48:48 Job terminated.
	(1) Normal termination (return value 1)
		Usr 0 00:00:03, Sys 0 00:00:02  -  Run Remote Usage
		Usr 0 00:00:00, Sys 0 00:00:00  -  Run Local Usage
		Usr 0 00:00:03, Sys 0 00:00:02  -  Total Remote Usage
		Usr 0 00:00:00, Sys 0 00:00:00  -  Total Local Usage
	23935  -  Run Bytes Sent By Job
	11204  -  Run Bytes Received By Job
	23935  -  Total Bytes Sent By Job
	11204  -  Total Bytes Received By Job
	Partitionable Resources :    Usage  Request Allocated 
	   Cpus                 :                 4         4 
	   Disk (KB)            :       51        1   1303453 
	   Memory (MB)          :        0     8000      8000 

	Job terminated of its own accord at 2022-01-19T17:48:48Z.
...
