000 (3344071.013.000) 01/23 19:19:11 Job submitted from host: <188.185.70.244:9618?addrs=188.185.70.244-9618+[2001-1458-d00-7--100-2ee]-9618&alias=bigbird10.cern.ch&noUDP&sock=schedd_7001_aea1>
...
040 (3344071.013.000) 01/23 19:26:06 Started transferring input files
	Transferring to host: <128.142.61.15:9618?addrs=128.142.61.15-9618&alias=b7s06p7712.cern.ch&noUDP&sock=slot1_7_3229_df5c_40667>
...
040 (3344071.013.000) 01/23 19:26:06 Finished transferring input files
...
001 (3344071.013.000) 01/23 19:26:07 Job executing on host: <128.142.61.15:9618?addrs=128.142.61.15-9618&alias=b7s06p7712.cern.ch&noUDP&sock=startd_2552_09c8>
...
006 (3344071.013.000) 01/23 19:26:16 Image size of job updated: 1256472
	187  -  MemoryUsage of job (MB)
	190880  -  ResidentSetSize of job (KB)
...
006 (3344071.013.000) 01/23 19:26:18 Image size of job updated: 1256472
	187  -  MemoryUsage of job (MB)
	191084  -  ResidentSetSize of job (KB)
...
040 (3344071.013.000) 01/23 19:26:18 Started transferring output files
...
040 (3344071.013.000) 01/23 19:26:18 Finished transferring output files
...
005 (3344071.013.000) 01/23 19:26:18 Job terminated.
	(1) Normal termination (return value 1)
		Usr 0 00:00:03, Sys 0 00:00:02  -  Run Remote Usage
		Usr 0 00:00:00, Sys 0 00:00:00  -  Run Local Usage
		Usr 0 00:00:03, Sys 0 00:00:02  -  Total Remote Usage
		Usr 0 00:00:00, Sys 0 00:00:00  -  Total Local Usage
	23935  -  Run Bytes Sent By Job
	11204  -  Run Bytes Received By Job
	23935  -  Total Bytes Sent By Job
	11204  -  Total Bytes Received By Job
	Partitionable Resources :    Usage  Request Allocated 
	   Cpus                 :                 4         4 
	   Disk (KB)            :       50        1   1243719 
	   Memory (MB)          :      187     8000      8000 

	Job terminated of its own accord at 2022-01-23T18:26:18Z.
...
