000 (3314662.010.000) 01/11 17:12:54 Job submitted from host: <188.185.70.244:9618?addrs=188.185.70.244-9618+[2001-1458-d00-7--100-2ee]-9618&alias=bigbird10.cern.ch&noUDP&sock=schedd_7001_aea1>
...
040 (3314662.010.000) 01/11 20:19:12 Started transferring input files
	Transferring to host: <188.184.160.145:9618?addrs=188.184.160.145-9618+[2001-1458-301-48--100-8b]-9618&alias=b7s09p4296.cern.ch&noUDP&sock=slot1_7_4016_629c_26852>
...
040 (3314662.010.000) 01/11 20:19:12 Finished transferring input files
...
001 (3314662.010.000) 01/11 20:19:13 Job executing on host: <188.184.160.145:9618?addrs=188.184.160.145-9618+[2001-1458-301-48--100-8b]-9618&alias=b7s09p4296.cern.ch&noUDP&sock=startd_3828_44a0>
...
006 (3314662.010.000) 01/11 20:19:21 Image size of job updated: 289168
	136  -  MemoryUsage of job (MB)
	138320  -  ResidentSetSize of job (KB)
...
006 (3314662.010.000) 01/11 20:24:21 Image size of job updated: 1881232
	415  -  MemoryUsage of job (MB)
	424100  -  ResidentSetSize of job (KB)
...
006 (3314662.010.000) 01/11 20:29:22 Image size of job updated: 1998588
	531  -  MemoryUsage of job (MB)
	542764  -  ResidentSetSize of job (KB)
...
006 (3314662.010.000) 01/11 20:39:23 Image size of job updated: 2145584
	676  -  MemoryUsage of job (MB)
	691860  -  ResidentSetSize of job (KB)
...
006 (3314662.010.000) 01/11 20:49:25 Image size of job updated: 2266268
	786  -  MemoryUsage of job (MB)
	803924  -  ResidentSetSize of job (KB)
...
006 (3314662.010.000) 01/11 20:59:26 Image size of job updated: 2565408
	973  -  MemoryUsage of job (MB)
	995788  -  ResidentSetSize of job (KB)
...
006 (3314662.010.000) 01/11 21:04:27 Image size of job updated: 2809116
	1167  -  MemoryUsage of job (MB)
	1194732  -  ResidentSetSize of job (KB)
...
006 (3314662.010.000) 01/11 21:14:27 Image size of job updated: 3086228
	1487  -  MemoryUsage of job (MB)
	1522156  -  ResidentSetSize of job (KB)
...
006 (3314662.010.000) 01/11 21:19:28 Image size of job updated: 3344676
	1868  -  MemoryUsage of job (MB)
	1911912  -  ResidentSetSize of job (KB)
...
006 (3314662.010.000) 01/11 21:24:29 Image size of job updated: 3380964
	1868  -  MemoryUsage of job (MB)
	1911912  -  ResidentSetSize of job (KB)
...
006 (3314662.010.000) 01/11 21:29:29 Image size of job updated: 3706648
	1933  -  MemoryUsage of job (MB)
	1979304  -  ResidentSetSize of job (KB)
...
006 (3314662.010.000) 01/11 21:34:30 Image size of job updated: 3706648
	1933  -  MemoryUsage of job (MB)
	1979356  -  ResidentSetSize of job (KB)
...
006 (3314662.010.000) 01/11 21:39:31 Image size of job updated: 4037636
	2225  -  MemoryUsage of job (MB)
	2278376  -  ResidentSetSize of job (KB)
...
040 (3314662.010.000) 01/11 21:42:51 Started transferring output files
...
040 (3314662.010.000) 01/11 21:42:51 Finished transferring output files
...
005 (3314662.010.000) 01/11 21:42:51 Job terminated.
	(1) Normal termination (return value 0)
		Usr 0 00:12:02, Sys 0 00:00:34  -  Run Remote Usage
		Usr 0 00:00:00, Sys 0 00:00:00  -  Run Local Usage
		Usr 0 00:12:02, Sys 0 00:00:34  -  Total Remote Usage
		Usr 0 00:00:00, Sys 0 00:00:00  -  Total Local Usage
	183823  -  Run Bytes Sent By Job
	10522  -  Run Bytes Received By Job
	183823  -  Total Bytes Sent By Job
	10522  -  Total Bytes Received By Job
	Partitionable Resources :    Usage  Request Allocated 
	   Cpus                 :     0.66        4         4 
	   Disk (KB)            :   213           1   1329488 
	   Memory (MB)          :  2225        8000      8000 

	Job terminated of its own accord at 2022-01-11T20:42:51Z.
...
