000 (3345101.000.000) 01/24 12:34:42 Job submitted from host: <188.185.70.244:9618?addrs=188.185.70.244-9618+[2001-1458-d00-7--100-2ee]-9618&alias=bigbird10.cern.ch&noUDP&sock=schedd_7001_aea1>
...
040 (3345101.000.000) 01/24 13:21:41 Started transferring input files
	Transferring to host: <128.142.57.136:9618?addrs=128.142.57.136-9618+[2001-1458-301-7--100-87]-9618&alias=b7s02p7470.cern.ch&noUDP&sock=slot1_1_5568_e8db_39362>
...
040 (3345101.000.000) 01/24 13:21:41 Finished transferring input files
...
001 (3345101.000.000) 01/24 13:21:42 Job executing on host: <128.142.57.136:9618?addrs=128.142.57.136-9618+[2001-1458-301-7--100-87]-9618&alias=b7s02p7470.cern.ch&noUDP&sock=startd_5205_c689>
...
006 (3345101.000.000) 01/24 13:21:50 Image size of job updated: 442936
	155  -  MemoryUsage of job (MB)
	157880  -  ResidentSetSize of job (KB)
...
006 (3345101.000.000) 01/24 13:26:50 Image size of job updated: 2654644
	1173  -  MemoryUsage of job (MB)
	1200380  -  ResidentSetSize of job (KB)
...
006 (3345101.000.000) 01/24 13:31:51 Image size of job updated: 3701744
	1858  -  MemoryUsage of job (MB)
	1901636  -  ResidentSetSize of job (KB)
...
006 (3345101.000.000) 01/24 13:34:34 Image size of job updated: 3976904
	1858  -  MemoryUsage of job (MB)
	1901636  -  ResidentSetSize of job (KB)
...
040 (3345101.000.000) 01/24 13:34:34 Started transferring output files
...
040 (3345101.000.000) 01/24 13:34:34 Finished transferring output files
...
005 (3345101.000.000) 01/24 13:34:34 Job terminated.
	(1) Normal termination (return value 0)
		Usr 0 00:10:35, Sys 0 00:00:11  -  Run Remote Usage
		Usr 0 00:00:00, Sys 0 00:00:00  -  Run Local Usage
		Usr 0 00:10:35, Sys 0 00:00:11  -  Total Remote Usage
		Usr 0 00:00:00, Sys 0 00:00:00  -  Total Local Usage
	3698  -  Run Bytes Sent By Job
	11204  -  Run Bytes Received By Job
	3698  -  Total Bytes Sent By Job
	11204  -  Total Bytes Received By Job
	Partitionable Resources :    Usage  Request Allocated 
	   Cpus                 :     0.97        4         4 
	   Disk (KB)            :    38           1   1089359 
	   Memory (MB)          :  1858        8000      8000 

	Job terminated of its own accord at 2022-01-24T12:34:34Z.
...
