000 (3342119.015.000) 01/20 16:17:58 Job submitted from host: <188.185.70.244:9618?addrs=188.185.70.244-9618+[2001-1458-d00-7--100-2ee]-9618&alias=bigbird10.cern.ch&noUDP&sock=schedd_7001_aea1>
...
040 (3342119.015.000) 01/20 16:39:59 Started transferring input files
	Transferring to host: <128.142.61.52:9618?addrs=128.142.61.52-9618+[2001-1458-301-23--100-33]-9618&alias=b7s06p8124.cern.ch&noUDP&sock=slot1_35_6119_2392_36984>
...
040 (3342119.015.000) 01/20 16:39:59 Finished transferring input files
...
001 (3342119.015.000) 01/20 16:40:00 Job executing on host: <128.142.61.52:9618?addrs=128.142.61.52-9618+[2001-1458-301-23--100-33]-9618&alias=b7s06p8124.cern.ch&noUDP&sock=startd_6071_c78e>
...
006 (3342119.015.000) 01/20 16:40:09 Image size of job updated: 268780
	203  -  MemoryUsage of job (MB)
	206880  -  ResidentSetSize of job (KB)
...
006 (3342119.015.000) 01/20 16:40:30 Image size of job updated: 1736524
	206  -  MemoryUsage of job (MB)
	210108  -  ResidentSetSize of job (KB)
...
040 (3342119.015.000) 01/20 16:40:35 Entered queue to transfer output files
...
040 (3342119.015.000) 01/20 16:49:47 Started transferring output files
...
040 (3342119.015.000) 01/20 16:49:47 Finished transferring output files
...
005 (3342119.015.000) 01/20 16:49:47 Job terminated.
	(1) Normal termination (return value 0)
		Usr 0 00:00:12, Sys 0 00:00:02  -  Run Remote Usage
		Usr 0 00:00:00, Sys 0 00:00:00  -  Run Local Usage
		Usr 0 00:00:12, Sys 0 00:00:02  -  Total Remote Usage
		Usr 0 00:00:00, Sys 0 00:00:00  -  Total Local Usage
	6140  -  Run Bytes Sent By Job
	11205  -  Run Bytes Received By Job
	6140  -  Total Bytes Sent By Job
	11205  -  Total Bytes Received By Job
	Partitionable Resources :    Usage  Request Allocated 
	   Cpus                 :        0        4         4 
	   Disk (KB)            :       38        1   1327093 
	   Memory (MB)          :      206     8000      8000 

	Job terminated of its own accord at 2022-01-20T15:40:30Z.
...
