000 (3314665.004.000) 01/11 17:14:15 Job submitted from host: <188.185.70.244:9618?addrs=188.185.70.244-9618+[2001-1458-d00-7--100-2ee]-9618&alias=bigbird10.cern.ch&noUDP&sock=schedd_7001_aea1>
...
040 (3314665.004.000) 01/11 20:19:25 Started transferring input files
	Transferring to host: <128.142.61.22:9618?addrs=128.142.61.22-9618+[2001-1458-301-23--100-15]-9618&alias=b7s06p4410.cern.ch&noUDP&sock=slot1_16_3594_0c4b_28898>
...
040 (3314665.004.000) 01/11 20:19:25 Finished transferring input files
...
001 (3314665.004.000) 01/11 20:19:26 Job executing on host: <128.142.61.22:9618?addrs=128.142.61.22-9618+[2001-1458-301-23--100-15]-9618&alias=b7s06p4410.cern.ch&noUDP&sock=startd_2949_58e1>
...
006 (3314665.004.000) 01/11 20:19:35 Image size of job updated: 320112
	155  -  MemoryUsage of job (MB)
	157820  -  ResidentSetSize of job (KB)
...
006 (3314665.004.000) 01/11 20:24:36 Image size of job updated: 2548852
	1046  -  MemoryUsage of job (MB)
	1070200  -  ResidentSetSize of job (KB)
...
006 (3314665.004.000) 01/11 20:29:37 Image size of job updated: 2565236
	1046  -  MemoryUsage of job (MB)
	1070200  -  ResidentSetSize of job (KB)
...
040 (3314665.004.000) 01/11 21:14:17 Started transferring output files
...
040 (3314665.004.000) 01/11 21:14:18 Finished transferring output files
...
005 (3314665.004.000) 01/11 21:14:18 Job terminated.
	(1) Normal termination (return value 0)
		Usr 0 00:10:23, Sys 0 00:00:07  -  Run Remote Usage
		Usr 0 00:00:00, Sys 0 00:00:00  -  Run Local Usage
		Usr 0 00:10:23, Sys 0 00:00:07  -  Total Remote Usage
		Usr 0 00:00:00, Sys 0 00:00:00  -  Total Local Usage
	19530468  -  Run Bytes Sent By Job
	10521  -  Run Bytes Received By Job
	19530468  -  Total Bytes Sent By Job
	10521  -  Total Bytes Received By Job
	Partitionable Resources :    Usage  Request Allocated 
	   Cpus                 :     0.08        4         4 
	   Disk (KB)            : 19106           1   1324031 
	   Memory (MB)          :  1046        8000      8000 

	Job terminated of its own accord at 2022-01-11T20:14:17Z.
...
