000 (3314662.008.000) 01/11 17:12:54 Job submitted from host: <188.185.70.244:9618?addrs=188.185.70.244-9618+[2001-1458-d00-7--100-2ee]-9618&alias=bigbird10.cern.ch&noUDP&sock=schedd_7001_aea1>
...
040 (3314662.008.000) 01/11 20:19:10 Started transferring input files
	Transferring to host: <128.142.58.88:9618?addrs=128.142.58.88-9618&alias=b7s03p7308.cern.ch&noUDP&sock=slot1_19_3615_d82c_8881>
...
040 (3314662.008.000) 01/11 20:19:10 Finished transferring input files
...
001 (3314662.008.000) 01/11 20:19:11 Job executing on host: <128.142.58.88:9618?addrs=128.142.58.88-9618&alias=b7s03p7308.cern.ch&noUDP&sock=startd_3563_8007>
...
006 (3314662.008.000) 01/11 20:19:20 Image size of job updated: 1283376
	155  -  MemoryUsage of job (MB)
	157844  -  ResidentSetSize of job (KB)
...
006 (3314662.008.000) 01/11 20:24:21 Image size of job updated: 2045196
	568  -  MemoryUsage of job (MB)
	580912  -  ResidentSetSize of job (KB)
...
006 (3314662.008.000) 01/11 20:44:23 Image size of job updated: 2192216
	713  -  MemoryUsage of job (MB)
	730024  -  ResidentSetSize of job (KB)
...
006 (3314662.008.000) 01/11 21:14:27 Image size of job updated: 2375380
	836  -  MemoryUsage of job (MB)
	855912  -  ResidentSetSize of job (KB)
...
006 (3314662.008.000) 01/11 21:24:27 Image size of job updated: 2632024
	1140  -  MemoryUsage of job (MB)
	1166908  -  ResidentSetSize of job (KB)
...
006 (3314662.008.000) 01/11 21:44:30 Image size of job updated: 2804972
	1244  -  MemoryUsage of job (MB)
	1273308  -  ResidentSetSize of job (KB)
...
006 (3314662.008.000) 01/11 21:54:31 Image size of job updated: 2804972
	1244  -  MemoryUsage of job (MB)
	1273312  -  ResidentSetSize of job (KB)
...
006 (3314662.008.000) 01/11 21:59:31 Image size of job updated: 3202148
	1502  -  MemoryUsage of job (MB)
	1537152  -  ResidentSetSize of job (KB)
...
006 (3314662.008.000) 01/11 22:14:32 Image size of job updated: 3530172
	1886  -  MemoryUsage of job (MB)
	1931260  -  ResidentSetSize of job (KB)
...
006 (3314662.008.000) 01/11 22:29:34 Image size of job updated: 3607392
	2094  -  MemoryUsage of job (MB)
	2143452  -  ResidentSetSize of job (KB)
...
006 (3314662.008.000) 01/11 22:44:36 Image size of job updated: 4318592
	2452  -  MemoryUsage of job (MB)
	2509916  -  ResidentSetSize of job (KB)
...
040 (3314662.008.000) 01/11 22:57:14 Started transferring output files
...
040 (3314662.008.000) 01/11 22:57:14 Finished transferring output files
...
005 (3314662.008.000) 01/11 22:57:14 Job terminated.
	(1) Normal termination (return value 0)
		Usr 0 00:12:33, Sys 0 00:00:35  -  Run Remote Usage
		Usr 0 00:00:00, Sys 0 00:00:00  -  Run Local Usage
		Usr 0 00:12:33, Sys 0 00:00:35  -  Total Remote Usage
		Usr 0 00:00:00, Sys 0 00:00:00  -  Total Local Usage
	189152  -  Run Bytes Sent By Job
	10522  -  Run Bytes Received By Job
	189152  -  Total Bytes Sent By Job
	10522  -  Total Bytes Received By Job
	Partitionable Resources :    Usage  Request Allocated 
	   Cpus                 :     0.05        4         4 
	   Disk (KB)            :   215           1   1310619 
	   Memory (MB)          :  2452        8000      8000 

	Job terminated of its own accord at 2022-01-11T21:57:10Z.
...
