000 (3338423.004.000) 01/19 19:04:03 Job submitted from host: <188.185.70.244:9618?addrs=188.185.70.244-9618+[2001-1458-d00-7--100-2ee]-9618&alias=bigbird10.cern.ch&noUDP&sock=schedd_7001_aea1>
...
040 (3338423.004.000) 01/19 20:56:50 Started transferring input files
	Transferring to host: <128.142.56.77:9618?addrs=128.142.56.77-9618+[2001-1458-301-6--100-4c]-9618&alias=b7s01p5417.cern.ch&noUDP&sock=slot1_52_3578_c64b_7622>
...
040 (3338423.004.000) 01/19 20:56:50 Finished transferring input files
...
001 (3338423.004.000) 01/19 20:56:51 Job executing on host: <128.142.56.77:9618?addrs=128.142.56.77-9618+[2001-1458-301-6--100-4c]-9618&alias=b7s01p5417.cern.ch&noUDP&sock=startd_3531_8cff>
...
006 (3338423.004.000) 01/19 20:57:00 Image size of job updated: 738112
	155  -  MemoryUsage of job (MB)
	157888  -  ResidentSetSize of job (KB)
...
006 (3338423.004.000) 01/19 21:02:01 Image size of job updated: 1740324
	279  -  MemoryUsage of job (MB)
	285364  -  ResidentSetSize of job (KB)
...
006 (3338423.004.000) 01/19 21:07:01 Image size of job updated: 1740324
	279  -  MemoryUsage of job (MB)
	285372  -  ResidentSetSize of job (KB)
...
006 (3338423.004.000) 01/19 21:12:02 Image size of job updated: 2182664
	627  -  MemoryUsage of job (MB)
	641272  -  ResidentSetSize of job (KB)
...
006 (3338423.004.000) 01/19 22:12:07 Image size of job updated: 2182664
	627  -  MemoryUsage of job (MB)
	641276  -  ResidentSetSize of job (KB)
...
006 (3338423.004.000) 01/19 22:32:10 Image size of job updated: 2485132
	944  -  MemoryUsage of job (MB)
	966656  -  ResidentSetSize of job (KB)
...
006 (3338423.004.000) 01/19 22:47:11 Image size of job updated: 2485132
	945  -  MemoryUsage of job (MB)
	966660  -  ResidentSetSize of job (KB)
...
006 (3338423.004.000) 01/19 22:57:12 Image size of job updated: 2809184
	1225  -  MemoryUsage of job (MB)
	1253752  -  ResidentSetSize of job (KB)
...
006 (3338423.004.000) 01/19 23:02:12 Image size of job updated: 2809184
	1225  -  MemoryUsage of job (MB)
	1253764  -  ResidentSetSize of job (KB)
...
006 (3338423.004.000) 01/19 23:07:13 Image size of job updated: 3391652
	1522  -  MemoryUsage of job (MB)
	1557600  -  ResidentSetSize of job (KB)
...
006 (3338423.004.000) 01/19 23:57:18 Image size of job updated: 4019468
	1971  -  MemoryUsage of job (MB)
	2017364  -  ResidentSetSize of job (KB)
...
006 (3338423.004.000) 01/20 00:47:23 Image size of job updated: 4347660
	2423  -  MemoryUsage of job (MB)
	2480616  -  ResidentSetSize of job (KB)
...
006 (3338423.004.000) 01/20 02:37:36 Image size of job updated: 4855088
	2844  -  MemoryUsage of job (MB)
	2912216  -  ResidentSetSize of job (KB)
...
040 (3338423.004.000) 01/20 04:57:14 Started transferring output files
...
040 (3338423.004.000) 01/20 04:57:14 Finished transferring output files
...
009 (3338423.004.000) 01/20 04:57:15 Job was aborted.
	Job removed by SYSTEM_PERIODIC_REMOVE due to wall time exceeded allowed max.
...
