000 (3345270.015.000) 01/24 12:58:53 Job submitted from host: <188.185.70.244:9618?addrs=188.185.70.244-9618+[2001-1458-d00-7--100-2ee]-9618&alias=bigbird10.cern.ch&noUDP&sock=schedd_7001_aea1>
...
040 (3345270.015.000) 01/24 13:11:42 Started transferring input files
	Transferring to host: <128.142.248.234:9618?addrs=128.142.248.234-9618+[2001-1458-301-73--100-e9]-9618&alias=b7g23p9876.cern.ch&noUDP&sock=slot1_20_3561_cbea_29409>
...
040 (3345270.015.000) 01/24 13:11:42 Finished transferring input files
...
001 (3345270.015.000) 01/24 13:11:43 Job executing on host: <128.142.248.234:9618?addrs=128.142.248.234-9618+[2001-1458-301-73--100-e9]-9618&alias=b7g23p9876.cern.ch&noUDP&sock=startd_3186_e8d3>
...
006 (3345270.015.000) 01/24 13:11:52 Image size of job updated: 409408
	87  -  MemoryUsage of job (MB)
	89060  -  ResidentSetSize of job (KB)
...
006 (3345270.015.000) 01/24 13:12:09 Image size of job updated: 1659128
	88  -  MemoryUsage of job (MB)
	89200  -  ResidentSetSize of job (KB)
...
040 (3345270.015.000) 01/24 13:12:09 Started transferring output files
...
040 (3345270.015.000) 01/24 13:12:09 Finished transferring output files
...
005 (3345270.015.000) 01/24 13:12:09 Job terminated.
	(1) Normal termination (return value 1)
		Usr 0 00:00:07, Sys 0 00:00:02  -  Run Remote Usage
		Usr 0 00:00:00, Sys 0 00:00:00  -  Run Local Usage
		Usr 0 00:00:07, Sys 0 00:00:02  -  Total Remote Usage
		Usr 0 00:00:00, Sys 0 00:00:00  -  Total Local Usage
	6468  -  Run Bytes Sent By Job
	11208  -  Run Bytes Received By Job
	6468  -  Total Bytes Sent By Job
	11208  -  Total Bytes Received By Job
	Partitionable Resources :    Usage  Request Allocated 
	   Cpus                 :                 4         4 
	   Disk (KB)            :       32        1   2903765 
	   Memory (MB)          :       88     8000      8000 

	Job terminated of its own accord at 2022-01-24T12:12:09Z.
...
