000 (3315602.003.000) 01/12 18:56:18 Job submitted from host: <188.185.70.244:9618?addrs=188.185.70.244-9618+[2001-1458-d00-7--100-2ee]-9618&alias=bigbird10.cern.ch&noUDP&sock=schedd_7001_aea1>
...
040 (3315602.003.000) 01/13 02:09:05 Started transferring input files
	Transferring to host: <188.184.164.84:9618?addrs=188.184.164.84-9618&alias=b7s13p6671.cern.ch&noUDP&sock=slot1_14_4650_1876_26564>
...
040 (3315602.003.000) 01/13 02:09:05 Finished transferring input files
...
001 (3315602.003.000) 01/13 02:09:06 Job executing on host: <188.184.164.84:9618?addrs=188.184.164.84-9618&alias=b7s13p6671.cern.ch&noUDP&sock=startd_4467_91a5>
...
006 (3315602.003.000) 01/13 02:09:15 Image size of job updated: 452252
	17  -  MemoryUsage of job (MB)
	16644  -  ResidentSetSize of job (KB)
...
006 (3315602.003.000) 01/13 02:14:15 Image size of job updated: 1711252
	247  -  MemoryUsage of job (MB)
	252156  -  ResidentSetSize of job (KB)
...
006 (3315602.003.000) 01/13 02:19:15 Image size of job updated: 2542448
	1042  -  MemoryUsage of job (MB)
	1066892  -  ResidentSetSize of job (KB)
...
006 (3315602.003.000) 01/13 02:24:16 Image size of job updated: 2558832
	1058  -  MemoryUsage of job (MB)
	1083276  -  ResidentSetSize of job (KB)
...
006 (3315602.003.000) 01/13 02:29:16 Image size of job updated: 2823164
	1058  -  MemoryUsage of job (MB)
	1083276  -  ResidentSetSize of job (KB)
...
040 (3315602.003.000) 01/13 02:53:32 Started transferring output files
...
040 (3315602.003.000) 01/13 02:53:35 Finished transferring output files
...
005 (3315602.003.000) 01/13 02:53:35 Job terminated.
	(1) Normal termination (return value 0)
		Usr 0 00:18:22, Sys 0 00:00:06  -  Run Remote Usage
		Usr 0 00:00:00, Sys 0 00:00:00  -  Run Local Usage
		Usr 0 00:18:22, Sys 0 00:00:06  -  Total Remote Usage
		Usr 0 00:00:00, Sys 0 00:00:00  -  Total Local Usage
	19530394  -  Run Bytes Sent By Job
	10521  -  Run Bytes Received By Job
	19530394  -  Total Bytes Sent By Job
	10521  -  Total Bytes Received By Job
	Partitionable Resources :    Usage  Request Allocated 
	   Cpus                 :     0.00        4         4 
	   Disk (KB)            : 19107           1   3074730 
	   Memory (MB)          :  1058        8000      8000 

	Job terminated of its own accord at 2022-01-13T01:53:32Z.
...
