000 (3346193.002.000) 01/24 15:09:39 Job submitted from host: <188.185.70.244:9618?addrs=188.185.70.244-9618+[2001-1458-d00-7--100-2ee]-9618&alias=bigbird10.cern.ch&noUDP&sock=schedd_7001_aea1>
...
040 (3346193.002.000) 01/24 15:14:04 Started transferring input files
	Transferring to host: <188.184.164.34:9618?addrs=188.184.164.34-9618&alias=b7s13p5122.cern.ch&noUDP&sock=slot1_13_4796_f73c_38341>
...
040 (3346193.002.000) 01/24 15:14:04 Finished transferring input files
...
001 (3346193.002.000) 01/24 15:14:05 Job executing on host: <188.184.164.34:9618?addrs=188.184.164.34-9618&alias=b7s13p5122.cern.ch&noUDP&sock=startd_4552_df32>
...
006 (3346193.002.000) 01/24 15:14:13 Image size of job updated: 459972
	155  -  MemoryUsage of job (MB)
	157912  -  ResidentSetSize of job (KB)
...
006 (3346193.002.000) 01/24 15:14:37 Image size of job updated: 1748456
	155  -  MemoryUsage of job (MB)
	157912  -  ResidentSetSize of job (KB)
...
040 (3346193.002.000) 01/24 15:14:37 Started transferring output files
...
040 (3346193.002.000) 01/24 15:14:37 Finished transferring output files
...
005 (3346193.002.000) 01/24 15:14:37 Job terminated.
	(1) Normal termination (return value 0)
		Usr 0 00:00:14, Sys 0 00:00:03  -  Run Remote Usage
		Usr 0 00:00:00, Sys 0 00:00:00  -  Run Local Usage
		Usr 0 00:00:14, Sys 0 00:00:03  -  Total Remote Usage
		Usr 0 00:00:00, Sys 0 00:00:00  -  Total Local Usage
	1200  -  Run Bytes Sent By Job
	11205  -  Run Bytes Received By Job
	1200  -  Total Bytes Sent By Job
	11205  -  Total Bytes Received By Job
	Partitionable Resources :    Usage  Request Allocated 
	   Cpus                 :                 4         4 
	   Disk (KB)            :       29        1   2994144 
	   Memory (MB)          :      155     8000      8000 

	Job terminated of its own accord at 2022-01-24T14:14:37Z.
...
